<?xml version="1.0" encoding="UTF-8"?>
<testsuites>
  <testsuite name="/app/phpunit-ci.xml" tests="981" assertions="14980" errors="0" failures="0" skipped="0" time="336.282333">
    <testsuite name="Unit" tests="174" assertions="289" errors="0" failures="0" skipped="0" time="10.711146">
      <testsuite name="Tests\Unit\Playground\Lead\Resource\Http\Requests\Campaign\CreateRequestTest" file="/app/tests/Unit/Http/Requests/Campaign/CreateRequestTest.php" tests="1" assertions="1" errors="0" failures="0" skipped="0" time="0.355032">
        <testcase name="test_request_instance" file="/app/vendor/gammamatrix/playground-test/src/Unit/Http/Requests/RequestCase.php" line="41" class="Tests\Unit\Playground\Lead\Resource\Http\Requests\Campaign\CreateRequestTest" classname="Tests.Unit.Playground.Lead.Resource.Http.Requests.Campaign.CreateRequestTest" assertions="1" time="0.355032"/>
      </testsuite>
      <testsuite name="Tests\Unit\Playground\Lead\Resource\Http\Requests\Campaign\DestroyRequestTest" file="/app/tests/Unit/Http/Requests/Campaign/DestroyRequestTest.php" tests="1" assertions="1" errors="0" failures="0" skipped="0" time="0.051423">
        <testcase name="test_request_instance" file="/app/vendor/gammamatrix/playground-test/src/Unit/Http/Requests/RequestCase.php" line="41" class="Tests\Unit\Playground\Lead\Resource\Http\Requests\Campaign\DestroyRequestTest" classname="Tests.Unit.Playground.Lead.Resource.Http.Requests.Campaign.DestroyRequestTest" assertions="1" time="0.051423"/>
      </testsuite>
      <testsuite name="Tests\Unit\Playground\Lead\Resource\Http\Requests\Campaign\EditRequestTest" file="/app/tests/Unit/Http/Requests/Campaign/EditRequestTest.php" tests="1" assertions="1" errors="0" failures="0" skipped="0" time="0.070903">
        <testcase name="test_request_instance" file="/app/vendor/gammamatrix/playground-test/src/Unit/Http/Requests/RequestCase.php" line="41" class="Tests\Unit\Playground\Lead\Resource\Http\Requests\Campaign\EditRequestTest" classname="Tests.Unit.Playground.Lead.Resource.Http.Requests.Campaign.EditRequestTest" assertions="1" time="0.070903"/>
      </testsuite>
      <testsuite name="Tests\Unit\Playground\Lead\Resource\Http\Requests\Campaign\IndexRequestTest" file="/app/tests/Unit/Http/Requests/Campaign/IndexRequestTest.php" tests="1" assertions="1" errors="0" failures="0" skipped="0" time="0.137686">
        <testcase name="test_request_instance" file="/app/vendor/gammamatrix/playground-test/src/Unit/Http/Requests/RequestCase.php" line="41" class="Tests\Unit\Playground\Lead\Resource\Http\Requests\Campaign\IndexRequestTest" classname="Tests.Unit.Playground.Lead.Resource.Http.Requests.Campaign.IndexRequestTest" assertions="1" time="0.137686"/>
      </testsuite>
      <testsuite name="Tests\Unit\Playground\Lead\Resource\Http\Requests\Campaign\LockRequestTest" file="/app/tests/Unit/Http/Requests/Campaign/LockRequestTest.php" tests="1" assertions="1" errors="0" failures="0" skipped="0" time="0.048673">
        <testcase name="test_request_instance" file="/app/vendor/gammamatrix/playground-test/src/Unit/Http/Requests/RequestCase.php" line="41" class="Tests\Unit\Playground\Lead\Resource\Http\Requests\Campaign\LockRequestTest" classname="Tests.Unit.Playground.Lead.Resource.Http.Requests.Campaign.LockRequestTest" assertions="1" time="0.048673"/>
      </testsuite>
      <testsuite name="Tests\Unit\Playground\Lead\Resource\Http\Requests\Campaign\RestoreRequestTest" file="/app/tests/Unit/Http/Requests/Campaign/RestoreRequestTest.php" tests="1" assertions="1" errors="0" failures="0" skipped="0" time="0.046908">
        <testcase name="test_request_instance" file="/app/vendor/gammamatrix/playground-test/src/Unit/Http/Requests/RequestCase.php" line="41" class="Tests\Unit\Playground\Lead\Resource\Http\Requests\Campaign\RestoreRequestTest" classname="Tests.Unit.Playground.Lead.Resource.Http.Requests.Campaign.RestoreRequestTest" assertions="1" time="0.046908"/>
      </testsuite>
      <testsuite name="Tests\Unit\Playground\Lead\Resource\Http\Requests\Campaign\ShowRequestTest" file="/app/tests/Unit/Http/Requests/Campaign/ShowRequestTest.php" tests="1" assertions="1" errors="0" failures="0" skipped="0" time="0.047533">
        <testcase name="test_request_instance" file="/app/vendor/gammamatrix/playground-test/src/Unit/Http/Requests/RequestCase.php" line="41" class="Tests\Unit\Playground\Lead\Resource\Http\Requests\Campaign\ShowRequestTest" classname="Tests.Unit.Playground.Lead.Resource.Http.Requests.Campaign.ShowRequestTest" assertions="1" time="0.047533"/>
      </testsuite>
      <testsuite name="Tests\Unit\Playground\Lead\Resource\Http\Requests\Campaign\StoreRequestTest" file="/app/tests/Unit/Http/Requests/Campaign/StoreRequestTest.php" tests="3" assertions="8" errors="0" failures="0" skipped="0" time="0.167997">
        <testcase name="test_request_instance" file="/app/vendor/gammamatrix/playground-test/src/Unit/Http/Requests/RequestCase.php" line="41" class="Tests\Unit\Playground\Lead\Resource\Http\Requests\Campaign\StoreRequestTest" classname="Tests.Unit.Playground.Lead.Resource.Http.Requests.Campaign.StoreRequestTest" assertions="1" time="0.072929"/>
        <testcase name="test_StoreRequest_rules_with_optional_revisions_disabled" file="/app/tests/Unit/Http/Requests/Campaign/StoreRequestTest.php" line="19" class="Tests\Unit\Playground\Lead\Resource\Http\Requests\Campaign\StoreRequestTest" classname="Tests.Unit.Playground.Lead.Resource.Http.Requests.Campaign.StoreRequestTest" assertions="3" time="0.047190"/>
        <testcase name="test_StoreRequest_rules_with_optional_revisions_enabled" file="/app/tests/Unit/Http/Requests/Campaign/StoreRequestTest.php" line="29" class="Tests\Unit\Playground\Lead\Resource\Http\Requests\Campaign\StoreRequestTest" classname="Tests.Unit.Playground.Lead.Resource.Http.Requests.Campaign.StoreRequestTest" assertions="4" time="0.047878"/>
      </testsuite>
      <testsuite name="Tests\Unit\Playground\Lead\Resource\Http\Requests\Campaign\UnlockRequestTest" file="/app/tests/Unit/Http/Requests/Campaign/UnlockRequestTest.php" tests="1" assertions="1" errors="0" failures="0" skipped="0" time="0.047215">
        <testcase name="test_request_instance" file="/app/vendor/gammamatrix/playground-test/src/Unit/Http/Requests/RequestCase.php" line="41" class="Tests\Unit\Playground\Lead\Resource\Http\Requests\Campaign\UnlockRequestTest" classname="Tests.Unit.Playground.Lead.Resource.Http.Requests.Campaign.UnlockRequestTest" assertions="1" time="0.047215"/>
      </testsuite>
      <testsuite name="Tests\Unit\Playground\Lead\Resource\Http\Requests\Campaign\UpdateRequestTest" file="/app/tests/Unit/Http/Requests/Campaign/UpdateRequestTest.php" tests="3" assertions="8" errors="0" failures="0" skipped="0" time="0.168994">
        <testcase name="test_request_instance" file="/app/vendor/gammamatrix/playground-test/src/Unit/Http/Requests/RequestCase.php" line="41" class="Tests\Unit\Playground\Lead\Resource\Http\Requests\Campaign\UpdateRequestTest" classname="Tests.Unit.Playground.Lead.Resource.Http.Requests.Campaign.UpdateRequestTest" assertions="1" time="0.074098"/>
        <testcase name="test_UpdateRequest_rules_with_optional_revisions_disabled" file="/app/tests/Unit/Http/Requests/Campaign/UpdateRequestTest.php" line="19" class="Tests\Unit\Playground\Lead\Resource\Http\Requests\Campaign\UpdateRequestTest" classname="Tests.Unit.Playground.Lead.Resource.Http.Requests.Campaign.UpdateRequestTest" assertions="3" time="0.048253"/>
        <testcase name="test_UpdateRequest_rules_with_optional_revisions_enabled" file="/app/tests/Unit/Http/Requests/Campaign/UpdateRequestTest.php" line="29" class="Tests\Unit\Playground\Lead\Resource\Http\Requests\Campaign\UpdateRequestTest" classname="Tests.Unit.Playground.Lead.Resource.Http.Requests.Campaign.UpdateRequestTest" assertions="4" time="0.046643"/>
      </testsuite>
      <testsuite name="Tests\Unit\Playground\Lead\Resource\Http\Requests\FormRequest\InstanceTest" file="/app/tests/Unit/Http/Requests/FormRequest/InstanceTest.php" tests="5" assertions="6" errors="0" failures="0" skipped="0" time="0.260243">
        <testcase name="test_FormRequest_authorize_without_user" file="/app/tests/Unit/Http/Requests/FormRequest/InstanceTest.php" line="21" class="Tests\Unit\Playground\Lead\Resource\Http\Requests\FormRequest\InstanceTest" classname="Tests.Unit.Playground.Lead.Resource.Http.Requests.FormRequest.InstanceTest" assertions="1" time="0.044976"/>
        <testcase name="test_RULES_is_empty_by_default" file="/app/tests/Unit/Http/Requests/FormRequest/InstanceTest.php" line="28" class="Tests\Unit\Playground\Lead\Resource\Http\Requests\FormRequest\InstanceTest" classname="Tests.Unit.Playground.Lead.Resource.Http.Requests.FormRequest.InstanceTest" assertions="2" time="0.046253"/>
        <testcase name="test_userHasAdminPrivileges_without_user" file="/app/tests/Unit/Http/Requests/FormRequest/InstanceTest.php" line="36" class="Tests\Unit\Playground\Lead\Resource\Http\Requests\FormRequest\InstanceTest" classname="Tests.Unit.Playground.Lead.Resource.Http.Requests.FormRequest.InstanceTest" assertions="1" time="0.046851"/>
        <testcase name="test_userHasAdminPrivileges_with_admin" file="/app/tests/Unit/Http/Requests/FormRequest/InstanceTest.php" line="43" class="Tests\Unit\Playground\Lead\Resource\Http\Requests\FormRequest\InstanceTest" classname="Tests.Unit.Playground.Lead.Resource.Http.Requests.FormRequest.InstanceTest" assertions="1" time="0.071587"/>
        <testcase name="test_userHasAdminPrivileges_with_default_laravel_user" file="/app/tests/Unit/Http/Requests/FormRequest/InstanceTest.php" line="55" class="Tests\Unit\Playground\Lead\Resource\Http\Requests\FormRequest\InstanceTest" classname="Tests.Unit.Playground.Lead.Resource.Http.Requests.FormRequest.InstanceTest" assertions="1" time="0.050576"/>
      </testsuite>
      <testsuite name="Tests\Unit\Playground\Lead\Resource\Http\Requests\Goal\CreateRequestTest" file="/app/tests/Unit/Http/Requests/Goal/CreateRequestTest.php" tests="1" assertions="1" errors="0" failures="0" skipped="0" time="0.073959">
        <testcase name="test_request_instance" file="/app/vendor/gammamatrix/playground-test/src/Unit/Http/Requests/RequestCase.php" line="41" class="Tests\Unit\Playground\Lead\Resource\Http\Requests\Goal\CreateRequestTest" classname="Tests.Unit.Playground.Lead.Resource.Http.Requests.Goal.CreateRequestTest" assertions="1" time="0.073959"/>
      </testsuite>
      <testsuite name="Tests\Unit\Playground\Lead\Resource\Http\Requests\Goal\DestroyRequestTest" file="/app/tests/Unit/Http/Requests/Goal/DestroyRequestTest.php" tests="1" assertions="1" errors="0" failures="0" skipped="0" time="0.049173">
        <testcase name="test_request_instance" file="/app/vendor/gammamatrix/playground-test/src/Unit/Http/Requests/RequestCase.php" line="41" class="Tests\Unit\Playground\Lead\Resource\Http\Requests\Goal\DestroyRequestTest" classname="Tests.Unit.Playground.Lead.Resource.Http.Requests.Goal.DestroyRequestTest" assertions="1" time="0.049173"/>
      </testsuite>
      <testsuite name="Tests\Unit\Playground\Lead\Resource\Http\Requests\Goal\EditRequestTest" file="/app/tests/Unit/Http/Requests/Goal/EditRequestTest.php" tests="1" assertions="1" errors="0" failures="0" skipped="0" time="0.069246">
        <testcase name="test_request_instance" file="/app/vendor/gammamatrix/playground-test/src/Unit/Http/Requests/RequestCase.php" line="41" class="Tests\Unit\Playground\Lead\Resource\Http\Requests\Goal\EditRequestTest" classname="Tests.Unit.Playground.Lead.Resource.Http.Requests.Goal.EditRequestTest" assertions="1" time="0.069246"/>
      </testsuite>
      <testsuite name="Tests\Unit\Playground\Lead\Resource\Http\Requests\Goal\IndexRequestTest" file="/app/tests/Unit/Http/Requests/Goal/IndexRequestTest.php" tests="1" assertions="1" errors="0" failures="0" skipped="0" time="0.134635">
        <testcase name="test_request_instance" file="/app/vendor/gammamatrix/playground-test/src/Unit/Http/Requests/RequestCase.php" line="41" class="Tests\Unit\Playground\Lead\Resource\Http\Requests\Goal\IndexRequestTest" classname="Tests.Unit.Playground.Lead.Resource.Http.Requests.Goal.IndexRequestTest" assertions="1" time="0.134635"/>
      </testsuite>
      <testsuite name="Tests\Unit\Playground\Lead\Resource\Http\Requests\Goal\LockRequestTest" file="/app/tests/Unit/Http/Requests/Goal/LockRequestTest.php" tests="1" assertions="1" errors="0" failures="0" skipped="0" time="0.049537">
        <testcase name="test_request_instance" file="/app/vendor/gammamatrix/playground-test/src/Unit/Http/Requests/RequestCase.php" line="41" class="Tests\Unit\Playground\Lead\Resource\Http\Requests\Goal\LockRequestTest" classname="Tests.Unit.Playground.Lead.Resource.Http.Requests.Goal.LockRequestTest" assertions="1" time="0.049537"/>
      </testsuite>
      <testsuite name="Tests\Unit\Playground\Lead\Resource\Http\Requests\Goal\RestoreRequestTest" file="/app/tests/Unit/Http/Requests/Goal/RestoreRequestTest.php" tests="1" assertions="1" errors="0" failures="0" skipped="0" time="0.047270">
        <testcase name="test_request_instance" file="/app/vendor/gammamatrix/playground-test/src/Unit/Http/Requests/RequestCase.php" line="41" class="Tests\Unit\Playground\Lead\Resource\Http\Requests\Goal\RestoreRequestTest" classname="Tests.Unit.Playground.Lead.Resource.Http.Requests.Goal.RestoreRequestTest" assertions="1" time="0.047270"/>
      </testsuite>
      <testsuite name="Tests\Unit\Playground\Lead\Resource\Http\Requests\Goal\ShowRequestTest" file="/app/tests/Unit/Http/Requests/Goal/ShowRequestTest.php" tests="1" assertions="1" errors="0" failures="0" skipped="0" time="0.046854">
        <testcase name="test_request_instance" file="/app/vendor/gammamatrix/playground-test/src/Unit/Http/Requests/RequestCase.php" line="41" class="Tests\Unit\Playground\Lead\Resource\Http\Requests\Goal\ShowRequestTest" classname="Tests.Unit.Playground.Lead.Resource.Http.Requests.Goal.ShowRequestTest" assertions="1" time="0.046854"/>
      </testsuite>
      <testsuite name="Tests\Unit\Playground\Lead\Resource\Http\Requests\Goal\StoreRequestTest" file="/app/tests/Unit/Http/Requests/Goal/StoreRequestTest.php" tests="3" assertions="8" errors="0" failures="0" skipped="0" time="0.164119">
        <testcase name="test_request_instance" file="/app/vendor/gammamatrix/playground-test/src/Unit/Http/Requests/RequestCase.php" line="41" class="Tests\Unit\Playground\Lead\Resource\Http\Requests\Goal\StoreRequestTest" classname="Tests.Unit.Playground.Lead.Resource.Http.Requests.Goal.StoreRequestTest" assertions="1" time="0.071976"/>
        <testcase name="test_StoreRequest_rules_with_optional_revisions_disabled" file="/app/tests/Unit/Http/Requests/Goal/StoreRequestTest.php" line="19" class="Tests\Unit\Playground\Lead\Resource\Http\Requests\Goal\StoreRequestTest" classname="Tests.Unit.Playground.Lead.Resource.Http.Requests.Goal.StoreRequestTest" assertions="3" time="0.046267"/>
        <testcase name="test_StoreRequest_rules_with_optional_revisions_enabled" file="/app/tests/Unit/Http/Requests/Goal/StoreRequestTest.php" line="29" class="Tests\Unit\Playground\Lead\Resource\Http\Requests\Goal\StoreRequestTest" classname="Tests.Unit.Playground.Lead.Resource.Http.Requests.Goal.StoreRequestTest" assertions="4" time="0.045876"/>
      </testsuite>
      <testsuite name="Tests\Unit\Playground\Lead\Resource\Http\Requests\Goal\UnlockRequestTest" file="/app/tests/Unit/Http/Requests/Goal/UnlockRequestTest.php" tests="1" assertions="1" errors="0" failures="0" skipped="0" time="0.047176">
        <testcase name="test_request_instance" file="/app/vendor/gammamatrix/playground-test/src/Unit/Http/Requests/RequestCase.php" line="41" class="Tests\Unit\Playground\Lead\Resource\Http\Requests\Goal\UnlockRequestTest" classname="Tests.Unit.Playground.Lead.Resource.Http.Requests.Goal.UnlockRequestTest" assertions="1" time="0.047176"/>
      </testsuite>
      <testsuite name="Tests\Unit\Playground\Lead\Resource\Http\Requests\Goal\UpdateRequestTest" file="/app/tests/Unit/Http/Requests/Goal/UpdateRequestTest.php" tests="3" assertions="8" errors="0" failures="0" skipped="0" time="0.166087">
        <testcase name="test_request_instance" file="/app/vendor/gammamatrix/playground-test/src/Unit/Http/Requests/RequestCase.php" line="41" class="Tests\Unit\Playground\Lead\Resource\Http\Requests\Goal\UpdateRequestTest" classname="Tests.Unit.Playground.Lead.Resource.Http.Requests.Goal.UpdateRequestTest" assertions="1" time="0.072580"/>
        <testcase name="test_UpdateRequest_rules_with_optional_revisions_disabled" file="/app/tests/Unit/Http/Requests/Goal/UpdateRequestTest.php" line="19" class="Tests\Unit\Playground\Lead\Resource\Http\Requests\Goal\UpdateRequestTest" classname="Tests.Unit.Playground.Lead.Resource.Http.Requests.Goal.UpdateRequestTest" assertions="3" time="0.047815"/>
        <testcase name="test_UpdateRequest_rules_with_optional_revisions_enabled" file="/app/tests/Unit/Http/Requests/Goal/UpdateRequestTest.php" line="29" class="Tests\Unit\Playground\Lead\Resource\Http\Requests\Goal\UpdateRequestTest" classname="Tests.Unit.Playground.Lead.Resource.Http.Requests.Goal.UpdateRequestTest" assertions="4" time="0.045693"/>
      </testsuite>
      <testsuite name="Tests\Unit\Playground\Lead\Resource\Http\Requests\Lead\CreateRequestTest" file="/app/tests/Unit/Http/Requests/Lead/CreateRequestTest.php" tests="1" assertions="1" errors="0" failures="0" skipped="0" time="0.068171">
        <testcase name="test_request_instance" file="/app/vendor/gammamatrix/playground-test/src/Unit/Http/Requests/RequestCase.php" line="41" class="Tests\Unit\Playground\Lead\Resource\Http\Requests\Lead\CreateRequestTest" classname="Tests.Unit.Playground.Lead.Resource.Http.Requests.Lead.CreateRequestTest" assertions="1" time="0.068171"/>
      </testsuite>
      <testsuite name="Tests\Unit\Playground\Lead\Resource\Http\Requests\Lead\DestroyRequestTest" file="/app/tests/Unit/Http/Requests/Lead/DestroyRequestTest.php" tests="1" assertions="1" errors="0" failures="0" skipped="0" time="0.049082">
        <testcase name="test_request_instance" file="/app/vendor/gammamatrix/playground-test/src/Unit/Http/Requests/RequestCase.php" line="41" class="Tests\Unit\Playground\Lead\Resource\Http\Requests\Lead\DestroyRequestTest" classname="Tests.Unit.Playground.Lead.Resource.Http.Requests.Lead.DestroyRequestTest" assertions="1" time="0.049082"/>
      </testsuite>
      <testsuite name="Tests\Unit\Playground\Lead\Resource\Http\Requests\Lead\EditRequestTest" file="/app/tests/Unit/Http/Requests/Lead/EditRequestTest.php" tests="1" assertions="1" errors="0" failures="0" skipped="0" time="0.075043">
        <testcase name="test_request_instance" file="/app/vendor/gammamatrix/playground-test/src/Unit/Http/Requests/RequestCase.php" line="41" class="Tests\Unit\Playground\Lead\Resource\Http\Requests\Lead\EditRequestTest" classname="Tests.Unit.Playground.Lead.Resource.Http.Requests.Lead.EditRequestTest" assertions="1" time="0.075043"/>
      </testsuite>
      <testsuite name="Tests\Unit\Playground\Lead\Resource\Http\Requests\Lead\IndexRequestTest" file="/app/tests/Unit/Http/Requests/Lead/IndexRequestTest.php" tests="1" assertions="1" errors="0" failures="0" skipped="0" time="0.136001">
        <testcase name="test_request_instance" file="/app/vendor/gammamatrix/playground-test/src/Unit/Http/Requests/RequestCase.php" line="41" class="Tests\Unit\Playground\Lead\Resource\Http\Requests\Lead\IndexRequestTest" classname="Tests.Unit.Playground.Lead.Resource.Http.Requests.Lead.IndexRequestTest" assertions="1" time="0.136001"/>
      </testsuite>
      <testsuite name="Tests\Unit\Playground\Lead\Resource\Http\Requests\Lead\LockRequestTest" file="/app/tests/Unit/Http/Requests/Lead/LockRequestTest.php" tests="1" assertions="1" errors="0" failures="0" skipped="0" time="0.048614">
        <testcase name="test_request_instance" file="/app/vendor/gammamatrix/playground-test/src/Unit/Http/Requests/RequestCase.php" line="41" class="Tests\Unit\Playground\Lead\Resource\Http\Requests\Lead\LockRequestTest" classname="Tests.Unit.Playground.Lead.Resource.Http.Requests.Lead.LockRequestTest" assertions="1" time="0.048614"/>
      </testsuite>
      <testsuite name="Tests\Unit\Playground\Lead\Resource\Http\Requests\Lead\RestoreRequestTest" file="/app/tests/Unit/Http/Requests/Lead/RestoreRequestTest.php" tests="1" assertions="1" errors="0" failures="0" skipped="0" time="0.050091">
        <testcase name="test_request_instance" file="/app/vendor/gammamatrix/playground-test/src/Unit/Http/Requests/RequestCase.php" line="41" class="Tests\Unit\Playground\Lead\Resource\Http\Requests\Lead\RestoreRequestTest" classname="Tests.Unit.Playground.Lead.Resource.Http.Requests.Lead.RestoreRequestTest" assertions="1" time="0.050091"/>
      </testsuite>
      <testsuite name="Tests\Unit\Playground\Lead\Resource\Http\Requests\Lead\ShowRequestTest" file="/app/tests/Unit/Http/Requests/Lead/ShowRequestTest.php" tests="1" assertions="1" errors="0" failures="0" skipped="0" time="0.047171">
        <testcase name="test_request_instance" file="/app/vendor/gammamatrix/playground-test/src/Unit/Http/Requests/RequestCase.php" line="41" class="Tests\Unit\Playground\Lead\Resource\Http\Requests\Lead\ShowRequestTest" classname="Tests.Unit.Playground.Lead.Resource.Http.Requests.Lead.ShowRequestTest" assertions="1" time="0.047171"/>
      </testsuite>
      <testsuite name="Tests\Unit\Playground\Lead\Resource\Http\Requests\Lead\StoreRequestTest" file="/app/tests/Unit/Http/Requests/Lead/StoreRequestTest.php" tests="3" assertions="8" errors="0" failures="0" skipped="0" time="0.163266">
        <testcase name="test_request_instance" file="/app/vendor/gammamatrix/playground-test/src/Unit/Http/Requests/RequestCase.php" line="41" class="Tests\Unit\Playground\Lead\Resource\Http\Requests\Lead\StoreRequestTest" classname="Tests.Unit.Playground.Lead.Resource.Http.Requests.Lead.StoreRequestTest" assertions="1" time="0.071778"/>
        <testcase name="test_StoreRequest_rules_with_optional_revisions_disabled" file="/app/tests/Unit/Http/Requests/Lead/StoreRequestTest.php" line="19" class="Tests\Unit\Playground\Lead\Resource\Http\Requests\Lead\StoreRequestTest" classname="Tests.Unit.Playground.Lead.Resource.Http.Requests.Lead.StoreRequestTest" assertions="3" time="0.045861"/>
        <testcase name="test_StoreRequest_rules_with_optional_revisions_enabled" file="/app/tests/Unit/Http/Requests/Lead/StoreRequestTest.php" line="29" class="Tests\Unit\Playground\Lead\Resource\Http\Requests\Lead\StoreRequestTest" classname="Tests.Unit.Playground.Lead.Resource.Http.Requests.Lead.StoreRequestTest" assertions="4" time="0.045626"/>
      </testsuite>
      <testsuite name="Tests\Unit\Playground\Lead\Resource\Http\Requests\Lead\UnlockRequestTest" file="/app/tests/Unit/Http/Requests/Lead/UnlockRequestTest.php" tests="1" assertions="1" errors="0" failures="0" skipped="0" time="0.047055">
        <testcase name="test_request_instance" file="/app/vendor/gammamatrix/playground-test/src/Unit/Http/Requests/RequestCase.php" line="41" class="Tests\Unit\Playground\Lead\Resource\Http\Requests\Lead\UnlockRequestTest" classname="Tests.Unit.Playground.Lead.Resource.Http.Requests.Lead.UnlockRequestTest" assertions="1" time="0.047055"/>
      </testsuite>
      <testsuite name="Tests\Unit\Playground\Lead\Resource\Http\Requests\Lead\UpdateRequestTest" file="/app/tests/Unit/Http/Requests/Lead/UpdateRequestTest.php" tests="3" assertions="8" errors="0" failures="0" skipped="0" time="0.166890">
        <testcase name="test_request_instance" file="/app/vendor/gammamatrix/playground-test/src/Unit/Http/Requests/RequestCase.php" line="41" class="Tests\Unit\Playground\Lead\Resource\Http\Requests\Lead\UpdateRequestTest" classname="Tests.Unit.Playground.Lead.Resource.Http.Requests.Lead.UpdateRequestTest" assertions="1" time="0.071829"/>
        <testcase name="test_UpdateRequest_rules_with_optional_revisions_disabled" file="/app/tests/Unit/Http/Requests/Lead/UpdateRequestTest.php" line="19" class="Tests\Unit\Playground\Lead\Resource\Http\Requests\Lead\UpdateRequestTest" classname="Tests.Unit.Playground.Lead.Resource.Http.Requests.Lead.UpdateRequestTest" assertions="3" time="0.048205"/>
        <testcase name="test_UpdateRequest_rules_with_optional_revisions_enabled" file="/app/tests/Unit/Http/Requests/Lead/UpdateRequestTest.php" line="29" class="Tests\Unit\Playground\Lead\Resource\Http\Requests\Lead\UpdateRequestTest" classname="Tests.Unit.Playground.Lead.Resource.Http.Requests.Lead.UpdateRequestTest" assertions="4" time="0.046855"/>
      </testsuite>
      <testsuite name="Tests\Unit\Playground\Lead\Resource\Http\Requests\Opportunity\CreateRequestTest" file="/app/tests/Unit/Http/Requests/Opportunity/CreateRequestTest.php" tests="1" assertions="1" errors="0" failures="0" skipped="0" time="0.070136">
        <testcase name="test_request_instance" file="/app/vendor/gammamatrix/playground-test/src/Unit/Http/Requests/RequestCase.php" line="41" class="Tests\Unit\Playground\Lead\Resource\Http\Requests\Opportunity\CreateRequestTest" classname="Tests.Unit.Playground.Lead.Resource.Http.Requests.Opportunity.CreateRequestTest" assertions="1" time="0.070136"/>
      </testsuite>
      <testsuite name="Tests\Unit\Playground\Lead\Resource\Http\Requests\Opportunity\DestroyRequestTest" file="/app/tests/Unit/Http/Requests/Opportunity/DestroyRequestTest.php" tests="1" assertions="1" errors="0" failures="0" skipped="0" time="0.049128">
        <testcase name="test_request_instance" file="/app/vendor/gammamatrix/playground-test/src/Unit/Http/Requests/RequestCase.php" line="41" class="Tests\Unit\Playground\Lead\Resource\Http\Requests\Opportunity\DestroyRequestTest" classname="Tests.Unit.Playground.Lead.Resource.Http.Requests.Opportunity.DestroyRequestTest" assertions="1" time="0.049128"/>
      </testsuite>
      <testsuite name="Tests\Unit\Playground\Lead\Resource\Http\Requests\Opportunity\EditRequestTest" file="/app/tests/Unit/Http/Requests/Opportunity/EditRequestTest.php" tests="1" assertions="1" errors="0" failures="0" skipped="0" time="0.077103">
        <testcase name="test_request_instance" file="/app/vendor/gammamatrix/playground-test/src/Unit/Http/Requests/RequestCase.php" line="41" class="Tests\Unit\Playground\Lead\Resource\Http\Requests\Opportunity\EditRequestTest" classname="Tests.Unit.Playground.Lead.Resource.Http.Requests.Opportunity.EditRequestTest" assertions="1" time="0.077103"/>
      </testsuite>
      <testsuite name="Tests\Unit\Playground\Lead\Resource\Http\Requests\Opportunity\IndexRequestTest" file="/app/tests/Unit/Http/Requests/Opportunity/IndexRequestTest.php" tests="1" assertions="1" errors="0" failures="0" skipped="0" time="0.131534">
        <testcase name="test_request_instance" file="/app/vendor/gammamatrix/playground-test/src/Unit/Http/Requests/RequestCase.php" line="41" class="Tests\Unit\Playground\Lead\Resource\Http\Requests\Opportunity\IndexRequestTest" classname="Tests.Unit.Playground.Lead.Resource.Http.Requests.Opportunity.IndexRequestTest" assertions="1" time="0.131534"/>
      </testsuite>
      <testsuite name="Tests\Unit\Playground\Lead\Resource\Http\Requests\Opportunity\LockRequestTest" file="/app/tests/Unit/Http/Requests/Opportunity/LockRequestTest.php" tests="1" assertions="1" errors="0" failures="0" skipped="0" time="0.050851">
        <testcase name="test_request_instance" file="/app/vendor/gammamatrix/playground-test/src/Unit/Http/Requests/RequestCase.php" line="41" class="Tests\Unit\Playground\Lead\Resource\Http\Requests\Opportunity\LockRequestTest" classname="Tests.Unit.Playground.Lead.Resource.Http.Requests.Opportunity.LockRequestTest" assertions="1" time="0.050851"/>
      </testsuite>
      <testsuite name="Tests\Unit\Playground\Lead\Resource\Http\Requests\Opportunity\RestoreRequestTest" file="/app/tests/Unit/Http/Requests/Opportunity/RestoreRequestTest.php" tests="1" assertions="1" errors="0" failures="0" skipped="0" time="0.048339">
        <testcase name="test_request_instance" file="/app/vendor/gammamatrix/playground-test/src/Unit/Http/Requests/RequestCase.php" line="41" class="Tests\Unit\Playground\Lead\Resource\Http\Requests\Opportunity\RestoreRequestTest" classname="Tests.Unit.Playground.Lead.Resource.Http.Requests.Opportunity.RestoreRequestTest" assertions="1" time="0.048339"/>
      </testsuite>
      <testsuite name="Tests\Unit\Playground\Lead\Resource\Http\Requests\Opportunity\ShowRequestTest" file="/app/tests/Unit/Http/Requests/Opportunity/ShowRequestTest.php" tests="1" assertions="1" errors="0" failures="0" skipped="0" time="0.048404">
        <testcase name="test_request_instance" file="/app/vendor/gammamatrix/playground-test/src/Unit/Http/Requests/RequestCase.php" line="41" class="Tests\Unit\Playground\Lead\Resource\Http\Requests\Opportunity\ShowRequestTest" classname="Tests.Unit.Playground.Lead.Resource.Http.Requests.Opportunity.ShowRequestTest" assertions="1" time="0.048404"/>
      </testsuite>
      <testsuite name="Tests\Unit\Playground\Lead\Resource\Http\Requests\Opportunity\StoreRequestTest" file="/app/tests/Unit/Http/Requests/Opportunity/StoreRequestTest.php" tests="3" assertions="8" errors="0" failures="0" skipped="0" time="0.165224">
        <testcase name="test_request_instance" file="/app/vendor/gammamatrix/playground-test/src/Unit/Http/Requests/RequestCase.php" line="41" class="Tests\Unit\Playground\Lead\Resource\Http\Requests\Opportunity\StoreRequestTest" classname="Tests.Unit.Playground.Lead.Resource.Http.Requests.Opportunity.StoreRequestTest" assertions="1" time="0.072649"/>
        <testcase name="test_StoreRequest_rules_with_optional_revisions_disabled" file="/app/tests/Unit/Http/Requests/Opportunity/StoreRequestTest.php" line="19" class="Tests\Unit\Playground\Lead\Resource\Http\Requests\Opportunity\StoreRequestTest" classname="Tests.Unit.Playground.Lead.Resource.Http.Requests.Opportunity.StoreRequestTest" assertions="3" time="0.046460"/>
        <testcase name="test_StoreRequest_rules_with_optional_revisions_enabled" file="/app/tests/Unit/Http/Requests/Opportunity/StoreRequestTest.php" line="29" class="Tests\Unit\Playground\Lead\Resource\Http\Requests\Opportunity\StoreRequestTest" classname="Tests.Unit.Playground.Lead.Resource.Http.Requests.Opportunity.StoreRequestTest" assertions="4" time="0.046114"/>
      </testsuite>
      <testsuite name="Tests\Unit\Playground\Lead\Resource\Http\Requests\Opportunity\UnlockRequestTest" file="/app/tests/Unit/Http/Requests/Opportunity/UnlockRequestTest.php" tests="1" assertions="1" errors="0" failures="0" skipped="0" time="0.047218">
        <testcase name="test_request_instance" file="/app/vendor/gammamatrix/playground-test/src/Unit/Http/Requests/RequestCase.php" line="41" class="Tests\Unit\Playground\Lead\Resource\Http\Requests\Opportunity\UnlockRequestTest" classname="Tests.Unit.Playground.Lead.Resource.Http.Requests.Opportunity.UnlockRequestTest" assertions="1" time="0.047218"/>
      </testsuite>
      <testsuite name="Tests\Unit\Playground\Lead\Resource\Http\Requests\Opportunity\UpdateRequestTest" file="/app/tests/Unit/Http/Requests/Opportunity/UpdateRequestTest.php" tests="3" assertions="8" errors="0" failures="0" skipped="0" time="0.165395">
        <testcase name="test_request_instance" file="/app/vendor/gammamatrix/playground-test/src/Unit/Http/Requests/RequestCase.php" line="41" class="Tests\Unit\Playground\Lead\Resource\Http\Requests\Opportunity\UpdateRequestTest" classname="Tests.Unit.Playground.Lead.Resource.Http.Requests.Opportunity.UpdateRequestTest" assertions="1" time="0.073257"/>
        <testcase name="test_UpdateRequest_rules_with_optional_revisions_disabled" file="/app/tests/Unit/Http/Requests/Opportunity/UpdateRequestTest.php" line="19" class="Tests\Unit\Playground\Lead\Resource\Http\Requests\Opportunity\UpdateRequestTest" classname="Tests.Unit.Playground.Lead.Resource.Http.Requests.Opportunity.UpdateRequestTest" assertions="3" time="0.046570"/>
        <testcase name="test_UpdateRequest_rules_with_optional_revisions_enabled" file="/app/tests/Unit/Http/Requests/Opportunity/UpdateRequestTest.php" line="29" class="Tests\Unit\Playground\Lead\Resource\Http\Requests\Opportunity\UpdateRequestTest" classname="Tests.Unit.Playground.Lead.Resource.Http.Requests.Opportunity.UpdateRequestTest" assertions="4" time="0.045567"/>
      </testsuite>
      <testsuite name="Tests\Unit\Playground\Lead\Resource\Http\Requests\Plan\CreateRequestTest" file="/app/tests/Unit/Http/Requests/Plan/CreateRequestTest.php" tests="1" assertions="1" errors="0" failures="0" skipped="0" time="0.069914">
        <testcase name="test_request_instance" file="/app/vendor/gammamatrix/playground-test/src/Unit/Http/Requests/RequestCase.php" line="41" class="Tests\Unit\Playground\Lead\Resource\Http\Requests\Plan\CreateRequestTest" classname="Tests.Unit.Playground.Lead.Resource.Http.Requests.Plan.CreateRequestTest" assertions="1" time="0.069914"/>
      </testsuite>
      <testsuite name="Tests\Unit\Playground\Lead\Resource\Http\Requests\Plan\DestroyRequestTest" file="/app/tests/Unit/Http/Requests/Plan/DestroyRequestTest.php" tests="1" assertions="1" errors="0" failures="0" skipped="0" time="0.049568">
        <testcase name="test_request_instance" file="/app/vendor/gammamatrix/playground-test/src/Unit/Http/Requests/RequestCase.php" line="41" class="Tests\Unit\Playground\Lead\Resource\Http\Requests\Plan\DestroyRequestTest" classname="Tests.Unit.Playground.Lead.Resource.Http.Requests.Plan.DestroyRequestTest" assertions="1" time="0.049568"/>
      </testsuite>
      <testsuite name="Tests\Unit\Playground\Lead\Resource\Http\Requests\Plan\EditRequestTest" file="/app/tests/Unit/Http/Requests/Plan/EditRequestTest.php" tests="1" assertions="1" errors="0" failures="0" skipped="0" time="0.073819">
        <testcase name="test_request_instance" file="/app/vendor/gammamatrix/playground-test/src/Unit/Http/Requests/RequestCase.php" line="41" class="Tests\Unit\Playground\Lead\Resource\Http\Requests\Plan\EditRequestTest" classname="Tests.Unit.Playground.Lead.Resource.Http.Requests.Plan.EditRequestTest" assertions="1" time="0.073819"/>
      </testsuite>
      <testsuite name="Tests\Unit\Playground\Lead\Resource\Http\Requests\Plan\IndexRequestTest" file="/app/tests/Unit/Http/Requests/Plan/IndexRequestTest.php" tests="1" assertions="1" errors="0" failures="0" skipped="0" time="0.136424">
        <testcase name="test_request_instance" file="/app/vendor/gammamatrix/playground-test/src/Unit/Http/Requests/RequestCase.php" line="41" class="Tests\Unit\Playground\Lead\Resource\Http\Requests\Plan\IndexRequestTest" classname="Tests.Unit.Playground.Lead.Resource.Http.Requests.Plan.IndexRequestTest" assertions="1" time="0.136424"/>
      </testsuite>
      <testsuite name="Tests\Unit\Playground\Lead\Resource\Http\Requests\Plan\LockRequestTest" file="/app/tests/Unit/Http/Requests/Plan/LockRequestTest.php" tests="1" assertions="1" errors="0" failures="0" skipped="0" time="0.048447">
        <testcase name="test_request_instance" file="/app/vendor/gammamatrix/playground-test/src/Unit/Http/Requests/RequestCase.php" line="41" class="Tests\Unit\Playground\Lead\Resource\Http\Requests\Plan\LockRequestTest" classname="Tests.Unit.Playground.Lead.Resource.Http.Requests.Plan.LockRequestTest" assertions="1" time="0.048447"/>
      </testsuite>
      <testsuite name="Tests\Unit\Playground\Lead\Resource\Http\Requests\Plan\RestoreRequestTest" file="/app/tests/Unit/Http/Requests/Plan/RestoreRequestTest.php" tests="1" assertions="1" errors="0" failures="0" skipped="0" time="0.048743">
        <testcase name="test_request_instance" file="/app/vendor/gammamatrix/playground-test/src/Unit/Http/Requests/RequestCase.php" line="41" class="Tests\Unit\Playground\Lead\Resource\Http\Requests\Plan\RestoreRequestTest" classname="Tests.Unit.Playground.Lead.Resource.Http.Requests.Plan.RestoreRequestTest" assertions="1" time="0.048743"/>
      </testsuite>
      <testsuite name="Tests\Unit\Playground\Lead\Resource\Http\Requests\Plan\ShowRequestTest" file="/app/tests/Unit/Http/Requests/Plan/ShowRequestTest.php" tests="1" assertions="1" errors="0" failures="0" skipped="0" time="0.047465">
        <testcase name="test_request_instance" file="/app/vendor/gammamatrix/playground-test/src/Unit/Http/Requests/RequestCase.php" line="41" class="Tests\Unit\Playground\Lead\Resource\Http\Requests\Plan\ShowRequestTest" classname="Tests.Unit.Playground.Lead.Resource.Http.Requests.Plan.ShowRequestTest" assertions="1" time="0.047465"/>
      </testsuite>
      <testsuite name="Tests\Unit\Playground\Lead\Resource\Http\Requests\Plan\StoreRequestTest" file="/app/tests/Unit/Http/Requests/Plan/StoreRequestTest.php" tests="3" assertions="8" errors="0" failures="0" skipped="0" time="0.166605">
        <testcase name="test_request_instance" file="/app/vendor/gammamatrix/playground-test/src/Unit/Http/Requests/RequestCase.php" line="41" class="Tests\Unit\Playground\Lead\Resource\Http\Requests\Plan\StoreRequestTest" classname="Tests.Unit.Playground.Lead.Resource.Http.Requests.Plan.StoreRequestTest" assertions="1" time="0.073746"/>
        <testcase name="test_StoreRequest_rules_with_optional_revisions_disabled" file="/app/tests/Unit/Http/Requests/Plan/StoreRequestTest.php" line="19" class="Tests\Unit\Playground\Lead\Resource\Http\Requests\Plan\StoreRequestTest" classname="Tests.Unit.Playground.Lead.Resource.Http.Requests.Plan.StoreRequestTest" assertions="3" time="0.046776"/>
        <testcase name="test_StoreRequest_rules_with_optional_revisions_enabled" file="/app/tests/Unit/Http/Requests/Plan/StoreRequestTest.php" line="29" class="Tests\Unit\Playground\Lead\Resource\Http\Requests\Plan\StoreRequestTest" classname="Tests.Unit.Playground.Lead.Resource.Http.Requests.Plan.StoreRequestTest" assertions="4" time="0.046084"/>
      </testsuite>
      <testsuite name="Tests\Unit\Playground\Lead\Resource\Http\Requests\Plan\UnlockRequestTest" file="/app/tests/Unit/Http/Requests/Plan/UnlockRequestTest.php" tests="1" assertions="1" errors="0" failures="0" skipped="0" time="0.047749">
        <testcase name="test_request_instance" file="/app/vendor/gammamatrix/playground-test/src/Unit/Http/Requests/RequestCase.php" line="41" class="Tests\Unit\Playground\Lead\Resource\Http\Requests\Plan\UnlockRequestTest" classname="Tests.Unit.Playground.Lead.Resource.Http.Requests.Plan.UnlockRequestTest" assertions="1" time="0.047749"/>
      </testsuite>
      <testsuite name="Tests\Unit\Playground\Lead\Resource\Http\Requests\Plan\UpdateRequestTest" file="/app/tests/Unit/Http/Requests/Plan/UpdateRequestTest.php" tests="3" assertions="8" errors="0" failures="0" skipped="0" time="0.166148">
        <testcase name="test_request_instance" file="/app/vendor/gammamatrix/playground-test/src/Unit/Http/Requests/RequestCase.php" line="41" class="Tests\Unit\Playground\Lead\Resource\Http\Requests\Plan\UpdateRequestTest" classname="Tests.Unit.Playground.Lead.Resource.Http.Requests.Plan.UpdateRequestTest" assertions="1" time="0.072699"/>
        <testcase name="test_UpdateRequest_rules_with_optional_revisions_disabled" file="/app/tests/Unit/Http/Requests/Plan/UpdateRequestTest.php" line="19" class="Tests\Unit\Playground\Lead\Resource\Http\Requests\Plan\UpdateRequestTest" classname="Tests.Unit.Playground.Lead.Resource.Http.Requests.Plan.UpdateRequestTest" assertions="3" time="0.047535"/>
        <testcase name="test_UpdateRequest_rules_with_optional_revisions_enabled" file="/app/tests/Unit/Http/Requests/Plan/UpdateRequestTest.php" line="29" class="Tests\Unit\Playground\Lead\Resource\Http\Requests\Plan\UpdateRequestTest" classname="Tests.Unit.Playground.Lead.Resource.Http.Requests.Plan.UpdateRequestTest" assertions="4" time="0.045914"/>
      </testsuite>
      <testsuite name="Tests\Unit\Playground\Lead\Resource\Http\Requests\Region\CreateRequestTest" file="/app/tests/Unit/Http/Requests/Region/CreateRequestTest.php" tests="1" assertions="1" errors="0" failures="0" skipped="0" time="0.068518">
        <testcase name="test_request_instance" file="/app/vendor/gammamatrix/playground-test/src/Unit/Http/Requests/RequestCase.php" line="41" class="Tests\Unit\Playground\Lead\Resource\Http\Requests\Region\CreateRequestTest" classname="Tests.Unit.Playground.Lead.Resource.Http.Requests.Region.CreateRequestTest" assertions="1" time="0.068518"/>
      </testsuite>
      <testsuite name="Tests\Unit\Playground\Lead\Resource\Http\Requests\Region\DestroyRequestTest" file="/app/tests/Unit/Http/Requests/Region/DestroyRequestTest.php" tests="1" assertions="1" errors="0" failures="0" skipped="0" time="0.049251">
        <testcase name="test_request_instance" file="/app/vendor/gammamatrix/playground-test/src/Unit/Http/Requests/RequestCase.php" line="41" class="Tests\Unit\Playground\Lead\Resource\Http\Requests\Region\DestroyRequestTest" classname="Tests.Unit.Playground.Lead.Resource.Http.Requests.Region.DestroyRequestTest" assertions="1" time="0.049251"/>
      </testsuite>
      <testsuite name="Tests\Unit\Playground\Lead\Resource\Http\Requests\Region\EditRequestTest" file="/app/tests/Unit/Http/Requests/Region/EditRequestTest.php" tests="1" assertions="1" errors="0" failures="0" skipped="0" time="0.078989">
        <testcase name="test_request_instance" file="/app/vendor/gammamatrix/playground-test/src/Unit/Http/Requests/RequestCase.php" line="41" class="Tests\Unit\Playground\Lead\Resource\Http\Requests\Region\EditRequestTest" classname="Tests.Unit.Playground.Lead.Resource.Http.Requests.Region.EditRequestTest" assertions="1" time="0.078989"/>
      </testsuite>
      <testsuite name="Tests\Unit\Playground\Lead\Resource\Http\Requests\Region\IndexRequestTest" file="/app/tests/Unit/Http/Requests/Region/IndexRequestTest.php" tests="1" assertions="1" errors="0" failures="0" skipped="0" time="0.138062">
        <testcase name="test_request_instance" file="/app/vendor/gammamatrix/playground-test/src/Unit/Http/Requests/RequestCase.php" line="41" class="Tests\Unit\Playground\Lead\Resource\Http\Requests\Region\IndexRequestTest" classname="Tests.Unit.Playground.Lead.Resource.Http.Requests.Region.IndexRequestTest" assertions="1" time="0.138062"/>
      </testsuite>
      <testsuite name="Tests\Unit\Playground\Lead\Resource\Http\Requests\Region\LockRequestTest" file="/app/tests/Unit/Http/Requests/Region/LockRequestTest.php" tests="1" assertions="1" errors="0" failures="0" skipped="0" time="0.050319">
        <testcase name="test_request_instance" file="/app/vendor/gammamatrix/playground-test/src/Unit/Http/Requests/RequestCase.php" line="41" class="Tests\Unit\Playground\Lead\Resource\Http\Requests\Region\LockRequestTest" classname="Tests.Unit.Playground.Lead.Resource.Http.Requests.Region.LockRequestTest" assertions="1" time="0.050319"/>
      </testsuite>
      <testsuite name="Tests\Unit\Playground\Lead\Resource\Http\Requests\Region\RestoreRequestTest" file="/app/tests/Unit/Http/Requests/Region/RestoreRequestTest.php" tests="1" assertions="1" errors="0" failures="0" skipped="0" time="0.047939">
        <testcase name="test_request_instance" file="/app/vendor/gammamatrix/playground-test/src/Unit/Http/Requests/RequestCase.php" line="41" class="Tests\Unit\Playground\Lead\Resource\Http\Requests\Region\RestoreRequestTest" classname="Tests.Unit.Playground.Lead.Resource.Http.Requests.Region.RestoreRequestTest" assertions="1" time="0.047939"/>
      </testsuite>
      <testsuite name="Tests\Unit\Playground\Lead\Resource\Http\Requests\Region\ShowRequestTest" file="/app/tests/Unit/Http/Requests/Region/ShowRequestTest.php" tests="1" assertions="1" errors="0" failures="0" skipped="0" time="0.046841">
        <testcase name="test_request_instance" file="/app/vendor/gammamatrix/playground-test/src/Unit/Http/Requests/RequestCase.php" line="41" class="Tests\Unit\Playground\Lead\Resource\Http\Requests\Region\ShowRequestTest" classname="Tests.Unit.Playground.Lead.Resource.Http.Requests.Region.ShowRequestTest" assertions="1" time="0.046841"/>
      </testsuite>
      <testsuite name="Tests\Unit\Playground\Lead\Resource\Http\Requests\Region\StoreRequestTest" file="/app/tests/Unit/Http/Requests/Region/StoreRequestTest.php" tests="3" assertions="8" errors="0" failures="0" skipped="0" time="0.167668">
        <testcase name="test_request_instance" file="/app/vendor/gammamatrix/playground-test/src/Unit/Http/Requests/RequestCase.php" line="41" class="Tests\Unit\Playground\Lead\Resource\Http\Requests\Region\StoreRequestTest" classname="Tests.Unit.Playground.Lead.Resource.Http.Requests.Region.StoreRequestTest" assertions="1" time="0.072513"/>
        <testcase name="test_StoreRequest_rules_with_optional_revisions_disabled" file="/app/tests/Unit/Http/Requests/Region/StoreRequestTest.php" line="19" class="Tests\Unit\Playground\Lead\Resource\Http\Requests\Region\StoreRequestTest" classname="Tests.Unit.Playground.Lead.Resource.Http.Requests.Region.StoreRequestTest" assertions="3" time="0.048075"/>
        <testcase name="test_StoreRequest_rules_with_optional_revisions_enabled" file="/app/tests/Unit/Http/Requests/Region/StoreRequestTest.php" line="29" class="Tests\Unit\Playground\Lead\Resource\Http\Requests\Region\StoreRequestTest" classname="Tests.Unit.Playground.Lead.Resource.Http.Requests.Region.StoreRequestTest" assertions="4" time="0.047080"/>
      </testsuite>
      <testsuite name="Tests\Unit\Playground\Lead\Resource\Http\Requests\Region\UnlockRequestTest" file="/app/tests/Unit/Http/Requests/Region/UnlockRequestTest.php" tests="1" assertions="1" errors="0" failures="0" skipped="0" time="0.048221">
        <testcase name="test_request_instance" file="/app/vendor/gammamatrix/playground-test/src/Unit/Http/Requests/RequestCase.php" line="41" class="Tests\Unit\Playground\Lead\Resource\Http\Requests\Region\UnlockRequestTest" classname="Tests.Unit.Playground.Lead.Resource.Http.Requests.Region.UnlockRequestTest" assertions="1" time="0.048221"/>
      </testsuite>
      <testsuite name="Tests\Unit\Playground\Lead\Resource\Http\Requests\Region\UpdateRequestTest" file="/app/tests/Unit/Http/Requests/Region/UpdateRequestTest.php" tests="3" assertions="8" errors="0" failures="0" skipped="0" time="0.163793">
        <testcase name="test_request_instance" file="/app/vendor/gammamatrix/playground-test/src/Unit/Http/Requests/RequestCase.php" line="41" class="Tests\Unit\Playground\Lead\Resource\Http\Requests\Region\UpdateRequestTest" classname="Tests.Unit.Playground.Lead.Resource.Http.Requests.Region.UpdateRequestTest" assertions="1" time="0.072058"/>
        <testcase name="test_UpdateRequest_rules_with_optional_revisions_disabled" file="/app/tests/Unit/Http/Requests/Region/UpdateRequestTest.php" line="19" class="Tests\Unit\Playground\Lead\Resource\Http\Requests\Region\UpdateRequestTest" classname="Tests.Unit.Playground.Lead.Resource.Http.Requests.Region.UpdateRequestTest" assertions="3" time="0.045837"/>
        <testcase name="test_UpdateRequest_rules_with_optional_revisions_enabled" file="/app/tests/Unit/Http/Requests/Region/UpdateRequestTest.php" line="29" class="Tests\Unit\Playground\Lead\Resource\Http\Requests\Region\UpdateRequestTest" classname="Tests.Unit.Playground.Lead.Resource.Http.Requests.Region.UpdateRequestTest" assertions="4" time="0.045898"/>
      </testsuite>
      <testsuite name="Tests\Unit\Playground\Lead\Resource\Http\Requests\Report\CreateRequestTest" file="/app/tests/Unit/Http/Requests/Report/CreateRequestTest.php" tests="1" assertions="1" errors="0" failures="0" skipped="0" time="0.068743">
        <testcase name="test_request_instance" file="/app/vendor/gammamatrix/playground-test/src/Unit/Http/Requests/RequestCase.php" line="41" class="Tests\Unit\Playground\Lead\Resource\Http\Requests\Report\CreateRequestTest" classname="Tests.Unit.Playground.Lead.Resource.Http.Requests.Report.CreateRequestTest" assertions="1" time="0.068743"/>
      </testsuite>
      <testsuite name="Tests\Unit\Playground\Lead\Resource\Http\Requests\Report\DestroyRequestTest" file="/app/tests/Unit/Http/Requests/Report/DestroyRequestTest.php" tests="1" assertions="1" errors="0" failures="0" skipped="0" time="0.049165">
        <testcase name="test_request_instance" file="/app/vendor/gammamatrix/playground-test/src/Unit/Http/Requests/RequestCase.php" line="41" class="Tests\Unit\Playground\Lead\Resource\Http\Requests\Report\DestroyRequestTest" classname="Tests.Unit.Playground.Lead.Resource.Http.Requests.Report.DestroyRequestTest" assertions="1" time="0.049165"/>
      </testsuite>
      <testsuite name="Tests\Unit\Playground\Lead\Resource\Http\Requests\Report\EditRequestTest" file="/app/tests/Unit/Http/Requests/Report/EditRequestTest.php" tests="1" assertions="1" errors="0" failures="0" skipped="0" time="0.075726">
        <testcase name="test_request_instance" file="/app/vendor/gammamatrix/playground-test/src/Unit/Http/Requests/RequestCase.php" line="41" class="Tests\Unit\Playground\Lead\Resource\Http\Requests\Report\EditRequestTest" classname="Tests.Unit.Playground.Lead.Resource.Http.Requests.Report.EditRequestTest" assertions="1" time="0.075726"/>
      </testsuite>
      <testsuite name="Tests\Unit\Playground\Lead\Resource\Http\Requests\Report\IndexRequestTest" file="/app/tests/Unit/Http/Requests/Report/IndexRequestTest.php" tests="1" assertions="1" errors="0" failures="0" skipped="0" time="0.138150">
        <testcase name="test_request_instance" file="/app/vendor/gammamatrix/playground-test/src/Unit/Http/Requests/RequestCase.php" line="41" class="Tests\Unit\Playground\Lead\Resource\Http\Requests\Report\IndexRequestTest" classname="Tests.Unit.Playground.Lead.Resource.Http.Requests.Report.IndexRequestTest" assertions="1" time="0.138150"/>
      </testsuite>
      <testsuite name="Tests\Unit\Playground\Lead\Resource\Http\Requests\Report\LockRequestTest" file="/app/tests/Unit/Http/Requests/Report/LockRequestTest.php" tests="1" assertions="1" errors="0" failures="0" skipped="0" time="0.048289">
        <testcase name="test_request_instance" file="/app/vendor/gammamatrix/playground-test/src/Unit/Http/Requests/RequestCase.php" line="41" class="Tests\Unit\Playground\Lead\Resource\Http\Requests\Report\LockRequestTest" classname="Tests.Unit.Playground.Lead.Resource.Http.Requests.Report.LockRequestTest" assertions="1" time="0.048289"/>
      </testsuite>
      <testsuite name="Tests\Unit\Playground\Lead\Resource\Http\Requests\Report\RestoreRequestTest" file="/app/tests/Unit/Http/Requests/Report/RestoreRequestTest.php" tests="1" assertions="1" errors="0" failures="0" skipped="0" time="0.047707">
        <testcase name="test_request_instance" file="/app/vendor/gammamatrix/playground-test/src/Unit/Http/Requests/RequestCase.php" line="41" class="Tests\Unit\Playground\Lead\Resource\Http\Requests\Report\RestoreRequestTest" classname="Tests.Unit.Playground.Lead.Resource.Http.Requests.Report.RestoreRequestTest" assertions="1" time="0.047707"/>
      </testsuite>
      <testsuite name="Tests\Unit\Playground\Lead\Resource\Http\Requests\Report\ShowRequestTest" file="/app/tests/Unit/Http/Requests/Report/ShowRequestTest.php" tests="1" assertions="1" errors="0" failures="0" skipped="0" time="0.047432">
        <testcase name="test_request_instance" file="/app/vendor/gammamatrix/playground-test/src/Unit/Http/Requests/RequestCase.php" line="41" class="Tests\Unit\Playground\Lead\Resource\Http\Requests\Report\ShowRequestTest" classname="Tests.Unit.Playground.Lead.Resource.Http.Requests.Report.ShowRequestTest" assertions="1" time="0.047432"/>
      </testsuite>
      <testsuite name="Tests\Unit\Playground\Lead\Resource\Http\Requests\Report\StoreRequestTest" file="/app/tests/Unit/Http/Requests/Report/StoreRequestTest.php" tests="3" assertions="8" errors="0" failures="0" skipped="0" time="0.164191">
        <testcase name="test_request_instance" file="/app/vendor/gammamatrix/playground-test/src/Unit/Http/Requests/RequestCase.php" line="41" class="Tests\Unit\Playground\Lead\Resource\Http\Requests\Report\StoreRequestTest" classname="Tests.Unit.Playground.Lead.Resource.Http.Requests.Report.StoreRequestTest" assertions="1" time="0.072049"/>
        <testcase name="test_StoreRequest_rules_with_optional_revisions_disabled" file="/app/tests/Unit/Http/Requests/Report/StoreRequestTest.php" line="19" class="Tests\Unit\Playground\Lead\Resource\Http\Requests\Report\StoreRequestTest" classname="Tests.Unit.Playground.Lead.Resource.Http.Requests.Report.StoreRequestTest" assertions="3" time="0.046086"/>
        <testcase name="test_StoreRequest_rules_with_optional_revisions_enabled" file="/app/tests/Unit/Http/Requests/Report/StoreRequestTest.php" line="29" class="Tests\Unit\Playground\Lead\Resource\Http\Requests\Report\StoreRequestTest" classname="Tests.Unit.Playground.Lead.Resource.Http.Requests.Report.StoreRequestTest" assertions="4" time="0.046055"/>
      </testsuite>
      <testsuite name="Tests\Unit\Playground\Lead\Resource\Http\Requests\Report\UnlockRequestTest" file="/app/tests/Unit/Http/Requests/Report/UnlockRequestTest.php" tests="1" assertions="1" errors="0" failures="0" skipped="0" time="0.047446">
        <testcase name="test_request_instance" file="/app/vendor/gammamatrix/playground-test/src/Unit/Http/Requests/RequestCase.php" line="41" class="Tests\Unit\Playground\Lead\Resource\Http\Requests\Report\UnlockRequestTest" classname="Tests.Unit.Playground.Lead.Resource.Http.Requests.Report.UnlockRequestTest" assertions="1" time="0.047446"/>
      </testsuite>
      <testsuite name="Tests\Unit\Playground\Lead\Resource\Http\Requests\Report\UpdateRequestTest" file="/app/tests/Unit/Http/Requests/Report/UpdateRequestTest.php" tests="3" assertions="8" errors="0" failures="0" skipped="0" time="0.165291">
        <testcase name="test_request_instance" file="/app/vendor/gammamatrix/playground-test/src/Unit/Http/Requests/RequestCase.php" line="41" class="Tests\Unit\Playground\Lead\Resource\Http\Requests\Report\UpdateRequestTest" classname="Tests.Unit.Playground.Lead.Resource.Http.Requests.Report.UpdateRequestTest" assertions="1" time="0.072811"/>
        <testcase name="test_UpdateRequest_rules_with_optional_revisions_disabled" file="/app/tests/Unit/Http/Requests/Report/UpdateRequestTest.php" line="19" class="Tests\Unit\Playground\Lead\Resource\Http\Requests\Report\UpdateRequestTest" classname="Tests.Unit.Playground.Lead.Resource.Http.Requests.Report.UpdateRequestTest" assertions="3" time="0.046808"/>
        <testcase name="test_UpdateRequest_rules_with_optional_revisions_enabled" file="/app/tests/Unit/Http/Requests/Report/UpdateRequestTest.php" line="29" class="Tests\Unit\Playground\Lead\Resource\Http\Requests\Report\UpdateRequestTest" classname="Tests.Unit.Playground.Lead.Resource.Http.Requests.Report.UpdateRequestTest" assertions="4" time="0.045672"/>
      </testsuite>
      <testsuite name="Tests\Unit\Playground\Lead\Resource\Http\Requests\Source\CreateRequestTest" file="/app/tests/Unit/Http/Requests/Source/CreateRequestTest.php" tests="1" assertions="1" errors="0" failures="0" skipped="0" time="0.067931">
        <testcase name="test_request_instance" file="/app/vendor/gammamatrix/playground-test/src/Unit/Http/Requests/RequestCase.php" line="41" class="Tests\Unit\Playground\Lead\Resource\Http\Requests\Source\CreateRequestTest" classname="Tests.Unit.Playground.Lead.Resource.Http.Requests.Source.CreateRequestTest" assertions="1" time="0.067931"/>
      </testsuite>
      <testsuite name="Tests\Unit\Playground\Lead\Resource\Http\Requests\Source\DestroyRequestTest" file="/app/tests/Unit/Http/Requests/Source/DestroyRequestTest.php" tests="1" assertions="1" errors="0" failures="0" skipped="0" time="0.048455">
        <testcase name="test_request_instance" file="/app/vendor/gammamatrix/playground-test/src/Unit/Http/Requests/RequestCase.php" line="41" class="Tests\Unit\Playground\Lead\Resource\Http\Requests\Source\DestroyRequestTest" classname="Tests.Unit.Playground.Lead.Resource.Http.Requests.Source.DestroyRequestTest" assertions="1" time="0.048455"/>
      </testsuite>
      <testsuite name="Tests\Unit\Playground\Lead\Resource\Http\Requests\Source\EditRequestTest" file="/app/tests/Unit/Http/Requests/Source/EditRequestTest.php" tests="1" assertions="1" errors="0" failures="0" skipped="0" time="0.076795">
        <testcase name="test_request_instance" file="/app/vendor/gammamatrix/playground-test/src/Unit/Http/Requests/RequestCase.php" line="41" class="Tests\Unit\Playground\Lead\Resource\Http\Requests\Source\EditRequestTest" classname="Tests.Unit.Playground.Lead.Resource.Http.Requests.Source.EditRequestTest" assertions="1" time="0.076795"/>
      </testsuite>
      <testsuite name="Tests\Unit\Playground\Lead\Resource\Http\Requests\Source\IndexRequestTest" file="/app/tests/Unit/Http/Requests/Source/IndexRequestTest.php" tests="1" assertions="1" errors="0" failures="0" skipped="0" time="0.136387">
        <testcase name="test_request_instance" file="/app/vendor/gammamatrix/playground-test/src/Unit/Http/Requests/RequestCase.php" line="41" class="Tests\Unit\Playground\Lead\Resource\Http\Requests\Source\IndexRequestTest" classname="Tests.Unit.Playground.Lead.Resource.Http.Requests.Source.IndexRequestTest" assertions="1" time="0.136387"/>
      </testsuite>
      <testsuite name="Tests\Unit\Playground\Lead\Resource\Http\Requests\Source\LockRequestTest" file="/app/tests/Unit/Http/Requests/Source/LockRequestTest.php" tests="1" assertions="1" errors="0" failures="0" skipped="0" time="0.048810">
        <testcase name="test_request_instance" file="/app/vendor/gammamatrix/playground-test/src/Unit/Http/Requests/RequestCase.php" line="41" class="Tests\Unit\Playground\Lead\Resource\Http\Requests\Source\LockRequestTest" classname="Tests.Unit.Playground.Lead.Resource.Http.Requests.Source.LockRequestTest" assertions="1" time="0.048810"/>
      </testsuite>
      <testsuite name="Tests\Unit\Playground\Lead\Resource\Http\Requests\Source\RestoreRequestTest" file="/app/tests/Unit/Http/Requests/Source/RestoreRequestTest.php" tests="1" assertions="1" errors="0" failures="0" skipped="0" time="0.048193">
        <testcase name="test_request_instance" file="/app/vendor/gammamatrix/playground-test/src/Unit/Http/Requests/RequestCase.php" line="41" class="Tests\Unit\Playground\Lead\Resource\Http\Requests\Source\RestoreRequestTest" classname="Tests.Unit.Playground.Lead.Resource.Http.Requests.Source.RestoreRequestTest" assertions="1" time="0.048193"/>
      </testsuite>
      <testsuite name="Tests\Unit\Playground\Lead\Resource\Http\Requests\Source\ShowRequestTest" file="/app/tests/Unit/Http/Requests/Source/ShowRequestTest.php" tests="1" assertions="1" errors="0" failures="0" skipped="0" time="0.047899">
        <testcase name="test_request_instance" file="/app/vendor/gammamatrix/playground-test/src/Unit/Http/Requests/RequestCase.php" line="41" class="Tests\Unit\Playground\Lead\Resource\Http\Requests\Source\ShowRequestTest" classname="Tests.Unit.Playground.Lead.Resource.Http.Requests.Source.ShowRequestTest" assertions="1" time="0.047899"/>
      </testsuite>
      <testsuite name="Tests\Unit\Playground\Lead\Resource\Http\Requests\Source\StoreRequestTest" file="/app/tests/Unit/Http/Requests/Source/StoreRequestTest.php" tests="3" assertions="8" errors="0" failures="0" skipped="0" time="0.171943">
        <testcase name="test_request_instance" file="/app/vendor/gammamatrix/playground-test/src/Unit/Http/Requests/RequestCase.php" line="41" class="Tests\Unit\Playground\Lead\Resource\Http\Requests\Source\StoreRequestTest" classname="Tests.Unit.Playground.Lead.Resource.Http.Requests.Source.StoreRequestTest" assertions="1" time="0.074961"/>
        <testcase name="test_StoreRequest_rules_with_optional_revisions_disabled" file="/app/tests/Unit/Http/Requests/Source/StoreRequestTest.php" line="19" class="Tests\Unit\Playground\Lead\Resource\Http\Requests\Source\StoreRequestTest" classname="Tests.Unit.Playground.Lead.Resource.Http.Requests.Source.StoreRequestTest" assertions="3" time="0.049273"/>
        <testcase name="test_StoreRequest_rules_with_optional_revisions_enabled" file="/app/tests/Unit/Http/Requests/Source/StoreRequestTest.php" line="29" class="Tests\Unit\Playground\Lead\Resource\Http\Requests\Source\StoreRequestTest" classname="Tests.Unit.Playground.Lead.Resource.Http.Requests.Source.StoreRequestTest" assertions="4" time="0.047709"/>
      </testsuite>
      <testsuite name="Tests\Unit\Playground\Lead\Resource\Http\Requests\Source\UnlockRequestTest" file="/app/tests/Unit/Http/Requests/Source/UnlockRequestTest.php" tests="1" assertions="1" errors="0" failures="0" skipped="0" time="0.049218">
        <testcase name="test_request_instance" file="/app/vendor/gammamatrix/playground-test/src/Unit/Http/Requests/RequestCase.php" line="41" class="Tests\Unit\Playground\Lead\Resource\Http\Requests\Source\UnlockRequestTest" classname="Tests.Unit.Playground.Lead.Resource.Http.Requests.Source.UnlockRequestTest" assertions="1" time="0.049218"/>
      </testsuite>
      <testsuite name="Tests\Unit\Playground\Lead\Resource\Http\Requests\Source\UpdateRequestTest" file="/app/tests/Unit/Http/Requests/Source/UpdateRequestTest.php" tests="3" assertions="8" errors="0" failures="0" skipped="0" time="0.169421">
        <testcase name="test_request_instance" file="/app/vendor/gammamatrix/playground-test/src/Unit/Http/Requests/RequestCase.php" line="41" class="Tests\Unit\Playground\Lead\Resource\Http\Requests\Source\UpdateRequestTest" classname="Tests.Unit.Playground.Lead.Resource.Http.Requests.Source.UpdateRequestTest" assertions="1" time="0.075086"/>
        <testcase name="test_UpdateRequest_rules_with_optional_revisions_disabled" file="/app/tests/Unit/Http/Requests/Source/UpdateRequestTest.php" line="19" class="Tests\Unit\Playground\Lead\Resource\Http\Requests\Source\UpdateRequestTest" classname="Tests.Unit.Playground.Lead.Resource.Http.Requests.Source.UpdateRequestTest" assertions="3" time="0.047165"/>
        <testcase name="test_UpdateRequest_rules_with_optional_revisions_enabled" file="/app/tests/Unit/Http/Requests/Source/UpdateRequestTest.php" line="29" class="Tests\Unit\Playground\Lead\Resource\Http\Requests\Source\UpdateRequestTest" classname="Tests.Unit.Playground.Lead.Resource.Http.Requests.Source.UpdateRequestTest" assertions="4" time="0.047170"/>
      </testsuite>
      <testsuite name="Tests\Unit\Playground\Lead\Resource\Http\Requests\Task\CreateRequestTest" file="/app/tests/Unit/Http/Requests/Task/CreateRequestTest.php" tests="1" assertions="1" errors="0" failures="0" skipped="0" time="0.069473">
        <testcase name="test_request_instance" file="/app/vendor/gammamatrix/playground-test/src/Unit/Http/Requests/RequestCase.php" line="41" class="Tests\Unit\Playground\Lead\Resource\Http\Requests\Task\CreateRequestTest" classname="Tests.Unit.Playground.Lead.Resource.Http.Requests.Task.CreateRequestTest" assertions="1" time="0.069473"/>
      </testsuite>
      <testsuite name="Tests\Unit\Playground\Lead\Resource\Http\Requests\Task\DestroyRequestTest" file="/app/tests/Unit/Http/Requests/Task/DestroyRequestTest.php" tests="1" assertions="1" errors="0" failures="0" skipped="0" time="0.050391">
        <testcase name="test_request_instance" file="/app/vendor/gammamatrix/playground-test/src/Unit/Http/Requests/RequestCase.php" line="41" class="Tests\Unit\Playground\Lead\Resource\Http\Requests\Task\DestroyRequestTest" classname="Tests.Unit.Playground.Lead.Resource.Http.Requests.Task.DestroyRequestTest" assertions="1" time="0.050391"/>
      </testsuite>
      <testsuite name="Tests\Unit\Playground\Lead\Resource\Http\Requests\Task\EditRequestTest" file="/app/tests/Unit/Http/Requests/Task/EditRequestTest.php" tests="1" assertions="1" errors="0" failures="0" skipped="0" time="0.076496">
        <testcase name="test_request_instance" file="/app/vendor/gammamatrix/playground-test/src/Unit/Http/Requests/RequestCase.php" line="41" class="Tests\Unit\Playground\Lead\Resource\Http\Requests\Task\EditRequestTest" classname="Tests.Unit.Playground.Lead.Resource.Http.Requests.Task.EditRequestTest" assertions="1" time="0.076496"/>
      </testsuite>
      <testsuite name="Tests\Unit\Playground\Lead\Resource\Http\Requests\Task\IndexRequestTest" file="/app/tests/Unit/Http/Requests/Task/IndexRequestTest.php" tests="1" assertions="1" errors="0" failures="0" skipped="0" time="0.135371">
        <testcase name="test_request_instance" file="/app/vendor/gammamatrix/playground-test/src/Unit/Http/Requests/RequestCase.php" line="41" class="Tests\Unit\Playground\Lead\Resource\Http\Requests\Task\IndexRequestTest" classname="Tests.Unit.Playground.Lead.Resource.Http.Requests.Task.IndexRequestTest" assertions="1" time="0.135371"/>
      </testsuite>
      <testsuite name="Tests\Unit\Playground\Lead\Resource\Http\Requests\Task\LockRequestTest" file="/app/tests/Unit/Http/Requests/Task/LockRequestTest.php" tests="1" assertions="1" errors="0" failures="0" skipped="0" time="0.049702">
        <testcase name="test_request_instance" file="/app/vendor/gammamatrix/playground-test/src/Unit/Http/Requests/RequestCase.php" line="41" class="Tests\Unit\Playground\Lead\Resource\Http\Requests\Task\LockRequestTest" classname="Tests.Unit.Playground.Lead.Resource.Http.Requests.Task.LockRequestTest" assertions="1" time="0.049702"/>
      </testsuite>
      <testsuite name="Tests\Unit\Playground\Lead\Resource\Http\Requests\Task\RestoreRequestTest" file="/app/tests/Unit/Http/Requests/Task/RestoreRequestTest.php" tests="1" assertions="1" errors="0" failures="0" skipped="0" time="0.048291">
        <testcase name="test_request_instance" file="/app/vendor/gammamatrix/playground-test/src/Unit/Http/Requests/RequestCase.php" line="41" class="Tests\Unit\Playground\Lead\Resource\Http\Requests\Task\RestoreRequestTest" classname="Tests.Unit.Playground.Lead.Resource.Http.Requests.Task.RestoreRequestTest" assertions="1" time="0.048291"/>
      </testsuite>
      <testsuite name="Tests\Unit\Playground\Lead\Resource\Http\Requests\Task\ShowRequestTest" file="/app/tests/Unit/Http/Requests/Task/ShowRequestTest.php" tests="1" assertions="1" errors="0" failures="0" skipped="0" time="0.047444">
        <testcase name="test_request_instance" file="/app/vendor/gammamatrix/playground-test/src/Unit/Http/Requests/RequestCase.php" line="41" class="Tests\Unit\Playground\Lead\Resource\Http\Requests\Task\ShowRequestTest" classname="Tests.Unit.Playground.Lead.Resource.Http.Requests.Task.ShowRequestTest" assertions="1" time="0.047444"/>
      </testsuite>
      <testsuite name="Tests\Unit\Playground\Lead\Resource\Http\Requests\Task\StoreRequestTest" file="/app/tests/Unit/Http/Requests/Task/StoreRequestTest.php" tests="3" assertions="8" errors="0" failures="0" skipped="0" time="0.166554">
        <testcase name="test_request_instance" file="/app/vendor/gammamatrix/playground-test/src/Unit/Http/Requests/RequestCase.php" line="41" class="Tests\Unit\Playground\Lead\Resource\Http\Requests\Task\StoreRequestTest" classname="Tests.Unit.Playground.Lead.Resource.Http.Requests.Task.StoreRequestTest" assertions="1" time="0.072155"/>
        <testcase name="test_StoreRequest_rules_with_optional_revisions_disabled" file="/app/tests/Unit/Http/Requests/Task/StoreRequestTest.php" line="19" class="Tests\Unit\Playground\Lead\Resource\Http\Requests\Task\StoreRequestTest" classname="Tests.Unit.Playground.Lead.Resource.Http.Requests.Task.StoreRequestTest" assertions="3" time="0.047441"/>
        <testcase name="test_StoreRequest_rules_with_optional_revisions_enabled" file="/app/tests/Unit/Http/Requests/Task/StoreRequestTest.php" line="29" class="Tests\Unit\Playground\Lead\Resource\Http\Requests\Task\StoreRequestTest" classname="Tests.Unit.Playground.Lead.Resource.Http.Requests.Task.StoreRequestTest" assertions="4" time="0.046959"/>
      </testsuite>
      <testsuite name="Tests\Unit\Playground\Lead\Resource\Http\Requests\Task\UnlockRequestTest" file="/app/tests/Unit/Http/Requests/Task/UnlockRequestTest.php" tests="1" assertions="1" errors="0" failures="0" skipped="0" time="0.048130">
        <testcase name="test_request_instance" file="/app/vendor/gammamatrix/playground-test/src/Unit/Http/Requests/RequestCase.php" line="41" class="Tests\Unit\Playground\Lead\Resource\Http\Requests\Task\UnlockRequestTest" classname="Tests.Unit.Playground.Lead.Resource.Http.Requests.Task.UnlockRequestTest" assertions="1" time="0.048130"/>
      </testsuite>
      <testsuite name="Tests\Unit\Playground\Lead\Resource\Http\Requests\Task\UpdateRequestTest" file="/app/tests/Unit/Http/Requests/Task/UpdateRequestTest.php" tests="3" assertions="8" errors="0" failures="0" skipped="0" time="0.166719">
        <testcase name="test_request_instance" file="/app/vendor/gammamatrix/playground-test/src/Unit/Http/Requests/RequestCase.php" line="41" class="Tests\Unit\Playground\Lead\Resource\Http\Requests\Task\UpdateRequestTest" classname="Tests.Unit.Playground.Lead.Resource.Http.Requests.Task.UpdateRequestTest" assertions="1" time="0.073299"/>
        <testcase name="test_UpdateRequest_rules_with_optional_revisions_disabled" file="/app/tests/Unit/Http/Requests/Task/UpdateRequestTest.php" line="19" class="Tests\Unit\Playground\Lead\Resource\Http\Requests\Task\UpdateRequestTest" classname="Tests.Unit.Playground.Lead.Resource.Http.Requests.Task.UpdateRequestTest" assertions="3" time="0.046651"/>
        <testcase name="test_UpdateRequest_rules_with_optional_revisions_enabled" file="/app/tests/Unit/Http/Requests/Task/UpdateRequestTest.php" line="29" class="Tests\Unit\Playground\Lead\Resource\Http\Requests\Task\UpdateRequestTest" classname="Tests.Unit.Playground.Lead.Resource.Http.Requests.Task.UpdateRequestTest" assertions="4" time="0.046769"/>
      </testsuite>
      <testsuite name="Tests\Unit\Playground\Lead\Resource\Http\Requests\Team\CreateRequestTest" file="/app/tests/Unit/Http/Requests/Team/CreateRequestTest.php" tests="1" assertions="1" errors="0" failures="0" skipped="0" time="0.069171">
        <testcase name="test_request_instance" file="/app/vendor/gammamatrix/playground-test/src/Unit/Http/Requests/RequestCase.php" line="41" class="Tests\Unit\Playground\Lead\Resource\Http\Requests\Team\CreateRequestTest" classname="Tests.Unit.Playground.Lead.Resource.Http.Requests.Team.CreateRequestTest" assertions="1" time="0.069171"/>
      </testsuite>
      <testsuite name="Tests\Unit\Playground\Lead\Resource\Http\Requests\Team\DestroyRequestTest" file="/app/tests/Unit/Http/Requests/Team/DestroyRequestTest.php" tests="1" assertions="1" errors="0" failures="0" skipped="0" time="0.051049">
        <testcase name="test_request_instance" file="/app/vendor/gammamatrix/playground-test/src/Unit/Http/Requests/RequestCase.php" line="41" class="Tests\Unit\Playground\Lead\Resource\Http\Requests\Team\DestroyRequestTest" classname="Tests.Unit.Playground.Lead.Resource.Http.Requests.Team.DestroyRequestTest" assertions="1" time="0.051049"/>
      </testsuite>
      <testsuite name="Tests\Unit\Playground\Lead\Resource\Http\Requests\Team\EditRequestTest" file="/app/tests/Unit/Http/Requests/Team/EditRequestTest.php" tests="1" assertions="1" errors="0" failures="0" skipped="0" time="0.081691">
        <testcase name="test_request_instance" file="/app/vendor/gammamatrix/playground-test/src/Unit/Http/Requests/RequestCase.php" line="41" class="Tests\Unit\Playground\Lead\Resource\Http\Requests\Team\EditRequestTest" classname="Tests.Unit.Playground.Lead.Resource.Http.Requests.Team.EditRequestTest" assertions="1" time="0.081691"/>
      </testsuite>
      <testsuite name="Tests\Unit\Playground\Lead\Resource\Http\Requests\Team\IndexRequestTest" file="/app/tests/Unit/Http/Requests/Team/IndexRequestTest.php" tests="1" assertions="1" errors="0" failures="0" skipped="0" time="0.135448">
        <testcase name="test_request_instance" file="/app/vendor/gammamatrix/playground-test/src/Unit/Http/Requests/RequestCase.php" line="41" class="Tests\Unit\Playground\Lead\Resource\Http\Requests\Team\IndexRequestTest" classname="Tests.Unit.Playground.Lead.Resource.Http.Requests.Team.IndexRequestTest" assertions="1" time="0.135448"/>
      </testsuite>
      <testsuite name="Tests\Unit\Playground\Lead\Resource\Http\Requests\Team\LockRequestTest" file="/app/tests/Unit/Http/Requests/Team/LockRequestTest.php" tests="1" assertions="1" errors="0" failures="0" skipped="0" time="0.049004">
        <testcase name="test_request_instance" file="/app/vendor/gammamatrix/playground-test/src/Unit/Http/Requests/RequestCase.php" line="41" class="Tests\Unit\Playground\Lead\Resource\Http\Requests\Team\LockRequestTest" classname="Tests.Unit.Playground.Lead.Resource.Http.Requests.Team.LockRequestTest" assertions="1" time="0.049004"/>
      </testsuite>
      <testsuite name="Tests\Unit\Playground\Lead\Resource\Http\Requests\Team\RestoreRequestTest" file="/app/tests/Unit/Http/Requests/Team/RestoreRequestTest.php" tests="1" assertions="1" errors="0" failures="0" skipped="0" time="0.048909">
        <testcase name="test_request_instance" file="/app/vendor/gammamatrix/playground-test/src/Unit/Http/Requests/RequestCase.php" line="41" class="Tests\Unit\Playground\Lead\Resource\Http\Requests\Team\RestoreRequestTest" classname="Tests.Unit.Playground.Lead.Resource.Http.Requests.Team.RestoreRequestTest" assertions="1" time="0.048909"/>
      </testsuite>
      <testsuite name="Tests\Unit\Playground\Lead\Resource\Http\Requests\Team\ShowRequestTest" file="/app/tests/Unit/Http/Requests/Team/ShowRequestTest.php" tests="1" assertions="1" errors="0" failures="0" skipped="0" time="0.048205">
        <testcase name="test_request_instance" file="/app/vendor/gammamatrix/playground-test/src/Unit/Http/Requests/RequestCase.php" line="41" class="Tests\Unit\Playground\Lead\Resource\Http\Requests\Team\ShowRequestTest" classname="Tests.Unit.Playground.Lead.Resource.Http.Requests.Team.ShowRequestTest" assertions="1" time="0.048205"/>
      </testsuite>
      <testsuite name="Tests\Unit\Playground\Lead\Resource\Http\Requests\Team\StoreRequestTest" file="/app/tests/Unit/Http/Requests/Team/StoreRequestTest.php" tests="3" assertions="8" errors="0" failures="0" skipped="0" time="0.170301">
        <testcase name="test_request_instance" file="/app/vendor/gammamatrix/playground-test/src/Unit/Http/Requests/RequestCase.php" line="41" class="Tests\Unit\Playground\Lead\Resource\Http\Requests\Team\StoreRequestTest" classname="Tests.Unit.Playground.Lead.Resource.Http.Requests.Team.StoreRequestTest" assertions="1" time="0.074048"/>
        <testcase name="test_StoreRequest_rules_with_optional_revisions_disabled" file="/app/tests/Unit/Http/Requests/Team/StoreRequestTest.php" line="19" class="Tests\Unit\Playground\Lead\Resource\Http\Requests\Team\StoreRequestTest" classname="Tests.Unit.Playground.Lead.Resource.Http.Requests.Team.StoreRequestTest" assertions="3" time="0.049416"/>
        <testcase name="test_StoreRequest_rules_with_optional_revisions_enabled" file="/app/tests/Unit/Http/Requests/Team/StoreRequestTest.php" line="29" class="Tests\Unit\Playground\Lead\Resource\Http\Requests\Team\StoreRequestTest" classname="Tests.Unit.Playground.Lead.Resource.Http.Requests.Team.StoreRequestTest" assertions="4" time="0.046837"/>
      </testsuite>
      <testsuite name="Tests\Unit\Playground\Lead\Resource\Http\Requests\Team\UnlockRequestTest" file="/app/tests/Unit/Http/Requests/Team/UnlockRequestTest.php" tests="1" assertions="1" errors="0" failures="0" skipped="0" time="0.048809">
        <testcase name="test_request_instance" file="/app/vendor/gammamatrix/playground-test/src/Unit/Http/Requests/RequestCase.php" line="41" class="Tests\Unit\Playground\Lead\Resource\Http\Requests\Team\UnlockRequestTest" classname="Tests.Unit.Playground.Lead.Resource.Http.Requests.Team.UnlockRequestTest" assertions="1" time="0.048809"/>
      </testsuite>
      <testsuite name="Tests\Unit\Playground\Lead\Resource\Http\Requests\Team\UpdateRequestTest" file="/app/tests/Unit/Http/Requests/Team/UpdateRequestTest.php" tests="3" assertions="8" errors="0" failures="0" skipped="0" time="0.169556">
        <testcase name="test_request_instance" file="/app/vendor/gammamatrix/playground-test/src/Unit/Http/Requests/RequestCase.php" line="41" class="Tests\Unit\Playground\Lead\Resource\Http\Requests\Team\UpdateRequestTest" classname="Tests.Unit.Playground.Lead.Resource.Http.Requests.Team.UpdateRequestTest" assertions="1" time="0.074178"/>
        <testcase name="test_UpdateRequest_rules_with_optional_revisions_disabled" file="/app/tests/Unit/Http/Requests/Team/UpdateRequestTest.php" line="19" class="Tests\Unit\Playground\Lead\Resource\Http\Requests\Team\UpdateRequestTest" classname="Tests.Unit.Playground.Lead.Resource.Http.Requests.Team.UpdateRequestTest" assertions="3" time="0.047782"/>
        <testcase name="test_UpdateRequest_rules_with_optional_revisions_enabled" file="/app/tests/Unit/Http/Requests/Team/UpdateRequestTest.php" line="29" class="Tests\Unit\Playground\Lead\Resource\Http\Requests\Team\UpdateRequestTest" classname="Tests.Unit.Playground.Lead.Resource.Http.Requests.Team.UpdateRequestTest" assertions="4" time="0.047596"/>
      </testsuite>
      <testsuite name="Tests\Unit\Playground\Lead\Resource\Http\Requests\Teammate\CreateRequestTest" file="/app/tests/Unit/Http/Requests/Teammate/CreateRequestTest.php" tests="1" assertions="1" errors="0" failures="0" skipped="0" time="0.070315">
        <testcase name="test_request_instance" file="/app/vendor/gammamatrix/playground-test/src/Unit/Http/Requests/RequestCase.php" line="41" class="Tests\Unit\Playground\Lead\Resource\Http\Requests\Teammate\CreateRequestTest" classname="Tests.Unit.Playground.Lead.Resource.Http.Requests.Teammate.CreateRequestTest" assertions="1" time="0.070315"/>
      </testsuite>
      <testsuite name="Tests\Unit\Playground\Lead\Resource\Http\Requests\Teammate\DestroyRequestTest" file="/app/tests/Unit/Http/Requests/Teammate/DestroyRequestTest.php" tests="1" assertions="1" errors="0" failures="0" skipped="0" time="0.051596">
        <testcase name="test_request_instance" file="/app/vendor/gammamatrix/playground-test/src/Unit/Http/Requests/RequestCase.php" line="41" class="Tests\Unit\Playground\Lead\Resource\Http\Requests\Teammate\DestroyRequestTest" classname="Tests.Unit.Playground.Lead.Resource.Http.Requests.Teammate.DestroyRequestTest" assertions="1" time="0.051596"/>
      </testsuite>
      <testsuite name="Tests\Unit\Playground\Lead\Resource\Http\Requests\Teammate\EditRequestTest" file="/app/tests/Unit/Http/Requests/Teammate/EditRequestTest.php" tests="1" assertions="1" errors="0" failures="0" skipped="0" time="0.079274">
        <testcase name="test_request_instance" file="/app/vendor/gammamatrix/playground-test/src/Unit/Http/Requests/RequestCase.php" line="41" class="Tests\Unit\Playground\Lead\Resource\Http\Requests\Teammate\EditRequestTest" classname="Tests.Unit.Playground.Lead.Resource.Http.Requests.Teammate.EditRequestTest" assertions="1" time="0.079274"/>
      </testsuite>
      <testsuite name="Tests\Unit\Playground\Lead\Resource\Http\Requests\Teammate\IndexRequestTest" file="/app/tests/Unit/Http/Requests/Teammate/IndexRequestTest.php" tests="1" assertions="1" errors="0" failures="0" skipped="0" time="0.136731">
        <testcase name="test_request_instance" file="/app/vendor/gammamatrix/playground-test/src/Unit/Http/Requests/RequestCase.php" line="41" class="Tests\Unit\Playground\Lead\Resource\Http\Requests\Teammate\IndexRequestTest" classname="Tests.Unit.Playground.Lead.Resource.Http.Requests.Teammate.IndexRequestTest" assertions="1" time="0.136731"/>
      </testsuite>
      <testsuite name="Tests\Unit\Playground\Lead\Resource\Http\Requests\Teammate\LockRequestTest" file="/app/tests/Unit/Http/Requests/Teammate/LockRequestTest.php" tests="1" assertions="1" errors="0" failures="0" skipped="0" time="0.049195">
        <testcase name="test_request_instance" file="/app/vendor/gammamatrix/playground-test/src/Unit/Http/Requests/RequestCase.php" line="41" class="Tests\Unit\Playground\Lead\Resource\Http\Requests\Teammate\LockRequestTest" classname="Tests.Unit.Playground.Lead.Resource.Http.Requests.Teammate.LockRequestTest" assertions="1" time="0.049195"/>
      </testsuite>
      <testsuite name="Tests\Unit\Playground\Lead\Resource\Http\Requests\Teammate\RestoreRequestTest" file="/app/tests/Unit/Http/Requests/Teammate/RestoreRequestTest.php" tests="1" assertions="1" errors="0" failures="0" skipped="0" time="0.048565">
        <testcase name="test_request_instance" file="/app/vendor/gammamatrix/playground-test/src/Unit/Http/Requests/RequestCase.php" line="41" class="Tests\Unit\Playground\Lead\Resource\Http\Requests\Teammate\RestoreRequestTest" classname="Tests.Unit.Playground.Lead.Resource.Http.Requests.Teammate.RestoreRequestTest" assertions="1" time="0.048565"/>
      </testsuite>
      <testsuite name="Tests\Unit\Playground\Lead\Resource\Http\Requests\Teammate\ShowRequestTest" file="/app/tests/Unit/Http/Requests/Teammate/ShowRequestTest.php" tests="1" assertions="1" errors="0" failures="0" skipped="0" time="0.046972">
        <testcase name="test_request_instance" file="/app/vendor/gammamatrix/playground-test/src/Unit/Http/Requests/RequestCase.php" line="41" class="Tests\Unit\Playground\Lead\Resource\Http\Requests\Teammate\ShowRequestTest" classname="Tests.Unit.Playground.Lead.Resource.Http.Requests.Teammate.ShowRequestTest" assertions="1" time="0.046972"/>
      </testsuite>
      <testsuite name="Tests\Unit\Playground\Lead\Resource\Http\Requests\Teammate\StoreRequestTest" file="/app/tests/Unit/Http/Requests/Teammate/StoreRequestTest.php" tests="3" assertions="8" errors="0" failures="0" skipped="0" time="0.167953">
        <testcase name="test_request_instance" file="/app/vendor/gammamatrix/playground-test/src/Unit/Http/Requests/RequestCase.php" line="41" class="Tests\Unit\Playground\Lead\Resource\Http\Requests\Teammate\StoreRequestTest" classname="Tests.Unit.Playground.Lead.Resource.Http.Requests.Teammate.StoreRequestTest" assertions="1" time="0.073710"/>
        <testcase name="test_StoreRequest_rules_with_optional_revisions_disabled" file="/app/tests/Unit/Http/Requests/Teammate/StoreRequestTest.php" line="19" class="Tests\Unit\Playground\Lead\Resource\Http\Requests\Teammate\StoreRequestTest" classname="Tests.Unit.Playground.Lead.Resource.Http.Requests.Teammate.StoreRequestTest" assertions="3" time="0.046939"/>
        <testcase name="test_StoreRequest_rules_with_optional_revisions_enabled" file="/app/tests/Unit/Http/Requests/Teammate/StoreRequestTest.php" line="29" class="Tests\Unit\Playground\Lead\Resource\Http\Requests\Teammate\StoreRequestTest" classname="Tests.Unit.Playground.Lead.Resource.Http.Requests.Teammate.StoreRequestTest" assertions="4" time="0.047304"/>
      </testsuite>
      <testsuite name="Tests\Unit\Playground\Lead\Resource\Http\Requests\Teammate\UnlockRequestTest" file="/app/tests/Unit/Http/Requests/Teammate/UnlockRequestTest.php" tests="1" assertions="1" errors="0" failures="0" skipped="0" time="0.049173">
        <testcase name="test_request_instance" file="/app/vendor/gammamatrix/playground-test/src/Unit/Http/Requests/RequestCase.php" line="41" class="Tests\Unit\Playground\Lead\Resource\Http\Requests\Teammate\UnlockRequestTest" classname="Tests.Unit.Playground.Lead.Resource.Http.Requests.Teammate.UnlockRequestTest" assertions="1" time="0.049173"/>
      </testsuite>
      <testsuite name="Tests\Unit\Playground\Lead\Resource\Http\Requests\Teammate\UpdateRequestTest" file="/app/tests/Unit/Http/Requests/Teammate/UpdateRequestTest.php" tests="3" assertions="8" errors="0" failures="0" skipped="0" time="0.169928">
        <testcase name="test_request_instance" file="/app/vendor/gammamatrix/playground-test/src/Unit/Http/Requests/RequestCase.php" line="41" class="Tests\Unit\Playground\Lead\Resource\Http\Requests\Teammate\UpdateRequestTest" classname="Tests.Unit.Playground.Lead.Resource.Http.Requests.Teammate.UpdateRequestTest" assertions="1" time="0.074625"/>
        <testcase name="test_UpdateRequest_rules_with_optional_revisions_disabled" file="/app/tests/Unit/Http/Requests/Teammate/UpdateRequestTest.php" line="19" class="Tests\Unit\Playground\Lead\Resource\Http\Requests\Teammate\UpdateRequestTest" classname="Tests.Unit.Playground.Lead.Resource.Http.Requests.Teammate.UpdateRequestTest" assertions="3" time="0.047687"/>
        <testcase name="test_UpdateRequest_rules_with_optional_revisions_enabled" file="/app/tests/Unit/Http/Requests/Teammate/UpdateRequestTest.php" line="29" class="Tests\Unit\Playground\Lead\Resource\Http\Requests\Teammate\UpdateRequestTest" classname="Tests.Unit.Playground.Lead.Resource.Http.Requests.Teammate.UpdateRequestTest" assertions="4" time="0.047617"/>
      </testsuite>
      <testsuite name="Tests\Unit\Playground\Lead\Resource\Policies\CampaignPolicy\PolicyTest" file="/app/tests/Unit/Policies/CampaignPolicy/PolicyTest.php" tests="1" assertions="1" errors="0" failures="0" skipped="0" time="0.048418">
        <testcase name="test_policy_instance" file="/app/tests/Unit/Policies/CampaignPolicy/PolicyTest.php" line="19" class="Tests\Unit\Playground\Lead\Resource\Policies\CampaignPolicy\PolicyTest" classname="Tests.Unit.Playground.Lead.Resource.Policies.CampaignPolicy.PolicyTest" assertions="1" time="0.048418"/>
      </testsuite>
      <testsuite name="Tests\Unit\Playground\Lead\Resource\Policies\GoalPolicy\PolicyTest" file="/app/tests/Unit/Policies/GoalPolicy/PolicyTest.php" tests="1" assertions="1" errors="0" failures="0" skipped="0" time="0.047216">
        <testcase name="test_policy_instance" file="/app/tests/Unit/Policies/GoalPolicy/PolicyTest.php" line="19" class="Tests\Unit\Playground\Lead\Resource\Policies\GoalPolicy\PolicyTest" classname="Tests.Unit.Playground.Lead.Resource.Policies.GoalPolicy.PolicyTest" assertions="1" time="0.047216"/>
      </testsuite>
      <testsuite name="Tests\Unit\Playground\Lead\Resource\Policies\LeadPolicy\PolicyTest" file="/app/tests/Unit/Policies/LeadPolicy/PolicyTest.php" tests="1" assertions="1" errors="0" failures="0" skipped="0" time="0.048593">
        <testcase name="test_policy_instance" file="/app/tests/Unit/Policies/LeadPolicy/PolicyTest.php" line="19" class="Tests\Unit\Playground\Lead\Resource\Policies\LeadPolicy\PolicyTest" classname="Tests.Unit.Playground.Lead.Resource.Policies.LeadPolicy.PolicyTest" assertions="1" time="0.048593"/>
      </testsuite>
      <testsuite name="Tests\Unit\Playground\Lead\Resource\Policies\OpportunityPolicy\PolicyTest" file="/app/tests/Unit/Policies/OpportunityPolicy/PolicyTest.php" tests="1" assertions="1" errors="0" failures="0" skipped="0" time="0.047004">
        <testcase name="test_policy_instance" file="/app/tests/Unit/Policies/OpportunityPolicy/PolicyTest.php" line="19" class="Tests\Unit\Playground\Lead\Resource\Policies\OpportunityPolicy\PolicyTest" classname="Tests.Unit.Playground.Lead.Resource.Policies.OpportunityPolicy.PolicyTest" assertions="1" time="0.047004"/>
      </testsuite>
      <testsuite name="Tests\Unit\Playground\Lead\Resource\Policies\PlanPolicy\PolicyTest" file="/app/tests/Unit/Policies/PlanPolicy/PolicyTest.php" tests="1" assertions="1" errors="0" failures="0" skipped="0" time="0.046521">
        <testcase name="test_policy_instance" file="/app/tests/Unit/Policies/PlanPolicy/PolicyTest.php" line="19" class="Tests\Unit\Playground\Lead\Resource\Policies\PlanPolicy\PolicyTest" classname="Tests.Unit.Playground.Lead.Resource.Policies.PlanPolicy.PolicyTest" assertions="1" time="0.046521"/>
      </testsuite>
      <testsuite name="Tests\Unit\Playground\Lead\Resource\Policies\RegionPolicy\PolicyTest" file="/app/tests/Unit/Policies/RegionPolicy/PolicyTest.php" tests="1" assertions="1" errors="0" failures="0" skipped="0" time="0.047462">
        <testcase name="test_policy_instance" file="/app/tests/Unit/Policies/RegionPolicy/PolicyTest.php" line="19" class="Tests\Unit\Playground\Lead\Resource\Policies\RegionPolicy\PolicyTest" classname="Tests.Unit.Playground.Lead.Resource.Policies.RegionPolicy.PolicyTest" assertions="1" time="0.047462"/>
      </testsuite>
      <testsuite name="Tests\Unit\Playground\Lead\Resource\Policies\ReportPolicy\PolicyTest" file="/app/tests/Unit/Policies/ReportPolicy/PolicyTest.php" tests="1" assertions="1" errors="0" failures="0" skipped="0" time="0.055078">
        <testcase name="test_policy_instance" file="/app/tests/Unit/Policies/ReportPolicy/PolicyTest.php" line="19" class="Tests\Unit\Playground\Lead\Resource\Policies\ReportPolicy\PolicyTest" classname="Tests.Unit.Playground.Lead.Resource.Policies.ReportPolicy.PolicyTest" assertions="1" time="0.055078"/>
      </testsuite>
      <testsuite name="Tests\Unit\Playground\Lead\Resource\Policies\SourcePolicy\PolicyTest" file="/app/tests/Unit/Policies/SourcePolicy/PolicyTest.php" tests="1" assertions="1" errors="0" failures="0" skipped="0" time="0.049892">
        <testcase name="test_policy_instance" file="/app/tests/Unit/Policies/SourcePolicy/PolicyTest.php" line="19" class="Tests\Unit\Playground\Lead\Resource\Policies\SourcePolicy\PolicyTest" classname="Tests.Unit.Playground.Lead.Resource.Policies.SourcePolicy.PolicyTest" assertions="1" time="0.049892"/>
      </testsuite>
      <testsuite name="Tests\Unit\Playground\Lead\Resource\Policies\TaskPolicy\PolicyTest" file="/app/tests/Unit/Policies/TaskPolicy/PolicyTest.php" tests="1" assertions="1" errors="0" failures="0" skipped="0" time="0.048491">
        <testcase name="test_policy_instance" file="/app/tests/Unit/Policies/TaskPolicy/PolicyTest.php" line="19" class="Tests\Unit\Playground\Lead\Resource\Policies\TaskPolicy\PolicyTest" classname="Tests.Unit.Playground.Lead.Resource.Policies.TaskPolicy.PolicyTest" assertions="1" time="0.048491"/>
      </testsuite>
      <testsuite name="Tests\Unit\Playground\Lead\Resource\Policies\TeamPolicy\PolicyTest" file="/app/tests/Unit/Policies/TeamPolicy/PolicyTest.php" tests="1" assertions="1" errors="0" failures="0" skipped="0" time="0.047447">
        <testcase name="test_policy_instance" file="/app/tests/Unit/Policies/TeamPolicy/PolicyTest.php" line="19" class="Tests\Unit\Playground\Lead\Resource\Policies\TeamPolicy\PolicyTest" classname="Tests.Unit.Playground.Lead.Resource.Policies.TeamPolicy.PolicyTest" assertions="1" time="0.047447"/>
      </testsuite>
      <testsuite name="Tests\Unit\Playground\Lead\Resource\Policies\TeammatePolicy\PolicyTest" file="/app/tests/Unit/Policies/TeammatePolicy/PolicyTest.php" tests="1" assertions="1" errors="0" failures="0" skipped="0" time="0.047954">
        <testcase name="test_policy_instance" file="/app/tests/Unit/Policies/TeammatePolicy/PolicyTest.php" line="19" class="Tests\Unit\Playground\Lead\Resource\Policies\TeammatePolicy\PolicyTest" classname="Tests.Unit.Playground.Lead.Resource.Policies.TeammatePolicy.PolicyTest" assertions="1" time="0.047954"/>
      </testsuite>
      <testsuite name="Tests\Unit\Playground\Lead\Resource\ServiceProvider\InstanceTest" file="/app/tests/Unit/ServiceProvider/InstanceTest.php" tests="4" assertions="8" errors="0" failures="0" skipped="0" time="0.189602">
        <testcase name="test_version_matches" file="/app/tests/Unit/ServiceProvider/InstanceTest.php" line="20" class="Tests\Unit\Playground\Lead\Resource\ServiceProvider\InstanceTest" classname="Tests.Unit.Playground.Lead.Resource.ServiceProvider.InstanceTest" assertions="3" time="0.047744"/>
        <testcase name="test_setPolicies_with_empty_array" file="/app/tests/Unit/ServiceProvider/InstanceTest.php" line="29" class="Tests\Unit\Playground\Lead\Resource\ServiceProvider\InstanceTest" classname="Tests.Unit.Playground.Lead.Resource.ServiceProvider.InstanceTest" assertions="1" time="0.045645"/>
        <testcase name="test_setPolicies_with_invalid_model" file="/app/tests/Unit/ServiceProvider/InstanceTest.php" line="43" class="Tests\Unit\Playground\Lead\Resource\ServiceProvider\InstanceTest" classname="Tests.Unit.Playground.Lead.Resource.ServiceProvider.InstanceTest" assertions="2" time="0.048206"/>
        <testcase name="test_setPolicies_with_invalid_policy" file="/app/tests/Unit/ServiceProvider/InstanceTest.php" line="72" class="Tests\Unit\Playground\Lead\Resource\ServiceProvider\InstanceTest" classname="Tests.Unit.Playground.Lead.Resource.ServiceProvider.InstanceTest" assertions="2" time="0.048007"/>
      </testsuite>
    </testsuite>
    <testsuite name="Feature" tests="807" assertions="14691" errors="0" failures="0" skipped="0" time="325.571187">
      <testsuite name="Tests\Feature\Playground\Lead\Resource\Console\Commands\About\CommandTest" file="/app/tests/Feature/Console/Commands/About/CommandTest.php" tests="1" assertions="2" errors="0" failures="0" skipped="0" time="0.680593">
        <testcase name="test_command_about_displays_package_information_and_succeed" file="/app/tests/Feature/Console/Commands/About/CommandTest.php" line="20" class="Tests\Feature\Playground\Lead\Resource\Console\Commands\About\CommandTest" classname="Tests.Feature.Playground.Lead.Resource.Console.Commands.About.CommandTest" assertions="2" time="0.680593"/>
      </testsuite>
      <testsuite name="Tests\Feature\Playground\Lead\Resource\Http\Controllers\Playground\CampaignRouteTest" file="/app/tests/Feature/Http/Controllers/Playground/CampaignRouteTest.php" tests="73" assertions="1335" errors="0" failures="0" skipped="0" time="28.303888">
        <testcase name="test_json_guest_cannot_get_create_info" file="/app/vendor/gammamatrix/playground-test/src/Feature/Http/Controllers/Resource/Playground/CreateJsonTrait.php" line="38" class="Tests\Feature\Playground\Lead\Resource\Http\Controllers\Playground\CampaignRouteTest" classname="Tests.Feature.Playground.Lead.Resource.Http.Controllers.Playground.CampaignRouteTest" assertions="1" time="0.448285"/>
        <testcase name="test_json_admin_can_get_create_info" file="/app/vendor/gammamatrix/playground-test/src/Feature/Http/Controllers/Resource/Playground/CreateJsonTrait.php" line="53" class="Tests\Feature\Playground\Lead\Resource\Http\Controllers\Playground\CampaignRouteTest" classname="Tests.Feature.Playground.Lead.Resource.Http.Controllers.Playground.CampaignRouteTest" assertions="123" time="0.404710"/>
        <testcase name="test_json_get_create_info_as_admin_with_invalid_parameter_and_fail_validation" file="/app/vendor/gammamatrix/playground-test/src/Feature/Http/Controllers/Resource/Playground/CreateJsonTrait.php" line="73" class="Tests\Feature\Playground\Lead\Resource\Http\Controllers\Playground\CampaignRouteTest" classname="Tests.Feature.Playground.Lead.Resource.Http.Controllers.Playground.CampaignRouteTest" assertions="4" time="0.370813"/>
        <testcase name="test_guest_cannot_render_create_view" file="/app/vendor/gammamatrix/playground-test/src/Feature/Http/Controllers/Resource/Playground/CreateTrait.php" line="33" class="Tests\Feature\Playground\Lead\Resource\Http\Controllers\Playground\CampaignRouteTest" classname="Tests.Feature.Playground.Lead.Resource.Http.Controllers.Playground.CampaignRouteTest" assertions="1" time="0.347379"/>
        <testcase name="test_admin_can_render_create_view" file="/app/vendor/gammamatrix/playground-test/src/Feature/Http/Controllers/Resource/Playground/CreateTrait.php" line="47" class="Tests\Feature\Playground\Lead\Resource\Http\Controllers\Playground\CampaignRouteTest" classname="Tests.Feature.Playground.Lead.Resource.Http.Controllers.Playground.CampaignRouteTest" assertions="2" time="0.491691"/>
        <testcase name="test_admin_can_render_create_view_with_return_url" file="/app/vendor/gammamatrix/playground-test/src/Feature/Http/Controllers/Resource/Playground/CreateTrait.php" line="65" class="Tests\Feature\Playground\Lead\Resource\Http\Controllers\Playground\CampaignRouteTest" classname="Tests.Feature.Playground.Lead.Resource.Http.Controllers.Playground.CampaignRouteTest" assertions="3" time="0.385978"/>
        <testcase name="test_create_view_as_admin_with_invalid_parameter_and_fail_validation_and_redirect" file="/app/vendor/gammamatrix/playground-test/src/Feature/Http/Controllers/Resource/Playground/CreateTrait.php" line="92" class="Tests\Feature\Playground\Lead\Resource\Http\Controllers\Playground\CampaignRouteTest" classname="Tests.Feature.Playground.Lead.Resource.Http.Controllers.Playground.CampaignRouteTest" assertions="5" time="0.359314"/>
        <testcase name="test_json_guest_cannot_destroy" file="/app/vendor/gammamatrix/playground-test/src/Feature/Http/Controllers/Resource/Playground/DestroyJsonTrait.php" line="31" class="Tests\Feature\Playground\Lead\Resource\Http\Controllers\Playground\CampaignRouteTest" classname="Tests.Feature.Playground.Lead.Resource.Http.Controllers.Playground.CampaignRouteTest" assertions="3" time="0.358254"/>
        <testcase name="test_json_destroy_as_admin_and_succeed" file="/app/vendor/gammamatrix/playground-test/src/Feature/Http/Controllers/Resource/Playground/DestroyJsonTrait.php" line="61" class="Tests\Feature\Playground\Lead\Resource\Http\Controllers\Playground\CampaignRouteTest" classname="Tests.Feature.Playground.Lead.Resource.Http.Controllers.Playground.CampaignRouteTest" assertions="5" time="0.369773"/>
        <testcase name="test_json_destroy_as_admin_and_succeed_with_force_delete" file="/app/vendor/gammamatrix/playground-test/src/Feature/Http/Controllers/Resource/Playground/DestroyJsonTrait.php" line="100" class="Tests\Feature\Playground\Lead\Resource\Http\Controllers\Playground\CampaignRouteTest" classname="Tests.Feature.Playground.Lead.Resource.Http.Controllers.Playground.CampaignRouteTest" assertions="4" time="0.364167"/>
        <testcase name="test_json_destroy_as_admin_and_succeed_with_no_content" file="/app/vendor/gammamatrix/playground-test/src/Feature/Http/Controllers/Resource/Playground/DestroyJsonTrait.php" line="132" class="Tests\Feature\Playground\Lead\Resource\Http\Controllers\Playground\CampaignRouteTest" classname="Tests.Feature.Playground.Lead.Resource.Http.Controllers.Playground.CampaignRouteTest" assertions="5" time="0.371973"/>
        <testcase name="test_json_destroy_as_admin_and_succeed_and_ignore_redirect" file="/app/vendor/gammamatrix/playground-test/src/Feature/Http/Controllers/Resource/Playground/DestroyJsonTrait.php" line="167" class="Tests\Feature\Playground\Lead\Resource\Http\Controllers\Playground\CampaignRouteTest" classname="Tests.Feature.Playground.Lead.Resource.Http.Controllers.Playground.CampaignRouteTest" assertions="5" time="0.376777"/>
        <testcase name="test_json_destroy_as_user_and_get_denied_and_no_force_delete_allowed" file="/app/vendor/gammamatrix/playground-test/src/Feature/Http/Controllers/Resource/Playground/DestroyJsonTrait.php" line="209" class="Tests\Feature\Playground\Lead\Resource\Http\Controllers\Playground\CampaignRouteTest" classname="Tests.Feature.Playground.Lead.Resource.Http.Controllers.Playground.CampaignRouteTest" assertions="3" time="0.364736"/>
        <testcase name="test_guest_cannot_destroy" file="/app/vendor/gammamatrix/playground-test/src/Feature/Http/Controllers/Resource/Playground/DestroyTrait.php" line="31" class="Tests\Feature\Playground\Lead\Resource\Http\Controllers\Playground\CampaignRouteTest" classname="Tests.Feature.Playground.Lead.Resource.Http.Controllers.Playground.CampaignRouteTest" assertions="3" time="0.355285"/>
        <testcase name="test_destroy_as_admin_and_succeed" file="/app/vendor/gammamatrix/playground-test/src/Feature/Http/Controllers/Resource/Playground/DestroyTrait.php" line="61" class="Tests\Feature\Playground\Lead\Resource\Http\Controllers\Playground\CampaignRouteTest" classname="Tests.Feature.Playground.Lead.Resource.Http.Controllers.Playground.CampaignRouteTest" assertions="5" time="0.365397"/>
        <testcase name="test_destroy_as_admin_and_succeed_with_force_delete" file="/app/vendor/gammamatrix/playground-test/src/Feature/Http/Controllers/Resource/Playground/DestroyTrait.php" line="97" class="Tests\Feature\Playground\Lead\Resource\Http\Controllers\Playground\CampaignRouteTest" classname="Tests.Feature.Playground.Lead.Resource.Http.Controllers.Playground.CampaignRouteTest" assertions="4" time="0.367268"/>
        <testcase name="test_destroy_as_admin_and_succeed_with_redirect_to_index_with_trash" file="/app/vendor/gammamatrix/playground-test/src/Feature/Http/Controllers/Resource/Playground/DestroyTrait.php" line="129" class="Tests\Feature\Playground\Lead\Resource\Http\Controllers\Playground\CampaignRouteTest" classname="Tests.Feature.Playground.Lead.Resource.Http.Controllers.Playground.CampaignRouteTest" assertions="5" time="0.363159"/>
        <testcase name="test_destroy_as_user_and_get_denied_and_no_force_delete_allowed" file="/app/vendor/gammamatrix/playground-test/src/Feature/Http/Controllers/Resource/Playground/DestroyTrait.php" line="171" class="Tests\Feature\Playground\Lead\Resource\Http\Controllers\Playground\CampaignRouteTest" classname="Tests.Feature.Playground.Lead.Resource.Http.Controllers.Playground.CampaignRouteTest" assertions="3" time="0.372726"/>
        <testcase name="test_json_guest_cannot_get_edit_info" file="/app/vendor/gammamatrix/playground-test/src/Feature/Http/Controllers/Resource/Playground/EditJsonTrait.php" line="38" class="Tests\Feature\Playground\Lead\Resource\Http\Controllers\Playground\CampaignRouteTest" classname="Tests.Feature.Playground.Lead.Resource.Http.Controllers.Playground.CampaignRouteTest" assertions="1" time="0.367038"/>
        <testcase name="test_json_admin_can_get_edit_info" file="/app/vendor/gammamatrix/playground-test/src/Feature/Http/Controllers/Resource/Playground/EditJsonTrait.php" line="58" class="Tests\Feature\Playground\Lead\Resource\Http\Controllers\Playground\CampaignRouteTest" classname="Tests.Feature.Playground.Lead.Resource.Http.Controllers.Playground.CampaignRouteTest" assertions="4" time="0.382601"/>
        <testcase name="test_json_edit_as_admin_and_fail_validation_with_invalid_parameter" file="/app/vendor/gammamatrix/playground-test/src/Feature/Http/Controllers/Resource/Playground/EditJsonTrait.php" line="87" class="Tests\Feature\Playground\Lead\Resource\Http\Controllers\Playground\CampaignRouteTest" classname="Tests.Feature.Playground.Lead.Resource.Http.Controllers.Playground.CampaignRouteTest" assertions="4" time="0.379176"/>
        <testcase name="test_guest_cannot_render_edit_view" file="/app/vendor/gammamatrix/playground-test/src/Feature/Http/Controllers/Resource/Playground/EditTrait.php" line="33" class="Tests\Feature\Playground\Lead\Resource\Http\Controllers\Playground\CampaignRouteTest" classname="Tests.Feature.Playground.Lead.Resource.Http.Controllers.Playground.CampaignRouteTest" assertions="1" time="0.360464"/>
        <testcase name="test_admin_can_render_edit_view" file="/app/vendor/gammamatrix/playground-test/src/Feature/Http/Controllers/Resource/Playground/EditTrait.php" line="53" class="Tests\Feature\Playground\Lead\Resource\Http\Controllers\Playground\CampaignRouteTest" classname="Tests.Feature.Playground.Lead.Resource.Http.Controllers.Playground.CampaignRouteTest" assertions="2" time="0.399269"/>
        <testcase name="test_admin_can_render_edit_view_with_return_url" file="/app/vendor/gammamatrix/playground-test/src/Feature/Http/Controllers/Resource/Playground/EditTrait.php" line="77" class="Tests\Feature\Playground\Lead\Resource\Http\Controllers\Playground\CampaignRouteTest" classname="Tests.Feature.Playground.Lead.Resource.Http.Controllers.Playground.CampaignRouteTest" assertions="3" time="0.407130"/>
        <testcase name="test_edit_view_as_admin_with_invalid_parameter_and_fail_validation_and_redirect" file="/app/vendor/gammamatrix/playground-test/src/Feature/Http/Controllers/Resource/Playground/EditTrait.php" line="109" class="Tests\Feature\Playground\Lead\Resource\Http\Controllers\Playground\CampaignRouteTest" classname="Tests.Feature.Playground.Lead.Resource.Http.Controllers.Playground.CampaignRouteTest" assertions="4" time="0.375999"/>
        <testcase name="test_json_guest_cannot_get_index" file="/app/vendor/gammamatrix/playground-test/src/Feature/Http/Controllers/Resource/Playground/IndexJsonTrait.php" line="34" class="Tests\Feature\Playground\Lead\Resource\Http\Controllers\Playground\CampaignRouteTest" classname="Tests.Feature.Playground.Lead.Resource.Http.Controllers.Playground.CampaignRouteTest" assertions="1" time="0.359287"/>
        <testcase name="test_json_admin_can_get_index" file="/app/vendor/gammamatrix/playground-test/src/Feature/Http/Controllers/Resource/Playground/IndexJsonTrait.php" line="49" class="Tests\Feature\Playground\Lead\Resource\Http\Controllers\Playground\CampaignRouteTest" classname="Tests.Feature.Playground.Lead.Resource.Http.Controllers.Playground.CampaignRouteTest" assertions="130" time="0.403876"/>
        <testcase name="test_json_admin_can_get_index_with_filters" file="/app/vendor/gammamatrix/playground-test/src/Feature/Http/Controllers/Resource/Playground/IndexJsonTrait.php" line="85" class="Tests\Feature\Playground\Lead\Resource\Http\Controllers\Playground\CampaignRouteTest" classname="Tests.Feature.Playground.Lead.Resource.Http.Controllers.Playground.CampaignRouteTest" assertions="3" time="0.412023"/>
        <testcase name="test_guest_cannot_render_index_view" file="/app/vendor/gammamatrix/playground-test/src/Feature/Http/Controllers/Resource/Playground/IndexTrait.php" line="29" class="Tests\Feature\Playground\Lead\Resource\Http\Controllers\Playground\CampaignRouteTest" classname="Tests.Feature.Playground.Lead.Resource.Http.Controllers.Playground.CampaignRouteTest" assertions="1" time="0.371018"/>
        <testcase name="test_admin_can_render_index_view" file="/app/vendor/gammamatrix/playground-test/src/Feature/Http/Controllers/Resource/Playground/IndexTrait.php" line="44" class="Tests\Feature\Playground\Lead\Resource\Http\Controllers\Playground\CampaignRouteTest" classname="Tests.Feature.Playground.Lead.Resource.Http.Controllers.Playground.CampaignRouteTest" assertions="2" time="0.512519"/>
        <testcase name="test_admin_can_render_index_view_with_filters" file="/app/vendor/gammamatrix/playground-test/src/Feature/Http/Controllers/Resource/Playground/IndexTrait.php" line="77" class="Tests\Feature\Playground\Lead\Resource\Http\Controllers\Playground\CampaignRouteTest" classname="Tests.Feature.Playground.Lead.Resource.Http.Controllers.Playground.CampaignRouteTest" assertions="3" time="0.411719"/>
        <testcase name="test_json_guest_cannot_lock" file="/app/vendor/gammamatrix/playground-test/src/Feature/Http/Controllers/Resource/Playground/LockJsonTrait.php" line="36" class="Tests\Feature\Playground\Lead\Resource\Http\Controllers\Playground\CampaignRouteTest" classname="Tests.Feature.Playground.Lead.Resource.Http.Controllers.Playground.CampaignRouteTest" assertions="3" time="0.360782"/>
        <testcase name="test_json_lock_as_admin_and_succeed" file="/app/vendor/gammamatrix/playground-test/src/Feature/Http/Controllers/Resource/Playground/LockJsonTrait.php" line="66" class="Tests\Feature\Playground\Lead\Resource\Http\Controllers\Playground\CampaignRouteTest" classname="Tests.Feature.Playground.Lead.Resource.Http.Controllers.Playground.CampaignRouteTest" assertions="3" time="0.378856"/>
        <testcase name="test_json_lock_as_admin_and_succeed_with_no_redirect" file="/app/vendor/gammamatrix/playground-test/src/Feature/Http/Controllers/Resource/Playground/LockJsonTrait.php" line="98" class="Tests\Feature\Playground\Lead\Resource\Http\Controllers\Playground\CampaignRouteTest" classname="Tests.Feature.Playground.Lead.Resource.Http.Controllers.Playground.CampaignRouteTest" assertions="125" time="0.382989"/>
        <testcase name="test_json_lock_as_user_and_get_denied" file="/app/vendor/gammamatrix/playground-test/src/Feature/Http/Controllers/Resource/Playground/LockJsonTrait.php" line="143" class="Tests\Feature\Playground\Lead\Resource\Http\Controllers\Playground\CampaignRouteTest" classname="Tests.Feature.Playground.Lead.Resource.Http.Controllers.Playground.CampaignRouteTest" assertions="3" time="0.372379"/>
        <testcase name="test_guest_cannot_lock" file="/app/vendor/gammamatrix/playground-test/src/Feature/Http/Controllers/Resource/Playground/LockTrait.php" line="31" class="Tests\Feature\Playground\Lead\Resource\Http\Controllers\Playground\CampaignRouteTest" classname="Tests.Feature.Playground.Lead.Resource.Http.Controllers.Playground.CampaignRouteTest" assertions="3" time="0.366072"/>
        <testcase name="test_lock_as_admin_and_succeed" file="/app/vendor/gammamatrix/playground-test/src/Feature/Http/Controllers/Resource/Playground/LockTrait.php" line="61" class="Tests\Feature\Playground\Lead\Resource\Http\Controllers\Playground\CampaignRouteTest" classname="Tests.Feature.Playground.Lead.Resource.Http.Controllers.Playground.CampaignRouteTest" assertions="4" time="0.389073"/>
        <testcase name="test_lock_as_admin_and_succeed_with_redirect_to_index_with_sorted_by_locked_desc" file="/app/vendor/gammamatrix/playground-test/src/Feature/Http/Controllers/Resource/Playground/LockTrait.php" line="95" class="Tests\Feature\Playground\Lead\Resource\Http\Controllers\Playground\CampaignRouteTest" classname="Tests.Feature.Playground.Lead.Resource.Http.Controllers.Playground.CampaignRouteTest" assertions="4" time="0.377190"/>
        <testcase name="test_lock_as_user_and_get_denied" file="/app/vendor/gammamatrix/playground-test/src/Feature/Http/Controllers/Resource/Playground/LockTrait.php" line="132" class="Tests\Feature\Playground\Lead\Resource\Http\Controllers\Playground\CampaignRouteTest" classname="Tests.Feature.Playground.Lead.Resource.Http.Controllers.Playground.CampaignRouteTest" assertions="3" time="0.373877"/>
        <testcase name="test_json_guest_cannot_restore" file="/app/vendor/gammamatrix/playground-test/src/Feature/Http/Controllers/Resource/Playground/RestoreJsonTrait.php" line="32" class="Tests\Feature\Playground\Lead\Resource\Http\Controllers\Playground\CampaignRouteTest" classname="Tests.Feature.Playground.Lead.Resource.Http.Controllers.Playground.CampaignRouteTest" assertions="3" time="0.360482"/>
        <testcase name="test_json_restore_as_admin_and_succeed" file="/app/vendor/gammamatrix/playground-test/src/Feature/Http/Controllers/Resource/Playground/RestoreJsonTrait.php" line="64" class="Tests\Feature\Playground\Lead\Resource\Http\Controllers\Playground\CampaignRouteTest" classname="Tests.Feature.Playground.Lead.Resource.Http.Controllers.Playground.CampaignRouteTest" assertions="125" time="0.381612"/>
        <testcase name="test_json_restore_as_admin_and_succeed_with_no_redirect" file="/app/vendor/gammamatrix/playground-test/src/Feature/Http/Controllers/Resource/Playground/RestoreJsonTrait.php" line="100" class="Tests\Feature\Playground\Lead\Resource\Http\Controllers\Playground\CampaignRouteTest" classname="Tests.Feature.Playground.Lead.Resource.Http.Controllers.Playground.CampaignRouteTest" assertions="125" time="0.401322"/>
        <testcase name="test_json_restore_as_user_and_get_denied" file="/app/vendor/gammamatrix/playground-test/src/Feature/Http/Controllers/Resource/Playground/RestoreJsonTrait.php" line="143" class="Tests\Feature\Playground\Lead\Resource\Http\Controllers\Playground\CampaignRouteTest" classname="Tests.Feature.Playground.Lead.Resource.Http.Controllers.Playground.CampaignRouteTest" assertions="3" time="0.379279"/>
        <testcase name="test_guest_cannot_restore" file="/app/vendor/gammamatrix/playground-test/src/Feature/Http/Controllers/Resource/Playground/RestoreTrait.php" line="32" class="Tests\Feature\Playground\Lead\Resource\Http\Controllers\Playground\CampaignRouteTest" classname="Tests.Feature.Playground.Lead.Resource.Http.Controllers.Playground.CampaignRouteTest" assertions="3" time="0.362461"/>
        <testcase name="test_restore_as_admin_and_succeed" file="/app/vendor/gammamatrix/playground-test/src/Feature/Http/Controllers/Resource/Playground/RestoreTrait.php" line="64" class="Tests\Feature\Playground\Lead\Resource\Http\Controllers\Playground\CampaignRouteTest" classname="Tests.Feature.Playground.Lead.Resource.Http.Controllers.Playground.CampaignRouteTest" assertions="4" time="0.382101"/>
        <testcase name="test_restore_as_admin_and_succeed_with_redirect_to_index_with_only_trash" file="/app/vendor/gammamatrix/playground-test/src/Feature/Http/Controllers/Resource/Playground/RestoreTrait.php" line="100" class="Tests\Feature\Playground\Lead\Resource\Http\Controllers\Playground\CampaignRouteTest" classname="Tests.Feature.Playground.Lead.Resource.Http.Controllers.Playground.CampaignRouteTest" assertions="4" time="0.386308"/>
        <testcase name="test_restore_as_user_and_get_denied" file="/app/vendor/gammamatrix/playground-test/src/Feature/Http/Controllers/Resource/Playground/RestoreTrait.php" line="146" class="Tests\Feature\Playground\Lead\Resource\Http\Controllers\Playground\CampaignRouteTest" classname="Tests.Feature.Playground.Lead.Resource.Http.Controllers.Playground.CampaignRouteTest" assertions="3" time="0.374177"/>
        <testcase name="test_json_guest_cannot_see_info" file="/app/vendor/gammamatrix/playground-test/src/Feature/Http/Controllers/Resource/Playground/ShowJsonTrait.php" line="29" class="Tests\Feature\Playground\Lead\Resource\Http\Controllers\Playground\CampaignRouteTest" classname="Tests.Feature.Playground.Lead.Resource.Http.Controllers.Playground.CampaignRouteTest" assertions="1" time="0.368828"/>
        <testcase name="test_json_show_info_for_admin" file="/app/vendor/gammamatrix/playground-test/src/Feature/Http/Controllers/Resource/Playground/ShowJsonTrait.php" line="49" class="Tests\Feature\Playground\Lead\Resource\Http\Controllers\Playground\CampaignRouteTest" classname="Tests.Feature.Playground.Lead.Resource.Http.Controllers.Playground.CampaignRouteTest" assertions="124" time="0.386302"/>
        <testcase name="test_guest_cannot_render_show_view" file="/app/vendor/gammamatrix/playground-test/src/Feature/Http/Controllers/Resource/Playground/ShowTrait.php" line="29" class="Tests\Feature\Playground\Lead\Resource\Http\Controllers\Playground\CampaignRouteTest" classname="Tests.Feature.Playground.Lead.Resource.Http.Controllers.Playground.CampaignRouteTest" assertions="1" time="0.378181"/>
        <testcase name="test_show_view_rendered_by_admin" file="/app/vendor/gammamatrix/playground-test/src/Feature/Http/Controllers/Resource/Playground/ShowTrait.php" line="49" class="Tests\Feature\Playground\Lead\Resource\Http\Controllers\Playground\CampaignRouteTest" classname="Tests.Feature.Playground.Lead.Resource.Http.Controllers.Playground.CampaignRouteTest" assertions="2" time="0.405118"/>
        <testcase name="test_json_guest_cannot_store" file="/app/vendor/gammamatrix/playground-test/src/Feature/Http/Controllers/Resource/Playground/StoreJsonTrait.php" line="43" class="Tests\Feature\Playground\Lead\Resource\Http\Controllers\Playground\CampaignRouteTest" classname="Tests.Feature.Playground.Lead.Resource.Http.Controllers.Playground.CampaignRouteTest" assertions="3" time="0.358194"/>
        <testcase name="test_json_store_as_admin_without_payload_and_fail_validation" file="/app/vendor/gammamatrix/playground-test/src/Feature/Http/Controllers/Resource/Playground/StoreJsonTrait.php" line="66" class="Tests\Feature\Playground\Lead\Resource\Http\Controllers\Playground\CampaignRouteTest" classname="Tests.Feature.Playground.Lead.Resource.Http.Controllers.Playground.CampaignRouteTest" assertions="5" time="0.414088"/>
        <testcase name="test_json_store_as_admin_and_succeed" file="/app/vendor/gammamatrix/playground-test/src/Feature/Http/Controllers/Resource/Playground/StoreJsonTrait.php" line="92" class="Tests\Feature\Playground\Lead\Resource\Http\Controllers\Playground\CampaignRouteTest" classname="Tests.Feature.Playground.Lead.Resource.Http.Controllers.Playground.CampaignRouteTest" assertions="3" time="0.433922"/>
        <testcase name="test_guest_cannot_store" file="/app/vendor/gammamatrix/playground-test/src/Feature/Http/Controllers/Resource/Playground/StoreTrait.php" line="38" class="Tests\Feature\Playground\Lead\Resource\Http\Controllers\Playground\CampaignRouteTest" classname="Tests.Feature.Playground.Lead.Resource.Http.Controllers.Playground.CampaignRouteTest" assertions="3" time="0.375751"/>
        <testcase name="test_store_as_admin_without_payload_and_fail_validation" file="/app/vendor/gammamatrix/playground-test/src/Feature/Http/Controllers/Resource/Playground/StoreTrait.php" line="61" class="Tests\Feature\Playground\Lead\Resource\Http\Controllers\Playground\CampaignRouteTest" classname="Tests.Feature.Playground.Lead.Resource.Http.Controllers.Playground.CampaignRouteTest" assertions="5" time="0.402388"/>
        <testcase name="test_store_as_admin_and_succeed" file="/app/vendor/gammamatrix/playground-test/src/Feature/Http/Controllers/Resource/Playground/StoreTrait.php" line="90" class="Tests\Feature\Playground\Lead\Resource\Http\Controllers\Playground\CampaignRouteTest" classname="Tests.Feature.Playground.Lead.Resource.Http.Controllers.Playground.CampaignRouteTest" assertions="4" time="0.404500"/>
        <testcase name="test_store_as_admin_and_succeed_with_return_url" file="/app/vendor/gammamatrix/playground-test/src/Feature/Http/Controllers/Resource/Playground/StoreTrait.php" line="135" class="Tests\Feature\Playground\Lead\Resource\Http\Controllers\Playground\CampaignRouteTest" classname="Tests.Feature.Playground.Lead.Resource.Http.Controllers.Playground.CampaignRouteTest" assertions="4" time="0.412440"/>
        <testcase name="test_json_guest_cannot_unlock" file="/app/vendor/gammamatrix/playground-test/src/Feature/Http/Controllers/Resource/Playground/UnlockJsonTrait.php" line="36" class="Tests\Feature\Playground\Lead\Resource\Http\Controllers\Playground\CampaignRouteTest" classname="Tests.Feature.Playground.Lead.Resource.Http.Controllers.Playground.CampaignRouteTest" assertions="3" time="0.376258"/>
        <testcase name="test_json_unlock_as_admin_and_succeed" file="/app/vendor/gammamatrix/playground-test/src/Feature/Http/Controllers/Resource/Playground/UnlockJsonTrait.php" line="68" class="Tests\Feature\Playground\Lead\Resource\Http\Controllers\Playground\CampaignRouteTest" classname="Tests.Feature.Playground.Lead.Resource.Http.Controllers.Playground.CampaignRouteTest" assertions="125" time="0.406870"/>
        <testcase name="test_json_unlock_as_admin_and_succeed_with_no_redirect" file="/app/vendor/gammamatrix/playground-test/src/Feature/Http/Controllers/Resource/Playground/UnlockJsonTrait.php" line="104" class="Tests\Feature\Playground\Lead\Resource\Http\Controllers\Playground\CampaignRouteTest" classname="Tests.Feature.Playground.Lead.Resource.Http.Controllers.Playground.CampaignRouteTest" assertions="125" time="0.387485"/>
        <testcase name="test_json_unlock_as_user_and_get_denied" file="/app/vendor/gammamatrix/playground-test/src/Feature/Http/Controllers/Resource/Playground/UnlockJsonTrait.php" line="145" class="Tests\Feature\Playground\Lead\Resource\Http\Controllers\Playground\CampaignRouteTest" classname="Tests.Feature.Playground.Lead.Resource.Http.Controllers.Playground.CampaignRouteTest" assertions="3" time="0.384525"/>
        <testcase name="test_guest_cannot_unlock" file="/app/vendor/gammamatrix/playground-test/src/Feature/Http/Controllers/Resource/Playground/UnlockTrait.php" line="36" class="Tests\Feature\Playground\Lead\Resource\Http\Controllers\Playground\CampaignRouteTest" classname="Tests.Feature.Playground.Lead.Resource.Http.Controllers.Playground.CampaignRouteTest" assertions="3" time="0.386266"/>
        <testcase name="test_unlock_as_admin_and_succeed" file="/app/vendor/gammamatrix/playground-test/src/Feature/Http/Controllers/Resource/Playground/UnlockTrait.php" line="68" class="Tests\Feature\Playground\Lead\Resource\Http\Controllers\Playground\CampaignRouteTest" classname="Tests.Feature.Playground.Lead.Resource.Http.Controllers.Playground.CampaignRouteTest" assertions="4" time="0.384216"/>
        <testcase name="test_unlock_as_admin_and_succeed_with_redirect_to_index_with_sorted_by_unlocked_desc" file="/app/vendor/gammamatrix/playground-test/src/Feature/Http/Controllers/Resource/Playground/UnlockTrait.php" line="109" class="Tests\Feature\Playground\Lead\Resource\Http\Controllers\Playground\CampaignRouteTest" classname="Tests.Feature.Playground.Lead.Resource.Http.Controllers.Playground.CampaignRouteTest" assertions="4" time="0.381872"/>
        <testcase name="test_unlock_as_user_and_get_denied" file="/app/vendor/gammamatrix/playground-test/src/Feature/Http/Controllers/Resource/Playground/UnlockTrait.php" line="148" class="Tests\Feature\Playground\Lead\Resource\Http\Controllers\Playground\CampaignRouteTest" classname="Tests.Feature.Playground.Lead.Resource.Http.Controllers.Playground.CampaignRouteTest" assertions="3" time="0.381624"/>
        <testcase name="test_json_guest_cannot_update" file="/app/vendor/gammamatrix/playground-test/src/Feature/Http/Controllers/Resource/Playground/UpdateJsonTrait.php" line="45" class="Tests\Feature\Playground\Lead\Resource\Http\Controllers\Playground\CampaignRouteTest" classname="Tests.Feature.Playground.Lead.Resource.Http.Controllers.Playground.CampaignRouteTest" assertions="1" time="0.371586"/>
        <testcase name="test_json_update_as_admin_without_payload_and_fail_validation" file="/app/vendor/gammamatrix/playground-test/src/Feature/Http/Controllers/Resource/Playground/UpdateJsonTrait.php" line="65" class="Tests\Feature\Playground\Lead\Resource\Http\Controllers\Playground\CampaignRouteTest" classname="Tests.Feature.Playground.Lead.Resource.Http.Controllers.Playground.CampaignRouteTest" assertions="4" time="0.402527"/>
        <testcase name="test_json_admin_can_update" file="/app/vendor/gammamatrix/playground-test/src/Feature/Http/Controllers/Resource/Playground/UpdateJsonTrait.php" line="90" class="Tests\Feature\Playground\Lead\Resource\Http\Controllers\Playground\CampaignRouteTest" classname="Tests.Feature.Playground.Lead.Resource.Http.Controllers.Playground.CampaignRouteTest" assertions="127" time="0.437795"/>
        <testcase name="test_guest_cannot_update" file="/app/vendor/gammamatrix/playground-test/src/Feature/Http/Controllers/Resource/Playground/UpdateTrait.php" line="45" class="Tests\Feature\Playground\Lead\Resource\Http\Controllers\Playground\CampaignRouteTest" classname="Tests.Feature.Playground.Lead.Resource.Http.Controllers.Playground.CampaignRouteTest" assertions="1" time="0.373713"/>
        <testcase name="test_update_as_admin_without_payload_and_fail_validation" file="/app/vendor/gammamatrix/playground-test/src/Feature/Http/Controllers/Resource/Playground/UpdateTrait.php" line="65" class="Tests\Feature\Playground\Lead\Resource\Http\Controllers\Playground\CampaignRouteTest" classname="Tests.Feature.Playground.Lead.Resource.Http.Controllers.Playground.CampaignRouteTest" assertions="4" time="0.401523"/>
        <testcase name="test_admin_can_update" file="/app/vendor/gammamatrix/playground-test/src/Feature/Http/Controllers/Resource/Playground/UpdateTrait.php" line="90" class="Tests\Feature\Playground\Lead\Resource\Http\Controllers\Playground\CampaignRouteTest" classname="Tests.Feature.Playground.Lead.Resource.Http.Controllers.Playground.CampaignRouteTest" assertions="6" time="0.435073"/>
        <testcase name="test_admin_can_update_view_with_return_url" file="/app/vendor/gammamatrix/playground-test/src/Feature/Http/Controllers/Resource/Playground/UpdateTrait.php" line="133" class="Tests\Feature\Playground\Lead\Resource\Http\Controllers\Playground\CampaignRouteTest" classname="Tests.Feature.Playground.Lead.Resource.Http.Controllers.Playground.CampaignRouteTest" assertions="6" time="0.444078"/>
      </testsuite>
      <testsuite name="Tests\Feature\Playground\Lead\Resource\Http\Controllers\Playground\GoalRouteTest" file="/app/tests/Feature/Http/Controllers/Playground/GoalRouteTest.php" tests="73" assertions="1335" errors="0" failures="0" skipped="0" time="28.455645">
        <testcase name="test_json_guest_cannot_get_create_info" file="/app/vendor/gammamatrix/playground-test/src/Feature/Http/Controllers/Resource/Playground/CreateJsonTrait.php" line="38" class="Tests\Feature\Playground\Lead\Resource\Http\Controllers\Playground\GoalRouteTest" classname="Tests.Feature.Playground.Lead.Resource.Http.Controllers.Playground.GoalRouteTest" assertions="1" time="0.403352"/>
        <testcase name="test_json_admin_can_get_create_info" file="/app/vendor/gammamatrix/playground-test/src/Feature/Http/Controllers/Resource/Playground/CreateJsonTrait.php" line="53" class="Tests\Feature\Playground\Lead\Resource\Http\Controllers\Playground\GoalRouteTest" classname="Tests.Feature.Playground.Lead.Resource.Http.Controllers.Playground.GoalRouteTest" assertions="123" time="0.371928"/>
        <testcase name="test_json_get_create_info_as_admin_with_invalid_parameter_and_fail_validation" file="/app/vendor/gammamatrix/playground-test/src/Feature/Http/Controllers/Resource/Playground/CreateJsonTrait.php" line="73" class="Tests\Feature\Playground\Lead\Resource\Http\Controllers\Playground\GoalRouteTest" classname="Tests.Feature.Playground.Lead.Resource.Http.Controllers.Playground.GoalRouteTest" assertions="4" time="0.368659"/>
        <testcase name="test_guest_cannot_render_create_view" file="/app/vendor/gammamatrix/playground-test/src/Feature/Http/Controllers/Resource/Playground/CreateTrait.php" line="33" class="Tests\Feature\Playground\Lead\Resource\Http\Controllers\Playground\GoalRouteTest" classname="Tests.Feature.Playground.Lead.Resource.Http.Controllers.Playground.GoalRouteTest" assertions="1" time="0.347453"/>
        <testcase name="test_admin_can_render_create_view" file="/app/vendor/gammamatrix/playground-test/src/Feature/Http/Controllers/Resource/Playground/CreateTrait.php" line="47" class="Tests\Feature\Playground\Lead\Resource\Http\Controllers\Playground\GoalRouteTest" classname="Tests.Feature.Playground.Lead.Resource.Http.Controllers.Playground.GoalRouteTest" assertions="2" time="0.426998"/>
        <testcase name="test_admin_can_render_create_view_with_return_url" file="/app/vendor/gammamatrix/playground-test/src/Feature/Http/Controllers/Resource/Playground/CreateTrait.php" line="65" class="Tests\Feature\Playground\Lead\Resource\Http\Controllers\Playground\GoalRouteTest" classname="Tests.Feature.Playground.Lead.Resource.Http.Controllers.Playground.GoalRouteTest" assertions="3" time="0.384571"/>
        <testcase name="test_create_view_as_admin_with_invalid_parameter_and_fail_validation_and_redirect" file="/app/vendor/gammamatrix/playground-test/src/Feature/Http/Controllers/Resource/Playground/CreateTrait.php" line="92" class="Tests\Feature\Playground\Lead\Resource\Http\Controllers\Playground\GoalRouteTest" classname="Tests.Feature.Playground.Lead.Resource.Http.Controllers.Playground.GoalRouteTest" assertions="5" time="0.364310"/>
        <testcase name="test_json_guest_cannot_destroy" file="/app/vendor/gammamatrix/playground-test/src/Feature/Http/Controllers/Resource/Playground/DestroyJsonTrait.php" line="31" class="Tests\Feature\Playground\Lead\Resource\Http\Controllers\Playground\GoalRouteTest" classname="Tests.Feature.Playground.Lead.Resource.Http.Controllers.Playground.GoalRouteTest" assertions="3" time="0.370264"/>
        <testcase name="test_json_destroy_as_admin_and_succeed" file="/app/vendor/gammamatrix/playground-test/src/Feature/Http/Controllers/Resource/Playground/DestroyJsonTrait.php" line="61" class="Tests\Feature\Playground\Lead\Resource\Http\Controllers\Playground\GoalRouteTest" classname="Tests.Feature.Playground.Lead.Resource.Http.Controllers.Playground.GoalRouteTest" assertions="5" time="0.363685"/>
        <testcase name="test_json_destroy_as_admin_and_succeed_with_force_delete" file="/app/vendor/gammamatrix/playground-test/src/Feature/Http/Controllers/Resource/Playground/DestroyJsonTrait.php" line="100" class="Tests\Feature\Playground\Lead\Resource\Http\Controllers\Playground\GoalRouteTest" classname="Tests.Feature.Playground.Lead.Resource.Http.Controllers.Playground.GoalRouteTest" assertions="4" time="0.364805"/>
        <testcase name="test_json_destroy_as_admin_and_succeed_with_no_content" file="/app/vendor/gammamatrix/playground-test/src/Feature/Http/Controllers/Resource/Playground/DestroyJsonTrait.php" line="132" class="Tests\Feature\Playground\Lead\Resource\Http\Controllers\Playground\GoalRouteTest" classname="Tests.Feature.Playground.Lead.Resource.Http.Controllers.Playground.GoalRouteTest" assertions="5" time="0.384607"/>
        <testcase name="test_json_destroy_as_admin_and_succeed_and_ignore_redirect" file="/app/vendor/gammamatrix/playground-test/src/Feature/Http/Controllers/Resource/Playground/DestroyJsonTrait.php" line="167" class="Tests\Feature\Playground\Lead\Resource\Http\Controllers\Playground\GoalRouteTest" classname="Tests.Feature.Playground.Lead.Resource.Http.Controllers.Playground.GoalRouteTest" assertions="5" time="0.364873"/>
        <testcase name="test_json_destroy_as_user_and_get_denied_and_no_force_delete_allowed" file="/app/vendor/gammamatrix/playground-test/src/Feature/Http/Controllers/Resource/Playground/DestroyJsonTrait.php" line="209" class="Tests\Feature\Playground\Lead\Resource\Http\Controllers\Playground\GoalRouteTest" classname="Tests.Feature.Playground.Lead.Resource.Http.Controllers.Playground.GoalRouteTest" assertions="3" time="0.365201"/>
        <testcase name="test_guest_cannot_destroy" file="/app/vendor/gammamatrix/playground-test/src/Feature/Http/Controllers/Resource/Playground/DestroyTrait.php" line="31" class="Tests\Feature\Playground\Lead\Resource\Http\Controllers\Playground\GoalRouteTest" classname="Tests.Feature.Playground.Lead.Resource.Http.Controllers.Playground.GoalRouteTest" assertions="3" time="0.368514"/>
        <testcase name="test_destroy_as_admin_and_succeed" file="/app/vendor/gammamatrix/playground-test/src/Feature/Http/Controllers/Resource/Playground/DestroyTrait.php" line="61" class="Tests\Feature\Playground\Lead\Resource\Http\Controllers\Playground\GoalRouteTest" classname="Tests.Feature.Playground.Lead.Resource.Http.Controllers.Playground.GoalRouteTest" assertions="5" time="0.369235"/>
        <testcase name="test_destroy_as_admin_and_succeed_with_force_delete" file="/app/vendor/gammamatrix/playground-test/src/Feature/Http/Controllers/Resource/Playground/DestroyTrait.php" line="97" class="Tests\Feature\Playground\Lead\Resource\Http\Controllers\Playground\GoalRouteTest" classname="Tests.Feature.Playground.Lead.Resource.Http.Controllers.Playground.GoalRouteTest" assertions="4" time="0.379323"/>
        <testcase name="test_destroy_as_admin_and_succeed_with_redirect_to_index_with_trash" file="/app/vendor/gammamatrix/playground-test/src/Feature/Http/Controllers/Resource/Playground/DestroyTrait.php" line="129" class="Tests\Feature\Playground\Lead\Resource\Http\Controllers\Playground\GoalRouteTest" classname="Tests.Feature.Playground.Lead.Resource.Http.Controllers.Playground.GoalRouteTest" assertions="5" time="0.375842"/>
        <testcase name="test_destroy_as_user_and_get_denied_and_no_force_delete_allowed" file="/app/vendor/gammamatrix/playground-test/src/Feature/Http/Controllers/Resource/Playground/DestroyTrait.php" line="171" class="Tests\Feature\Playground\Lead\Resource\Http\Controllers\Playground\GoalRouteTest" classname="Tests.Feature.Playground.Lead.Resource.Http.Controllers.Playground.GoalRouteTest" assertions="3" time="0.373216"/>
        <testcase name="test_json_guest_cannot_get_edit_info" file="/app/vendor/gammamatrix/playground-test/src/Feature/Http/Controllers/Resource/Playground/EditJsonTrait.php" line="38" class="Tests\Feature\Playground\Lead\Resource\Http\Controllers\Playground\GoalRouteTest" classname="Tests.Feature.Playground.Lead.Resource.Http.Controllers.Playground.GoalRouteTest" assertions="1" time="0.374667"/>
        <testcase name="test_json_admin_can_get_edit_info" file="/app/vendor/gammamatrix/playground-test/src/Feature/Http/Controllers/Resource/Playground/EditJsonTrait.php" line="58" class="Tests\Feature\Playground\Lead\Resource\Http\Controllers\Playground\GoalRouteTest" classname="Tests.Feature.Playground.Lead.Resource.Http.Controllers.Playground.GoalRouteTest" assertions="4" time="0.385223"/>
        <testcase name="test_json_edit_as_admin_and_fail_validation_with_invalid_parameter" file="/app/vendor/gammamatrix/playground-test/src/Feature/Http/Controllers/Resource/Playground/EditJsonTrait.php" line="87" class="Tests\Feature\Playground\Lead\Resource\Http\Controllers\Playground\GoalRouteTest" classname="Tests.Feature.Playground.Lead.Resource.Http.Controllers.Playground.GoalRouteTest" assertions="4" time="0.382210"/>
        <testcase name="test_guest_cannot_render_edit_view" file="/app/vendor/gammamatrix/playground-test/src/Feature/Http/Controllers/Resource/Playground/EditTrait.php" line="33" class="Tests\Feature\Playground\Lead\Resource\Http\Controllers\Playground\GoalRouteTest" classname="Tests.Feature.Playground.Lead.Resource.Http.Controllers.Playground.GoalRouteTest" assertions="1" time="0.381197"/>
        <testcase name="test_admin_can_render_edit_view" file="/app/vendor/gammamatrix/playground-test/src/Feature/Http/Controllers/Resource/Playground/EditTrait.php" line="53" class="Tests\Feature\Playground\Lead\Resource\Http\Controllers\Playground\GoalRouteTest" classname="Tests.Feature.Playground.Lead.Resource.Http.Controllers.Playground.GoalRouteTest" assertions="2" time="0.411266"/>
        <testcase name="test_admin_can_render_edit_view_with_return_url" file="/app/vendor/gammamatrix/playground-test/src/Feature/Http/Controllers/Resource/Playground/EditTrait.php" line="77" class="Tests\Feature\Playground\Lead\Resource\Http\Controllers\Playground\GoalRouteTest" classname="Tests.Feature.Playground.Lead.Resource.Http.Controllers.Playground.GoalRouteTest" assertions="3" time="0.414979"/>
        <testcase name="test_edit_view_as_admin_with_invalid_parameter_and_fail_validation_and_redirect" file="/app/vendor/gammamatrix/playground-test/src/Feature/Http/Controllers/Resource/Playground/EditTrait.php" line="109" class="Tests\Feature\Playground\Lead\Resource\Http\Controllers\Playground\GoalRouteTest" classname="Tests.Feature.Playground.Lead.Resource.Http.Controllers.Playground.GoalRouteTest" assertions="4" time="0.381905"/>
        <testcase name="test_json_guest_cannot_get_index" file="/app/vendor/gammamatrix/playground-test/src/Feature/Http/Controllers/Resource/Playground/IndexJsonTrait.php" line="34" class="Tests\Feature\Playground\Lead\Resource\Http\Controllers\Playground\GoalRouteTest" classname="Tests.Feature.Playground.Lead.Resource.Http.Controllers.Playground.GoalRouteTest" assertions="1" time="0.372847"/>
        <testcase name="test_json_admin_can_get_index" file="/app/vendor/gammamatrix/playground-test/src/Feature/Http/Controllers/Resource/Playground/IndexJsonTrait.php" line="49" class="Tests\Feature\Playground\Lead\Resource\Http\Controllers\Playground\GoalRouteTest" classname="Tests.Feature.Playground.Lead.Resource.Http.Controllers.Playground.GoalRouteTest" assertions="130" time="0.407627"/>
        <testcase name="test_json_admin_can_get_index_with_filters" file="/app/vendor/gammamatrix/playground-test/src/Feature/Http/Controllers/Resource/Playground/IndexJsonTrait.php" line="85" class="Tests\Feature\Playground\Lead\Resource\Http\Controllers\Playground\GoalRouteTest" classname="Tests.Feature.Playground.Lead.Resource.Http.Controllers.Playground.GoalRouteTest" assertions="3" time="0.387062"/>
        <testcase name="test_guest_cannot_render_index_view" file="/app/vendor/gammamatrix/playground-test/src/Feature/Http/Controllers/Resource/Playground/IndexTrait.php" line="29" class="Tests\Feature\Playground\Lead\Resource\Http\Controllers\Playground\GoalRouteTest" classname="Tests.Feature.Playground.Lead.Resource.Http.Controllers.Playground.GoalRouteTest" assertions="1" time="0.381683"/>
        <testcase name="test_admin_can_render_index_view" file="/app/vendor/gammamatrix/playground-test/src/Feature/Http/Controllers/Resource/Playground/IndexTrait.php" line="44" class="Tests\Feature\Playground\Lead\Resource\Http\Controllers\Playground\GoalRouteTest" classname="Tests.Feature.Playground.Lead.Resource.Http.Controllers.Playground.GoalRouteTest" assertions="2" time="0.429859"/>
        <testcase name="test_admin_can_render_index_view_with_filters" file="/app/vendor/gammamatrix/playground-test/src/Feature/Http/Controllers/Resource/Playground/IndexTrait.php" line="77" class="Tests\Feature\Playground\Lead\Resource\Http\Controllers\Playground\GoalRouteTest" classname="Tests.Feature.Playground.Lead.Resource.Http.Controllers.Playground.GoalRouteTest" assertions="3" time="0.408290"/>
        <testcase name="test_json_guest_cannot_lock" file="/app/vendor/gammamatrix/playground-test/src/Feature/Http/Controllers/Resource/Playground/LockJsonTrait.php" line="36" class="Tests\Feature\Playground\Lead\Resource\Http\Controllers\Playground\GoalRouteTest" classname="Tests.Feature.Playground.Lead.Resource.Http.Controllers.Playground.GoalRouteTest" assertions="3" time="0.370178"/>
        <testcase name="test_json_lock_as_admin_and_succeed" file="/app/vendor/gammamatrix/playground-test/src/Feature/Http/Controllers/Resource/Playground/LockJsonTrait.php" line="66" class="Tests\Feature\Playground\Lead\Resource\Http\Controllers\Playground\GoalRouteTest" classname="Tests.Feature.Playground.Lead.Resource.Http.Controllers.Playground.GoalRouteTest" assertions="3" time="0.378490"/>
        <testcase name="test_json_lock_as_admin_and_succeed_with_no_redirect" file="/app/vendor/gammamatrix/playground-test/src/Feature/Http/Controllers/Resource/Playground/LockJsonTrait.php" line="98" class="Tests\Feature\Playground\Lead\Resource\Http\Controllers\Playground\GoalRouteTest" classname="Tests.Feature.Playground.Lead.Resource.Http.Controllers.Playground.GoalRouteTest" assertions="125" time="0.387986"/>
        <testcase name="test_json_lock_as_user_and_get_denied" file="/app/vendor/gammamatrix/playground-test/src/Feature/Http/Controllers/Resource/Playground/LockJsonTrait.php" line="143" class="Tests\Feature\Playground\Lead\Resource\Http\Controllers\Playground\GoalRouteTest" classname="Tests.Feature.Playground.Lead.Resource.Http.Controllers.Playground.GoalRouteTest" assertions="3" time="0.390063"/>
        <testcase name="test_guest_cannot_lock" file="/app/vendor/gammamatrix/playground-test/src/Feature/Http/Controllers/Resource/Playground/LockTrait.php" line="31" class="Tests\Feature\Playground\Lead\Resource\Http\Controllers\Playground\GoalRouteTest" classname="Tests.Feature.Playground.Lead.Resource.Http.Controllers.Playground.GoalRouteTest" assertions="3" time="0.361701"/>
        <testcase name="test_lock_as_admin_and_succeed" file="/app/vendor/gammamatrix/playground-test/src/Feature/Http/Controllers/Resource/Playground/LockTrait.php" line="61" class="Tests\Feature\Playground\Lead\Resource\Http\Controllers\Playground\GoalRouteTest" classname="Tests.Feature.Playground.Lead.Resource.Http.Controllers.Playground.GoalRouteTest" assertions="4" time="0.390587"/>
        <testcase name="test_lock_as_admin_and_succeed_with_redirect_to_index_with_sorted_by_locked_desc" file="/app/vendor/gammamatrix/playground-test/src/Feature/Http/Controllers/Resource/Playground/LockTrait.php" line="95" class="Tests\Feature\Playground\Lead\Resource\Http\Controllers\Playground\GoalRouteTest" classname="Tests.Feature.Playground.Lead.Resource.Http.Controllers.Playground.GoalRouteTest" assertions="4" time="0.381685"/>
        <testcase name="test_lock_as_user_and_get_denied" file="/app/vendor/gammamatrix/playground-test/src/Feature/Http/Controllers/Resource/Playground/LockTrait.php" line="132" class="Tests\Feature\Playground\Lead\Resource\Http\Controllers\Playground\GoalRouteTest" classname="Tests.Feature.Playground.Lead.Resource.Http.Controllers.Playground.GoalRouteTest" assertions="3" time="0.370635"/>
        <testcase name="test_json_guest_cannot_restore" file="/app/vendor/gammamatrix/playground-test/src/Feature/Http/Controllers/Resource/Playground/RestoreJsonTrait.php" line="32" class="Tests\Feature\Playground\Lead\Resource\Http\Controllers\Playground\GoalRouteTest" classname="Tests.Feature.Playground.Lead.Resource.Http.Controllers.Playground.GoalRouteTest" assertions="3" time="0.377050"/>
        <testcase name="test_json_restore_as_admin_and_succeed" file="/app/vendor/gammamatrix/playground-test/src/Feature/Http/Controllers/Resource/Playground/RestoreJsonTrait.php" line="64" class="Tests\Feature\Playground\Lead\Resource\Http\Controllers\Playground\GoalRouteTest" classname="Tests.Feature.Playground.Lead.Resource.Http.Controllers.Playground.GoalRouteTest" assertions="125" time="0.398805"/>
        <testcase name="test_json_restore_as_admin_and_succeed_with_no_redirect" file="/app/vendor/gammamatrix/playground-test/src/Feature/Http/Controllers/Resource/Playground/RestoreJsonTrait.php" line="100" class="Tests\Feature\Playground\Lead\Resource\Http\Controllers\Playground\GoalRouteTest" classname="Tests.Feature.Playground.Lead.Resource.Http.Controllers.Playground.GoalRouteTest" assertions="125" time="0.395127"/>
        <testcase name="test_json_restore_as_user_and_get_denied" file="/app/vendor/gammamatrix/playground-test/src/Feature/Http/Controllers/Resource/Playground/RestoreJsonTrait.php" line="143" class="Tests\Feature\Playground\Lead\Resource\Http\Controllers\Playground\GoalRouteTest" classname="Tests.Feature.Playground.Lead.Resource.Http.Controllers.Playground.GoalRouteTest" assertions="3" time="0.376435"/>
        <testcase name="test_guest_cannot_restore" file="/app/vendor/gammamatrix/playground-test/src/Feature/Http/Controllers/Resource/Playground/RestoreTrait.php" line="32" class="Tests\Feature\Playground\Lead\Resource\Http\Controllers\Playground\GoalRouteTest" classname="Tests.Feature.Playground.Lead.Resource.Http.Controllers.Playground.GoalRouteTest" assertions="3" time="0.364883"/>
        <testcase name="test_restore_as_admin_and_succeed" file="/app/vendor/gammamatrix/playground-test/src/Feature/Http/Controllers/Resource/Playground/RestoreTrait.php" line="64" class="Tests\Feature\Playground\Lead\Resource\Http\Controllers\Playground\GoalRouteTest" classname="Tests.Feature.Playground.Lead.Resource.Http.Controllers.Playground.GoalRouteTest" assertions="4" time="0.396116"/>
        <testcase name="test_restore_as_admin_and_succeed_with_redirect_to_index_with_only_trash" file="/app/vendor/gammamatrix/playground-test/src/Feature/Http/Controllers/Resource/Playground/RestoreTrait.php" line="100" class="Tests\Feature\Playground\Lead\Resource\Http\Controllers\Playground\GoalRouteTest" classname="Tests.Feature.Playground.Lead.Resource.Http.Controllers.Playground.GoalRouteTest" assertions="4" time="0.379732"/>
        <testcase name="test_restore_as_user_and_get_denied" file="/app/vendor/gammamatrix/playground-test/src/Feature/Http/Controllers/Resource/Playground/RestoreTrait.php" line="146" class="Tests\Feature\Playground\Lead\Resource\Http\Controllers\Playground\GoalRouteTest" classname="Tests.Feature.Playground.Lead.Resource.Http.Controllers.Playground.GoalRouteTest" assertions="3" time="0.372759"/>
        <testcase name="test_json_guest_cannot_see_info" file="/app/vendor/gammamatrix/playground-test/src/Feature/Http/Controllers/Resource/Playground/ShowJsonTrait.php" line="29" class="Tests\Feature\Playground\Lead\Resource\Http\Controllers\Playground\GoalRouteTest" classname="Tests.Feature.Playground.Lead.Resource.Http.Controllers.Playground.GoalRouteTest" assertions="1" time="0.393724"/>
        <testcase name="test_json_show_info_for_admin" file="/app/vendor/gammamatrix/playground-test/src/Feature/Http/Controllers/Resource/Playground/ShowJsonTrait.php" line="49" class="Tests\Feature\Playground\Lead\Resource\Http\Controllers\Playground\GoalRouteTest" classname="Tests.Feature.Playground.Lead.Resource.Http.Controllers.Playground.GoalRouteTest" assertions="124" time="0.394870"/>
        <testcase name="test_guest_cannot_render_show_view" file="/app/vendor/gammamatrix/playground-test/src/Feature/Http/Controllers/Resource/Playground/ShowTrait.php" line="29" class="Tests\Feature\Playground\Lead\Resource\Http\Controllers\Playground\GoalRouteTest" classname="Tests.Feature.Playground.Lead.Resource.Http.Controllers.Playground.GoalRouteTest" assertions="1" time="0.367926"/>
        <testcase name="test_show_view_rendered_by_admin" file="/app/vendor/gammamatrix/playground-test/src/Feature/Http/Controllers/Resource/Playground/ShowTrait.php" line="49" class="Tests\Feature\Playground\Lead\Resource\Http\Controllers\Playground\GoalRouteTest" classname="Tests.Feature.Playground.Lead.Resource.Http.Controllers.Playground.GoalRouteTest" assertions="2" time="0.403529"/>
        <testcase name="test_json_guest_cannot_store" file="/app/vendor/gammamatrix/playground-test/src/Feature/Http/Controllers/Resource/Playground/StoreJsonTrait.php" line="43" class="Tests\Feature\Playground\Lead\Resource\Http\Controllers\Playground\GoalRouteTest" classname="Tests.Feature.Playground.Lead.Resource.Http.Controllers.Playground.GoalRouteTest" assertions="3" time="0.374526"/>
        <testcase name="test_json_store_as_admin_without_payload_and_fail_validation" file="/app/vendor/gammamatrix/playground-test/src/Feature/Http/Controllers/Resource/Playground/StoreJsonTrait.php" line="66" class="Tests\Feature\Playground\Lead\Resource\Http\Controllers\Playground\GoalRouteTest" classname="Tests.Feature.Playground.Lead.Resource.Http.Controllers.Playground.GoalRouteTest" assertions="5" time="0.399076"/>
        <testcase name="test_json_store_as_admin_and_succeed" file="/app/vendor/gammamatrix/playground-test/src/Feature/Http/Controllers/Resource/Playground/StoreJsonTrait.php" line="92" class="Tests\Feature\Playground\Lead\Resource\Http\Controllers\Playground\GoalRouteTest" classname="Tests.Feature.Playground.Lead.Resource.Http.Controllers.Playground.GoalRouteTest" assertions="3" time="0.420376"/>
        <testcase name="test_guest_cannot_store" file="/app/vendor/gammamatrix/playground-test/src/Feature/Http/Controllers/Resource/Playground/StoreTrait.php" line="38" class="Tests\Feature\Playground\Lead\Resource\Http\Controllers\Playground\GoalRouteTest" classname="Tests.Feature.Playground.Lead.Resource.Http.Controllers.Playground.GoalRouteTest" assertions="3" time="0.364418"/>
        <testcase name="test_store_as_admin_without_payload_and_fail_validation" file="/app/vendor/gammamatrix/playground-test/src/Feature/Http/Controllers/Resource/Playground/StoreTrait.php" line="61" class="Tests\Feature\Playground\Lead\Resource\Http\Controllers\Playground\GoalRouteTest" classname="Tests.Feature.Playground.Lead.Resource.Http.Controllers.Playground.GoalRouteTest" assertions="5" time="0.398568"/>
        <testcase name="test_store_as_admin_and_succeed" file="/app/vendor/gammamatrix/playground-test/src/Feature/Http/Controllers/Resource/Playground/StoreTrait.php" line="90" class="Tests\Feature\Playground\Lead\Resource\Http\Controllers\Playground\GoalRouteTest" classname="Tests.Feature.Playground.Lead.Resource.Http.Controllers.Playground.GoalRouteTest" assertions="4" time="0.417889"/>
        <testcase name="test_store_as_admin_and_succeed_with_return_url" file="/app/vendor/gammamatrix/playground-test/src/Feature/Http/Controllers/Resource/Playground/StoreTrait.php" line="135" class="Tests\Feature\Playground\Lead\Resource\Http\Controllers\Playground\GoalRouteTest" classname="Tests.Feature.Playground.Lead.Resource.Http.Controllers.Playground.GoalRouteTest" assertions="4" time="0.421878"/>
        <testcase name="test_json_guest_cannot_unlock" file="/app/vendor/gammamatrix/playground-test/src/Feature/Http/Controllers/Resource/Playground/UnlockJsonTrait.php" line="36" class="Tests\Feature\Playground\Lead\Resource\Http\Controllers\Playground\GoalRouteTest" classname="Tests.Feature.Playground.Lead.Resource.Http.Controllers.Playground.GoalRouteTest" assertions="3" time="0.371987"/>
        <testcase name="test_json_unlock_as_admin_and_succeed" file="/app/vendor/gammamatrix/playground-test/src/Feature/Http/Controllers/Resource/Playground/UnlockJsonTrait.php" line="68" class="Tests\Feature\Playground\Lead\Resource\Http\Controllers\Playground\GoalRouteTest" classname="Tests.Feature.Playground.Lead.Resource.Http.Controllers.Playground.GoalRouteTest" assertions="125" time="0.410102"/>
        <testcase name="test_json_unlock_as_admin_and_succeed_with_no_redirect" file="/app/vendor/gammamatrix/playground-test/src/Feature/Http/Controllers/Resource/Playground/UnlockJsonTrait.php" line="104" class="Tests\Feature\Playground\Lead\Resource\Http\Controllers\Playground\GoalRouteTest" classname="Tests.Feature.Playground.Lead.Resource.Http.Controllers.Playground.GoalRouteTest" assertions="125" time="0.419911"/>
        <testcase name="test_json_unlock_as_user_and_get_denied" file="/app/vendor/gammamatrix/playground-test/src/Feature/Http/Controllers/Resource/Playground/UnlockJsonTrait.php" line="145" class="Tests\Feature\Playground\Lead\Resource\Http\Controllers\Playground\GoalRouteTest" classname="Tests.Feature.Playground.Lead.Resource.Http.Controllers.Playground.GoalRouteTest" assertions="3" time="0.404466"/>
        <testcase name="test_guest_cannot_unlock" file="/app/vendor/gammamatrix/playground-test/src/Feature/Http/Controllers/Resource/Playground/UnlockTrait.php" line="36" class="Tests\Feature\Playground\Lead\Resource\Http\Controllers\Playground\GoalRouteTest" classname="Tests.Feature.Playground.Lead.Resource.Http.Controllers.Playground.GoalRouteTest" assertions="3" time="0.391306"/>
        <testcase name="test_unlock_as_admin_and_succeed" file="/app/vendor/gammamatrix/playground-test/src/Feature/Http/Controllers/Resource/Playground/UnlockTrait.php" line="68" class="Tests\Feature\Playground\Lead\Resource\Http\Controllers\Playground\GoalRouteTest" classname="Tests.Feature.Playground.Lead.Resource.Http.Controllers.Playground.GoalRouteTest" assertions="4" time="0.395526"/>
        <testcase name="test_unlock_as_admin_and_succeed_with_redirect_to_index_with_sorted_by_unlocked_desc" file="/app/vendor/gammamatrix/playground-test/src/Feature/Http/Controllers/Resource/Playground/UnlockTrait.php" line="109" class="Tests\Feature\Playground\Lead\Resource\Http\Controllers\Playground\GoalRouteTest" classname="Tests.Feature.Playground.Lead.Resource.Http.Controllers.Playground.GoalRouteTest" assertions="4" time="0.390601"/>
        <testcase name="test_unlock_as_user_and_get_denied" file="/app/vendor/gammamatrix/playground-test/src/Feature/Http/Controllers/Resource/Playground/UnlockTrait.php" line="148" class="Tests\Feature\Playground\Lead\Resource\Http\Controllers\Playground\GoalRouteTest" classname="Tests.Feature.Playground.Lead.Resource.Http.Controllers.Playground.GoalRouteTest" assertions="3" time="0.399873"/>
        <testcase name="test_json_guest_cannot_update" file="/app/vendor/gammamatrix/playground-test/src/Feature/Http/Controllers/Resource/Playground/UpdateJsonTrait.php" line="45" class="Tests\Feature\Playground\Lead\Resource\Http\Controllers\Playground\GoalRouteTest" classname="Tests.Feature.Playground.Lead.Resource.Http.Controllers.Playground.GoalRouteTest" assertions="1" time="0.390034"/>
        <testcase name="test_json_update_as_admin_without_payload_and_fail_validation" file="/app/vendor/gammamatrix/playground-test/src/Feature/Http/Controllers/Resource/Playground/UpdateJsonTrait.php" line="65" class="Tests\Feature\Playground\Lead\Resource\Http\Controllers\Playground\GoalRouteTest" classname="Tests.Feature.Playground.Lead.Resource.Http.Controllers.Playground.GoalRouteTest" assertions="4" time="0.411294"/>
        <testcase name="test_json_admin_can_update" file="/app/vendor/gammamatrix/playground-test/src/Feature/Http/Controllers/Resource/Playground/UpdateJsonTrait.php" line="90" class="Tests\Feature\Playground\Lead\Resource\Http\Controllers\Playground\GoalRouteTest" classname="Tests.Feature.Playground.Lead.Resource.Http.Controllers.Playground.GoalRouteTest" assertions="127" time="0.457838"/>
        <testcase name="test_guest_cannot_update" file="/app/vendor/gammamatrix/playground-test/src/Feature/Http/Controllers/Resource/Playground/UpdateTrait.php" line="45" class="Tests\Feature\Playground\Lead\Resource\Http\Controllers\Playground\GoalRouteTest" classname="Tests.Feature.Playground.Lead.Resource.Http.Controllers.Playground.GoalRouteTest" assertions="1" time="0.380064"/>
        <testcase name="test_update_as_admin_without_payload_and_fail_validation" file="/app/vendor/gammamatrix/playground-test/src/Feature/Http/Controllers/Resource/Playground/UpdateTrait.php" line="65" class="Tests\Feature\Playground\Lead\Resource\Http\Controllers\Playground\GoalRouteTest" classname="Tests.Feature.Playground.Lead.Resource.Http.Controllers.Playground.GoalRouteTest" assertions="4" time="0.421939"/>
        <testcase name="test_admin_can_update" file="/app/vendor/gammamatrix/playground-test/src/Feature/Http/Controllers/Resource/Playground/UpdateTrait.php" line="90" class="Tests\Feature\Playground\Lead\Resource\Http\Controllers\Playground\GoalRouteTest" classname="Tests.Feature.Playground.Lead.Resource.Http.Controllers.Playground.GoalRouteTest" assertions="6" time="0.440087"/>
        <testcase name="test_admin_can_update_view_with_return_url" file="/app/vendor/gammamatrix/playground-test/src/Feature/Http/Controllers/Resource/Playground/UpdateTrait.php" line="133" class="Tests\Feature\Playground\Lead\Resource\Http\Controllers\Playground\GoalRouteTest" classname="Tests.Feature.Playground.Lead.Resource.Http.Controllers.Playground.GoalRouteTest" assertions="6" time="0.455954"/>
      </testsuite>
      <testsuite name="Tests\Feature\Playground\Lead\Resource\Http\Controllers\Playground\IndexRouteTest" file="/app/tests/Feature/Http/Controllers/Playground/IndexRouteTest.php" tests="2" assertions="3" errors="0" failures="0" skipped="0" time="0.721434">
        <testcase name="test_guest_cannot_render_index_view" file="/app/tests/Feature/Http/Controllers/Playground/IndexRouteTest.php" line="19" class="Tests\Feature\Playground\Lead\Resource\Http\Controllers\Playground\IndexRouteTest" classname="Tests.Feature.Playground.Lead.Resource.Http.Controllers.Playground.IndexRouteTest" assertions="1" time="0.354734"/>
        <testcase name="test_admin_can_render_index_view" file="/app/tests/Feature/Http/Controllers/Playground/IndexRouteTest.php" line="28" class="Tests\Feature\Playground\Lead\Resource\Http\Controllers\Playground\IndexRouteTest" classname="Tests.Feature.Playground.Lead.Resource.Http.Controllers.Playground.IndexRouteTest" assertions="2" time="0.366700"/>
      </testsuite>
      <testsuite name="Tests\Feature\Playground\Lead\Resource\Http\Controllers\Playground\LeadRouteTest" file="/app/tests/Feature/Http/Controllers/Playground/LeadRouteTest.php" tests="73" assertions="1335" errors="0" failures="0" skipped="0" time="28.691526">
        <testcase name="test_json_guest_cannot_get_create_info" file="/app/vendor/gammamatrix/playground-test/src/Feature/Http/Controllers/Resource/Playground/CreateJsonTrait.php" line="38" class="Tests\Feature\Playground\Lead\Resource\Http\Controllers\Playground\LeadRouteTest" classname="Tests.Feature.Playground.Lead.Resource.Http.Controllers.Playground.LeadRouteTest" assertions="1" time="0.425280"/>
        <testcase name="test_json_admin_can_get_create_info" file="/app/vendor/gammamatrix/playground-test/src/Feature/Http/Controllers/Resource/Playground/CreateJsonTrait.php" line="53" class="Tests\Feature\Playground\Lead\Resource\Http\Controllers\Playground\LeadRouteTest" classname="Tests.Feature.Playground.Lead.Resource.Http.Controllers.Playground.LeadRouteTest" assertions="123" time="0.380202"/>
        <testcase name="test_json_get_create_info_as_admin_with_invalid_parameter_and_fail_validation" file="/app/vendor/gammamatrix/playground-test/src/Feature/Http/Controllers/Resource/Playground/CreateJsonTrait.php" line="73" class="Tests\Feature\Playground\Lead\Resource\Http\Controllers\Playground\LeadRouteTest" classname="Tests.Feature.Playground.Lead.Resource.Http.Controllers.Playground.LeadRouteTest" assertions="4" time="0.380798"/>
        <testcase name="test_guest_cannot_render_create_view" file="/app/vendor/gammamatrix/playground-test/src/Feature/Http/Controllers/Resource/Playground/CreateTrait.php" line="33" class="Tests\Feature\Playground\Lead\Resource\Http\Controllers\Playground\LeadRouteTest" classname="Tests.Feature.Playground.Lead.Resource.Http.Controllers.Playground.LeadRouteTest" assertions="1" time="0.346275"/>
        <testcase name="test_admin_can_render_create_view" file="/app/vendor/gammamatrix/playground-test/src/Feature/Http/Controllers/Resource/Playground/CreateTrait.php" line="47" class="Tests\Feature\Playground\Lead\Resource\Http\Controllers\Playground\LeadRouteTest" classname="Tests.Feature.Playground.Lead.Resource.Http.Controllers.Playground.LeadRouteTest" assertions="2" time="0.437083"/>
        <testcase name="test_admin_can_render_create_view_with_return_url" file="/app/vendor/gammamatrix/playground-test/src/Feature/Http/Controllers/Resource/Playground/CreateTrait.php" line="65" class="Tests\Feature\Playground\Lead\Resource\Http\Controllers\Playground\LeadRouteTest" classname="Tests.Feature.Playground.Lead.Resource.Http.Controllers.Playground.LeadRouteTest" assertions="3" time="0.411278"/>
        <testcase name="test_create_view_as_admin_with_invalid_parameter_and_fail_validation_and_redirect" file="/app/vendor/gammamatrix/playground-test/src/Feature/Http/Controllers/Resource/Playground/CreateTrait.php" line="92" class="Tests\Feature\Playground\Lead\Resource\Http\Controllers\Playground\LeadRouteTest" classname="Tests.Feature.Playground.Lead.Resource.Http.Controllers.Playground.LeadRouteTest" assertions="5" time="0.372282"/>
        <testcase name="test_json_guest_cannot_destroy" file="/app/vendor/gammamatrix/playground-test/src/Feature/Http/Controllers/Resource/Playground/DestroyJsonTrait.php" line="31" class="Tests\Feature\Playground\Lead\Resource\Http\Controllers\Playground\LeadRouteTest" classname="Tests.Feature.Playground.Lead.Resource.Http.Controllers.Playground.LeadRouteTest" assertions="3" time="0.360388"/>
        <testcase name="test_json_destroy_as_admin_and_succeed" file="/app/vendor/gammamatrix/playground-test/src/Feature/Http/Controllers/Resource/Playground/DestroyJsonTrait.php" line="61" class="Tests\Feature\Playground\Lead\Resource\Http\Controllers\Playground\LeadRouteTest" classname="Tests.Feature.Playground.Lead.Resource.Http.Controllers.Playground.LeadRouteTest" assertions="5" time="0.391434"/>
        <testcase name="test_json_destroy_as_admin_and_succeed_with_force_delete" file="/app/vendor/gammamatrix/playground-test/src/Feature/Http/Controllers/Resource/Playground/DestroyJsonTrait.php" line="100" class="Tests\Feature\Playground\Lead\Resource\Http\Controllers\Playground\LeadRouteTest" classname="Tests.Feature.Playground.Lead.Resource.Http.Controllers.Playground.LeadRouteTest" assertions="4" time="0.364610"/>
        <testcase name="test_json_destroy_as_admin_and_succeed_with_no_content" file="/app/vendor/gammamatrix/playground-test/src/Feature/Http/Controllers/Resource/Playground/DestroyJsonTrait.php" line="132" class="Tests\Feature\Playground\Lead\Resource\Http\Controllers\Playground\LeadRouteTest" classname="Tests.Feature.Playground.Lead.Resource.Http.Controllers.Playground.LeadRouteTest" assertions="5" time="0.392951"/>
        <testcase name="test_json_destroy_as_admin_and_succeed_and_ignore_redirect" file="/app/vendor/gammamatrix/playground-test/src/Feature/Http/Controllers/Resource/Playground/DestroyJsonTrait.php" line="167" class="Tests\Feature\Playground\Lead\Resource\Http\Controllers\Playground\LeadRouteTest" classname="Tests.Feature.Playground.Lead.Resource.Http.Controllers.Playground.LeadRouteTest" assertions="5" time="0.377327"/>
        <testcase name="test_json_destroy_as_user_and_get_denied_and_no_force_delete_allowed" file="/app/vendor/gammamatrix/playground-test/src/Feature/Http/Controllers/Resource/Playground/DestroyJsonTrait.php" line="209" class="Tests\Feature\Playground\Lead\Resource\Http\Controllers\Playground\LeadRouteTest" classname="Tests.Feature.Playground.Lead.Resource.Http.Controllers.Playground.LeadRouteTest" assertions="3" time="0.368792"/>
        <testcase name="test_guest_cannot_destroy" file="/app/vendor/gammamatrix/playground-test/src/Feature/Http/Controllers/Resource/Playground/DestroyTrait.php" line="31" class="Tests\Feature\Playground\Lead\Resource\Http\Controllers\Playground\LeadRouteTest" classname="Tests.Feature.Playground.Lead.Resource.Http.Controllers.Playground.LeadRouteTest" assertions="3" time="0.378547"/>
        <testcase name="test_destroy_as_admin_and_succeed" file="/app/vendor/gammamatrix/playground-test/src/Feature/Http/Controllers/Resource/Playground/DestroyTrait.php" line="61" class="Tests\Feature\Playground\Lead\Resource\Http\Controllers\Playground\LeadRouteTest" classname="Tests.Feature.Playground.Lead.Resource.Http.Controllers.Playground.LeadRouteTest" assertions="5" time="0.366340"/>
        <testcase name="test_destroy_as_admin_and_succeed_with_force_delete" file="/app/vendor/gammamatrix/playground-test/src/Feature/Http/Controllers/Resource/Playground/DestroyTrait.php" line="97" class="Tests\Feature\Playground\Lead\Resource\Http\Controllers\Playground\LeadRouteTest" classname="Tests.Feature.Playground.Lead.Resource.Http.Controllers.Playground.LeadRouteTest" assertions="4" time="0.374740"/>
        <testcase name="test_destroy_as_admin_and_succeed_with_redirect_to_index_with_trash" file="/app/vendor/gammamatrix/playground-test/src/Feature/Http/Controllers/Resource/Playground/DestroyTrait.php" line="129" class="Tests\Feature\Playground\Lead\Resource\Http\Controllers\Playground\LeadRouteTest" classname="Tests.Feature.Playground.Lead.Resource.Http.Controllers.Playground.LeadRouteTest" assertions="5" time="0.384816"/>
        <testcase name="test_destroy_as_user_and_get_denied_and_no_force_delete_allowed" file="/app/vendor/gammamatrix/playground-test/src/Feature/Http/Controllers/Resource/Playground/DestroyTrait.php" line="171" class="Tests\Feature\Playground\Lead\Resource\Http\Controllers\Playground\LeadRouteTest" classname="Tests.Feature.Playground.Lead.Resource.Http.Controllers.Playground.LeadRouteTest" assertions="3" time="0.372805"/>
        <testcase name="test_json_guest_cannot_get_edit_info" file="/app/vendor/gammamatrix/playground-test/src/Feature/Http/Controllers/Resource/Playground/EditJsonTrait.php" line="38" class="Tests\Feature\Playground\Lead\Resource\Http\Controllers\Playground\LeadRouteTest" classname="Tests.Feature.Playground.Lead.Resource.Http.Controllers.Playground.LeadRouteTest" assertions="1" time="0.355457"/>
        <testcase name="test_json_admin_can_get_edit_info" file="/app/vendor/gammamatrix/playground-test/src/Feature/Http/Controllers/Resource/Playground/EditJsonTrait.php" line="58" class="Tests\Feature\Playground\Lead\Resource\Http\Controllers\Playground\LeadRouteTest" classname="Tests.Feature.Playground.Lead.Resource.Http.Controllers.Playground.LeadRouteTest" assertions="4" time="0.399881"/>
        <testcase name="test_json_edit_as_admin_and_fail_validation_with_invalid_parameter" file="/app/vendor/gammamatrix/playground-test/src/Feature/Http/Controllers/Resource/Playground/EditJsonTrait.php" line="87" class="Tests\Feature\Playground\Lead\Resource\Http\Controllers\Playground\LeadRouteTest" classname="Tests.Feature.Playground.Lead.Resource.Http.Controllers.Playground.LeadRouteTest" assertions="4" time="0.378510"/>
        <testcase name="test_guest_cannot_render_edit_view" file="/app/vendor/gammamatrix/playground-test/src/Feature/Http/Controllers/Resource/Playground/EditTrait.php" line="33" class="Tests\Feature\Playground\Lead\Resource\Http\Controllers\Playground\LeadRouteTest" classname="Tests.Feature.Playground.Lead.Resource.Http.Controllers.Playground.LeadRouteTest" assertions="1" time="0.380340"/>
        <testcase name="test_admin_can_render_edit_view" file="/app/vendor/gammamatrix/playground-test/src/Feature/Http/Controllers/Resource/Playground/EditTrait.php" line="53" class="Tests\Feature\Playground\Lead\Resource\Http\Controllers\Playground\LeadRouteTest" classname="Tests.Feature.Playground.Lead.Resource.Http.Controllers.Playground.LeadRouteTest" assertions="2" time="0.399275"/>
        <testcase name="test_admin_can_render_edit_view_with_return_url" file="/app/vendor/gammamatrix/playground-test/src/Feature/Http/Controllers/Resource/Playground/EditTrait.php" line="77" class="Tests\Feature\Playground\Lead\Resource\Http\Controllers\Playground\LeadRouteTest" classname="Tests.Feature.Playground.Lead.Resource.Http.Controllers.Playground.LeadRouteTest" assertions="3" time="0.412521"/>
        <testcase name="test_edit_view_as_admin_with_invalid_parameter_and_fail_validation_and_redirect" file="/app/vendor/gammamatrix/playground-test/src/Feature/Http/Controllers/Resource/Playground/EditTrait.php" line="109" class="Tests\Feature\Playground\Lead\Resource\Http\Controllers\Playground\LeadRouteTest" classname="Tests.Feature.Playground.Lead.Resource.Http.Controllers.Playground.LeadRouteTest" assertions="4" time="0.393277"/>
        <testcase name="test_json_guest_cannot_get_index" file="/app/vendor/gammamatrix/playground-test/src/Feature/Http/Controllers/Resource/Playground/IndexJsonTrait.php" line="34" class="Tests\Feature\Playground\Lead\Resource\Http\Controllers\Playground\LeadRouteTest" classname="Tests.Feature.Playground.Lead.Resource.Http.Controllers.Playground.LeadRouteTest" assertions="1" time="0.357359"/>
        <testcase name="test_json_admin_can_get_index" file="/app/vendor/gammamatrix/playground-test/src/Feature/Http/Controllers/Resource/Playground/IndexJsonTrait.php" line="49" class="Tests\Feature\Playground\Lead\Resource\Http\Controllers\Playground\LeadRouteTest" classname="Tests.Feature.Playground.Lead.Resource.Http.Controllers.Playground.LeadRouteTest" assertions="130" time="0.392298"/>
        <testcase name="test_json_admin_can_get_index_with_filters" file="/app/vendor/gammamatrix/playground-test/src/Feature/Http/Controllers/Resource/Playground/IndexJsonTrait.php" line="85" class="Tests\Feature\Playground\Lead\Resource\Http\Controllers\Playground\LeadRouteTest" classname="Tests.Feature.Playground.Lead.Resource.Http.Controllers.Playground.LeadRouteTest" assertions="3" time="0.396754"/>
        <testcase name="test_guest_cannot_render_index_view" file="/app/vendor/gammamatrix/playground-test/src/Feature/Http/Controllers/Resource/Playground/IndexTrait.php" line="29" class="Tests\Feature\Playground\Lead\Resource\Http\Controllers\Playground\LeadRouteTest" classname="Tests.Feature.Playground.Lead.Resource.Http.Controllers.Playground.LeadRouteTest" assertions="1" time="0.358803"/>
        <testcase name="test_admin_can_render_index_view" file="/app/vendor/gammamatrix/playground-test/src/Feature/Http/Controllers/Resource/Playground/IndexTrait.php" line="44" class="Tests\Feature\Playground\Lead\Resource\Http\Controllers\Playground\LeadRouteTest" classname="Tests.Feature.Playground.Lead.Resource.Http.Controllers.Playground.LeadRouteTest" assertions="2" time="0.457795"/>
        <testcase name="test_admin_can_render_index_view_with_filters" file="/app/vendor/gammamatrix/playground-test/src/Feature/Http/Controllers/Resource/Playground/IndexTrait.php" line="77" class="Tests\Feature\Playground\Lead\Resource\Http\Controllers\Playground\LeadRouteTest" classname="Tests.Feature.Playground.Lead.Resource.Http.Controllers.Playground.LeadRouteTest" assertions="3" time="0.420313"/>
        <testcase name="test_json_guest_cannot_lock" file="/app/vendor/gammamatrix/playground-test/src/Feature/Http/Controllers/Resource/Playground/LockJsonTrait.php" line="36" class="Tests\Feature\Playground\Lead\Resource\Http\Controllers\Playground\LeadRouteTest" classname="Tests.Feature.Playground.Lead.Resource.Http.Controllers.Playground.LeadRouteTest" assertions="3" time="0.369742"/>
        <testcase name="test_json_lock_as_admin_and_succeed" file="/app/vendor/gammamatrix/playground-test/src/Feature/Http/Controllers/Resource/Playground/LockJsonTrait.php" line="66" class="Tests\Feature\Playground\Lead\Resource\Http\Controllers\Playground\LeadRouteTest" classname="Tests.Feature.Playground.Lead.Resource.Http.Controllers.Playground.LeadRouteTest" assertions="3" time="0.403116"/>
        <testcase name="test_json_lock_as_admin_and_succeed_with_no_redirect" file="/app/vendor/gammamatrix/playground-test/src/Feature/Http/Controllers/Resource/Playground/LockJsonTrait.php" line="98" class="Tests\Feature\Playground\Lead\Resource\Http\Controllers\Playground\LeadRouteTest" classname="Tests.Feature.Playground.Lead.Resource.Http.Controllers.Playground.LeadRouteTest" assertions="125" time="0.386728"/>
        <testcase name="test_json_lock_as_user_and_get_denied" file="/app/vendor/gammamatrix/playground-test/src/Feature/Http/Controllers/Resource/Playground/LockJsonTrait.php" line="143" class="Tests\Feature\Playground\Lead\Resource\Http\Controllers\Playground\LeadRouteTest" classname="Tests.Feature.Playground.Lead.Resource.Http.Controllers.Playground.LeadRouteTest" assertions="3" time="0.391596"/>
        <testcase name="test_guest_cannot_lock" file="/app/vendor/gammamatrix/playground-test/src/Feature/Http/Controllers/Resource/Playground/LockTrait.php" line="31" class="Tests\Feature\Playground\Lead\Resource\Http\Controllers\Playground\LeadRouteTest" classname="Tests.Feature.Playground.Lead.Resource.Http.Controllers.Playground.LeadRouteTest" assertions="3" time="0.374106"/>
        <testcase name="test_lock_as_admin_and_succeed" file="/app/vendor/gammamatrix/playground-test/src/Feature/Http/Controllers/Resource/Playground/LockTrait.php" line="61" class="Tests\Feature\Playground\Lead\Resource\Http\Controllers\Playground\LeadRouteTest" classname="Tests.Feature.Playground.Lead.Resource.Http.Controllers.Playground.LeadRouteTest" assertions="4" time="0.379433"/>
        <testcase name="test_lock_as_admin_and_succeed_with_redirect_to_index_with_sorted_by_locked_desc" file="/app/vendor/gammamatrix/playground-test/src/Feature/Http/Controllers/Resource/Playground/LockTrait.php" line="95" class="Tests\Feature\Playground\Lead\Resource\Http\Controllers\Playground\LeadRouteTest" classname="Tests.Feature.Playground.Lead.Resource.Http.Controllers.Playground.LeadRouteTest" assertions="4" time="0.399560"/>
        <testcase name="test_lock_as_user_and_get_denied" file="/app/vendor/gammamatrix/playground-test/src/Feature/Http/Controllers/Resource/Playground/LockTrait.php" line="132" class="Tests\Feature\Playground\Lead\Resource\Http\Controllers\Playground\LeadRouteTest" classname="Tests.Feature.Playground.Lead.Resource.Http.Controllers.Playground.LeadRouteTest" assertions="3" time="0.380698"/>
        <testcase name="test_json_guest_cannot_restore" file="/app/vendor/gammamatrix/playground-test/src/Feature/Http/Controllers/Resource/Playground/RestoreJsonTrait.php" line="32" class="Tests\Feature\Playground\Lead\Resource\Http\Controllers\Playground\LeadRouteTest" classname="Tests.Feature.Playground.Lead.Resource.Http.Controllers.Playground.LeadRouteTest" assertions="3" time="0.369965"/>
        <testcase name="test_json_restore_as_admin_and_succeed" file="/app/vendor/gammamatrix/playground-test/src/Feature/Http/Controllers/Resource/Playground/RestoreJsonTrait.php" line="64" class="Tests\Feature\Playground\Lead\Resource\Http\Controllers\Playground\LeadRouteTest" classname="Tests.Feature.Playground.Lead.Resource.Http.Controllers.Playground.LeadRouteTest" assertions="125" time="0.408469"/>
        <testcase name="test_json_restore_as_admin_and_succeed_with_no_redirect" file="/app/vendor/gammamatrix/playground-test/src/Feature/Http/Controllers/Resource/Playground/RestoreJsonTrait.php" line="100" class="Tests\Feature\Playground\Lead\Resource\Http\Controllers\Playground\LeadRouteTest" classname="Tests.Feature.Playground.Lead.Resource.Http.Controllers.Playground.LeadRouteTest" assertions="125" time="0.392006"/>
        <testcase name="test_json_restore_as_user_and_get_denied" file="/app/vendor/gammamatrix/playground-test/src/Feature/Http/Controllers/Resource/Playground/RestoreJsonTrait.php" line="143" class="Tests\Feature\Playground\Lead\Resource\Http\Controllers\Playground\LeadRouteTest" classname="Tests.Feature.Playground.Lead.Resource.Http.Controllers.Playground.LeadRouteTest" assertions="3" time="0.393743"/>
        <testcase name="test_guest_cannot_restore" file="/app/vendor/gammamatrix/playground-test/src/Feature/Http/Controllers/Resource/Playground/RestoreTrait.php" line="32" class="Tests\Feature\Playground\Lead\Resource\Http\Controllers\Playground\LeadRouteTest" classname="Tests.Feature.Playground.Lead.Resource.Http.Controllers.Playground.LeadRouteTest" assertions="3" time="0.364377"/>
        <testcase name="test_restore_as_admin_and_succeed" file="/app/vendor/gammamatrix/playground-test/src/Feature/Http/Controllers/Resource/Playground/RestoreTrait.php" line="64" class="Tests\Feature\Playground\Lead\Resource\Http\Controllers\Playground\LeadRouteTest" classname="Tests.Feature.Playground.Lead.Resource.Http.Controllers.Playground.LeadRouteTest" assertions="4" time="0.379133"/>
        <testcase name="test_restore_as_admin_and_succeed_with_redirect_to_index_with_only_trash" file="/app/vendor/gammamatrix/playground-test/src/Feature/Http/Controllers/Resource/Playground/RestoreTrait.php" line="100" class="Tests\Feature\Playground\Lead\Resource\Http\Controllers\Playground\LeadRouteTest" classname="Tests.Feature.Playground.Lead.Resource.Http.Controllers.Playground.LeadRouteTest" assertions="4" time="0.408693"/>
        <testcase name="test_restore_as_user_and_get_denied" file="/app/vendor/gammamatrix/playground-test/src/Feature/Http/Controllers/Resource/Playground/RestoreTrait.php" line="146" class="Tests\Feature\Playground\Lead\Resource\Http\Controllers\Playground\LeadRouteTest" classname="Tests.Feature.Playground.Lead.Resource.Http.Controllers.Playground.LeadRouteTest" assertions="3" time="0.379937"/>
        <testcase name="test_json_guest_cannot_see_info" file="/app/vendor/gammamatrix/playground-test/src/Feature/Http/Controllers/Resource/Playground/ShowJsonTrait.php" line="29" class="Tests\Feature\Playground\Lead\Resource\Http\Controllers\Playground\LeadRouteTest" classname="Tests.Feature.Playground.Lead.Resource.Http.Controllers.Playground.LeadRouteTest" assertions="1" time="0.371972"/>
        <testcase name="test_json_show_info_for_admin" file="/app/vendor/gammamatrix/playground-test/src/Feature/Http/Controllers/Resource/Playground/ShowJsonTrait.php" line="49" class="Tests\Feature\Playground\Lead\Resource\Http\Controllers\Playground\LeadRouteTest" classname="Tests.Feature.Playground.Lead.Resource.Http.Controllers.Playground.LeadRouteTest" assertions="124" time="0.398870"/>
        <testcase name="test_guest_cannot_render_show_view" file="/app/vendor/gammamatrix/playground-test/src/Feature/Http/Controllers/Resource/Playground/ShowTrait.php" line="29" class="Tests\Feature\Playground\Lead\Resource\Http\Controllers\Playground\LeadRouteTest" classname="Tests.Feature.Playground.Lead.Resource.Http.Controllers.Playground.LeadRouteTest" assertions="1" time="0.369593"/>
        <testcase name="test_show_view_rendered_by_admin" file="/app/vendor/gammamatrix/playground-test/src/Feature/Http/Controllers/Resource/Playground/ShowTrait.php" line="49" class="Tests\Feature\Playground\Lead\Resource\Http\Controllers\Playground\LeadRouteTest" classname="Tests.Feature.Playground.Lead.Resource.Http.Controllers.Playground.LeadRouteTest" assertions="2" time="0.421322"/>
        <testcase name="test_json_guest_cannot_store" file="/app/vendor/gammamatrix/playground-test/src/Feature/Http/Controllers/Resource/Playground/StoreJsonTrait.php" line="43" class="Tests\Feature\Playground\Lead\Resource\Http\Controllers\Playground\LeadRouteTest" classname="Tests.Feature.Playground.Lead.Resource.Http.Controllers.Playground.LeadRouteTest" assertions="3" time="0.363174"/>
        <testcase name="test_json_store_as_admin_without_payload_and_fail_validation" file="/app/vendor/gammamatrix/playground-test/src/Feature/Http/Controllers/Resource/Playground/StoreJsonTrait.php" line="66" class="Tests\Feature\Playground\Lead\Resource\Http\Controllers\Playground\LeadRouteTest" classname="Tests.Feature.Playground.Lead.Resource.Http.Controllers.Playground.LeadRouteTest" assertions="5" time="0.376300"/>
        <testcase name="test_json_store_as_admin_and_succeed" file="/app/vendor/gammamatrix/playground-test/src/Feature/Http/Controllers/Resource/Playground/StoreJsonTrait.php" line="92" class="Tests\Feature\Playground\Lead\Resource\Http\Controllers\Playground\LeadRouteTest" classname="Tests.Feature.Playground.Lead.Resource.Http.Controllers.Playground.LeadRouteTest" assertions="3" time="0.466903"/>
        <testcase name="test_guest_cannot_store" file="/app/vendor/gammamatrix/playground-test/src/Feature/Http/Controllers/Resource/Playground/StoreTrait.php" line="38" class="Tests\Feature\Playground\Lead\Resource\Http\Controllers\Playground\LeadRouteTest" classname="Tests.Feature.Playground.Lead.Resource.Http.Controllers.Playground.LeadRouteTest" assertions="3" time="0.369269"/>
        <testcase name="test_store_as_admin_without_payload_and_fail_validation" file="/app/vendor/gammamatrix/playground-test/src/Feature/Http/Controllers/Resource/Playground/StoreTrait.php" line="61" class="Tests\Feature\Playground\Lead\Resource\Http\Controllers\Playground\LeadRouteTest" classname="Tests.Feature.Playground.Lead.Resource.Http.Controllers.Playground.LeadRouteTest" assertions="5" time="0.405513"/>
        <testcase name="test_store_as_admin_and_succeed" file="/app/vendor/gammamatrix/playground-test/src/Feature/Http/Controllers/Resource/Playground/StoreTrait.php" line="90" class="Tests\Feature\Playground\Lead\Resource\Http\Controllers\Playground\LeadRouteTest" classname="Tests.Feature.Playground.Lead.Resource.Http.Controllers.Playground.LeadRouteTest" assertions="4" time="0.411409"/>
        <testcase name="test_store_as_admin_and_succeed_with_return_url" file="/app/vendor/gammamatrix/playground-test/src/Feature/Http/Controllers/Resource/Playground/StoreTrait.php" line="135" class="Tests\Feature\Playground\Lead\Resource\Http\Controllers\Playground\LeadRouteTest" classname="Tests.Feature.Playground.Lead.Resource.Http.Controllers.Playground.LeadRouteTest" assertions="4" time="0.439247"/>
        <testcase name="test_json_guest_cannot_unlock" file="/app/vendor/gammamatrix/playground-test/src/Feature/Http/Controllers/Resource/Playground/UnlockJsonTrait.php" line="36" class="Tests\Feature\Playground\Lead\Resource\Http\Controllers\Playground\LeadRouteTest" classname="Tests.Feature.Playground.Lead.Resource.Http.Controllers.Playground.LeadRouteTest" assertions="3" time="0.394631"/>
        <testcase name="test_json_unlock_as_admin_and_succeed" file="/app/vendor/gammamatrix/playground-test/src/Feature/Http/Controllers/Resource/Playground/UnlockJsonTrait.php" line="68" class="Tests\Feature\Playground\Lead\Resource\Http\Controllers\Playground\LeadRouteTest" classname="Tests.Feature.Playground.Lead.Resource.Http.Controllers.Playground.LeadRouteTest" assertions="125" time="0.393916"/>
        <testcase name="test_json_unlock_as_admin_and_succeed_with_no_redirect" file="/app/vendor/gammamatrix/playground-test/src/Feature/Http/Controllers/Resource/Playground/UnlockJsonTrait.php" line="104" class="Tests\Feature\Playground\Lead\Resource\Http\Controllers\Playground\LeadRouteTest" classname="Tests.Feature.Playground.Lead.Resource.Http.Controllers.Playground.LeadRouteTest" assertions="125" time="0.427364"/>
        <testcase name="test_json_unlock_as_user_and_get_denied" file="/app/vendor/gammamatrix/playground-test/src/Feature/Http/Controllers/Resource/Playground/UnlockJsonTrait.php" line="145" class="Tests\Feature\Playground\Lead\Resource\Http\Controllers\Playground\LeadRouteTest" classname="Tests.Feature.Playground.Lead.Resource.Http.Controllers.Playground.LeadRouteTest" assertions="3" time="0.384430"/>
        <testcase name="test_guest_cannot_unlock" file="/app/vendor/gammamatrix/playground-test/src/Feature/Http/Controllers/Resource/Playground/UnlockTrait.php" line="36" class="Tests\Feature\Playground\Lead\Resource\Http\Controllers\Playground\LeadRouteTest" classname="Tests.Feature.Playground.Lead.Resource.Http.Controllers.Playground.LeadRouteTest" assertions="3" time="0.372280"/>
        <testcase name="test_unlock_as_admin_and_succeed" file="/app/vendor/gammamatrix/playground-test/src/Feature/Http/Controllers/Resource/Playground/UnlockTrait.php" line="68" class="Tests\Feature\Playground\Lead\Resource\Http\Controllers\Playground\LeadRouteTest" classname="Tests.Feature.Playground.Lead.Resource.Http.Controllers.Playground.LeadRouteTest" assertions="4" time="0.410971"/>
        <testcase name="test_unlock_as_admin_and_succeed_with_redirect_to_index_with_sorted_by_unlocked_desc" file="/app/vendor/gammamatrix/playground-test/src/Feature/Http/Controllers/Resource/Playground/UnlockTrait.php" line="109" class="Tests\Feature\Playground\Lead\Resource\Http\Controllers\Playground\LeadRouteTest" classname="Tests.Feature.Playground.Lead.Resource.Http.Controllers.Playground.LeadRouteTest" assertions="4" time="0.393584"/>
        <testcase name="test_unlock_as_user_and_get_denied" file="/app/vendor/gammamatrix/playground-test/src/Feature/Http/Controllers/Resource/Playground/UnlockTrait.php" line="148" class="Tests\Feature\Playground\Lead\Resource\Http\Controllers\Playground\LeadRouteTest" classname="Tests.Feature.Playground.Lead.Resource.Http.Controllers.Playground.LeadRouteTest" assertions="3" time="0.386342"/>
        <testcase name="test_json_guest_cannot_update" file="/app/vendor/gammamatrix/playground-test/src/Feature/Http/Controllers/Resource/Playground/UpdateJsonTrait.php" line="45" class="Tests\Feature\Playground\Lead\Resource\Http\Controllers\Playground\LeadRouteTest" classname="Tests.Feature.Playground.Lead.Resource.Http.Controllers.Playground.LeadRouteTest" assertions="1" time="0.402240"/>
        <testcase name="test_json_update_as_admin_without_payload_and_fail_validation" file="/app/vendor/gammamatrix/playground-test/src/Feature/Http/Controllers/Resource/Playground/UpdateJsonTrait.php" line="65" class="Tests\Feature\Playground\Lead\Resource\Http\Controllers\Playground\LeadRouteTest" classname="Tests.Feature.Playground.Lead.Resource.Http.Controllers.Playground.LeadRouteTest" assertions="4" time="0.390096"/>
        <testcase name="test_json_admin_can_update" file="/app/vendor/gammamatrix/playground-test/src/Feature/Http/Controllers/Resource/Playground/UpdateJsonTrait.php" line="90" class="Tests\Feature\Playground\Lead\Resource\Http\Controllers\Playground\LeadRouteTest" classname="Tests.Feature.Playground.Lead.Resource.Http.Controllers.Playground.LeadRouteTest" assertions="127" time="0.485939"/>
        <testcase name="test_guest_cannot_update" file="/app/vendor/gammamatrix/playground-test/src/Feature/Http/Controllers/Resource/Playground/UpdateTrait.php" line="45" class="Tests\Feature\Playground\Lead\Resource\Http\Controllers\Playground\LeadRouteTest" classname="Tests.Feature.Playground.Lead.Resource.Http.Controllers.Playground.LeadRouteTest" assertions="1" time="0.377057"/>
        <testcase name="test_update_as_admin_without_payload_and_fail_validation" file="/app/vendor/gammamatrix/playground-test/src/Feature/Http/Controllers/Resource/Playground/UpdateTrait.php" line="65" class="Tests\Feature\Playground\Lead\Resource\Http\Controllers\Playground\LeadRouteTest" classname="Tests.Feature.Playground.Lead.Resource.Http.Controllers.Playground.LeadRouteTest" assertions="4" time="0.393675"/>
        <testcase name="test_admin_can_update" file="/app/vendor/gammamatrix/playground-test/src/Feature/Http/Controllers/Resource/Playground/UpdateTrait.php" line="90" class="Tests\Feature\Playground\Lead\Resource\Http\Controllers\Playground\LeadRouteTest" classname="Tests.Feature.Playground.Lead.Resource.Http.Controllers.Playground.LeadRouteTest" assertions="6" time="0.465260"/>
        <testcase name="test_admin_can_update_view_with_return_url" file="/app/vendor/gammamatrix/playground-test/src/Feature/Http/Controllers/Resource/Playground/UpdateTrait.php" line="133" class="Tests\Feature\Playground\Lead\Resource\Http\Controllers\Playground\LeadRouteTest" classname="Tests.Feature.Playground.Lead.Resource.Http.Controllers.Playground.LeadRouteTest" assertions="6" time="0.450336"/>
      </testsuite>
      <testsuite name="Tests\Feature\Playground\Lead\Resource\Http\Controllers\Playground\OpportunityRouteTest" file="/app/tests/Feature/Http/Controllers/Playground/OpportunityRouteTest.php" tests="73" assertions="1335" errors="0" failures="0" skipped="0" time="29.050331">
        <testcase name="test_json_guest_cannot_get_create_info" file="/app/vendor/gammamatrix/playground-test/src/Feature/Http/Controllers/Resource/Playground/CreateJsonTrait.php" line="38" class="Tests\Feature\Playground\Lead\Resource\Http\Controllers\Playground\OpportunityRouteTest" classname="Tests.Feature.Playground.Lead.Resource.Http.Controllers.Playground.OpportunityRouteTest" assertions="1" time="0.425400"/>
        <testcase name="test_json_admin_can_get_create_info" file="/app/vendor/gammamatrix/playground-test/src/Feature/Http/Controllers/Resource/Playground/CreateJsonTrait.php" line="53" class="Tests\Feature\Playground\Lead\Resource\Http\Controllers\Playground\OpportunityRouteTest" classname="Tests.Feature.Playground.Lead.Resource.Http.Controllers.Playground.OpportunityRouteTest" assertions="123" time="0.379101"/>
        <testcase name="test_json_get_create_info_as_admin_with_invalid_parameter_and_fail_validation" file="/app/vendor/gammamatrix/playground-test/src/Feature/Http/Controllers/Resource/Playground/CreateJsonTrait.php" line="73" class="Tests\Feature\Playground\Lead\Resource\Http\Controllers\Playground\OpportunityRouteTest" classname="Tests.Feature.Playground.Lead.Resource.Http.Controllers.Playground.OpportunityRouteTest" assertions="4" time="0.370834"/>
        <testcase name="test_guest_cannot_render_create_view" file="/app/vendor/gammamatrix/playground-test/src/Feature/Http/Controllers/Resource/Playground/CreateTrait.php" line="33" class="Tests\Feature\Playground\Lead\Resource\Http\Controllers\Playground\OpportunityRouteTest" classname="Tests.Feature.Playground.Lead.Resource.Http.Controllers.Playground.OpportunityRouteTest" assertions="1" time="0.374317"/>
        <testcase name="test_admin_can_render_create_view" file="/app/vendor/gammamatrix/playground-test/src/Feature/Http/Controllers/Resource/Playground/CreateTrait.php" line="47" class="Tests\Feature\Playground\Lead\Resource\Http\Controllers\Playground\OpportunityRouteTest" classname="Tests.Feature.Playground.Lead.Resource.Http.Controllers.Playground.OpportunityRouteTest" assertions="2" time="0.421885"/>
        <testcase name="test_admin_can_render_create_view_with_return_url" file="/app/vendor/gammamatrix/playground-test/src/Feature/Http/Controllers/Resource/Playground/CreateTrait.php" line="65" class="Tests\Feature\Playground\Lead\Resource\Http\Controllers\Playground\OpportunityRouteTest" classname="Tests.Feature.Playground.Lead.Resource.Http.Controllers.Playground.OpportunityRouteTest" assertions="3" time="0.442494"/>
        <testcase name="test_create_view_as_admin_with_invalid_parameter_and_fail_validation_and_redirect" file="/app/vendor/gammamatrix/playground-test/src/Feature/Http/Controllers/Resource/Playground/CreateTrait.php" line="92" class="Tests\Feature\Playground\Lead\Resource\Http\Controllers\Playground\OpportunityRouteTest" classname="Tests.Feature.Playground.Lead.Resource.Http.Controllers.Playground.OpportunityRouteTest" assertions="5" time="0.371658"/>
        <testcase name="test_json_guest_cannot_destroy" file="/app/vendor/gammamatrix/playground-test/src/Feature/Http/Controllers/Resource/Playground/DestroyJsonTrait.php" line="31" class="Tests\Feature\Playground\Lead\Resource\Http\Controllers\Playground\OpportunityRouteTest" classname="Tests.Feature.Playground.Lead.Resource.Http.Controllers.Playground.OpportunityRouteTest" assertions="3" time="0.361643"/>
        <testcase name="test_json_destroy_as_admin_and_succeed" file="/app/vendor/gammamatrix/playground-test/src/Feature/Http/Controllers/Resource/Playground/DestroyJsonTrait.php" line="61" class="Tests\Feature\Playground\Lead\Resource\Http\Controllers\Playground\OpportunityRouteTest" classname="Tests.Feature.Playground.Lead.Resource.Http.Controllers.Playground.OpportunityRouteTest" assertions="5" time="0.398744"/>
        <testcase name="test_json_destroy_as_admin_and_succeed_with_force_delete" file="/app/vendor/gammamatrix/playground-test/src/Feature/Http/Controllers/Resource/Playground/DestroyJsonTrait.php" line="100" class="Tests\Feature\Playground\Lead\Resource\Http\Controllers\Playground\OpportunityRouteTest" classname="Tests.Feature.Playground.Lead.Resource.Http.Controllers.Playground.OpportunityRouteTest" assertions="4" time="0.378084"/>
        <testcase name="test_json_destroy_as_admin_and_succeed_with_no_content" file="/app/vendor/gammamatrix/playground-test/src/Feature/Http/Controllers/Resource/Playground/DestroyJsonTrait.php" line="132" class="Tests\Feature\Playground\Lead\Resource\Http\Controllers\Playground\OpportunityRouteTest" classname="Tests.Feature.Playground.Lead.Resource.Http.Controllers.Playground.OpportunityRouteTest" assertions="5" time="0.399021"/>
        <testcase name="test_json_destroy_as_admin_and_succeed_and_ignore_redirect" file="/app/vendor/gammamatrix/playground-test/src/Feature/Http/Controllers/Resource/Playground/DestroyJsonTrait.php" line="167" class="Tests\Feature\Playground\Lead\Resource\Http\Controllers\Playground\OpportunityRouteTest" classname="Tests.Feature.Playground.Lead.Resource.Http.Controllers.Playground.OpportunityRouteTest" assertions="5" time="0.381833"/>
        <testcase name="test_json_destroy_as_user_and_get_denied_and_no_force_delete_allowed" file="/app/vendor/gammamatrix/playground-test/src/Feature/Http/Controllers/Resource/Playground/DestroyJsonTrait.php" line="209" class="Tests\Feature\Playground\Lead\Resource\Http\Controllers\Playground\OpportunityRouteTest" classname="Tests.Feature.Playground.Lead.Resource.Http.Controllers.Playground.OpportunityRouteTest" assertions="3" time="0.375702"/>
        <testcase name="test_guest_cannot_destroy" file="/app/vendor/gammamatrix/playground-test/src/Feature/Http/Controllers/Resource/Playground/DestroyTrait.php" line="31" class="Tests\Feature\Playground\Lead\Resource\Http\Controllers\Playground\OpportunityRouteTest" classname="Tests.Feature.Playground.Lead.Resource.Http.Controllers.Playground.OpportunityRouteTest" assertions="3" time="0.393899"/>
        <testcase name="test_destroy_as_admin_and_succeed" file="/app/vendor/gammamatrix/playground-test/src/Feature/Http/Controllers/Resource/Playground/DestroyTrait.php" line="61" class="Tests\Feature\Playground\Lead\Resource\Http\Controllers\Playground\OpportunityRouteTest" classname="Tests.Feature.Playground.Lead.Resource.Http.Controllers.Playground.OpportunityRouteTest" assertions="5" time="0.372802"/>
        <testcase name="test_destroy_as_admin_and_succeed_with_force_delete" file="/app/vendor/gammamatrix/playground-test/src/Feature/Http/Controllers/Resource/Playground/DestroyTrait.php" line="97" class="Tests\Feature\Playground\Lead\Resource\Http\Controllers\Playground\OpportunityRouteTest" classname="Tests.Feature.Playground.Lead.Resource.Http.Controllers.Playground.OpportunityRouteTest" assertions="4" time="0.369269"/>
        <testcase name="test_destroy_as_admin_and_succeed_with_redirect_to_index_with_trash" file="/app/vendor/gammamatrix/playground-test/src/Feature/Http/Controllers/Resource/Playground/DestroyTrait.php" line="129" class="Tests\Feature\Playground\Lead\Resource\Http\Controllers\Playground\OpportunityRouteTest" classname="Tests.Feature.Playground.Lead.Resource.Http.Controllers.Playground.OpportunityRouteTest" assertions="5" time="0.401657"/>
        <testcase name="test_destroy_as_user_and_get_denied_and_no_force_delete_allowed" file="/app/vendor/gammamatrix/playground-test/src/Feature/Http/Controllers/Resource/Playground/DestroyTrait.php" line="171" class="Tests\Feature\Playground\Lead\Resource\Http\Controllers\Playground\OpportunityRouteTest" classname="Tests.Feature.Playground.Lead.Resource.Http.Controllers.Playground.OpportunityRouteTest" assertions="3" time="0.386891"/>
        <testcase name="test_json_guest_cannot_get_edit_info" file="/app/vendor/gammamatrix/playground-test/src/Feature/Http/Controllers/Resource/Playground/EditJsonTrait.php" line="38" class="Tests\Feature\Playground\Lead\Resource\Http\Controllers\Playground\OpportunityRouteTest" classname="Tests.Feature.Playground.Lead.Resource.Http.Controllers.Playground.OpportunityRouteTest" assertions="1" time="0.363761"/>
        <testcase name="test_json_admin_can_get_edit_info" file="/app/vendor/gammamatrix/playground-test/src/Feature/Http/Controllers/Resource/Playground/EditJsonTrait.php" line="58" class="Tests\Feature\Playground\Lead\Resource\Http\Controllers\Playground\OpportunityRouteTest" classname="Tests.Feature.Playground.Lead.Resource.Http.Controllers.Playground.OpportunityRouteTest" assertions="4" time="0.417293"/>
        <testcase name="test_json_edit_as_admin_and_fail_validation_with_invalid_parameter" file="/app/vendor/gammamatrix/playground-test/src/Feature/Http/Controllers/Resource/Playground/EditJsonTrait.php" line="87" class="Tests\Feature\Playground\Lead\Resource\Http\Controllers\Playground\OpportunityRouteTest" classname="Tests.Feature.Playground.Lead.Resource.Http.Controllers.Playground.OpportunityRouteTest" assertions="4" time="0.391931"/>
        <testcase name="test_guest_cannot_render_edit_view" file="/app/vendor/gammamatrix/playground-test/src/Feature/Http/Controllers/Resource/Playground/EditTrait.php" line="33" class="Tests\Feature\Playground\Lead\Resource\Http\Controllers\Playground\OpportunityRouteTest" classname="Tests.Feature.Playground.Lead.Resource.Http.Controllers.Playground.OpportunityRouteTest" assertions="1" time="0.392762"/>
        <testcase name="test_admin_can_render_edit_view" file="/app/vendor/gammamatrix/playground-test/src/Feature/Http/Controllers/Resource/Playground/EditTrait.php" line="53" class="Tests\Feature\Playground\Lead\Resource\Http\Controllers\Playground\OpportunityRouteTest" classname="Tests.Feature.Playground.Lead.Resource.Http.Controllers.Playground.OpportunityRouteTest" assertions="2" time="0.405243"/>
        <testcase name="test_admin_can_render_edit_view_with_return_url" file="/app/vendor/gammamatrix/playground-test/src/Feature/Http/Controllers/Resource/Playground/EditTrait.php" line="77" class="Tests\Feature\Playground\Lead\Resource\Http\Controllers\Playground\OpportunityRouteTest" classname="Tests.Feature.Playground.Lead.Resource.Http.Controllers.Playground.OpportunityRouteTest" assertions="3" time="0.418451"/>
        <testcase name="test_edit_view_as_admin_with_invalid_parameter_and_fail_validation_and_redirect" file="/app/vendor/gammamatrix/playground-test/src/Feature/Http/Controllers/Resource/Playground/EditTrait.php" line="109" class="Tests\Feature\Playground\Lead\Resource\Http\Controllers\Playground\OpportunityRouteTest" classname="Tests.Feature.Playground.Lead.Resource.Http.Controllers.Playground.OpportunityRouteTest" assertions="4" time="0.422290"/>
        <testcase name="test_json_guest_cannot_get_index" file="/app/vendor/gammamatrix/playground-test/src/Feature/Http/Controllers/Resource/Playground/IndexJsonTrait.php" line="34" class="Tests\Feature\Playground\Lead\Resource\Http\Controllers\Playground\OpportunityRouteTest" classname="Tests.Feature.Playground.Lead.Resource.Http.Controllers.Playground.OpportunityRouteTest" assertions="1" time="0.361552"/>
        <testcase name="test_json_admin_can_get_index" file="/app/vendor/gammamatrix/playground-test/src/Feature/Http/Controllers/Resource/Playground/IndexJsonTrait.php" line="49" class="Tests\Feature\Playground\Lead\Resource\Http\Controllers\Playground\OpportunityRouteTest" classname="Tests.Feature.Playground.Lead.Resource.Http.Controllers.Playground.OpportunityRouteTest" assertions="130" time="0.415874"/>
        <testcase name="test_json_admin_can_get_index_with_filters" file="/app/vendor/gammamatrix/playground-test/src/Feature/Http/Controllers/Resource/Playground/IndexJsonTrait.php" line="85" class="Tests\Feature\Playground\Lead\Resource\Http\Controllers\Playground\OpportunityRouteTest" classname="Tests.Feature.Playground.Lead.Resource.Http.Controllers.Playground.OpportunityRouteTest" assertions="3" time="0.393136"/>
        <testcase name="test_guest_cannot_render_index_view" file="/app/vendor/gammamatrix/playground-test/src/Feature/Http/Controllers/Resource/Playground/IndexTrait.php" line="29" class="Tests\Feature\Playground\Lead\Resource\Http\Controllers\Playground\OpportunityRouteTest" classname="Tests.Feature.Playground.Lead.Resource.Http.Controllers.Playground.OpportunityRouteTest" assertions="1" time="0.374105"/>
        <testcase name="test_admin_can_render_index_view" file="/app/vendor/gammamatrix/playground-test/src/Feature/Http/Controllers/Resource/Playground/IndexTrait.php" line="44" class="Tests\Feature\Playground\Lead\Resource\Http\Controllers\Playground\OpportunityRouteTest" classname="Tests.Feature.Playground.Lead.Resource.Http.Controllers.Playground.OpportunityRouteTest" assertions="2" time="0.470230"/>
        <testcase name="test_admin_can_render_index_view_with_filters" file="/app/vendor/gammamatrix/playground-test/src/Feature/Http/Controllers/Resource/Playground/IndexTrait.php" line="77" class="Tests\Feature\Playground\Lead\Resource\Http\Controllers\Playground\OpportunityRouteTest" classname="Tests.Feature.Playground.Lead.Resource.Http.Controllers.Playground.OpportunityRouteTest" assertions="3" time="0.409408"/>
        <testcase name="test_json_guest_cannot_lock" file="/app/vendor/gammamatrix/playground-test/src/Feature/Http/Controllers/Resource/Playground/LockJsonTrait.php" line="36" class="Tests\Feature\Playground\Lead\Resource\Http\Controllers\Playground\OpportunityRouteTest" classname="Tests.Feature.Playground.Lead.Resource.Http.Controllers.Playground.OpportunityRouteTest" assertions="3" time="0.400453"/>
        <testcase name="test_json_lock_as_admin_and_succeed" file="/app/vendor/gammamatrix/playground-test/src/Feature/Http/Controllers/Resource/Playground/LockJsonTrait.php" line="66" class="Tests\Feature\Playground\Lead\Resource\Http\Controllers\Playground\OpportunityRouteTest" classname="Tests.Feature.Playground.Lead.Resource.Http.Controllers.Playground.OpportunityRouteTest" assertions="3" time="0.388633"/>
        <testcase name="test_json_lock_as_admin_and_succeed_with_no_redirect" file="/app/vendor/gammamatrix/playground-test/src/Feature/Http/Controllers/Resource/Playground/LockJsonTrait.php" line="98" class="Tests\Feature\Playground\Lead\Resource\Http\Controllers\Playground\OpportunityRouteTest" classname="Tests.Feature.Playground.Lead.Resource.Http.Controllers.Playground.OpportunityRouteTest" assertions="125" time="0.384332"/>
        <testcase name="test_json_lock_as_user_and_get_denied" file="/app/vendor/gammamatrix/playground-test/src/Feature/Http/Controllers/Resource/Playground/LockJsonTrait.php" line="143" class="Tests\Feature\Playground\Lead\Resource\Http\Controllers\Playground\OpportunityRouteTest" classname="Tests.Feature.Playground.Lead.Resource.Http.Controllers.Playground.OpportunityRouteTest" assertions="3" time="0.403661"/>
        <testcase name="test_guest_cannot_lock" file="/app/vendor/gammamatrix/playground-test/src/Feature/Http/Controllers/Resource/Playground/LockTrait.php" line="31" class="Tests\Feature\Playground\Lead\Resource\Http\Controllers\Playground\OpportunityRouteTest" classname="Tests.Feature.Playground.Lead.Resource.Http.Controllers.Playground.OpportunityRouteTest" assertions="3" time="0.379691"/>
        <testcase name="test_lock_as_admin_and_succeed" file="/app/vendor/gammamatrix/playground-test/src/Feature/Http/Controllers/Resource/Playground/LockTrait.php" line="61" class="Tests\Feature\Playground\Lead\Resource\Http\Controllers\Playground\OpportunityRouteTest" classname="Tests.Feature.Playground.Lead.Resource.Http.Controllers.Playground.OpportunityRouteTest" assertions="4" time="0.385433"/>
        <testcase name="test_lock_as_admin_and_succeed_with_redirect_to_index_with_sorted_by_locked_desc" file="/app/vendor/gammamatrix/playground-test/src/Feature/Http/Controllers/Resource/Playground/LockTrait.php" line="95" class="Tests\Feature\Playground\Lead\Resource\Http\Controllers\Playground\OpportunityRouteTest" classname="Tests.Feature.Playground.Lead.Resource.Http.Controllers.Playground.OpportunityRouteTest" assertions="4" time="0.400013"/>
        <testcase name="test_lock_as_user_and_get_denied" file="/app/vendor/gammamatrix/playground-test/src/Feature/Http/Controllers/Resource/Playground/LockTrait.php" line="132" class="Tests\Feature\Playground\Lead\Resource\Http\Controllers\Playground\OpportunityRouteTest" classname="Tests.Feature.Playground.Lead.Resource.Http.Controllers.Playground.OpportunityRouteTest" assertions="3" time="0.372759"/>
        <testcase name="test_json_guest_cannot_restore" file="/app/vendor/gammamatrix/playground-test/src/Feature/Http/Controllers/Resource/Playground/RestoreJsonTrait.php" line="32" class="Tests\Feature\Playground\Lead\Resource\Http\Controllers\Playground\OpportunityRouteTest" classname="Tests.Feature.Playground.Lead.Resource.Http.Controllers.Playground.OpportunityRouteTest" assertions="3" time="0.405582"/>
        <testcase name="test_json_restore_as_admin_and_succeed" file="/app/vendor/gammamatrix/playground-test/src/Feature/Http/Controllers/Resource/Playground/RestoreJsonTrait.php" line="64" class="Tests\Feature\Playground\Lead\Resource\Http\Controllers\Playground\OpportunityRouteTest" classname="Tests.Feature.Playground.Lead.Resource.Http.Controllers.Playground.OpportunityRouteTest" assertions="125" time="0.391025"/>
        <testcase name="test_json_restore_as_admin_and_succeed_with_no_redirect" file="/app/vendor/gammamatrix/playground-test/src/Feature/Http/Controllers/Resource/Playground/RestoreJsonTrait.php" line="100" class="Tests\Feature\Playground\Lead\Resource\Http\Controllers\Playground\OpportunityRouteTest" classname="Tests.Feature.Playground.Lead.Resource.Http.Controllers.Playground.OpportunityRouteTest" assertions="125" time="0.395073"/>
        <testcase name="test_json_restore_as_user_and_get_denied" file="/app/vendor/gammamatrix/playground-test/src/Feature/Http/Controllers/Resource/Playground/RestoreJsonTrait.php" line="143" class="Tests\Feature\Playground\Lead\Resource\Http\Controllers\Playground\OpportunityRouteTest" classname="Tests.Feature.Playground.Lead.Resource.Http.Controllers.Playground.OpportunityRouteTest" assertions="3" time="0.410088"/>
        <testcase name="test_guest_cannot_restore" file="/app/vendor/gammamatrix/playground-test/src/Feature/Http/Controllers/Resource/Playground/RestoreTrait.php" line="32" class="Tests\Feature\Playground\Lead\Resource\Http\Controllers\Playground\OpportunityRouteTest" classname="Tests.Feature.Playground.Lead.Resource.Http.Controllers.Playground.OpportunityRouteTest" assertions="3" time="0.375630"/>
        <testcase name="test_restore_as_admin_and_succeed" file="/app/vendor/gammamatrix/playground-test/src/Feature/Http/Controllers/Resource/Playground/RestoreTrait.php" line="64" class="Tests\Feature\Playground\Lead\Resource\Http\Controllers\Playground\OpportunityRouteTest" classname="Tests.Feature.Playground.Lead.Resource.Http.Controllers.Playground.OpportunityRouteTest" assertions="4" time="0.385235"/>
        <testcase name="test_restore_as_admin_and_succeed_with_redirect_to_index_with_only_trash" file="/app/vendor/gammamatrix/playground-test/src/Feature/Http/Controllers/Resource/Playground/RestoreTrait.php" line="100" class="Tests\Feature\Playground\Lead\Resource\Http\Controllers\Playground\OpportunityRouteTest" classname="Tests.Feature.Playground.Lead.Resource.Http.Controllers.Playground.OpportunityRouteTest" assertions="4" time="0.407195"/>
        <testcase name="test_restore_as_user_and_get_denied" file="/app/vendor/gammamatrix/playground-test/src/Feature/Http/Controllers/Resource/Playground/RestoreTrait.php" line="146" class="Tests\Feature\Playground\Lead\Resource\Http\Controllers\Playground\OpportunityRouteTest" classname="Tests.Feature.Playground.Lead.Resource.Http.Controllers.Playground.OpportunityRouteTest" assertions="3" time="0.381666"/>
        <testcase name="test_json_guest_cannot_see_info" file="/app/vendor/gammamatrix/playground-test/src/Feature/Http/Controllers/Resource/Playground/ShowJsonTrait.php" line="29" class="Tests\Feature\Playground\Lead\Resource\Http\Controllers\Playground\OpportunityRouteTest" classname="Tests.Feature.Playground.Lead.Resource.Http.Controllers.Playground.OpportunityRouteTest" assertions="1" time="0.406828"/>
        <testcase name="test_json_show_info_for_admin" file="/app/vendor/gammamatrix/playground-test/src/Feature/Http/Controllers/Resource/Playground/ShowJsonTrait.php" line="49" class="Tests\Feature\Playground\Lead\Resource\Http\Controllers\Playground\OpportunityRouteTest" classname="Tests.Feature.Playground.Lead.Resource.Http.Controllers.Playground.OpportunityRouteTest" assertions="124" time="0.384432"/>
        <testcase name="test_guest_cannot_render_show_view" file="/app/vendor/gammamatrix/playground-test/src/Feature/Http/Controllers/Resource/Playground/ShowTrait.php" line="29" class="Tests\Feature\Playground\Lead\Resource\Http\Controllers\Playground\OpportunityRouteTest" classname="Tests.Feature.Playground.Lead.Resource.Http.Controllers.Playground.OpportunityRouteTest" assertions="1" time="0.368456"/>
        <testcase name="test_show_view_rendered_by_admin" file="/app/vendor/gammamatrix/playground-test/src/Feature/Http/Controllers/Resource/Playground/ShowTrait.php" line="49" class="Tests\Feature\Playground\Lead\Resource\Http\Controllers\Playground\OpportunityRouteTest" classname="Tests.Feature.Playground.Lead.Resource.Http.Controllers.Playground.OpportunityRouteTest" assertions="2" time="0.433876"/>
        <testcase name="test_json_guest_cannot_store" file="/app/vendor/gammamatrix/playground-test/src/Feature/Http/Controllers/Resource/Playground/StoreJsonTrait.php" line="43" class="Tests\Feature\Playground\Lead\Resource\Http\Controllers\Playground\OpportunityRouteTest" classname="Tests.Feature.Playground.Lead.Resource.Http.Controllers.Playground.OpportunityRouteTest" assertions="3" time="0.370860"/>
        <testcase name="test_json_store_as_admin_without_payload_and_fail_validation" file="/app/vendor/gammamatrix/playground-test/src/Feature/Http/Controllers/Resource/Playground/StoreJsonTrait.php" line="66" class="Tests\Feature\Playground\Lead\Resource\Http\Controllers\Playground\OpportunityRouteTest" classname="Tests.Feature.Playground.Lead.Resource.Http.Controllers.Playground.OpportunityRouteTest" assertions="5" time="0.405712"/>
        <testcase name="test_json_store_as_admin_and_succeed" file="/app/vendor/gammamatrix/playground-test/src/Feature/Http/Controllers/Resource/Playground/StoreJsonTrait.php" line="92" class="Tests\Feature\Playground\Lead\Resource\Http\Controllers\Playground\OpportunityRouteTest" classname="Tests.Feature.Playground.Lead.Resource.Http.Controllers.Playground.OpportunityRouteTest" assertions="3" time="0.420421"/>
        <testcase name="test_guest_cannot_store" file="/app/vendor/gammamatrix/playground-test/src/Feature/Http/Controllers/Resource/Playground/StoreTrait.php" line="38" class="Tests\Feature\Playground\Lead\Resource\Http\Controllers\Playground\OpportunityRouteTest" classname="Tests.Feature.Playground.Lead.Resource.Http.Controllers.Playground.OpportunityRouteTest" assertions="3" time="0.367684"/>
        <testcase name="test_store_as_admin_without_payload_and_fail_validation" file="/app/vendor/gammamatrix/playground-test/src/Feature/Http/Controllers/Resource/Playground/StoreTrait.php" line="61" class="Tests\Feature\Playground\Lead\Resource\Http\Controllers\Playground\OpportunityRouteTest" classname="Tests.Feature.Playground.Lead.Resource.Http.Controllers.Playground.OpportunityRouteTest" assertions="5" time="0.413978"/>
        <testcase name="test_store_as_admin_and_succeed" file="/app/vendor/gammamatrix/playground-test/src/Feature/Http/Controllers/Resource/Playground/StoreTrait.php" line="90" class="Tests\Feature\Playground\Lead\Resource\Http\Controllers\Playground\OpportunityRouteTest" classname="Tests.Feature.Playground.Lead.Resource.Http.Controllers.Playground.OpportunityRouteTest" assertions="4" time="0.411943"/>
        <testcase name="test_store_as_admin_and_succeed_with_return_url" file="/app/vendor/gammamatrix/playground-test/src/Feature/Http/Controllers/Resource/Playground/StoreTrait.php" line="135" class="Tests\Feature\Playground\Lead\Resource\Http\Controllers\Playground\OpportunityRouteTest" classname="Tests.Feature.Playground.Lead.Resource.Http.Controllers.Playground.OpportunityRouteTest" assertions="4" time="0.411722"/>
        <testcase name="test_json_guest_cannot_unlock" file="/app/vendor/gammamatrix/playground-test/src/Feature/Http/Controllers/Resource/Playground/UnlockJsonTrait.php" line="36" class="Tests\Feature\Playground\Lead\Resource\Http\Controllers\Playground\OpportunityRouteTest" classname="Tests.Feature.Playground.Lead.Resource.Http.Controllers.Playground.OpportunityRouteTest" assertions="3" time="0.394615"/>
        <testcase name="test_json_unlock_as_admin_and_succeed" file="/app/vendor/gammamatrix/playground-test/src/Feature/Http/Controllers/Resource/Playground/UnlockJsonTrait.php" line="68" class="Tests\Feature\Playground\Lead\Resource\Http\Controllers\Playground\OpportunityRouteTest" classname="Tests.Feature.Playground.Lead.Resource.Http.Controllers.Playground.OpportunityRouteTest" assertions="125" time="0.397343"/>
        <testcase name="test_json_unlock_as_admin_and_succeed_with_no_redirect" file="/app/vendor/gammamatrix/playground-test/src/Feature/Http/Controllers/Resource/Playground/UnlockJsonTrait.php" line="104" class="Tests\Feature\Playground\Lead\Resource\Http\Controllers\Playground\OpportunityRouteTest" classname="Tests.Feature.Playground.Lead.Resource.Http.Controllers.Playground.OpportunityRouteTest" assertions="125" time="0.433802"/>
        <testcase name="test_json_unlock_as_user_and_get_denied" file="/app/vendor/gammamatrix/playground-test/src/Feature/Http/Controllers/Resource/Playground/UnlockJsonTrait.php" line="145" class="Tests\Feature\Playground\Lead\Resource\Http\Controllers\Playground\OpportunityRouteTest" classname="Tests.Feature.Playground.Lead.Resource.Http.Controllers.Playground.OpportunityRouteTest" assertions="3" time="0.383445"/>
        <testcase name="test_guest_cannot_unlock" file="/app/vendor/gammamatrix/playground-test/src/Feature/Http/Controllers/Resource/Playground/UnlockTrait.php" line="36" class="Tests\Feature\Playground\Lead\Resource\Http\Controllers\Playground\OpportunityRouteTest" classname="Tests.Feature.Playground.Lead.Resource.Http.Controllers.Playground.OpportunityRouteTest" assertions="3" time="0.377874"/>
        <testcase name="test_unlock_as_admin_and_succeed" file="/app/vendor/gammamatrix/playground-test/src/Feature/Http/Controllers/Resource/Playground/UnlockTrait.php" line="68" class="Tests\Feature\Playground\Lead\Resource\Http\Controllers\Playground\OpportunityRouteTest" classname="Tests.Feature.Playground.Lead.Resource.Http.Controllers.Playground.OpportunityRouteTest" assertions="4" time="0.417754"/>
        <testcase name="test_unlock_as_admin_and_succeed_with_redirect_to_index_with_sorted_by_unlocked_desc" file="/app/vendor/gammamatrix/playground-test/src/Feature/Http/Controllers/Resource/Playground/UnlockTrait.php" line="109" class="Tests\Feature\Playground\Lead\Resource\Http\Controllers\Playground\OpportunityRouteTest" classname="Tests.Feature.Playground.Lead.Resource.Http.Controllers.Playground.OpportunityRouteTest" assertions="4" time="0.385917"/>
        <testcase name="test_unlock_as_user_and_get_denied" file="/app/vendor/gammamatrix/playground-test/src/Feature/Http/Controllers/Resource/Playground/UnlockTrait.php" line="148" class="Tests\Feature\Playground\Lead\Resource\Http\Controllers\Playground\OpportunityRouteTest" classname="Tests.Feature.Playground.Lead.Resource.Http.Controllers.Playground.OpportunityRouteTest" assertions="3" time="0.414708"/>
        <testcase name="test_json_guest_cannot_update" file="/app/vendor/gammamatrix/playground-test/src/Feature/Http/Controllers/Resource/Playground/UpdateJsonTrait.php" line="45" class="Tests\Feature\Playground\Lead\Resource\Http\Controllers\Playground\OpportunityRouteTest" classname="Tests.Feature.Playground.Lead.Resource.Http.Controllers.Playground.OpportunityRouteTest" assertions="1" time="0.382608"/>
        <testcase name="test_json_update_as_admin_without_payload_and_fail_validation" file="/app/vendor/gammamatrix/playground-test/src/Feature/Http/Controllers/Resource/Playground/UpdateJsonTrait.php" line="65" class="Tests\Feature\Playground\Lead\Resource\Http\Controllers\Playground\OpportunityRouteTest" classname="Tests.Feature.Playground.Lead.Resource.Http.Controllers.Playground.OpportunityRouteTest" assertions="4" time="0.390472"/>
        <testcase name="test_json_admin_can_update" file="/app/vendor/gammamatrix/playground-test/src/Feature/Http/Controllers/Resource/Playground/UpdateJsonTrait.php" line="90" class="Tests\Feature\Playground\Lead\Resource\Http\Controllers\Playground\OpportunityRouteTest" classname="Tests.Feature.Playground.Lead.Resource.Http.Controllers.Playground.OpportunityRouteTest" assertions="127" time="0.475521"/>
        <testcase name="test_guest_cannot_update" file="/app/vendor/gammamatrix/playground-test/src/Feature/Http/Controllers/Resource/Playground/UpdateTrait.php" line="45" class="Tests\Feature\Playground\Lead\Resource\Http\Controllers\Playground\OpportunityRouteTest" classname="Tests.Feature.Playground.Lead.Resource.Http.Controllers.Playground.OpportunityRouteTest" assertions="1" time="0.384615"/>
        <testcase name="test_update_as_admin_without_payload_and_fail_validation" file="/app/vendor/gammamatrix/playground-test/src/Feature/Http/Controllers/Resource/Playground/UpdateTrait.php" line="65" class="Tests\Feature\Playground\Lead\Resource\Http\Controllers\Playground\OpportunityRouteTest" classname="Tests.Feature.Playground.Lead.Resource.Http.Controllers.Playground.OpportunityRouteTest" assertions="4" time="0.432488"/>
        <testcase name="test_admin_can_update" file="/app/vendor/gammamatrix/playground-test/src/Feature/Http/Controllers/Resource/Playground/UpdateTrait.php" line="90" class="Tests\Feature\Playground\Lead\Resource\Http\Controllers\Playground\OpportunityRouteTest" classname="Tests.Feature.Playground.Lead.Resource.Http.Controllers.Playground.OpportunityRouteTest" assertions="6" time="0.433895"/>
        <testcase name="test_admin_can_update_view_with_return_url" file="/app/vendor/gammamatrix/playground-test/src/Feature/Http/Controllers/Resource/Playground/UpdateTrait.php" line="133" class="Tests\Feature\Playground\Lead\Resource\Http\Controllers\Playground\OpportunityRouteTest" classname="Tests.Feature.Playground.Lead.Resource.Http.Controllers.Playground.OpportunityRouteTest" assertions="6" time="0.441621"/>
      </testsuite>
      <testsuite name="Tests\Feature\Playground\Lead\Resource\Http\Controllers\Playground\PlanRouteTest" file="/app/tests/Feature/Http/Controllers/Playground/PlanRouteTest.php" tests="73" assertions="1335" errors="0" failures="0" skipped="0" time="29.122118">
        <testcase name="test_json_guest_cannot_get_create_info" file="/app/vendor/gammamatrix/playground-test/src/Feature/Http/Controllers/Resource/Playground/CreateJsonTrait.php" line="38" class="Tests\Feature\Playground\Lead\Resource\Http\Controllers\Playground\PlanRouteTest" classname="Tests.Feature.Playground.Lead.Resource.Http.Controllers.Playground.PlanRouteTest" assertions="1" time="0.436944"/>
        <testcase name="test_json_admin_can_get_create_info" file="/app/vendor/gammamatrix/playground-test/src/Feature/Http/Controllers/Resource/Playground/CreateJsonTrait.php" line="53" class="Tests\Feature\Playground\Lead\Resource\Http\Controllers\Playground\PlanRouteTest" classname="Tests.Feature.Playground.Lead.Resource.Http.Controllers.Playground.PlanRouteTest" assertions="123" time="0.379937"/>
        <testcase name="test_json_get_create_info_as_admin_with_invalid_parameter_and_fail_validation" file="/app/vendor/gammamatrix/playground-test/src/Feature/Http/Controllers/Resource/Playground/CreateJsonTrait.php" line="73" class="Tests\Feature\Playground\Lead\Resource\Http\Controllers\Playground\PlanRouteTest" classname="Tests.Feature.Playground.Lead.Resource.Http.Controllers.Playground.PlanRouteTest" assertions="4" time="0.403891"/>
        <testcase name="test_guest_cannot_render_create_view" file="/app/vendor/gammamatrix/playground-test/src/Feature/Http/Controllers/Resource/Playground/CreateTrait.php" line="33" class="Tests\Feature\Playground\Lead\Resource\Http\Controllers\Playground\PlanRouteTest" classname="Tests.Feature.Playground.Lead.Resource.Http.Controllers.Playground.PlanRouteTest" assertions="1" time="0.354012"/>
        <testcase name="test_admin_can_render_create_view" file="/app/vendor/gammamatrix/playground-test/src/Feature/Http/Controllers/Resource/Playground/CreateTrait.php" line="47" class="Tests\Feature\Playground\Lead\Resource\Http\Controllers\Playground\PlanRouteTest" classname="Tests.Feature.Playground.Lead.Resource.Http.Controllers.Playground.PlanRouteTest" assertions="2" time="0.421084"/>
        <testcase name="test_admin_can_render_create_view_with_return_url" file="/app/vendor/gammamatrix/playground-test/src/Feature/Http/Controllers/Resource/Playground/CreateTrait.php" line="65" class="Tests\Feature\Playground\Lead\Resource\Http\Controllers\Playground\PlanRouteTest" classname="Tests.Feature.Playground.Lead.Resource.Http.Controllers.Playground.PlanRouteTest" assertions="3" time="0.411086"/>
        <testcase name="test_create_view_as_admin_with_invalid_parameter_and_fail_validation_and_redirect" file="/app/vendor/gammamatrix/playground-test/src/Feature/Http/Controllers/Resource/Playground/CreateTrait.php" line="92" class="Tests\Feature\Playground\Lead\Resource\Http\Controllers\Playground\PlanRouteTest" classname="Tests.Feature.Playground.Lead.Resource.Http.Controllers.Playground.PlanRouteTest" assertions="5" time="0.364898"/>
        <testcase name="test_json_guest_cannot_destroy" file="/app/vendor/gammamatrix/playground-test/src/Feature/Http/Controllers/Resource/Playground/DestroyJsonTrait.php" line="31" class="Tests\Feature\Playground\Lead\Resource\Http\Controllers\Playground\PlanRouteTest" classname="Tests.Feature.Playground.Lead.Resource.Http.Controllers.Playground.PlanRouteTest" assertions="3" time="0.368113"/>
        <testcase name="test_json_destroy_as_admin_and_succeed" file="/app/vendor/gammamatrix/playground-test/src/Feature/Http/Controllers/Resource/Playground/DestroyJsonTrait.php" line="61" class="Tests\Feature\Playground\Lead\Resource\Http\Controllers\Playground\PlanRouteTest" classname="Tests.Feature.Playground.Lead.Resource.Http.Controllers.Playground.PlanRouteTest" assertions="5" time="0.406764"/>
        <testcase name="test_json_destroy_as_admin_and_succeed_with_force_delete" file="/app/vendor/gammamatrix/playground-test/src/Feature/Http/Controllers/Resource/Playground/DestroyJsonTrait.php" line="100" class="Tests\Feature\Playground\Lead\Resource\Http\Controllers\Playground\PlanRouteTest" classname="Tests.Feature.Playground.Lead.Resource.Http.Controllers.Playground.PlanRouteTest" assertions="4" time="0.368238"/>
        <testcase name="test_json_destroy_as_admin_and_succeed_with_no_content" file="/app/vendor/gammamatrix/playground-test/src/Feature/Http/Controllers/Resource/Playground/DestroyJsonTrait.php" line="132" class="Tests\Feature\Playground\Lead\Resource\Http\Controllers\Playground\PlanRouteTest" classname="Tests.Feature.Playground.Lead.Resource.Http.Controllers.Playground.PlanRouteTest" assertions="5" time="0.423132"/>
        <testcase name="test_json_destroy_as_admin_and_succeed_and_ignore_redirect" file="/app/vendor/gammamatrix/playground-test/src/Feature/Http/Controllers/Resource/Playground/DestroyJsonTrait.php" line="167" class="Tests\Feature\Playground\Lead\Resource\Http\Controllers\Playground\PlanRouteTest" classname="Tests.Feature.Playground.Lead.Resource.Http.Controllers.Playground.PlanRouteTest" assertions="5" time="0.373359"/>
        <testcase name="test_json_destroy_as_user_and_get_denied_and_no_force_delete_allowed" file="/app/vendor/gammamatrix/playground-test/src/Feature/Http/Controllers/Resource/Playground/DestroyJsonTrait.php" line="209" class="Tests\Feature\Playground\Lead\Resource\Http\Controllers\Playground\PlanRouteTest" classname="Tests.Feature.Playground.Lead.Resource.Http.Controllers.Playground.PlanRouteTest" assertions="3" time="0.371580"/>
        <testcase name="test_guest_cannot_destroy" file="/app/vendor/gammamatrix/playground-test/src/Feature/Http/Controllers/Resource/Playground/DestroyTrait.php" line="31" class="Tests\Feature\Playground\Lead\Resource\Http\Controllers\Playground\PlanRouteTest" classname="Tests.Feature.Playground.Lead.Resource.Http.Controllers.Playground.PlanRouteTest" assertions="3" time="0.397422"/>
        <testcase name="test_destroy_as_admin_and_succeed" file="/app/vendor/gammamatrix/playground-test/src/Feature/Http/Controllers/Resource/Playground/DestroyTrait.php" line="61" class="Tests\Feature\Playground\Lead\Resource\Http\Controllers\Playground\PlanRouteTest" classname="Tests.Feature.Playground.Lead.Resource.Http.Controllers.Playground.PlanRouteTest" assertions="5" time="0.376929"/>
        <testcase name="test_destroy_as_admin_and_succeed_with_force_delete" file="/app/vendor/gammamatrix/playground-test/src/Feature/Http/Controllers/Resource/Playground/DestroyTrait.php" line="97" class="Tests\Feature\Playground\Lead\Resource\Http\Controllers\Playground\PlanRouteTest" classname="Tests.Feature.Playground.Lead.Resource.Http.Controllers.Playground.PlanRouteTest" assertions="4" time="0.371866"/>
        <testcase name="test_destroy_as_admin_and_succeed_with_redirect_to_index_with_trash" file="/app/vendor/gammamatrix/playground-test/src/Feature/Http/Controllers/Resource/Playground/DestroyTrait.php" line="129" class="Tests\Feature\Playground\Lead\Resource\Http\Controllers\Playground\PlanRouteTest" classname="Tests.Feature.Playground.Lead.Resource.Http.Controllers.Playground.PlanRouteTest" assertions="5" time="0.399786"/>
        <testcase name="test_destroy_as_user_and_get_denied_and_no_force_delete_allowed" file="/app/vendor/gammamatrix/playground-test/src/Feature/Http/Controllers/Resource/Playground/DestroyTrait.php" line="171" class="Tests\Feature\Playground\Lead\Resource\Http\Controllers\Playground\PlanRouteTest" classname="Tests.Feature.Playground.Lead.Resource.Http.Controllers.Playground.PlanRouteTest" assertions="3" time="0.379230"/>
        <testcase name="test_json_guest_cannot_get_edit_info" file="/app/vendor/gammamatrix/playground-test/src/Feature/Http/Controllers/Resource/Playground/EditJsonTrait.php" line="38" class="Tests\Feature\Playground\Lead\Resource\Http\Controllers\Playground\PlanRouteTest" classname="Tests.Feature.Playground.Lead.Resource.Http.Controllers.Playground.PlanRouteTest" assertions="1" time="0.403911"/>
        <testcase name="test_json_admin_can_get_edit_info" file="/app/vendor/gammamatrix/playground-test/src/Feature/Http/Controllers/Resource/Playground/EditJsonTrait.php" line="58" class="Tests\Feature\Playground\Lead\Resource\Http\Controllers\Playground\PlanRouteTest" classname="Tests.Feature.Playground.Lead.Resource.Http.Controllers.Playground.PlanRouteTest" assertions="4" time="0.384377"/>
        <testcase name="test_json_edit_as_admin_and_fail_validation_with_invalid_parameter" file="/app/vendor/gammamatrix/playground-test/src/Feature/Http/Controllers/Resource/Playground/EditJsonTrait.php" line="87" class="Tests\Feature\Playground\Lead\Resource\Http\Controllers\Playground\PlanRouteTest" classname="Tests.Feature.Playground.Lead.Resource.Http.Controllers.Playground.PlanRouteTest" assertions="4" time="0.376933"/>
        <testcase name="test_guest_cannot_render_edit_view" file="/app/vendor/gammamatrix/playground-test/src/Feature/Http/Controllers/Resource/Playground/EditTrait.php" line="33" class="Tests\Feature\Playground\Lead\Resource\Http\Controllers\Playground\PlanRouteTest" classname="Tests.Feature.Playground.Lead.Resource.Http.Controllers.Playground.PlanRouteTest" assertions="1" time="0.392833"/>
        <testcase name="test_admin_can_render_edit_view" file="/app/vendor/gammamatrix/playground-test/src/Feature/Http/Controllers/Resource/Playground/EditTrait.php" line="53" class="Tests\Feature\Playground\Lead\Resource\Http\Controllers\Playground\PlanRouteTest" classname="Tests.Feature.Playground.Lead.Resource.Http.Controllers.Playground.PlanRouteTest" assertions="2" time="0.405541"/>
        <testcase name="test_admin_can_render_edit_view_with_return_url" file="/app/vendor/gammamatrix/playground-test/src/Feature/Http/Controllers/Resource/Playground/EditTrait.php" line="77" class="Tests\Feature\Playground\Lead\Resource\Http\Controllers\Playground\PlanRouteTest" classname="Tests.Feature.Playground.Lead.Resource.Http.Controllers.Playground.PlanRouteTest" assertions="3" time="0.408226"/>
        <testcase name="test_edit_view_as_admin_with_invalid_parameter_and_fail_validation_and_redirect" file="/app/vendor/gammamatrix/playground-test/src/Feature/Http/Controllers/Resource/Playground/EditTrait.php" line="109" class="Tests\Feature\Playground\Lead\Resource\Http\Controllers\Playground\PlanRouteTest" classname="Tests.Feature.Playground.Lead.Resource.Http.Controllers.Playground.PlanRouteTest" assertions="4" time="0.419937"/>
        <testcase name="test_json_guest_cannot_get_index" file="/app/vendor/gammamatrix/playground-test/src/Feature/Http/Controllers/Resource/Playground/IndexJsonTrait.php" line="34" class="Tests\Feature\Playground\Lead\Resource\Http\Controllers\Playground\PlanRouteTest" classname="Tests.Feature.Playground.Lead.Resource.Http.Controllers.Playground.PlanRouteTest" assertions="1" time="0.362228"/>
        <testcase name="test_json_admin_can_get_index" file="/app/vendor/gammamatrix/playground-test/src/Feature/Http/Controllers/Resource/Playground/IndexJsonTrait.php" line="49" class="Tests\Feature\Playground\Lead\Resource\Http\Controllers\Playground\PlanRouteTest" classname="Tests.Feature.Playground.Lead.Resource.Http.Controllers.Playground.PlanRouteTest" assertions="130" time="0.427019"/>
        <testcase name="test_json_admin_can_get_index_with_filters" file="/app/vendor/gammamatrix/playground-test/src/Feature/Http/Controllers/Resource/Playground/IndexJsonTrait.php" line="85" class="Tests\Feature\Playground\Lead\Resource\Http\Controllers\Playground\PlanRouteTest" classname="Tests.Feature.Playground.Lead.Resource.Http.Controllers.Playground.PlanRouteTest" assertions="3" time="0.390265"/>
        <testcase name="test_guest_cannot_render_index_view" file="/app/vendor/gammamatrix/playground-test/src/Feature/Http/Controllers/Resource/Playground/IndexTrait.php" line="29" class="Tests\Feature\Playground\Lead\Resource\Http\Controllers\Playground\PlanRouteTest" classname="Tests.Feature.Playground.Lead.Resource.Http.Controllers.Playground.PlanRouteTest" assertions="1" time="0.370741"/>
        <testcase name="test_admin_can_render_index_view" file="/app/vendor/gammamatrix/playground-test/src/Feature/Http/Controllers/Resource/Playground/IndexTrait.php" line="44" class="Tests\Feature\Playground\Lead\Resource\Http\Controllers\Playground\PlanRouteTest" classname="Tests.Feature.Playground.Lead.Resource.Http.Controllers.Playground.PlanRouteTest" assertions="2" time="0.476449"/>
        <testcase name="test_admin_can_render_index_view_with_filters" file="/app/vendor/gammamatrix/playground-test/src/Feature/Http/Controllers/Resource/Playground/IndexTrait.php" line="77" class="Tests\Feature\Playground\Lead\Resource\Http\Controllers\Playground\PlanRouteTest" classname="Tests.Feature.Playground.Lead.Resource.Http.Controllers.Playground.PlanRouteTest" assertions="3" time="0.412314"/>
        <testcase name="test_json_guest_cannot_lock" file="/app/vendor/gammamatrix/playground-test/src/Feature/Http/Controllers/Resource/Playground/LockJsonTrait.php" line="36" class="Tests\Feature\Playground\Lead\Resource\Http\Controllers\Playground\PlanRouteTest" classname="Tests.Feature.Playground.Lead.Resource.Http.Controllers.Playground.PlanRouteTest" assertions="3" time="0.401007"/>
        <testcase name="test_json_lock_as_admin_and_succeed" file="/app/vendor/gammamatrix/playground-test/src/Feature/Http/Controllers/Resource/Playground/LockJsonTrait.php" line="66" class="Tests\Feature\Playground\Lead\Resource\Http\Controllers\Playground\PlanRouteTest" classname="Tests.Feature.Playground.Lead.Resource.Http.Controllers.Playground.PlanRouteTest" assertions="3" time="0.380979"/>
        <testcase name="test_json_lock_as_admin_and_succeed_with_no_redirect" file="/app/vendor/gammamatrix/playground-test/src/Feature/Http/Controllers/Resource/Playground/LockJsonTrait.php" line="98" class="Tests\Feature\Playground\Lead\Resource\Http\Controllers\Playground\PlanRouteTest" classname="Tests.Feature.Playground.Lead.Resource.Http.Controllers.Playground.PlanRouteTest" assertions="125" time="0.385268"/>
        <testcase name="test_json_lock_as_user_and_get_denied" file="/app/vendor/gammamatrix/playground-test/src/Feature/Http/Controllers/Resource/Playground/LockJsonTrait.php" line="143" class="Tests\Feature\Playground\Lead\Resource\Http\Controllers\Playground\PlanRouteTest" classname="Tests.Feature.Playground.Lead.Resource.Http.Controllers.Playground.PlanRouteTest" assertions="3" time="0.421742"/>
        <testcase name="test_guest_cannot_lock" file="/app/vendor/gammamatrix/playground-test/src/Feature/Http/Controllers/Resource/Playground/LockTrait.php" line="31" class="Tests\Feature\Playground\Lead\Resource\Http\Controllers\Playground\PlanRouteTest" classname="Tests.Feature.Playground.Lead.Resource.Http.Controllers.Playground.PlanRouteTest" assertions="3" time="0.366540"/>
        <testcase name="test_lock_as_admin_and_succeed" file="/app/vendor/gammamatrix/playground-test/src/Feature/Http/Controllers/Resource/Playground/LockTrait.php" line="61" class="Tests\Feature\Playground\Lead\Resource\Http\Controllers\Playground\PlanRouteTest" classname="Tests.Feature.Playground.Lead.Resource.Http.Controllers.Playground.PlanRouteTest" assertions="4" time="0.377590"/>
        <testcase name="test_lock_as_admin_and_succeed_with_redirect_to_index_with_sorted_by_locked_desc" file="/app/vendor/gammamatrix/playground-test/src/Feature/Http/Controllers/Resource/Playground/LockTrait.php" line="95" class="Tests\Feature\Playground\Lead\Resource\Http\Controllers\Playground\PlanRouteTest" classname="Tests.Feature.Playground.Lead.Resource.Http.Controllers.Playground.PlanRouteTest" assertions="4" time="0.414977"/>
        <testcase name="test_lock_as_user_and_get_denied" file="/app/vendor/gammamatrix/playground-test/src/Feature/Http/Controllers/Resource/Playground/LockTrait.php" line="132" class="Tests\Feature\Playground\Lead\Resource\Http\Controllers\Playground\PlanRouteTest" classname="Tests.Feature.Playground.Lead.Resource.Http.Controllers.Playground.PlanRouteTest" assertions="3" time="0.374472"/>
        <testcase name="test_json_guest_cannot_restore" file="/app/vendor/gammamatrix/playground-test/src/Feature/Http/Controllers/Resource/Playground/RestoreJsonTrait.php" line="32" class="Tests\Feature\Playground\Lead\Resource\Http\Controllers\Playground\PlanRouteTest" classname="Tests.Feature.Playground.Lead.Resource.Http.Controllers.Playground.PlanRouteTest" assertions="3" time="0.397479"/>
        <testcase name="test_json_restore_as_admin_and_succeed" file="/app/vendor/gammamatrix/playground-test/src/Feature/Http/Controllers/Resource/Playground/RestoreJsonTrait.php" line="64" class="Tests\Feature\Playground\Lead\Resource\Http\Controllers\Playground\PlanRouteTest" classname="Tests.Feature.Playground.Lead.Resource.Http.Controllers.Playground.PlanRouteTest" assertions="125" time="0.389317"/>
        <testcase name="test_json_restore_as_admin_and_succeed_with_no_redirect" file="/app/vendor/gammamatrix/playground-test/src/Feature/Http/Controllers/Resource/Playground/RestoreJsonTrait.php" line="100" class="Tests\Feature\Playground\Lead\Resource\Http\Controllers\Playground\PlanRouteTest" classname="Tests.Feature.Playground.Lead.Resource.Http.Controllers.Playground.PlanRouteTest" assertions="125" time="0.394546"/>
        <testcase name="test_json_restore_as_user_and_get_denied" file="/app/vendor/gammamatrix/playground-test/src/Feature/Http/Controllers/Resource/Playground/RestoreJsonTrait.php" line="143" class="Tests\Feature\Playground\Lead\Resource\Http\Controllers\Playground\PlanRouteTest" classname="Tests.Feature.Playground.Lead.Resource.Http.Controllers.Playground.PlanRouteTest" assertions="3" time="0.405080"/>
        <testcase name="test_guest_cannot_restore" file="/app/vendor/gammamatrix/playground-test/src/Feature/Http/Controllers/Resource/Playground/RestoreTrait.php" line="32" class="Tests\Feature\Playground\Lead\Resource\Http\Controllers\Playground\PlanRouteTest" classname="Tests.Feature.Playground.Lead.Resource.Http.Controllers.Playground.PlanRouteTest" assertions="3" time="0.367906"/>
        <testcase name="test_restore_as_admin_and_succeed" file="/app/vendor/gammamatrix/playground-test/src/Feature/Http/Controllers/Resource/Playground/RestoreTrait.php" line="64" class="Tests\Feature\Playground\Lead\Resource\Http\Controllers\Playground\PlanRouteTest" classname="Tests.Feature.Playground.Lead.Resource.Http.Controllers.Playground.PlanRouteTest" assertions="4" time="0.411447"/>
        <testcase name="test_restore_as_admin_and_succeed_with_redirect_to_index_with_only_trash" file="/app/vendor/gammamatrix/playground-test/src/Feature/Http/Controllers/Resource/Playground/RestoreTrait.php" line="100" class="Tests\Feature\Playground\Lead\Resource\Http\Controllers\Playground\PlanRouteTest" classname="Tests.Feature.Playground.Lead.Resource.Http.Controllers.Playground.PlanRouteTest" assertions="4" time="0.412754"/>
        <testcase name="test_restore_as_user_and_get_denied" file="/app/vendor/gammamatrix/playground-test/src/Feature/Http/Controllers/Resource/Playground/RestoreTrait.php" line="146" class="Tests\Feature\Playground\Lead\Resource\Http\Controllers\Playground\PlanRouteTest" classname="Tests.Feature.Playground.Lead.Resource.Http.Controllers.Playground.PlanRouteTest" assertions="3" time="0.394078"/>
        <testcase name="test_json_guest_cannot_see_info" file="/app/vendor/gammamatrix/playground-test/src/Feature/Http/Controllers/Resource/Playground/ShowJsonTrait.php" line="29" class="Tests\Feature\Playground\Lead\Resource\Http\Controllers\Playground\PlanRouteTest" classname="Tests.Feature.Playground.Lead.Resource.Http.Controllers.Playground.PlanRouteTest" assertions="1" time="0.403614"/>
        <testcase name="test_json_show_info_for_admin" file="/app/vendor/gammamatrix/playground-test/src/Feature/Http/Controllers/Resource/Playground/ShowJsonTrait.php" line="49" class="Tests\Feature\Playground\Lead\Resource\Http\Controllers\Playground\PlanRouteTest" classname="Tests.Feature.Playground.Lead.Resource.Http.Controllers.Playground.PlanRouteTest" assertions="124" time="0.382356"/>
        <testcase name="test_guest_cannot_render_show_view" file="/app/vendor/gammamatrix/playground-test/src/Feature/Http/Controllers/Resource/Playground/ShowTrait.php" line="29" class="Tests\Feature\Playground\Lead\Resource\Http\Controllers\Playground\PlanRouteTest" classname="Tests.Feature.Playground.Lead.Resource.Http.Controllers.Playground.PlanRouteTest" assertions="1" time="0.370638"/>
        <testcase name="test_show_view_rendered_by_admin" file="/app/vendor/gammamatrix/playground-test/src/Feature/Http/Controllers/Resource/Playground/ShowTrait.php" line="49" class="Tests\Feature\Playground\Lead\Resource\Http\Controllers\Playground\PlanRouteTest" classname="Tests.Feature.Playground.Lead.Resource.Http.Controllers.Playground.PlanRouteTest" assertions="2" time="0.419885"/>
        <testcase name="test_json_guest_cannot_store" file="/app/vendor/gammamatrix/playground-test/src/Feature/Http/Controllers/Resource/Playground/StoreJsonTrait.php" line="43" class="Tests\Feature\Playground\Lead\Resource\Http\Controllers\Playground\PlanRouteTest" classname="Tests.Feature.Playground.Lead.Resource.Http.Controllers.Playground.PlanRouteTest" assertions="3" time="0.361633"/>
        <testcase name="test_json_store_as_admin_without_payload_and_fail_validation" file="/app/vendor/gammamatrix/playground-test/src/Feature/Http/Controllers/Resource/Playground/StoreJsonTrait.php" line="66" class="Tests\Feature\Playground\Lead\Resource\Http\Controllers\Playground\PlanRouteTest" classname="Tests.Feature.Playground.Lead.Resource.Http.Controllers.Playground.PlanRouteTest" assertions="5" time="0.379903"/>
        <testcase name="test_json_store_as_admin_and_succeed" file="/app/vendor/gammamatrix/playground-test/src/Feature/Http/Controllers/Resource/Playground/StoreJsonTrait.php" line="92" class="Tests\Feature\Playground\Lead\Resource\Http\Controllers\Playground\PlanRouteTest" classname="Tests.Feature.Playground.Lead.Resource.Http.Controllers.Playground.PlanRouteTest" assertions="3" time="0.447691"/>
        <testcase name="test_guest_cannot_store" file="/app/vendor/gammamatrix/playground-test/src/Feature/Http/Controllers/Resource/Playground/StoreTrait.php" line="38" class="Tests\Feature\Playground\Lead\Resource\Http\Controllers\Playground\PlanRouteTest" classname="Tests.Feature.Playground.Lead.Resource.Http.Controllers.Playground.PlanRouteTest" assertions="3" time="0.363871"/>
        <testcase name="test_store_as_admin_without_payload_and_fail_validation" file="/app/vendor/gammamatrix/playground-test/src/Feature/Http/Controllers/Resource/Playground/StoreTrait.php" line="61" class="Tests\Feature\Playground\Lead\Resource\Http\Controllers\Playground\PlanRouteTest" classname="Tests.Feature.Playground.Lead.Resource.Http.Controllers.Playground.PlanRouteTest" assertions="5" time="0.411483"/>
        <testcase name="test_store_as_admin_and_succeed" file="/app/vendor/gammamatrix/playground-test/src/Feature/Http/Controllers/Resource/Playground/StoreTrait.php" line="90" class="Tests\Feature\Playground\Lead\Resource\Http\Controllers\Playground\PlanRouteTest" classname="Tests.Feature.Playground.Lead.Resource.Http.Controllers.Playground.PlanRouteTest" assertions="4" time="0.428120"/>
        <testcase name="test_store_as_admin_and_succeed_with_return_url" file="/app/vendor/gammamatrix/playground-test/src/Feature/Http/Controllers/Resource/Playground/StoreTrait.php" line="135" class="Tests\Feature\Playground\Lead\Resource\Http\Controllers\Playground\PlanRouteTest" classname="Tests.Feature.Playground.Lead.Resource.Http.Controllers.Playground.PlanRouteTest" assertions="4" time="0.411524"/>
        <testcase name="test_json_guest_cannot_unlock" file="/app/vendor/gammamatrix/playground-test/src/Feature/Http/Controllers/Resource/Playground/UnlockJsonTrait.php" line="36" class="Tests\Feature\Playground\Lead\Resource\Http\Controllers\Playground\PlanRouteTest" classname="Tests.Feature.Playground.Lead.Resource.Http.Controllers.Playground.PlanRouteTest" assertions="3" time="0.403694"/>
        <testcase name="test_json_unlock_as_admin_and_succeed" file="/app/vendor/gammamatrix/playground-test/src/Feature/Http/Controllers/Resource/Playground/UnlockJsonTrait.php" line="68" class="Tests\Feature\Playground\Lead\Resource\Http\Controllers\Playground\PlanRouteTest" classname="Tests.Feature.Playground.Lead.Resource.Http.Controllers.Playground.PlanRouteTest" assertions="125" time="0.397769"/>
        <testcase name="test_json_unlock_as_admin_and_succeed_with_no_redirect" file="/app/vendor/gammamatrix/playground-test/src/Feature/Http/Controllers/Resource/Playground/UnlockJsonTrait.php" line="104" class="Tests\Feature\Playground\Lead\Resource\Http\Controllers\Playground\PlanRouteTest" classname="Tests.Feature.Playground.Lead.Resource.Http.Controllers.Playground.PlanRouteTest" assertions="125" time="0.429508"/>
        <testcase name="test_json_unlock_as_user_and_get_denied" file="/app/vendor/gammamatrix/playground-test/src/Feature/Http/Controllers/Resource/Playground/UnlockJsonTrait.php" line="145" class="Tests\Feature\Playground\Lead\Resource\Http\Controllers\Playground\PlanRouteTest" classname="Tests.Feature.Playground.Lead.Resource.Http.Controllers.Playground.PlanRouteTest" assertions="3" time="0.375332"/>
        <testcase name="test_guest_cannot_unlock" file="/app/vendor/gammamatrix/playground-test/src/Feature/Http/Controllers/Resource/Playground/UnlockTrait.php" line="36" class="Tests\Feature\Playground\Lead\Resource\Http\Controllers\Playground\PlanRouteTest" classname="Tests.Feature.Playground.Lead.Resource.Http.Controllers.Playground.PlanRouteTest" assertions="3" time="0.369849"/>
        <testcase name="test_unlock_as_admin_and_succeed" file="/app/vendor/gammamatrix/playground-test/src/Feature/Http/Controllers/Resource/Playground/UnlockTrait.php" line="68" class="Tests\Feature\Playground\Lead\Resource\Http\Controllers\Playground\PlanRouteTest" classname="Tests.Feature.Playground.Lead.Resource.Http.Controllers.Playground.PlanRouteTest" assertions="4" time="0.418176"/>
        <testcase name="test_unlock_as_admin_and_succeed_with_redirect_to_index_with_sorted_by_unlocked_desc" file="/app/vendor/gammamatrix/playground-test/src/Feature/Http/Controllers/Resource/Playground/UnlockTrait.php" line="109" class="Tests\Feature\Playground\Lead\Resource\Http\Controllers\Playground\PlanRouteTest" classname="Tests.Feature.Playground.Lead.Resource.Http.Controllers.Playground.PlanRouteTest" assertions="4" time="0.388913"/>
        <testcase name="test_unlock_as_user_and_get_denied" file="/app/vendor/gammamatrix/playground-test/src/Feature/Http/Controllers/Resource/Playground/UnlockTrait.php" line="148" class="Tests\Feature\Playground\Lead\Resource\Http\Controllers\Playground\PlanRouteTest" classname="Tests.Feature.Playground.Lead.Resource.Http.Controllers.Playground.PlanRouteTest" assertions="3" time="0.471903"/>
        <testcase name="test_json_guest_cannot_update" file="/app/vendor/gammamatrix/playground-test/src/Feature/Http/Controllers/Resource/Playground/UpdateJsonTrait.php" line="45" class="Tests\Feature\Playground\Lead\Resource\Http\Controllers\Playground\PlanRouteTest" classname="Tests.Feature.Playground.Lead.Resource.Http.Controllers.Playground.PlanRouteTest" assertions="1" time="0.369864"/>
        <testcase name="test_json_update_as_admin_without_payload_and_fail_validation" file="/app/vendor/gammamatrix/playground-test/src/Feature/Http/Controllers/Resource/Playground/UpdateJsonTrait.php" line="65" class="Tests\Feature\Playground\Lead\Resource\Http\Controllers\Playground\PlanRouteTest" classname="Tests.Feature.Playground.Lead.Resource.Http.Controllers.Playground.PlanRouteTest" assertions="4" time="0.402571"/>
        <testcase name="test_json_admin_can_update" file="/app/vendor/gammamatrix/playground-test/src/Feature/Http/Controllers/Resource/Playground/UpdateJsonTrait.php" line="90" class="Tests\Feature\Playground\Lead\Resource\Http\Controllers\Playground\PlanRouteTest" classname="Tests.Feature.Playground.Lead.Resource.Http.Controllers.Playground.PlanRouteTest" assertions="127" time="0.482693"/>
        <testcase name="test_guest_cannot_update" file="/app/vendor/gammamatrix/playground-test/src/Feature/Http/Controllers/Resource/Playground/UpdateTrait.php" line="45" class="Tests\Feature\Playground\Lead\Resource\Http\Controllers\Playground\PlanRouteTest" classname="Tests.Feature.Playground.Lead.Resource.Http.Controllers.Playground.PlanRouteTest" assertions="1" time="0.374667"/>
        <testcase name="test_update_as_admin_without_payload_and_fail_validation" file="/app/vendor/gammamatrix/playground-test/src/Feature/Http/Controllers/Resource/Playground/UpdateTrait.php" line="65" class="Tests\Feature\Playground\Lead\Resource\Http\Controllers\Playground\PlanRouteTest" classname="Tests.Feature.Playground.Lead.Resource.Http.Controllers.Playground.PlanRouteTest" assertions="4" time="0.437465"/>
        <testcase name="test_admin_can_update" file="/app/vendor/gammamatrix/playground-test/src/Feature/Http/Controllers/Resource/Playground/UpdateTrait.php" line="90" class="Tests\Feature\Playground\Lead\Resource\Http\Controllers\Playground\PlanRouteTest" classname="Tests.Feature.Playground.Lead.Resource.Http.Controllers.Playground.PlanRouteTest" assertions="6" time="0.447616"/>
        <testcase name="test_admin_can_update_view_with_return_url" file="/app/vendor/gammamatrix/playground-test/src/Feature/Http/Controllers/Resource/Playground/UpdateTrait.php" line="133" class="Tests\Feature\Playground\Lead\Resource\Http\Controllers\Playground\PlanRouteTest" classname="Tests.Feature.Playground.Lead.Resource.Http.Controllers.Playground.PlanRouteTest" assertions="6" time="0.437148"/>
      </testsuite>
      <testsuite name="Tests\Feature\Playground\Lead\Resource\Http\Controllers\Playground\RegionRouteTest" file="/app/tests/Feature/Http/Controllers/Playground/RegionRouteTest.php" tests="73" assertions="1335" errors="0" failures="0" skipped="0" time="30.125132">
        <testcase name="test_json_guest_cannot_get_create_info" file="/app/vendor/gammamatrix/playground-test/src/Feature/Http/Controllers/Resource/Playground/CreateJsonTrait.php" line="38" class="Tests\Feature\Playground\Lead\Resource\Http\Controllers\Playground\RegionRouteTest" classname="Tests.Feature.Playground.Lead.Resource.Http.Controllers.Playground.RegionRouteTest" assertions="1" time="0.438262"/>
        <testcase name="test_json_admin_can_get_create_info" file="/app/vendor/gammamatrix/playground-test/src/Feature/Http/Controllers/Resource/Playground/CreateJsonTrait.php" line="53" class="Tests\Feature\Playground\Lead\Resource\Http\Controllers\Playground\RegionRouteTest" classname="Tests.Feature.Playground.Lead.Resource.Http.Controllers.Playground.RegionRouteTest" assertions="123" time="0.379967"/>
        <testcase name="test_json_get_create_info_as_admin_with_invalid_parameter_and_fail_validation" file="/app/vendor/gammamatrix/playground-test/src/Feature/Http/Controllers/Resource/Playground/CreateJsonTrait.php" line="73" class="Tests\Feature\Playground\Lead\Resource\Http\Controllers\Playground\RegionRouteTest" classname="Tests.Feature.Playground.Lead.Resource.Http.Controllers.Playground.RegionRouteTest" assertions="4" time="0.417228"/>
        <testcase name="test_guest_cannot_render_create_view" file="/app/vendor/gammamatrix/playground-test/src/Feature/Http/Controllers/Resource/Playground/CreateTrait.php" line="33" class="Tests\Feature\Playground\Lead\Resource\Http\Controllers\Playground\RegionRouteTest" classname="Tests.Feature.Playground.Lead.Resource.Http.Controllers.Playground.RegionRouteTest" assertions="1" time="0.392528"/>
        <testcase name="test_admin_can_render_create_view" file="/app/vendor/gammamatrix/playground-test/src/Feature/Http/Controllers/Resource/Playground/CreateTrait.php" line="47" class="Tests\Feature\Playground\Lead\Resource\Http\Controllers\Playground\RegionRouteTest" classname="Tests.Feature.Playground.Lead.Resource.Http.Controllers.Playground.RegionRouteTest" assertions="2" time="0.487067"/>
        <testcase name="test_admin_can_render_create_view_with_return_url" file="/app/vendor/gammamatrix/playground-test/src/Feature/Http/Controllers/Resource/Playground/CreateTrait.php" line="65" class="Tests\Feature\Playground\Lead\Resource\Http\Controllers\Playground\RegionRouteTest" classname="Tests.Feature.Playground.Lead.Resource.Http.Controllers.Playground.RegionRouteTest" assertions="3" time="0.458639"/>
        <testcase name="test_create_view_as_admin_with_invalid_parameter_and_fail_validation_and_redirect" file="/app/vendor/gammamatrix/playground-test/src/Feature/Http/Controllers/Resource/Playground/CreateTrait.php" line="92" class="Tests\Feature\Playground\Lead\Resource\Http\Controllers\Playground\RegionRouteTest" classname="Tests.Feature.Playground.Lead.Resource.Http.Controllers.Playground.RegionRouteTest" assertions="5" time="0.424407"/>
        <testcase name="test_json_guest_cannot_destroy" file="/app/vendor/gammamatrix/playground-test/src/Feature/Http/Controllers/Resource/Playground/DestroyJsonTrait.php" line="31" class="Tests\Feature\Playground\Lead\Resource\Http\Controllers\Playground\RegionRouteTest" classname="Tests.Feature.Playground.Lead.Resource.Http.Controllers.Playground.RegionRouteTest" assertions="3" time="0.411581"/>
        <testcase name="test_json_destroy_as_admin_and_succeed" file="/app/vendor/gammamatrix/playground-test/src/Feature/Http/Controllers/Resource/Playground/DestroyJsonTrait.php" line="61" class="Tests\Feature\Playground\Lead\Resource\Http\Controllers\Playground\RegionRouteTest" classname="Tests.Feature.Playground.Lead.Resource.Http.Controllers.Playground.RegionRouteTest" assertions="5" time="0.377386"/>
        <testcase name="test_json_destroy_as_admin_and_succeed_with_force_delete" file="/app/vendor/gammamatrix/playground-test/src/Feature/Http/Controllers/Resource/Playground/DestroyJsonTrait.php" line="100" class="Tests\Feature\Playground\Lead\Resource\Http\Controllers\Playground\RegionRouteTest" classname="Tests.Feature.Playground.Lead.Resource.Http.Controllers.Playground.RegionRouteTest" assertions="4" time="0.372711"/>
        <testcase name="test_json_destroy_as_admin_and_succeed_with_no_content" file="/app/vendor/gammamatrix/playground-test/src/Feature/Http/Controllers/Resource/Playground/DestroyJsonTrait.php" line="132" class="Tests\Feature\Playground\Lead\Resource\Http\Controllers\Playground\RegionRouteTest" classname="Tests.Feature.Playground.Lead.Resource.Http.Controllers.Playground.RegionRouteTest" assertions="5" time="0.426172"/>
        <testcase name="test_json_destroy_as_admin_and_succeed_and_ignore_redirect" file="/app/vendor/gammamatrix/playground-test/src/Feature/Http/Controllers/Resource/Playground/DestroyJsonTrait.php" line="167" class="Tests\Feature\Playground\Lead\Resource\Http\Controllers\Playground\RegionRouteTest" classname="Tests.Feature.Playground.Lead.Resource.Http.Controllers.Playground.RegionRouteTest" assertions="5" time="0.381985"/>
        <testcase name="test_json_destroy_as_user_and_get_denied_and_no_force_delete_allowed" file="/app/vendor/gammamatrix/playground-test/src/Feature/Http/Controllers/Resource/Playground/DestroyJsonTrait.php" line="209" class="Tests\Feature\Playground\Lead\Resource\Http\Controllers\Playground\RegionRouteTest" classname="Tests.Feature.Playground.Lead.Resource.Http.Controllers.Playground.RegionRouteTest" assertions="3" time="0.438458"/>
        <testcase name="test_guest_cannot_destroy" file="/app/vendor/gammamatrix/playground-test/src/Feature/Http/Controllers/Resource/Playground/DestroyTrait.php" line="31" class="Tests\Feature\Playground\Lead\Resource\Http\Controllers\Playground\RegionRouteTest" classname="Tests.Feature.Playground.Lead.Resource.Http.Controllers.Playground.RegionRouteTest" assertions="3" time="0.387806"/>
        <testcase name="test_destroy_as_admin_and_succeed" file="/app/vendor/gammamatrix/playground-test/src/Feature/Http/Controllers/Resource/Playground/DestroyTrait.php" line="61" class="Tests\Feature\Playground\Lead\Resource\Http\Controllers\Playground\RegionRouteTest" classname="Tests.Feature.Playground.Lead.Resource.Http.Controllers.Playground.RegionRouteTest" assertions="5" time="0.372600"/>
        <testcase name="test_destroy_as_admin_and_succeed_with_force_delete" file="/app/vendor/gammamatrix/playground-test/src/Feature/Http/Controllers/Resource/Playground/DestroyTrait.php" line="97" class="Tests\Feature\Playground\Lead\Resource\Http\Controllers\Playground\RegionRouteTest" classname="Tests.Feature.Playground.Lead.Resource.Http.Controllers.Playground.RegionRouteTest" assertions="4" time="0.423047"/>
        <testcase name="test_destroy_as_admin_and_succeed_with_redirect_to_index_with_trash" file="/app/vendor/gammamatrix/playground-test/src/Feature/Http/Controllers/Resource/Playground/DestroyTrait.php" line="129" class="Tests\Feature\Playground\Lead\Resource\Http\Controllers\Playground\RegionRouteTest" classname="Tests.Feature.Playground.Lead.Resource.Http.Controllers.Playground.RegionRouteTest" assertions="5" time="0.377674"/>
        <testcase name="test_destroy_as_user_and_get_denied_and_no_force_delete_allowed" file="/app/vendor/gammamatrix/playground-test/src/Feature/Http/Controllers/Resource/Playground/DestroyTrait.php" line="171" class="Tests\Feature\Playground\Lead\Resource\Http\Controllers\Playground\RegionRouteTest" classname="Tests.Feature.Playground.Lead.Resource.Http.Controllers.Playground.RegionRouteTest" assertions="3" time="0.380683"/>
        <testcase name="test_json_guest_cannot_get_edit_info" file="/app/vendor/gammamatrix/playground-test/src/Feature/Http/Controllers/Resource/Playground/EditJsonTrait.php" line="38" class="Tests\Feature\Playground\Lead\Resource\Http\Controllers\Playground\RegionRouteTest" classname="Tests.Feature.Playground.Lead.Resource.Http.Controllers.Playground.RegionRouteTest" assertions="1" time="0.401509"/>
        <testcase name="test_json_admin_can_get_edit_info" file="/app/vendor/gammamatrix/playground-test/src/Feature/Http/Controllers/Resource/Playground/EditJsonTrait.php" line="58" class="Tests\Feature\Playground\Lead\Resource\Http\Controllers\Playground\RegionRouteTest" classname="Tests.Feature.Playground.Lead.Resource.Http.Controllers.Playground.RegionRouteTest" assertions="4" time="0.398762"/>
        <testcase name="test_json_edit_as_admin_and_fail_validation_with_invalid_parameter" file="/app/vendor/gammamatrix/playground-test/src/Feature/Http/Controllers/Resource/Playground/EditJsonTrait.php" line="87" class="Tests\Feature\Playground\Lead\Resource\Http\Controllers\Playground\RegionRouteTest" classname="Tests.Feature.Playground.Lead.Resource.Http.Controllers.Playground.RegionRouteTest" assertions="4" time="0.451924"/>
        <testcase name="test_guest_cannot_render_edit_view" file="/app/vendor/gammamatrix/playground-test/src/Feature/Http/Controllers/Resource/Playground/EditTrait.php" line="33" class="Tests\Feature\Playground\Lead\Resource\Http\Controllers\Playground\RegionRouteTest" classname="Tests.Feature.Playground.Lead.Resource.Http.Controllers.Playground.RegionRouteTest" assertions="1" time="0.392453"/>
        <testcase name="test_admin_can_render_edit_view" file="/app/vendor/gammamatrix/playground-test/src/Feature/Http/Controllers/Resource/Playground/EditTrait.php" line="53" class="Tests\Feature\Playground\Lead\Resource\Http\Controllers\Playground\RegionRouteTest" classname="Tests.Feature.Playground.Lead.Resource.Http.Controllers.Playground.RegionRouteTest" assertions="2" time="0.413213"/>
        <testcase name="test_admin_can_render_edit_view_with_return_url" file="/app/vendor/gammamatrix/playground-test/src/Feature/Http/Controllers/Resource/Playground/EditTrait.php" line="77" class="Tests\Feature\Playground\Lead\Resource\Http\Controllers\Playground\RegionRouteTest" classname="Tests.Feature.Playground.Lead.Resource.Http.Controllers.Playground.RegionRouteTest" assertions="3" time="0.445153"/>
        <testcase name="test_edit_view_as_admin_with_invalid_parameter_and_fail_validation_and_redirect" file="/app/vendor/gammamatrix/playground-test/src/Feature/Http/Controllers/Resource/Playground/EditTrait.php" line="109" class="Tests\Feature\Playground\Lead\Resource\Http\Controllers\Playground\RegionRouteTest" classname="Tests.Feature.Playground.Lead.Resource.Http.Controllers.Playground.RegionRouteTest" assertions="4" time="0.385227"/>
        <testcase name="test_json_guest_cannot_get_index" file="/app/vendor/gammamatrix/playground-test/src/Feature/Http/Controllers/Resource/Playground/IndexJsonTrait.php" line="34" class="Tests\Feature\Playground\Lead\Resource\Http\Controllers\Playground\RegionRouteTest" classname="Tests.Feature.Playground.Lead.Resource.Http.Controllers.Playground.RegionRouteTest" assertions="1" time="0.406662"/>
        <testcase name="test_json_admin_can_get_index" file="/app/vendor/gammamatrix/playground-test/src/Feature/Http/Controllers/Resource/Playground/IndexJsonTrait.php" line="49" class="Tests\Feature\Playground\Lead\Resource\Http\Controllers\Playground\RegionRouteTest" classname="Tests.Feature.Playground.Lead.Resource.Http.Controllers.Playground.RegionRouteTest" assertions="130" time="0.416848"/>
        <testcase name="test_json_admin_can_get_index_with_filters" file="/app/vendor/gammamatrix/playground-test/src/Feature/Http/Controllers/Resource/Playground/IndexJsonTrait.php" line="85" class="Tests\Feature\Playground\Lead\Resource\Http\Controllers\Playground\RegionRouteTest" classname="Tests.Feature.Playground.Lead.Resource.Http.Controllers.Playground.RegionRouteTest" assertions="3" time="0.396565"/>
        <testcase name="test_guest_cannot_render_index_view" file="/app/vendor/gammamatrix/playground-test/src/Feature/Http/Controllers/Resource/Playground/IndexTrait.php" line="29" class="Tests\Feature\Playground\Lead\Resource\Http\Controllers\Playground\RegionRouteTest" classname="Tests.Feature.Playground.Lead.Resource.Http.Controllers.Playground.RegionRouteTest" assertions="1" time="0.424691"/>
        <testcase name="test_admin_can_render_index_view" file="/app/vendor/gammamatrix/playground-test/src/Feature/Http/Controllers/Resource/Playground/IndexTrait.php" line="44" class="Tests\Feature\Playground\Lead\Resource\Http\Controllers\Playground\RegionRouteTest" classname="Tests.Feature.Playground.Lead.Resource.Http.Controllers.Playground.RegionRouteTest" assertions="2" time="0.437514"/>
        <testcase name="test_admin_can_render_index_view_with_filters" file="/app/vendor/gammamatrix/playground-test/src/Feature/Http/Controllers/Resource/Playground/IndexTrait.php" line="77" class="Tests\Feature\Playground\Lead\Resource\Http\Controllers\Playground\RegionRouteTest" classname="Tests.Feature.Playground.Lead.Resource.Http.Controllers.Playground.RegionRouteTest" assertions="3" time="0.460994"/>
        <testcase name="test_json_guest_cannot_lock" file="/app/vendor/gammamatrix/playground-test/src/Feature/Http/Controllers/Resource/Playground/LockJsonTrait.php" line="36" class="Tests\Feature\Playground\Lead\Resource\Http\Controllers\Playground\RegionRouteTest" classname="Tests.Feature.Playground.Lead.Resource.Http.Controllers.Playground.RegionRouteTest" assertions="3" time="0.372982"/>
        <testcase name="test_json_lock_as_admin_and_succeed" file="/app/vendor/gammamatrix/playground-test/src/Feature/Http/Controllers/Resource/Playground/LockJsonTrait.php" line="66" class="Tests\Feature\Playground\Lead\Resource\Http\Controllers\Playground\RegionRouteTest" classname="Tests.Feature.Playground.Lead.Resource.Http.Controllers.Playground.RegionRouteTest" assertions="3" time="0.386988"/>
        <testcase name="test_json_lock_as_admin_and_succeed_with_no_redirect" file="/app/vendor/gammamatrix/playground-test/src/Feature/Http/Controllers/Resource/Playground/LockJsonTrait.php" line="98" class="Tests\Feature\Playground\Lead\Resource\Http\Controllers\Playground\RegionRouteTest" classname="Tests.Feature.Playground.Lead.Resource.Http.Controllers.Playground.RegionRouteTest" assertions="125" time="0.428559"/>
        <testcase name="test_json_lock_as_user_and_get_denied" file="/app/vendor/gammamatrix/playground-test/src/Feature/Http/Controllers/Resource/Playground/LockJsonTrait.php" line="143" class="Tests\Feature\Playground\Lead\Resource\Http\Controllers\Playground\RegionRouteTest" classname="Tests.Feature.Playground.Lead.Resource.Http.Controllers.Playground.RegionRouteTest" assertions="3" time="0.383854"/>
        <testcase name="test_guest_cannot_lock" file="/app/vendor/gammamatrix/playground-test/src/Feature/Http/Controllers/Resource/Playground/LockTrait.php" line="31" class="Tests\Feature\Playground\Lead\Resource\Http\Controllers\Playground\RegionRouteTest" classname="Tests.Feature.Playground.Lead.Resource.Http.Controllers.Playground.RegionRouteTest" assertions="3" time="0.373369"/>
        <testcase name="test_lock_as_admin_and_succeed" file="/app/vendor/gammamatrix/playground-test/src/Feature/Http/Controllers/Resource/Playground/LockTrait.php" line="61" class="Tests\Feature\Playground\Lead\Resource\Http\Controllers\Playground\RegionRouteTest" classname="Tests.Feature.Playground.Lead.Resource.Http.Controllers.Playground.RegionRouteTest" assertions="4" time="0.426163"/>
        <testcase name="test_lock_as_admin_and_succeed_with_redirect_to_index_with_sorted_by_locked_desc" file="/app/vendor/gammamatrix/playground-test/src/Feature/Http/Controllers/Resource/Playground/LockTrait.php" line="95" class="Tests\Feature\Playground\Lead\Resource\Http\Controllers\Playground\RegionRouteTest" classname="Tests.Feature.Playground.Lead.Resource.Http.Controllers.Playground.RegionRouteTest" assertions="4" time="0.381263"/>
        <testcase name="test_lock_as_user_and_get_denied" file="/app/vendor/gammamatrix/playground-test/src/Feature/Http/Controllers/Resource/Playground/LockTrait.php" line="132" class="Tests\Feature\Playground\Lead\Resource\Http\Controllers\Playground\RegionRouteTest" classname="Tests.Feature.Playground.Lead.Resource.Http.Controllers.Playground.RegionRouteTest" assertions="3" time="0.414832"/>
        <testcase name="test_json_guest_cannot_restore" file="/app/vendor/gammamatrix/playground-test/src/Feature/Http/Controllers/Resource/Playground/RestoreJsonTrait.php" line="32" class="Tests\Feature\Playground\Lead\Resource\Http\Controllers\Playground\RegionRouteTest" classname="Tests.Feature.Playground.Lead.Resource.Http.Controllers.Playground.RegionRouteTest" assertions="3" time="0.368430"/>
        <testcase name="test_json_restore_as_admin_and_succeed" file="/app/vendor/gammamatrix/playground-test/src/Feature/Http/Controllers/Resource/Playground/RestoreJsonTrait.php" line="64" class="Tests\Feature\Playground\Lead\Resource\Http\Controllers\Playground\RegionRouteTest" classname="Tests.Feature.Playground.Lead.Resource.Http.Controllers.Playground.RegionRouteTest" assertions="125" time="0.392358"/>
        <testcase name="test_json_restore_as_admin_and_succeed_with_no_redirect" file="/app/vendor/gammamatrix/playground-test/src/Feature/Http/Controllers/Resource/Playground/RestoreJsonTrait.php" line="100" class="Tests\Feature\Playground\Lead\Resource\Http\Controllers\Playground\RegionRouteTest" classname="Tests.Feature.Playground.Lead.Resource.Http.Controllers.Playground.RegionRouteTest" assertions="125" time="0.428088"/>
        <testcase name="test_json_restore_as_user_and_get_denied" file="/app/vendor/gammamatrix/playground-test/src/Feature/Http/Controllers/Resource/Playground/RestoreJsonTrait.php" line="143" class="Tests\Feature\Playground\Lead\Resource\Http\Controllers\Playground\RegionRouteTest" classname="Tests.Feature.Playground.Lead.Resource.Http.Controllers.Playground.RegionRouteTest" assertions="3" time="0.382583"/>
        <testcase name="test_guest_cannot_restore" file="/app/vendor/gammamatrix/playground-test/src/Feature/Http/Controllers/Resource/Playground/RestoreTrait.php" line="32" class="Tests\Feature\Playground\Lead\Resource\Http\Controllers\Playground\RegionRouteTest" classname="Tests.Feature.Playground.Lead.Resource.Http.Controllers.Playground.RegionRouteTest" assertions="3" time="0.373107"/>
        <testcase name="test_restore_as_admin_and_succeed" file="/app/vendor/gammamatrix/playground-test/src/Feature/Http/Controllers/Resource/Playground/RestoreTrait.php" line="64" class="Tests\Feature\Playground\Lead\Resource\Http\Controllers\Playground\RegionRouteTest" classname="Tests.Feature.Playground.Lead.Resource.Http.Controllers.Playground.RegionRouteTest" assertions="4" time="0.420333"/>
        <testcase name="test_restore_as_admin_and_succeed_with_redirect_to_index_with_only_trash" file="/app/vendor/gammamatrix/playground-test/src/Feature/Http/Controllers/Resource/Playground/RestoreTrait.php" line="100" class="Tests\Feature\Playground\Lead\Resource\Http\Controllers\Playground\RegionRouteTest" classname="Tests.Feature.Playground.Lead.Resource.Http.Controllers.Playground.RegionRouteTest" assertions="4" time="0.385582"/>
        <testcase name="test_restore_as_user_and_get_denied" file="/app/vendor/gammamatrix/playground-test/src/Feature/Http/Controllers/Resource/Playground/RestoreTrait.php" line="146" class="Tests\Feature\Playground\Lead\Resource\Http\Controllers\Playground\RegionRouteTest" classname="Tests.Feature.Playground.Lead.Resource.Http.Controllers.Playground.RegionRouteTest" assertions="3" time="0.449473"/>
        <testcase name="test_json_guest_cannot_see_info" file="/app/vendor/gammamatrix/playground-test/src/Feature/Http/Controllers/Resource/Playground/ShowJsonTrait.php" line="29" class="Tests\Feature\Playground\Lead\Resource\Http\Controllers\Playground\RegionRouteTest" classname="Tests.Feature.Playground.Lead.Resource.Http.Controllers.Playground.RegionRouteTest" assertions="1" time="0.373067"/>
        <testcase name="test_json_show_info_for_admin" file="/app/vendor/gammamatrix/playground-test/src/Feature/Http/Controllers/Resource/Playground/ShowJsonTrait.php" line="49" class="Tests\Feature\Playground\Lead\Resource\Http\Controllers\Playground\RegionRouteTest" classname="Tests.Feature.Playground.Lead.Resource.Http.Controllers.Playground.RegionRouteTest" assertions="124" time="0.388540"/>
        <testcase name="test_guest_cannot_render_show_view" file="/app/vendor/gammamatrix/playground-test/src/Feature/Http/Controllers/Resource/Playground/ShowTrait.php" line="29" class="Tests\Feature\Playground\Lead\Resource\Http\Controllers\Playground\RegionRouteTest" classname="Tests.Feature.Playground.Lead.Resource.Http.Controllers.Playground.RegionRouteTest" assertions="1" time="0.440265"/>
        <testcase name="test_show_view_rendered_by_admin" file="/app/vendor/gammamatrix/playground-test/src/Feature/Http/Controllers/Resource/Playground/ShowTrait.php" line="49" class="Tests\Feature\Playground\Lead\Resource\Http\Controllers\Playground\RegionRouteTest" classname="Tests.Feature.Playground.Lead.Resource.Http.Controllers.Playground.RegionRouteTest" assertions="2" time="0.429652"/>
        <testcase name="test_json_guest_cannot_store" file="/app/vendor/gammamatrix/playground-test/src/Feature/Http/Controllers/Resource/Playground/StoreJsonTrait.php" line="43" class="Tests\Feature\Playground\Lead\Resource\Http\Controllers\Playground\RegionRouteTest" classname="Tests.Feature.Playground.Lead.Resource.Http.Controllers.Playground.RegionRouteTest" assertions="3" time="0.406825"/>
        <testcase name="test_json_store_as_admin_without_payload_and_fail_validation" file="/app/vendor/gammamatrix/playground-test/src/Feature/Http/Controllers/Resource/Playground/StoreJsonTrait.php" line="66" class="Tests\Feature\Playground\Lead\Resource\Http\Controllers\Playground\RegionRouteTest" classname="Tests.Feature.Playground.Lead.Resource.Http.Controllers.Playground.RegionRouteTest" assertions="5" time="0.389877"/>
        <testcase name="test_json_store_as_admin_and_succeed" file="/app/vendor/gammamatrix/playground-test/src/Feature/Http/Controllers/Resource/Playground/StoreJsonTrait.php" line="92" class="Tests\Feature\Playground\Lead\Resource\Http\Controllers\Playground\RegionRouteTest" classname="Tests.Feature.Playground.Lead.Resource.Http.Controllers.Playground.RegionRouteTest" assertions="3" time="0.428414"/>
        <testcase name="test_guest_cannot_store" file="/app/vendor/gammamatrix/playground-test/src/Feature/Http/Controllers/Resource/Playground/StoreTrait.php" line="38" class="Tests\Feature\Playground\Lead\Resource\Http\Controllers\Playground\RegionRouteTest" classname="Tests.Feature.Playground.Lead.Resource.Http.Controllers.Playground.RegionRouteTest" assertions="3" time="0.427239"/>
        <testcase name="test_store_as_admin_without_payload_and_fail_validation" file="/app/vendor/gammamatrix/playground-test/src/Feature/Http/Controllers/Resource/Playground/StoreTrait.php" line="61" class="Tests\Feature\Playground\Lead\Resource\Http\Controllers\Playground\RegionRouteTest" classname="Tests.Feature.Playground.Lead.Resource.Http.Controllers.Playground.RegionRouteTest" assertions="5" time="0.383593"/>
        <testcase name="test_store_as_admin_and_succeed" file="/app/vendor/gammamatrix/playground-test/src/Feature/Http/Controllers/Resource/Playground/StoreTrait.php" line="90" class="Tests\Feature\Playground\Lead\Resource\Http\Controllers\Playground\RegionRouteTest" classname="Tests.Feature.Playground.Lead.Resource.Http.Controllers.Playground.RegionRouteTest" assertions="4" time="0.459565"/>
        <testcase name="test_store_as_admin_and_succeed_with_return_url" file="/app/vendor/gammamatrix/playground-test/src/Feature/Http/Controllers/Resource/Playground/StoreTrait.php" line="135" class="Tests\Feature\Playground\Lead\Resource\Http\Controllers\Playground\RegionRouteTest" classname="Tests.Feature.Playground.Lead.Resource.Http.Controllers.Playground.RegionRouteTest" assertions="4" time="0.427573"/>
        <testcase name="test_json_guest_cannot_unlock" file="/app/vendor/gammamatrix/playground-test/src/Feature/Http/Controllers/Resource/Playground/UnlockJsonTrait.php" line="36" class="Tests\Feature\Playground\Lead\Resource\Http\Controllers\Playground\RegionRouteTest" classname="Tests.Feature.Playground.Lead.Resource.Http.Controllers.Playground.RegionRouteTest" assertions="3" time="0.387977"/>
        <testcase name="test_json_unlock_as_admin_and_succeed" file="/app/vendor/gammamatrix/playground-test/src/Feature/Http/Controllers/Resource/Playground/UnlockJsonTrait.php" line="68" class="Tests\Feature\Playground\Lead\Resource\Http\Controllers\Playground\RegionRouteTest" classname="Tests.Feature.Playground.Lead.Resource.Http.Controllers.Playground.RegionRouteTest" assertions="125" time="0.446042"/>
        <testcase name="test_json_unlock_as_admin_and_succeed_with_no_redirect" file="/app/vendor/gammamatrix/playground-test/src/Feature/Http/Controllers/Resource/Playground/UnlockJsonTrait.php" line="104" class="Tests\Feature\Playground\Lead\Resource\Http\Controllers\Playground\RegionRouteTest" classname="Tests.Feature.Playground.Lead.Resource.Http.Controllers.Playground.RegionRouteTest" assertions="125" time="0.393190"/>
        <testcase name="test_json_unlock_as_user_and_get_denied" file="/app/vendor/gammamatrix/playground-test/src/Feature/Http/Controllers/Resource/Playground/UnlockJsonTrait.php" line="145" class="Tests\Feature\Playground\Lead\Resource\Http\Controllers\Playground\RegionRouteTest" classname="Tests.Feature.Playground.Lead.Resource.Http.Controllers.Playground.RegionRouteTest" assertions="3" time="0.431940"/>
        <testcase name="test_guest_cannot_unlock" file="/app/vendor/gammamatrix/playground-test/src/Feature/Http/Controllers/Resource/Playground/UnlockTrait.php" line="36" class="Tests\Feature\Playground\Lead\Resource\Http\Controllers\Playground\RegionRouteTest" classname="Tests.Feature.Playground.Lead.Resource.Http.Controllers.Playground.RegionRouteTest" assertions="3" time="0.377878"/>
        <testcase name="test_unlock_as_admin_and_succeed" file="/app/vendor/gammamatrix/playground-test/src/Feature/Http/Controllers/Resource/Playground/UnlockTrait.php" line="68" class="Tests\Feature\Playground\Lead\Resource\Http\Controllers\Playground\RegionRouteTest" classname="Tests.Feature.Playground.Lead.Resource.Http.Controllers.Playground.RegionRouteTest" assertions="4" time="0.391960"/>
        <testcase name="test_unlock_as_admin_and_succeed_with_redirect_to_index_with_sorted_by_unlocked_desc" file="/app/vendor/gammamatrix/playground-test/src/Feature/Http/Controllers/Resource/Playground/UnlockTrait.php" line="109" class="Tests\Feature\Playground\Lead\Resource\Http\Controllers\Playground\RegionRouteTest" classname="Tests.Feature.Playground.Lead.Resource.Http.Controllers.Playground.RegionRouteTest" assertions="4" time="0.480823"/>
        <testcase name="test_unlock_as_user_and_get_denied" file="/app/vendor/gammamatrix/playground-test/src/Feature/Http/Controllers/Resource/Playground/UnlockTrait.php" line="148" class="Tests\Feature\Playground\Lead\Resource\Http\Controllers\Playground\RegionRouteTest" classname="Tests.Feature.Playground.Lead.Resource.Http.Controllers.Playground.RegionRouteTest" assertions="3" time="0.395359"/>
        <testcase name="test_json_guest_cannot_update" file="/app/vendor/gammamatrix/playground-test/src/Feature/Http/Controllers/Resource/Playground/UpdateJsonTrait.php" line="45" class="Tests\Feature\Playground\Lead\Resource\Http\Controllers\Playground\RegionRouteTest" classname="Tests.Feature.Playground.Lead.Resource.Http.Controllers.Playground.RegionRouteTest" assertions="1" time="0.384826"/>
        <testcase name="test_json_update_as_admin_without_payload_and_fail_validation" file="/app/vendor/gammamatrix/playground-test/src/Feature/Http/Controllers/Resource/Playground/UpdateJsonTrait.php" line="65" class="Tests\Feature\Playground\Lead\Resource\Http\Controllers\Playground\RegionRouteTest" classname="Tests.Feature.Playground.Lead.Resource.Http.Controllers.Playground.RegionRouteTest" assertions="4" time="0.450480"/>
        <testcase name="test_json_admin_can_update" file="/app/vendor/gammamatrix/playground-test/src/Feature/Http/Controllers/Resource/Playground/UpdateJsonTrait.php" line="90" class="Tests\Feature\Playground\Lead\Resource\Http\Controllers\Playground\RegionRouteTest" classname="Tests.Feature.Playground.Lead.Resource.Http.Controllers.Playground.RegionRouteTest" assertions="127" time="0.497850"/>
        <testcase name="test_guest_cannot_update" file="/app/vendor/gammamatrix/playground-test/src/Feature/Http/Controllers/Resource/Playground/UpdateTrait.php" line="45" class="Tests\Feature\Playground\Lead\Resource\Http\Controllers\Playground\RegionRouteTest" classname="Tests.Feature.Playground.Lead.Resource.Http.Controllers.Playground.RegionRouteTest" assertions="1" time="0.427210"/>
        <testcase name="test_update_as_admin_without_payload_and_fail_validation" file="/app/vendor/gammamatrix/playground-test/src/Feature/Http/Controllers/Resource/Playground/UpdateTrait.php" line="65" class="Tests\Feature\Playground\Lead\Resource\Http\Controllers\Playground\RegionRouteTest" classname="Tests.Feature.Playground.Lead.Resource.Http.Controllers.Playground.RegionRouteTest" assertions="4" time="0.409341"/>
        <testcase name="test_admin_can_update" file="/app/vendor/gammamatrix/playground-test/src/Feature/Http/Controllers/Resource/Playground/UpdateTrait.php" line="90" class="Tests\Feature\Playground\Lead\Resource\Http\Controllers\Playground\RegionRouteTest" classname="Tests.Feature.Playground.Lead.Resource.Http.Controllers.Playground.RegionRouteTest" assertions="6" time="0.490582"/>
        <testcase name="test_admin_can_update_view_with_return_url" file="/app/vendor/gammamatrix/playground-test/src/Feature/Http/Controllers/Resource/Playground/UpdateTrait.php" line="133" class="Tests\Feature\Playground\Lead\Resource\Http\Controllers\Playground\RegionRouteTest" classname="Tests.Feature.Playground.Lead.Resource.Http.Controllers.Playground.RegionRouteTest" assertions="6" time="0.457381"/>
      </testsuite>
      <testsuite name="Tests\Feature\Playground\Lead\Resource\Http\Controllers\Playground\ReportRouteTest" file="/app/tests/Feature/Http/Controllers/Playground/ReportRouteTest.php" tests="73" assertions="1335" errors="0" failures="0" skipped="0" time="29.820165">
        <testcase name="test_json_guest_cannot_get_create_info" file="/app/vendor/gammamatrix/playground-test/src/Feature/Http/Controllers/Resource/Playground/CreateJsonTrait.php" line="38" class="Tests\Feature\Playground\Lead\Resource\Http\Controllers\Playground\ReportRouteTest" classname="Tests.Feature.Playground.Lead.Resource.Http.Controllers.Playground.ReportRouteTest" assertions="1" time="0.416065"/>
        <testcase name="test_json_admin_can_get_create_info" file="/app/vendor/gammamatrix/playground-test/src/Feature/Http/Controllers/Resource/Playground/CreateJsonTrait.php" line="53" class="Tests\Feature\Playground\Lead\Resource\Http\Controllers\Playground\ReportRouteTest" classname="Tests.Feature.Playground.Lead.Resource.Http.Controllers.Playground.ReportRouteTest" assertions="123" time="0.430144"/>
        <testcase name="test_json_get_create_info_as_admin_with_invalid_parameter_and_fail_validation" file="/app/vendor/gammamatrix/playground-test/src/Feature/Http/Controllers/Resource/Playground/CreateJsonTrait.php" line="73" class="Tests\Feature\Playground\Lead\Resource\Http\Controllers\Playground\ReportRouteTest" classname="Tests.Feature.Playground.Lead.Resource.Http.Controllers.Playground.ReportRouteTest" assertions="4" time="0.370939"/>
        <testcase name="test_guest_cannot_render_create_view" file="/app/vendor/gammamatrix/playground-test/src/Feature/Http/Controllers/Resource/Playground/CreateTrait.php" line="33" class="Tests\Feature\Playground\Lead\Resource\Http\Controllers\Playground\ReportRouteTest" classname="Tests.Feature.Playground.Lead.Resource.Http.Controllers.Playground.ReportRouteTest" assertions="1" time="0.395966"/>
        <testcase name="test_admin_can_render_create_view" file="/app/vendor/gammamatrix/playground-test/src/Feature/Http/Controllers/Resource/Playground/CreateTrait.php" line="47" class="Tests\Feature\Playground\Lead\Resource\Http\Controllers\Playground\ReportRouteTest" classname="Tests.Feature.Playground.Lead.Resource.Http.Controllers.Playground.ReportRouteTest" assertions="2" time="0.421637"/>
        <testcase name="test_admin_can_render_create_view_with_return_url" file="/app/vendor/gammamatrix/playground-test/src/Feature/Http/Controllers/Resource/Playground/CreateTrait.php" line="65" class="Tests\Feature\Playground\Lead\Resource\Http\Controllers\Playground\ReportRouteTest" classname="Tests.Feature.Playground.Lead.Resource.Http.Controllers.Playground.ReportRouteTest" assertions="3" time="0.399497"/>
        <testcase name="test_create_view_as_admin_with_invalid_parameter_and_fail_validation_and_redirect" file="/app/vendor/gammamatrix/playground-test/src/Feature/Http/Controllers/Resource/Playground/CreateTrait.php" line="92" class="Tests\Feature\Playground\Lead\Resource\Http\Controllers\Playground\ReportRouteTest" classname="Tests.Feature.Playground.Lead.Resource.Http.Controllers.Playground.ReportRouteTest" assertions="5" time="0.422489"/>
        <testcase name="test_json_guest_cannot_destroy" file="/app/vendor/gammamatrix/playground-test/src/Feature/Http/Controllers/Resource/Playground/DestroyJsonTrait.php" line="31" class="Tests\Feature\Playground\Lead\Resource\Http\Controllers\Playground\ReportRouteTest" classname="Tests.Feature.Playground.Lead.Resource.Http.Controllers.Playground.ReportRouteTest" assertions="3" time="0.359621"/>
        <testcase name="test_json_destroy_as_admin_and_succeed" file="/app/vendor/gammamatrix/playground-test/src/Feature/Http/Controllers/Resource/Playground/DestroyJsonTrait.php" line="61" class="Tests\Feature\Playground\Lead\Resource\Http\Controllers\Playground\ReportRouteTest" classname="Tests.Feature.Playground.Lead.Resource.Http.Controllers.Playground.ReportRouteTest" assertions="5" time="0.369532"/>
        <testcase name="test_json_destroy_as_admin_and_succeed_with_force_delete" file="/app/vendor/gammamatrix/playground-test/src/Feature/Http/Controllers/Resource/Playground/DestroyJsonTrait.php" line="100" class="Tests\Feature\Playground\Lead\Resource\Http\Controllers\Playground\ReportRouteTest" classname="Tests.Feature.Playground.Lead.Resource.Http.Controllers.Playground.ReportRouteTest" assertions="4" time="0.415514"/>
        <testcase name="test_json_destroy_as_admin_and_succeed_with_no_content" file="/app/vendor/gammamatrix/playground-test/src/Feature/Http/Controllers/Resource/Playground/DestroyJsonTrait.php" line="132" class="Tests\Feature\Playground\Lead\Resource\Http\Controllers\Playground\ReportRouteTest" classname="Tests.Feature.Playground.Lead.Resource.Http.Controllers.Playground.ReportRouteTest" assertions="5" time="0.379497"/>
        <testcase name="test_json_destroy_as_admin_and_succeed_and_ignore_redirect" file="/app/vendor/gammamatrix/playground-test/src/Feature/Http/Controllers/Resource/Playground/DestroyJsonTrait.php" line="167" class="Tests\Feature\Playground\Lead\Resource\Http\Controllers\Playground\ReportRouteTest" classname="Tests.Feature.Playground.Lead.Resource.Http.Controllers.Playground.ReportRouteTest" assertions="5" time="0.413389"/>
        <testcase name="test_json_destroy_as_user_and_get_denied_and_no_force_delete_allowed" file="/app/vendor/gammamatrix/playground-test/src/Feature/Http/Controllers/Resource/Playground/DestroyJsonTrait.php" line="209" class="Tests\Feature\Playground\Lead\Resource\Http\Controllers\Playground\ReportRouteTest" classname="Tests.Feature.Playground.Lead.Resource.Http.Controllers.Playground.ReportRouteTest" assertions="3" time="0.382470"/>
        <testcase name="test_guest_cannot_destroy" file="/app/vendor/gammamatrix/playground-test/src/Feature/Http/Controllers/Resource/Playground/DestroyTrait.php" line="31" class="Tests\Feature\Playground\Lead\Resource\Http\Controllers\Playground\ReportRouteTest" classname="Tests.Feature.Playground.Lead.Resource.Http.Controllers.Playground.ReportRouteTest" assertions="3" time="0.369093"/>
        <testcase name="test_destroy_as_admin_and_succeed" file="/app/vendor/gammamatrix/playground-test/src/Feature/Http/Controllers/Resource/Playground/DestroyTrait.php" line="61" class="Tests\Feature\Playground\Lead\Resource\Http\Controllers\Playground\ReportRouteTest" classname="Tests.Feature.Playground.Lead.Resource.Http.Controllers.Playground.ReportRouteTest" assertions="5" time="0.418916"/>
        <testcase name="test_destroy_as_admin_and_succeed_with_force_delete" file="/app/vendor/gammamatrix/playground-test/src/Feature/Http/Controllers/Resource/Playground/DestroyTrait.php" line="97" class="Tests\Feature\Playground\Lead\Resource\Http\Controllers\Playground\ReportRouteTest" classname="Tests.Feature.Playground.Lead.Resource.Http.Controllers.Playground.ReportRouteTest" assertions="4" time="0.373075"/>
        <testcase name="test_destroy_as_admin_and_succeed_with_redirect_to_index_with_trash" file="/app/vendor/gammamatrix/playground-test/src/Feature/Http/Controllers/Resource/Playground/DestroyTrait.php" line="129" class="Tests\Feature\Playground\Lead\Resource\Http\Controllers\Playground\ReportRouteTest" classname="Tests.Feature.Playground.Lead.Resource.Http.Controllers.Playground.ReportRouteTest" assertions="5" time="0.394173"/>
        <testcase name="test_destroy_as_user_and_get_denied_and_no_force_delete_allowed" file="/app/vendor/gammamatrix/playground-test/src/Feature/Http/Controllers/Resource/Playground/DestroyTrait.php" line="171" class="Tests\Feature\Playground\Lead\Resource\Http\Controllers\Playground\ReportRouteTest" classname="Tests.Feature.Playground.Lead.Resource.Http.Controllers.Playground.ReportRouteTest" assertions="3" time="0.412402"/>
        <testcase name="test_json_guest_cannot_get_edit_info" file="/app/vendor/gammamatrix/playground-test/src/Feature/Http/Controllers/Resource/Playground/EditJsonTrait.php" line="38" class="Tests\Feature\Playground\Lead\Resource\Http\Controllers\Playground\ReportRouteTest" classname="Tests.Feature.Playground.Lead.Resource.Http.Controllers.Playground.ReportRouteTest" assertions="1" time="0.363134"/>
        <testcase name="test_json_admin_can_get_edit_info" file="/app/vendor/gammamatrix/playground-test/src/Feature/Http/Controllers/Resource/Playground/EditJsonTrait.php" line="58" class="Tests\Feature\Playground\Lead\Resource\Http\Controllers\Playground\ReportRouteTest" classname="Tests.Feature.Playground.Lead.Resource.Http.Controllers.Playground.ReportRouteTest" assertions="4" time="0.441969"/>
        <testcase name="test_json_edit_as_admin_and_fail_validation_with_invalid_parameter" file="/app/vendor/gammamatrix/playground-test/src/Feature/Http/Controllers/Resource/Playground/EditJsonTrait.php" line="87" class="Tests\Feature\Playground\Lead\Resource\Http\Controllers\Playground\ReportRouteTest" classname="Tests.Feature.Playground.Lead.Resource.Http.Controllers.Playground.ReportRouteTest" assertions="4" time="0.389912"/>
        <testcase name="test_guest_cannot_render_edit_view" file="/app/vendor/gammamatrix/playground-test/src/Feature/Http/Controllers/Resource/Playground/EditTrait.php" line="33" class="Tests\Feature\Playground\Lead\Resource\Http\Controllers\Playground\ReportRouteTest" classname="Tests.Feature.Playground.Lead.Resource.Http.Controllers.Playground.ReportRouteTest" assertions="1" time="0.368385"/>
        <testcase name="test_admin_can_render_edit_view" file="/app/vendor/gammamatrix/playground-test/src/Feature/Http/Controllers/Resource/Playground/EditTrait.php" line="53" class="Tests\Feature\Playground\Lead\Resource\Http\Controllers\Playground\ReportRouteTest" classname="Tests.Feature.Playground.Lead.Resource.Http.Controllers.Playground.ReportRouteTest" assertions="2" time="0.459167"/>
        <testcase name="test_admin_can_render_edit_view_with_return_url" file="/app/vendor/gammamatrix/playground-test/src/Feature/Http/Controllers/Resource/Playground/EditTrait.php" line="77" class="Tests\Feature\Playground\Lead\Resource\Http\Controllers\Playground\ReportRouteTest" classname="Tests.Feature.Playground.Lead.Resource.Http.Controllers.Playground.ReportRouteTest" assertions="3" time="0.404821"/>
        <testcase name="test_edit_view_as_admin_with_invalid_parameter_and_fail_validation_and_redirect" file="/app/vendor/gammamatrix/playground-test/src/Feature/Http/Controllers/Resource/Playground/EditTrait.php" line="109" class="Tests\Feature\Playground\Lead\Resource\Http\Controllers\Playground\ReportRouteTest" classname="Tests.Feature.Playground.Lead.Resource.Http.Controllers.Playground.ReportRouteTest" assertions="4" time="0.442172"/>
        <testcase name="test_json_guest_cannot_get_index" file="/app/vendor/gammamatrix/playground-test/src/Feature/Http/Controllers/Resource/Playground/IndexJsonTrait.php" line="34" class="Tests\Feature\Playground\Lead\Resource\Http\Controllers\Playground\ReportRouteTest" classname="Tests.Feature.Playground.Lead.Resource.Http.Controllers.Playground.ReportRouteTest" assertions="1" time="0.365051"/>
        <testcase name="test_json_admin_can_get_index" file="/app/vendor/gammamatrix/playground-test/src/Feature/Http/Controllers/Resource/Playground/IndexJsonTrait.php" line="49" class="Tests\Feature\Playground\Lead\Resource\Http\Controllers\Playground\ReportRouteTest" classname="Tests.Feature.Playground.Lead.Resource.Http.Controllers.Playground.ReportRouteTest" assertions="130" time="0.391460"/>
        <testcase name="test_json_admin_can_get_index_with_filters" file="/app/vendor/gammamatrix/playground-test/src/Feature/Http/Controllers/Resource/Playground/IndexJsonTrait.php" line="85" class="Tests\Feature\Playground\Lead\Resource\Http\Controllers\Playground\ReportRouteTest" classname="Tests.Feature.Playground.Lead.Resource.Http.Controllers.Playground.ReportRouteTest" assertions="3" time="0.442321"/>
        <testcase name="test_guest_cannot_render_index_view" file="/app/vendor/gammamatrix/playground-test/src/Feature/Http/Controllers/Resource/Playground/IndexTrait.php" line="29" class="Tests\Feature\Playground\Lead\Resource\Http\Controllers\Playground\ReportRouteTest" classname="Tests.Feature.Playground.Lead.Resource.Http.Controllers.Playground.ReportRouteTest" assertions="1" time="0.368156"/>
        <testcase name="test_admin_can_render_index_view" file="/app/vendor/gammamatrix/playground-test/src/Feature/Http/Controllers/Resource/Playground/IndexTrait.php" line="44" class="Tests\Feature\Playground\Lead\Resource\Http\Controllers\Playground\ReportRouteTest" classname="Tests.Feature.Playground.Lead.Resource.Http.Controllers.Playground.ReportRouteTest" assertions="2" time="0.431156"/>
        <testcase name="test_admin_can_render_index_view_with_filters" file="/app/vendor/gammamatrix/playground-test/src/Feature/Http/Controllers/Resource/Playground/IndexTrait.php" line="77" class="Tests\Feature\Playground\Lead\Resource\Http\Controllers\Playground\ReportRouteTest" classname="Tests.Feature.Playground.Lead.Resource.Http.Controllers.Playground.ReportRouteTest" assertions="3" time="0.458986"/>
        <testcase name="test_json_guest_cannot_lock" file="/app/vendor/gammamatrix/playground-test/src/Feature/Http/Controllers/Resource/Playground/LockJsonTrait.php" line="36" class="Tests\Feature\Playground\Lead\Resource\Http\Controllers\Playground\ReportRouteTest" classname="Tests.Feature.Playground.Lead.Resource.Http.Controllers.Playground.ReportRouteTest" assertions="3" time="0.365506"/>
        <testcase name="test_json_lock_as_admin_and_succeed" file="/app/vendor/gammamatrix/playground-test/src/Feature/Http/Controllers/Resource/Playground/LockJsonTrait.php" line="66" class="Tests\Feature\Playground\Lead\Resource\Http\Controllers\Playground\ReportRouteTest" classname="Tests.Feature.Playground.Lead.Resource.Http.Controllers.Playground.ReportRouteTest" assertions="3" time="0.434282"/>
        <testcase name="test_json_lock_as_admin_and_succeed_with_no_redirect" file="/app/vendor/gammamatrix/playground-test/src/Feature/Http/Controllers/Resource/Playground/LockJsonTrait.php" line="98" class="Tests\Feature\Playground\Lead\Resource\Http\Controllers\Playground\ReportRouteTest" classname="Tests.Feature.Playground.Lead.Resource.Http.Controllers.Playground.ReportRouteTest" assertions="125" time="0.401160"/>
        <testcase name="test_json_lock_as_user_and_get_denied" file="/app/vendor/gammamatrix/playground-test/src/Feature/Http/Controllers/Resource/Playground/LockJsonTrait.php" line="143" class="Tests\Feature\Playground\Lead\Resource\Http\Controllers\Playground\ReportRouteTest" classname="Tests.Feature.Playground.Lead.Resource.Http.Controllers.Playground.ReportRouteTest" assertions="3" time="0.373647"/>
        <testcase name="test_guest_cannot_lock" file="/app/vendor/gammamatrix/playground-test/src/Feature/Http/Controllers/Resource/Playground/LockTrait.php" line="31" class="Tests\Feature\Playground\Lead\Resource\Http\Controllers\Playground\ReportRouteTest" classname="Tests.Feature.Playground.Lead.Resource.Http.Controllers.Playground.ReportRouteTest" assertions="3" time="0.422468"/>
        <testcase name="test_lock_as_admin_and_succeed" file="/app/vendor/gammamatrix/playground-test/src/Feature/Http/Controllers/Resource/Playground/LockTrait.php" line="61" class="Tests\Feature\Playground\Lead\Resource\Http\Controllers\Playground\ReportRouteTest" classname="Tests.Feature.Playground.Lead.Resource.Http.Controllers.Playground.ReportRouteTest" assertions="4" time="0.385523"/>
        <testcase name="test_lock_as_admin_and_succeed_with_redirect_to_index_with_sorted_by_locked_desc" file="/app/vendor/gammamatrix/playground-test/src/Feature/Http/Controllers/Resource/Playground/LockTrait.php" line="95" class="Tests\Feature\Playground\Lead\Resource\Http\Controllers\Playground\ReportRouteTest" classname="Tests.Feature.Playground.Lead.Resource.Http.Controllers.Playground.ReportRouteTest" assertions="4" time="0.376653"/>
        <testcase name="test_lock_as_user_and_get_denied" file="/app/vendor/gammamatrix/playground-test/src/Feature/Http/Controllers/Resource/Playground/LockTrait.php" line="132" class="Tests\Feature\Playground\Lead\Resource\Http\Controllers\Playground\ReportRouteTest" classname="Tests.Feature.Playground.Lead.Resource.Http.Controllers.Playground.ReportRouteTest" assertions="3" time="0.425046"/>
        <testcase name="test_json_guest_cannot_restore" file="/app/vendor/gammamatrix/playground-test/src/Feature/Http/Controllers/Resource/Playground/RestoreJsonTrait.php" line="32" class="Tests\Feature\Playground\Lead\Resource\Http\Controllers\Playground\ReportRouteTest" classname="Tests.Feature.Playground.Lead.Resource.Http.Controllers.Playground.ReportRouteTest" assertions="3" time="0.382245"/>
        <testcase name="test_json_restore_as_admin_and_succeed" file="/app/vendor/gammamatrix/playground-test/src/Feature/Http/Controllers/Resource/Playground/RestoreJsonTrait.php" line="64" class="Tests\Feature\Playground\Lead\Resource\Http\Controllers\Playground\ReportRouteTest" classname="Tests.Feature.Playground.Lead.Resource.Http.Controllers.Playground.ReportRouteTest" assertions="125" time="0.439826"/>
        <testcase name="test_json_restore_as_admin_and_succeed_with_no_redirect" file="/app/vendor/gammamatrix/playground-test/src/Feature/Http/Controllers/Resource/Playground/RestoreJsonTrait.php" line="100" class="Tests\Feature\Playground\Lead\Resource\Http\Controllers\Playground\ReportRouteTest" classname="Tests.Feature.Playground.Lead.Resource.Http.Controllers.Playground.ReportRouteTest" assertions="125" time="0.388151"/>
        <testcase name="test_json_restore_as_user_and_get_denied" file="/app/vendor/gammamatrix/playground-test/src/Feature/Http/Controllers/Resource/Playground/RestoreJsonTrait.php" line="143" class="Tests\Feature\Playground\Lead\Resource\Http\Controllers\Playground\ReportRouteTest" classname="Tests.Feature.Playground.Lead.Resource.Http.Controllers.Playground.ReportRouteTest" assertions="3" time="0.379391"/>
        <testcase name="test_guest_cannot_restore" file="/app/vendor/gammamatrix/playground-test/src/Feature/Http/Controllers/Resource/Playground/RestoreTrait.php" line="32" class="Tests\Feature\Playground\Lead\Resource\Http\Controllers\Playground\ReportRouteTest" classname="Tests.Feature.Playground.Lead.Resource.Http.Controllers.Playground.ReportRouteTest" assertions="3" time="0.432808"/>
        <testcase name="test_restore_as_admin_and_succeed" file="/app/vendor/gammamatrix/playground-test/src/Feature/Http/Controllers/Resource/Playground/RestoreTrait.php" line="64" class="Tests\Feature\Playground\Lead\Resource\Http\Controllers\Playground\ReportRouteTest" classname="Tests.Feature.Playground.Lead.Resource.Http.Controllers.Playground.ReportRouteTest" assertions="4" time="0.387248"/>
        <testcase name="test_restore_as_admin_and_succeed_with_redirect_to_index_with_only_trash" file="/app/vendor/gammamatrix/playground-test/src/Feature/Http/Controllers/Resource/Playground/RestoreTrait.php" line="100" class="Tests\Feature\Playground\Lead\Resource\Http\Controllers\Playground\ReportRouteTest" classname="Tests.Feature.Playground.Lead.Resource.Http.Controllers.Playground.ReportRouteTest" assertions="4" time="0.456106"/>
        <testcase name="test_restore_as_user_and_get_denied" file="/app/vendor/gammamatrix/playground-test/src/Feature/Http/Controllers/Resource/Playground/RestoreTrait.php" line="146" class="Tests\Feature\Playground\Lead\Resource\Http\Controllers\Playground\ReportRouteTest" classname="Tests.Feature.Playground.Lead.Resource.Http.Controllers.Playground.ReportRouteTest" assertions="3" time="0.386060"/>
        <testcase name="test_json_guest_cannot_see_info" file="/app/vendor/gammamatrix/playground-test/src/Feature/Http/Controllers/Resource/Playground/ShowJsonTrait.php" line="29" class="Tests\Feature\Playground\Lead\Resource\Http\Controllers\Playground\ReportRouteTest" classname="Tests.Feature.Playground.Lead.Resource.Http.Controllers.Playground.ReportRouteTest" assertions="1" time="0.380922"/>
        <testcase name="test_json_show_info_for_admin" file="/app/vendor/gammamatrix/playground-test/src/Feature/Http/Controllers/Resource/Playground/ShowJsonTrait.php" line="49" class="Tests\Feature\Playground\Lead\Resource\Http\Controllers\Playground\ReportRouteTest" classname="Tests.Feature.Playground.Lead.Resource.Http.Controllers.Playground.ReportRouteTest" assertions="124" time="0.434442"/>
        <testcase name="test_guest_cannot_render_show_view" file="/app/vendor/gammamatrix/playground-test/src/Feature/Http/Controllers/Resource/Playground/ShowTrait.php" line="29" class="Tests\Feature\Playground\Lead\Resource\Http\Controllers\Playground\ReportRouteTest" classname="Tests.Feature.Playground.Lead.Resource.Http.Controllers.Playground.ReportRouteTest" assertions="1" time="0.375942"/>
        <testcase name="test_show_view_rendered_by_admin" file="/app/vendor/gammamatrix/playground-test/src/Feature/Http/Controllers/Resource/Playground/ShowTrait.php" line="49" class="Tests\Feature\Playground\Lead\Resource\Http\Controllers\Playground\ReportRouteTest" classname="Tests.Feature.Playground.Lead.Resource.Http.Controllers.Playground.ReportRouteTest" assertions="2" time="0.407867"/>
        <testcase name="test_json_guest_cannot_store" file="/app/vendor/gammamatrix/playground-test/src/Feature/Http/Controllers/Resource/Playground/StoreJsonTrait.php" line="43" class="Tests\Feature\Playground\Lead\Resource\Http\Controllers\Playground\ReportRouteTest" classname="Tests.Feature.Playground.Lead.Resource.Http.Controllers.Playground.ReportRouteTest" assertions="3" time="0.440160"/>
        <testcase name="test_json_store_as_admin_without_payload_and_fail_validation" file="/app/vendor/gammamatrix/playground-test/src/Feature/Http/Controllers/Resource/Playground/StoreJsonTrait.php" line="66" class="Tests\Feature\Playground\Lead\Resource\Http\Controllers\Playground\ReportRouteTest" classname="Tests.Feature.Playground.Lead.Resource.Http.Controllers.Playground.ReportRouteTest" assertions="5" time="0.385472"/>
        <testcase name="test_json_store_as_admin_and_succeed" file="/app/vendor/gammamatrix/playground-test/src/Feature/Http/Controllers/Resource/Playground/StoreJsonTrait.php" line="92" class="Tests\Feature\Playground\Lead\Resource\Http\Controllers\Playground\ReportRouteTest" classname="Tests.Feature.Playground.Lead.Resource.Http.Controllers.Playground.ReportRouteTest" assertions="3" time="0.465122"/>
        <testcase name="test_guest_cannot_store" file="/app/vendor/gammamatrix/playground-test/src/Feature/Http/Controllers/Resource/Playground/StoreTrait.php" line="38" class="Tests\Feature\Playground\Lead\Resource\Http\Controllers\Playground\ReportRouteTest" classname="Tests.Feature.Playground.Lead.Resource.Http.Controllers.Playground.ReportRouteTest" assertions="3" time="0.382349"/>
        <testcase name="test_store_as_admin_without_payload_and_fail_validation" file="/app/vendor/gammamatrix/playground-test/src/Feature/Http/Controllers/Resource/Playground/StoreTrait.php" line="61" class="Tests\Feature\Playground\Lead\Resource\Http\Controllers\Playground\ReportRouteTest" classname="Tests.Feature.Playground.Lead.Resource.Http.Controllers.Playground.ReportRouteTest" assertions="5" time="0.399219"/>
        <testcase name="test_store_as_admin_and_succeed" file="/app/vendor/gammamatrix/playground-test/src/Feature/Http/Controllers/Resource/Playground/StoreTrait.php" line="90" class="Tests\Feature\Playground\Lead\Resource\Http\Controllers\Playground\ReportRouteTest" classname="Tests.Feature.Playground.Lead.Resource.Http.Controllers.Playground.ReportRouteTest" assertions="4" time="0.476267"/>
        <testcase name="test_store_as_admin_and_succeed_with_return_url" file="/app/vendor/gammamatrix/playground-test/src/Feature/Http/Controllers/Resource/Playground/StoreTrait.php" line="135" class="Tests\Feature\Playground\Lead\Resource\Http\Controllers\Playground\ReportRouteTest" classname="Tests.Feature.Playground.Lead.Resource.Http.Controllers.Playground.ReportRouteTest" assertions="4" time="0.421308"/>
        <testcase name="test_json_guest_cannot_unlock" file="/app/vendor/gammamatrix/playground-test/src/Feature/Http/Controllers/Resource/Playground/UnlockJsonTrait.php" line="36" class="Tests\Feature\Playground\Lead\Resource\Http\Controllers\Playground\ReportRouteTest" classname="Tests.Feature.Playground.Lead.Resource.Http.Controllers.Playground.ReportRouteTest" assertions="3" time="0.439155"/>
        <testcase name="test_json_unlock_as_admin_and_succeed" file="/app/vendor/gammamatrix/playground-test/src/Feature/Http/Controllers/Resource/Playground/UnlockJsonTrait.php" line="68" class="Tests\Feature\Playground\Lead\Resource\Http\Controllers\Playground\ReportRouteTest" classname="Tests.Feature.Playground.Lead.Resource.Http.Controllers.Playground.ReportRouteTest" assertions="125" time="0.398273"/>
        <testcase name="test_json_unlock_as_admin_and_succeed_with_no_redirect" file="/app/vendor/gammamatrix/playground-test/src/Feature/Http/Controllers/Resource/Playground/UnlockJsonTrait.php" line="104" class="Tests\Feature\Playground\Lead\Resource\Http\Controllers\Playground\ReportRouteTest" classname="Tests.Feature.Playground.Lead.Resource.Http.Controllers.Playground.ReportRouteTest" assertions="125" time="0.394566"/>
        <testcase name="test_json_unlock_as_user_and_get_denied" file="/app/vendor/gammamatrix/playground-test/src/Feature/Http/Controllers/Resource/Playground/UnlockJsonTrait.php" line="145" class="Tests\Feature\Playground\Lead\Resource\Http\Controllers\Playground\ReportRouteTest" classname="Tests.Feature.Playground.Lead.Resource.Http.Controllers.Playground.ReportRouteTest" assertions="3" time="0.432821"/>
        <testcase name="test_guest_cannot_unlock" file="/app/vendor/gammamatrix/playground-test/src/Feature/Http/Controllers/Resource/Playground/UnlockTrait.php" line="36" class="Tests\Feature\Playground\Lead\Resource\Http\Controllers\Playground\ReportRouteTest" classname="Tests.Feature.Playground.Lead.Resource.Http.Controllers.Playground.ReportRouteTest" assertions="3" time="0.380909"/>
        <testcase name="test_unlock_as_admin_and_succeed" file="/app/vendor/gammamatrix/playground-test/src/Feature/Http/Controllers/Resource/Playground/UnlockTrait.php" line="68" class="Tests\Feature\Playground\Lead\Resource\Http\Controllers\Playground\ReportRouteTest" classname="Tests.Feature.Playground.Lead.Resource.Http.Controllers.Playground.ReportRouteTest" assertions="4" time="0.459733"/>
        <testcase name="test_unlock_as_admin_and_succeed_with_redirect_to_index_with_sorted_by_unlocked_desc" file="/app/vendor/gammamatrix/playground-test/src/Feature/Http/Controllers/Resource/Playground/UnlockTrait.php" line="109" class="Tests\Feature\Playground\Lead\Resource\Http\Controllers\Playground\ReportRouteTest" classname="Tests.Feature.Playground.Lead.Resource.Http.Controllers.Playground.ReportRouteTest" assertions="4" time="0.390774"/>
        <testcase name="test_unlock_as_user_and_get_denied" file="/app/vendor/gammamatrix/playground-test/src/Feature/Http/Controllers/Resource/Playground/UnlockTrait.php" line="148" class="Tests\Feature\Playground\Lead\Resource\Http\Controllers\Playground\ReportRouteTest" classname="Tests.Feature.Playground.Lead.Resource.Http.Controllers.Playground.ReportRouteTest" assertions="3" time="0.390930"/>
        <testcase name="test_json_guest_cannot_update" file="/app/vendor/gammamatrix/playground-test/src/Feature/Http/Controllers/Resource/Playground/UpdateJsonTrait.php" line="45" class="Tests\Feature\Playground\Lead\Resource\Http\Controllers\Playground\ReportRouteTest" classname="Tests.Feature.Playground.Lead.Resource.Http.Controllers.Playground.ReportRouteTest" assertions="1" time="0.430535"/>
        <testcase name="test_json_update_as_admin_without_payload_and_fail_validation" file="/app/vendor/gammamatrix/playground-test/src/Feature/Http/Controllers/Resource/Playground/UpdateJsonTrait.php" line="65" class="Tests\Feature\Playground\Lead\Resource\Http\Controllers\Playground\ReportRouteTest" classname="Tests.Feature.Playground.Lead.Resource.Http.Controllers.Playground.ReportRouteTest" assertions="4" time="0.393122"/>
        <testcase name="test_json_admin_can_update" file="/app/vendor/gammamatrix/playground-test/src/Feature/Http/Controllers/Resource/Playground/UpdateJsonTrait.php" line="90" class="Tests\Feature\Playground\Lead\Resource\Http\Controllers\Playground\ReportRouteTest" classname="Tests.Feature.Playground.Lead.Resource.Http.Controllers.Playground.ReportRouteTest" assertions="127" time="0.500963"/>
        <testcase name="test_guest_cannot_update" file="/app/vendor/gammamatrix/playground-test/src/Feature/Http/Controllers/Resource/Playground/UpdateTrait.php" line="45" class="Tests\Feature\Playground\Lead\Resource\Http\Controllers\Playground\ReportRouteTest" classname="Tests.Feature.Playground.Lead.Resource.Http.Controllers.Playground.ReportRouteTest" assertions="1" time="0.395870"/>
        <testcase name="test_update_as_admin_without_payload_and_fail_validation" file="/app/vendor/gammamatrix/playground-test/src/Feature/Http/Controllers/Resource/Playground/UpdateTrait.php" line="65" class="Tests\Feature\Playground\Lead\Resource\Http\Controllers\Playground\ReportRouteTest" classname="Tests.Feature.Playground.Lead.Resource.Http.Controllers.Playground.ReportRouteTest" assertions="4" time="0.397248"/>
        <testcase name="test_admin_can_update" file="/app/vendor/gammamatrix/playground-test/src/Feature/Http/Controllers/Resource/Playground/UpdateTrait.php" line="90" class="Tests\Feature\Playground\Lead\Resource\Http\Controllers\Playground\ReportRouteTest" classname="Tests.Feature.Playground.Lead.Resource.Http.Controllers.Playground.ReportRouteTest" assertions="6" time="0.499863"/>
        <testcase name="test_admin_can_update_view_with_return_url" file="/app/vendor/gammamatrix/playground-test/src/Feature/Http/Controllers/Resource/Playground/UpdateTrait.php" line="133" class="Tests\Feature\Playground\Lead\Resource\Http\Controllers\Playground\ReportRouteTest" classname="Tests.Feature.Playground.Lead.Resource.Http.Controllers.Playground.ReportRouteTest" assertions="6" time="0.439104"/>
      </testsuite>
      <testsuite name="Tests\Feature\Playground\Lead\Resource\Http\Controllers\Playground\SourceRouteTest" file="/app/tests/Feature/Http/Controllers/Playground/SourceRouteTest.php" tests="73" assertions="1335" errors="0" failures="0" skipped="0" time="29.780253">
        <testcase name="test_json_guest_cannot_get_create_info" file="/app/vendor/gammamatrix/playground-test/src/Feature/Http/Controllers/Resource/Playground/CreateJsonTrait.php" line="38" class="Tests\Feature\Playground\Lead\Resource\Http\Controllers\Playground\SourceRouteTest" classname="Tests.Feature.Playground.Lead.Resource.Http.Controllers.Playground.SourceRouteTest" assertions="1" time="0.465375"/>
        <testcase name="test_json_admin_can_get_create_info" file="/app/vendor/gammamatrix/playground-test/src/Feature/Http/Controllers/Resource/Playground/CreateJsonTrait.php" line="53" class="Tests\Feature\Playground\Lead\Resource\Http\Controllers\Playground\SourceRouteTest" classname="Tests.Feature.Playground.Lead.Resource.Http.Controllers.Playground.SourceRouteTest" assertions="123" time="0.379442"/>
        <testcase name="test_json_get_create_info_as_admin_with_invalid_parameter_and_fail_validation" file="/app/vendor/gammamatrix/playground-test/src/Feature/Http/Controllers/Resource/Playground/CreateJsonTrait.php" line="73" class="Tests\Feature\Playground\Lead\Resource\Http\Controllers\Playground\SourceRouteTest" classname="Tests.Feature.Playground.Lead.Resource.Http.Controllers.Playground.SourceRouteTest" assertions="4" time="0.374239"/>
        <testcase name="test_guest_cannot_render_create_view" file="/app/vendor/gammamatrix/playground-test/src/Feature/Http/Controllers/Resource/Playground/CreateTrait.php" line="33" class="Tests\Feature\Playground\Lead\Resource\Http\Controllers\Playground\SourceRouteTest" classname="Tests.Feature.Playground.Lead.Resource.Http.Controllers.Playground.SourceRouteTest" assertions="1" time="0.421178"/>
        <testcase name="test_admin_can_render_create_view" file="/app/vendor/gammamatrix/playground-test/src/Feature/Http/Controllers/Resource/Playground/CreateTrait.php" line="47" class="Tests\Feature\Playground\Lead\Resource\Http\Controllers\Playground\SourceRouteTest" classname="Tests.Feature.Playground.Lead.Resource.Http.Controllers.Playground.SourceRouteTest" assertions="2" time="0.424164"/>
        <testcase name="test_admin_can_render_create_view_with_return_url" file="/app/vendor/gammamatrix/playground-test/src/Feature/Http/Controllers/Resource/Playground/CreateTrait.php" line="65" class="Tests\Feature\Playground\Lead\Resource\Http\Controllers\Playground\SourceRouteTest" classname="Tests.Feature.Playground.Lead.Resource.Http.Controllers.Playground.SourceRouteTest" assertions="3" time="0.440706"/>
        <testcase name="test_create_view_as_admin_with_invalid_parameter_and_fail_validation_and_redirect" file="/app/vendor/gammamatrix/playground-test/src/Feature/Http/Controllers/Resource/Playground/CreateTrait.php" line="92" class="Tests\Feature\Playground\Lead\Resource\Http\Controllers\Playground\SourceRouteTest" classname="Tests.Feature.Playground.Lead.Resource.Http.Controllers.Playground.SourceRouteTest" assertions="5" time="0.380138"/>
        <testcase name="test_json_guest_cannot_destroy" file="/app/vendor/gammamatrix/playground-test/src/Feature/Http/Controllers/Resource/Playground/DestroyJsonTrait.php" line="31" class="Tests\Feature\Playground\Lead\Resource\Http\Controllers\Playground\SourceRouteTest" classname="Tests.Feature.Playground.Lead.Resource.Http.Controllers.Playground.SourceRouteTest" assertions="3" time="0.362822"/>
        <testcase name="test_json_destroy_as_admin_and_succeed" file="/app/vendor/gammamatrix/playground-test/src/Feature/Http/Controllers/Resource/Playground/DestroyJsonTrait.php" line="61" class="Tests\Feature\Playground\Lead\Resource\Http\Controllers\Playground\SourceRouteTest" classname="Tests.Feature.Playground.Lead.Resource.Http.Controllers.Playground.SourceRouteTest" assertions="5" time="0.418742"/>
        <testcase name="test_json_destroy_as_admin_and_succeed_with_force_delete" file="/app/vendor/gammamatrix/playground-test/src/Feature/Http/Controllers/Resource/Playground/DestroyJsonTrait.php" line="100" class="Tests\Feature\Playground\Lead\Resource\Http\Controllers\Playground\SourceRouteTest" classname="Tests.Feature.Playground.Lead.Resource.Http.Controllers.Playground.SourceRouteTest" assertions="4" time="0.370981"/>
        <testcase name="test_json_destroy_as_admin_and_succeed_with_no_content" file="/app/vendor/gammamatrix/playground-test/src/Feature/Http/Controllers/Resource/Playground/DestroyJsonTrait.php" line="132" class="Tests\Feature\Playground\Lead\Resource\Http\Controllers\Playground\SourceRouteTest" classname="Tests.Feature.Playground.Lead.Resource.Http.Controllers.Playground.SourceRouteTest" assertions="5" time="0.387751"/>
        <testcase name="test_json_destroy_as_admin_and_succeed_and_ignore_redirect" file="/app/vendor/gammamatrix/playground-test/src/Feature/Http/Controllers/Resource/Playground/DestroyJsonTrait.php" line="167" class="Tests\Feature\Playground\Lead\Resource\Http\Controllers\Playground\SourceRouteTest" classname="Tests.Feature.Playground.Lead.Resource.Http.Controllers.Playground.SourceRouteTest" assertions="5" time="0.428592"/>
        <testcase name="test_json_destroy_as_user_and_get_denied_and_no_force_delete_allowed" file="/app/vendor/gammamatrix/playground-test/src/Feature/Http/Controllers/Resource/Playground/DestroyJsonTrait.php" line="209" class="Tests\Feature\Playground\Lead\Resource\Http\Controllers\Playground\SourceRouteTest" classname="Tests.Feature.Playground.Lead.Resource.Http.Controllers.Playground.SourceRouteTest" assertions="3" time="0.371202"/>
        <testcase name="test_guest_cannot_destroy" file="/app/vendor/gammamatrix/playground-test/src/Feature/Http/Controllers/Resource/Playground/DestroyTrait.php" line="31" class="Tests\Feature\Playground\Lead\Resource\Http\Controllers\Playground\SourceRouteTest" classname="Tests.Feature.Playground.Lead.Resource.Http.Controllers.Playground.SourceRouteTest" assertions="3" time="0.432270"/>
        <testcase name="test_destroy_as_admin_and_succeed" file="/app/vendor/gammamatrix/playground-test/src/Feature/Http/Controllers/Resource/Playground/DestroyTrait.php" line="61" class="Tests\Feature\Playground\Lead\Resource\Http\Controllers\Playground\SourceRouteTest" classname="Tests.Feature.Playground.Lead.Resource.Http.Controllers.Playground.SourceRouteTest" assertions="5" time="0.379273"/>
        <testcase name="test_destroy_as_admin_and_succeed_with_force_delete" file="/app/vendor/gammamatrix/playground-test/src/Feature/Http/Controllers/Resource/Playground/DestroyTrait.php" line="97" class="Tests\Feature\Playground\Lead\Resource\Http\Controllers\Playground\SourceRouteTest" classname="Tests.Feature.Playground.Lead.Resource.Http.Controllers.Playground.SourceRouteTest" assertions="4" time="0.374249"/>
        <testcase name="test_destroy_as_admin_and_succeed_with_redirect_to_index_with_trash" file="/app/vendor/gammamatrix/playground-test/src/Feature/Http/Controllers/Resource/Playground/DestroyTrait.php" line="129" class="Tests\Feature\Playground\Lead\Resource\Http\Controllers\Playground\SourceRouteTest" classname="Tests.Feature.Playground.Lead.Resource.Http.Controllers.Playground.SourceRouteTest" assertions="5" time="0.444712"/>
        <testcase name="test_destroy_as_user_and_get_denied_and_no_force_delete_allowed" file="/app/vendor/gammamatrix/playground-test/src/Feature/Http/Controllers/Resource/Playground/DestroyTrait.php" line="171" class="Tests\Feature\Playground\Lead\Resource\Http\Controllers\Playground\SourceRouteTest" classname="Tests.Feature.Playground.Lead.Resource.Http.Controllers.Playground.SourceRouteTest" assertions="3" time="0.381958"/>
        <testcase name="test_json_guest_cannot_get_edit_info" file="/app/vendor/gammamatrix/playground-test/src/Feature/Http/Controllers/Resource/Playground/EditJsonTrait.php" line="38" class="Tests\Feature\Playground\Lead\Resource\Http\Controllers\Playground\SourceRouteTest" classname="Tests.Feature.Playground.Lead.Resource.Http.Controllers.Playground.SourceRouteTest" assertions="1" time="0.364782"/>
        <testcase name="test_json_admin_can_get_edit_info" file="/app/vendor/gammamatrix/playground-test/src/Feature/Http/Controllers/Resource/Playground/EditJsonTrait.php" line="58" class="Tests\Feature\Playground\Lead\Resource\Http\Controllers\Playground\SourceRouteTest" classname="Tests.Feature.Playground.Lead.Resource.Http.Controllers.Playground.SourceRouteTest" assertions="4" time="0.441000"/>
        <testcase name="test_json_edit_as_admin_and_fail_validation_with_invalid_parameter" file="/app/vendor/gammamatrix/playground-test/src/Feature/Http/Controllers/Resource/Playground/EditJsonTrait.php" line="87" class="Tests\Feature\Playground\Lead\Resource\Http\Controllers\Playground\SourceRouteTest" classname="Tests.Feature.Playground.Lead.Resource.Http.Controllers.Playground.SourceRouteTest" assertions="4" time="0.382341"/>
        <testcase name="test_guest_cannot_render_edit_view" file="/app/vendor/gammamatrix/playground-test/src/Feature/Http/Controllers/Resource/Playground/EditTrait.php" line="33" class="Tests\Feature\Playground\Lead\Resource\Http\Controllers\Playground\SourceRouteTest" classname="Tests.Feature.Playground.Lead.Resource.Http.Controllers.Playground.SourceRouteTest" assertions="1" time="0.425488"/>
        <testcase name="test_admin_can_render_edit_view" file="/app/vendor/gammamatrix/playground-test/src/Feature/Http/Controllers/Resource/Playground/EditTrait.php" line="53" class="Tests\Feature\Playground\Lead\Resource\Http\Controllers\Playground\SourceRouteTest" classname="Tests.Feature.Playground.Lead.Resource.Http.Controllers.Playground.SourceRouteTest" assertions="2" time="0.417039"/>
        <testcase name="test_admin_can_render_edit_view_with_return_url" file="/app/vendor/gammamatrix/playground-test/src/Feature/Http/Controllers/Resource/Playground/EditTrait.php" line="77" class="Tests\Feature\Playground\Lead\Resource\Http\Controllers\Playground\SourceRouteTest" classname="Tests.Feature.Playground.Lead.Resource.Http.Controllers.Playground.SourceRouteTest" assertions="3" time="0.405902"/>
        <testcase name="test_edit_view_as_admin_with_invalid_parameter_and_fail_validation_and_redirect" file="/app/vendor/gammamatrix/playground-test/src/Feature/Http/Controllers/Resource/Playground/EditTrait.php" line="109" class="Tests\Feature\Playground\Lead\Resource\Http\Controllers\Playground\SourceRouteTest" classname="Tests.Feature.Playground.Lead.Resource.Http.Controllers.Playground.SourceRouteTest" assertions="4" time="0.429340"/>
        <testcase name="test_json_guest_cannot_get_index" file="/app/vendor/gammamatrix/playground-test/src/Feature/Http/Controllers/Resource/Playground/IndexJsonTrait.php" line="34" class="Tests\Feature\Playground\Lead\Resource\Http\Controllers\Playground\SourceRouteTest" classname="Tests.Feature.Playground.Lead.Resource.Http.Controllers.Playground.SourceRouteTest" assertions="1" time="0.371034"/>
        <testcase name="test_json_admin_can_get_index" file="/app/vendor/gammamatrix/playground-test/src/Feature/Http/Controllers/Resource/Playground/IndexJsonTrait.php" line="49" class="Tests\Feature\Playground\Lead\Resource\Http\Controllers\Playground\SourceRouteTest" classname="Tests.Feature.Playground.Lead.Resource.Http.Controllers.Playground.SourceRouteTest" assertions="130" time="0.396754"/>
        <testcase name="test_json_admin_can_get_index_with_filters" file="/app/vendor/gammamatrix/playground-test/src/Feature/Http/Controllers/Resource/Playground/IndexJsonTrait.php" line="85" class="Tests\Feature\Playground\Lead\Resource\Http\Controllers\Playground\SourceRouteTest" classname="Tests.Feature.Playground.Lead.Resource.Http.Controllers.Playground.SourceRouteTest" assertions="3" time="0.442051"/>
        <testcase name="test_guest_cannot_render_index_view" file="/app/vendor/gammamatrix/playground-test/src/Feature/Http/Controllers/Resource/Playground/IndexTrait.php" line="29" class="Tests\Feature\Playground\Lead\Resource\Http\Controllers\Playground\SourceRouteTest" classname="Tests.Feature.Playground.Lead.Resource.Http.Controllers.Playground.SourceRouteTest" assertions="1" time="0.364859"/>
        <testcase name="test_admin_can_render_index_view" file="/app/vendor/gammamatrix/playground-test/src/Feature/Http/Controllers/Resource/Playground/IndexTrait.php" line="44" class="Tests\Feature\Playground\Lead\Resource\Http\Controllers\Playground\SourceRouteTest" classname="Tests.Feature.Playground.Lead.Resource.Http.Controllers.Playground.SourceRouteTest" assertions="2" time="0.491907"/>
        <testcase name="test_admin_can_render_index_view_with_filters" file="/app/vendor/gammamatrix/playground-test/src/Feature/Http/Controllers/Resource/Playground/IndexTrait.php" line="77" class="Tests\Feature\Playground\Lead\Resource\Http\Controllers\Playground\SourceRouteTest" classname="Tests.Feature.Playground.Lead.Resource.Http.Controllers.Playground.SourceRouteTest" assertions="3" time="0.412286"/>
        <testcase name="test_json_guest_cannot_lock" file="/app/vendor/gammamatrix/playground-test/src/Feature/Http/Controllers/Resource/Playground/LockJsonTrait.php" line="36" class="Tests\Feature\Playground\Lead\Resource\Http\Controllers\Playground\SourceRouteTest" classname="Tests.Feature.Playground.Lead.Resource.Http.Controllers.Playground.SourceRouteTest" assertions="3" time="0.366607"/>
        <testcase name="test_json_lock_as_admin_and_succeed" file="/app/vendor/gammamatrix/playground-test/src/Feature/Http/Controllers/Resource/Playground/LockJsonTrait.php" line="66" class="Tests\Feature\Playground\Lead\Resource\Http\Controllers\Playground\SourceRouteTest" classname="Tests.Feature.Playground.Lead.Resource.Http.Controllers.Playground.SourceRouteTest" assertions="3" time="0.452280"/>
        <testcase name="test_json_lock_as_admin_and_succeed_with_no_redirect" file="/app/vendor/gammamatrix/playground-test/src/Feature/Http/Controllers/Resource/Playground/LockJsonTrait.php" line="98" class="Tests\Feature\Playground\Lead\Resource\Http\Controllers\Playground\SourceRouteTest" classname="Tests.Feature.Playground.Lead.Resource.Http.Controllers.Playground.SourceRouteTest" assertions="125" time="0.392785"/>
        <testcase name="test_json_lock_as_user_and_get_denied" file="/app/vendor/gammamatrix/playground-test/src/Feature/Http/Controllers/Resource/Playground/LockJsonTrait.php" line="143" class="Tests\Feature\Playground\Lead\Resource\Http\Controllers\Playground\SourceRouteTest" classname="Tests.Feature.Playground.Lead.Resource.Http.Controllers.Playground.SourceRouteTest" assertions="3" time="0.423208"/>
        <testcase name="test_guest_cannot_lock" file="/app/vendor/gammamatrix/playground-test/src/Feature/Http/Controllers/Resource/Playground/LockTrait.php" line="31" class="Tests\Feature\Playground\Lead\Resource\Http\Controllers\Playground\SourceRouteTest" classname="Tests.Feature.Playground.Lead.Resource.Http.Controllers.Playground.SourceRouteTest" assertions="3" time="0.364815"/>
        <testcase name="test_lock_as_admin_and_succeed" file="/app/vendor/gammamatrix/playground-test/src/Feature/Http/Controllers/Resource/Playground/LockTrait.php" line="61" class="Tests\Feature\Playground\Lead\Resource\Http\Controllers\Playground\SourceRouteTest" classname="Tests.Feature.Playground.Lead.Resource.Http.Controllers.Playground.SourceRouteTest" assertions="4" time="0.384090"/>
        <testcase name="test_lock_as_admin_and_succeed_with_redirect_to_index_with_sorted_by_locked_desc" file="/app/vendor/gammamatrix/playground-test/src/Feature/Http/Controllers/Resource/Playground/LockTrait.php" line="95" class="Tests\Feature\Playground\Lead\Resource\Http\Controllers\Playground\SourceRouteTest" classname="Tests.Feature.Playground.Lead.Resource.Http.Controllers.Playground.SourceRouteTest" assertions="4" time="0.441483"/>
        <testcase name="test_lock_as_user_and_get_denied" file="/app/vendor/gammamatrix/playground-test/src/Feature/Http/Controllers/Resource/Playground/LockTrait.php" line="132" class="Tests\Feature\Playground\Lead\Resource\Http\Controllers\Playground\SourceRouteTest" classname="Tests.Feature.Playground.Lead.Resource.Http.Controllers.Playground.SourceRouteTest" assertions="3" time="0.372943"/>
        <testcase name="test_json_guest_cannot_restore" file="/app/vendor/gammamatrix/playground-test/src/Feature/Http/Controllers/Resource/Playground/RestoreJsonTrait.php" line="32" class="Tests\Feature\Playground\Lead\Resource\Http\Controllers\Playground\SourceRouteTest" classname="Tests.Feature.Playground.Lead.Resource.Http.Controllers.Playground.SourceRouteTest" assertions="3" time="0.375503"/>
        <testcase name="test_json_restore_as_admin_and_succeed" file="/app/vendor/gammamatrix/playground-test/src/Feature/Http/Controllers/Resource/Playground/RestoreJsonTrait.php" line="64" class="Tests\Feature\Playground\Lead\Resource\Http\Controllers\Playground\SourceRouteTest" classname="Tests.Feature.Playground.Lead.Resource.Http.Controllers.Playground.SourceRouteTest" assertions="125" time="0.450992"/>
        <testcase name="test_json_restore_as_admin_and_succeed_with_no_redirect" file="/app/vendor/gammamatrix/playground-test/src/Feature/Http/Controllers/Resource/Playground/RestoreJsonTrait.php" line="100" class="Tests\Feature\Playground\Lead\Resource\Http\Controllers\Playground\SourceRouteTest" classname="Tests.Feature.Playground.Lead.Resource.Http.Controllers.Playground.SourceRouteTest" assertions="125" time="0.390596"/>
        <testcase name="test_json_restore_as_user_and_get_denied" file="/app/vendor/gammamatrix/playground-test/src/Feature/Http/Controllers/Resource/Playground/RestoreJsonTrait.php" line="143" class="Tests\Feature\Playground\Lead\Resource\Http\Controllers\Playground\SourceRouteTest" classname="Tests.Feature.Playground.Lead.Resource.Http.Controllers.Playground.SourceRouteTest" assertions="3" time="0.437539"/>
        <testcase name="test_guest_cannot_restore" file="/app/vendor/gammamatrix/playground-test/src/Feature/Http/Controllers/Resource/Playground/RestoreTrait.php" line="32" class="Tests\Feature\Playground\Lead\Resource\Http\Controllers\Playground\SourceRouteTest" classname="Tests.Feature.Playground.Lead.Resource.Http.Controllers.Playground.SourceRouteTest" assertions="3" time="0.370522"/>
        <testcase name="test_restore_as_admin_and_succeed" file="/app/vendor/gammamatrix/playground-test/src/Feature/Http/Controllers/Resource/Playground/RestoreTrait.php" line="64" class="Tests\Feature\Playground\Lead\Resource\Http\Controllers\Playground\SourceRouteTest" classname="Tests.Feature.Playground.Lead.Resource.Http.Controllers.Playground.SourceRouteTest" assertions="4" time="0.388117"/>
        <testcase name="test_restore_as_admin_and_succeed_with_redirect_to_index_with_only_trash" file="/app/vendor/gammamatrix/playground-test/src/Feature/Http/Controllers/Resource/Playground/RestoreTrait.php" line="100" class="Tests\Feature\Playground\Lead\Resource\Http\Controllers\Playground\SourceRouteTest" classname="Tests.Feature.Playground.Lead.Resource.Http.Controllers.Playground.SourceRouteTest" assertions="4" time="0.446312"/>
        <testcase name="test_restore_as_user_and_get_denied" file="/app/vendor/gammamatrix/playground-test/src/Feature/Http/Controllers/Resource/Playground/RestoreTrait.php" line="146" class="Tests\Feature\Playground\Lead\Resource\Http\Controllers\Playground\SourceRouteTest" classname="Tests.Feature.Playground.Lead.Resource.Http.Controllers.Playground.SourceRouteTest" assertions="3" time="0.377276"/>
        <testcase name="test_json_guest_cannot_see_info" file="/app/vendor/gammamatrix/playground-test/src/Feature/Http/Controllers/Resource/Playground/ShowJsonTrait.php" line="29" class="Tests\Feature\Playground\Lead\Resource\Http\Controllers\Playground\SourceRouteTest" classname="Tests.Feature.Playground.Lead.Resource.Http.Controllers.Playground.SourceRouteTest" assertions="1" time="0.371362"/>
        <testcase name="test_json_show_info_for_admin" file="/app/vendor/gammamatrix/playground-test/src/Feature/Http/Controllers/Resource/Playground/ShowJsonTrait.php" line="49" class="Tests\Feature\Playground\Lead\Resource\Http\Controllers\Playground\SourceRouteTest" classname="Tests.Feature.Playground.Lead.Resource.Http.Controllers.Playground.SourceRouteTest" assertions="124" time="0.431006"/>
        <testcase name="test_guest_cannot_render_show_view" file="/app/vendor/gammamatrix/playground-test/src/Feature/Http/Controllers/Resource/Playground/ShowTrait.php" line="29" class="Tests\Feature\Playground\Lead\Resource\Http\Controllers\Playground\SourceRouteTest" classname="Tests.Feature.Playground.Lead.Resource.Http.Controllers.Playground.SourceRouteTest" assertions="1" time="0.370864"/>
        <testcase name="test_show_view_rendered_by_admin" file="/app/vendor/gammamatrix/playground-test/src/Feature/Http/Controllers/Resource/Playground/ShowTrait.php" line="49" class="Tests\Feature\Playground\Lead\Resource\Http\Controllers\Playground\SourceRouteTest" classname="Tests.Feature.Playground.Lead.Resource.Http.Controllers.Playground.SourceRouteTest" assertions="2" time="0.458311"/>
        <testcase name="test_json_guest_cannot_store" file="/app/vendor/gammamatrix/playground-test/src/Feature/Http/Controllers/Resource/Playground/StoreJsonTrait.php" line="43" class="Tests\Feature\Playground\Lead\Resource\Http\Controllers\Playground\SourceRouteTest" classname="Tests.Feature.Playground.Lead.Resource.Http.Controllers.Playground.SourceRouteTest" assertions="3" time="0.366894"/>
        <testcase name="test_json_store_as_admin_without_payload_and_fail_validation" file="/app/vendor/gammamatrix/playground-test/src/Feature/Http/Controllers/Resource/Playground/StoreJsonTrait.php" line="66" class="Tests\Feature\Playground\Lead\Resource\Http\Controllers\Playground\SourceRouteTest" classname="Tests.Feature.Playground.Lead.Resource.Http.Controllers.Playground.SourceRouteTest" assertions="5" time="0.383895"/>
        <testcase name="test_json_store_as_admin_and_succeed" file="/app/vendor/gammamatrix/playground-test/src/Feature/Http/Controllers/Resource/Playground/StoreJsonTrait.php" line="92" class="Tests\Feature\Playground\Lead\Resource\Http\Controllers\Playground\SourceRouteTest" classname="Tests.Feature.Playground.Lead.Resource.Http.Controllers.Playground.SourceRouteTest" assertions="3" time="0.463920"/>
        <testcase name="test_guest_cannot_store" file="/app/vendor/gammamatrix/playground-test/src/Feature/Http/Controllers/Resource/Playground/StoreTrait.php" line="38" class="Tests\Feature\Playground\Lead\Resource\Http\Controllers\Playground\SourceRouteTest" classname="Tests.Feature.Playground.Lead.Resource.Http.Controllers.Playground.SourceRouteTest" assertions="3" time="0.367079"/>
        <testcase name="test_store_as_admin_without_payload_and_fail_validation" file="/app/vendor/gammamatrix/playground-test/src/Feature/Http/Controllers/Resource/Playground/StoreTrait.php" line="61" class="Tests\Feature\Playground\Lead\Resource\Http\Controllers\Playground\SourceRouteTest" classname="Tests.Feature.Playground.Lead.Resource.Http.Controllers.Playground.SourceRouteTest" assertions="5" time="0.445857"/>
        <testcase name="test_store_as_admin_and_succeed" file="/app/vendor/gammamatrix/playground-test/src/Feature/Http/Controllers/Resource/Playground/StoreTrait.php" line="90" class="Tests\Feature\Playground\Lead\Resource\Http\Controllers\Playground\SourceRouteTest" classname="Tests.Feature.Playground.Lead.Resource.Http.Controllers.Playground.SourceRouteTest" assertions="4" time="0.417850"/>
        <testcase name="test_store_as_admin_and_succeed_with_return_url" file="/app/vendor/gammamatrix/playground-test/src/Feature/Http/Controllers/Resource/Playground/StoreTrait.php" line="135" class="Tests\Feature\Playground\Lead\Resource\Http\Controllers\Playground\SourceRouteTest" classname="Tests.Feature.Playground.Lead.Resource.Http.Controllers.Playground.SourceRouteTest" assertions="4" time="0.419358"/>
        <testcase name="test_json_guest_cannot_unlock" file="/app/vendor/gammamatrix/playground-test/src/Feature/Http/Controllers/Resource/Playground/UnlockJsonTrait.php" line="36" class="Tests\Feature\Playground\Lead\Resource\Http\Controllers\Playground\SourceRouteTest" classname="Tests.Feature.Playground.Lead.Resource.Http.Controllers.Playground.SourceRouteTest" assertions="3" time="0.425682"/>
        <testcase name="test_json_unlock_as_admin_and_succeed" file="/app/vendor/gammamatrix/playground-test/src/Feature/Http/Controllers/Resource/Playground/UnlockJsonTrait.php" line="68" class="Tests\Feature\Playground\Lead\Resource\Http\Controllers\Playground\SourceRouteTest" classname="Tests.Feature.Playground.Lead.Resource.Http.Controllers.Playground.SourceRouteTest" assertions="125" time="0.396441"/>
        <testcase name="test_json_unlock_as_admin_and_succeed_with_no_redirect" file="/app/vendor/gammamatrix/playground-test/src/Feature/Http/Controllers/Resource/Playground/UnlockJsonTrait.php" line="104" class="Tests\Feature\Playground\Lead\Resource\Http\Controllers\Playground\SourceRouteTest" classname="Tests.Feature.Playground.Lead.Resource.Http.Controllers.Playground.SourceRouteTest" assertions="125" time="0.447913"/>
        <testcase name="test_json_unlock_as_user_and_get_denied" file="/app/vendor/gammamatrix/playground-test/src/Feature/Http/Controllers/Resource/Playground/UnlockJsonTrait.php" line="145" class="Tests\Feature\Playground\Lead\Resource\Http\Controllers\Playground\SourceRouteTest" classname="Tests.Feature.Playground.Lead.Resource.Http.Controllers.Playground.SourceRouteTest" assertions="3" time="0.377749"/>
        <testcase name="test_guest_cannot_unlock" file="/app/vendor/gammamatrix/playground-test/src/Feature/Http/Controllers/Resource/Playground/UnlockTrait.php" line="36" class="Tests\Feature\Playground\Lead\Resource\Http\Controllers\Playground\SourceRouteTest" classname="Tests.Feature.Playground.Lead.Resource.Http.Controllers.Playground.SourceRouteTest" assertions="3" time="0.369511"/>
        <testcase name="test_unlock_as_admin_and_succeed" file="/app/vendor/gammamatrix/playground-test/src/Feature/Http/Controllers/Resource/Playground/UnlockTrait.php" line="68" class="Tests\Feature\Playground\Lead\Resource\Http\Controllers\Playground\SourceRouteTest" classname="Tests.Feature.Playground.Lead.Resource.Http.Controllers.Playground.SourceRouteTest" assertions="4" time="0.469546"/>
        <testcase name="test_unlock_as_admin_and_succeed_with_redirect_to_index_with_sorted_by_unlocked_desc" file="/app/vendor/gammamatrix/playground-test/src/Feature/Http/Controllers/Resource/Playground/UnlockTrait.php" line="109" class="Tests\Feature\Playground\Lead\Resource\Http\Controllers\Playground\SourceRouteTest" classname="Tests.Feature.Playground.Lead.Resource.Http.Controllers.Playground.SourceRouteTest" assertions="4" time="0.384923"/>
        <testcase name="test_unlock_as_user_and_get_denied" file="/app/vendor/gammamatrix/playground-test/src/Feature/Http/Controllers/Resource/Playground/UnlockTrait.php" line="148" class="Tests\Feature\Playground\Lead\Resource\Http\Controllers\Playground\SourceRouteTest" classname="Tests.Feature.Playground.Lead.Resource.Http.Controllers.Playground.SourceRouteTest" assertions="3" time="0.379433"/>
        <testcase name="test_json_guest_cannot_update" file="/app/vendor/gammamatrix/playground-test/src/Feature/Http/Controllers/Resource/Playground/UpdateJsonTrait.php" line="45" class="Tests\Feature\Playground\Lead\Resource\Http\Controllers\Playground\SourceRouteTest" classname="Tests.Feature.Playground.Lead.Resource.Http.Controllers.Playground.SourceRouteTest" assertions="1" time="0.423964"/>
        <testcase name="test_json_update_as_admin_without_payload_and_fail_validation" file="/app/vendor/gammamatrix/playground-test/src/Feature/Http/Controllers/Resource/Playground/UpdateJsonTrait.php" line="65" class="Tests\Feature\Playground\Lead\Resource\Http\Controllers\Playground\SourceRouteTest" classname="Tests.Feature.Playground.Lead.Resource.Http.Controllers.Playground.SourceRouteTest" assertions="4" time="0.390294"/>
        <testcase name="test_json_admin_can_update" file="/app/vendor/gammamatrix/playground-test/src/Feature/Http/Controllers/Resource/Playground/UpdateJsonTrait.php" line="90" class="Tests\Feature\Playground\Lead\Resource\Http\Controllers\Playground\SourceRouteTest" classname="Tests.Feature.Playground.Lead.Resource.Http.Controllers.Playground.SourceRouteTest" assertions="127" time="0.495775"/>
        <testcase name="test_guest_cannot_update" file="/app/vendor/gammamatrix/playground-test/src/Feature/Http/Controllers/Resource/Playground/UpdateTrait.php" line="45" class="Tests\Feature\Playground\Lead\Resource\Http\Controllers\Playground\SourceRouteTest" classname="Tests.Feature.Playground.Lead.Resource.Http.Controllers.Playground.SourceRouteTest" assertions="1" time="0.377269"/>
        <testcase name="test_update_as_admin_without_payload_and_fail_validation" file="/app/vendor/gammamatrix/playground-test/src/Feature/Http/Controllers/Resource/Playground/UpdateTrait.php" line="65" class="Tests\Feature\Playground\Lead\Resource\Http\Controllers\Playground\SourceRouteTest" classname="Tests.Feature.Playground.Lead.Resource.Http.Controllers.Playground.SourceRouteTest" assertions="4" time="0.402049"/>
        <testcase name="test_admin_can_update" file="/app/vendor/gammamatrix/playground-test/src/Feature/Http/Controllers/Resource/Playground/UpdateTrait.php" line="90" class="Tests\Feature\Playground\Lead\Resource\Http\Controllers\Playground\SourceRouteTest" classname="Tests.Feature.Playground.Lead.Resource.Http.Controllers.Playground.SourceRouteTest" assertions="6" time="0.492264"/>
        <testcase name="test_admin_can_update_view_with_return_url" file="/app/vendor/gammamatrix/playground-test/src/Feature/Http/Controllers/Resource/Playground/UpdateTrait.php" line="133" class="Tests\Feature\Playground\Lead\Resource\Http\Controllers\Playground\SourceRouteTest" classname="Tests.Feature.Playground.Lead.Resource.Http.Controllers.Playground.SourceRouteTest" assertions="6" time="0.433402"/>
      </testsuite>
      <testsuite name="Tests\Feature\Playground\Lead\Resource\Http\Controllers\Playground\TaskRouteTest" file="/app/tests/Feature/Http/Controllers/Playground/TaskRouteTest.php" tests="73" assertions="1335" errors="0" failures="0" skipped="0" time="29.841915">
        <testcase name="test_json_guest_cannot_get_create_info" file="/app/vendor/gammamatrix/playground-test/src/Feature/Http/Controllers/Resource/Playground/CreateJsonTrait.php" line="38" class="Tests\Feature\Playground\Lead\Resource\Http\Controllers\Playground\TaskRouteTest" classname="Tests.Feature.Playground.Lead.Resource.Http.Controllers.Playground.TaskRouteTest" assertions="1" time="0.467259"/>
        <testcase name="test_json_admin_can_get_create_info" file="/app/vendor/gammamatrix/playground-test/src/Feature/Http/Controllers/Resource/Playground/CreateJsonTrait.php" line="53" class="Tests\Feature\Playground\Lead\Resource\Http\Controllers\Playground\TaskRouteTest" classname="Tests.Feature.Playground.Lead.Resource.Http.Controllers.Playground.TaskRouteTest" assertions="123" time="0.373604"/>
        <testcase name="test_json_get_create_info_as_admin_with_invalid_parameter_and_fail_validation" file="/app/vendor/gammamatrix/playground-test/src/Feature/Http/Controllers/Resource/Playground/CreateJsonTrait.php" line="73" class="Tests\Feature\Playground\Lead\Resource\Http\Controllers\Playground\TaskRouteTest" classname="Tests.Feature.Playground.Lead.Resource.Http.Controllers.Playground.TaskRouteTest" assertions="4" time="0.364058"/>
        <testcase name="test_guest_cannot_render_create_view" file="/app/vendor/gammamatrix/playground-test/src/Feature/Http/Controllers/Resource/Playground/CreateTrait.php" line="33" class="Tests\Feature\Playground\Lead\Resource\Http\Controllers\Playground\TaskRouteTest" classname="Tests.Feature.Playground.Lead.Resource.Http.Controllers.Playground.TaskRouteTest" assertions="1" time="0.401349"/>
        <testcase name="test_admin_can_render_create_view" file="/app/vendor/gammamatrix/playground-test/src/Feature/Http/Controllers/Resource/Playground/CreateTrait.php" line="47" class="Tests\Feature\Playground\Lead\Resource\Http\Controllers\Playground\TaskRouteTest" classname="Tests.Feature.Playground.Lead.Resource.Http.Controllers.Playground.TaskRouteTest" assertions="2" time="0.420217"/>
        <testcase name="test_admin_can_render_create_view_with_return_url" file="/app/vendor/gammamatrix/playground-test/src/Feature/Http/Controllers/Resource/Playground/CreateTrait.php" line="65" class="Tests\Feature\Playground\Lead\Resource\Http\Controllers\Playground\TaskRouteTest" classname="Tests.Feature.Playground.Lead.Resource.Http.Controllers.Playground.TaskRouteTest" assertions="3" time="0.455330"/>
        <testcase name="test_create_view_as_admin_with_invalid_parameter_and_fail_validation_and_redirect" file="/app/vendor/gammamatrix/playground-test/src/Feature/Http/Controllers/Resource/Playground/CreateTrait.php" line="92" class="Tests\Feature\Playground\Lead\Resource\Http\Controllers\Playground\TaskRouteTest" classname="Tests.Feature.Playground.Lead.Resource.Http.Controllers.Playground.TaskRouteTest" assertions="5" time="0.364137"/>
        <testcase name="test_json_guest_cannot_destroy" file="/app/vendor/gammamatrix/playground-test/src/Feature/Http/Controllers/Resource/Playground/DestroyJsonTrait.php" line="31" class="Tests\Feature\Playground\Lead\Resource\Http\Controllers\Playground\TaskRouteTest" classname="Tests.Feature.Playground.Lead.Resource.Http.Controllers.Playground.TaskRouteTest" assertions="3" time="0.364905"/>
        <testcase name="test_json_destroy_as_admin_and_succeed" file="/app/vendor/gammamatrix/playground-test/src/Feature/Http/Controllers/Resource/Playground/DestroyJsonTrait.php" line="61" class="Tests\Feature\Playground\Lead\Resource\Http\Controllers\Playground\TaskRouteTest" classname="Tests.Feature.Playground.Lead.Resource.Http.Controllers.Playground.TaskRouteTest" assertions="5" time="0.440002"/>
        <testcase name="test_json_destroy_as_admin_and_succeed_with_force_delete" file="/app/vendor/gammamatrix/playground-test/src/Feature/Http/Controllers/Resource/Playground/DestroyJsonTrait.php" line="100" class="Tests\Feature\Playground\Lead\Resource\Http\Controllers\Playground\TaskRouteTest" classname="Tests.Feature.Playground.Lead.Resource.Http.Controllers.Playground.TaskRouteTest" assertions="4" time="0.371195"/>
        <testcase name="test_json_destroy_as_admin_and_succeed_with_no_content" file="/app/vendor/gammamatrix/playground-test/src/Feature/Http/Controllers/Resource/Playground/DestroyJsonTrait.php" line="132" class="Tests\Feature\Playground\Lead\Resource\Http\Controllers\Playground\TaskRouteTest" classname="Tests.Feature.Playground.Lead.Resource.Http.Controllers.Playground.TaskRouteTest" assertions="5" time="0.373053"/>
        <testcase name="test_json_destroy_as_admin_and_succeed_and_ignore_redirect" file="/app/vendor/gammamatrix/playground-test/src/Feature/Http/Controllers/Resource/Playground/DestroyJsonTrait.php" line="167" class="Tests\Feature\Playground\Lead\Resource\Http\Controllers\Playground\TaskRouteTest" classname="Tests.Feature.Playground.Lead.Resource.Http.Controllers.Playground.TaskRouteTest" assertions="5" time="0.438458"/>
        <testcase name="test_json_destroy_as_user_and_get_denied_and_no_force_delete_allowed" file="/app/vendor/gammamatrix/playground-test/src/Feature/Http/Controllers/Resource/Playground/DestroyJsonTrait.php" line="209" class="Tests\Feature\Playground\Lead\Resource\Http\Controllers\Playground\TaskRouteTest" classname="Tests.Feature.Playground.Lead.Resource.Http.Controllers.Playground.TaskRouteTest" assertions="3" time="0.363337"/>
        <testcase name="test_guest_cannot_destroy" file="/app/vendor/gammamatrix/playground-test/src/Feature/Http/Controllers/Resource/Playground/DestroyTrait.php" line="31" class="Tests\Feature\Playground\Lead\Resource\Http\Controllers\Playground\TaskRouteTest" classname="Tests.Feature.Playground.Lead.Resource.Http.Controllers.Playground.TaskRouteTest" assertions="3" time="0.358163"/>
        <testcase name="test_destroy_as_admin_and_succeed" file="/app/vendor/gammamatrix/playground-test/src/Feature/Http/Controllers/Resource/Playground/DestroyTrait.php" line="61" class="Tests\Feature\Playground\Lead\Resource\Http\Controllers\Playground\TaskRouteTest" classname="Tests.Feature.Playground.Lead.Resource.Http.Controllers.Playground.TaskRouteTest" assertions="5" time="0.422746"/>
        <testcase name="test_destroy_as_admin_and_succeed_with_force_delete" file="/app/vendor/gammamatrix/playground-test/src/Feature/Http/Controllers/Resource/Playground/DestroyTrait.php" line="97" class="Tests\Feature\Playground\Lead\Resource\Http\Controllers\Playground\TaskRouteTest" classname="Tests.Feature.Playground.Lead.Resource.Http.Controllers.Playground.TaskRouteTest" assertions="4" time="0.371879"/>
        <testcase name="test_destroy_as_admin_and_succeed_with_redirect_to_index_with_trash" file="/app/vendor/gammamatrix/playground-test/src/Feature/Http/Controllers/Resource/Playground/DestroyTrait.php" line="129" class="Tests\Feature\Playground\Lead\Resource\Http\Controllers\Playground\TaskRouteTest" classname="Tests.Feature.Playground.Lead.Resource.Http.Controllers.Playground.TaskRouteTest" assertions="5" time="0.434389"/>
        <testcase name="test_destroy_as_user_and_get_denied_and_no_force_delete_allowed" file="/app/vendor/gammamatrix/playground-test/src/Feature/Http/Controllers/Resource/Playground/DestroyTrait.php" line="171" class="Tests\Feature\Playground\Lead\Resource\Http\Controllers\Playground\TaskRouteTest" classname="Tests.Feature.Playground.Lead.Resource.Http.Controllers.Playground.TaskRouteTest" assertions="3" time="0.365806"/>
        <testcase name="test_json_guest_cannot_get_edit_info" file="/app/vendor/gammamatrix/playground-test/src/Feature/Http/Controllers/Resource/Playground/EditJsonTrait.php" line="38" class="Tests\Feature\Playground\Lead\Resource\Http\Controllers\Playground\TaskRouteTest" classname="Tests.Feature.Playground.Lead.Resource.Http.Controllers.Playground.TaskRouteTest" assertions="1" time="0.358415"/>
        <testcase name="test_json_admin_can_get_edit_info" file="/app/vendor/gammamatrix/playground-test/src/Feature/Http/Controllers/Resource/Playground/EditJsonTrait.php" line="58" class="Tests\Feature\Playground\Lead\Resource\Http\Controllers\Playground\TaskRouteTest" classname="Tests.Feature.Playground.Lead.Resource.Http.Controllers.Playground.TaskRouteTest" assertions="4" time="0.439921"/>
        <testcase name="test_json_edit_as_admin_and_fail_validation_with_invalid_parameter" file="/app/vendor/gammamatrix/playground-test/src/Feature/Http/Controllers/Resource/Playground/EditJsonTrait.php" line="87" class="Tests\Feature\Playground\Lead\Resource\Http\Controllers\Playground\TaskRouteTest" classname="Tests.Feature.Playground.Lead.Resource.Http.Controllers.Playground.TaskRouteTest" assertions="4" time="0.380102"/>
        <testcase name="test_guest_cannot_render_edit_view" file="/app/vendor/gammamatrix/playground-test/src/Feature/Http/Controllers/Resource/Playground/EditTrait.php" line="33" class="Tests\Feature\Playground\Lead\Resource\Http\Controllers\Playground\TaskRouteTest" classname="Tests.Feature.Playground.Lead.Resource.Http.Controllers.Playground.TaskRouteTest" assertions="1" time="0.399734"/>
        <testcase name="test_admin_can_render_edit_view" file="/app/vendor/gammamatrix/playground-test/src/Feature/Http/Controllers/Resource/Playground/EditTrait.php" line="53" class="Tests\Feature\Playground\Lead\Resource\Http\Controllers\Playground\TaskRouteTest" classname="Tests.Feature.Playground.Lead.Resource.Http.Controllers.Playground.TaskRouteTest" assertions="2" time="0.467586"/>
        <testcase name="test_admin_can_render_edit_view_with_return_url" file="/app/vendor/gammamatrix/playground-test/src/Feature/Http/Controllers/Resource/Playground/EditTrait.php" line="77" class="Tests\Feature\Playground\Lead\Resource\Http\Controllers\Playground\TaskRouteTest" classname="Tests.Feature.Playground.Lead.Resource.Http.Controllers.Playground.TaskRouteTest" assertions="3" time="0.408274"/>
        <testcase name="test_edit_view_as_admin_with_invalid_parameter_and_fail_validation_and_redirect" file="/app/vendor/gammamatrix/playground-test/src/Feature/Http/Controllers/Resource/Playground/EditTrait.php" line="109" class="Tests\Feature\Playground\Lead\Resource\Http\Controllers\Playground\TaskRouteTest" classname="Tests.Feature.Playground.Lead.Resource.Http.Controllers.Playground.TaskRouteTest" assertions="4" time="0.440389"/>
        <testcase name="test_json_guest_cannot_get_index" file="/app/vendor/gammamatrix/playground-test/src/Feature/Http/Controllers/Resource/Playground/IndexJsonTrait.php" line="34" class="Tests\Feature\Playground\Lead\Resource\Http\Controllers\Playground\TaskRouteTest" classname="Tests.Feature.Playground.Lead.Resource.Http.Controllers.Playground.TaskRouteTest" assertions="1" time="0.358986"/>
        <testcase name="test_json_admin_can_get_index" file="/app/vendor/gammamatrix/playground-test/src/Feature/Http/Controllers/Resource/Playground/IndexJsonTrait.php" line="49" class="Tests\Feature\Playground\Lead\Resource\Http\Controllers\Playground\TaskRouteTest" classname="Tests.Feature.Playground.Lead.Resource.Http.Controllers.Playground.TaskRouteTest" assertions="130" time="0.409915"/>
        <testcase name="test_json_admin_can_get_index_with_filters" file="/app/vendor/gammamatrix/playground-test/src/Feature/Http/Controllers/Resource/Playground/IndexJsonTrait.php" line="85" class="Tests\Feature\Playground\Lead\Resource\Http\Controllers\Playground\TaskRouteTest" classname="Tests.Feature.Playground.Lead.Resource.Http.Controllers.Playground.TaskRouteTest" assertions="3" time="0.461636"/>
        <testcase name="test_guest_cannot_render_index_view" file="/app/vendor/gammamatrix/playground-test/src/Feature/Http/Controllers/Resource/Playground/IndexTrait.php" line="29" class="Tests\Feature\Playground\Lead\Resource\Http\Controllers\Playground\TaskRouteTest" classname="Tests.Feature.Playground.Lead.Resource.Http.Controllers.Playground.TaskRouteTest" assertions="1" time="0.360819"/>
        <testcase name="test_admin_can_render_index_view" file="/app/vendor/gammamatrix/playground-test/src/Feature/Http/Controllers/Resource/Playground/IndexTrait.php" line="44" class="Tests\Feature\Playground\Lead\Resource\Http\Controllers\Playground\TaskRouteTest" classname="Tests.Feature.Playground.Lead.Resource.Http.Controllers.Playground.TaskRouteTest" assertions="2" time="0.480128"/>
        <testcase name="test_admin_can_render_index_view_with_filters" file="/app/vendor/gammamatrix/playground-test/src/Feature/Http/Controllers/Resource/Playground/IndexTrait.php" line="77" class="Tests\Feature\Playground\Lead\Resource\Http\Controllers\Playground\TaskRouteTest" classname="Tests.Feature.Playground.Lead.Resource.Http.Controllers.Playground.TaskRouteTest" assertions="3" time="0.419873"/>
        <testcase name="test_json_guest_cannot_lock" file="/app/vendor/gammamatrix/playground-test/src/Feature/Http/Controllers/Resource/Playground/LockJsonTrait.php" line="36" class="Tests\Feature\Playground\Lead\Resource\Http\Controllers\Playground\TaskRouteTest" classname="Tests.Feature.Playground.Lead.Resource.Http.Controllers.Playground.TaskRouteTest" assertions="3" time="0.367741"/>
        <testcase name="test_json_lock_as_admin_and_succeed" file="/app/vendor/gammamatrix/playground-test/src/Feature/Http/Controllers/Resource/Playground/LockJsonTrait.php" line="66" class="Tests\Feature\Playground\Lead\Resource\Http\Controllers\Playground\TaskRouteTest" classname="Tests.Feature.Playground.Lead.Resource.Http.Controllers.Playground.TaskRouteTest" assertions="3" time="0.467565"/>
        <testcase name="test_json_lock_as_admin_and_succeed_with_no_redirect" file="/app/vendor/gammamatrix/playground-test/src/Feature/Http/Controllers/Resource/Playground/LockJsonTrait.php" line="98" class="Tests\Feature\Playground\Lead\Resource\Http\Controllers\Playground\TaskRouteTest" classname="Tests.Feature.Playground.Lead.Resource.Http.Controllers.Playground.TaskRouteTest" assertions="125" time="0.383644"/>
        <testcase name="test_json_lock_as_user_and_get_denied" file="/app/vendor/gammamatrix/playground-test/src/Feature/Http/Controllers/Resource/Playground/LockJsonTrait.php" line="143" class="Tests\Feature\Playground\Lead\Resource\Http\Controllers\Playground\TaskRouteTest" classname="Tests.Feature.Playground.Lead.Resource.Http.Controllers.Playground.TaskRouteTest" assertions="3" time="0.386900"/>
        <testcase name="test_guest_cannot_lock" file="/app/vendor/gammamatrix/playground-test/src/Feature/Http/Controllers/Resource/Playground/LockTrait.php" line="31" class="Tests\Feature\Playground\Lead\Resource\Http\Controllers\Playground\TaskRouteTest" classname="Tests.Feature.Playground.Lead.Resource.Http.Controllers.Playground.TaskRouteTest" assertions="3" time="0.427514"/>
        <testcase name="test_lock_as_admin_and_succeed" file="/app/vendor/gammamatrix/playground-test/src/Feature/Http/Controllers/Resource/Playground/LockTrait.php" line="61" class="Tests\Feature\Playground\Lead\Resource\Http\Controllers\Playground\TaskRouteTest" classname="Tests.Feature.Playground.Lead.Resource.Http.Controllers.Playground.TaskRouteTest" assertions="4" time="0.378097"/>
        <testcase name="test_lock_as_admin_and_succeed_with_redirect_to_index_with_sorted_by_locked_desc" file="/app/vendor/gammamatrix/playground-test/src/Feature/Http/Controllers/Resource/Playground/LockTrait.php" line="95" class="Tests\Feature\Playground\Lead\Resource\Http\Controllers\Playground\TaskRouteTest" classname="Tests.Feature.Playground.Lead.Resource.Http.Controllers.Playground.TaskRouteTest" assertions="4" time="0.451539"/>
        <testcase name="test_lock_as_user_and_get_denied" file="/app/vendor/gammamatrix/playground-test/src/Feature/Http/Controllers/Resource/Playground/LockTrait.php" line="132" class="Tests\Feature\Playground\Lead\Resource\Http\Controllers\Playground\TaskRouteTest" classname="Tests.Feature.Playground.Lead.Resource.Http.Controllers.Playground.TaskRouteTest" assertions="3" time="0.392137"/>
        <testcase name="test_json_guest_cannot_restore" file="/app/vendor/gammamatrix/playground-test/src/Feature/Http/Controllers/Resource/Playground/RestoreJsonTrait.php" line="32" class="Tests\Feature\Playground\Lead\Resource\Http\Controllers\Playground\TaskRouteTest" classname="Tests.Feature.Playground.Lead.Resource.Http.Controllers.Playground.TaskRouteTest" assertions="3" time="0.367578"/>
        <testcase name="test_json_restore_as_admin_and_succeed" file="/app/vendor/gammamatrix/playground-test/src/Feature/Http/Controllers/Resource/Playground/RestoreJsonTrait.php" line="64" class="Tests\Feature\Playground\Lead\Resource\Http\Controllers\Playground\TaskRouteTest" classname="Tests.Feature.Playground.Lead.Resource.Http.Controllers.Playground.TaskRouteTest" assertions="125" time="0.453623"/>
        <testcase name="test_json_restore_as_admin_and_succeed_with_no_redirect" file="/app/vendor/gammamatrix/playground-test/src/Feature/Http/Controllers/Resource/Playground/RestoreJsonTrait.php" line="100" class="Tests\Feature\Playground\Lead\Resource\Http\Controllers\Playground\TaskRouteTest" classname="Tests.Feature.Playground.Lead.Resource.Http.Controllers.Playground.TaskRouteTest" assertions="125" time="0.387676"/>
        <testcase name="test_json_restore_as_user_and_get_denied" file="/app/vendor/gammamatrix/playground-test/src/Feature/Http/Controllers/Resource/Playground/RestoreJsonTrait.php" line="143" class="Tests\Feature\Playground\Lead\Resource\Http\Controllers\Playground\TaskRouteTest" classname="Tests.Feature.Playground.Lead.Resource.Http.Controllers.Playground.TaskRouteTest" assertions="3" time="0.375318"/>
        <testcase name="test_guest_cannot_restore" file="/app/vendor/gammamatrix/playground-test/src/Feature/Http/Controllers/Resource/Playground/RestoreTrait.php" line="32" class="Tests\Feature\Playground\Lead\Resource\Http\Controllers\Playground\TaskRouteTest" classname="Tests.Feature.Playground.Lead.Resource.Http.Controllers.Playground.TaskRouteTest" assertions="3" time="0.441972"/>
        <testcase name="test_restore_as_admin_and_succeed" file="/app/vendor/gammamatrix/playground-test/src/Feature/Http/Controllers/Resource/Playground/RestoreTrait.php" line="64" class="Tests\Feature\Playground\Lead\Resource\Http\Controllers\Playground\TaskRouteTest" classname="Tests.Feature.Playground.Lead.Resource.Http.Controllers.Playground.TaskRouteTest" assertions="4" time="0.386238"/>
        <testcase name="test_restore_as_admin_and_succeed_with_redirect_to_index_with_only_trash" file="/app/vendor/gammamatrix/playground-test/src/Feature/Http/Controllers/Resource/Playground/RestoreTrait.php" line="100" class="Tests\Feature\Playground\Lead\Resource\Http\Controllers\Playground\TaskRouteTest" classname="Tests.Feature.Playground.Lead.Resource.Http.Controllers.Playground.TaskRouteTest" assertions="4" time="0.449904"/>
        <testcase name="test_restore_as_user_and_get_denied" file="/app/vendor/gammamatrix/playground-test/src/Feature/Http/Controllers/Resource/Playground/RestoreTrait.php" line="146" class="Tests\Feature\Playground\Lead\Resource\Http\Controllers\Playground\TaskRouteTest" classname="Tests.Feature.Playground.Lead.Resource.Http.Controllers.Playground.TaskRouteTest" assertions="3" time="0.383202"/>
        <testcase name="test_json_guest_cannot_see_info" file="/app/vendor/gammamatrix/playground-test/src/Feature/Http/Controllers/Resource/Playground/ShowJsonTrait.php" line="29" class="Tests\Feature\Playground\Lead\Resource\Http\Controllers\Playground\TaskRouteTest" classname="Tests.Feature.Playground.Lead.Resource.Http.Controllers.Playground.TaskRouteTest" assertions="1" time="0.364470"/>
        <testcase name="test_json_show_info_for_admin" file="/app/vendor/gammamatrix/playground-test/src/Feature/Http/Controllers/Resource/Playground/ShowJsonTrait.php" line="49" class="Tests\Feature\Playground\Lead\Resource\Http\Controllers\Playground\TaskRouteTest" classname="Tests.Feature.Playground.Lead.Resource.Http.Controllers.Playground.TaskRouteTest" assertions="124" time="0.444033"/>
        <testcase name="test_guest_cannot_render_show_view" file="/app/vendor/gammamatrix/playground-test/src/Feature/Http/Controllers/Resource/Playground/ShowTrait.php" line="29" class="Tests\Feature\Playground\Lead\Resource\Http\Controllers\Playground\TaskRouteTest" classname="Tests.Feature.Playground.Lead.Resource.Http.Controllers.Playground.TaskRouteTest" assertions="1" time="0.377824"/>
        <testcase name="test_show_view_rendered_by_admin" file="/app/vendor/gammamatrix/playground-test/src/Feature/Http/Controllers/Resource/Playground/ShowTrait.php" line="49" class="Tests\Feature\Playground\Lead\Resource\Http\Controllers\Playground\TaskRouteTest" classname="Tests.Feature.Playground.Lead.Resource.Http.Controllers.Playground.TaskRouteTest" assertions="2" time="0.400214"/>
        <testcase name="test_json_guest_cannot_store" file="/app/vendor/gammamatrix/playground-test/src/Feature/Http/Controllers/Resource/Playground/StoreJsonTrait.php" line="43" class="Tests\Feature\Playground\Lead\Resource\Http\Controllers\Playground\TaskRouteTest" classname="Tests.Feature.Playground.Lead.Resource.Http.Controllers.Playground.TaskRouteTest" assertions="3" time="0.404900"/>
        <testcase name="test_json_store_as_admin_without_payload_and_fail_validation" file="/app/vendor/gammamatrix/playground-test/src/Feature/Http/Controllers/Resource/Playground/StoreJsonTrait.php" line="66" class="Tests\Feature\Playground\Lead\Resource\Http\Controllers\Playground\TaskRouteTest" classname="Tests.Feature.Playground.Lead.Resource.Http.Controllers.Playground.TaskRouteTest" assertions="5" time="0.376356"/>
        <testcase name="test_json_store_as_admin_and_succeed" file="/app/vendor/gammamatrix/playground-test/src/Feature/Http/Controllers/Resource/Playground/StoreJsonTrait.php" line="92" class="Tests\Feature\Playground\Lead\Resource\Http\Controllers\Playground\TaskRouteTest" classname="Tests.Feature.Playground.Lead.Resource.Http.Controllers.Playground.TaskRouteTest" assertions="3" time="0.466618"/>
        <testcase name="test_guest_cannot_store" file="/app/vendor/gammamatrix/playground-test/src/Feature/Http/Controllers/Resource/Playground/StoreTrait.php" line="38" class="Tests\Feature\Playground\Lead\Resource\Http\Controllers\Playground\TaskRouteTest" classname="Tests.Feature.Playground.Lead.Resource.Http.Controllers.Playground.TaskRouteTest" assertions="3" time="0.364916"/>
        <testcase name="test_store_as_admin_without_payload_and_fail_validation" file="/app/vendor/gammamatrix/playground-test/src/Feature/Http/Controllers/Resource/Playground/StoreTrait.php" line="61" class="Tests\Feature\Playground\Lead\Resource\Http\Controllers\Playground\TaskRouteTest" classname="Tests.Feature.Playground.Lead.Resource.Http.Controllers.Playground.TaskRouteTest" assertions="5" time="0.378476"/>
        <testcase name="test_store_as_admin_and_succeed" file="/app/vendor/gammamatrix/playground-test/src/Feature/Http/Controllers/Resource/Playground/StoreTrait.php" line="90" class="Tests\Feature\Playground\Lead\Resource\Http\Controllers\Playground\TaskRouteTest" classname="Tests.Feature.Playground.Lead.Resource.Http.Controllers.Playground.TaskRouteTest" assertions="4" time="0.474427"/>
        <testcase name="test_store_as_admin_and_succeed_with_return_url" file="/app/vendor/gammamatrix/playground-test/src/Feature/Http/Controllers/Resource/Playground/StoreTrait.php" line="135" class="Tests\Feature\Playground\Lead\Resource\Http\Controllers\Playground\TaskRouteTest" classname="Tests.Feature.Playground.Lead.Resource.Http.Controllers.Playground.TaskRouteTest" assertions="4" time="0.413662"/>
        <testcase name="test_json_guest_cannot_unlock" file="/app/vendor/gammamatrix/playground-test/src/Feature/Http/Controllers/Resource/Playground/UnlockJsonTrait.php" line="36" class="Tests\Feature\Playground\Lead\Resource\Http\Controllers\Playground\TaskRouteTest" classname="Tests.Feature.Playground.Lead.Resource.Http.Controllers.Playground.TaskRouteTest" assertions="3" time="0.434866"/>
        <testcase name="test_json_unlock_as_admin_and_succeed" file="/app/vendor/gammamatrix/playground-test/src/Feature/Http/Controllers/Resource/Playground/UnlockJsonTrait.php" line="68" class="Tests\Feature\Playground\Lead\Resource\Http\Controllers\Playground\TaskRouteTest" classname="Tests.Feature.Playground.Lead.Resource.Http.Controllers.Playground.TaskRouteTest" assertions="125" time="0.388669"/>
        <testcase name="test_json_unlock_as_admin_and_succeed_with_no_redirect" file="/app/vendor/gammamatrix/playground-test/src/Feature/Http/Controllers/Resource/Playground/UnlockJsonTrait.php" line="104" class="Tests\Feature\Playground\Lead\Resource\Http\Controllers\Playground\TaskRouteTest" classname="Tests.Feature.Playground.Lead.Resource.Http.Controllers.Playground.TaskRouteTest" assertions="125" time="0.397218"/>
        <testcase name="test_json_unlock_as_user_and_get_denied" file="/app/vendor/gammamatrix/playground-test/src/Feature/Http/Controllers/Resource/Playground/UnlockJsonTrait.php" line="145" class="Tests\Feature\Playground\Lead\Resource\Http\Controllers\Playground\TaskRouteTest" classname="Tests.Feature.Playground.Lead.Resource.Http.Controllers.Playground.TaskRouteTest" assertions="3" time="0.444048"/>
        <testcase name="test_guest_cannot_unlock" file="/app/vendor/gammamatrix/playground-test/src/Feature/Http/Controllers/Resource/Playground/UnlockTrait.php" line="36" class="Tests\Feature\Playground\Lead\Resource\Http\Controllers\Playground\TaskRouteTest" classname="Tests.Feature.Playground.Lead.Resource.Http.Controllers.Playground.TaskRouteTest" assertions="3" time="0.379670"/>
        <testcase name="test_unlock_as_admin_and_succeed" file="/app/vendor/gammamatrix/playground-test/src/Feature/Http/Controllers/Resource/Playground/UnlockTrait.php" line="68" class="Tests\Feature\Playground\Lead\Resource\Http\Controllers\Playground\TaskRouteTest" classname="Tests.Feature.Playground.Lead.Resource.Http.Controllers.Playground.TaskRouteTest" assertions="4" time="0.387448"/>
        <testcase name="test_unlock_as_admin_and_succeed_with_redirect_to_index_with_sorted_by_unlocked_desc" file="/app/vendor/gammamatrix/playground-test/src/Feature/Http/Controllers/Resource/Playground/UnlockTrait.php" line="109" class="Tests\Feature\Playground\Lead\Resource\Http\Controllers\Playground\TaskRouteTest" classname="Tests.Feature.Playground.Lead.Resource.Http.Controllers.Playground.TaskRouteTest" assertions="4" time="0.470319"/>
        <testcase name="test_unlock_as_user_and_get_denied" file="/app/vendor/gammamatrix/playground-test/src/Feature/Http/Controllers/Resource/Playground/UnlockTrait.php" line="148" class="Tests\Feature\Playground\Lead\Resource\Http\Controllers\Playground\TaskRouteTest" classname="Tests.Feature.Playground.Lead.Resource.Http.Controllers.Playground.TaskRouteTest" assertions="3" time="0.383754"/>
        <testcase name="test_json_guest_cannot_update" file="/app/vendor/gammamatrix/playground-test/src/Feature/Http/Controllers/Resource/Playground/UpdateJsonTrait.php" line="45" class="Tests\Feature\Playground\Lead\Resource\Http\Controllers\Playground\TaskRouteTest" classname="Tests.Feature.Playground.Lead.Resource.Http.Controllers.Playground.TaskRouteTest" assertions="1" time="0.427527"/>
        <testcase name="test_json_update_as_admin_without_payload_and_fail_validation" file="/app/vendor/gammamatrix/playground-test/src/Feature/Http/Controllers/Resource/Playground/UpdateJsonTrait.php" line="65" class="Tests\Feature\Playground\Lead\Resource\Http\Controllers\Playground\TaskRouteTest" classname="Tests.Feature.Playground.Lead.Resource.Http.Controllers.Playground.TaskRouteTest" assertions="4" time="0.386895"/>
        <testcase name="test_json_admin_can_update" file="/app/vendor/gammamatrix/playground-test/src/Feature/Http/Controllers/Resource/Playground/UpdateJsonTrait.php" line="90" class="Tests\Feature\Playground\Lead\Resource\Http\Controllers\Playground\TaskRouteTest" classname="Tests.Feature.Playground.Lead.Resource.Http.Controllers.Playground.TaskRouteTest" assertions="127" time="0.453441"/>
        <testcase name="test_guest_cannot_update" file="/app/vendor/gammamatrix/playground-test/src/Feature/Http/Controllers/Resource/Playground/UpdateTrait.php" line="45" class="Tests\Feature\Playground\Lead\Resource\Http\Controllers\Playground\TaskRouteTest" classname="Tests.Feature.Playground.Lead.Resource.Http.Controllers.Playground.TaskRouteTest" assertions="1" time="0.434482"/>
        <testcase name="test_update_as_admin_without_payload_and_fail_validation" file="/app/vendor/gammamatrix/playground-test/src/Feature/Http/Controllers/Resource/Playground/UpdateTrait.php" line="65" class="Tests\Feature\Playground\Lead\Resource\Http\Controllers\Playground\TaskRouteTest" classname="Tests.Feature.Playground.Lead.Resource.Http.Controllers.Playground.TaskRouteTest" assertions="4" time="0.389691"/>
        <testcase name="test_admin_can_update" file="/app/vendor/gammamatrix/playground-test/src/Feature/Http/Controllers/Resource/Playground/UpdateTrait.php" line="90" class="Tests\Feature\Playground\Lead\Resource\Http\Controllers\Playground\TaskRouteTest" classname="Tests.Feature.Playground.Lead.Resource.Http.Controllers.Playground.TaskRouteTest" assertions="6" time="0.522991"/>
        <testcase name="test_admin_can_update_view_with_return_url" file="/app/vendor/gammamatrix/playground-test/src/Feature/Http/Controllers/Resource/Playground/UpdateTrait.php" line="133" class="Tests\Feature\Playground\Lead\Resource\Http\Controllers\Playground\TaskRouteTest" classname="Tests.Feature.Playground.Lead.Resource.Http.Controllers.Playground.TaskRouteTest" assertions="6" time="0.438687"/>
      </testsuite>
      <testsuite name="Tests\Feature\Playground\Lead\Resource\Http\Controllers\Playground\TeamRouteTest" file="/app/tests/Feature/Http/Controllers/Playground/TeamRouteTest.php" tests="73" assertions="1335" errors="0" failures="0" skipped="0" time="30.242037">
        <testcase name="test_json_guest_cannot_get_create_info" file="/app/vendor/gammamatrix/playground-test/src/Feature/Http/Controllers/Resource/Playground/CreateJsonTrait.php" line="38" class="Tests\Feature\Playground\Lead\Resource\Http\Controllers\Playground\TeamRouteTest" classname="Tests.Feature.Playground.Lead.Resource.Http.Controllers.Playground.TeamRouteTest" assertions="1" time="0.408221"/>
        <testcase name="test_json_admin_can_get_create_info" file="/app/vendor/gammamatrix/playground-test/src/Feature/Http/Controllers/Resource/Playground/CreateJsonTrait.php" line="53" class="Tests\Feature\Playground\Lead\Resource\Http\Controllers\Playground\TeamRouteTest" classname="Tests.Feature.Playground.Lead.Resource.Http.Controllers.Playground.TeamRouteTest" assertions="123" time="0.454542"/>
        <testcase name="test_json_get_create_info_as_admin_with_invalid_parameter_and_fail_validation" file="/app/vendor/gammamatrix/playground-test/src/Feature/Http/Controllers/Resource/Playground/CreateJsonTrait.php" line="73" class="Tests\Feature\Playground\Lead\Resource\Http\Controllers\Playground\TeamRouteTest" classname="Tests.Feature.Playground.Lead.Resource.Http.Controllers.Playground.TeamRouteTest" assertions="4" time="0.363684"/>
        <testcase name="test_guest_cannot_render_create_view" file="/app/vendor/gammamatrix/playground-test/src/Feature/Http/Controllers/Resource/Playground/CreateTrait.php" line="33" class="Tests\Feature\Playground\Lead\Resource\Http\Controllers\Playground\TeamRouteTest" classname="Tests.Feature.Playground.Lead.Resource.Http.Controllers.Playground.TeamRouteTest" assertions="1" time="0.422795"/>
        <testcase name="test_admin_can_render_create_view" file="/app/vendor/gammamatrix/playground-test/src/Feature/Http/Controllers/Resource/Playground/CreateTrait.php" line="47" class="Tests\Feature\Playground\Lead\Resource\Http\Controllers\Playground\TeamRouteTest" classname="Tests.Feature.Playground.Lead.Resource.Http.Controllers.Playground.TeamRouteTest" assertions="2" time="0.412599"/>
        <testcase name="test_admin_can_render_create_view_with_return_url" file="/app/vendor/gammamatrix/playground-test/src/Feature/Http/Controllers/Resource/Playground/CreateTrait.php" line="65" class="Tests\Feature\Playground\Lead\Resource\Http\Controllers\Playground\TeamRouteTest" classname="Tests.Feature.Playground.Lead.Resource.Http.Controllers.Playground.TeamRouteTest" assertions="3" time="0.392685"/>
        <testcase name="test_create_view_as_admin_with_invalid_parameter_and_fail_validation_and_redirect" file="/app/vendor/gammamatrix/playground-test/src/Feature/Http/Controllers/Resource/Playground/CreateTrait.php" line="92" class="Tests\Feature\Playground\Lead\Resource\Http\Controllers\Playground\TeamRouteTest" classname="Tests.Feature.Playground.Lead.Resource.Http.Controllers.Playground.TeamRouteTest" assertions="5" time="0.429643"/>
        <testcase name="test_json_guest_cannot_destroy" file="/app/vendor/gammamatrix/playground-test/src/Feature/Http/Controllers/Resource/Playground/DestroyJsonTrait.php" line="31" class="Tests\Feature\Playground\Lead\Resource\Http\Controllers\Playground\TeamRouteTest" classname="Tests.Feature.Playground.Lead.Resource.Http.Controllers.Playground.TeamRouteTest" assertions="3" time="0.358195"/>
        <testcase name="test_json_destroy_as_admin_and_succeed" file="/app/vendor/gammamatrix/playground-test/src/Feature/Http/Controllers/Resource/Playground/DestroyJsonTrait.php" line="61" class="Tests\Feature\Playground\Lead\Resource\Http\Controllers\Playground\TeamRouteTest" classname="Tests.Feature.Playground.Lead.Resource.Http.Controllers.Playground.TeamRouteTest" assertions="5" time="0.380690"/>
        <testcase name="test_json_destroy_as_admin_and_succeed_with_force_delete" file="/app/vendor/gammamatrix/playground-test/src/Feature/Http/Controllers/Resource/Playground/DestroyJsonTrait.php" line="100" class="Tests\Feature\Playground\Lead\Resource\Http\Controllers\Playground\TeamRouteTest" classname="Tests.Feature.Playground.Lead.Resource.Http.Controllers.Playground.TeamRouteTest" assertions="4" time="0.456111"/>
        <testcase name="test_json_destroy_as_admin_and_succeed_with_no_content" file="/app/vendor/gammamatrix/playground-test/src/Feature/Http/Controllers/Resource/Playground/DestroyJsonTrait.php" line="132" class="Tests\Feature\Playground\Lead\Resource\Http\Controllers\Playground\TeamRouteTest" classname="Tests.Feature.Playground.Lead.Resource.Http.Controllers.Playground.TeamRouteTest" assertions="5" time="0.366708"/>
        <testcase name="test_json_destroy_as_admin_and_succeed_and_ignore_redirect" file="/app/vendor/gammamatrix/playground-test/src/Feature/Http/Controllers/Resource/Playground/DestroyJsonTrait.php" line="167" class="Tests\Feature\Playground\Lead\Resource\Http\Controllers\Playground\TeamRouteTest" classname="Tests.Feature.Playground.Lead.Resource.Http.Controllers.Playground.TeamRouteTest" assertions="5" time="0.437816"/>
        <testcase name="test_json_destroy_as_user_and_get_denied_and_no_force_delete_allowed" file="/app/vendor/gammamatrix/playground-test/src/Feature/Http/Controllers/Resource/Playground/DestroyJsonTrait.php" line="209" class="Tests\Feature\Playground\Lead\Resource\Http\Controllers\Playground\TeamRouteTest" classname="Tests.Feature.Playground.Lead.Resource.Http.Controllers.Playground.TeamRouteTest" assertions="3" time="0.371129"/>
        <testcase name="test_guest_cannot_destroy" file="/app/vendor/gammamatrix/playground-test/src/Feature/Http/Controllers/Resource/Playground/DestroyTrait.php" line="31" class="Tests\Feature\Playground\Lead\Resource\Http\Controllers\Playground\TeamRouteTest" classname="Tests.Feature.Playground.Lead.Resource.Http.Controllers.Playground.TeamRouteTest" assertions="3" time="0.359533"/>
        <testcase name="test_destroy_as_admin_and_succeed" file="/app/vendor/gammamatrix/playground-test/src/Feature/Http/Controllers/Resource/Playground/DestroyTrait.php" line="61" class="Tests\Feature\Playground\Lead\Resource\Http\Controllers\Playground\TeamRouteTest" classname="Tests.Feature.Playground.Lead.Resource.Http.Controllers.Playground.TeamRouteTest" assertions="5" time="0.439024"/>
        <testcase name="test_destroy_as_admin_and_succeed_with_force_delete" file="/app/vendor/gammamatrix/playground-test/src/Feature/Http/Controllers/Resource/Playground/DestroyTrait.php" line="97" class="Tests\Feature\Playground\Lead\Resource\Http\Controllers\Playground\TeamRouteTest" classname="Tests.Feature.Playground.Lead.Resource.Http.Controllers.Playground.TeamRouteTest" assertions="4" time="0.379900"/>
        <testcase name="test_destroy_as_admin_and_succeed_with_redirect_to_index_with_trash" file="/app/vendor/gammamatrix/playground-test/src/Feature/Http/Controllers/Resource/Playground/DestroyTrait.php" line="129" class="Tests\Feature\Playground\Lead\Resource\Http\Controllers\Playground\TeamRouteTest" classname="Tests.Feature.Playground.Lead.Resource.Http.Controllers.Playground.TeamRouteTest" assertions="5" time="0.377467"/>
        <testcase name="test_destroy_as_user_and_get_denied_and_no_force_delete_allowed" file="/app/vendor/gammamatrix/playground-test/src/Feature/Http/Controllers/Resource/Playground/DestroyTrait.php" line="171" class="Tests\Feature\Playground\Lead\Resource\Http\Controllers\Playground\TeamRouteTest" classname="Tests.Feature.Playground.Lead.Resource.Http.Controllers.Playground.TeamRouteTest" assertions="3" time="0.429688"/>
        <testcase name="test_json_guest_cannot_get_edit_info" file="/app/vendor/gammamatrix/playground-test/src/Feature/Http/Controllers/Resource/Playground/EditJsonTrait.php" line="38" class="Tests\Feature\Playground\Lead\Resource\Http\Controllers\Playground\TeamRouteTest" classname="Tests.Feature.Playground.Lead.Resource.Http.Controllers.Playground.TeamRouteTest" assertions="1" time="0.359126"/>
        <testcase name="test_json_admin_can_get_edit_info" file="/app/vendor/gammamatrix/playground-test/src/Feature/Http/Controllers/Resource/Playground/EditJsonTrait.php" line="58" class="Tests\Feature\Playground\Lead\Resource\Http\Controllers\Playground\TeamRouteTest" classname="Tests.Feature.Playground.Lead.Resource.Http.Controllers.Playground.TeamRouteTest" assertions="4" time="0.457902"/>
        <testcase name="test_json_edit_as_admin_and_fail_validation_with_invalid_parameter" file="/app/vendor/gammamatrix/playground-test/src/Feature/Http/Controllers/Resource/Playground/EditJsonTrait.php" line="87" class="Tests\Feature\Playground\Lead\Resource\Http\Controllers\Playground\TeamRouteTest" classname="Tests.Feature.Playground.Lead.Resource.Http.Controllers.Playground.TeamRouteTest" assertions="4" time="0.389546"/>
        <testcase name="test_guest_cannot_render_edit_view" file="/app/vendor/gammamatrix/playground-test/src/Feature/Http/Controllers/Resource/Playground/EditTrait.php" line="33" class="Tests\Feature\Playground\Lead\Resource\Http\Controllers\Playground\TeamRouteTest" classname="Tests.Feature.Playground.Lead.Resource.Http.Controllers.Playground.TeamRouteTest" assertions="1" time="0.360370"/>
        <testcase name="test_admin_can_render_edit_view" file="/app/vendor/gammamatrix/playground-test/src/Feature/Http/Controllers/Resource/Playground/EditTrait.php" line="53" class="Tests\Feature\Playground\Lead\Resource\Http\Controllers\Playground\TeamRouteTest" classname="Tests.Feature.Playground.Lead.Resource.Http.Controllers.Playground.TeamRouteTest" assertions="2" time="0.480024"/>
        <testcase name="test_admin_can_render_edit_view_with_return_url" file="/app/vendor/gammamatrix/playground-test/src/Feature/Http/Controllers/Resource/Playground/EditTrait.php" line="77" class="Tests\Feature\Playground\Lead\Resource\Http\Controllers\Playground\TeamRouteTest" classname="Tests.Feature.Playground.Lead.Resource.Http.Controllers.Playground.TeamRouteTest" assertions="3" time="0.412780"/>
        <testcase name="test_edit_view_as_admin_with_invalid_parameter_and_fail_validation_and_redirect" file="/app/vendor/gammamatrix/playground-test/src/Feature/Http/Controllers/Resource/Playground/EditTrait.php" line="109" class="Tests\Feature\Playground\Lead\Resource\Http\Controllers\Playground\TeamRouteTest" classname="Tests.Feature.Playground.Lead.Resource.Http.Controllers.Playground.TeamRouteTest" assertions="4" time="0.386775"/>
        <testcase name="test_json_guest_cannot_get_index" file="/app/vendor/gammamatrix/playground-test/src/Feature/Http/Controllers/Resource/Playground/IndexJsonTrait.php" line="34" class="Tests\Feature\Playground\Lead\Resource\Http\Controllers\Playground\TeamRouteTest" classname="Tests.Feature.Playground.Lead.Resource.Http.Controllers.Playground.TeamRouteTest" assertions="1" time="0.422314"/>
        <testcase name="test_json_admin_can_get_index" file="/app/vendor/gammamatrix/playground-test/src/Feature/Http/Controllers/Resource/Playground/IndexJsonTrait.php" line="49" class="Tests\Feature\Playground\Lead\Resource\Http\Controllers\Playground\TeamRouteTest" classname="Tests.Feature.Playground.Lead.Resource.Http.Controllers.Playground.TeamRouteTest" assertions="130" time="0.395974"/>
        <testcase name="test_json_admin_can_get_index_with_filters" file="/app/vendor/gammamatrix/playground-test/src/Feature/Http/Controllers/Resource/Playground/IndexJsonTrait.php" line="85" class="Tests\Feature\Playground\Lead\Resource\Http\Controllers\Playground\TeamRouteTest" classname="Tests.Feature.Playground.Lead.Resource.Http.Controllers.Playground.TeamRouteTest" assertions="3" time="0.489335"/>
        <testcase name="test_guest_cannot_render_index_view" file="/app/vendor/gammamatrix/playground-test/src/Feature/Http/Controllers/Resource/Playground/IndexTrait.php" line="29" class="Tests\Feature\Playground\Lead\Resource\Http\Controllers\Playground\TeamRouteTest" classname="Tests.Feature.Playground.Lead.Resource.Http.Controllers.Playground.TeamRouteTest" assertions="1" time="0.363041"/>
        <testcase name="test_admin_can_render_index_view" file="/app/vendor/gammamatrix/playground-test/src/Feature/Http/Controllers/Resource/Playground/IndexTrait.php" line="44" class="Tests\Feature\Playground\Lead\Resource\Http\Controllers\Playground\TeamRouteTest" classname="Tests.Feature.Playground.Lead.Resource.Http.Controllers.Playground.TeamRouteTest" assertions="2" time="0.425028"/>
        <testcase name="test_admin_can_render_index_view_with_filters" file="/app/vendor/gammamatrix/playground-test/src/Feature/Http/Controllers/Resource/Playground/IndexTrait.php" line="77" class="Tests\Feature\Playground\Lead\Resource\Http\Controllers\Playground\TeamRouteTest" classname="Tests.Feature.Playground.Lead.Resource.Http.Controllers.Playground.TeamRouteTest" assertions="3" time="0.469346"/>
        <testcase name="test_json_guest_cannot_lock" file="/app/vendor/gammamatrix/playground-test/src/Feature/Http/Controllers/Resource/Playground/LockJsonTrait.php" line="36" class="Tests\Feature\Playground\Lead\Resource\Http\Controllers\Playground\TeamRouteTest" classname="Tests.Feature.Playground.Lead.Resource.Http.Controllers.Playground.TeamRouteTest" assertions="3" time="0.378440"/>
        <testcase name="test_json_lock_as_admin_and_succeed" file="/app/vendor/gammamatrix/playground-test/src/Feature/Http/Controllers/Resource/Playground/LockJsonTrait.php" line="66" class="Tests\Feature\Playground\Lead\Resource\Http\Controllers\Playground\TeamRouteTest" classname="Tests.Feature.Playground.Lead.Resource.Http.Controllers.Playground.TeamRouteTest" assertions="3" time="0.454188"/>
        <testcase name="test_json_lock_as_admin_and_succeed_with_no_redirect" file="/app/vendor/gammamatrix/playground-test/src/Feature/Http/Controllers/Resource/Playground/LockJsonTrait.php" line="98" class="Tests\Feature\Playground\Lead\Resource\Http\Controllers\Playground\TeamRouteTest" classname="Tests.Feature.Playground.Lead.Resource.Http.Controllers.Playground.TeamRouteTest" assertions="125" time="0.380596"/>
        <testcase name="test_json_lock_as_user_and_get_denied" file="/app/vendor/gammamatrix/playground-test/src/Feature/Http/Controllers/Resource/Playground/LockJsonTrait.php" line="143" class="Tests\Feature\Playground\Lead\Resource\Http\Controllers\Playground\TeamRouteTest" classname="Tests.Feature.Playground.Lead.Resource.Http.Controllers.Playground.TeamRouteTest" assertions="3" time="0.369072"/>
        <testcase name="test_guest_cannot_lock" file="/app/vendor/gammamatrix/playground-test/src/Feature/Http/Controllers/Resource/Playground/LockTrait.php" line="31" class="Tests\Feature\Playground\Lead\Resource\Http\Controllers\Playground\TeamRouteTest" classname="Tests.Feature.Playground.Lead.Resource.Http.Controllers.Playground.TeamRouteTest" assertions="3" time="0.442812"/>
        <testcase name="test_lock_as_admin_and_succeed" file="/app/vendor/gammamatrix/playground-test/src/Feature/Http/Controllers/Resource/Playground/LockTrait.php" line="61" class="Tests\Feature\Playground\Lead\Resource\Http\Controllers\Playground\TeamRouteTest" classname="Tests.Feature.Playground.Lead.Resource.Http.Controllers.Playground.TeamRouteTest" assertions="4" time="0.380904"/>
        <testcase name="test_lock_as_admin_and_succeed_with_redirect_to_index_with_sorted_by_locked_desc" file="/app/vendor/gammamatrix/playground-test/src/Feature/Http/Controllers/Resource/Playground/LockTrait.php" line="95" class="Tests\Feature\Playground\Lead\Resource\Http\Controllers\Playground\TeamRouteTest" classname="Tests.Feature.Playground.Lead.Resource.Http.Controllers.Playground.TeamRouteTest" assertions="4" time="0.388544"/>
        <testcase name="test_lock_as_user_and_get_denied" file="/app/vendor/gammamatrix/playground-test/src/Feature/Http/Controllers/Resource/Playground/LockTrait.php" line="132" class="Tests\Feature\Playground\Lead\Resource\Http\Controllers\Playground\TeamRouteTest" classname="Tests.Feature.Playground.Lead.Resource.Http.Controllers.Playground.TeamRouteTest" assertions="3" time="0.453298"/>
        <testcase name="test_json_guest_cannot_restore" file="/app/vendor/gammamatrix/playground-test/src/Feature/Http/Controllers/Resource/Playground/RestoreJsonTrait.php" line="32" class="Tests\Feature\Playground\Lead\Resource\Http\Controllers\Playground\TeamRouteTest" classname="Tests.Feature.Playground.Lead.Resource.Http.Controllers.Playground.TeamRouteTest" assertions="3" time="0.370000"/>
        <testcase name="test_json_restore_as_admin_and_succeed" file="/app/vendor/gammamatrix/playground-test/src/Feature/Http/Controllers/Resource/Playground/RestoreJsonTrait.php" line="64" class="Tests\Feature\Playground\Lead\Resource\Http\Controllers\Playground\TeamRouteTest" classname="Tests.Feature.Playground.Lead.Resource.Http.Controllers.Playground.TeamRouteTest" assertions="125" time="0.460562"/>
        <testcase name="test_json_restore_as_admin_and_succeed_with_no_redirect" file="/app/vendor/gammamatrix/playground-test/src/Feature/Http/Controllers/Resource/Playground/RestoreJsonTrait.php" line="100" class="Tests\Feature\Playground\Lead\Resource\Http\Controllers\Playground\TeamRouteTest" classname="Tests.Feature.Playground.Lead.Resource.Http.Controllers.Playground.TeamRouteTest" assertions="125" time="0.385284"/>
        <testcase name="test_json_restore_as_user_and_get_denied" file="/app/vendor/gammamatrix/playground-test/src/Feature/Http/Controllers/Resource/Playground/RestoreJsonTrait.php" line="143" class="Tests\Feature\Playground\Lead\Resource\Http\Controllers\Playground\TeamRouteTest" classname="Tests.Feature.Playground.Lead.Resource.Http.Controllers.Playground.TeamRouteTest" assertions="3" time="0.389911"/>
        <testcase name="test_guest_cannot_restore" file="/app/vendor/gammamatrix/playground-test/src/Feature/Http/Controllers/Resource/Playground/RestoreTrait.php" line="32" class="Tests\Feature\Playground\Lead\Resource\Http\Controllers\Playground\TeamRouteTest" classname="Tests.Feature.Playground.Lead.Resource.Http.Controllers.Playground.TeamRouteTest" assertions="3" time="0.453012"/>
        <testcase name="test_restore_as_admin_and_succeed" file="/app/vendor/gammamatrix/playground-test/src/Feature/Http/Controllers/Resource/Playground/RestoreTrait.php" line="64" class="Tests\Feature\Playground\Lead\Resource\Http\Controllers\Playground\TeamRouteTest" classname="Tests.Feature.Playground.Lead.Resource.Http.Controllers.Playground.TeamRouteTest" assertions="4" time="0.379901"/>
        <testcase name="test_restore_as_admin_and_succeed_with_redirect_to_index_with_only_trash" file="/app/vendor/gammamatrix/playground-test/src/Feature/Http/Controllers/Resource/Playground/RestoreTrait.php" line="100" class="Tests\Feature\Playground\Lead\Resource\Http\Controllers\Playground\TeamRouteTest" classname="Tests.Feature.Playground.Lead.Resource.Http.Controllers.Playground.TeamRouteTest" assertions="4" time="0.381310"/>
        <testcase name="test_restore_as_user_and_get_denied" file="/app/vendor/gammamatrix/playground-test/src/Feature/Http/Controllers/Resource/Playground/RestoreTrait.php" line="146" class="Tests\Feature\Playground\Lead\Resource\Http\Controllers\Playground\TeamRouteTest" classname="Tests.Feature.Playground.Lead.Resource.Http.Controllers.Playground.TeamRouteTest" assertions="3" time="0.460045"/>
        <testcase name="test_json_guest_cannot_see_info" file="/app/vendor/gammamatrix/playground-test/src/Feature/Http/Controllers/Resource/Playground/ShowJsonTrait.php" line="29" class="Tests\Feature\Playground\Lead\Resource\Http\Controllers\Playground\TeamRouteTest" classname="Tests.Feature.Playground.Lead.Resource.Http.Controllers.Playground.TeamRouteTest" assertions="1" time="0.368397"/>
        <testcase name="test_json_show_info_for_admin" file="/app/vendor/gammamatrix/playground-test/src/Feature/Http/Controllers/Resource/Playground/ShowJsonTrait.php" line="49" class="Tests\Feature\Playground\Lead\Resource\Http\Controllers\Playground\TeamRouteTest" classname="Tests.Feature.Playground.Lead.Resource.Http.Controllers.Playground.TeamRouteTest" assertions="124" time="0.452435"/>
        <testcase name="test_guest_cannot_render_show_view" file="/app/vendor/gammamatrix/playground-test/src/Feature/Http/Controllers/Resource/Playground/ShowTrait.php" line="29" class="Tests\Feature\Playground\Lead\Resource\Http\Controllers\Playground\TeamRouteTest" classname="Tests.Feature.Playground.Lead.Resource.Http.Controllers.Playground.TeamRouteTest" assertions="1" time="0.376438"/>
        <testcase name="test_show_view_rendered_by_admin" file="/app/vendor/gammamatrix/playground-test/src/Feature/Http/Controllers/Resource/Playground/ShowTrait.php" line="49" class="Tests\Feature\Playground\Lead\Resource\Http\Controllers\Playground\TeamRouteTest" classname="Tests.Feature.Playground.Lead.Resource.Http.Controllers.Playground.TeamRouteTest" assertions="2" time="0.395429"/>
        <testcase name="test_json_guest_cannot_store" file="/app/vendor/gammamatrix/playground-test/src/Feature/Http/Controllers/Resource/Playground/StoreJsonTrait.php" line="43" class="Tests\Feature\Playground\Lead\Resource\Http\Controllers\Playground\TeamRouteTest" classname="Tests.Feature.Playground.Lead.Resource.Http.Controllers.Playground.TeamRouteTest" assertions="3" time="0.431332"/>
        <testcase name="test_json_store_as_admin_without_payload_and_fail_validation" file="/app/vendor/gammamatrix/playground-test/src/Feature/Http/Controllers/Resource/Playground/StoreJsonTrait.php" line="66" class="Tests\Feature\Playground\Lead\Resource\Http\Controllers\Playground\TeamRouteTest" classname="Tests.Feature.Playground.Lead.Resource.Http.Controllers.Playground.TeamRouteTest" assertions="5" time="0.376530"/>
        <testcase name="test_json_store_as_admin_and_succeed" file="/app/vendor/gammamatrix/playground-test/src/Feature/Http/Controllers/Resource/Playground/StoreJsonTrait.php" line="92" class="Tests\Feature\Playground\Lead\Resource\Http\Controllers\Playground\TeamRouteTest" classname="Tests.Feature.Playground.Lead.Resource.Http.Controllers.Playground.TeamRouteTest" assertions="3" time="0.411208"/>
        <testcase name="test_guest_cannot_store" file="/app/vendor/gammamatrix/playground-test/src/Feature/Http/Controllers/Resource/Playground/StoreTrait.php" line="38" class="Tests\Feature\Playground\Lead\Resource\Http\Controllers\Playground\TeamRouteTest" classname="Tests.Feature.Playground.Lead.Resource.Http.Controllers.Playground.TeamRouteTest" assertions="3" time="0.442838"/>
        <testcase name="test_store_as_admin_without_payload_and_fail_validation" file="/app/vendor/gammamatrix/playground-test/src/Feature/Http/Controllers/Resource/Playground/StoreTrait.php" line="61" class="Tests\Feature\Playground\Lead\Resource\Http\Controllers\Playground\TeamRouteTest" classname="Tests.Feature.Playground.Lead.Resource.Http.Controllers.Playground.TeamRouteTest" assertions="5" time="0.388186"/>
        <testcase name="test_store_as_admin_and_succeed" file="/app/vendor/gammamatrix/playground-test/src/Feature/Http/Controllers/Resource/Playground/StoreTrait.php" line="90" class="Tests\Feature\Playground\Lead\Resource\Http\Controllers\Playground\TeamRouteTest" classname="Tests.Feature.Playground.Lead.Resource.Http.Controllers.Playground.TeamRouteTest" assertions="4" time="0.471234"/>
        <testcase name="test_store_as_admin_and_succeed_with_return_url" file="/app/vendor/gammamatrix/playground-test/src/Feature/Http/Controllers/Resource/Playground/StoreTrait.php" line="135" class="Tests\Feature\Playground\Lead\Resource\Http\Controllers\Playground\TeamRouteTest" classname="Tests.Feature.Playground.Lead.Resource.Http.Controllers.Playground.TeamRouteTest" assertions="4" time="0.410196"/>
        <testcase name="test_json_guest_cannot_unlock" file="/app/vendor/gammamatrix/playground-test/src/Feature/Http/Controllers/Resource/Playground/UnlockJsonTrait.php" line="36" class="Tests\Feature\Playground\Lead\Resource\Http\Controllers\Playground\TeamRouteTest" classname="Tests.Feature.Playground.Lead.Resource.Http.Controllers.Playground.TeamRouteTest" assertions="3" time="0.374320"/>
        <testcase name="test_json_unlock_as_admin_and_succeed" file="/app/vendor/gammamatrix/playground-test/src/Feature/Http/Controllers/Resource/Playground/UnlockJsonTrait.php" line="68" class="Tests\Feature\Playground\Lead\Resource\Http\Controllers\Playground\TeamRouteTest" classname="Tests.Feature.Playground.Lead.Resource.Http.Controllers.Playground.TeamRouteTest" assertions="125" time="0.471809"/>
        <testcase name="test_json_unlock_as_admin_and_succeed_with_no_redirect" file="/app/vendor/gammamatrix/playground-test/src/Feature/Http/Controllers/Resource/Playground/UnlockJsonTrait.php" line="104" class="Tests\Feature\Playground\Lead\Resource\Http\Controllers\Playground\TeamRouteTest" classname="Tests.Feature.Playground.Lead.Resource.Http.Controllers.Playground.TeamRouteTest" assertions="125" time="0.388514"/>
        <testcase name="test_json_unlock_as_user_and_get_denied" file="/app/vendor/gammamatrix/playground-test/src/Feature/Http/Controllers/Resource/Playground/UnlockJsonTrait.php" line="145" class="Tests\Feature\Playground\Lead\Resource\Http\Controllers\Playground\TeamRouteTest" classname="Tests.Feature.Playground.Lead.Resource.Http.Controllers.Playground.TeamRouteTest" assertions="3" time="0.470422"/>
        <testcase name="test_guest_cannot_unlock" file="/app/vendor/gammamatrix/playground-test/src/Feature/Http/Controllers/Resource/Playground/UnlockTrait.php" line="36" class="Tests\Feature\Playground\Lead\Resource\Http\Controllers\Playground\TeamRouteTest" classname="Tests.Feature.Playground.Lead.Resource.Http.Controllers.Playground.TeamRouteTest" assertions="3" time="0.375652"/>
        <testcase name="test_unlock_as_admin_and_succeed" file="/app/vendor/gammamatrix/playground-test/src/Feature/Http/Controllers/Resource/Playground/UnlockTrait.php" line="68" class="Tests\Feature\Playground\Lead\Resource\Http\Controllers\Playground\TeamRouteTest" classname="Tests.Feature.Playground.Lead.Resource.Http.Controllers.Playground.TeamRouteTest" assertions="4" time="0.385322"/>
        <testcase name="test_unlock_as_admin_and_succeed_with_redirect_to_index_with_sorted_by_unlocked_desc" file="/app/vendor/gammamatrix/playground-test/src/Feature/Http/Controllers/Resource/Playground/UnlockTrait.php" line="109" class="Tests\Feature\Playground\Lead\Resource\Http\Controllers\Playground\TeamRouteTest" classname="Tests.Feature.Playground.Lead.Resource.Http.Controllers.Playground.TeamRouteTest" assertions="4" time="0.455488"/>
        <testcase name="test_unlock_as_user_and_get_denied" file="/app/vendor/gammamatrix/playground-test/src/Feature/Http/Controllers/Resource/Playground/UnlockTrait.php" line="148" class="Tests\Feature\Playground\Lead\Resource\Http\Controllers\Playground\TeamRouteTest" classname="Tests.Feature.Playground.Lead.Resource.Http.Controllers.Playground.TeamRouteTest" assertions="3" time="0.389226"/>
        <testcase name="test_json_guest_cannot_update" file="/app/vendor/gammamatrix/playground-test/src/Feature/Http/Controllers/Resource/Playground/UpdateJsonTrait.php" line="45" class="Tests\Feature\Playground\Lead\Resource\Http\Controllers\Playground\TeamRouteTest" classname="Tests.Feature.Playground.Lead.Resource.Http.Controllers.Playground.TeamRouteTest" assertions="1" time="0.401613"/>
        <testcase name="test_json_update_as_admin_without_payload_and_fail_validation" file="/app/vendor/gammamatrix/playground-test/src/Feature/Http/Controllers/Resource/Playground/UpdateJsonTrait.php" line="65" class="Tests\Feature\Playground\Lead\Resource\Http\Controllers\Playground\TeamRouteTest" classname="Tests.Feature.Playground.Lead.Resource.Http.Controllers.Playground.TeamRouteTest" assertions="4" time="0.475621"/>
        <testcase name="test_json_admin_can_update" file="/app/vendor/gammamatrix/playground-test/src/Feature/Http/Controllers/Resource/Playground/UpdateJsonTrait.php" line="90" class="Tests\Feature\Playground\Lead\Resource\Http\Controllers\Playground\TeamRouteTest" classname="Tests.Feature.Playground.Lead.Resource.Http.Controllers.Playground.TeamRouteTest" assertions="127" time="0.481728"/>
        <testcase name="test_guest_cannot_update" file="/app/vendor/gammamatrix/playground-test/src/Feature/Http/Controllers/Resource/Playground/UpdateTrait.php" line="45" class="Tests\Feature\Playground\Lead\Resource\Http\Controllers\Playground\TeamRouteTest" classname="Tests.Feature.Playground.Lead.Resource.Http.Controllers.Playground.TeamRouteTest" assertions="1" time="0.460587"/>
        <testcase name="test_update_as_admin_without_payload_and_fail_validation" file="/app/vendor/gammamatrix/playground-test/src/Feature/Http/Controllers/Resource/Playground/UpdateTrait.php" line="65" class="Tests\Feature\Playground\Lead\Resource\Http\Controllers\Playground\TeamRouteTest" classname="Tests.Feature.Playground.Lead.Resource.Http.Controllers.Playground.TeamRouteTest" assertions="4" time="0.388662"/>
        <testcase name="test_admin_can_update" file="/app/vendor/gammamatrix/playground-test/src/Feature/Http/Controllers/Resource/Playground/UpdateTrait.php" line="90" class="Tests\Feature\Playground\Lead\Resource\Http\Controllers\Playground\TeamRouteTest" classname="Tests.Feature.Playground.Lead.Resource.Http.Controllers.Playground.TeamRouteTest" assertions="6" time="0.520395"/>
        <testcase name="test_admin_can_update_view_with_return_url" file="/app/vendor/gammamatrix/playground-test/src/Feature/Http/Controllers/Resource/Playground/UpdateTrait.php" line="133" class="Tests\Feature\Playground\Lead\Resource\Http\Controllers\Playground\TeamRouteTest" classname="Tests.Feature.Playground.Lead.Resource.Http.Controllers.Playground.TeamRouteTest" assertions="6" time="0.498586"/>
      </testsuite>
      <testsuite name="Tests\Feature\Playground\Lead\Resource\Http\Controllers\Playground\TeammateRouteTest" file="/app/tests/Feature/Http/Controllers/Playground/TeammateRouteTest.php" tests="73" assertions="1335" errors="0" failures="0" skipped="0" time="30.384950">
        <testcase name="test_json_guest_cannot_get_create_info" file="/app/vendor/gammamatrix/playground-test/src/Feature/Http/Controllers/Resource/Playground/CreateJsonTrait.php" line="38" class="Tests\Feature\Playground\Lead\Resource\Http\Controllers\Playground\TeammateRouteTest" classname="Tests.Feature.Playground.Lead.Resource.Http.Controllers.Playground.TeammateRouteTest" assertions="1" time="0.402229"/>
        <testcase name="test_json_admin_can_get_create_info" file="/app/vendor/gammamatrix/playground-test/src/Feature/Http/Controllers/Resource/Playground/CreateJsonTrait.php" line="53" class="Tests\Feature\Playground\Lead\Resource\Http\Controllers\Playground\TeammateRouteTest" classname="Tests.Feature.Playground.Lead.Resource.Http.Controllers.Playground.TeammateRouteTest" assertions="123" time="0.452954"/>
        <testcase name="test_json_get_create_info_as_admin_with_invalid_parameter_and_fail_validation" file="/app/vendor/gammamatrix/playground-test/src/Feature/Http/Controllers/Resource/Playground/CreateJsonTrait.php" line="73" class="Tests\Feature\Playground\Lead\Resource\Http\Controllers\Playground\TeammateRouteTest" classname="Tests.Feature.Playground.Lead.Resource.Http.Controllers.Playground.TeammateRouteTest" assertions="4" time="0.385467"/>
        <testcase name="test_guest_cannot_render_create_view" file="/app/vendor/gammamatrix/playground-test/src/Feature/Http/Controllers/Resource/Playground/CreateTrait.php" line="33" class="Tests\Feature\Playground\Lead\Resource\Http\Controllers\Playground\TeammateRouteTest" classname="Tests.Feature.Playground.Lead.Resource.Http.Controllers.Playground.TeammateRouteTest" assertions="1" time="0.429035"/>
        <testcase name="test_admin_can_render_create_view" file="/app/vendor/gammamatrix/playground-test/src/Feature/Http/Controllers/Resource/Playground/CreateTrait.php" line="47" class="Tests\Feature\Playground\Lead\Resource\Http\Controllers\Playground\TeammateRouteTest" classname="Tests.Feature.Playground.Lead.Resource.Http.Controllers.Playground.TeammateRouteTest" assertions="2" time="0.422343"/>
        <testcase name="test_admin_can_render_create_view_with_return_url" file="/app/vendor/gammamatrix/playground-test/src/Feature/Http/Controllers/Resource/Playground/CreateTrait.php" line="65" class="Tests\Feature\Playground\Lead\Resource\Http\Controllers\Playground\TeammateRouteTest" classname="Tests.Feature.Playground.Lead.Resource.Http.Controllers.Playground.TeammateRouteTest" assertions="3" time="0.395625"/>
        <testcase name="test_create_view_as_admin_with_invalid_parameter_and_fail_validation_and_redirect" file="/app/vendor/gammamatrix/playground-test/src/Feature/Http/Controllers/Resource/Playground/CreateTrait.php" line="92" class="Tests\Feature\Playground\Lead\Resource\Http\Controllers\Playground\TeammateRouteTest" classname="Tests.Feature.Playground.Lead.Resource.Http.Controllers.Playground.TeammateRouteTest" assertions="5" time="0.449393"/>
        <testcase name="test_json_guest_cannot_destroy" file="/app/vendor/gammamatrix/playground-test/src/Feature/Http/Controllers/Resource/Playground/DestroyJsonTrait.php" line="31" class="Tests\Feature\Playground\Lead\Resource\Http\Controllers\Playground\TeammateRouteTest" classname="Tests.Feature.Playground.Lead.Resource.Http.Controllers.Playground.TeammateRouteTest" assertions="3" time="0.363328"/>
        <testcase name="test_json_destroy_as_admin_and_succeed" file="/app/vendor/gammamatrix/playground-test/src/Feature/Http/Controllers/Resource/Playground/DestroyJsonTrait.php" line="61" class="Tests\Feature\Playground\Lead\Resource\Http\Controllers\Playground\TeammateRouteTest" classname="Tests.Feature.Playground.Lead.Resource.Http.Controllers.Playground.TeammateRouteTest" assertions="5" time="0.379793"/>
        <testcase name="test_json_destroy_as_admin_and_succeed_with_force_delete" file="/app/vendor/gammamatrix/playground-test/src/Feature/Http/Controllers/Resource/Playground/DestroyJsonTrait.php" line="100" class="Tests\Feature\Playground\Lead\Resource\Http\Controllers\Playground\TeammateRouteTest" classname="Tests.Feature.Playground.Lead.Resource.Http.Controllers.Playground.TeammateRouteTest" assertions="4" time="0.451377"/>
        <testcase name="test_json_destroy_as_admin_and_succeed_with_no_content" file="/app/vendor/gammamatrix/playground-test/src/Feature/Http/Controllers/Resource/Playground/DestroyJsonTrait.php" line="132" class="Tests\Feature\Playground\Lead\Resource\Http\Controllers\Playground\TeammateRouteTest" classname="Tests.Feature.Playground.Lead.Resource.Http.Controllers.Playground.TeammateRouteTest" assertions="5" time="0.374325"/>
        <testcase name="test_json_destroy_as_admin_and_succeed_and_ignore_redirect" file="/app/vendor/gammamatrix/playground-test/src/Feature/Http/Controllers/Resource/Playground/DestroyJsonTrait.php" line="167" class="Tests\Feature\Playground\Lead\Resource\Http\Controllers\Playground\TeammateRouteTest" classname="Tests.Feature.Playground.Lead.Resource.Http.Controllers.Playground.TeammateRouteTest" assertions="5" time="0.455623"/>
        <testcase name="test_json_destroy_as_user_and_get_denied_and_no_force_delete_allowed" file="/app/vendor/gammamatrix/playground-test/src/Feature/Http/Controllers/Resource/Playground/DestroyJsonTrait.php" line="209" class="Tests\Feature\Playground\Lead\Resource\Http\Controllers\Playground\TeammateRouteTest" classname="Tests.Feature.Playground.Lead.Resource.Http.Controllers.Playground.TeammateRouteTest" assertions="3" time="0.371506"/>
        <testcase name="test_guest_cannot_destroy" file="/app/vendor/gammamatrix/playground-test/src/Feature/Http/Controllers/Resource/Playground/DestroyTrait.php" line="31" class="Tests\Feature\Playground\Lead\Resource\Http\Controllers\Playground\TeammateRouteTest" classname="Tests.Feature.Playground.Lead.Resource.Http.Controllers.Playground.TeammateRouteTest" assertions="3" time="0.369339"/>
        <testcase name="test_destroy_as_admin_and_succeed" file="/app/vendor/gammamatrix/playground-test/src/Feature/Http/Controllers/Resource/Playground/DestroyTrait.php" line="61" class="Tests\Feature\Playground\Lead\Resource\Http\Controllers\Playground\TeammateRouteTest" classname="Tests.Feature.Playground.Lead.Resource.Http.Controllers.Playground.TeammateRouteTest" assertions="5" time="0.464905"/>
        <testcase name="test_destroy_as_admin_and_succeed_with_force_delete" file="/app/vendor/gammamatrix/playground-test/src/Feature/Http/Controllers/Resource/Playground/DestroyTrait.php" line="97" class="Tests\Feature\Playground\Lead\Resource\Http\Controllers\Playground\TeammateRouteTest" classname="Tests.Feature.Playground.Lead.Resource.Http.Controllers.Playground.TeammateRouteTest" assertions="4" time="0.373020"/>
        <testcase name="test_destroy_as_admin_and_succeed_with_redirect_to_index_with_trash" file="/app/vendor/gammamatrix/playground-test/src/Feature/Http/Controllers/Resource/Playground/DestroyTrait.php" line="129" class="Tests\Feature\Playground\Lead\Resource\Http\Controllers\Playground\TeammateRouteTest" classname="Tests.Feature.Playground.Lead.Resource.Http.Controllers.Playground.TeammateRouteTest" assertions="5" time="0.377734"/>
        <testcase name="test_destroy_as_user_and_get_denied_and_no_force_delete_allowed" file="/app/vendor/gammamatrix/playground-test/src/Feature/Http/Controllers/Resource/Playground/DestroyTrait.php" line="171" class="Tests\Feature\Playground\Lead\Resource\Http\Controllers\Playground\TeammateRouteTest" classname="Tests.Feature.Playground.Lead.Resource.Http.Controllers.Playground.TeammateRouteTest" assertions="3" time="0.444212"/>
        <testcase name="test_json_guest_cannot_get_edit_info" file="/app/vendor/gammamatrix/playground-test/src/Feature/Http/Controllers/Resource/Playground/EditJsonTrait.php" line="38" class="Tests\Feature\Playground\Lead\Resource\Http\Controllers\Playground\TeammateRouteTest" classname="Tests.Feature.Playground.Lead.Resource.Http.Controllers.Playground.TeammateRouteTest" assertions="1" time="0.362553"/>
        <testcase name="test_json_admin_can_get_edit_info" file="/app/vendor/gammamatrix/playground-test/src/Feature/Http/Controllers/Resource/Playground/EditJsonTrait.php" line="58" class="Tests\Feature\Playground\Lead\Resource\Http\Controllers\Playground\TeammateRouteTest" classname="Tests.Feature.Playground.Lead.Resource.Http.Controllers.Playground.TeammateRouteTest" assertions="4" time="0.477705"/>
        <testcase name="test_json_edit_as_admin_and_fail_validation_with_invalid_parameter" file="/app/vendor/gammamatrix/playground-test/src/Feature/Http/Controllers/Resource/Playground/EditJsonTrait.php" line="87" class="Tests\Feature\Playground\Lead\Resource\Http\Controllers\Playground\TeammateRouteTest" classname="Tests.Feature.Playground.Lead.Resource.Http.Controllers.Playground.TeammateRouteTest" assertions="4" time="0.393934"/>
        <testcase name="test_guest_cannot_render_edit_view" file="/app/vendor/gammamatrix/playground-test/src/Feature/Http/Controllers/Resource/Playground/EditTrait.php" line="33" class="Tests\Feature\Playground\Lead\Resource\Http\Controllers\Playground\TeammateRouteTest" classname="Tests.Feature.Playground.Lead.Resource.Http.Controllers.Playground.TeammateRouteTest" assertions="1" time="0.370432"/>
        <testcase name="test_admin_can_render_edit_view" file="/app/vendor/gammamatrix/playground-test/src/Feature/Http/Controllers/Resource/Playground/EditTrait.php" line="53" class="Tests\Feature\Playground\Lead\Resource\Http\Controllers\Playground\TeammateRouteTest" classname="Tests.Feature.Playground.Lead.Resource.Http.Controllers.Playground.TeammateRouteTest" assertions="2" time="0.480283"/>
        <testcase name="test_admin_can_render_edit_view_with_return_url" file="/app/vendor/gammamatrix/playground-test/src/Feature/Http/Controllers/Resource/Playground/EditTrait.php" line="77" class="Tests\Feature\Playground\Lead\Resource\Http\Controllers\Playground\TeammateRouteTest" classname="Tests.Feature.Playground.Lead.Resource.Http.Controllers.Playground.TeammateRouteTest" assertions="3" time="0.407647"/>
        <testcase name="test_edit_view_as_admin_with_invalid_parameter_and_fail_validation_and_redirect" file="/app/vendor/gammamatrix/playground-test/src/Feature/Http/Controllers/Resource/Playground/EditTrait.php" line="109" class="Tests\Feature\Playground\Lead\Resource\Http\Controllers\Playground\TeammateRouteTest" classname="Tests.Feature.Playground.Lead.Resource.Http.Controllers.Playground.TeammateRouteTest" assertions="4" time="0.460903"/>
        <testcase name="test_json_guest_cannot_get_index" file="/app/vendor/gammamatrix/playground-test/src/Feature/Http/Controllers/Resource/Playground/IndexJsonTrait.php" line="34" class="Tests\Feature\Playground\Lead\Resource\Http\Controllers\Playground\TeammateRouteTest" classname="Tests.Feature.Playground.Lead.Resource.Http.Controllers.Playground.TeammateRouteTest" assertions="1" time="0.381395"/>
        <testcase name="test_json_admin_can_get_index" file="/app/vendor/gammamatrix/playground-test/src/Feature/Http/Controllers/Resource/Playground/IndexJsonTrait.php" line="49" class="Tests\Feature\Playground\Lead\Resource\Http\Controllers\Playground\TeammateRouteTest" classname="Tests.Feature.Playground.Lead.Resource.Http.Controllers.Playground.TeammateRouteTest" assertions="130" time="0.393316"/>
        <testcase name="test_json_admin_can_get_index_with_filters" file="/app/vendor/gammamatrix/playground-test/src/Feature/Http/Controllers/Resource/Playground/IndexJsonTrait.php" line="85" class="Tests\Feature\Playground\Lead\Resource\Http\Controllers\Playground\TeammateRouteTest" classname="Tests.Feature.Playground.Lead.Resource.Http.Controllers.Playground.TeammateRouteTest" assertions="3" time="0.467276"/>
        <testcase name="test_guest_cannot_render_index_view" file="/app/vendor/gammamatrix/playground-test/src/Feature/Http/Controllers/Resource/Playground/IndexTrait.php" line="29" class="Tests\Feature\Playground\Lead\Resource\Http\Controllers\Playground\TeammateRouteTest" classname="Tests.Feature.Playground.Lead.Resource.Http.Controllers.Playground.TeammateRouteTest" assertions="1" time="0.369961"/>
        <testcase name="test_admin_can_render_index_view" file="/app/vendor/gammamatrix/playground-test/src/Feature/Http/Controllers/Resource/Playground/IndexTrait.php" line="44" class="Tests\Feature\Playground\Lead\Resource\Http\Controllers\Playground\TeammateRouteTest" classname="Tests.Feature.Playground.Lead.Resource.Http.Controllers.Playground.TeammateRouteTest" assertions="2" time="0.445846"/>
        <testcase name="test_admin_can_render_index_view_with_filters" file="/app/vendor/gammamatrix/playground-test/src/Feature/Http/Controllers/Resource/Playground/IndexTrait.php" line="77" class="Tests\Feature\Playground\Lead\Resource\Http\Controllers\Playground\TeammateRouteTest" classname="Tests.Feature.Playground.Lead.Resource.Http.Controllers.Playground.TeammateRouteTest" assertions="3" time="0.480602"/>
        <testcase name="test_json_guest_cannot_lock" file="/app/vendor/gammamatrix/playground-test/src/Feature/Http/Controllers/Resource/Playground/LockJsonTrait.php" line="36" class="Tests\Feature\Playground\Lead\Resource\Http\Controllers\Playground\TeammateRouteTest" classname="Tests.Feature.Playground.Lead.Resource.Http.Controllers.Playground.TeammateRouteTest" assertions="3" time="0.367418"/>
        <testcase name="test_json_lock_as_admin_and_succeed" file="/app/vendor/gammamatrix/playground-test/src/Feature/Http/Controllers/Resource/Playground/LockJsonTrait.php" line="66" class="Tests\Feature\Playground\Lead\Resource\Http\Controllers\Playground\TeammateRouteTest" classname="Tests.Feature.Playground.Lead.Resource.Http.Controllers.Playground.TeammateRouteTest" assertions="3" time="0.485019"/>
        <testcase name="test_json_lock_as_admin_and_succeed_with_no_redirect" file="/app/vendor/gammamatrix/playground-test/src/Feature/Http/Controllers/Resource/Playground/LockJsonTrait.php" line="98" class="Tests\Feature\Playground\Lead\Resource\Http\Controllers\Playground\TeammateRouteTest" classname="Tests.Feature.Playground.Lead.Resource.Http.Controllers.Playground.TeammateRouteTest" assertions="125" time="0.390190"/>
        <testcase name="test_json_lock_as_user_and_get_denied" file="/app/vendor/gammamatrix/playground-test/src/Feature/Http/Controllers/Resource/Playground/LockJsonTrait.php" line="143" class="Tests\Feature\Playground\Lead\Resource\Http\Controllers\Playground\TeammateRouteTest" classname="Tests.Feature.Playground.Lead.Resource.Http.Controllers.Playground.TeammateRouteTest" assertions="3" time="0.373677"/>
        <testcase name="test_guest_cannot_lock" file="/app/vendor/gammamatrix/playground-test/src/Feature/Http/Controllers/Resource/Playground/LockTrait.php" line="31" class="Tests\Feature\Playground\Lead\Resource\Http\Controllers\Playground\TeammateRouteTest" classname="Tests.Feature.Playground.Lead.Resource.Http.Controllers.Playground.TeammateRouteTest" assertions="3" time="0.456732"/>
        <testcase name="test_lock_as_admin_and_succeed" file="/app/vendor/gammamatrix/playground-test/src/Feature/Http/Controllers/Resource/Playground/LockTrait.php" line="61" class="Tests\Feature\Playground\Lead\Resource\Http\Controllers\Playground\TeammateRouteTest" classname="Tests.Feature.Playground.Lead.Resource.Http.Controllers.Playground.TeammateRouteTest" assertions="4" time="0.388901"/>
        <testcase name="test_lock_as_admin_and_succeed_with_redirect_to_index_with_sorted_by_locked_desc" file="/app/vendor/gammamatrix/playground-test/src/Feature/Http/Controllers/Resource/Playground/LockTrait.php" line="95" class="Tests\Feature\Playground\Lead\Resource\Http\Controllers\Playground\TeammateRouteTest" classname="Tests.Feature.Playground.Lead.Resource.Http.Controllers.Playground.TeammateRouteTest" assertions="4" time="0.450580"/>
        <testcase name="test_lock_as_user_and_get_denied" file="/app/vendor/gammamatrix/playground-test/src/Feature/Http/Controllers/Resource/Playground/LockTrait.php" line="132" class="Tests\Feature\Playground\Lead\Resource\Http\Controllers\Playground\TeammateRouteTest" classname="Tests.Feature.Playground.Lead.Resource.Http.Controllers.Playground.TeammateRouteTest" assertions="3" time="0.372107"/>
        <testcase name="test_json_guest_cannot_restore" file="/app/vendor/gammamatrix/playground-test/src/Feature/Http/Controllers/Resource/Playground/RestoreJsonTrait.php" line="32" class="Tests\Feature\Playground\Lead\Resource\Http\Controllers\Playground\TeammateRouteTest" classname="Tests.Feature.Playground.Lead.Resource.Http.Controllers.Playground.TeammateRouteTest" assertions="3" time="0.363759"/>
        <testcase name="test_json_restore_as_admin_and_succeed" file="/app/vendor/gammamatrix/playground-test/src/Feature/Http/Controllers/Resource/Playground/RestoreJsonTrait.php" line="64" class="Tests\Feature\Playground\Lead\Resource\Http\Controllers\Playground\TeammateRouteTest" classname="Tests.Feature.Playground.Lead.Resource.Http.Controllers.Playground.TeammateRouteTest" assertions="125" time="0.457397"/>
        <testcase name="test_json_restore_as_admin_and_succeed_with_no_redirect" file="/app/vendor/gammamatrix/playground-test/src/Feature/Http/Controllers/Resource/Playground/RestoreJsonTrait.php" line="100" class="Tests\Feature\Playground\Lead\Resource\Http\Controllers\Playground\TeammateRouteTest" classname="Tests.Feature.Playground.Lead.Resource.Http.Controllers.Playground.TeammateRouteTest" assertions="125" time="0.394051"/>
        <testcase name="test_json_restore_as_user_and_get_denied" file="/app/vendor/gammamatrix/playground-test/src/Feature/Http/Controllers/Resource/Playground/RestoreJsonTrait.php" line="143" class="Tests\Feature\Playground\Lead\Resource\Http\Controllers\Playground\TeammateRouteTest" classname="Tests.Feature.Playground.Lead.Resource.Http.Controllers.Playground.TeammateRouteTest" assertions="3" time="0.374601"/>
        <testcase name="test_guest_cannot_restore" file="/app/vendor/gammamatrix/playground-test/src/Feature/Http/Controllers/Resource/Playground/RestoreTrait.php" line="32" class="Tests\Feature\Playground\Lead\Resource\Http\Controllers\Playground\TeammateRouteTest" classname="Tests.Feature.Playground.Lead.Resource.Http.Controllers.Playground.TeammateRouteTest" assertions="3" time="0.456849"/>
        <testcase name="test_restore_as_admin_and_succeed" file="/app/vendor/gammamatrix/playground-test/src/Feature/Http/Controllers/Resource/Playground/RestoreTrait.php" line="64" class="Tests\Feature\Playground\Lead\Resource\Http\Controllers\Playground\TeammateRouteTest" classname="Tests.Feature.Playground.Lead.Resource.Http.Controllers.Playground.TeammateRouteTest" assertions="4" time="0.390893"/>
        <testcase name="test_restore_as_admin_and_succeed_with_redirect_to_index_with_only_trash" file="/app/vendor/gammamatrix/playground-test/src/Feature/Http/Controllers/Resource/Playground/RestoreTrait.php" line="100" class="Tests\Feature\Playground\Lead\Resource\Http\Controllers\Playground\TeammateRouteTest" classname="Tests.Feature.Playground.Lead.Resource.Http.Controllers.Playground.TeammateRouteTest" assertions="4" time="0.460077"/>
        <testcase name="test_restore_as_user_and_get_denied" file="/app/vendor/gammamatrix/playground-test/src/Feature/Http/Controllers/Resource/Playground/RestoreTrait.php" line="146" class="Tests\Feature\Playground\Lead\Resource\Http\Controllers\Playground\TeammateRouteTest" classname="Tests.Feature.Playground.Lead.Resource.Http.Controllers.Playground.TeammateRouteTest" assertions="3" time="0.380042"/>
        <testcase name="test_json_guest_cannot_see_info" file="/app/vendor/gammamatrix/playground-test/src/Feature/Http/Controllers/Resource/Playground/ShowJsonTrait.php" line="29" class="Tests\Feature\Playground\Lead\Resource\Http\Controllers\Playground\TeammateRouteTest" classname="Tests.Feature.Playground.Lead.Resource.Http.Controllers.Playground.TeammateRouteTest" assertions="1" time="0.386262"/>
        <testcase name="test_json_show_info_for_admin" file="/app/vendor/gammamatrix/playground-test/src/Feature/Http/Controllers/Resource/Playground/ShowJsonTrait.php" line="49" class="Tests\Feature\Playground\Lead\Resource\Http\Controllers\Playground\TeammateRouteTest" classname="Tests.Feature.Playground.Lead.Resource.Http.Controllers.Playground.TeammateRouteTest" assertions="124" time="0.452883"/>
        <testcase name="test_guest_cannot_render_show_view" file="/app/vendor/gammamatrix/playground-test/src/Feature/Http/Controllers/Resource/Playground/ShowTrait.php" line="29" class="Tests\Feature\Playground\Lead\Resource\Http\Controllers\Playground\TeammateRouteTest" classname="Tests.Feature.Playground.Lead.Resource.Http.Controllers.Playground.TeammateRouteTest" assertions="1" time="0.369375"/>
        <testcase name="test_show_view_rendered_by_admin" file="/app/vendor/gammamatrix/playground-test/src/Feature/Http/Controllers/Resource/Playground/ShowTrait.php" line="49" class="Tests\Feature\Playground\Lead\Resource\Http\Controllers\Playground\TeammateRouteTest" classname="Tests.Feature.Playground.Lead.Resource.Http.Controllers.Playground.TeammateRouteTest" assertions="2" time="0.389394"/>
        <testcase name="test_json_guest_cannot_store" file="/app/vendor/gammamatrix/playground-test/src/Feature/Http/Controllers/Resource/Playground/StoreJsonTrait.php" line="43" class="Tests\Feature\Playground\Lead\Resource\Http\Controllers\Playground\TeammateRouteTest" classname="Tests.Feature.Playground.Lead.Resource.Http.Controllers.Playground.TeammateRouteTest" assertions="3" time="0.442112"/>
        <testcase name="test_json_store_as_admin_without_payload_and_fail_validation" file="/app/vendor/gammamatrix/playground-test/src/Feature/Http/Controllers/Resource/Playground/StoreJsonTrait.php" line="66" class="Tests\Feature\Playground\Lead\Resource\Http\Controllers\Playground\TeammateRouteTest" classname="Tests.Feature.Playground.Lead.Resource.Http.Controllers.Playground.TeammateRouteTest" assertions="5" time="0.389744"/>
        <testcase name="test_json_store_as_admin_and_succeed" file="/app/vendor/gammamatrix/playground-test/src/Feature/Http/Controllers/Resource/Playground/StoreJsonTrait.php" line="92" class="Tests\Feature\Playground\Lead\Resource\Http\Controllers\Playground\TeammateRouteTest" classname="Tests.Feature.Playground.Lead.Resource.Http.Controllers.Playground.TeammateRouteTest" assertions="3" time="0.482816"/>
        <testcase name="test_guest_cannot_store" file="/app/vendor/gammamatrix/playground-test/src/Feature/Http/Controllers/Resource/Playground/StoreTrait.php" line="38" class="Tests\Feature\Playground\Lead\Resource\Http\Controllers\Playground\TeammateRouteTest" classname="Tests.Feature.Playground.Lead.Resource.Http.Controllers.Playground.TeammateRouteTest" assertions="3" time="0.364501"/>
        <testcase name="test_store_as_admin_without_payload_and_fail_validation" file="/app/vendor/gammamatrix/playground-test/src/Feature/Http/Controllers/Resource/Playground/StoreTrait.php" line="61" class="Tests\Feature\Playground\Lead\Resource\Http\Controllers\Playground\TeammateRouteTest" classname="Tests.Feature.Playground.Lead.Resource.Http.Controllers.Playground.TeammateRouteTest" assertions="5" time="0.385372"/>
        <testcase name="test_store_as_admin_and_succeed" file="/app/vendor/gammamatrix/playground-test/src/Feature/Http/Controllers/Resource/Playground/StoreTrait.php" line="90" class="Tests\Feature\Playground\Lead\Resource\Http\Controllers\Playground\TeammateRouteTest" classname="Tests.Feature.Playground.Lead.Resource.Http.Controllers.Playground.TeammateRouteTest" assertions="4" time="0.488277"/>
        <testcase name="test_store_as_admin_and_succeed_with_return_url" file="/app/vendor/gammamatrix/playground-test/src/Feature/Http/Controllers/Resource/Playground/StoreTrait.php" line="135" class="Tests\Feature\Playground\Lead\Resource\Http\Controllers\Playground\TeammateRouteTest" classname="Tests.Feature.Playground.Lead.Resource.Http.Controllers.Playground.TeammateRouteTest" assertions="4" time="0.406215"/>
        <testcase name="test_json_guest_cannot_unlock" file="/app/vendor/gammamatrix/playground-test/src/Feature/Http/Controllers/Resource/Playground/UnlockJsonTrait.php" line="36" class="Tests\Feature\Playground\Lead\Resource\Http\Controllers\Playground\TeammateRouteTest" classname="Tests.Feature.Playground.Lead.Resource.Http.Controllers.Playground.TeammateRouteTest" assertions="3" time="0.456145"/>
        <testcase name="test_json_unlock_as_admin_and_succeed" file="/app/vendor/gammamatrix/playground-test/src/Feature/Http/Controllers/Resource/Playground/UnlockJsonTrait.php" line="68" class="Tests\Feature\Playground\Lead\Resource\Http\Controllers\Playground\TeammateRouteTest" classname="Tests.Feature.Playground.Lead.Resource.Http.Controllers.Playground.TeammateRouteTest" assertions="125" time="0.394572"/>
        <testcase name="test_json_unlock_as_admin_and_succeed_with_no_redirect" file="/app/vendor/gammamatrix/playground-test/src/Feature/Http/Controllers/Resource/Playground/UnlockJsonTrait.php" line="104" class="Tests\Feature\Playground\Lead\Resource\Http\Controllers\Playground\TeammateRouteTest" classname="Tests.Feature.Playground.Lead.Resource.Http.Controllers.Playground.TeammateRouteTest" assertions="125" time="0.387325"/>
        <testcase name="test_json_unlock_as_user_and_get_denied" file="/app/vendor/gammamatrix/playground-test/src/Feature/Http/Controllers/Resource/Playground/UnlockJsonTrait.php" line="145" class="Tests\Feature\Playground\Lead\Resource\Http\Controllers\Playground\TeammateRouteTest" classname="Tests.Feature.Playground.Lead.Resource.Http.Controllers.Playground.TeammateRouteTest" assertions="3" time="0.460352"/>
        <testcase name="test_guest_cannot_unlock" file="/app/vendor/gammamatrix/playground-test/src/Feature/Http/Controllers/Resource/Playground/UnlockTrait.php" line="36" class="Tests\Feature\Playground\Lead\Resource\Http\Controllers\Playground\TeammateRouteTest" classname="Tests.Feature.Playground.Lead.Resource.Http.Controllers.Playground.TeammateRouteTest" assertions="3" time="0.382305"/>
        <testcase name="test_unlock_as_admin_and_succeed" file="/app/vendor/gammamatrix/playground-test/src/Feature/Http/Controllers/Resource/Playground/UnlockTrait.php" line="68" class="Tests\Feature\Playground\Lead\Resource\Http\Controllers\Playground\TeammateRouteTest" classname="Tests.Feature.Playground.Lead.Resource.Http.Controllers.Playground.TeammateRouteTest" assertions="4" time="0.389633"/>
        <testcase name="test_unlock_as_admin_and_succeed_with_redirect_to_index_with_sorted_by_unlocked_desc" file="/app/vendor/gammamatrix/playground-test/src/Feature/Http/Controllers/Resource/Playground/UnlockTrait.php" line="109" class="Tests\Feature\Playground\Lead\Resource\Http\Controllers\Playground\TeammateRouteTest" classname="Tests.Feature.Playground.Lead.Resource.Http.Controllers.Playground.TeammateRouteTest" assertions="4" time="0.480851"/>
        <testcase name="test_unlock_as_user_and_get_denied" file="/app/vendor/gammamatrix/playground-test/src/Feature/Http/Controllers/Resource/Playground/UnlockTrait.php" line="148" class="Tests\Feature\Playground\Lead\Resource\Http\Controllers\Playground\TeammateRouteTest" classname="Tests.Feature.Playground.Lead.Resource.Http.Controllers.Playground.TeammateRouteTest" assertions="3" time="0.379577"/>
        <testcase name="test_json_guest_cannot_update" file="/app/vendor/gammamatrix/playground-test/src/Feature/Http/Controllers/Resource/Playground/UpdateJsonTrait.php" line="45" class="Tests\Feature\Playground\Lead\Resource\Http\Controllers\Playground\TeammateRouteTest" classname="Tests.Feature.Playground.Lead.Resource.Http.Controllers.Playground.TeammateRouteTest" assertions="1" time="0.451322"/>
        <testcase name="test_json_update_as_admin_without_payload_and_fail_validation" file="/app/vendor/gammamatrix/playground-test/src/Feature/Http/Controllers/Resource/Playground/UpdateJsonTrait.php" line="65" class="Tests\Feature\Playground\Lead\Resource\Http\Controllers\Playground\TeammateRouteTest" classname="Tests.Feature.Playground.Lead.Resource.Http.Controllers.Playground.TeammateRouteTest" assertions="4" time="0.391731"/>
        <testcase name="test_json_admin_can_update" file="/app/vendor/gammamatrix/playground-test/src/Feature/Http/Controllers/Resource/Playground/UpdateJsonTrait.php" line="90" class="Tests\Feature\Playground\Lead\Resource\Http\Controllers\Playground\TeammateRouteTest" classname="Tests.Feature.Playground.Lead.Resource.Http.Controllers.Playground.TeammateRouteTest" assertions="127" time="0.440073"/>
        <testcase name="test_guest_cannot_update" file="/app/vendor/gammamatrix/playground-test/src/Feature/Http/Controllers/Resource/Playground/UpdateTrait.php" line="45" class="Tests\Feature\Playground\Lead\Resource\Http\Controllers\Playground\TeammateRouteTest" classname="Tests.Feature.Playground.Lead.Resource.Http.Controllers.Playground.TeammateRouteTest" assertions="1" time="0.461664"/>
        <testcase name="test_update_as_admin_without_payload_and_fail_validation" file="/app/vendor/gammamatrix/playground-test/src/Feature/Http/Controllers/Resource/Playground/UpdateTrait.php" line="65" class="Tests\Feature\Playground\Lead\Resource\Http\Controllers\Playground\TeammateRouteTest" classname="Tests.Feature.Playground.Lead.Resource.Http.Controllers.Playground.TeammateRouteTest" assertions="4" time="0.404576"/>
        <testcase name="test_admin_can_update" file="/app/vendor/gammamatrix/playground-test/src/Feature/Http/Controllers/Resource/Playground/UpdateTrait.php" line="90" class="Tests\Feature\Playground\Lead\Resource\Http\Controllers\Playground\TeammateRouteTest" classname="Tests.Feature.Playground.Lead.Resource.Http.Controllers.Playground.TeammateRouteTest" assertions="6" time="0.496742"/>
        <testcase name="test_admin_can_update_view_with_return_url" file="/app/vendor/gammamatrix/playground-test/src/Feature/Http/Controllers/Resource/Playground/UpdateTrait.php" line="133" class="Tests\Feature\Playground\Lead\Resource\Http\Controllers\Playground\TeammateRouteTest" classname="Tests.Feature.Playground.Lead.Resource.Http.Controllers.Playground.TeammateRouteTest" assertions="6" time="0.434778"/>
      </testsuite>
      <testsuite name="Tests\Feature\Playground\Lead\Resource\Http\Requests\FormRequest\InstanceTest" file="/app/tests/Feature/Http/Requests/FormRequest/InstanceTest.php" tests="1" assertions="1" errors="0" failures="0" skipped="0" time="0.351200">
        <testcase name="test_FormRequest_authorize_with_admin" file="/app/tests/Feature/Http/Requests/FormRequest/InstanceTest.php" line="21" class="Tests\Feature\Playground\Lead\Resource\Http\Requests\FormRequest\InstanceTest" classname="Tests.Feature.Playground.Lead.Resource.Http.Requests.FormRequest.InstanceTest" assertions="1" time="0.351200"/>
      </testsuite>
    </testsuite>
  </testsuite>
</testsuites>
