<?xml version="1.0" encoding="UTF-8"?>
<testsuites>
  <testsuite name="/app/phpunit.xml.dist" tests="399" assertions="11845" errors="0" failures="0" skipped="0" time="136.019804">
    <testsuite name="Unit" tests="13" assertions="18" errors="0" failures="0" skipped="0" time="0.855630">
      <testsuite name="Tests\Unit\Playground\Lead\Resource\Http\Requests\Campaign\CreateRequestTest" file="/app/tests/Unit/Http/Requests/Campaign/CreateRequestTest.php" tests="1" assertions="1" errors="0" failures="0" skipped="0" time="0.335346">
        <testcase name="test_request_instance" file="/app/vendor/gammamatrix/playground-test/src/Unit/Http/Requests/RequestCase.php" line="41" class="Tests\Unit\Playground\Lead\Resource\Http\Requests\Campaign\CreateRequestTest" classname="Tests.Unit.Playground.Lead.Resource.Http.Requests.Campaign.CreateRequestTest" assertions="1" time="0.335346"/>
      </testsuite>
      <testsuite name="Tests\Unit\Playground\Lead\Resource\Http\Requests\Campaign\StoreRequestTest" file="/app/tests/Unit/Http/Requests/Campaign/StoreRequestTest.php" tests="1" assertions="1" errors="0" failures="0" skipped="0" time="0.076622">
        <testcase name="test_request_instance" file="/app/vendor/gammamatrix/playground-test/src/Unit/Http/Requests/RequestCase.php" line="41" class="Tests\Unit\Playground\Lead\Resource\Http\Requests\Campaign\StoreRequestTest" classname="Tests.Unit.Playground.Lead.Resource.Http.Requests.Campaign.StoreRequestTest" assertions="1" time="0.076622"/>
      </testsuite>
      <testsuite name="Tests\Unit\Playground\Lead\Resource\Http\Requests\Campaign\UpdateRequestTest" file="/app/tests/Unit/Http/Requests/Campaign/UpdateRequestTest.php" tests="1" assertions="1" errors="0" failures="0" skipped="0" time="0.040405">
        <testcase name="test_request_instance" file="/app/vendor/gammamatrix/playground-test/src/Unit/Http/Requests/RequestCase.php" line="41" class="Tests\Unit\Playground\Lead\Resource\Http\Requests\Campaign\UpdateRequestTest" classname="Tests.Unit.Playground.Lead.Resource.Http.Requests.Campaign.UpdateRequestTest" assertions="1" time="0.040405"/>
      </testsuite>
      <testsuite name="Tests\Unit\Playground\Lead\Resource\Http\Requests\FormRequest\InstanceTest" file="/app/tests/Unit/Http/Requests/FormRequest/InstanceTest.php" tests="5" assertions="6" errors="0" failures="0" skipped="0" time="0.217784">
        <testcase name="test_FormRequest_authorize_without_user" file="/app/tests/Unit/Http/Requests/FormRequest/InstanceTest.php" line="21" class="Tests\Unit\Playground\Lead\Resource\Http\Requests\FormRequest\InstanceTest" classname="Tests.Unit.Playground.Lead.Resource.Http.Requests.FormRequest.InstanceTest" assertions="1" time="0.037048"/>
        <testcase name="test_RULES_is_empty_by_default" file="/app/tests/Unit/Http/Requests/FormRequest/InstanceTest.php" line="28" class="Tests\Unit\Playground\Lead\Resource\Http\Requests\FormRequest\InstanceTest" classname="Tests.Unit.Playground.Lead.Resource.Http.Requests.FormRequest.InstanceTest" assertions="2" time="0.036787"/>
        <testcase name="test_userHasAdminPrivileges_without_user" file="/app/tests/Unit/Http/Requests/FormRequest/InstanceTest.php" line="36" class="Tests\Unit\Playground\Lead\Resource\Http\Requests\FormRequest\InstanceTest" classname="Tests.Unit.Playground.Lead.Resource.Http.Requests.FormRequest.InstanceTest" assertions="1" time="0.039109"/>
        <testcase name="test_userHasAdminPrivileges_with_admin" file="/app/tests/Unit/Http/Requests/FormRequest/InstanceTest.php" line="43" class="Tests\Unit\Playground\Lead\Resource\Http\Requests\FormRequest\InstanceTest" classname="Tests.Unit.Playground.Lead.Resource.Http.Requests.FormRequest.InstanceTest" assertions="1" time="0.063251"/>
        <testcase name="test_userHasAdminPrivileges_with_default_laravel_user" file="/app/tests/Unit/Http/Requests/FormRequest/InstanceTest.php" line="55" class="Tests\Unit\Playground\Lead\Resource\Http\Requests\FormRequest\InstanceTest" classname="Tests.Unit.Playground.Lead.Resource.Http.Requests.FormRequest.InstanceTest" assertions="1" time="0.041589"/>
      </testsuite>
      <testsuite name="Tests\Unit\Playground\Lead\Resource\Policies\CampaignPolicy\PolicyTest" file="/app/tests/Unit/Policies/CampaignPolicy/PolicyTest.php" tests="1" assertions="1" errors="0" failures="0" skipped="0" time="0.036346">
        <testcase name="test_policy_instance" file="/app/tests/Unit/Policies/CampaignPolicy/PolicyTest.php" line="18" class="Tests\Unit\Playground\Lead\Resource\Policies\CampaignPolicy\PolicyTest" classname="Tests.Unit.Playground.Lead.Resource.Policies.CampaignPolicy.PolicyTest" assertions="1" time="0.036346"/>
      </testsuite>
      <testsuite name="Tests\Unit\Playground\Lead\Resource\ServiceProvider\InstanceTest" file="/app/tests/Unit/ServiceProvider/InstanceTest.php" tests="4" assertions="8" errors="0" failures="0" skipped="0" time="0.149126">
        <testcase name="test_version_matches" file="/app/tests/Unit/ServiceProvider/InstanceTest.php" line="20" class="Tests\Unit\Playground\Lead\Resource\ServiceProvider\InstanceTest" classname="Tests.Unit.Playground.Lead.Resource.ServiceProvider.InstanceTest" assertions="3" time="0.036469"/>
        <testcase name="test_setPolicies_with_empty_array" file="/app/tests/Unit/ServiceProvider/InstanceTest.php" line="29" class="Tests\Unit\Playground\Lead\Resource\ServiceProvider\InstanceTest" classname="Tests.Unit.Playground.Lead.Resource.ServiceProvider.InstanceTest" assertions="1" time="0.036325"/>
        <testcase name="test_setPolicies_with_invalid_model" file="/app/tests/Unit/ServiceProvider/InstanceTest.php" line="43" class="Tests\Unit\Playground\Lead\Resource\ServiceProvider\InstanceTest" classname="Tests.Unit.Playground.Lead.Resource.ServiceProvider.InstanceTest" assertions="2" time="0.039100"/>
        <testcase name="test_setPolicies_with_invalid_policy" file="/app/tests/Unit/ServiceProvider/InstanceTest.php" line="72" class="Tests\Unit\Playground\Lead\Resource\ServiceProvider\InstanceTest" classname="Tests.Unit.Playground.Lead.Resource.ServiceProvider.InstanceTest" assertions="2" time="0.037233"/>
      </testsuite>
    </testsuite>
    <testsuite name="Feature" tests="386" assertions="11827" errors="0" failures="0" skipped="0" time="135.164174">
      <testsuite name="Tests\Feature\Playground\Lead\Resource\Console\Commands\About\CommandTest" file="/app/tests/Feature/Console/Commands/About/CommandTest.php" tests="1" assertions="2" errors="0" failures="0" skipped="0" time="0.233539">
        <testcase name="test_command_about_displays_package_information_and_succeed_with_code_0" file="/app/tests/Feature/Console/Commands/About/CommandTest.php" line="19" class="Tests\Feature\Playground\Lead\Resource\Console\Commands\About\CommandTest" classname="Tests.Feature.Playground.Lead.Resource.Console.Commands.About.CommandTest" assertions="2" time="0.233539"/>
      </testsuite>
      <testsuite name="Tests\Feature\Playground\Lead\Resource\Http\Controllers\Playground\CampaignRouteTest" file="/app/tests/Feature/Http/Controllers/Playground/CampaignRouteTest.php" tests="35" assertions="1075" errors="0" failures="0" skipped="0" time="12.039367">
        <testcase name="test_json_guest_cannot_get_create_info" file="/app/vendor/gammamatrix/playground-test/src/Feature/Http/Controllers/Resource/Playground/CreateJsonTrait.php" line="38" class="Tests\Feature\Playground\Lead\Resource\Http\Controllers\Playground\CampaignRouteTest" classname="Tests.Feature.Playground.Lead.Resource.Http.Controllers.Playground.CampaignRouteTest" assertions="1" time="0.417976"/>
        <testcase name="test_json_admin_can_get_create_info" file="/app/vendor/gammamatrix/playground-test/src/Feature/Http/Controllers/Resource/Playground/CreateJsonTrait.php" line="53" class="Tests\Feature\Playground\Lead\Resource\Http\Controllers\Playground\CampaignRouteTest" classname="Tests.Feature.Playground.Lead.Resource.Http.Controllers.Playground.CampaignRouteTest" assertions="108" time="0.362611"/>
        <testcase name="test_json_get_create_info_as_admin_with_invalid_parameter_and_fail_validation" file="/app/vendor/gammamatrix/playground-test/src/Feature/Http/Controllers/Resource/Playground/CreateJsonTrait.php" line="73" class="Tests\Feature\Playground\Lead\Resource\Http\Controllers\Playground\CampaignRouteTest" classname="Tests.Feature.Playground.Lead.Resource.Http.Controllers.Playground.CampaignRouteTest" assertions="4" time="0.328717"/>
        <testcase name="test_json_guest_cannot_destroy" file="/app/vendor/gammamatrix/playground-test/src/Feature/Http/Controllers/Resource/Playground/DestroyJsonTrait.php" line="31" class="Tests\Feature\Playground\Lead\Resource\Http\Controllers\Playground\CampaignRouteTest" classname="Tests.Feature.Playground.Lead.Resource.Http.Controllers.Playground.CampaignRouteTest" assertions="3" time="0.326834"/>
        <testcase name="test_json_destroy_as_admin_and_succeed" file="/app/vendor/gammamatrix/playground-test/src/Feature/Http/Controllers/Resource/Playground/DestroyJsonTrait.php" line="61" class="Tests\Feature\Playground\Lead\Resource\Http\Controllers\Playground\CampaignRouteTest" classname="Tests.Feature.Playground.Lead.Resource.Http.Controllers.Playground.CampaignRouteTest" assertions="5" time="0.340730"/>
        <testcase name="test_json_destroy_as_admin_and_succeed_with_force_delete" file="/app/vendor/gammamatrix/playground-test/src/Feature/Http/Controllers/Resource/Playground/DestroyJsonTrait.php" line="100" class="Tests\Feature\Playground\Lead\Resource\Http\Controllers\Playground\CampaignRouteTest" classname="Tests.Feature.Playground.Lead.Resource.Http.Controllers.Playground.CampaignRouteTest" assertions="4" time="0.331600"/>
        <testcase name="test_json_destroy_as_admin_and_succeed_with_no_content" file="/app/vendor/gammamatrix/playground-test/src/Feature/Http/Controllers/Resource/Playground/DestroyJsonTrait.php" line="132" class="Tests\Feature\Playground\Lead\Resource\Http\Controllers\Playground\CampaignRouteTest" classname="Tests.Feature.Playground.Lead.Resource.Http.Controllers.Playground.CampaignRouteTest" assertions="5" time="0.328711"/>
        <testcase name="test_json_destroy_as_admin_and_succeed_and_ignore_redirect" file="/app/vendor/gammamatrix/playground-test/src/Feature/Http/Controllers/Resource/Playground/DestroyJsonTrait.php" line="167" class="Tests\Feature\Playground\Lead\Resource\Http\Controllers\Playground\CampaignRouteTest" classname="Tests.Feature.Playground.Lead.Resource.Http.Controllers.Playground.CampaignRouteTest" assertions="5" time="0.336081"/>
        <testcase name="test_json_destroy_as_user_and_get_denied_and_no_force_delete_allowed" file="/app/vendor/gammamatrix/playground-test/src/Feature/Http/Controllers/Resource/Playground/DestroyJsonTrait.php" line="209" class="Tests\Feature\Playground\Lead\Resource\Http\Controllers\Playground\CampaignRouteTest" classname="Tests.Feature.Playground.Lead.Resource.Http.Controllers.Playground.CampaignRouteTest" assertions="3" time="0.327255"/>
        <testcase name="test_json_guest_cannot_get_edit_info" file="/app/vendor/gammamatrix/playground-test/src/Feature/Http/Controllers/Resource/Playground/EditJsonTrait.php" line="38" class="Tests\Feature\Playground\Lead\Resource\Http\Controllers\Playground\CampaignRouteTest" classname="Tests.Feature.Playground.Lead.Resource.Http.Controllers.Playground.CampaignRouteTest" assertions="1" time="0.322849"/>
        <testcase name="test_json_admin_can_get_edit_info" file="/app/vendor/gammamatrix/playground-test/src/Feature/Http/Controllers/Resource/Playground/EditJsonTrait.php" line="58" class="Tests\Feature\Playground\Lead\Resource\Http\Controllers\Playground\CampaignRouteTest" classname="Tests.Feature.Playground.Lead.Resource.Http.Controllers.Playground.CampaignRouteTest" assertions="4" time="0.351997"/>
        <testcase name="test_json_edit_as_admin_and_fail_validation_with_invalid_parameter" file="/app/vendor/gammamatrix/playground-test/src/Feature/Http/Controllers/Resource/Playground/EditJsonTrait.php" line="87" class="Tests\Feature\Playground\Lead\Resource\Http\Controllers\Playground\CampaignRouteTest" classname="Tests.Feature.Playground.Lead.Resource.Http.Controllers.Playground.CampaignRouteTest" assertions="4" time="0.339536"/>
        <testcase name="test_json_guest_cannot_get_index" file="/app/vendor/gammamatrix/playground-test/src/Feature/Http/Controllers/Resource/Playground/IndexJsonTrait.php" line="34" class="Tests\Feature\Playground\Lead\Resource\Http\Controllers\Playground\CampaignRouteTest" classname="Tests.Feature.Playground.Lead.Resource.Http.Controllers.Playground.CampaignRouteTest" assertions="1" time="0.386620"/>
        <testcase name="test_json_admin_can_get_index" file="/app/vendor/gammamatrix/playground-test/src/Feature/Http/Controllers/Resource/Playground/IndexJsonTrait.php" line="49" class="Tests\Feature\Playground\Lead\Resource\Http\Controllers\Playground\CampaignRouteTest" classname="Tests.Feature.Playground.Lead.Resource.Http.Controllers.Playground.CampaignRouteTest" assertions="115" time="0.347427"/>
        <testcase name="test_json_admin_can_get_index_with_filters" file="/app/vendor/gammamatrix/playground-test/src/Feature/Http/Controllers/Resource/Playground/IndexJsonTrait.php" line="85" class="Tests\Feature\Playground\Lead\Resource\Http\Controllers\Playground\CampaignRouteTest" classname="Tests.Feature.Playground.Lead.Resource.Http.Controllers.Playground.CampaignRouteTest" assertions="3" time="0.343070"/>
        <testcase name="test_json_guest_cannot_lock" file="/app/vendor/gammamatrix/playground-test/src/Feature/Http/Controllers/Resource/Playground/LockJsonTrait.php" line="36" class="Tests\Feature\Playground\Lead\Resource\Http\Controllers\Playground\CampaignRouteTest" classname="Tests.Feature.Playground.Lead.Resource.Http.Controllers.Playground.CampaignRouteTest" assertions="3" time="0.323790"/>
        <testcase name="test_json_lock_as_admin_and_succeed" file="/app/vendor/gammamatrix/playground-test/src/Feature/Http/Controllers/Resource/Playground/LockJsonTrait.php" line="66" class="Tests\Feature\Playground\Lead\Resource\Http\Controllers\Playground\CampaignRouteTest" classname="Tests.Feature.Playground.Lead.Resource.Http.Controllers.Playground.CampaignRouteTest" assertions="3" time="0.344772"/>
        <testcase name="test_json_lock_as_admin_and_succeed_with_no_redirect" file="/app/vendor/gammamatrix/playground-test/src/Feature/Http/Controllers/Resource/Playground/LockJsonTrait.php" line="98" class="Tests\Feature\Playground\Lead\Resource\Http\Controllers\Playground\CampaignRouteTest" classname="Tests.Feature.Playground.Lead.Resource.Http.Controllers.Playground.CampaignRouteTest" assertions="110" time="0.342581"/>
        <testcase name="test_json_lock_as_user_and_get_denied" file="/app/vendor/gammamatrix/playground-test/src/Feature/Http/Controllers/Resource/Playground/LockJsonTrait.php" line="143" class="Tests\Feature\Playground\Lead\Resource\Http\Controllers\Playground\CampaignRouteTest" classname="Tests.Feature.Playground.Lead.Resource.Http.Controllers.Playground.CampaignRouteTest" assertions="3" time="0.327230"/>
        <testcase name="test_json_guest_cannot_restore" file="/app/vendor/gammamatrix/playground-test/src/Feature/Http/Controllers/Resource/Playground/RestoreJsonTrait.php" line="32" class="Tests\Feature\Playground\Lead\Resource\Http\Controllers\Playground\CampaignRouteTest" classname="Tests.Feature.Playground.Lead.Resource.Http.Controllers.Playground.CampaignRouteTest" assertions="3" time="0.333715"/>
        <testcase name="test_json_restore_as_admin_and_succeed" file="/app/vendor/gammamatrix/playground-test/src/Feature/Http/Controllers/Resource/Playground/RestoreJsonTrait.php" line="64" class="Tests\Feature\Playground\Lead\Resource\Http\Controllers\Playground\CampaignRouteTest" classname="Tests.Feature.Playground.Lead.Resource.Http.Controllers.Playground.CampaignRouteTest" assertions="110" time="0.344479"/>
        <testcase name="test_json_restore_as_admin_and_succeed_with_no_redirect" file="/app/vendor/gammamatrix/playground-test/src/Feature/Http/Controllers/Resource/Playground/RestoreJsonTrait.php" line="100" class="Tests\Feature\Playground\Lead\Resource\Http\Controllers\Playground\CampaignRouteTest" classname="Tests.Feature.Playground.Lead.Resource.Http.Controllers.Playground.CampaignRouteTest" assertions="110" time="0.341279"/>
        <testcase name="test_json_restore_as_user_and_get_denied" file="/app/vendor/gammamatrix/playground-test/src/Feature/Http/Controllers/Resource/Playground/RestoreJsonTrait.php" line="143" class="Tests\Feature\Playground\Lead\Resource\Http\Controllers\Playground\CampaignRouteTest" classname="Tests.Feature.Playground.Lead.Resource.Http.Controllers.Playground.CampaignRouteTest" assertions="3" time="0.331333"/>
        <testcase name="test_json_guest_cannot_see_info" file="/app/vendor/gammamatrix/playground-test/src/Feature/Http/Controllers/Resource/Playground/ShowJsonTrait.php" line="29" class="Tests\Feature\Playground\Lead\Resource\Http\Controllers\Playground\CampaignRouteTest" classname="Tests.Feature.Playground.Lead.Resource.Http.Controllers.Playground.CampaignRouteTest" assertions="1" time="0.334560"/>
        <testcase name="test_json_show_info_for_admin" file="/app/vendor/gammamatrix/playground-test/src/Feature/Http/Controllers/Resource/Playground/ShowJsonTrait.php" line="49" class="Tests\Feature\Playground\Lead\Resource\Http\Controllers\Playground\CampaignRouteTest" classname="Tests.Feature.Playground.Lead.Resource.Http.Controllers.Playground.CampaignRouteTest" assertions="109" time="0.341709"/>
        <testcase name="test_json_guest_cannot_store" file="/app/vendor/gammamatrix/playground-test/src/Feature/Http/Controllers/Resource/Playground/StoreJsonTrait.php" line="43" class="Tests\Feature\Playground\Lead\Resource\Http\Controllers\Playground\CampaignRouteTest" classname="Tests.Feature.Playground.Lead.Resource.Http.Controllers.Playground.CampaignRouteTest" assertions="3" time="0.317061"/>
        <testcase name="test_json_store_as_admin_without_payload_and_fail_validation" file="/app/vendor/gammamatrix/playground-test/src/Feature/Http/Controllers/Resource/Playground/StoreJsonTrait.php" line="66" class="Tests\Feature\Playground\Lead\Resource\Http\Controllers\Playground\CampaignRouteTest" classname="Tests.Feature.Playground.Lead.Resource.Http.Controllers.Playground.CampaignRouteTest" assertions="5" time="0.336354"/>
        <testcase name="test_json_store_as_admin_and_succeed" file="/app/vendor/gammamatrix/playground-test/src/Feature/Http/Controllers/Resource/Playground/StoreJsonTrait.php" line="92" class="Tests\Feature\Playground\Lead\Resource\Http\Controllers\Playground\CampaignRouteTest" classname="Tests.Feature.Playground.Lead.Resource.Http.Controllers.Playground.CampaignRouteTest" assertions="3" time="0.389415"/>
        <testcase name="test_json_guest_cannot_unlock" file="/app/vendor/gammamatrix/playground-test/src/Feature/Http/Controllers/Resource/Playground/UnlockJsonTrait.php" line="36" class="Tests\Feature\Playground\Lead\Resource\Http\Controllers\Playground\CampaignRouteTest" classname="Tests.Feature.Playground.Lead.Resource.Http.Controllers.Playground.CampaignRouteTest" assertions="3" time="0.331193"/>
        <testcase name="test_json_unlock_as_admin_and_succeed" file="/app/vendor/gammamatrix/playground-test/src/Feature/Http/Controllers/Resource/Playground/UnlockJsonTrait.php" line="68" class="Tests\Feature\Playground\Lead\Resource\Http\Controllers\Playground\CampaignRouteTest" classname="Tests.Feature.Playground.Lead.Resource.Http.Controllers.Playground.CampaignRouteTest" assertions="110" time="0.346703"/>
        <testcase name="test_json_unlock_as_admin_and_succeed_with_no_redirect" file="/app/vendor/gammamatrix/playground-test/src/Feature/Http/Controllers/Resource/Playground/UnlockJsonTrait.php" line="104" class="Tests\Feature\Playground\Lead\Resource\Http\Controllers\Playground\CampaignRouteTest" classname="Tests.Feature.Playground.Lead.Resource.Http.Controllers.Playground.CampaignRouteTest" assertions="110" time="0.366596"/>
        <testcase name="test_json_unlock_as_user_and_get_denied" file="/app/vendor/gammamatrix/playground-test/src/Feature/Http/Controllers/Resource/Playground/UnlockJsonTrait.php" line="145" class="Tests\Feature\Playground\Lead\Resource\Http\Controllers\Playground\CampaignRouteTest" classname="Tests.Feature.Playground.Lead.Resource.Http.Controllers.Playground.CampaignRouteTest" assertions="3" time="0.336669"/>
        <testcase name="test_json_guest_cannot_update" file="/app/vendor/gammamatrix/playground-test/src/Feature/Http/Controllers/Resource/Playground/UpdateJsonTrait.php" line="45" class="Tests\Feature\Playground\Lead\Resource\Http\Controllers\Playground\CampaignRouteTest" classname="Tests.Feature.Playground.Lead.Resource.Http.Controllers.Playground.CampaignRouteTest" assertions="1" time="0.324862"/>
        <testcase name="test_json_update_as_admin_without_payload_and_fail_validation" file="/app/vendor/gammamatrix/playground-test/src/Feature/Http/Controllers/Resource/Playground/UpdateJsonTrait.php" line="65" class="Tests\Feature\Playground\Lead\Resource\Http\Controllers\Playground\CampaignRouteTest" classname="Tests.Feature.Playground.Lead.Resource.Http.Controllers.Playground.CampaignRouteTest" assertions="4" time="0.342955"/>
        <testcase name="test_json_admin_can_update" file="/app/vendor/gammamatrix/playground-test/src/Feature/Http/Controllers/Resource/Playground/UpdateJsonTrait.php" line="90" class="Tests\Feature\Playground\Lead\Resource\Http\Controllers\Playground\CampaignRouteTest" classname="Tests.Feature.Playground.Lead.Resource.Http.Controllers.Playground.CampaignRouteTest" assertions="112" time="0.390096"/>
      </testsuite>
      <testsuite name="Tests\Feature\Playground\Lead\Resource\Http\Controllers\Playground\GoalRouteTest" file="/app/tests/Feature/Http/Controllers/Playground/GoalRouteTest.php" tests="35" assertions="1075" errors="0" failures="0" skipped="0" time="12.039142">
        <testcase name="test_json_guest_cannot_get_create_info" file="/app/vendor/gammamatrix/playground-test/src/Feature/Http/Controllers/Resource/Playground/CreateJsonTrait.php" line="38" class="Tests\Feature\Playground\Lead\Resource\Http\Controllers\Playground\GoalRouteTest" classname="Tests.Feature.Playground.Lead.Resource.Http.Controllers.Playground.GoalRouteTest" assertions="1" time="0.364028"/>
        <testcase name="test_json_admin_can_get_create_info" file="/app/vendor/gammamatrix/playground-test/src/Feature/Http/Controllers/Resource/Playground/CreateJsonTrait.php" line="53" class="Tests\Feature\Playground\Lead\Resource\Http\Controllers\Playground\GoalRouteTest" classname="Tests.Feature.Playground.Lead.Resource.Http.Controllers.Playground.GoalRouteTest" assertions="108" time="0.338519"/>
        <testcase name="test_json_get_create_info_as_admin_with_invalid_parameter_and_fail_validation" file="/app/vendor/gammamatrix/playground-test/src/Feature/Http/Controllers/Resource/Playground/CreateJsonTrait.php" line="73" class="Tests\Feature\Playground\Lead\Resource\Http\Controllers\Playground\GoalRouteTest" classname="Tests.Feature.Playground.Lead.Resource.Http.Controllers.Playground.GoalRouteTest" assertions="4" time="0.332161"/>
        <testcase name="test_json_guest_cannot_destroy" file="/app/vendor/gammamatrix/playground-test/src/Feature/Http/Controllers/Resource/Playground/DestroyJsonTrait.php" line="31" class="Tests\Feature\Playground\Lead\Resource\Http\Controllers\Playground\GoalRouteTest" classname="Tests.Feature.Playground.Lead.Resource.Http.Controllers.Playground.GoalRouteTest" assertions="3" time="0.330154"/>
        <testcase name="test_json_destroy_as_admin_and_succeed" file="/app/vendor/gammamatrix/playground-test/src/Feature/Http/Controllers/Resource/Playground/DestroyJsonTrait.php" line="61" class="Tests\Feature\Playground\Lead\Resource\Http\Controllers\Playground\GoalRouteTest" classname="Tests.Feature.Playground.Lead.Resource.Http.Controllers.Playground.GoalRouteTest" assertions="5" time="0.334233"/>
        <testcase name="test_json_destroy_as_admin_and_succeed_with_force_delete" file="/app/vendor/gammamatrix/playground-test/src/Feature/Http/Controllers/Resource/Playground/DestroyJsonTrait.php" line="100" class="Tests\Feature\Playground\Lead\Resource\Http\Controllers\Playground\GoalRouteTest" classname="Tests.Feature.Playground.Lead.Resource.Http.Controllers.Playground.GoalRouteTest" assertions="4" time="0.338264"/>
        <testcase name="test_json_destroy_as_admin_and_succeed_with_no_content" file="/app/vendor/gammamatrix/playground-test/src/Feature/Http/Controllers/Resource/Playground/DestroyJsonTrait.php" line="132" class="Tests\Feature\Playground\Lead\Resource\Http\Controllers\Playground\GoalRouteTest" classname="Tests.Feature.Playground.Lead.Resource.Http.Controllers.Playground.GoalRouteTest" assertions="5" time="0.339847"/>
        <testcase name="test_json_destroy_as_admin_and_succeed_and_ignore_redirect" file="/app/vendor/gammamatrix/playground-test/src/Feature/Http/Controllers/Resource/Playground/DestroyJsonTrait.php" line="167" class="Tests\Feature\Playground\Lead\Resource\Http\Controllers\Playground\GoalRouteTest" classname="Tests.Feature.Playground.Lead.Resource.Http.Controllers.Playground.GoalRouteTest" assertions="5" time="0.334170"/>
        <testcase name="test_json_destroy_as_user_and_get_denied_and_no_force_delete_allowed" file="/app/vendor/gammamatrix/playground-test/src/Feature/Http/Controllers/Resource/Playground/DestroyJsonTrait.php" line="209" class="Tests\Feature\Playground\Lead\Resource\Http\Controllers\Playground\GoalRouteTest" classname="Tests.Feature.Playground.Lead.Resource.Http.Controllers.Playground.GoalRouteTest" assertions="3" time="0.329234"/>
        <testcase name="test_json_guest_cannot_get_edit_info" file="/app/vendor/gammamatrix/playground-test/src/Feature/Http/Controllers/Resource/Playground/EditJsonTrait.php" line="38" class="Tests\Feature\Playground\Lead\Resource\Http\Controllers\Playground\GoalRouteTest" classname="Tests.Feature.Playground.Lead.Resource.Http.Controllers.Playground.GoalRouteTest" assertions="1" time="0.322558"/>
        <testcase name="test_json_admin_can_get_edit_info" file="/app/vendor/gammamatrix/playground-test/src/Feature/Http/Controllers/Resource/Playground/EditJsonTrait.php" line="58" class="Tests\Feature\Playground\Lead\Resource\Http\Controllers\Playground\GoalRouteTest" classname="Tests.Feature.Playground.Lead.Resource.Http.Controllers.Playground.GoalRouteTest" assertions="4" time="0.347766"/>
        <testcase name="test_json_edit_as_admin_and_fail_validation_with_invalid_parameter" file="/app/vendor/gammamatrix/playground-test/src/Feature/Http/Controllers/Resource/Playground/EditJsonTrait.php" line="87" class="Tests\Feature\Playground\Lead\Resource\Http\Controllers\Playground\GoalRouteTest" classname="Tests.Feature.Playground.Lead.Resource.Http.Controllers.Playground.GoalRouteTest" assertions="4" time="0.343675"/>
        <testcase name="test_json_guest_cannot_get_index" file="/app/vendor/gammamatrix/playground-test/src/Feature/Http/Controllers/Resource/Playground/IndexJsonTrait.php" line="34" class="Tests\Feature\Playground\Lead\Resource\Http\Controllers\Playground\GoalRouteTest" classname="Tests.Feature.Playground.Lead.Resource.Http.Controllers.Playground.GoalRouteTest" assertions="1" time="0.320943"/>
        <testcase name="test_json_admin_can_get_index" file="/app/vendor/gammamatrix/playground-test/src/Feature/Http/Controllers/Resource/Playground/IndexJsonTrait.php" line="49" class="Tests\Feature\Playground\Lead\Resource\Http\Controllers\Playground\GoalRouteTest" classname="Tests.Feature.Playground.Lead.Resource.Http.Controllers.Playground.GoalRouteTest" assertions="115" time="0.386273"/>
        <testcase name="test_json_admin_can_get_index_with_filters" file="/app/vendor/gammamatrix/playground-test/src/Feature/Http/Controllers/Resource/Playground/IndexJsonTrait.php" line="85" class="Tests\Feature\Playground\Lead\Resource\Http\Controllers\Playground\GoalRouteTest" classname="Tests.Feature.Playground.Lead.Resource.Http.Controllers.Playground.GoalRouteTest" assertions="3" time="0.355335"/>
        <testcase name="test_json_guest_cannot_lock" file="/app/vendor/gammamatrix/playground-test/src/Feature/Http/Controllers/Resource/Playground/LockJsonTrait.php" line="36" class="Tests\Feature\Playground\Lead\Resource\Http\Controllers\Playground\GoalRouteTest" classname="Tests.Feature.Playground.Lead.Resource.Http.Controllers.Playground.GoalRouteTest" assertions="3" time="0.328430"/>
        <testcase name="test_json_lock_as_admin_and_succeed" file="/app/vendor/gammamatrix/playground-test/src/Feature/Http/Controllers/Resource/Playground/LockJsonTrait.php" line="66" class="Tests\Feature\Playground\Lead\Resource\Http\Controllers\Playground\GoalRouteTest" classname="Tests.Feature.Playground.Lead.Resource.Http.Controllers.Playground.GoalRouteTest" assertions="3" time="0.342770"/>
        <testcase name="test_json_lock_as_admin_and_succeed_with_no_redirect" file="/app/vendor/gammamatrix/playground-test/src/Feature/Http/Controllers/Resource/Playground/LockJsonTrait.php" line="98" class="Tests\Feature\Playground\Lead\Resource\Http\Controllers\Playground\GoalRouteTest" classname="Tests.Feature.Playground.Lead.Resource.Http.Controllers.Playground.GoalRouteTest" assertions="110" time="0.358226"/>
        <testcase name="test_json_lock_as_user_and_get_denied" file="/app/vendor/gammamatrix/playground-test/src/Feature/Http/Controllers/Resource/Playground/LockJsonTrait.php" line="143" class="Tests\Feature\Playground\Lead\Resource\Http\Controllers\Playground\GoalRouteTest" classname="Tests.Feature.Playground.Lead.Resource.Http.Controllers.Playground.GoalRouteTest" assertions="3" time="0.339301"/>
        <testcase name="test_json_guest_cannot_restore" file="/app/vendor/gammamatrix/playground-test/src/Feature/Http/Controllers/Resource/Playground/RestoreJsonTrait.php" line="32" class="Tests\Feature\Playground\Lead\Resource\Http\Controllers\Playground\GoalRouteTest" classname="Tests.Feature.Playground.Lead.Resource.Http.Controllers.Playground.GoalRouteTest" assertions="3" time="0.329950"/>
        <testcase name="test_json_restore_as_admin_and_succeed" file="/app/vendor/gammamatrix/playground-test/src/Feature/Http/Controllers/Resource/Playground/RestoreJsonTrait.php" line="64" class="Tests\Feature\Playground\Lead\Resource\Http\Controllers\Playground\GoalRouteTest" classname="Tests.Feature.Playground.Lead.Resource.Http.Controllers.Playground.GoalRouteTest" assertions="110" time="0.355368"/>
        <testcase name="test_json_restore_as_admin_and_succeed_with_no_redirect" file="/app/vendor/gammamatrix/playground-test/src/Feature/Http/Controllers/Resource/Playground/RestoreJsonTrait.php" line="100" class="Tests\Feature\Playground\Lead\Resource\Http\Controllers\Playground\GoalRouteTest" classname="Tests.Feature.Playground.Lead.Resource.Http.Controllers.Playground.GoalRouteTest" assertions="110" time="0.350701"/>
        <testcase name="test_json_restore_as_user_and_get_denied" file="/app/vendor/gammamatrix/playground-test/src/Feature/Http/Controllers/Resource/Playground/RestoreJsonTrait.php" line="143" class="Tests\Feature\Playground\Lead\Resource\Http\Controllers\Playground\GoalRouteTest" classname="Tests.Feature.Playground.Lead.Resource.Http.Controllers.Playground.GoalRouteTest" assertions="3" time="0.335727"/>
        <testcase name="test_json_guest_cannot_see_info" file="/app/vendor/gammamatrix/playground-test/src/Feature/Http/Controllers/Resource/Playground/ShowJsonTrait.php" line="29" class="Tests\Feature\Playground\Lead\Resource\Http\Controllers\Playground\GoalRouteTest" classname="Tests.Feature.Playground.Lead.Resource.Http.Controllers.Playground.GoalRouteTest" assertions="1" time="0.335773"/>
        <testcase name="test_json_show_info_for_admin" file="/app/vendor/gammamatrix/playground-test/src/Feature/Http/Controllers/Resource/Playground/ShowJsonTrait.php" line="49" class="Tests\Feature\Playground\Lead\Resource\Http\Controllers\Playground\GoalRouteTest" classname="Tests.Feature.Playground.Lead.Resource.Http.Controllers.Playground.GoalRouteTest" assertions="109" time="0.341397"/>
        <testcase name="test_json_guest_cannot_store" file="/app/vendor/gammamatrix/playground-test/src/Feature/Http/Controllers/Resource/Playground/StoreJsonTrait.php" line="43" class="Tests\Feature\Playground\Lead\Resource\Http\Controllers\Playground\GoalRouteTest" classname="Tests.Feature.Playground.Lead.Resource.Http.Controllers.Playground.GoalRouteTest" assertions="3" time="0.329573"/>
        <testcase name="test_json_store_as_admin_without_payload_and_fail_validation" file="/app/vendor/gammamatrix/playground-test/src/Feature/Http/Controllers/Resource/Playground/StoreJsonTrait.php" line="66" class="Tests\Feature\Playground\Lead\Resource\Http\Controllers\Playground\GoalRouteTest" classname="Tests.Feature.Playground.Lead.Resource.Http.Controllers.Playground.GoalRouteTest" assertions="5" time="0.343230"/>
        <testcase name="test_json_store_as_admin_and_succeed" file="/app/vendor/gammamatrix/playground-test/src/Feature/Http/Controllers/Resource/Playground/StoreJsonTrait.php" line="92" class="Tests\Feature\Playground\Lead\Resource\Http\Controllers\Playground\GoalRouteTest" classname="Tests.Feature.Playground.Lead.Resource.Http.Controllers.Playground.GoalRouteTest" assertions="3" time="0.373167"/>
        <testcase name="test_json_guest_cannot_unlock" file="/app/vendor/gammamatrix/playground-test/src/Feature/Http/Controllers/Resource/Playground/UnlockJsonTrait.php" line="36" class="Tests\Feature\Playground\Lead\Resource\Http\Controllers\Playground\GoalRouteTest" classname="Tests.Feature.Playground.Lead.Resource.Http.Controllers.Playground.GoalRouteTest" assertions="3" time="0.330840"/>
        <testcase name="test_json_unlock_as_admin_and_succeed" file="/app/vendor/gammamatrix/playground-test/src/Feature/Http/Controllers/Resource/Playground/UnlockJsonTrait.php" line="68" class="Tests\Feature\Playground\Lead\Resource\Http\Controllers\Playground\GoalRouteTest" classname="Tests.Feature.Playground.Lead.Resource.Http.Controllers.Playground.GoalRouteTest" assertions="110" time="0.358458"/>
        <testcase name="test_json_unlock_as_admin_and_succeed_with_no_redirect" file="/app/vendor/gammamatrix/playground-test/src/Feature/Http/Controllers/Resource/Playground/UnlockJsonTrait.php" line="104" class="Tests\Feature\Playground\Lead\Resource\Http\Controllers\Playground\GoalRouteTest" classname="Tests.Feature.Playground.Lead.Resource.Http.Controllers.Playground.GoalRouteTest" assertions="110" time="0.349432"/>
        <testcase name="test_json_unlock_as_user_and_get_denied" file="/app/vendor/gammamatrix/playground-test/src/Feature/Http/Controllers/Resource/Playground/UnlockJsonTrait.php" line="145" class="Tests\Feature\Playground\Lead\Resource\Http\Controllers\Playground\GoalRouteTest" classname="Tests.Feature.Playground.Lead.Resource.Http.Controllers.Playground.GoalRouteTest" assertions="3" time="0.342323"/>
        <testcase name="test_json_guest_cannot_update" file="/app/vendor/gammamatrix/playground-test/src/Feature/Http/Controllers/Resource/Playground/UpdateJsonTrait.php" line="45" class="Tests\Feature\Playground\Lead\Resource\Http\Controllers\Playground\GoalRouteTest" classname="Tests.Feature.Playground.Lead.Resource.Http.Controllers.Playground.GoalRouteTest" assertions="1" time="0.330774"/>
        <testcase name="test_json_update_as_admin_without_payload_and_fail_validation" file="/app/vendor/gammamatrix/playground-test/src/Feature/Http/Controllers/Resource/Playground/UpdateJsonTrait.php" line="65" class="Tests\Feature\Playground\Lead\Resource\Http\Controllers\Playground\GoalRouteTest" classname="Tests.Feature.Playground.Lead.Resource.Http.Controllers.Playground.GoalRouteTest" assertions="4" time="0.346613"/>
        <testcase name="test_json_admin_can_update" file="/app/vendor/gammamatrix/playground-test/src/Feature/Http/Controllers/Resource/Playground/UpdateJsonTrait.php" line="90" class="Tests\Feature\Playground\Lead\Resource\Http\Controllers\Playground\GoalRouteTest" classname="Tests.Feature.Playground.Lead.Resource.Http.Controllers.Playground.GoalRouteTest" assertions="112" time="0.399929"/>
      </testsuite>
      <testsuite name="Tests\Feature\Playground\Lead\Resource\Http\Controllers\Playground\LeadRouteTest" file="/app/tests/Feature/Http/Controllers/Playground/LeadRouteTest.php" tests="35" assertions="1075" errors="0" failures="0" skipped="0" time="12.303517">
        <testcase name="test_json_guest_cannot_get_create_info" file="/app/vendor/gammamatrix/playground-test/src/Feature/Http/Controllers/Resource/Playground/CreateJsonTrait.php" line="38" class="Tests\Feature\Playground\Lead\Resource\Http\Controllers\Playground\LeadRouteTest" classname="Tests.Feature.Playground.Lead.Resource.Http.Controllers.Playground.LeadRouteTest" assertions="1" time="0.365296"/>
        <testcase name="test_json_admin_can_get_create_info" file="/app/vendor/gammamatrix/playground-test/src/Feature/Http/Controllers/Resource/Playground/CreateJsonTrait.php" line="53" class="Tests\Feature\Playground\Lead\Resource\Http\Controllers\Playground\LeadRouteTest" classname="Tests.Feature.Playground.Lead.Resource.Http.Controllers.Playground.LeadRouteTest" assertions="108" time="0.349119"/>
        <testcase name="test_json_get_create_info_as_admin_with_invalid_parameter_and_fail_validation" file="/app/vendor/gammamatrix/playground-test/src/Feature/Http/Controllers/Resource/Playground/CreateJsonTrait.php" line="73" class="Tests\Feature\Playground\Lead\Resource\Http\Controllers\Playground\LeadRouteTest" classname="Tests.Feature.Playground.Lead.Resource.Http.Controllers.Playground.LeadRouteTest" assertions="4" time="0.340200"/>
        <testcase name="test_json_guest_cannot_destroy" file="/app/vendor/gammamatrix/playground-test/src/Feature/Http/Controllers/Resource/Playground/DestroyJsonTrait.php" line="31" class="Tests\Feature\Playground\Lead\Resource\Http\Controllers\Playground\LeadRouteTest" classname="Tests.Feature.Playground.Lead.Resource.Http.Controllers.Playground.LeadRouteTest" assertions="3" time="0.336992"/>
        <testcase name="test_json_destroy_as_admin_and_succeed" file="/app/vendor/gammamatrix/playground-test/src/Feature/Http/Controllers/Resource/Playground/DestroyJsonTrait.php" line="61" class="Tests\Feature\Playground\Lead\Resource\Http\Controllers\Playground\LeadRouteTest" classname="Tests.Feature.Playground.Lead.Resource.Http.Controllers.Playground.LeadRouteTest" assertions="5" time="0.339496"/>
        <testcase name="test_json_destroy_as_admin_and_succeed_with_force_delete" file="/app/vendor/gammamatrix/playground-test/src/Feature/Http/Controllers/Resource/Playground/DestroyJsonTrait.php" line="100" class="Tests\Feature\Playground\Lead\Resource\Http\Controllers\Playground\LeadRouteTest" classname="Tests.Feature.Playground.Lead.Resource.Http.Controllers.Playground.LeadRouteTest" assertions="4" time="0.341781"/>
        <testcase name="test_json_destroy_as_admin_and_succeed_with_no_content" file="/app/vendor/gammamatrix/playground-test/src/Feature/Http/Controllers/Resource/Playground/DestroyJsonTrait.php" line="132" class="Tests\Feature\Playground\Lead\Resource\Http\Controllers\Playground\LeadRouteTest" classname="Tests.Feature.Playground.Lead.Resource.Http.Controllers.Playground.LeadRouteTest" assertions="5" time="0.345482"/>
        <testcase name="test_json_destroy_as_admin_and_succeed_and_ignore_redirect" file="/app/vendor/gammamatrix/playground-test/src/Feature/Http/Controllers/Resource/Playground/DestroyJsonTrait.php" line="167" class="Tests\Feature\Playground\Lead\Resource\Http\Controllers\Playground\LeadRouteTest" classname="Tests.Feature.Playground.Lead.Resource.Http.Controllers.Playground.LeadRouteTest" assertions="5" time="0.342602"/>
        <testcase name="test_json_destroy_as_user_and_get_denied_and_no_force_delete_allowed" file="/app/vendor/gammamatrix/playground-test/src/Feature/Http/Controllers/Resource/Playground/DestroyJsonTrait.php" line="209" class="Tests\Feature\Playground\Lead\Resource\Http\Controllers\Playground\LeadRouteTest" classname="Tests.Feature.Playground.Lead.Resource.Http.Controllers.Playground.LeadRouteTest" assertions="3" time="0.346364"/>
        <testcase name="test_json_guest_cannot_get_edit_info" file="/app/vendor/gammamatrix/playground-test/src/Feature/Http/Controllers/Resource/Playground/EditJsonTrait.php" line="38" class="Tests\Feature\Playground\Lead\Resource\Http\Controllers\Playground\LeadRouteTest" classname="Tests.Feature.Playground.Lead.Resource.Http.Controllers.Playground.LeadRouteTest" assertions="1" time="0.327844"/>
        <testcase name="test_json_admin_can_get_edit_info" file="/app/vendor/gammamatrix/playground-test/src/Feature/Http/Controllers/Resource/Playground/EditJsonTrait.php" line="58" class="Tests\Feature\Playground\Lead\Resource\Http\Controllers\Playground\LeadRouteTest" classname="Tests.Feature.Playground.Lead.Resource.Http.Controllers.Playground.LeadRouteTest" assertions="4" time="0.359709"/>
        <testcase name="test_json_edit_as_admin_and_fail_validation_with_invalid_parameter" file="/app/vendor/gammamatrix/playground-test/src/Feature/Http/Controllers/Resource/Playground/EditJsonTrait.php" line="87" class="Tests\Feature\Playground\Lead\Resource\Http\Controllers\Playground\LeadRouteTest" classname="Tests.Feature.Playground.Lead.Resource.Http.Controllers.Playground.LeadRouteTest" assertions="4" time="0.357926"/>
        <testcase name="test_json_guest_cannot_get_index" file="/app/vendor/gammamatrix/playground-test/src/Feature/Http/Controllers/Resource/Playground/IndexJsonTrait.php" line="34" class="Tests\Feature\Playground\Lead\Resource\Http\Controllers\Playground\LeadRouteTest" classname="Tests.Feature.Playground.Lead.Resource.Http.Controllers.Playground.LeadRouteTest" assertions="1" time="0.327863"/>
        <testcase name="test_json_admin_can_get_index" file="/app/vendor/gammamatrix/playground-test/src/Feature/Http/Controllers/Resource/Playground/IndexJsonTrait.php" line="49" class="Tests\Feature\Playground\Lead\Resource\Http\Controllers\Playground\LeadRouteTest" classname="Tests.Feature.Playground.Lead.Resource.Http.Controllers.Playground.LeadRouteTest" assertions="115" time="0.356813"/>
        <testcase name="test_json_admin_can_get_index_with_filters" file="/app/vendor/gammamatrix/playground-test/src/Feature/Http/Controllers/Resource/Playground/IndexJsonTrait.php" line="85" class="Tests\Feature\Playground\Lead\Resource\Http\Controllers\Playground\LeadRouteTest" classname="Tests.Feature.Playground.Lead.Resource.Http.Controllers.Playground.LeadRouteTest" assertions="3" time="0.363007"/>
        <testcase name="test_json_guest_cannot_lock" file="/app/vendor/gammamatrix/playground-test/src/Feature/Http/Controllers/Resource/Playground/LockJsonTrait.php" line="36" class="Tests\Feature\Playground\Lead\Resource\Http\Controllers\Playground\LeadRouteTest" classname="Tests.Feature.Playground.Lead.Resource.Http.Controllers.Playground.LeadRouteTest" assertions="3" time="0.335184"/>
        <testcase name="test_json_lock_as_admin_and_succeed" file="/app/vendor/gammamatrix/playground-test/src/Feature/Http/Controllers/Resource/Playground/LockJsonTrait.php" line="66" class="Tests\Feature\Playground\Lead\Resource\Http\Controllers\Playground\LeadRouteTest" classname="Tests.Feature.Playground.Lead.Resource.Http.Controllers.Playground.LeadRouteTest" assertions="3" time="0.348920"/>
        <testcase name="test_json_lock_as_admin_and_succeed_with_no_redirect" file="/app/vendor/gammamatrix/playground-test/src/Feature/Http/Controllers/Resource/Playground/LockJsonTrait.php" line="98" class="Tests\Feature\Playground\Lead\Resource\Http\Controllers\Playground\LeadRouteTest" classname="Tests.Feature.Playground.Lead.Resource.Http.Controllers.Playground.LeadRouteTest" assertions="110" time="0.367214"/>
        <testcase name="test_json_lock_as_user_and_get_denied" file="/app/vendor/gammamatrix/playground-test/src/Feature/Http/Controllers/Resource/Playground/LockJsonTrait.php" line="143" class="Tests\Feature\Playground\Lead\Resource\Http\Controllers\Playground\LeadRouteTest" classname="Tests.Feature.Playground.Lead.Resource.Http.Controllers.Playground.LeadRouteTest" assertions="3" time="0.347958"/>
        <testcase name="test_json_guest_cannot_restore" file="/app/vendor/gammamatrix/playground-test/src/Feature/Http/Controllers/Resource/Playground/RestoreJsonTrait.php" line="32" class="Tests\Feature\Playground\Lead\Resource\Http\Controllers\Playground\LeadRouteTest" classname="Tests.Feature.Playground.Lead.Resource.Http.Controllers.Playground.LeadRouteTest" assertions="3" time="0.335493"/>
        <testcase name="test_json_restore_as_admin_and_succeed" file="/app/vendor/gammamatrix/playground-test/src/Feature/Http/Controllers/Resource/Playground/RestoreJsonTrait.php" line="64" class="Tests\Feature\Playground\Lead\Resource\Http\Controllers\Playground\LeadRouteTest" classname="Tests.Feature.Playground.Lead.Resource.Http.Controllers.Playground.LeadRouteTest" assertions="110" time="0.357549"/>
        <testcase name="test_json_restore_as_admin_and_succeed_with_no_redirect" file="/app/vendor/gammamatrix/playground-test/src/Feature/Http/Controllers/Resource/Playground/RestoreJsonTrait.php" line="100" class="Tests\Feature\Playground\Lead\Resource\Http\Controllers\Playground\LeadRouteTest" classname="Tests.Feature.Playground.Lead.Resource.Http.Controllers.Playground.LeadRouteTest" assertions="110" time="0.363406"/>
        <testcase name="test_json_restore_as_user_and_get_denied" file="/app/vendor/gammamatrix/playground-test/src/Feature/Http/Controllers/Resource/Playground/RestoreJsonTrait.php" line="143" class="Tests\Feature\Playground\Lead\Resource\Http\Controllers\Playground\LeadRouteTest" classname="Tests.Feature.Playground.Lead.Resource.Http.Controllers.Playground.LeadRouteTest" assertions="3" time="0.350103"/>
        <testcase name="test_json_guest_cannot_see_info" file="/app/vendor/gammamatrix/playground-test/src/Feature/Http/Controllers/Resource/Playground/ShowJsonTrait.php" line="29" class="Tests\Feature\Playground\Lead\Resource\Http\Controllers\Playground\LeadRouteTest" classname="Tests.Feature.Playground.Lead.Resource.Http.Controllers.Playground.LeadRouteTest" assertions="1" time="0.330314"/>
        <testcase name="test_json_show_info_for_admin" file="/app/vendor/gammamatrix/playground-test/src/Feature/Http/Controllers/Resource/Playground/ShowJsonTrait.php" line="49" class="Tests\Feature\Playground\Lead\Resource\Http\Controllers\Playground\LeadRouteTest" classname="Tests.Feature.Playground.Lead.Resource.Http.Controllers.Playground.LeadRouteTest" assertions="109" time="0.350521"/>
        <testcase name="test_json_guest_cannot_store" file="/app/vendor/gammamatrix/playground-test/src/Feature/Http/Controllers/Resource/Playground/StoreJsonTrait.php" line="43" class="Tests\Feature\Playground\Lead\Resource\Http\Controllers\Playground\LeadRouteTest" classname="Tests.Feature.Playground.Lead.Resource.Http.Controllers.Playground.LeadRouteTest" assertions="3" time="0.349344"/>
        <testcase name="test_json_store_as_admin_without_payload_and_fail_validation" file="/app/vendor/gammamatrix/playground-test/src/Feature/Http/Controllers/Resource/Playground/StoreJsonTrait.php" line="66" class="Tests\Feature\Playground\Lead\Resource\Http\Controllers\Playground\LeadRouteTest" classname="Tests.Feature.Playground.Lead.Resource.Http.Controllers.Playground.LeadRouteTest" assertions="5" time="0.343849"/>
        <testcase name="test_json_store_as_admin_and_succeed" file="/app/vendor/gammamatrix/playground-test/src/Feature/Http/Controllers/Resource/Playground/StoreJsonTrait.php" line="92" class="Tests\Feature\Playground\Lead\Resource\Http\Controllers\Playground\LeadRouteTest" classname="Tests.Feature.Playground.Lead.Resource.Http.Controllers.Playground.LeadRouteTest" assertions="3" time="0.381956"/>
        <testcase name="test_json_guest_cannot_unlock" file="/app/vendor/gammamatrix/playground-test/src/Feature/Http/Controllers/Resource/Playground/UnlockJsonTrait.php" line="36" class="Tests\Feature\Playground\Lead\Resource\Http\Controllers\Playground\LeadRouteTest" classname="Tests.Feature.Playground.Lead.Resource.Http.Controllers.Playground.LeadRouteTest" assertions="3" time="0.347454"/>
        <testcase name="test_json_unlock_as_admin_and_succeed" file="/app/vendor/gammamatrix/playground-test/src/Feature/Http/Controllers/Resource/Playground/UnlockJsonTrait.php" line="68" class="Tests\Feature\Playground\Lead\Resource\Http\Controllers\Playground\LeadRouteTest" classname="Tests.Feature.Playground.Lead.Resource.Http.Controllers.Playground.LeadRouteTest" assertions="110" time="0.358479"/>
        <testcase name="test_json_unlock_as_admin_and_succeed_with_no_redirect" file="/app/vendor/gammamatrix/playground-test/src/Feature/Http/Controllers/Resource/Playground/UnlockJsonTrait.php" line="104" class="Tests\Feature\Playground\Lead\Resource\Http\Controllers\Playground\LeadRouteTest" classname="Tests.Feature.Playground.Lead.Resource.Http.Controllers.Playground.LeadRouteTest" assertions="110" time="0.356551"/>
        <testcase name="test_json_unlock_as_user_and_get_denied" file="/app/vendor/gammamatrix/playground-test/src/Feature/Http/Controllers/Resource/Playground/UnlockJsonTrait.php" line="145" class="Tests\Feature\Playground\Lead\Resource\Http\Controllers\Playground\LeadRouteTest" classname="Tests.Feature.Playground.Lead.Resource.Http.Controllers.Playground.LeadRouteTest" assertions="3" time="0.360693"/>
        <testcase name="test_json_guest_cannot_update" file="/app/vendor/gammamatrix/playground-test/src/Feature/Http/Controllers/Resource/Playground/UpdateJsonTrait.php" line="45" class="Tests\Feature\Playground\Lead\Resource\Http\Controllers\Playground\LeadRouteTest" classname="Tests.Feature.Playground.Lead.Resource.Http.Controllers.Playground.LeadRouteTest" assertions="1" time="0.341652"/>
        <testcase name="test_json_update_as_admin_without_payload_and_fail_validation" file="/app/vendor/gammamatrix/playground-test/src/Feature/Http/Controllers/Resource/Playground/UpdateJsonTrait.php" line="65" class="Tests\Feature\Playground\Lead\Resource\Http\Controllers\Playground\LeadRouteTest" classname="Tests.Feature.Playground.Lead.Resource.Http.Controllers.Playground.LeadRouteTest" assertions="4" time="0.355050"/>
        <testcase name="test_json_admin_can_update" file="/app/vendor/gammamatrix/playground-test/src/Feature/Http/Controllers/Resource/Playground/UpdateJsonTrait.php" line="90" class="Tests\Feature\Playground\Lead\Resource\Http\Controllers\Playground\LeadRouteTest" classname="Tests.Feature.Playground.Lead.Resource.Http.Controllers.Playground.LeadRouteTest" assertions="112" time="0.421332"/>
      </testsuite>
      <testsuite name="Tests\Feature\Playground\Lead\Resource\Http\Controllers\Playground\OpportunityRouteTest" file="/app/tests/Feature/Http/Controllers/Playground/OpportunityRouteTest.php" tests="35" assertions="1075" errors="0" failures="0" skipped="0" time="12.050006">
        <testcase name="test_json_guest_cannot_get_create_info" file="/app/vendor/gammamatrix/playground-test/src/Feature/Http/Controllers/Resource/Playground/CreateJsonTrait.php" line="38" class="Tests\Feature\Playground\Lead\Resource\Http\Controllers\Playground\OpportunityRouteTest" classname="Tests.Feature.Playground.Lead.Resource.Http.Controllers.Playground.OpportunityRouteTest" assertions="1" time="0.368714"/>
        <testcase name="test_json_admin_can_get_create_info" file="/app/vendor/gammamatrix/playground-test/src/Feature/Http/Controllers/Resource/Playground/CreateJsonTrait.php" line="53" class="Tests\Feature\Playground\Lead\Resource\Http\Controllers\Playground\OpportunityRouteTest" classname="Tests.Feature.Playground.Lead.Resource.Http.Controllers.Playground.OpportunityRouteTest" assertions="108" time="0.341200"/>
        <testcase name="test_json_get_create_info_as_admin_with_invalid_parameter_and_fail_validation" file="/app/vendor/gammamatrix/playground-test/src/Feature/Http/Controllers/Resource/Playground/CreateJsonTrait.php" line="73" class="Tests\Feature\Playground\Lead\Resource\Http\Controllers\Playground\OpportunityRouteTest" classname="Tests.Feature.Playground.Lead.Resource.Http.Controllers.Playground.OpportunityRouteTest" assertions="4" time="0.343466"/>
        <testcase name="test_json_guest_cannot_destroy" file="/app/vendor/gammamatrix/playground-test/src/Feature/Http/Controllers/Resource/Playground/DestroyJsonTrait.php" line="31" class="Tests\Feature\Playground\Lead\Resource\Http\Controllers\Playground\OpportunityRouteTest" classname="Tests.Feature.Playground.Lead.Resource.Http.Controllers.Playground.OpportunityRouteTest" assertions="3" time="0.327963"/>
        <testcase name="test_json_destroy_as_admin_and_succeed" file="/app/vendor/gammamatrix/playground-test/src/Feature/Http/Controllers/Resource/Playground/DestroyJsonTrait.php" line="61" class="Tests\Feature\Playground\Lead\Resource\Http\Controllers\Playground\OpportunityRouteTest" classname="Tests.Feature.Playground.Lead.Resource.Http.Controllers.Playground.OpportunityRouteTest" assertions="5" time="0.333348"/>
        <testcase name="test_json_destroy_as_admin_and_succeed_with_force_delete" file="/app/vendor/gammamatrix/playground-test/src/Feature/Http/Controllers/Resource/Playground/DestroyJsonTrait.php" line="100" class="Tests\Feature\Playground\Lead\Resource\Http\Controllers\Playground\OpportunityRouteTest" classname="Tests.Feature.Playground.Lead.Resource.Http.Controllers.Playground.OpportunityRouteTest" assertions="4" time="0.348192"/>
        <testcase name="test_json_destroy_as_admin_and_succeed_with_no_content" file="/app/vendor/gammamatrix/playground-test/src/Feature/Http/Controllers/Resource/Playground/DestroyJsonTrait.php" line="132" class="Tests\Feature\Playground\Lead\Resource\Http\Controllers\Playground\OpportunityRouteTest" classname="Tests.Feature.Playground.Lead.Resource.Http.Controllers.Playground.OpportunityRouteTest" assertions="5" time="0.339867"/>
        <testcase name="test_json_destroy_as_admin_and_succeed_and_ignore_redirect" file="/app/vendor/gammamatrix/playground-test/src/Feature/Http/Controllers/Resource/Playground/DestroyJsonTrait.php" line="167" class="Tests\Feature\Playground\Lead\Resource\Http\Controllers\Playground\OpportunityRouteTest" classname="Tests.Feature.Playground.Lead.Resource.Http.Controllers.Playground.OpportunityRouteTest" assertions="5" time="0.334807"/>
        <testcase name="test_json_destroy_as_user_and_get_denied_and_no_force_delete_allowed" file="/app/vendor/gammamatrix/playground-test/src/Feature/Http/Controllers/Resource/Playground/DestroyJsonTrait.php" line="209" class="Tests\Feature\Playground\Lead\Resource\Http\Controllers\Playground\OpportunityRouteTest" classname="Tests.Feature.Playground.Lead.Resource.Http.Controllers.Playground.OpportunityRouteTest" assertions="3" time="0.334223"/>
        <testcase name="test_json_guest_cannot_get_edit_info" file="/app/vendor/gammamatrix/playground-test/src/Feature/Http/Controllers/Resource/Playground/EditJsonTrait.php" line="38" class="Tests\Feature\Playground\Lead\Resource\Http\Controllers\Playground\OpportunityRouteTest" classname="Tests.Feature.Playground.Lead.Resource.Http.Controllers.Playground.OpportunityRouteTest" assertions="1" time="0.324575"/>
        <testcase name="test_json_admin_can_get_edit_info" file="/app/vendor/gammamatrix/playground-test/src/Feature/Http/Controllers/Resource/Playground/EditJsonTrait.php" line="58" class="Tests\Feature\Playground\Lead\Resource\Http\Controllers\Playground\OpportunityRouteTest" classname="Tests.Feature.Playground.Lead.Resource.Http.Controllers.Playground.OpportunityRouteTest" assertions="4" time="0.361279"/>
        <testcase name="test_json_edit_as_admin_and_fail_validation_with_invalid_parameter" file="/app/vendor/gammamatrix/playground-test/src/Feature/Http/Controllers/Resource/Playground/EditJsonTrait.php" line="87" class="Tests\Feature\Playground\Lead\Resource\Http\Controllers\Playground\OpportunityRouteTest" classname="Tests.Feature.Playground.Lead.Resource.Http.Controllers.Playground.OpportunityRouteTest" assertions="4" time="0.349210"/>
        <testcase name="test_json_guest_cannot_get_index" file="/app/vendor/gammamatrix/playground-test/src/Feature/Http/Controllers/Resource/Playground/IndexJsonTrait.php" line="34" class="Tests\Feature\Playground\Lead\Resource\Http\Controllers\Playground\OpportunityRouteTest" classname="Tests.Feature.Playground.Lead.Resource.Http.Controllers.Playground.OpportunityRouteTest" assertions="1" time="0.328217"/>
        <testcase name="test_json_admin_can_get_index" file="/app/vendor/gammamatrix/playground-test/src/Feature/Http/Controllers/Resource/Playground/IndexJsonTrait.php" line="49" class="Tests\Feature\Playground\Lead\Resource\Http\Controllers\Playground\OpportunityRouteTest" classname="Tests.Feature.Playground.Lead.Resource.Http.Controllers.Playground.OpportunityRouteTest" assertions="115" time="0.345507"/>
        <testcase name="test_json_admin_can_get_index_with_filters" file="/app/vendor/gammamatrix/playground-test/src/Feature/Http/Controllers/Resource/Playground/IndexJsonTrait.php" line="85" class="Tests\Feature\Playground\Lead\Resource\Http\Controllers\Playground\OpportunityRouteTest" classname="Tests.Feature.Playground.Lead.Resource.Http.Controllers.Playground.OpportunityRouteTest" assertions="3" time="0.360612"/>
        <testcase name="test_json_guest_cannot_lock" file="/app/vendor/gammamatrix/playground-test/src/Feature/Http/Controllers/Resource/Playground/LockJsonTrait.php" line="36" class="Tests\Feature\Playground\Lead\Resource\Http\Controllers\Playground\OpportunityRouteTest" classname="Tests.Feature.Playground.Lead.Resource.Http.Controllers.Playground.OpportunityRouteTest" assertions="3" time="0.328826"/>
        <testcase name="test_json_lock_as_admin_and_succeed" file="/app/vendor/gammamatrix/playground-test/src/Feature/Http/Controllers/Resource/Playground/LockJsonTrait.php" line="66" class="Tests\Feature\Playground\Lead\Resource\Http\Controllers\Playground\OpportunityRouteTest" classname="Tests.Feature.Playground.Lead.Resource.Http.Controllers.Playground.OpportunityRouteTest" assertions="3" time="0.342057"/>
        <testcase name="test_json_lock_as_admin_and_succeed_with_no_redirect" file="/app/vendor/gammamatrix/playground-test/src/Feature/Http/Controllers/Resource/Playground/LockJsonTrait.php" line="98" class="Tests\Feature\Playground\Lead\Resource\Http\Controllers\Playground\OpportunityRouteTest" classname="Tests.Feature.Playground.Lead.Resource.Http.Controllers.Playground.OpportunityRouteTest" assertions="110" time="0.351975"/>
        <testcase name="test_json_lock_as_user_and_get_denied" file="/app/vendor/gammamatrix/playground-test/src/Feature/Http/Controllers/Resource/Playground/LockJsonTrait.php" line="143" class="Tests\Feature\Playground\Lead\Resource\Http\Controllers\Playground\OpportunityRouteTest" classname="Tests.Feature.Playground.Lead.Resource.Http.Controllers.Playground.OpportunityRouteTest" assertions="3" time="0.330890"/>
        <testcase name="test_json_guest_cannot_restore" file="/app/vendor/gammamatrix/playground-test/src/Feature/Http/Controllers/Resource/Playground/RestoreJsonTrait.php" line="32" class="Tests\Feature\Playground\Lead\Resource\Http\Controllers\Playground\OpportunityRouteTest" classname="Tests.Feature.Playground.Lead.Resource.Http.Controllers.Playground.OpportunityRouteTest" assertions="3" time="0.338577"/>
        <testcase name="test_json_restore_as_admin_and_succeed" file="/app/vendor/gammamatrix/playground-test/src/Feature/Http/Controllers/Resource/Playground/RestoreJsonTrait.php" line="64" class="Tests\Feature\Playground\Lead\Resource\Http\Controllers\Playground\OpportunityRouteTest" classname="Tests.Feature.Playground.Lead.Resource.Http.Controllers.Playground.OpportunityRouteTest" assertions="110" time="0.343964"/>
        <testcase name="test_json_restore_as_admin_and_succeed_with_no_redirect" file="/app/vendor/gammamatrix/playground-test/src/Feature/Http/Controllers/Resource/Playground/RestoreJsonTrait.php" line="100" class="Tests\Feature\Playground\Lead\Resource\Http\Controllers\Playground\OpportunityRouteTest" classname="Tests.Feature.Playground.Lead.Resource.Http.Controllers.Playground.OpportunityRouteTest" assertions="110" time="0.341557"/>
        <testcase name="test_json_restore_as_user_and_get_denied" file="/app/vendor/gammamatrix/playground-test/src/Feature/Http/Controllers/Resource/Playground/RestoreJsonTrait.php" line="143" class="Tests\Feature\Playground\Lead\Resource\Http\Controllers\Playground\OpportunityRouteTest" classname="Tests.Feature.Playground.Lead.Resource.Http.Controllers.Playground.OpportunityRouteTest" assertions="3" time="0.347910"/>
        <testcase name="test_json_guest_cannot_see_info" file="/app/vendor/gammamatrix/playground-test/src/Feature/Http/Controllers/Resource/Playground/ShowJsonTrait.php" line="29" class="Tests\Feature\Playground\Lead\Resource\Http\Controllers\Playground\OpportunityRouteTest" classname="Tests.Feature.Playground.Lead.Resource.Http.Controllers.Playground.OpportunityRouteTest" assertions="1" time="0.326296"/>
        <testcase name="test_json_show_info_for_admin" file="/app/vendor/gammamatrix/playground-test/src/Feature/Http/Controllers/Resource/Playground/ShowJsonTrait.php" line="49" class="Tests\Feature\Playground\Lead\Resource\Http\Controllers\Playground\OpportunityRouteTest" classname="Tests.Feature.Playground.Lead.Resource.Http.Controllers.Playground.OpportunityRouteTest" assertions="109" time="0.336722"/>
        <testcase name="test_json_guest_cannot_store" file="/app/vendor/gammamatrix/playground-test/src/Feature/Http/Controllers/Resource/Playground/StoreJsonTrait.php" line="43" class="Tests\Feature\Playground\Lead\Resource\Http\Controllers\Playground\OpportunityRouteTest" classname="Tests.Feature.Playground.Lead.Resource.Http.Controllers.Playground.OpportunityRouteTest" assertions="3" time="0.337775"/>
        <testcase name="test_json_store_as_admin_without_payload_and_fail_validation" file="/app/vendor/gammamatrix/playground-test/src/Feature/Http/Controllers/Resource/Playground/StoreJsonTrait.php" line="66" class="Tests\Feature\Playground\Lead\Resource\Http\Controllers\Playground\OpportunityRouteTest" classname="Tests.Feature.Playground.Lead.Resource.Http.Controllers.Playground.OpportunityRouteTest" assertions="5" time="0.341708"/>
        <testcase name="test_json_store_as_admin_and_succeed" file="/app/vendor/gammamatrix/playground-test/src/Feature/Http/Controllers/Resource/Playground/StoreJsonTrait.php" line="92" class="Tests\Feature\Playground\Lead\Resource\Http\Controllers\Playground\OpportunityRouteTest" classname="Tests.Feature.Playground.Lead.Resource.Http.Controllers.Playground.OpportunityRouteTest" assertions="3" time="0.365768"/>
        <testcase name="test_json_guest_cannot_unlock" file="/app/vendor/gammamatrix/playground-test/src/Feature/Http/Controllers/Resource/Playground/UnlockJsonTrait.php" line="36" class="Tests\Feature\Playground\Lead\Resource\Http\Controllers\Playground\OpportunityRouteTest" classname="Tests.Feature.Playground.Lead.Resource.Http.Controllers.Playground.OpportunityRouteTest" assertions="3" time="0.339697"/>
        <testcase name="test_json_unlock_as_admin_and_succeed" file="/app/vendor/gammamatrix/playground-test/src/Feature/Http/Controllers/Resource/Playground/UnlockJsonTrait.php" line="68" class="Tests\Feature\Playground\Lead\Resource\Http\Controllers\Playground\OpportunityRouteTest" classname="Tests.Feature.Playground.Lead.Resource.Http.Controllers.Playground.OpportunityRouteTest" assertions="110" time="0.356261"/>
        <testcase name="test_json_unlock_as_admin_and_succeed_with_no_redirect" file="/app/vendor/gammamatrix/playground-test/src/Feature/Http/Controllers/Resource/Playground/UnlockJsonTrait.php" line="104" class="Tests\Feature\Playground\Lead\Resource\Http\Controllers\Playground\OpportunityRouteTest" classname="Tests.Feature.Playground.Lead.Resource.Http.Controllers.Playground.OpportunityRouteTest" assertions="110" time="0.349900"/>
        <testcase name="test_json_unlock_as_user_and_get_denied" file="/app/vendor/gammamatrix/playground-test/src/Feature/Http/Controllers/Resource/Playground/UnlockJsonTrait.php" line="145" class="Tests\Feature\Playground\Lead\Resource\Http\Controllers\Playground\OpportunityRouteTest" classname="Tests.Feature.Playground.Lead.Resource.Http.Controllers.Playground.OpportunityRouteTest" assertions="3" time="0.348010"/>
        <testcase name="test_json_guest_cannot_update" file="/app/vendor/gammamatrix/playground-test/src/Feature/Http/Controllers/Resource/Playground/UpdateJsonTrait.php" line="45" class="Tests\Feature\Playground\Lead\Resource\Http\Controllers\Playground\OpportunityRouteTest" classname="Tests.Feature.Playground.Lead.Resource.Http.Controllers.Playground.OpportunityRouteTest" assertions="1" time="0.326251"/>
        <testcase name="test_json_update_as_admin_without_payload_and_fail_validation" file="/app/vendor/gammamatrix/playground-test/src/Feature/Http/Controllers/Resource/Playground/UpdateJsonTrait.php" line="65" class="Tests\Feature\Playground\Lead\Resource\Http\Controllers\Playground\OpportunityRouteTest" classname="Tests.Feature.Playground.Lead.Resource.Http.Controllers.Playground.OpportunityRouteTest" assertions="4" time="0.352457"/>
        <testcase name="test_json_admin_can_update" file="/app/vendor/gammamatrix/playground-test/src/Feature/Http/Controllers/Resource/Playground/UpdateJsonTrait.php" line="90" class="Tests\Feature\Playground\Lead\Resource\Http\Controllers\Playground\OpportunityRouteTest" classname="Tests.Feature.Playground.Lead.Resource.Http.Controllers.Playground.OpportunityRouteTest" assertions="112" time="0.402226"/>
      </testsuite>
      <testsuite name="Tests\Feature\Playground\Lead\Resource\Http\Controllers\Playground\PlanRouteTest" file="/app/tests/Feature/Http/Controllers/Playground/PlanRouteTest.php" tests="35" assertions="1075" errors="0" failures="0" skipped="0" time="12.112742">
        <testcase name="test_json_guest_cannot_get_create_info" file="/app/vendor/gammamatrix/playground-test/src/Feature/Http/Controllers/Resource/Playground/CreateJsonTrait.php" line="38" class="Tests\Feature\Playground\Lead\Resource\Http\Controllers\Playground\PlanRouteTest" classname="Tests.Feature.Playground.Lead.Resource.Http.Controllers.Playground.PlanRouteTest" assertions="1" time="0.363886"/>
        <testcase name="test_json_admin_can_get_create_info" file="/app/vendor/gammamatrix/playground-test/src/Feature/Http/Controllers/Resource/Playground/CreateJsonTrait.php" line="53" class="Tests\Feature\Playground\Lead\Resource\Http\Controllers\Playground\PlanRouteTest" classname="Tests.Feature.Playground.Lead.Resource.Http.Controllers.Playground.PlanRouteTest" assertions="108" time="0.340093"/>
        <testcase name="test_json_get_create_info_as_admin_with_invalid_parameter_and_fail_validation" file="/app/vendor/gammamatrix/playground-test/src/Feature/Http/Controllers/Resource/Playground/CreateJsonTrait.php" line="73" class="Tests\Feature\Playground\Lead\Resource\Http\Controllers\Playground\PlanRouteTest" classname="Tests.Feature.Playground.Lead.Resource.Http.Controllers.Playground.PlanRouteTest" assertions="4" time="0.344004"/>
        <testcase name="test_json_guest_cannot_destroy" file="/app/vendor/gammamatrix/playground-test/src/Feature/Http/Controllers/Resource/Playground/DestroyJsonTrait.php" line="31" class="Tests\Feature\Playground\Lead\Resource\Http\Controllers\Playground\PlanRouteTest" classname="Tests.Feature.Playground.Lead.Resource.Http.Controllers.Playground.PlanRouteTest" assertions="3" time="0.322958"/>
        <testcase name="test_json_destroy_as_admin_and_succeed" file="/app/vendor/gammamatrix/playground-test/src/Feature/Http/Controllers/Resource/Playground/DestroyJsonTrait.php" line="61" class="Tests\Feature\Playground\Lead\Resource\Http\Controllers\Playground\PlanRouteTest" classname="Tests.Feature.Playground.Lead.Resource.Http.Controllers.Playground.PlanRouteTest" assertions="5" time="0.332408"/>
        <testcase name="test_json_destroy_as_admin_and_succeed_with_force_delete" file="/app/vendor/gammamatrix/playground-test/src/Feature/Http/Controllers/Resource/Playground/DestroyJsonTrait.php" line="100" class="Tests\Feature\Playground\Lead\Resource\Http\Controllers\Playground\PlanRouteTest" classname="Tests.Feature.Playground.Lead.Resource.Http.Controllers.Playground.PlanRouteTest" assertions="4" time="0.347243"/>
        <testcase name="test_json_destroy_as_admin_and_succeed_with_no_content" file="/app/vendor/gammamatrix/playground-test/src/Feature/Http/Controllers/Resource/Playground/DestroyJsonTrait.php" line="132" class="Tests\Feature\Playground\Lead\Resource\Http\Controllers\Playground\PlanRouteTest" classname="Tests.Feature.Playground.Lead.Resource.Http.Controllers.Playground.PlanRouteTest" assertions="5" time="0.333144"/>
        <testcase name="test_json_destroy_as_admin_and_succeed_and_ignore_redirect" file="/app/vendor/gammamatrix/playground-test/src/Feature/Http/Controllers/Resource/Playground/DestroyJsonTrait.php" line="167" class="Tests\Feature\Playground\Lead\Resource\Http\Controllers\Playground\PlanRouteTest" classname="Tests.Feature.Playground.Lead.Resource.Http.Controllers.Playground.PlanRouteTest" assertions="5" time="0.339279"/>
        <testcase name="test_json_destroy_as_user_and_get_denied_and_no_force_delete_allowed" file="/app/vendor/gammamatrix/playground-test/src/Feature/Http/Controllers/Resource/Playground/DestroyJsonTrait.php" line="209" class="Tests\Feature\Playground\Lead\Resource\Http\Controllers\Playground\PlanRouteTest" classname="Tests.Feature.Playground.Lead.Resource.Http.Controllers.Playground.PlanRouteTest" assertions="3" time="0.342084"/>
        <testcase name="test_json_guest_cannot_get_edit_info" file="/app/vendor/gammamatrix/playground-test/src/Feature/Http/Controllers/Resource/Playground/EditJsonTrait.php" line="38" class="Tests\Feature\Playground\Lead\Resource\Http\Controllers\Playground\PlanRouteTest" classname="Tests.Feature.Playground.Lead.Resource.Http.Controllers.Playground.PlanRouteTest" assertions="1" time="0.321267"/>
        <testcase name="test_json_admin_can_get_edit_info" file="/app/vendor/gammamatrix/playground-test/src/Feature/Http/Controllers/Resource/Playground/EditJsonTrait.php" line="58" class="Tests\Feature\Playground\Lead\Resource\Http\Controllers\Playground\PlanRouteTest" classname="Tests.Feature.Playground.Lead.Resource.Http.Controllers.Playground.PlanRouteTest" assertions="4" time="0.342080"/>
        <testcase name="test_json_edit_as_admin_and_fail_validation_with_invalid_parameter" file="/app/vendor/gammamatrix/playground-test/src/Feature/Http/Controllers/Resource/Playground/EditJsonTrait.php" line="87" class="Tests\Feature\Playground\Lead\Resource\Http\Controllers\Playground\PlanRouteTest" classname="Tests.Feature.Playground.Lead.Resource.Http.Controllers.Playground.PlanRouteTest" assertions="4" time="0.362124"/>
        <testcase name="test_json_guest_cannot_get_index" file="/app/vendor/gammamatrix/playground-test/src/Feature/Http/Controllers/Resource/Playground/IndexJsonTrait.php" line="34" class="Tests\Feature\Playground\Lead\Resource\Http\Controllers\Playground\PlanRouteTest" classname="Tests.Feature.Playground.Lead.Resource.Http.Controllers.Playground.PlanRouteTest" assertions="1" time="0.326020"/>
        <testcase name="test_json_admin_can_get_index" file="/app/vendor/gammamatrix/playground-test/src/Feature/Http/Controllers/Resource/Playground/IndexJsonTrait.php" line="49" class="Tests\Feature\Playground\Lead\Resource\Http\Controllers\Playground\PlanRouteTest" classname="Tests.Feature.Playground.Lead.Resource.Http.Controllers.Playground.PlanRouteTest" assertions="115" time="0.354480"/>
        <testcase name="test_json_admin_can_get_index_with_filters" file="/app/vendor/gammamatrix/playground-test/src/Feature/Http/Controllers/Resource/Playground/IndexJsonTrait.php" line="85" class="Tests\Feature\Playground\Lead\Resource\Http\Controllers\Playground\PlanRouteTest" classname="Tests.Feature.Playground.Lead.Resource.Http.Controllers.Playground.PlanRouteTest" assertions="3" time="0.359255"/>
        <testcase name="test_json_guest_cannot_lock" file="/app/vendor/gammamatrix/playground-test/src/Feature/Http/Controllers/Resource/Playground/LockJsonTrait.php" line="36" class="Tests\Feature\Playground\Lead\Resource\Http\Controllers\Playground\PlanRouteTest" classname="Tests.Feature.Playground.Lead.Resource.Http.Controllers.Playground.PlanRouteTest" assertions="3" time="0.328652"/>
        <testcase name="test_json_lock_as_admin_and_succeed" file="/app/vendor/gammamatrix/playground-test/src/Feature/Http/Controllers/Resource/Playground/LockJsonTrait.php" line="66" class="Tests\Feature\Playground\Lead\Resource\Http\Controllers\Playground\PlanRouteTest" classname="Tests.Feature.Playground.Lead.Resource.Http.Controllers.Playground.PlanRouteTest" assertions="3" time="0.343670"/>
        <testcase name="test_json_lock_as_admin_and_succeed_with_no_redirect" file="/app/vendor/gammamatrix/playground-test/src/Feature/Http/Controllers/Resource/Playground/LockJsonTrait.php" line="98" class="Tests\Feature\Playground\Lead\Resource\Http\Controllers\Playground\PlanRouteTest" classname="Tests.Feature.Playground.Lead.Resource.Http.Controllers.Playground.PlanRouteTest" assertions="110" time="0.350547"/>
        <testcase name="test_json_lock_as_user_and_get_denied" file="/app/vendor/gammamatrix/playground-test/src/Feature/Http/Controllers/Resource/Playground/LockJsonTrait.php" line="143" class="Tests\Feature\Playground\Lead\Resource\Http\Controllers\Playground\PlanRouteTest" classname="Tests.Feature.Playground.Lead.Resource.Http.Controllers.Playground.PlanRouteTest" assertions="3" time="0.332948"/>
        <testcase name="test_json_guest_cannot_restore" file="/app/vendor/gammamatrix/playground-test/src/Feature/Http/Controllers/Resource/Playground/RestoreJsonTrait.php" line="32" class="Tests\Feature\Playground\Lead\Resource\Http\Controllers\Playground\PlanRouteTest" classname="Tests.Feature.Playground.Lead.Resource.Http.Controllers.Playground.PlanRouteTest" assertions="3" time="0.327342"/>
        <testcase name="test_json_restore_as_admin_and_succeed" file="/app/vendor/gammamatrix/playground-test/src/Feature/Http/Controllers/Resource/Playground/RestoreJsonTrait.php" line="64" class="Tests\Feature\Playground\Lead\Resource\Http\Controllers\Playground\PlanRouteTest" classname="Tests.Feature.Playground.Lead.Resource.Http.Controllers.Playground.PlanRouteTest" assertions="110" time="0.362098"/>
        <testcase name="test_json_restore_as_admin_and_succeed_with_no_redirect" file="/app/vendor/gammamatrix/playground-test/src/Feature/Http/Controllers/Resource/Playground/RestoreJsonTrait.php" line="100" class="Tests\Feature\Playground\Lead\Resource\Http\Controllers\Playground\PlanRouteTest" classname="Tests.Feature.Playground.Lead.Resource.Http.Controllers.Playground.PlanRouteTest" assertions="110" time="0.342218"/>
        <testcase name="test_json_restore_as_user_and_get_denied" file="/app/vendor/gammamatrix/playground-test/src/Feature/Http/Controllers/Resource/Playground/RestoreJsonTrait.php" line="143" class="Tests\Feature\Playground\Lead\Resource\Http\Controllers\Playground\PlanRouteTest" classname="Tests.Feature.Playground.Lead.Resource.Http.Controllers.Playground.PlanRouteTest" assertions="3" time="0.341436"/>
        <testcase name="test_json_guest_cannot_see_info" file="/app/vendor/gammamatrix/playground-test/src/Feature/Http/Controllers/Resource/Playground/ShowJsonTrait.php" line="29" class="Tests\Feature\Playground\Lead\Resource\Http\Controllers\Playground\PlanRouteTest" classname="Tests.Feature.Playground.Lead.Resource.Http.Controllers.Playground.PlanRouteTest" assertions="1" time="0.342545"/>
        <testcase name="test_json_show_info_for_admin" file="/app/vendor/gammamatrix/playground-test/src/Feature/Http/Controllers/Resource/Playground/ShowJsonTrait.php" line="49" class="Tests\Feature\Playground\Lead\Resource\Http\Controllers\Playground\PlanRouteTest" classname="Tests.Feature.Playground.Lead.Resource.Http.Controllers.Playground.PlanRouteTest" assertions="109" time="0.342683"/>
        <testcase name="test_json_guest_cannot_store" file="/app/vendor/gammamatrix/playground-test/src/Feature/Http/Controllers/Resource/Playground/StoreJsonTrait.php" line="43" class="Tests\Feature\Playground\Lead\Resource\Http\Controllers\Playground\PlanRouteTest" classname="Tests.Feature.Playground.Lead.Resource.Http.Controllers.Playground.PlanRouteTest" assertions="3" time="0.321151"/>
        <testcase name="test_json_store_as_admin_without_payload_and_fail_validation" file="/app/vendor/gammamatrix/playground-test/src/Feature/Http/Controllers/Resource/Playground/StoreJsonTrait.php" line="66" class="Tests\Feature\Playground\Lead\Resource\Http\Controllers\Playground\PlanRouteTest" classname="Tests.Feature.Playground.Lead.Resource.Http.Controllers.Playground.PlanRouteTest" assertions="5" time="0.357160"/>
        <testcase name="test_json_store_as_admin_and_succeed" file="/app/vendor/gammamatrix/playground-test/src/Feature/Http/Controllers/Resource/Playground/StoreJsonTrait.php" line="92" class="Tests\Feature\Playground\Lead\Resource\Http\Controllers\Playground\PlanRouteTest" classname="Tests.Feature.Playground.Lead.Resource.Http.Controllers.Playground.PlanRouteTest" assertions="3" time="0.386171"/>
        <testcase name="test_json_guest_cannot_unlock" file="/app/vendor/gammamatrix/playground-test/src/Feature/Http/Controllers/Resource/Playground/UnlockJsonTrait.php" line="36" class="Tests\Feature\Playground\Lead\Resource\Http\Controllers\Playground\PlanRouteTest" classname="Tests.Feature.Playground.Lead.Resource.Http.Controllers.Playground.PlanRouteTest" assertions="3" time="0.327308"/>
        <testcase name="test_json_unlock_as_admin_and_succeed" file="/app/vendor/gammamatrix/playground-test/src/Feature/Http/Controllers/Resource/Playground/UnlockJsonTrait.php" line="68" class="Tests\Feature\Playground\Lead\Resource\Http\Controllers\Playground\PlanRouteTest" classname="Tests.Feature.Playground.Lead.Resource.Http.Controllers.Playground.PlanRouteTest" assertions="110" time="0.375285"/>
        <testcase name="test_json_unlock_as_admin_and_succeed_with_no_redirect" file="/app/vendor/gammamatrix/playground-test/src/Feature/Http/Controllers/Resource/Playground/UnlockJsonTrait.php" line="104" class="Tests\Feature\Playground\Lead\Resource\Http\Controllers\Playground\PlanRouteTest" classname="Tests.Feature.Playground.Lead.Resource.Http.Controllers.Playground.PlanRouteTest" assertions="110" time="0.350713"/>
        <testcase name="test_json_unlock_as_user_and_get_denied" file="/app/vendor/gammamatrix/playground-test/src/Feature/Http/Controllers/Resource/Playground/UnlockJsonTrait.php" line="145" class="Tests\Feature\Playground\Lead\Resource\Http\Controllers\Playground\PlanRouteTest" classname="Tests.Feature.Playground.Lead.Resource.Http.Controllers.Playground.PlanRouteTest" assertions="3" time="0.335044"/>
        <testcase name="test_json_guest_cannot_update" file="/app/vendor/gammamatrix/playground-test/src/Feature/Http/Controllers/Resource/Playground/UpdateJsonTrait.php" line="45" class="Tests\Feature\Playground\Lead\Resource\Http\Controllers\Playground\PlanRouteTest" classname="Tests.Feature.Playground.Lead.Resource.Http.Controllers.Playground.PlanRouteTest" assertions="1" time="0.351379"/>
        <testcase name="test_json_update_as_admin_without_payload_and_fail_validation" file="/app/vendor/gammamatrix/playground-test/src/Feature/Http/Controllers/Resource/Playground/UpdateJsonTrait.php" line="65" class="Tests\Feature\Playground\Lead\Resource\Http\Controllers\Playground\PlanRouteTest" classname="Tests.Feature.Playground.Lead.Resource.Http.Controllers.Playground.PlanRouteTest" assertions="4" time="0.351311"/>
        <testcase name="test_json_admin_can_update" file="/app/vendor/gammamatrix/playground-test/src/Feature/Http/Controllers/Resource/Playground/UpdateJsonTrait.php" line="90" class="Tests\Feature\Playground\Lead\Resource\Http\Controllers\Playground\PlanRouteTest" classname="Tests.Feature.Playground.Lead.Resource.Http.Controllers.Playground.PlanRouteTest" assertions="112" time="0.412757"/>
      </testsuite>
      <testsuite name="Tests\Feature\Playground\Lead\Resource\Http\Controllers\Playground\RegionRouteTest" file="/app/tests/Feature/Http/Controllers/Playground/RegionRouteTest.php" tests="35" assertions="1075" errors="0" failures="0" skipped="0" time="12.174501">
        <testcase name="test_json_guest_cannot_get_create_info" file="/app/vendor/gammamatrix/playground-test/src/Feature/Http/Controllers/Resource/Playground/CreateJsonTrait.php" line="38" class="Tests\Feature\Playground\Lead\Resource\Http\Controllers\Playground\RegionRouteTest" classname="Tests.Feature.Playground.Lead.Resource.Http.Controllers.Playground.RegionRouteTest" assertions="1" time="0.366756"/>
        <testcase name="test_json_admin_can_get_create_info" file="/app/vendor/gammamatrix/playground-test/src/Feature/Http/Controllers/Resource/Playground/CreateJsonTrait.php" line="53" class="Tests\Feature\Playground\Lead\Resource\Http\Controllers\Playground\RegionRouteTest" classname="Tests.Feature.Playground.Lead.Resource.Http.Controllers.Playground.RegionRouteTest" assertions="108" time="0.341145"/>
        <testcase name="test_json_get_create_info_as_admin_with_invalid_parameter_and_fail_validation" file="/app/vendor/gammamatrix/playground-test/src/Feature/Http/Controllers/Resource/Playground/CreateJsonTrait.php" line="73" class="Tests\Feature\Playground\Lead\Resource\Http\Controllers\Playground\RegionRouteTest" classname="Tests.Feature.Playground.Lead.Resource.Http.Controllers.Playground.RegionRouteTest" assertions="4" time="0.346808"/>
        <testcase name="test_json_guest_cannot_destroy" file="/app/vendor/gammamatrix/playground-test/src/Feature/Http/Controllers/Resource/Playground/DestroyJsonTrait.php" line="31" class="Tests\Feature\Playground\Lead\Resource\Http\Controllers\Playground\RegionRouteTest" classname="Tests.Feature.Playground.Lead.Resource.Http.Controllers.Playground.RegionRouteTest" assertions="3" time="0.324273"/>
        <testcase name="test_json_destroy_as_admin_and_succeed" file="/app/vendor/gammamatrix/playground-test/src/Feature/Http/Controllers/Resource/Playground/DestroyJsonTrait.php" line="61" class="Tests\Feature\Playground\Lead\Resource\Http\Controllers\Playground\RegionRouteTest" classname="Tests.Feature.Playground.Lead.Resource.Http.Controllers.Playground.RegionRouteTest" assertions="5" time="0.335122"/>
        <testcase name="test_json_destroy_as_admin_and_succeed_with_force_delete" file="/app/vendor/gammamatrix/playground-test/src/Feature/Http/Controllers/Resource/Playground/DestroyJsonTrait.php" line="100" class="Tests\Feature\Playground\Lead\Resource\Http\Controllers\Playground\RegionRouteTest" classname="Tests.Feature.Playground.Lead.Resource.Http.Controllers.Playground.RegionRouteTest" assertions="4" time="0.351780"/>
        <testcase name="test_json_destroy_as_admin_and_succeed_with_no_content" file="/app/vendor/gammamatrix/playground-test/src/Feature/Http/Controllers/Resource/Playground/DestroyJsonTrait.php" line="132" class="Tests\Feature\Playground\Lead\Resource\Http\Controllers\Playground\RegionRouteTest" classname="Tests.Feature.Playground.Lead.Resource.Http.Controllers.Playground.RegionRouteTest" assertions="5" time="0.335955"/>
        <testcase name="test_json_destroy_as_admin_and_succeed_and_ignore_redirect" file="/app/vendor/gammamatrix/playground-test/src/Feature/Http/Controllers/Resource/Playground/DestroyJsonTrait.php" line="167" class="Tests\Feature\Playground\Lead\Resource\Http\Controllers\Playground\RegionRouteTest" classname="Tests.Feature.Playground.Lead.Resource.Http.Controllers.Playground.RegionRouteTest" assertions="5" time="0.341537"/>
        <testcase name="test_json_destroy_as_user_and_get_denied_and_no_force_delete_allowed" file="/app/vendor/gammamatrix/playground-test/src/Feature/Http/Controllers/Resource/Playground/DestroyJsonTrait.php" line="209" class="Tests\Feature\Playground\Lead\Resource\Http\Controllers\Playground\RegionRouteTest" classname="Tests.Feature.Playground.Lead.Resource.Http.Controllers.Playground.RegionRouteTest" assertions="3" time="0.357818"/>
        <testcase name="test_json_guest_cannot_get_edit_info" file="/app/vendor/gammamatrix/playground-test/src/Feature/Http/Controllers/Resource/Playground/EditJsonTrait.php" line="38" class="Tests\Feature\Playground\Lead\Resource\Http\Controllers\Playground\RegionRouteTest" classname="Tests.Feature.Playground.Lead.Resource.Http.Controllers.Playground.RegionRouteTest" assertions="1" time="0.328445"/>
        <testcase name="test_json_admin_can_get_edit_info" file="/app/vendor/gammamatrix/playground-test/src/Feature/Http/Controllers/Resource/Playground/EditJsonTrait.php" line="58" class="Tests\Feature\Playground\Lead\Resource\Http\Controllers\Playground\RegionRouteTest" classname="Tests.Feature.Playground.Lead.Resource.Http.Controllers.Playground.RegionRouteTest" assertions="4" time="0.344560"/>
        <testcase name="test_json_edit_as_admin_and_fail_validation_with_invalid_parameter" file="/app/vendor/gammamatrix/playground-test/src/Feature/Http/Controllers/Resource/Playground/EditJsonTrait.php" line="87" class="Tests\Feature\Playground\Lead\Resource\Http\Controllers\Playground\RegionRouteTest" classname="Tests.Feature.Playground.Lead.Resource.Http.Controllers.Playground.RegionRouteTest" assertions="4" time="0.371460"/>
        <testcase name="test_json_guest_cannot_get_index" file="/app/vendor/gammamatrix/playground-test/src/Feature/Http/Controllers/Resource/Playground/IndexJsonTrait.php" line="34" class="Tests\Feature\Playground\Lead\Resource\Http\Controllers\Playground\RegionRouteTest" classname="Tests.Feature.Playground.Lead.Resource.Http.Controllers.Playground.RegionRouteTest" assertions="1" time="0.327496"/>
        <testcase name="test_json_admin_can_get_index" file="/app/vendor/gammamatrix/playground-test/src/Feature/Http/Controllers/Resource/Playground/IndexJsonTrait.php" line="49" class="Tests\Feature\Playground\Lead\Resource\Http\Controllers\Playground\RegionRouteTest" classname="Tests.Feature.Playground.Lead.Resource.Http.Controllers.Playground.RegionRouteTest" assertions="115" time="0.352539"/>
        <testcase name="test_json_admin_can_get_index_with_filters" file="/app/vendor/gammamatrix/playground-test/src/Feature/Http/Controllers/Resource/Playground/IndexJsonTrait.php" line="85" class="Tests\Feature\Playground\Lead\Resource\Http\Controllers\Playground\RegionRouteTest" classname="Tests.Feature.Playground.Lead.Resource.Http.Controllers.Playground.RegionRouteTest" assertions="3" time="0.363011"/>
        <testcase name="test_json_guest_cannot_lock" file="/app/vendor/gammamatrix/playground-test/src/Feature/Http/Controllers/Resource/Playground/LockJsonTrait.php" line="36" class="Tests\Feature\Playground\Lead\Resource\Http\Controllers\Playground\RegionRouteTest" classname="Tests.Feature.Playground.Lead.Resource.Http.Controllers.Playground.RegionRouteTest" assertions="3" time="0.329083"/>
        <testcase name="test_json_lock_as_admin_and_succeed" file="/app/vendor/gammamatrix/playground-test/src/Feature/Http/Controllers/Resource/Playground/LockJsonTrait.php" line="66" class="Tests\Feature\Playground\Lead\Resource\Http\Controllers\Playground\RegionRouteTest" classname="Tests.Feature.Playground.Lead.Resource.Http.Controllers.Playground.RegionRouteTest" assertions="3" time="0.342227"/>
        <testcase name="test_json_lock_as_admin_and_succeed_with_no_redirect" file="/app/vendor/gammamatrix/playground-test/src/Feature/Http/Controllers/Resource/Playground/LockJsonTrait.php" line="98" class="Tests\Feature\Playground\Lead\Resource\Http\Controllers\Playground\RegionRouteTest" classname="Tests.Feature.Playground.Lead.Resource.Http.Controllers.Playground.RegionRouteTest" assertions="110" time="0.361010"/>
        <testcase name="test_json_lock_as_user_and_get_denied" file="/app/vendor/gammamatrix/playground-test/src/Feature/Http/Controllers/Resource/Playground/LockJsonTrait.php" line="143" class="Tests\Feature\Playground\Lead\Resource\Http\Controllers\Playground\RegionRouteTest" classname="Tests.Feature.Playground.Lead.Resource.Http.Controllers.Playground.RegionRouteTest" assertions="3" time="0.330797"/>
        <testcase name="test_json_guest_cannot_restore" file="/app/vendor/gammamatrix/playground-test/src/Feature/Http/Controllers/Resource/Playground/RestoreJsonTrait.php" line="32" class="Tests\Feature\Playground\Lead\Resource\Http\Controllers\Playground\RegionRouteTest" classname="Tests.Feature.Playground.Lead.Resource.Http.Controllers.Playground.RegionRouteTest" assertions="3" time="0.327016"/>
        <testcase name="test_json_restore_as_admin_and_succeed" file="/app/vendor/gammamatrix/playground-test/src/Feature/Http/Controllers/Resource/Playground/RestoreJsonTrait.php" line="64" class="Tests\Feature\Playground\Lead\Resource\Http\Controllers\Playground\RegionRouteTest" classname="Tests.Feature.Playground.Lead.Resource.Http.Controllers.Playground.RegionRouteTest" assertions="110" time="0.366937"/>
        <testcase name="test_json_restore_as_admin_and_succeed_with_no_redirect" file="/app/vendor/gammamatrix/playground-test/src/Feature/Http/Controllers/Resource/Playground/RestoreJsonTrait.php" line="100" class="Tests\Feature\Playground\Lead\Resource\Http\Controllers\Playground\RegionRouteTest" classname="Tests.Feature.Playground.Lead.Resource.Http.Controllers.Playground.RegionRouteTest" assertions="110" time="0.346645"/>
        <testcase name="test_json_restore_as_user_and_get_denied" file="/app/vendor/gammamatrix/playground-test/src/Feature/Http/Controllers/Resource/Playground/RestoreJsonTrait.php" line="143" class="Tests\Feature\Playground\Lead\Resource\Http\Controllers\Playground\RegionRouteTest" classname="Tests.Feature.Playground.Lead.Resource.Http.Controllers.Playground.RegionRouteTest" assertions="3" time="0.344950"/>
        <testcase name="test_json_guest_cannot_see_info" file="/app/vendor/gammamatrix/playground-test/src/Feature/Http/Controllers/Resource/Playground/ShowJsonTrait.php" line="29" class="Tests\Feature\Playground\Lead\Resource\Http\Controllers\Playground\RegionRouteTest" classname="Tests.Feature.Playground.Lead.Resource.Http.Controllers.Playground.RegionRouteTest" assertions="1" time="0.350120"/>
        <testcase name="test_json_show_info_for_admin" file="/app/vendor/gammamatrix/playground-test/src/Feature/Http/Controllers/Resource/Playground/ShowJsonTrait.php" line="49" class="Tests\Feature\Playground\Lead\Resource\Http\Controllers\Playground\RegionRouteTest" classname="Tests.Feature.Playground.Lead.Resource.Http.Controllers.Playground.RegionRouteTest" assertions="109" time="0.340604"/>
        <testcase name="test_json_guest_cannot_store" file="/app/vendor/gammamatrix/playground-test/src/Feature/Http/Controllers/Resource/Playground/StoreJsonTrait.php" line="43" class="Tests\Feature\Playground\Lead\Resource\Http\Controllers\Playground\RegionRouteTest" classname="Tests.Feature.Playground.Lead.Resource.Http.Controllers.Playground.RegionRouteTest" assertions="3" time="0.321389"/>
        <testcase name="test_json_store_as_admin_without_payload_and_fail_validation" file="/app/vendor/gammamatrix/playground-test/src/Feature/Http/Controllers/Resource/Playground/StoreJsonTrait.php" line="66" class="Tests\Feature\Playground\Lead\Resource\Http\Controllers\Playground\RegionRouteTest" classname="Tests.Feature.Playground.Lead.Resource.Http.Controllers.Playground.RegionRouteTest" assertions="5" time="0.361223"/>
        <testcase name="test_json_store_as_admin_and_succeed" file="/app/vendor/gammamatrix/playground-test/src/Feature/Http/Controllers/Resource/Playground/StoreJsonTrait.php" line="92" class="Tests\Feature\Playground\Lead\Resource\Http\Controllers\Playground\RegionRouteTest" classname="Tests.Feature.Playground.Lead.Resource.Http.Controllers.Playground.RegionRouteTest" assertions="3" time="0.372514"/>
        <testcase name="test_json_guest_cannot_unlock" file="/app/vendor/gammamatrix/playground-test/src/Feature/Http/Controllers/Resource/Playground/UnlockJsonTrait.php" line="36" class="Tests\Feature\Playground\Lead\Resource\Http\Controllers\Playground\RegionRouteTest" classname="Tests.Feature.Playground.Lead.Resource.Http.Controllers.Playground.RegionRouteTest" assertions="3" time="0.333304"/>
        <testcase name="test_json_unlock_as_admin_and_succeed" file="/app/vendor/gammamatrix/playground-test/src/Feature/Http/Controllers/Resource/Playground/UnlockJsonTrait.php" line="68" class="Tests\Feature\Playground\Lead\Resource\Http\Controllers\Playground\RegionRouteTest" classname="Tests.Feature.Playground.Lead.Resource.Http.Controllers.Playground.RegionRouteTest" assertions="110" time="0.375167"/>
        <testcase name="test_json_unlock_as_admin_and_succeed_with_no_redirect" file="/app/vendor/gammamatrix/playground-test/src/Feature/Http/Controllers/Resource/Playground/UnlockJsonTrait.php" line="104" class="Tests\Feature\Playground\Lead\Resource\Http\Controllers\Playground\RegionRouteTest" classname="Tests.Feature.Playground.Lead.Resource.Http.Controllers.Playground.RegionRouteTest" assertions="110" time="0.347203"/>
        <testcase name="test_json_unlock_as_user_and_get_denied" file="/app/vendor/gammamatrix/playground-test/src/Feature/Http/Controllers/Resource/Playground/UnlockJsonTrait.php" line="145" class="Tests\Feature\Playground\Lead\Resource\Http\Controllers\Playground\RegionRouteTest" classname="Tests.Feature.Playground.Lead.Resource.Http.Controllers.Playground.RegionRouteTest" assertions="3" time="0.336867"/>
        <testcase name="test_json_guest_cannot_update" file="/app/vendor/gammamatrix/playground-test/src/Feature/Http/Controllers/Resource/Playground/UpdateJsonTrait.php" line="45" class="Tests\Feature\Playground\Lead\Resource\Http\Controllers\Playground\RegionRouteTest" classname="Tests.Feature.Playground.Lead.Resource.Http.Controllers.Playground.RegionRouteTest" assertions="1" time="0.350430"/>
        <testcase name="test_json_update_as_admin_without_payload_and_fail_validation" file="/app/vendor/gammamatrix/playground-test/src/Feature/Http/Controllers/Resource/Playground/UpdateJsonTrait.php" line="65" class="Tests\Feature\Playground\Lead\Resource\Http\Controllers\Playground\RegionRouteTest" classname="Tests.Feature.Playground.Lead.Resource.Http.Controllers.Playground.RegionRouteTest" assertions="4" time="0.351711"/>
        <testcase name="test_json_admin_can_update" file="/app/vendor/gammamatrix/playground-test/src/Feature/Http/Controllers/Resource/Playground/UpdateJsonTrait.php" line="90" class="Tests\Feature\Playground\Lead\Resource\Http\Controllers\Playground\RegionRouteTest" classname="Tests.Feature.Playground.Lead.Resource.Http.Controllers.Playground.RegionRouteTest" assertions="112" time="0.396601"/>
      </testsuite>
      <testsuite name="Tests\Feature\Playground\Lead\Resource\Http\Controllers\Playground\ReportRouteTest" file="/app/tests/Feature/Http/Controllers/Playground/ReportRouteTest.php" tests="35" assertions="1075" errors="0" failures="0" skipped="0" time="12.323467">
        <testcase name="test_json_guest_cannot_get_create_info" file="/app/vendor/gammamatrix/playground-test/src/Feature/Http/Controllers/Resource/Playground/CreateJsonTrait.php" line="38" class="Tests\Feature\Playground\Lead\Resource\Http\Controllers\Playground\ReportRouteTest" classname="Tests.Feature.Playground.Lead.Resource.Http.Controllers.Playground.ReportRouteTest" assertions="1" time="0.393107"/>
        <testcase name="test_json_admin_can_get_create_info" file="/app/vendor/gammamatrix/playground-test/src/Feature/Http/Controllers/Resource/Playground/CreateJsonTrait.php" line="53" class="Tests\Feature\Playground\Lead\Resource\Http\Controllers\Playground\ReportRouteTest" classname="Tests.Feature.Playground.Lead.Resource.Http.Controllers.Playground.ReportRouteTest" assertions="108" time="0.343975"/>
        <testcase name="test_json_get_create_info_as_admin_with_invalid_parameter_and_fail_validation" file="/app/vendor/gammamatrix/playground-test/src/Feature/Http/Controllers/Resource/Playground/CreateJsonTrait.php" line="73" class="Tests\Feature\Playground\Lead\Resource\Http\Controllers\Playground\ReportRouteTest" classname="Tests.Feature.Playground.Lead.Resource.Http.Controllers.Playground.ReportRouteTest" assertions="4" time="0.359355"/>
        <testcase name="test_json_guest_cannot_destroy" file="/app/vendor/gammamatrix/playground-test/src/Feature/Http/Controllers/Resource/Playground/DestroyJsonTrait.php" line="31" class="Tests\Feature\Playground\Lead\Resource\Http\Controllers\Playground\ReportRouteTest" classname="Tests.Feature.Playground.Lead.Resource.Http.Controllers.Playground.ReportRouteTest" assertions="3" time="0.323429"/>
        <testcase name="test_json_destroy_as_admin_and_succeed" file="/app/vendor/gammamatrix/playground-test/src/Feature/Http/Controllers/Resource/Playground/DestroyJsonTrait.php" line="61" class="Tests\Feature\Playground\Lead\Resource\Http\Controllers\Playground\ReportRouteTest" classname="Tests.Feature.Playground.Lead.Resource.Http.Controllers.Playground.ReportRouteTest" assertions="5" time="0.334933"/>
        <testcase name="test_json_destroy_as_admin_and_succeed_with_force_delete" file="/app/vendor/gammamatrix/playground-test/src/Feature/Http/Controllers/Resource/Playground/DestroyJsonTrait.php" line="100" class="Tests\Feature\Playground\Lead\Resource\Http\Controllers\Playground\ReportRouteTest" classname="Tests.Feature.Playground.Lead.Resource.Http.Controllers.Playground.ReportRouteTest" assertions="4" time="0.331801"/>
        <testcase name="test_json_destroy_as_admin_and_succeed_with_no_content" file="/app/vendor/gammamatrix/playground-test/src/Feature/Http/Controllers/Resource/Playground/DestroyJsonTrait.php" line="132" class="Tests\Feature\Playground\Lead\Resource\Http\Controllers\Playground\ReportRouteTest" classname="Tests.Feature.Playground.Lead.Resource.Http.Controllers.Playground.ReportRouteTest" assertions="5" time="0.364004"/>
        <testcase name="test_json_destroy_as_admin_and_succeed_and_ignore_redirect" file="/app/vendor/gammamatrix/playground-test/src/Feature/Http/Controllers/Resource/Playground/DestroyJsonTrait.php" line="167" class="Tests\Feature\Playground\Lead\Resource\Http\Controllers\Playground\ReportRouteTest" classname="Tests.Feature.Playground.Lead.Resource.Http.Controllers.Playground.ReportRouteTest" assertions="5" time="0.340377"/>
        <testcase name="test_json_destroy_as_user_and_get_denied_and_no_force_delete_allowed" file="/app/vendor/gammamatrix/playground-test/src/Feature/Http/Controllers/Resource/Playground/DestroyJsonTrait.php" line="209" class="Tests\Feature\Playground\Lead\Resource\Http\Controllers\Playground\ReportRouteTest" classname="Tests.Feature.Playground.Lead.Resource.Http.Controllers.Playground.ReportRouteTest" assertions="3" time="0.362905"/>
        <testcase name="test_json_guest_cannot_get_edit_info" file="/app/vendor/gammamatrix/playground-test/src/Feature/Http/Controllers/Resource/Playground/EditJsonTrait.php" line="38" class="Tests\Feature\Playground\Lead\Resource\Http\Controllers\Playground\ReportRouteTest" classname="Tests.Feature.Playground.Lead.Resource.Http.Controllers.Playground.ReportRouteTest" assertions="1" time="0.325700"/>
        <testcase name="test_json_admin_can_get_edit_info" file="/app/vendor/gammamatrix/playground-test/src/Feature/Http/Controllers/Resource/Playground/EditJsonTrait.php" line="58" class="Tests\Feature\Playground\Lead\Resource\Http\Controllers\Playground\ReportRouteTest" classname="Tests.Feature.Playground.Lead.Resource.Http.Controllers.Playground.ReportRouteTest" assertions="4" time="0.344417"/>
        <testcase name="test_json_edit_as_admin_and_fail_validation_with_invalid_parameter" file="/app/vendor/gammamatrix/playground-test/src/Feature/Http/Controllers/Resource/Playground/EditJsonTrait.php" line="87" class="Tests\Feature\Playground\Lead\Resource\Http\Controllers\Playground\ReportRouteTest" classname="Tests.Feature.Playground.Lead.Resource.Http.Controllers.Playground.ReportRouteTest" assertions="4" time="0.373250"/>
        <testcase name="test_json_guest_cannot_get_index" file="/app/vendor/gammamatrix/playground-test/src/Feature/Http/Controllers/Resource/Playground/IndexJsonTrait.php" line="34" class="Tests\Feature\Playground\Lead\Resource\Http\Controllers\Playground\ReportRouteTest" classname="Tests.Feature.Playground.Lead.Resource.Http.Controllers.Playground.ReportRouteTest" assertions="1" time="0.325525"/>
        <testcase name="test_json_admin_can_get_index" file="/app/vendor/gammamatrix/playground-test/src/Feature/Http/Controllers/Resource/Playground/IndexJsonTrait.php" line="49" class="Tests\Feature\Playground\Lead\Resource\Http\Controllers\Playground\ReportRouteTest" classname="Tests.Feature.Playground.Lead.Resource.Http.Controllers.Playground.ReportRouteTest" assertions="115" time="0.353119"/>
        <testcase name="test_json_admin_can_get_index_with_filters" file="/app/vendor/gammamatrix/playground-test/src/Feature/Http/Controllers/Resource/Playground/IndexJsonTrait.php" line="85" class="Tests\Feature\Playground\Lead\Resource\Http\Controllers\Playground\ReportRouteTest" classname="Tests.Feature.Playground.Lead.Resource.Http.Controllers.Playground.ReportRouteTest" assertions="3" time="0.362719"/>
        <testcase name="test_json_guest_cannot_lock" file="/app/vendor/gammamatrix/playground-test/src/Feature/Http/Controllers/Resource/Playground/LockJsonTrait.php" line="36" class="Tests\Feature\Playground\Lead\Resource\Http\Controllers\Playground\ReportRouteTest" classname="Tests.Feature.Playground.Lead.Resource.Http.Controllers.Playground.ReportRouteTest" assertions="3" time="0.338544"/>
        <testcase name="test_json_lock_as_admin_and_succeed" file="/app/vendor/gammamatrix/playground-test/src/Feature/Http/Controllers/Resource/Playground/LockJsonTrait.php" line="66" class="Tests\Feature\Playground\Lead\Resource\Http\Controllers\Playground\ReportRouteTest" classname="Tests.Feature.Playground.Lead.Resource.Http.Controllers.Playground.ReportRouteTest" assertions="3" time="0.349878"/>
        <testcase name="test_json_lock_as_admin_and_succeed_with_no_redirect" file="/app/vendor/gammamatrix/playground-test/src/Feature/Http/Controllers/Resource/Playground/LockJsonTrait.php" line="98" class="Tests\Feature\Playground\Lead\Resource\Http\Controllers\Playground\ReportRouteTest" classname="Tests.Feature.Playground.Lead.Resource.Http.Controllers.Playground.ReportRouteTest" assertions="110" time="0.371881"/>
        <testcase name="test_json_lock_as_user_and_get_denied" file="/app/vendor/gammamatrix/playground-test/src/Feature/Http/Controllers/Resource/Playground/LockJsonTrait.php" line="143" class="Tests\Feature\Playground\Lead\Resource\Http\Controllers\Playground\ReportRouteTest" classname="Tests.Feature.Playground.Lead.Resource.Http.Controllers.Playground.ReportRouteTest" assertions="3" time="0.333441"/>
        <testcase name="test_json_guest_cannot_restore" file="/app/vendor/gammamatrix/playground-test/src/Feature/Http/Controllers/Resource/Playground/RestoreJsonTrait.php" line="32" class="Tests\Feature\Playground\Lead\Resource\Http\Controllers\Playground\ReportRouteTest" classname="Tests.Feature.Playground.Lead.Resource.Http.Controllers.Playground.ReportRouteTest" assertions="3" time="0.333609"/>
        <testcase name="test_json_restore_as_admin_and_succeed" file="/app/vendor/gammamatrix/playground-test/src/Feature/Http/Controllers/Resource/Playground/RestoreJsonTrait.php" line="64" class="Tests\Feature\Playground\Lead\Resource\Http\Controllers\Playground\ReportRouteTest" classname="Tests.Feature.Playground.Lead.Resource.Http.Controllers.Playground.ReportRouteTest" assertions="110" time="0.377083"/>
        <testcase name="test_json_restore_as_admin_and_succeed_with_no_redirect" file="/app/vendor/gammamatrix/playground-test/src/Feature/Http/Controllers/Resource/Playground/RestoreJsonTrait.php" line="100" class="Tests\Feature\Playground\Lead\Resource\Http\Controllers\Playground\ReportRouteTest" classname="Tests.Feature.Playground.Lead.Resource.Http.Controllers.Playground.ReportRouteTest" assertions="110" time="0.345925"/>
        <testcase name="test_json_restore_as_user_and_get_denied" file="/app/vendor/gammamatrix/playground-test/src/Feature/Http/Controllers/Resource/Playground/RestoreJsonTrait.php" line="143" class="Tests\Feature\Playground\Lead\Resource\Http\Controllers\Playground\ReportRouteTest" classname="Tests.Feature.Playground.Lead.Resource.Http.Controllers.Playground.ReportRouteTest" assertions="3" time="0.344654"/>
        <testcase name="test_json_guest_cannot_see_info" file="/app/vendor/gammamatrix/playground-test/src/Feature/Http/Controllers/Resource/Playground/ShowJsonTrait.php" line="29" class="Tests\Feature\Playground\Lead\Resource\Http\Controllers\Playground\ReportRouteTest" classname="Tests.Feature.Playground.Lead.Resource.Http.Controllers.Playground.ReportRouteTest" assertions="1" time="0.358307"/>
        <testcase name="test_json_show_info_for_admin" file="/app/vendor/gammamatrix/playground-test/src/Feature/Http/Controllers/Resource/Playground/ShowJsonTrait.php" line="49" class="Tests\Feature\Playground\Lead\Resource\Http\Controllers\Playground\ReportRouteTest" classname="Tests.Feature.Playground.Lead.Resource.Http.Controllers.Playground.ReportRouteTest" assertions="109" time="0.341686"/>
        <testcase name="test_json_guest_cannot_store" file="/app/vendor/gammamatrix/playground-test/src/Feature/Http/Controllers/Resource/Playground/StoreJsonTrait.php" line="43" class="Tests\Feature\Playground\Lead\Resource\Http\Controllers\Playground\ReportRouteTest" classname="Tests.Feature.Playground.Lead.Resource.Http.Controllers.Playground.ReportRouteTest" assertions="3" time="0.320676"/>
        <testcase name="test_json_store_as_admin_without_payload_and_fail_validation" file="/app/vendor/gammamatrix/playground-test/src/Feature/Http/Controllers/Resource/Playground/StoreJsonTrait.php" line="66" class="Tests\Feature\Playground\Lead\Resource\Http\Controllers\Playground\ReportRouteTest" classname="Tests.Feature.Playground.Lead.Resource.Http.Controllers.Playground.ReportRouteTest" assertions="5" time="0.371775"/>
        <testcase name="test_json_store_as_admin_and_succeed" file="/app/vendor/gammamatrix/playground-test/src/Feature/Http/Controllers/Resource/Playground/StoreJsonTrait.php" line="92" class="Tests\Feature\Playground\Lead\Resource\Http\Controllers\Playground\ReportRouteTest" classname="Tests.Feature.Playground.Lead.Resource.Http.Controllers.Playground.ReportRouteTest" assertions="3" time="0.409507"/>
        <testcase name="test_json_guest_cannot_unlock" file="/app/vendor/gammamatrix/playground-test/src/Feature/Http/Controllers/Resource/Playground/UnlockJsonTrait.php" line="36" class="Tests\Feature\Playground\Lead\Resource\Http\Controllers\Playground\ReportRouteTest" classname="Tests.Feature.Playground.Lead.Resource.Http.Controllers.Playground.ReportRouteTest" assertions="3" time="0.328442"/>
        <testcase name="test_json_unlock_as_admin_and_succeed" file="/app/vendor/gammamatrix/playground-test/src/Feature/Http/Controllers/Resource/Playground/UnlockJsonTrait.php" line="68" class="Tests\Feature\Playground\Lead\Resource\Http\Controllers\Playground\ReportRouteTest" classname="Tests.Feature.Playground.Lead.Resource.Http.Controllers.Playground.ReportRouteTest" assertions="110" time="0.375743"/>
        <testcase name="test_json_unlock_as_admin_and_succeed_with_no_redirect" file="/app/vendor/gammamatrix/playground-test/src/Feature/Http/Controllers/Resource/Playground/UnlockJsonTrait.php" line="104" class="Tests\Feature\Playground\Lead\Resource\Http\Controllers\Playground\ReportRouteTest" classname="Tests.Feature.Playground.Lead.Resource.Http.Controllers.Playground.ReportRouteTest" assertions="110" time="0.350159"/>
        <testcase name="test_json_unlock_as_user_and_get_denied" file="/app/vendor/gammamatrix/playground-test/src/Feature/Http/Controllers/Resource/Playground/UnlockJsonTrait.php" line="145" class="Tests\Feature\Playground\Lead\Resource\Http\Controllers\Playground\ReportRouteTest" classname="Tests.Feature.Playground.Lead.Resource.Http.Controllers.Playground.ReportRouteTest" assertions="3" time="0.338165"/>
        <testcase name="test_json_guest_cannot_update" file="/app/vendor/gammamatrix/playground-test/src/Feature/Http/Controllers/Resource/Playground/UpdateJsonTrait.php" line="45" class="Tests\Feature\Playground\Lead\Resource\Http\Controllers\Playground\ReportRouteTest" classname="Tests.Feature.Playground.Lead.Resource.Http.Controllers.Playground.ReportRouteTest" assertions="1" time="0.347292"/>
        <testcase name="test_json_update_as_admin_without_payload_and_fail_validation" file="/app/vendor/gammamatrix/playground-test/src/Feature/Http/Controllers/Resource/Playground/UpdateJsonTrait.php" line="65" class="Tests\Feature\Playground\Lead\Resource\Http\Controllers\Playground\ReportRouteTest" classname="Tests.Feature.Playground.Lead.Resource.Http.Controllers.Playground.ReportRouteTest" assertions="4" time="0.359190"/>
        <testcase name="test_json_admin_can_update" file="/app/vendor/gammamatrix/playground-test/src/Feature/Http/Controllers/Resource/Playground/UpdateJsonTrait.php" line="90" class="Tests\Feature\Playground\Lead\Resource\Http\Controllers\Playground\ReportRouteTest" classname="Tests.Feature.Playground.Lead.Resource.Http.Controllers.Playground.ReportRouteTest" assertions="112" time="0.388894"/>
      </testsuite>
      <testsuite name="Tests\Feature\Playground\Lead\Resource\Http\Controllers\Playground\SourceRouteTest" file="/app/tests/Feature/Http/Controllers/Playground/SourceRouteTest.php" tests="35" assertions="1075" errors="0" failures="0" skipped="0" time="12.387094">
        <testcase name="test_json_guest_cannot_get_create_info" file="/app/vendor/gammamatrix/playground-test/src/Feature/Http/Controllers/Resource/Playground/CreateJsonTrait.php" line="38" class="Tests\Feature\Playground\Lead\Resource\Http\Controllers\Playground\SourceRouteTest" classname="Tests.Feature.Playground.Lead.Resource.Http.Controllers.Playground.SourceRouteTest" assertions="1" time="0.399635"/>
        <testcase name="test_json_admin_can_get_create_info" file="/app/vendor/gammamatrix/playground-test/src/Feature/Http/Controllers/Resource/Playground/CreateJsonTrait.php" line="53" class="Tests\Feature\Playground\Lead\Resource\Http\Controllers\Playground\SourceRouteTest" classname="Tests.Feature.Playground.Lead.Resource.Http.Controllers.Playground.SourceRouteTest" assertions="108" time="0.342388"/>
        <testcase name="test_json_get_create_info_as_admin_with_invalid_parameter_and_fail_validation" file="/app/vendor/gammamatrix/playground-test/src/Feature/Http/Controllers/Resource/Playground/CreateJsonTrait.php" line="73" class="Tests\Feature\Playground\Lead\Resource\Http\Controllers\Playground\SourceRouteTest" classname="Tests.Feature.Playground.Lead.Resource.Http.Controllers.Playground.SourceRouteTest" assertions="4" time="0.331326"/>
        <testcase name="test_json_guest_cannot_destroy" file="/app/vendor/gammamatrix/playground-test/src/Feature/Http/Controllers/Resource/Playground/DestroyJsonTrait.php" line="31" class="Tests\Feature\Playground\Lead\Resource\Http\Controllers\Playground\SourceRouteTest" classname="Tests.Feature.Playground.Lead.Resource.Http.Controllers.Playground.SourceRouteTest" assertions="3" time="0.357139"/>
        <testcase name="test_json_destroy_as_admin_and_succeed" file="/app/vendor/gammamatrix/playground-test/src/Feature/Http/Controllers/Resource/Playground/DestroyJsonTrait.php" line="61" class="Tests\Feature\Playground\Lead\Resource\Http\Controllers\Playground\SourceRouteTest" classname="Tests.Feature.Playground.Lead.Resource.Http.Controllers.Playground.SourceRouteTest" assertions="5" time="0.339052"/>
        <testcase name="test_json_destroy_as_admin_and_succeed_with_force_delete" file="/app/vendor/gammamatrix/playground-test/src/Feature/Http/Controllers/Resource/Playground/DestroyJsonTrait.php" line="100" class="Tests\Feature\Playground\Lead\Resource\Http\Controllers\Playground\SourceRouteTest" classname="Tests.Feature.Playground.Lead.Resource.Http.Controllers.Playground.SourceRouteTest" assertions="4" time="0.333869"/>
        <testcase name="test_json_destroy_as_admin_and_succeed_with_no_content" file="/app/vendor/gammamatrix/playground-test/src/Feature/Http/Controllers/Resource/Playground/DestroyJsonTrait.php" line="132" class="Tests\Feature\Playground\Lead\Resource\Http\Controllers\Playground\SourceRouteTest" classname="Tests.Feature.Playground.Lead.Resource.Http.Controllers.Playground.SourceRouteTest" assertions="5" time="0.353197"/>
        <testcase name="test_json_destroy_as_admin_and_succeed_and_ignore_redirect" file="/app/vendor/gammamatrix/playground-test/src/Feature/Http/Controllers/Resource/Playground/DestroyJsonTrait.php" line="167" class="Tests\Feature\Playground\Lead\Resource\Http\Controllers\Playground\SourceRouteTest" classname="Tests.Feature.Playground.Lead.Resource.Http.Controllers.Playground.SourceRouteTest" assertions="5" time="0.337911"/>
        <testcase name="test_json_destroy_as_user_and_get_denied_and_no_force_delete_allowed" file="/app/vendor/gammamatrix/playground-test/src/Feature/Http/Controllers/Resource/Playground/DestroyJsonTrait.php" line="209" class="Tests\Feature\Playground\Lead\Resource\Http\Controllers\Playground\SourceRouteTest" classname="Tests.Feature.Playground.Lead.Resource.Http.Controllers.Playground.SourceRouteTest" assertions="3" time="0.333058"/>
        <testcase name="test_json_guest_cannot_get_edit_info" file="/app/vendor/gammamatrix/playground-test/src/Feature/Http/Controllers/Resource/Playground/EditJsonTrait.php" line="38" class="Tests\Feature\Playground\Lead\Resource\Http\Controllers\Playground\SourceRouteTest" classname="Tests.Feature.Playground.Lead.Resource.Http.Controllers.Playground.SourceRouteTest" assertions="1" time="0.347270"/>
        <testcase name="test_json_admin_can_get_edit_info" file="/app/vendor/gammamatrix/playground-test/src/Feature/Http/Controllers/Resource/Playground/EditJsonTrait.php" line="58" class="Tests\Feature\Playground\Lead\Resource\Http\Controllers\Playground\SourceRouteTest" classname="Tests.Feature.Playground.Lead.Resource.Http.Controllers.Playground.SourceRouteTest" assertions="4" time="0.361600"/>
        <testcase name="test_json_edit_as_admin_and_fail_validation_with_invalid_parameter" file="/app/vendor/gammamatrix/playground-test/src/Feature/Http/Controllers/Resource/Playground/EditJsonTrait.php" line="87" class="Tests\Feature\Playground\Lead\Resource\Http\Controllers\Playground\SourceRouteTest" classname="Tests.Feature.Playground.Lead.Resource.Http.Controllers.Playground.SourceRouteTest" assertions="4" time="0.421952"/>
        <testcase name="test_json_guest_cannot_get_index" file="/app/vendor/gammamatrix/playground-test/src/Feature/Http/Controllers/Resource/Playground/IndexJsonTrait.php" line="34" class="Tests\Feature\Playground\Lead\Resource\Http\Controllers\Playground\SourceRouteTest" classname="Tests.Feature.Playground.Lead.Resource.Http.Controllers.Playground.SourceRouteTest" assertions="1" time="0.332003"/>
        <testcase name="test_json_admin_can_get_index" file="/app/vendor/gammamatrix/playground-test/src/Feature/Http/Controllers/Resource/Playground/IndexJsonTrait.php" line="49" class="Tests\Feature\Playground\Lead\Resource\Http\Controllers\Playground\SourceRouteTest" classname="Tests.Feature.Playground.Lead.Resource.Http.Controllers.Playground.SourceRouteTest" assertions="115" time="0.351009"/>
        <testcase name="test_json_admin_can_get_index_with_filters" file="/app/vendor/gammamatrix/playground-test/src/Feature/Http/Controllers/Resource/Playground/IndexJsonTrait.php" line="85" class="Tests\Feature\Playground\Lead\Resource\Http\Controllers\Playground\SourceRouteTest" classname="Tests.Feature.Playground.Lead.Resource.Http.Controllers.Playground.SourceRouteTest" assertions="3" time="0.370742"/>
        <testcase name="test_json_guest_cannot_lock" file="/app/vendor/gammamatrix/playground-test/src/Feature/Http/Controllers/Resource/Playground/LockJsonTrait.php" line="36" class="Tests\Feature\Playground\Lead\Resource\Http\Controllers\Playground\SourceRouteTest" classname="Tests.Feature.Playground.Lead.Resource.Http.Controllers.Playground.SourceRouteTest" assertions="3" time="0.337156"/>
        <testcase name="test_json_lock_as_admin_and_succeed" file="/app/vendor/gammamatrix/playground-test/src/Feature/Http/Controllers/Resource/Playground/LockJsonTrait.php" line="66" class="Tests\Feature\Playground\Lead\Resource\Http\Controllers\Playground\SourceRouteTest" classname="Tests.Feature.Playground.Lead.Resource.Http.Controllers.Playground.SourceRouteTest" assertions="3" time="0.346601"/>
        <testcase name="test_json_lock_as_admin_and_succeed_with_no_redirect" file="/app/vendor/gammamatrix/playground-test/src/Feature/Http/Controllers/Resource/Playground/LockJsonTrait.php" line="98" class="Tests\Feature\Playground\Lead\Resource\Http\Controllers\Playground\SourceRouteTest" classname="Tests.Feature.Playground.Lead.Resource.Http.Controllers.Playground.SourceRouteTest" assertions="110" time="0.371605"/>
        <testcase name="test_json_lock_as_user_and_get_denied" file="/app/vendor/gammamatrix/playground-test/src/Feature/Http/Controllers/Resource/Playground/LockJsonTrait.php" line="143" class="Tests\Feature\Playground\Lead\Resource\Http\Controllers\Playground\SourceRouteTest" classname="Tests.Feature.Playground.Lead.Resource.Http.Controllers.Playground.SourceRouteTest" assertions="3" time="0.332969"/>
        <testcase name="test_json_guest_cannot_restore" file="/app/vendor/gammamatrix/playground-test/src/Feature/Http/Controllers/Resource/Playground/RestoreJsonTrait.php" line="32" class="Tests\Feature\Playground\Lead\Resource\Http\Controllers\Playground\SourceRouteTest" classname="Tests.Feature.Playground.Lead.Resource.Http.Controllers.Playground.SourceRouteTest" assertions="3" time="0.336542"/>
        <testcase name="test_json_restore_as_admin_and_succeed" file="/app/vendor/gammamatrix/playground-test/src/Feature/Http/Controllers/Resource/Playground/RestoreJsonTrait.php" line="64" class="Tests\Feature\Playground\Lead\Resource\Http\Controllers\Playground\SourceRouteTest" classname="Tests.Feature.Playground.Lead.Resource.Http.Controllers.Playground.SourceRouteTest" assertions="110" time="0.372657"/>
        <testcase name="test_json_restore_as_admin_and_succeed_with_no_redirect" file="/app/vendor/gammamatrix/playground-test/src/Feature/Http/Controllers/Resource/Playground/RestoreJsonTrait.php" line="100" class="Tests\Feature\Playground\Lead\Resource\Http\Controllers\Playground\SourceRouteTest" classname="Tests.Feature.Playground.Lead.Resource.Http.Controllers.Playground.SourceRouteTest" assertions="110" time="0.343123"/>
        <testcase name="test_json_restore_as_user_and_get_denied" file="/app/vendor/gammamatrix/playground-test/src/Feature/Http/Controllers/Resource/Playground/RestoreJsonTrait.php" line="143" class="Tests\Feature\Playground\Lead\Resource\Http\Controllers\Playground\SourceRouteTest" classname="Tests.Feature.Playground.Lead.Resource.Http.Controllers.Playground.SourceRouteTest" assertions="3" time="0.345153"/>
        <testcase name="test_json_guest_cannot_see_info" file="/app/vendor/gammamatrix/playground-test/src/Feature/Http/Controllers/Resource/Playground/ShowJsonTrait.php" line="29" class="Tests\Feature\Playground\Lead\Resource\Http\Controllers\Playground\SourceRouteTest" classname="Tests.Feature.Playground.Lead.Resource.Http.Controllers.Playground.SourceRouteTest" assertions="1" time="0.361031"/>
        <testcase name="test_json_show_info_for_admin" file="/app/vendor/gammamatrix/playground-test/src/Feature/Http/Controllers/Resource/Playground/ShowJsonTrait.php" line="49" class="Tests\Feature\Playground\Lead\Resource\Http\Controllers\Playground\SourceRouteTest" classname="Tests.Feature.Playground.Lead.Resource.Http.Controllers.Playground.SourceRouteTest" assertions="109" time="0.343092"/>
        <testcase name="test_json_guest_cannot_store" file="/app/vendor/gammamatrix/playground-test/src/Feature/Http/Controllers/Resource/Playground/StoreJsonTrait.php" line="43" class="Tests\Feature\Playground\Lead\Resource\Http\Controllers\Playground\SourceRouteTest" classname="Tests.Feature.Playground.Lead.Resource.Http.Controllers.Playground.SourceRouteTest" assertions="3" time="0.320219"/>
        <testcase name="test_json_store_as_admin_without_payload_and_fail_validation" file="/app/vendor/gammamatrix/playground-test/src/Feature/Http/Controllers/Resource/Playground/StoreJsonTrait.php" line="66" class="Tests\Feature\Playground\Lead\Resource\Http\Controllers\Playground\SourceRouteTest" classname="Tests.Feature.Playground.Lead.Resource.Http.Controllers.Playground.SourceRouteTest" assertions="5" time="0.385317"/>
        <testcase name="test_json_store_as_admin_and_succeed" file="/app/vendor/gammamatrix/playground-test/src/Feature/Http/Controllers/Resource/Playground/StoreJsonTrait.php" line="92" class="Tests\Feature\Playground\Lead\Resource\Http\Controllers\Playground\SourceRouteTest" classname="Tests.Feature.Playground.Lead.Resource.Http.Controllers.Playground.SourceRouteTest" assertions="3" time="0.370135"/>
        <testcase name="test_json_guest_cannot_unlock" file="/app/vendor/gammamatrix/playground-test/src/Feature/Http/Controllers/Resource/Playground/UnlockJsonTrait.php" line="36" class="Tests\Feature\Playground\Lead\Resource\Http\Controllers\Playground\SourceRouteTest" classname="Tests.Feature.Playground.Lead.Resource.Http.Controllers.Playground.SourceRouteTest" assertions="3" time="0.329028"/>
        <testcase name="test_json_unlock_as_admin_and_succeed" file="/app/vendor/gammamatrix/playground-test/src/Feature/Http/Controllers/Resource/Playground/UnlockJsonTrait.php" line="68" class="Tests\Feature\Playground\Lead\Resource\Http\Controllers\Playground\SourceRouteTest" classname="Tests.Feature.Playground.Lead.Resource.Http.Controllers.Playground.SourceRouteTest" assertions="110" time="0.375512"/>
        <testcase name="test_json_unlock_as_admin_and_succeed_with_no_redirect" file="/app/vendor/gammamatrix/playground-test/src/Feature/Http/Controllers/Resource/Playground/UnlockJsonTrait.php" line="104" class="Tests\Feature\Playground\Lead\Resource\Http\Controllers\Playground\SourceRouteTest" classname="Tests.Feature.Playground.Lead.Resource.Http.Controllers.Playground.SourceRouteTest" assertions="110" time="0.352848"/>
        <testcase name="test_json_unlock_as_user_and_get_denied" file="/app/vendor/gammamatrix/playground-test/src/Feature/Http/Controllers/Resource/Playground/UnlockJsonTrait.php" line="145" class="Tests\Feature\Playground\Lead\Resource\Http\Controllers\Playground\SourceRouteTest" classname="Tests.Feature.Playground.Lead.Resource.Http.Controllers.Playground.SourceRouteTest" assertions="3" time="0.339574"/>
        <testcase name="test_json_guest_cannot_update" file="/app/vendor/gammamatrix/playground-test/src/Feature/Http/Controllers/Resource/Playground/UpdateJsonTrait.php" line="45" class="Tests\Feature\Playground\Lead\Resource\Http\Controllers\Playground\SourceRouteTest" classname="Tests.Feature.Playground.Lead.Resource.Http.Controllers.Playground.SourceRouteTest" assertions="1" time="0.362367"/>
        <testcase name="test_json_update_as_admin_without_payload_and_fail_validation" file="/app/vendor/gammamatrix/playground-test/src/Feature/Http/Controllers/Resource/Playground/UpdateJsonTrait.php" line="65" class="Tests\Feature\Playground\Lead\Resource\Http\Controllers\Playground\SourceRouteTest" classname="Tests.Feature.Playground.Lead.Resource.Http.Controllers.Playground.SourceRouteTest" assertions="4" time="0.361014"/>
        <testcase name="test_json_admin_can_update" file="/app/vendor/gammamatrix/playground-test/src/Feature/Http/Controllers/Resource/Playground/UpdateJsonTrait.php" line="90" class="Tests\Feature\Playground\Lead\Resource\Http\Controllers\Playground\SourceRouteTest" classname="Tests.Feature.Playground.Lead.Resource.Http.Controllers.Playground.SourceRouteTest" assertions="112" time="0.388997"/>
      </testsuite>
      <testsuite name="Tests\Feature\Playground\Lead\Resource\Http\Controllers\Playground\TaskRouteTest" file="/app/tests/Feature/Http/Controllers/Playground/TaskRouteTest.php" tests="35" assertions="1075" errors="0" failures="0" skipped="0" time="12.385297">
        <testcase name="test_json_guest_cannot_get_create_info" file="/app/vendor/gammamatrix/playground-test/src/Feature/Http/Controllers/Resource/Playground/CreateJsonTrait.php" line="38" class="Tests\Feature\Playground\Lead\Resource\Http\Controllers\Playground\TaskRouteTest" classname="Tests.Feature.Playground.Lead.Resource.Http.Controllers.Playground.TaskRouteTest" assertions="1" time="0.406711"/>
        <testcase name="test_json_admin_can_get_create_info" file="/app/vendor/gammamatrix/playground-test/src/Feature/Http/Controllers/Resource/Playground/CreateJsonTrait.php" line="53" class="Tests\Feature\Playground\Lead\Resource\Http\Controllers\Playground\TaskRouteTest" classname="Tests.Feature.Playground.Lead.Resource.Http.Controllers.Playground.TaskRouteTest" assertions="108" time="0.347970"/>
        <testcase name="test_json_get_create_info_as_admin_with_invalid_parameter_and_fail_validation" file="/app/vendor/gammamatrix/playground-test/src/Feature/Http/Controllers/Resource/Playground/CreateJsonTrait.php" line="73" class="Tests\Feature\Playground\Lead\Resource\Http\Controllers\Playground\TaskRouteTest" classname="Tests.Feature.Playground.Lead.Resource.Http.Controllers.Playground.TaskRouteTest" assertions="4" time="0.363179"/>
        <testcase name="test_json_guest_cannot_destroy" file="/app/vendor/gammamatrix/playground-test/src/Feature/Http/Controllers/Resource/Playground/DestroyJsonTrait.php" line="31" class="Tests\Feature\Playground\Lead\Resource\Http\Controllers\Playground\TaskRouteTest" classname="Tests.Feature.Playground.Lead.Resource.Http.Controllers.Playground.TaskRouteTest" assertions="3" time="0.322684"/>
        <testcase name="test_json_destroy_as_admin_and_succeed" file="/app/vendor/gammamatrix/playground-test/src/Feature/Http/Controllers/Resource/Playground/DestroyJsonTrait.php" line="61" class="Tests\Feature\Playground\Lead\Resource\Http\Controllers\Playground\TaskRouteTest" classname="Tests.Feature.Playground.Lead.Resource.Http.Controllers.Playground.TaskRouteTest" assertions="5" time="0.342425"/>
        <testcase name="test_json_destroy_as_admin_and_succeed_with_force_delete" file="/app/vendor/gammamatrix/playground-test/src/Feature/Http/Controllers/Resource/Playground/DestroyJsonTrait.php" line="100" class="Tests\Feature\Playground\Lead\Resource\Http\Controllers\Playground\TaskRouteTest" classname="Tests.Feature.Playground.Lead.Resource.Http.Controllers.Playground.TaskRouteTest" assertions="4" time="0.360192"/>
        <testcase name="test_json_destroy_as_admin_and_succeed_with_no_content" file="/app/vendor/gammamatrix/playground-test/src/Feature/Http/Controllers/Resource/Playground/DestroyJsonTrait.php" line="132" class="Tests\Feature\Playground\Lead\Resource\Http\Controllers\Playground\TaskRouteTest" classname="Tests.Feature.Playground.Lead.Resource.Http.Controllers.Playground.TaskRouteTest" assertions="5" time="0.329600"/>
        <testcase name="test_json_destroy_as_admin_and_succeed_and_ignore_redirect" file="/app/vendor/gammamatrix/playground-test/src/Feature/Http/Controllers/Resource/Playground/DestroyJsonTrait.php" line="167" class="Tests\Feature\Playground\Lead\Resource\Http\Controllers\Playground\TaskRouteTest" classname="Tests.Feature.Playground.Lead.Resource.Http.Controllers.Playground.TaskRouteTest" assertions="5" time="0.331197"/>
        <testcase name="test_json_destroy_as_user_and_get_denied_and_no_force_delete_allowed" file="/app/vendor/gammamatrix/playground-test/src/Feature/Http/Controllers/Resource/Playground/DestroyJsonTrait.php" line="209" class="Tests\Feature\Playground\Lead\Resource\Http\Controllers\Playground\TaskRouteTest" classname="Tests.Feature.Playground.Lead.Resource.Http.Controllers.Playground.TaskRouteTest" assertions="3" time="0.329283"/>
        <testcase name="test_json_guest_cannot_get_edit_info" file="/app/vendor/gammamatrix/playground-test/src/Feature/Http/Controllers/Resource/Playground/EditJsonTrait.php" line="38" class="Tests\Feature\Playground\Lead\Resource\Http\Controllers\Playground\TaskRouteTest" classname="Tests.Feature.Playground.Lead.Resource.Http.Controllers.Playground.TaskRouteTest" assertions="1" time="0.363357"/>
        <testcase name="test_json_admin_can_get_edit_info" file="/app/vendor/gammamatrix/playground-test/src/Feature/Http/Controllers/Resource/Playground/EditJsonTrait.php" line="58" class="Tests\Feature\Playground\Lead\Resource\Http\Controllers\Playground\TaskRouteTest" classname="Tests.Feature.Playground.Lead.Resource.Http.Controllers.Playground.TaskRouteTest" assertions="4" time="0.343893"/>
        <testcase name="test_json_edit_as_admin_and_fail_validation_with_invalid_parameter" file="/app/vendor/gammamatrix/playground-test/src/Feature/Http/Controllers/Resource/Playground/EditJsonTrait.php" line="87" class="Tests\Feature\Playground\Lead\Resource\Http\Controllers\Playground\TaskRouteTest" classname="Tests.Feature.Playground.Lead.Resource.Http.Controllers.Playground.TaskRouteTest" assertions="4" time="0.350390"/>
        <testcase name="test_json_guest_cannot_get_index" file="/app/vendor/gammamatrix/playground-test/src/Feature/Http/Controllers/Resource/Playground/IndexJsonTrait.php" line="34" class="Tests\Feature\Playground\Lead\Resource\Http\Controllers\Playground\TaskRouteTest" classname="Tests.Feature.Playground.Lead.Resource.Http.Controllers.Playground.TaskRouteTest" assertions="1" time="0.371653"/>
        <testcase name="test_json_admin_can_get_index" file="/app/vendor/gammamatrix/playground-test/src/Feature/Http/Controllers/Resource/Playground/IndexJsonTrait.php" line="49" class="Tests\Feature\Playground\Lead\Resource\Http\Controllers\Playground\TaskRouteTest" classname="Tests.Feature.Playground.Lead.Resource.Http.Controllers.Playground.TaskRouteTest" assertions="115" time="0.348922"/>
        <testcase name="test_json_admin_can_get_index_with_filters" file="/app/vendor/gammamatrix/playground-test/src/Feature/Http/Controllers/Resource/Playground/IndexJsonTrait.php" line="85" class="Tests\Feature\Playground\Lead\Resource\Http\Controllers\Playground\TaskRouteTest" classname="Tests.Feature.Playground.Lead.Resource.Http.Controllers.Playground.TaskRouteTest" assertions="3" time="0.382017"/>
        <testcase name="test_json_guest_cannot_lock" file="/app/vendor/gammamatrix/playground-test/src/Feature/Http/Controllers/Resource/Playground/LockJsonTrait.php" line="36" class="Tests\Feature\Playground\Lead\Resource\Http\Controllers\Playground\TaskRouteTest" classname="Tests.Feature.Playground.Lead.Resource.Http.Controllers.Playground.TaskRouteTest" assertions="3" time="0.333028"/>
        <testcase name="test_json_lock_as_admin_and_succeed" file="/app/vendor/gammamatrix/playground-test/src/Feature/Http/Controllers/Resource/Playground/LockJsonTrait.php" line="66" class="Tests\Feature\Playground\Lead\Resource\Http\Controllers\Playground\TaskRouteTest" classname="Tests.Feature.Playground.Lead.Resource.Http.Controllers.Playground.TaskRouteTest" assertions="3" time="0.344857"/>
        <testcase name="test_json_lock_as_admin_and_succeed_with_no_redirect" file="/app/vendor/gammamatrix/playground-test/src/Feature/Http/Controllers/Resource/Playground/LockJsonTrait.php" line="98" class="Tests\Feature\Playground\Lead\Resource\Http\Controllers\Playground\TaskRouteTest" classname="Tests.Feature.Playground.Lead.Resource.Http.Controllers.Playground.TaskRouteTest" assertions="110" time="0.383154"/>
        <testcase name="test_json_lock_as_user_and_get_denied" file="/app/vendor/gammamatrix/playground-test/src/Feature/Http/Controllers/Resource/Playground/LockJsonTrait.php" line="143" class="Tests\Feature\Playground\Lead\Resource\Http\Controllers\Playground\TaskRouteTest" classname="Tests.Feature.Playground.Lead.Resource.Http.Controllers.Playground.TaskRouteTest" assertions="3" time="0.339639"/>
        <testcase name="test_json_guest_cannot_restore" file="/app/vendor/gammamatrix/playground-test/src/Feature/Http/Controllers/Resource/Playground/RestoreJsonTrait.php" line="32" class="Tests\Feature\Playground\Lead\Resource\Http\Controllers\Playground\TaskRouteTest" classname="Tests.Feature.Playground.Lead.Resource.Http.Controllers.Playground.TaskRouteTest" assertions="3" time="0.331625"/>
        <testcase name="test_json_restore_as_admin_and_succeed" file="/app/vendor/gammamatrix/playground-test/src/Feature/Http/Controllers/Resource/Playground/RestoreJsonTrait.php" line="64" class="Tests\Feature\Playground\Lead\Resource\Http\Controllers\Playground\TaskRouteTest" classname="Tests.Feature.Playground.Lead.Resource.Http.Controllers.Playground.TaskRouteTest" assertions="110" time="0.383302"/>
        <testcase name="test_json_restore_as_admin_and_succeed_with_no_redirect" file="/app/vendor/gammamatrix/playground-test/src/Feature/Http/Controllers/Resource/Playground/RestoreJsonTrait.php" line="100" class="Tests\Feature\Playground\Lead\Resource\Http\Controllers\Playground\TaskRouteTest" classname="Tests.Feature.Playground.Lead.Resource.Http.Controllers.Playground.TaskRouteTest" assertions="110" time="0.343285"/>
        <testcase name="test_json_restore_as_user_and_get_denied" file="/app/vendor/gammamatrix/playground-test/src/Feature/Http/Controllers/Resource/Playground/RestoreJsonTrait.php" line="143" class="Tests\Feature\Playground\Lead\Resource\Http\Controllers\Playground\TaskRouteTest" classname="Tests.Feature.Playground.Lead.Resource.Http.Controllers.Playground.TaskRouteTest" assertions="3" time="0.341477"/>
        <testcase name="test_json_guest_cannot_see_info" file="/app/vendor/gammamatrix/playground-test/src/Feature/Http/Controllers/Resource/Playground/ShowJsonTrait.php" line="29" class="Tests\Feature\Playground\Lead\Resource\Http\Controllers\Playground\TaskRouteTest" classname="Tests.Feature.Playground.Lead.Resource.Http.Controllers.Playground.TaskRouteTest" assertions="1" time="0.364388"/>
        <testcase name="test_json_show_info_for_admin" file="/app/vendor/gammamatrix/playground-test/src/Feature/Http/Controllers/Resource/Playground/ShowJsonTrait.php" line="49" class="Tests\Feature\Playground\Lead\Resource\Http\Controllers\Playground\TaskRouteTest" classname="Tests.Feature.Playground.Lead.Resource.Http.Controllers.Playground.TaskRouteTest" assertions="109" time="0.341308"/>
        <testcase name="test_json_guest_cannot_store" file="/app/vendor/gammamatrix/playground-test/src/Feature/Http/Controllers/Resource/Playground/StoreJsonTrait.php" line="43" class="Tests\Feature\Playground\Lead\Resource\Http\Controllers\Playground\TaskRouteTest" classname="Tests.Feature.Playground.Lead.Resource.Http.Controllers.Playground.TaskRouteTest" assertions="3" time="0.325754"/>
        <testcase name="test_json_store_as_admin_without_payload_and_fail_validation" file="/app/vendor/gammamatrix/playground-test/src/Feature/Http/Controllers/Resource/Playground/StoreJsonTrait.php" line="66" class="Tests\Feature\Playground\Lead\Resource\Http\Controllers\Playground\TaskRouteTest" classname="Tests.Feature.Playground.Lead.Resource.Http.Controllers.Playground.TaskRouteTest" assertions="5" time="0.375006"/>
        <testcase name="test_json_store_as_admin_and_succeed" file="/app/vendor/gammamatrix/playground-test/src/Feature/Http/Controllers/Resource/Playground/StoreJsonTrait.php" line="92" class="Tests\Feature\Playground\Lead\Resource\Http\Controllers\Playground\TaskRouteTest" classname="Tests.Feature.Playground.Lead.Resource.Http.Controllers.Playground.TaskRouteTest" assertions="3" time="0.368478"/>
        <testcase name="test_json_guest_cannot_unlock" file="/app/vendor/gammamatrix/playground-test/src/Feature/Http/Controllers/Resource/Playground/UnlockJsonTrait.php" line="36" class="Tests\Feature\Playground\Lead\Resource\Http\Controllers\Playground\TaskRouteTest" classname="Tests.Feature.Playground.Lead.Resource.Http.Controllers.Playground.TaskRouteTest" assertions="3" time="0.328620"/>
        <testcase name="test_json_unlock_as_admin_and_succeed" file="/app/vendor/gammamatrix/playground-test/src/Feature/Http/Controllers/Resource/Playground/UnlockJsonTrait.php" line="68" class="Tests\Feature\Playground\Lead\Resource\Http\Controllers\Playground\TaskRouteTest" classname="Tests.Feature.Playground.Lead.Resource.Http.Controllers.Playground.TaskRouteTest" assertions="110" time="0.382359"/>
        <testcase name="test_json_unlock_as_admin_and_succeed_with_no_redirect" file="/app/vendor/gammamatrix/playground-test/src/Feature/Http/Controllers/Resource/Playground/UnlockJsonTrait.php" line="104" class="Tests\Feature\Playground\Lead\Resource\Http\Controllers\Playground\TaskRouteTest" classname="Tests.Feature.Playground.Lead.Resource.Http.Controllers.Playground.TaskRouteTest" assertions="110" time="0.354043"/>
        <testcase name="test_json_unlock_as_user_and_get_denied" file="/app/vendor/gammamatrix/playground-test/src/Feature/Http/Controllers/Resource/Playground/UnlockJsonTrait.php" line="145" class="Tests\Feature\Playground\Lead\Resource\Http\Controllers\Playground\TaskRouteTest" classname="Tests.Feature.Playground.Lead.Resource.Http.Controllers.Playground.TaskRouteTest" assertions="3" time="0.337361"/>
        <testcase name="test_json_guest_cannot_update" file="/app/vendor/gammamatrix/playground-test/src/Feature/Http/Controllers/Resource/Playground/UpdateJsonTrait.php" line="45" class="Tests\Feature\Playground\Lead\Resource\Http\Controllers\Playground\TaskRouteTest" classname="Tests.Feature.Playground.Lead.Resource.Http.Controllers.Playground.TaskRouteTest" assertions="1" time="0.371400"/>
        <testcase name="test_json_update_as_admin_without_payload_and_fail_validation" file="/app/vendor/gammamatrix/playground-test/src/Feature/Http/Controllers/Resource/Playground/UpdateJsonTrait.php" line="65" class="Tests\Feature\Playground\Lead\Resource\Http\Controllers\Playground\TaskRouteTest" classname="Tests.Feature.Playground.Lead.Resource.Http.Controllers.Playground.TaskRouteTest" assertions="4" time="0.353822"/>
        <testcase name="test_json_admin_can_update" file="/app/vendor/gammamatrix/playground-test/src/Feature/Http/Controllers/Resource/Playground/UpdateJsonTrait.php" line="90" class="Tests\Feature\Playground\Lead\Resource\Http\Controllers\Playground\TaskRouteTest" classname="Tests.Feature.Playground.Lead.Resource.Http.Controllers.Playground.TaskRouteTest" assertions="112" time="0.388917"/>
      </testsuite>
      <testsuite name="Tests\Feature\Playground\Lead\Resource\Http\Controllers\Playground\TeamRouteTest" file="/app/tests/Feature/Http/Controllers/Playground/TeamRouteTest.php" tests="35" assertions="1075" errors="0" failures="0" skipped="0" time="12.540952">
        <testcase name="test_json_guest_cannot_get_create_info" file="/app/vendor/gammamatrix/playground-test/src/Feature/Http/Controllers/Resource/Playground/CreateJsonTrait.php" line="38" class="Tests\Feature\Playground\Lead\Resource\Http\Controllers\Playground\TeamRouteTest" classname="Tests.Feature.Playground.Lead.Resource.Http.Controllers.Playground.TeamRouteTest" assertions="1" time="0.405543"/>
        <testcase name="test_json_admin_can_get_create_info" file="/app/vendor/gammamatrix/playground-test/src/Feature/Http/Controllers/Resource/Playground/CreateJsonTrait.php" line="53" class="Tests\Feature\Playground\Lead\Resource\Http\Controllers\Playground\TeamRouteTest" classname="Tests.Feature.Playground.Lead.Resource.Http.Controllers.Playground.TeamRouteTest" assertions="108" time="0.342996"/>
        <testcase name="test_json_get_create_info_as_admin_with_invalid_parameter_and_fail_validation" file="/app/vendor/gammamatrix/playground-test/src/Feature/Http/Controllers/Resource/Playground/CreateJsonTrait.php" line="73" class="Tests\Feature\Playground\Lead\Resource\Http\Controllers\Playground\TeamRouteTest" classname="Tests.Feature.Playground.Lead.Resource.Http.Controllers.Playground.TeamRouteTest" assertions="4" time="0.329839"/>
        <testcase name="test_json_guest_cannot_destroy" file="/app/vendor/gammamatrix/playground-test/src/Feature/Http/Controllers/Resource/Playground/DestroyJsonTrait.php" line="31" class="Tests\Feature\Playground\Lead\Resource\Http\Controllers\Playground\TeamRouteTest" classname="Tests.Feature.Playground.Lead.Resource.Http.Controllers.Playground.TeamRouteTest" assertions="3" time="0.360081"/>
        <testcase name="test_json_destroy_as_admin_and_succeed" file="/app/vendor/gammamatrix/playground-test/src/Feature/Http/Controllers/Resource/Playground/DestroyJsonTrait.php" line="61" class="Tests\Feature\Playground\Lead\Resource\Http\Controllers\Playground\TeamRouteTest" classname="Tests.Feature.Playground.Lead.Resource.Http.Controllers.Playground.TeamRouteTest" assertions="5" time="0.338146"/>
        <testcase name="test_json_destroy_as_admin_and_succeed_with_force_delete" file="/app/vendor/gammamatrix/playground-test/src/Feature/Http/Controllers/Resource/Playground/DestroyJsonTrait.php" line="100" class="Tests\Feature\Playground\Lead\Resource\Http\Controllers\Playground\TeamRouteTest" classname="Tests.Feature.Playground.Lead.Resource.Http.Controllers.Playground.TeamRouteTest" assertions="4" time="0.338096"/>
        <testcase name="test_json_destroy_as_admin_and_succeed_with_no_content" file="/app/vendor/gammamatrix/playground-test/src/Feature/Http/Controllers/Resource/Playground/DestroyJsonTrait.php" line="132" class="Tests\Feature\Playground\Lead\Resource\Http\Controllers\Playground\TeamRouteTest" classname="Tests.Feature.Playground.Lead.Resource.Http.Controllers.Playground.TeamRouteTest" assertions="5" time="0.371023"/>
        <testcase name="test_json_destroy_as_admin_and_succeed_and_ignore_redirect" file="/app/vendor/gammamatrix/playground-test/src/Feature/Http/Controllers/Resource/Playground/DestroyJsonTrait.php" line="167" class="Tests\Feature\Playground\Lead\Resource\Http\Controllers\Playground\TeamRouteTest" classname="Tests.Feature.Playground.Lead.Resource.Http.Controllers.Playground.TeamRouteTest" assertions="5" time="0.333310"/>
        <testcase name="test_json_destroy_as_user_and_get_denied_and_no_force_delete_allowed" file="/app/vendor/gammamatrix/playground-test/src/Feature/Http/Controllers/Resource/Playground/DestroyJsonTrait.php" line="209" class="Tests\Feature\Playground\Lead\Resource\Http\Controllers\Playground\TeamRouteTest" classname="Tests.Feature.Playground.Lead.Resource.Http.Controllers.Playground.TeamRouteTest" assertions="3" time="0.334608"/>
        <testcase name="test_json_guest_cannot_get_edit_info" file="/app/vendor/gammamatrix/playground-test/src/Feature/Http/Controllers/Resource/Playground/EditJsonTrait.php" line="38" class="Tests\Feature\Playground\Lead\Resource\Http\Controllers\Playground\TeamRouteTest" classname="Tests.Feature.Playground.Lead.Resource.Http.Controllers.Playground.TeamRouteTest" assertions="1" time="0.378906"/>
        <testcase name="test_json_admin_can_get_edit_info" file="/app/vendor/gammamatrix/playground-test/src/Feature/Http/Controllers/Resource/Playground/EditJsonTrait.php" line="58" class="Tests\Feature\Playground\Lead\Resource\Http\Controllers\Playground\TeamRouteTest" classname="Tests.Feature.Playground.Lead.Resource.Http.Controllers.Playground.TeamRouteTest" assertions="4" time="0.371885"/>
        <testcase name="test_json_edit_as_admin_and_fail_validation_with_invalid_parameter" file="/app/vendor/gammamatrix/playground-test/src/Feature/Http/Controllers/Resource/Playground/EditJsonTrait.php" line="87" class="Tests\Feature\Playground\Lead\Resource\Http\Controllers\Playground\TeamRouteTest" classname="Tests.Feature.Playground.Lead.Resource.Http.Controllers.Playground.TeamRouteTest" assertions="4" time="0.349208"/>
        <testcase name="test_json_guest_cannot_get_index" file="/app/vendor/gammamatrix/playground-test/src/Feature/Http/Controllers/Resource/Playground/IndexJsonTrait.php" line="34" class="Tests\Feature\Playground\Lead\Resource\Http\Controllers\Playground\TeamRouteTest" classname="Tests.Feature.Playground.Lead.Resource.Http.Controllers.Playground.TeamRouteTest" assertions="1" time="0.369869"/>
        <testcase name="test_json_admin_can_get_index" file="/app/vendor/gammamatrix/playground-test/src/Feature/Http/Controllers/Resource/Playground/IndexJsonTrait.php" line="49" class="Tests\Feature\Playground\Lead\Resource\Http\Controllers\Playground\TeamRouteTest" classname="Tests.Feature.Playground.Lead.Resource.Http.Controllers.Playground.TeamRouteTest" assertions="115" time="0.352803"/>
        <testcase name="test_json_admin_can_get_index_with_filters" file="/app/vendor/gammamatrix/playground-test/src/Feature/Http/Controllers/Resource/Playground/IndexJsonTrait.php" line="85" class="Tests\Feature\Playground\Lead\Resource\Http\Controllers\Playground\TeamRouteTest" classname="Tests.Feature.Playground.Lead.Resource.Http.Controllers.Playground.TeamRouteTest" assertions="3" time="0.348440"/>
        <testcase name="test_json_guest_cannot_lock" file="/app/vendor/gammamatrix/playground-test/src/Feature/Http/Controllers/Resource/Playground/LockJsonTrait.php" line="36" class="Tests\Feature\Playground\Lead\Resource\Http\Controllers\Playground\TeamRouteTest" classname="Tests.Feature.Playground.Lead.Resource.Http.Controllers.Playground.TeamRouteTest" assertions="3" time="0.374612"/>
        <testcase name="test_json_lock_as_admin_and_succeed" file="/app/vendor/gammamatrix/playground-test/src/Feature/Http/Controllers/Resource/Playground/LockJsonTrait.php" line="66" class="Tests\Feature\Playground\Lead\Resource\Http\Controllers\Playground\TeamRouteTest" classname="Tests.Feature.Playground.Lead.Resource.Http.Controllers.Playground.TeamRouteTest" assertions="3" time="0.345755"/>
        <testcase name="test_json_lock_as_admin_and_succeed_with_no_redirect" file="/app/vendor/gammamatrix/playground-test/src/Feature/Http/Controllers/Resource/Playground/LockJsonTrait.php" line="98" class="Tests\Feature\Playground\Lead\Resource\Http\Controllers\Playground\TeamRouteTest" classname="Tests.Feature.Playground.Lead.Resource.Http.Controllers.Playground.TeamRouteTest" assertions="110" time="0.391203"/>
        <testcase name="test_json_lock_as_user_and_get_denied" file="/app/vendor/gammamatrix/playground-test/src/Feature/Http/Controllers/Resource/Playground/LockJsonTrait.php" line="143" class="Tests\Feature\Playground\Lead\Resource\Http\Controllers\Playground\TeamRouteTest" classname="Tests.Feature.Playground.Lead.Resource.Http.Controllers.Playground.TeamRouteTest" assertions="3" time="0.337164"/>
        <testcase name="test_json_guest_cannot_restore" file="/app/vendor/gammamatrix/playground-test/src/Feature/Http/Controllers/Resource/Playground/RestoreJsonTrait.php" line="32" class="Tests\Feature\Playground\Lead\Resource\Http\Controllers\Playground\TeamRouteTest" classname="Tests.Feature.Playground.Lead.Resource.Http.Controllers.Playground.TeamRouteTest" assertions="3" time="0.362320"/>
        <testcase name="test_json_restore_as_admin_and_succeed" file="/app/vendor/gammamatrix/playground-test/src/Feature/Http/Controllers/Resource/Playground/RestoreJsonTrait.php" line="64" class="Tests\Feature\Playground\Lead\Resource\Http\Controllers\Playground\TeamRouteTest" classname="Tests.Feature.Playground.Lead.Resource.Http.Controllers.Playground.TeamRouteTest" assertions="110" time="0.391379"/>
        <testcase name="test_json_restore_as_admin_and_succeed_with_no_redirect" file="/app/vendor/gammamatrix/playground-test/src/Feature/Http/Controllers/Resource/Playground/RestoreJsonTrait.php" line="100" class="Tests\Feature\Playground\Lead\Resource\Http\Controllers\Playground\TeamRouteTest" classname="Tests.Feature.Playground.Lead.Resource.Http.Controllers.Playground.TeamRouteTest" assertions="110" time="0.344882"/>
        <testcase name="test_json_restore_as_user_and_get_denied" file="/app/vendor/gammamatrix/playground-test/src/Feature/Http/Controllers/Resource/Playground/RestoreJsonTrait.php" line="143" class="Tests\Feature\Playground\Lead\Resource\Http\Controllers\Playground\TeamRouteTest" classname="Tests.Feature.Playground.Lead.Resource.Http.Controllers.Playground.TeamRouteTest" assertions="3" time="0.339840"/>
        <testcase name="test_json_guest_cannot_see_info" file="/app/vendor/gammamatrix/playground-test/src/Feature/Http/Controllers/Resource/Playground/ShowJsonTrait.php" line="29" class="Tests\Feature\Playground\Lead\Resource\Http\Controllers\Playground\TeamRouteTest" classname="Tests.Feature.Playground.Lead.Resource.Http.Controllers.Playground.TeamRouteTest" assertions="1" time="0.371408"/>
        <testcase name="test_json_show_info_for_admin" file="/app/vendor/gammamatrix/playground-test/src/Feature/Http/Controllers/Resource/Playground/ShowJsonTrait.php" line="49" class="Tests\Feature\Playground\Lead\Resource\Http\Controllers\Playground\TeamRouteTest" classname="Tests.Feature.Playground.Lead.Resource.Http.Controllers.Playground.TeamRouteTest" assertions="109" time="0.350402"/>
        <testcase name="test_json_guest_cannot_store" file="/app/vendor/gammamatrix/playground-test/src/Feature/Http/Controllers/Resource/Playground/StoreJsonTrait.php" line="43" class="Tests\Feature\Playground\Lead\Resource\Http\Controllers\Playground\TeamRouteTest" classname="Tests.Feature.Playground.Lead.Resource.Http.Controllers.Playground.TeamRouteTest" assertions="3" time="0.323510"/>
        <testcase name="test_json_store_as_admin_without_payload_and_fail_validation" file="/app/vendor/gammamatrix/playground-test/src/Feature/Http/Controllers/Resource/Playground/StoreJsonTrait.php" line="66" class="Tests\Feature\Playground\Lead\Resource\Http\Controllers\Playground\TeamRouteTest" classname="Tests.Feature.Playground.Lead.Resource.Http.Controllers.Playground.TeamRouteTest" assertions="5" time="0.385086"/>
        <testcase name="test_json_store_as_admin_and_succeed" file="/app/vendor/gammamatrix/playground-test/src/Feature/Http/Controllers/Resource/Playground/StoreJsonTrait.php" line="92" class="Tests\Feature\Playground\Lead\Resource\Http\Controllers\Playground\TeamRouteTest" classname="Tests.Feature.Playground.Lead.Resource.Http.Controllers.Playground.TeamRouteTest" assertions="3" time="0.370523"/>
        <testcase name="test_json_guest_cannot_unlock" file="/app/vendor/gammamatrix/playground-test/src/Feature/Http/Controllers/Resource/Playground/UnlockJsonTrait.php" line="36" class="Tests\Feature\Playground\Lead\Resource\Http\Controllers\Playground\TeamRouteTest" classname="Tests.Feature.Playground.Lead.Resource.Http.Controllers.Playground.TeamRouteTest" assertions="3" time="0.332135"/>
        <testcase name="test_json_unlock_as_admin_and_succeed" file="/app/vendor/gammamatrix/playground-test/src/Feature/Http/Controllers/Resource/Playground/UnlockJsonTrait.php" line="68" class="Tests\Feature\Playground\Lead\Resource\Http\Controllers\Playground\TeamRouteTest" classname="Tests.Feature.Playground.Lead.Resource.Http.Controllers.Playground.TeamRouteTest" assertions="110" time="0.386395"/>
        <testcase name="test_json_unlock_as_admin_and_succeed_with_no_redirect" file="/app/vendor/gammamatrix/playground-test/src/Feature/Http/Controllers/Resource/Playground/UnlockJsonTrait.php" line="104" class="Tests\Feature\Playground\Lead\Resource\Http\Controllers\Playground\TeamRouteTest" classname="Tests.Feature.Playground.Lead.Resource.Http.Controllers.Playground.TeamRouteTest" assertions="110" time="0.351256"/>
        <testcase name="test_json_unlock_as_user_and_get_denied" file="/app/vendor/gammamatrix/playground-test/src/Feature/Http/Controllers/Resource/Playground/UnlockJsonTrait.php" line="145" class="Tests\Feature\Playground\Lead\Resource\Http\Controllers\Playground\TeamRouteTest" classname="Tests.Feature.Playground.Lead.Resource.Http.Controllers.Playground.TeamRouteTest" assertions="3" time="0.343981"/>
        <testcase name="test_json_guest_cannot_update" file="/app/vendor/gammamatrix/playground-test/src/Feature/Http/Controllers/Resource/Playground/UpdateJsonTrait.php" line="45" class="Tests\Feature\Playground\Lead\Resource\Http\Controllers\Playground\TeamRouteTest" classname="Tests.Feature.Playground.Lead.Resource.Http.Controllers.Playground.TeamRouteTest" assertions="1" time="0.371723"/>
        <testcase name="test_json_update_as_admin_without_payload_and_fail_validation" file="/app/vendor/gammamatrix/playground-test/src/Feature/Http/Controllers/Resource/Playground/UpdateJsonTrait.php" line="65" class="Tests\Feature\Playground\Lead\Resource\Http\Controllers\Playground\TeamRouteTest" classname="Tests.Feature.Playground.Lead.Resource.Http.Controllers.Playground.TeamRouteTest" assertions="4" time="0.343790"/>
        <testcase name="test_json_admin_can_update" file="/app/vendor/gammamatrix/playground-test/src/Feature/Http/Controllers/Resource/Playground/UpdateJsonTrait.php" line="90" class="Tests\Feature\Playground\Lead\Resource\Http\Controllers\Playground\TeamRouteTest" classname="Tests.Feature.Playground.Lead.Resource.Http.Controllers.Playground.TeamRouteTest" assertions="112" time="0.398835"/>
      </testsuite>
      <testsuite name="Tests\Feature\Playground\Lead\Resource\Http\Controllers\Playground\TeammateRouteTest" file="/app/tests/Feature/Http/Controllers/Playground/TeammateRouteTest.php" tests="35" assertions="1075" errors="0" failures="0" skipped="0" time="12.574551">
        <testcase name="test_json_guest_cannot_get_create_info" file="/app/vendor/gammamatrix/playground-test/src/Feature/Http/Controllers/Resource/Playground/CreateJsonTrait.php" line="38" class="Tests\Feature\Playground\Lead\Resource\Http\Controllers\Playground\TeammateRouteTest" classname="Tests.Feature.Playground.Lead.Resource.Http.Controllers.Playground.TeammateRouteTest" assertions="1" time="0.408013"/>
        <testcase name="test_json_admin_can_get_create_info" file="/app/vendor/gammamatrix/playground-test/src/Feature/Http/Controllers/Resource/Playground/CreateJsonTrait.php" line="53" class="Tests\Feature\Playground\Lead\Resource\Http\Controllers\Playground\TeammateRouteTest" classname="Tests.Feature.Playground.Lead.Resource.Http.Controllers.Playground.TeammateRouteTest" assertions="108" time="0.339389"/>
        <testcase name="test_json_get_create_info_as_admin_with_invalid_parameter_and_fail_validation" file="/app/vendor/gammamatrix/playground-test/src/Feature/Http/Controllers/Resource/Playground/CreateJsonTrait.php" line="73" class="Tests\Feature\Playground\Lead\Resource\Http\Controllers\Playground\TeammateRouteTest" classname="Tests.Feature.Playground.Lead.Resource.Http.Controllers.Playground.TeammateRouteTest" assertions="4" time="0.334313"/>
        <testcase name="test_json_guest_cannot_destroy" file="/app/vendor/gammamatrix/playground-test/src/Feature/Http/Controllers/Resource/Playground/DestroyJsonTrait.php" line="31" class="Tests\Feature\Playground\Lead\Resource\Http\Controllers\Playground\TeammateRouteTest" classname="Tests.Feature.Playground.Lead.Resource.Http.Controllers.Playground.TeammateRouteTest" assertions="3" time="0.370287"/>
        <testcase name="test_json_destroy_as_admin_and_succeed" file="/app/vendor/gammamatrix/playground-test/src/Feature/Http/Controllers/Resource/Playground/DestroyJsonTrait.php" line="61" class="Tests\Feature\Playground\Lead\Resource\Http\Controllers\Playground\TeammateRouteTest" classname="Tests.Feature.Playground.Lead.Resource.Http.Controllers.Playground.TeammateRouteTest" assertions="5" time="0.330769"/>
        <testcase name="test_json_destroy_as_admin_and_succeed_with_force_delete" file="/app/vendor/gammamatrix/playground-test/src/Feature/Http/Controllers/Resource/Playground/DestroyJsonTrait.php" line="100" class="Tests\Feature\Playground\Lead\Resource\Http\Controllers\Playground\TeammateRouteTest" classname="Tests.Feature.Playground.Lead.Resource.Http.Controllers.Playground.TeammateRouteTest" assertions="4" time="0.342211"/>
        <testcase name="test_json_destroy_as_admin_and_succeed_with_no_content" file="/app/vendor/gammamatrix/playground-test/src/Feature/Http/Controllers/Resource/Playground/DestroyJsonTrait.php" line="132" class="Tests\Feature\Playground\Lead\Resource\Http\Controllers\Playground\TeammateRouteTest" classname="Tests.Feature.Playground.Lead.Resource.Http.Controllers.Playground.TeammateRouteTest" assertions="5" time="0.357367"/>
        <testcase name="test_json_destroy_as_admin_and_succeed_and_ignore_redirect" file="/app/vendor/gammamatrix/playground-test/src/Feature/Http/Controllers/Resource/Playground/DestroyJsonTrait.php" line="167" class="Tests\Feature\Playground\Lead\Resource\Http\Controllers\Playground\TeammateRouteTest" classname="Tests.Feature.Playground.Lead.Resource.Http.Controllers.Playground.TeammateRouteTest" assertions="5" time="0.331271"/>
        <testcase name="test_json_destroy_as_user_and_get_denied_and_no_force_delete_allowed" file="/app/vendor/gammamatrix/playground-test/src/Feature/Http/Controllers/Resource/Playground/DestroyJsonTrait.php" line="209" class="Tests\Feature\Playground\Lead\Resource\Http\Controllers\Playground\TeammateRouteTest" classname="Tests.Feature.Playground.Lead.Resource.Http.Controllers.Playground.TeammateRouteTest" assertions="3" time="0.337262"/>
        <testcase name="test_json_guest_cannot_get_edit_info" file="/app/vendor/gammamatrix/playground-test/src/Feature/Http/Controllers/Resource/Playground/EditJsonTrait.php" line="38" class="Tests\Feature\Playground\Lead\Resource\Http\Controllers\Playground\TeammateRouteTest" classname="Tests.Feature.Playground.Lead.Resource.Http.Controllers.Playground.TeammateRouteTest" assertions="1" time="0.366774"/>
        <testcase name="test_json_admin_can_get_edit_info" file="/app/vendor/gammamatrix/playground-test/src/Feature/Http/Controllers/Resource/Playground/EditJsonTrait.php" line="58" class="Tests\Feature\Playground\Lead\Resource\Http\Controllers\Playground\TeammateRouteTest" classname="Tests.Feature.Playground.Lead.Resource.Http.Controllers.Playground.TeammateRouteTest" assertions="4" time="0.346572"/>
        <testcase name="test_json_edit_as_admin_and_fail_validation_with_invalid_parameter" file="/app/vendor/gammamatrix/playground-test/src/Feature/Http/Controllers/Resource/Playground/EditJsonTrait.php" line="87" class="Tests\Feature\Playground\Lead\Resource\Http\Controllers\Playground\TeammateRouteTest" classname="Tests.Feature.Playground.Lead.Resource.Http.Controllers.Playground.TeammateRouteTest" assertions="4" time="0.346294"/>
        <testcase name="test_json_guest_cannot_get_index" file="/app/vendor/gammamatrix/playground-test/src/Feature/Http/Controllers/Resource/Playground/IndexJsonTrait.php" line="34" class="Tests\Feature\Playground\Lead\Resource\Http\Controllers\Playground\TeammateRouteTest" classname="Tests.Feature.Playground.Lead.Resource.Http.Controllers.Playground.TeammateRouteTest" assertions="1" time="0.378054"/>
        <testcase name="test_json_admin_can_get_index" file="/app/vendor/gammamatrix/playground-test/src/Feature/Http/Controllers/Resource/Playground/IndexJsonTrait.php" line="49" class="Tests\Feature\Playground\Lead\Resource\Http\Controllers\Playground\TeammateRouteTest" classname="Tests.Feature.Playground.Lead.Resource.Http.Controllers.Playground.TeammateRouteTest" assertions="115" time="0.353426"/>
        <testcase name="test_json_admin_can_get_index_with_filters" file="/app/vendor/gammamatrix/playground-test/src/Feature/Http/Controllers/Resource/Playground/IndexJsonTrait.php" line="85" class="Tests\Feature\Playground\Lead\Resource\Http\Controllers\Playground\TeammateRouteTest" classname="Tests.Feature.Playground.Lead.Resource.Http.Controllers.Playground.TeammateRouteTest" assertions="3" time="0.440794"/>
        <testcase name="test_json_guest_cannot_lock" file="/app/vendor/gammamatrix/playground-test/src/Feature/Http/Controllers/Resource/Playground/LockJsonTrait.php" line="36" class="Tests\Feature\Playground\Lead\Resource\Http\Controllers\Playground\TeammateRouteTest" classname="Tests.Feature.Playground.Lead.Resource.Http.Controllers.Playground.TeammateRouteTest" assertions="3" time="0.326230"/>
        <testcase name="test_json_lock_as_admin_and_succeed" file="/app/vendor/gammamatrix/playground-test/src/Feature/Http/Controllers/Resource/Playground/LockJsonTrait.php" line="66" class="Tests\Feature\Playground\Lead\Resource\Http\Controllers\Playground\TeammateRouteTest" classname="Tests.Feature.Playground.Lead.Resource.Http.Controllers.Playground.TeammateRouteTest" assertions="3" time="0.353727"/>
        <testcase name="test_json_lock_as_admin_and_succeed_with_no_redirect" file="/app/vendor/gammamatrix/playground-test/src/Feature/Http/Controllers/Resource/Playground/LockJsonTrait.php" line="98" class="Tests\Feature\Playground\Lead\Resource\Http\Controllers\Playground\TeammateRouteTest" classname="Tests.Feature.Playground.Lead.Resource.Http.Controllers.Playground.TeammateRouteTest" assertions="110" time="0.396556"/>
        <testcase name="test_json_lock_as_user_and_get_denied" file="/app/vendor/gammamatrix/playground-test/src/Feature/Http/Controllers/Resource/Playground/LockJsonTrait.php" line="143" class="Tests\Feature\Playground\Lead\Resource\Http\Controllers\Playground\TeammateRouteTest" classname="Tests.Feature.Playground.Lead.Resource.Http.Controllers.Playground.TeammateRouteTest" assertions="3" time="0.334378"/>
        <testcase name="test_json_guest_cannot_restore" file="/app/vendor/gammamatrix/playground-test/src/Feature/Http/Controllers/Resource/Playground/RestoreJsonTrait.php" line="32" class="Tests\Feature\Playground\Lead\Resource\Http\Controllers\Playground\TeammateRouteTest" classname="Tests.Feature.Playground.Lead.Resource.Http.Controllers.Playground.TeammateRouteTest" assertions="3" time="0.326821"/>
        <testcase name="test_json_restore_as_admin_and_succeed" file="/app/vendor/gammamatrix/playground-test/src/Feature/Http/Controllers/Resource/Playground/RestoreJsonTrait.php" line="64" class="Tests\Feature\Playground\Lead\Resource\Http\Controllers\Playground\TeammateRouteTest" classname="Tests.Feature.Playground.Lead.Resource.Http.Controllers.Playground.TeammateRouteTest" assertions="110" time="0.386557"/>
        <testcase name="test_json_restore_as_admin_and_succeed_with_no_redirect" file="/app/vendor/gammamatrix/playground-test/src/Feature/Http/Controllers/Resource/Playground/RestoreJsonTrait.php" line="100" class="Tests\Feature\Playground\Lead\Resource\Http\Controllers\Playground\TeammateRouteTest" classname="Tests.Feature.Playground.Lead.Resource.Http.Controllers.Playground.TeammateRouteTest" assertions="110" time="0.346474"/>
        <testcase name="test_json_restore_as_user_and_get_denied" file="/app/vendor/gammamatrix/playground-test/src/Feature/Http/Controllers/Resource/Playground/RestoreJsonTrait.php" line="143" class="Tests\Feature\Playground\Lead\Resource\Http\Controllers\Playground\TeammateRouteTest" classname="Tests.Feature.Playground.Lead.Resource.Http.Controllers.Playground.TeammateRouteTest" assertions="3" time="0.338789"/>
        <testcase name="test_json_guest_cannot_see_info" file="/app/vendor/gammamatrix/playground-test/src/Feature/Http/Controllers/Resource/Playground/ShowJsonTrait.php" line="29" class="Tests\Feature\Playground\Lead\Resource\Http\Controllers\Playground\TeammateRouteTest" classname="Tests.Feature.Playground.Lead.Resource.Http.Controllers.Playground.TeammateRouteTest" assertions="1" time="0.381591"/>
        <testcase name="test_json_show_info_for_admin" file="/app/vendor/gammamatrix/playground-test/src/Feature/Http/Controllers/Resource/Playground/ShowJsonTrait.php" line="49" class="Tests\Feature\Playground\Lead\Resource\Http\Controllers\Playground\TeammateRouteTest" classname="Tests.Feature.Playground.Lead.Resource.Http.Controllers.Playground.TeammateRouteTest" assertions="109" time="0.350234"/>
        <testcase name="test_json_guest_cannot_store" file="/app/vendor/gammamatrix/playground-test/src/Feature/Http/Controllers/Resource/Playground/StoreJsonTrait.php" line="43" class="Tests\Feature\Playground\Lead\Resource\Http\Controllers\Playground\TeammateRouteTest" classname="Tests.Feature.Playground.Lead.Resource.Http.Controllers.Playground.TeammateRouteTest" assertions="3" time="0.322494"/>
        <testcase name="test_json_store_as_admin_without_payload_and_fail_validation" file="/app/vendor/gammamatrix/playground-test/src/Feature/Http/Controllers/Resource/Playground/StoreJsonTrait.php" line="66" class="Tests\Feature\Playground\Lead\Resource\Http\Controllers\Playground\TeammateRouteTest" classname="Tests.Feature.Playground.Lead.Resource.Http.Controllers.Playground.TeammateRouteTest" assertions="5" time="0.373574"/>
        <testcase name="test_json_store_as_admin_and_succeed" file="/app/vendor/gammamatrix/playground-test/src/Feature/Http/Controllers/Resource/Playground/StoreJsonTrait.php" line="92" class="Tests\Feature\Playground\Lead\Resource\Http\Controllers\Playground\TeammateRouteTest" classname="Tests.Feature.Playground.Lead.Resource.Http.Controllers.Playground.TeammateRouteTest" assertions="3" time="0.377141"/>
        <testcase name="test_json_guest_cannot_unlock" file="/app/vendor/gammamatrix/playground-test/src/Feature/Http/Controllers/Resource/Playground/UnlockJsonTrait.php" line="36" class="Tests\Feature\Playground\Lead\Resource\Http\Controllers\Playground\TeammateRouteTest" classname="Tests.Feature.Playground.Lead.Resource.Http.Controllers.Playground.TeammateRouteTest" assertions="3" time="0.332926"/>
        <testcase name="test_json_unlock_as_admin_and_succeed" file="/app/vendor/gammamatrix/playground-test/src/Feature/Http/Controllers/Resource/Playground/UnlockJsonTrait.php" line="68" class="Tests\Feature\Playground\Lead\Resource\Http\Controllers\Playground\TeammateRouteTest" classname="Tests.Feature.Playground.Lead.Resource.Http.Controllers.Playground.TeammateRouteTest" assertions="110" time="0.386709"/>
        <testcase name="test_json_unlock_as_admin_and_succeed_with_no_redirect" file="/app/vendor/gammamatrix/playground-test/src/Feature/Http/Controllers/Resource/Playground/UnlockJsonTrait.php" line="104" class="Tests\Feature\Playground\Lead\Resource\Http\Controllers\Playground\TeammateRouteTest" classname="Tests.Feature.Playground.Lead.Resource.Http.Controllers.Playground.TeammateRouteTest" assertions="110" time="0.346775"/>
        <testcase name="test_json_unlock_as_user_and_get_denied" file="/app/vendor/gammamatrix/playground-test/src/Feature/Http/Controllers/Resource/Playground/UnlockJsonTrait.php" line="145" class="Tests\Feature\Playground\Lead\Resource\Http\Controllers\Playground\TeammateRouteTest" classname="Tests.Feature.Playground.Lead.Resource.Http.Controllers.Playground.TeammateRouteTest" assertions="3" time="0.354109"/>
        <testcase name="test_json_guest_cannot_update" file="/app/vendor/gammamatrix/playground-test/src/Feature/Http/Controllers/Resource/Playground/UpdateJsonTrait.php" line="45" class="Tests\Feature\Playground\Lead\Resource\Http\Controllers\Playground\TeammateRouteTest" classname="Tests.Feature.Playground.Lead.Resource.Http.Controllers.Playground.TeammateRouteTest" assertions="1" time="0.382067"/>
        <testcase name="test_json_update_as_admin_without_payload_and_fail_validation" file="/app/vendor/gammamatrix/playground-test/src/Feature/Http/Controllers/Resource/Playground/UpdateJsonTrait.php" line="65" class="Tests\Feature\Playground\Lead\Resource\Http\Controllers\Playground\TeammateRouteTest" classname="Tests.Feature.Playground.Lead.Resource.Http.Controllers.Playground.TeammateRouteTest" assertions="4" time="0.347394"/>
        <testcase name="test_json_admin_can_update" file="/app/vendor/gammamatrix/playground-test/src/Feature/Http/Controllers/Resource/Playground/UpdateJsonTrait.php" line="90" class="Tests\Feature\Playground\Lead\Resource\Http\Controllers\Playground\TeammateRouteTest" classname="Tests.Feature.Playground.Lead.Resource.Http.Controllers.Playground.TeammateRouteTest" assertions="112" time="0.427209"/>
      </testsuite>
    </testsuite>
  </testsuite>
</testsuites>
