<?xml version="1.0" encoding="UTF-8"?>
<testsuites>
  <testsuite name="/app/phpunit-ci.xml" tests="981" assertions="14980" errors="0" failures="0" skipped="0" time="327.265728">
    <testsuite name="Unit" tests="174" assertions="289" errors="0" failures="0" skipped="0" time="10.251876">
      <testsuite name="Tests\Unit\Playground\Lead\Resource\Http\Requests\Campaign\CreateRequestTest" file="/app/tests/Unit/Http/Requests/Campaign/CreateRequestTest.php" tests="1" assertions="1" errors="0" failures="0" skipped="0" time="0.347373">
        <testcase name="test_request_instance" file="/app/vendor/gammamatrix/playground-test/src/Unit/Http/Requests/RequestCase.php" line="41" class="Tests\Unit\Playground\Lead\Resource\Http\Requests\Campaign\CreateRequestTest" classname="Tests.Unit.Playground.Lead.Resource.Http.Requests.Campaign.CreateRequestTest" assertions="1" time="0.347373"/>
      </testsuite>
      <testsuite name="Tests\Unit\Playground\Lead\Resource\Http\Requests\Campaign\DestroyRequestTest" file="/app/tests/Unit/Http/Requests/Campaign/DestroyRequestTest.php" tests="1" assertions="1" errors="0" failures="0" skipped="0" time="0.049421">
        <testcase name="test_request_instance" file="/app/vendor/gammamatrix/playground-test/src/Unit/Http/Requests/RequestCase.php" line="41" class="Tests\Unit\Playground\Lead\Resource\Http\Requests\Campaign\DestroyRequestTest" classname="Tests.Unit.Playground.Lead.Resource.Http.Requests.Campaign.DestroyRequestTest" assertions="1" time="0.049421"/>
      </testsuite>
      <testsuite name="Tests\Unit\Playground\Lead\Resource\Http\Requests\Campaign\EditRequestTest" file="/app/tests/Unit/Http/Requests/Campaign/EditRequestTest.php" tests="1" assertions="1" errors="0" failures="0" skipped="0" time="0.069790">
        <testcase name="test_request_instance" file="/app/vendor/gammamatrix/playground-test/src/Unit/Http/Requests/RequestCase.php" line="41" class="Tests\Unit\Playground\Lead\Resource\Http\Requests\Campaign\EditRequestTest" classname="Tests.Unit.Playground.Lead.Resource.Http.Requests.Campaign.EditRequestTest" assertions="1" time="0.069790"/>
      </testsuite>
      <testsuite name="Tests\Unit\Playground\Lead\Resource\Http\Requests\Campaign\IndexRequestTest" file="/app/tests/Unit/Http/Requests/Campaign/IndexRequestTest.php" tests="1" assertions="1" errors="0" failures="0" skipped="0" time="0.130646">
        <testcase name="test_request_instance" file="/app/vendor/gammamatrix/playground-test/src/Unit/Http/Requests/RequestCase.php" line="41" class="Tests\Unit\Playground\Lead\Resource\Http\Requests\Campaign\IndexRequestTest" classname="Tests.Unit.Playground.Lead.Resource.Http.Requests.Campaign.IndexRequestTest" assertions="1" time="0.130646"/>
      </testsuite>
      <testsuite name="Tests\Unit\Playground\Lead\Resource\Http\Requests\Campaign\LockRequestTest" file="/app/tests/Unit/Http/Requests/Campaign/LockRequestTest.php" tests="1" assertions="1" errors="0" failures="0" skipped="0" time="0.046427">
        <testcase name="test_request_instance" file="/app/vendor/gammamatrix/playground-test/src/Unit/Http/Requests/RequestCase.php" line="41" class="Tests\Unit\Playground\Lead\Resource\Http\Requests\Campaign\LockRequestTest" classname="Tests.Unit.Playground.Lead.Resource.Http.Requests.Campaign.LockRequestTest" assertions="1" time="0.046427"/>
      </testsuite>
      <testsuite name="Tests\Unit\Playground\Lead\Resource\Http\Requests\Campaign\RestoreRequestTest" file="/app/tests/Unit/Http/Requests/Campaign/RestoreRequestTest.php" tests="1" assertions="1" errors="0" failures="0" skipped="0" time="0.046109">
        <testcase name="test_request_instance" file="/app/vendor/gammamatrix/playground-test/src/Unit/Http/Requests/RequestCase.php" line="41" class="Tests\Unit\Playground\Lead\Resource\Http\Requests\Campaign\RestoreRequestTest" classname="Tests.Unit.Playground.Lead.Resource.Http.Requests.Campaign.RestoreRequestTest" assertions="1" time="0.046109"/>
      </testsuite>
      <testsuite name="Tests\Unit\Playground\Lead\Resource\Http\Requests\Campaign\ShowRequestTest" file="/app/tests/Unit/Http/Requests/Campaign/ShowRequestTest.php" tests="1" assertions="1" errors="0" failures="0" skipped="0" time="0.045904">
        <testcase name="test_request_instance" file="/app/vendor/gammamatrix/playground-test/src/Unit/Http/Requests/RequestCase.php" line="41" class="Tests\Unit\Playground\Lead\Resource\Http\Requests\Campaign\ShowRequestTest" classname="Tests.Unit.Playground.Lead.Resource.Http.Requests.Campaign.ShowRequestTest" assertions="1" time="0.045904"/>
      </testsuite>
      <testsuite name="Tests\Unit\Playground\Lead\Resource\Http\Requests\Campaign\StoreRequestTest" file="/app/tests/Unit/Http/Requests/Campaign/StoreRequestTest.php" tests="3" assertions="8" errors="0" failures="0" skipped="0" time="0.160470">
        <testcase name="test_request_instance" file="/app/vendor/gammamatrix/playground-test/src/Unit/Http/Requests/RequestCase.php" line="41" class="Tests\Unit\Playground\Lead\Resource\Http\Requests\Campaign\StoreRequestTest" classname="Tests.Unit.Playground.Lead.Resource.Http.Requests.Campaign.StoreRequestTest" assertions="1" time="0.072043"/>
        <testcase name="test_StoreRequest_rules_with_optional_revisions_disabled" file="/app/tests/Unit/Http/Requests/Campaign/StoreRequestTest.php" line="19" class="Tests\Unit\Playground\Lead\Resource\Http\Requests\Campaign\StoreRequestTest" classname="Tests.Unit.Playground.Lead.Resource.Http.Requests.Campaign.StoreRequestTest" assertions="3" time="0.044789"/>
        <testcase name="test_StoreRequest_rules_with_optional_revisions_enabled" file="/app/tests/Unit/Http/Requests/Campaign/StoreRequestTest.php" line="29" class="Tests\Unit\Playground\Lead\Resource\Http\Requests\Campaign\StoreRequestTest" classname="Tests.Unit.Playground.Lead.Resource.Http.Requests.Campaign.StoreRequestTest" assertions="4" time="0.043638"/>
      </testsuite>
      <testsuite name="Tests\Unit\Playground\Lead\Resource\Http\Requests\Campaign\UnlockRequestTest" file="/app/tests/Unit/Http/Requests/Campaign/UnlockRequestTest.php" tests="1" assertions="1" errors="0" failures="0" skipped="0" time="0.043427">
        <testcase name="test_request_instance" file="/app/vendor/gammamatrix/playground-test/src/Unit/Http/Requests/RequestCase.php" line="41" class="Tests\Unit\Playground\Lead\Resource\Http\Requests\Campaign\UnlockRequestTest" classname="Tests.Unit.Playground.Lead.Resource.Http.Requests.Campaign.UnlockRequestTest" assertions="1" time="0.043427"/>
      </testsuite>
      <testsuite name="Tests\Unit\Playground\Lead\Resource\Http\Requests\Campaign\UpdateRequestTest" file="/app/tests/Unit/Http/Requests/Campaign/UpdateRequestTest.php" tests="3" assertions="8" errors="0" failures="0" skipped="0" time="0.154758">
        <testcase name="test_request_instance" file="/app/vendor/gammamatrix/playground-test/src/Unit/Http/Requests/RequestCase.php" line="41" class="Tests\Unit\Playground\Lead\Resource\Http\Requests\Campaign\UpdateRequestTest" classname="Tests.Unit.Playground.Lead.Resource.Http.Requests.Campaign.UpdateRequestTest" assertions="1" time="0.069351"/>
        <testcase name="test_UpdateRequest_rules_with_optional_revisions_disabled" file="/app/tests/Unit/Http/Requests/Campaign/UpdateRequestTest.php" line="19" class="Tests\Unit\Playground\Lead\Resource\Http\Requests\Campaign\UpdateRequestTest" classname="Tests.Unit.Playground.Lead.Resource.Http.Requests.Campaign.UpdateRequestTest" assertions="3" time="0.042396"/>
        <testcase name="test_UpdateRequest_rules_with_optional_revisions_enabled" file="/app/tests/Unit/Http/Requests/Campaign/UpdateRequestTest.php" line="29" class="Tests\Unit\Playground\Lead\Resource\Http\Requests\Campaign\UpdateRequestTest" classname="Tests.Unit.Playground.Lead.Resource.Http.Requests.Campaign.UpdateRequestTest" assertions="4" time="0.043011"/>
      </testsuite>
      <testsuite name="Tests\Unit\Playground\Lead\Resource\Http\Requests\FormRequest\InstanceTest" file="/app/tests/Unit/Http/Requests/FormRequest/InstanceTest.php" tests="5" assertions="6" errors="0" failures="0" skipped="0" time="0.249061">
        <testcase name="test_FormRequest_authorize_without_user" file="/app/tests/Unit/Http/Requests/FormRequest/InstanceTest.php" line="21" class="Tests\Unit\Playground\Lead\Resource\Http\Requests\FormRequest\InstanceTest" classname="Tests.Unit.Playground.Lead.Resource.Http.Requests.FormRequest.InstanceTest" assertions="1" time="0.042517"/>
        <testcase name="test_RULES_is_empty_by_default" file="/app/tests/Unit/Http/Requests/FormRequest/InstanceTest.php" line="28" class="Tests\Unit\Playground\Lead\Resource\Http\Requests\FormRequest\InstanceTest" classname="Tests.Unit.Playground.Lead.Resource.Http.Requests.FormRequest.InstanceTest" assertions="2" time="0.043623"/>
        <testcase name="test_userHasAdminPrivileges_without_user" file="/app/tests/Unit/Http/Requests/FormRequest/InstanceTest.php" line="36" class="Tests\Unit\Playground\Lead\Resource\Http\Requests\FormRequest\InstanceTest" classname="Tests.Unit.Playground.Lead.Resource.Http.Requests.FormRequest.InstanceTest" assertions="1" time="0.043778"/>
        <testcase name="test_userHasAdminPrivileges_with_admin" file="/app/tests/Unit/Http/Requests/FormRequest/InstanceTest.php" line="43" class="Tests\Unit\Playground\Lead\Resource\Http\Requests\FormRequest\InstanceTest" classname="Tests.Unit.Playground.Lead.Resource.Http.Requests.FormRequest.InstanceTest" assertions="1" time="0.069811"/>
        <testcase name="test_userHasAdminPrivileges_with_default_laravel_user" file="/app/tests/Unit/Http/Requests/FormRequest/InstanceTest.php" line="55" class="Tests\Unit\Playground\Lead\Resource\Http\Requests\FormRequest\InstanceTest" classname="Tests.Unit.Playground.Lead.Resource.Http.Requests.FormRequest.InstanceTest" assertions="1" time="0.049332"/>
      </testsuite>
      <testsuite name="Tests\Unit\Playground\Lead\Resource\Http\Requests\Goal\CreateRequestTest" file="/app/tests/Unit/Http/Requests/Goal/CreateRequestTest.php" tests="1" assertions="1" errors="0" failures="0" skipped="0" time="0.073667">
        <testcase name="test_request_instance" file="/app/vendor/gammamatrix/playground-test/src/Unit/Http/Requests/RequestCase.php" line="41" class="Tests\Unit\Playground\Lead\Resource\Http\Requests\Goal\CreateRequestTest" classname="Tests.Unit.Playground.Lead.Resource.Http.Requests.Goal.CreateRequestTest" assertions="1" time="0.073667"/>
      </testsuite>
      <testsuite name="Tests\Unit\Playground\Lead\Resource\Http\Requests\Goal\DestroyRequestTest" file="/app/tests/Unit/Http/Requests/Goal/DestroyRequestTest.php" tests="1" assertions="1" errors="0" failures="0" skipped="0" time="0.052356">
        <testcase name="test_request_instance" file="/app/vendor/gammamatrix/playground-test/src/Unit/Http/Requests/RequestCase.php" line="41" class="Tests\Unit\Playground\Lead\Resource\Http\Requests\Goal\DestroyRequestTest" classname="Tests.Unit.Playground.Lead.Resource.Http.Requests.Goal.DestroyRequestTest" assertions="1" time="0.052356"/>
      </testsuite>
      <testsuite name="Tests\Unit\Playground\Lead\Resource\Http\Requests\Goal\EditRequestTest" file="/app/tests/Unit/Http/Requests/Goal/EditRequestTest.php" tests="1" assertions="1" errors="0" failures="0" skipped="0" time="0.067815">
        <testcase name="test_request_instance" file="/app/vendor/gammamatrix/playground-test/src/Unit/Http/Requests/RequestCase.php" line="41" class="Tests\Unit\Playground\Lead\Resource\Http\Requests\Goal\EditRequestTest" classname="Tests.Unit.Playground.Lead.Resource.Http.Requests.Goal.EditRequestTest" assertions="1" time="0.067815"/>
      </testsuite>
      <testsuite name="Tests\Unit\Playground\Lead\Resource\Http\Requests\Goal\IndexRequestTest" file="/app/tests/Unit/Http/Requests/Goal/IndexRequestTest.php" tests="1" assertions="1" errors="0" failures="0" skipped="0" time="0.131982">
        <testcase name="test_request_instance" file="/app/vendor/gammamatrix/playground-test/src/Unit/Http/Requests/RequestCase.php" line="41" class="Tests\Unit\Playground\Lead\Resource\Http\Requests\Goal\IndexRequestTest" classname="Tests.Unit.Playground.Lead.Resource.Http.Requests.Goal.IndexRequestTest" assertions="1" time="0.131982"/>
      </testsuite>
      <testsuite name="Tests\Unit\Playground\Lead\Resource\Http\Requests\Goal\LockRequestTest" file="/app/tests/Unit/Http/Requests/Goal/LockRequestTest.php" tests="1" assertions="1" errors="0" failures="0" skipped="0" time="0.047824">
        <testcase name="test_request_instance" file="/app/vendor/gammamatrix/playground-test/src/Unit/Http/Requests/RequestCase.php" line="41" class="Tests\Unit\Playground\Lead\Resource\Http\Requests\Goal\LockRequestTest" classname="Tests.Unit.Playground.Lead.Resource.Http.Requests.Goal.LockRequestTest" assertions="1" time="0.047824"/>
      </testsuite>
      <testsuite name="Tests\Unit\Playground\Lead\Resource\Http\Requests\Goal\RestoreRequestTest" file="/app/tests/Unit/Http/Requests/Goal/RestoreRequestTest.php" tests="1" assertions="1" errors="0" failures="0" skipped="0" time="0.046262">
        <testcase name="test_request_instance" file="/app/vendor/gammamatrix/playground-test/src/Unit/Http/Requests/RequestCase.php" line="41" class="Tests\Unit\Playground\Lead\Resource\Http\Requests\Goal\RestoreRequestTest" classname="Tests.Unit.Playground.Lead.Resource.Http.Requests.Goal.RestoreRequestTest" assertions="1" time="0.046262"/>
      </testsuite>
      <testsuite name="Tests\Unit\Playground\Lead\Resource\Http\Requests\Goal\ShowRequestTest" file="/app/tests/Unit/Http/Requests/Goal/ShowRequestTest.php" tests="1" assertions="1" errors="0" failures="0" skipped="0" time="0.045098">
        <testcase name="test_request_instance" file="/app/vendor/gammamatrix/playground-test/src/Unit/Http/Requests/RequestCase.php" line="41" class="Tests\Unit\Playground\Lead\Resource\Http\Requests\Goal\ShowRequestTest" classname="Tests.Unit.Playground.Lead.Resource.Http.Requests.Goal.ShowRequestTest" assertions="1" time="0.045098"/>
      </testsuite>
      <testsuite name="Tests\Unit\Playground\Lead\Resource\Http\Requests\Goal\StoreRequestTest" file="/app/tests/Unit/Http/Requests/Goal/StoreRequestTest.php" tests="3" assertions="8" errors="0" failures="0" skipped="0" time="0.159615">
        <testcase name="test_request_instance" file="/app/vendor/gammamatrix/playground-test/src/Unit/Http/Requests/RequestCase.php" line="41" class="Tests\Unit\Playground\Lead\Resource\Http\Requests\Goal\StoreRequestTest" classname="Tests.Unit.Playground.Lead.Resource.Http.Requests.Goal.StoreRequestTest" assertions="1" time="0.070619"/>
        <testcase name="test_StoreRequest_rules_with_optional_revisions_disabled" file="/app/tests/Unit/Http/Requests/Goal/StoreRequestTest.php" line="19" class="Tests\Unit\Playground\Lead\Resource\Http\Requests\Goal\StoreRequestTest" classname="Tests.Unit.Playground.Lead.Resource.Http.Requests.Goal.StoreRequestTest" assertions="3" time="0.045294"/>
        <testcase name="test_StoreRequest_rules_with_optional_revisions_enabled" file="/app/tests/Unit/Http/Requests/Goal/StoreRequestTest.php" line="29" class="Tests\Unit\Playground\Lead\Resource\Http\Requests\Goal\StoreRequestTest" classname="Tests.Unit.Playground.Lead.Resource.Http.Requests.Goal.StoreRequestTest" assertions="4" time="0.043702"/>
      </testsuite>
      <testsuite name="Tests\Unit\Playground\Lead\Resource\Http\Requests\Goal\UnlockRequestTest" file="/app/tests/Unit/Http/Requests/Goal/UnlockRequestTest.php" tests="1" assertions="1" errors="0" failures="0" skipped="0" time="0.045219">
        <testcase name="test_request_instance" file="/app/vendor/gammamatrix/playground-test/src/Unit/Http/Requests/RequestCase.php" line="41" class="Tests\Unit\Playground\Lead\Resource\Http\Requests\Goal\UnlockRequestTest" classname="Tests.Unit.Playground.Lead.Resource.Http.Requests.Goal.UnlockRequestTest" assertions="1" time="0.045219"/>
      </testsuite>
      <testsuite name="Tests\Unit\Playground\Lead\Resource\Http\Requests\Goal\UpdateRequestTest" file="/app/tests/Unit/Http/Requests/Goal/UpdateRequestTest.php" tests="3" assertions="8" errors="0" failures="0" skipped="0" time="0.162317">
        <testcase name="test_request_instance" file="/app/vendor/gammamatrix/playground-test/src/Unit/Http/Requests/RequestCase.php" line="41" class="Tests\Unit\Playground\Lead\Resource\Http\Requests\Goal\UpdateRequestTest" classname="Tests.Unit.Playground.Lead.Resource.Http.Requests.Goal.UpdateRequestTest" assertions="1" time="0.071459"/>
        <testcase name="test_UpdateRequest_rules_with_optional_revisions_disabled" file="/app/tests/Unit/Http/Requests/Goal/UpdateRequestTest.php" line="19" class="Tests\Unit\Playground\Lead\Resource\Http\Requests\Goal\UpdateRequestTest" classname="Tests.Unit.Playground.Lead.Resource.Http.Requests.Goal.UpdateRequestTest" assertions="3" time="0.045615"/>
        <testcase name="test_UpdateRequest_rules_with_optional_revisions_enabled" file="/app/tests/Unit/Http/Requests/Goal/UpdateRequestTest.php" line="29" class="Tests\Unit\Playground\Lead\Resource\Http\Requests\Goal\UpdateRequestTest" classname="Tests.Unit.Playground.Lead.Resource.Http.Requests.Goal.UpdateRequestTest" assertions="4" time="0.045242"/>
      </testsuite>
      <testsuite name="Tests\Unit\Playground\Lead\Resource\Http\Requests\Lead\CreateRequestTest" file="/app/tests/Unit/Http/Requests/Lead/CreateRequestTest.php" tests="1" assertions="1" errors="0" failures="0" skipped="0" time="0.067858">
        <testcase name="test_request_instance" file="/app/vendor/gammamatrix/playground-test/src/Unit/Http/Requests/RequestCase.php" line="41" class="Tests\Unit\Playground\Lead\Resource\Http\Requests\Lead\CreateRequestTest" classname="Tests.Unit.Playground.Lead.Resource.Http.Requests.Lead.CreateRequestTest" assertions="1" time="0.067858"/>
      </testsuite>
      <testsuite name="Tests\Unit\Playground\Lead\Resource\Http\Requests\Lead\DestroyRequestTest" file="/app/tests/Unit/Http/Requests/Lead/DestroyRequestTest.php" tests="1" assertions="1" errors="0" failures="0" skipped="0" time="0.047777">
        <testcase name="test_request_instance" file="/app/vendor/gammamatrix/playground-test/src/Unit/Http/Requests/RequestCase.php" line="41" class="Tests\Unit\Playground\Lead\Resource\Http\Requests\Lead\DestroyRequestTest" classname="Tests.Unit.Playground.Lead.Resource.Http.Requests.Lead.DestroyRequestTest" assertions="1" time="0.047777"/>
      </testsuite>
      <testsuite name="Tests\Unit\Playground\Lead\Resource\Http\Requests\Lead\EditRequestTest" file="/app/tests/Unit/Http/Requests/Lead/EditRequestTest.php" tests="1" assertions="1" errors="0" failures="0" skipped="0" time="0.072312">
        <testcase name="test_request_instance" file="/app/vendor/gammamatrix/playground-test/src/Unit/Http/Requests/RequestCase.php" line="41" class="Tests\Unit\Playground\Lead\Resource\Http\Requests\Lead\EditRequestTest" classname="Tests.Unit.Playground.Lead.Resource.Http.Requests.Lead.EditRequestTest" assertions="1" time="0.072312"/>
      </testsuite>
      <testsuite name="Tests\Unit\Playground\Lead\Resource\Http\Requests\Lead\IndexRequestTest" file="/app/tests/Unit/Http/Requests/Lead/IndexRequestTest.php" tests="1" assertions="1" errors="0" failures="0" skipped="0" time="0.135123">
        <testcase name="test_request_instance" file="/app/vendor/gammamatrix/playground-test/src/Unit/Http/Requests/RequestCase.php" line="41" class="Tests\Unit\Playground\Lead\Resource\Http\Requests\Lead\IndexRequestTest" classname="Tests.Unit.Playground.Lead.Resource.Http.Requests.Lead.IndexRequestTest" assertions="1" time="0.135123"/>
      </testsuite>
      <testsuite name="Tests\Unit\Playground\Lead\Resource\Http\Requests\Lead\LockRequestTest" file="/app/tests/Unit/Http/Requests/Lead/LockRequestTest.php" tests="1" assertions="1" errors="0" failures="0" skipped="0" time="0.046989">
        <testcase name="test_request_instance" file="/app/vendor/gammamatrix/playground-test/src/Unit/Http/Requests/RequestCase.php" line="41" class="Tests\Unit\Playground\Lead\Resource\Http\Requests\Lead\LockRequestTest" classname="Tests.Unit.Playground.Lead.Resource.Http.Requests.Lead.LockRequestTest" assertions="1" time="0.046989"/>
      </testsuite>
      <testsuite name="Tests\Unit\Playground\Lead\Resource\Http\Requests\Lead\RestoreRequestTest" file="/app/tests/Unit/Http/Requests/Lead/RestoreRequestTest.php" tests="1" assertions="1" errors="0" failures="0" skipped="0" time="0.048069">
        <testcase name="test_request_instance" file="/app/vendor/gammamatrix/playground-test/src/Unit/Http/Requests/RequestCase.php" line="41" class="Tests\Unit\Playground\Lead\Resource\Http\Requests\Lead\RestoreRequestTest" classname="Tests.Unit.Playground.Lead.Resource.Http.Requests.Lead.RestoreRequestTest" assertions="1" time="0.048069"/>
      </testsuite>
      <testsuite name="Tests\Unit\Playground\Lead\Resource\Http\Requests\Lead\ShowRequestTest" file="/app/tests/Unit/Http/Requests/Lead/ShowRequestTest.php" tests="1" assertions="1" errors="0" failures="0" skipped="0" time="0.045522">
        <testcase name="test_request_instance" file="/app/vendor/gammamatrix/playground-test/src/Unit/Http/Requests/RequestCase.php" line="41" class="Tests\Unit\Playground\Lead\Resource\Http\Requests\Lead\ShowRequestTest" classname="Tests.Unit.Playground.Lead.Resource.Http.Requests.Lead.ShowRequestTest" assertions="1" time="0.045522"/>
      </testsuite>
      <testsuite name="Tests\Unit\Playground\Lead\Resource\Http\Requests\Lead\StoreRequestTest" file="/app/tests/Unit/Http/Requests/Lead/StoreRequestTest.php" tests="3" assertions="8" errors="0" failures="0" skipped="0" time="0.154658">
        <testcase name="test_request_instance" file="/app/vendor/gammamatrix/playground-test/src/Unit/Http/Requests/RequestCase.php" line="41" class="Tests\Unit\Playground\Lead\Resource\Http\Requests\Lead\StoreRequestTest" classname="Tests.Unit.Playground.Lead.Resource.Http.Requests.Lead.StoreRequestTest" assertions="1" time="0.067062"/>
        <testcase name="test_StoreRequest_rules_with_optional_revisions_disabled" file="/app/tests/Unit/Http/Requests/Lead/StoreRequestTest.php" line="19" class="Tests\Unit\Playground\Lead\Resource\Http\Requests\Lead\StoreRequestTest" classname="Tests.Unit.Playground.Lead.Resource.Http.Requests.Lead.StoreRequestTest" assertions="3" time="0.042801"/>
        <testcase name="test_StoreRequest_rules_with_optional_revisions_enabled" file="/app/tests/Unit/Http/Requests/Lead/StoreRequestTest.php" line="29" class="Tests\Unit\Playground\Lead\Resource\Http\Requests\Lead\StoreRequestTest" classname="Tests.Unit.Playground.Lead.Resource.Http.Requests.Lead.StoreRequestTest" assertions="4" time="0.044795"/>
      </testsuite>
      <testsuite name="Tests\Unit\Playground\Lead\Resource\Http\Requests\Lead\UnlockRequestTest" file="/app/tests/Unit/Http/Requests/Lead/UnlockRequestTest.php" tests="1" assertions="1" errors="0" failures="0" skipped="0" time="0.045328">
        <testcase name="test_request_instance" file="/app/vendor/gammamatrix/playground-test/src/Unit/Http/Requests/RequestCase.php" line="41" class="Tests\Unit\Playground\Lead\Resource\Http\Requests\Lead\UnlockRequestTest" classname="Tests.Unit.Playground.Lead.Resource.Http.Requests.Lead.UnlockRequestTest" assertions="1" time="0.045328"/>
      </testsuite>
      <testsuite name="Tests\Unit\Playground\Lead\Resource\Http\Requests\Lead\UpdateRequestTest" file="/app/tests/Unit/Http/Requests/Lead/UpdateRequestTest.php" tests="3" assertions="8" errors="0" failures="0" skipped="0" time="0.161621">
        <testcase name="test_request_instance" file="/app/vendor/gammamatrix/playground-test/src/Unit/Http/Requests/RequestCase.php" line="41" class="Tests\Unit\Playground\Lead\Resource\Http\Requests\Lead\UpdateRequestTest" classname="Tests.Unit.Playground.Lead.Resource.Http.Requests.Lead.UpdateRequestTest" assertions="1" time="0.070472"/>
        <testcase name="test_UpdateRequest_rules_with_optional_revisions_disabled" file="/app/tests/Unit/Http/Requests/Lead/UpdateRequestTest.php" line="19" class="Tests\Unit\Playground\Lead\Resource\Http\Requests\Lead\UpdateRequestTest" classname="Tests.Unit.Playground.Lead.Resource.Http.Requests.Lead.UpdateRequestTest" assertions="3" time="0.046532"/>
        <testcase name="test_UpdateRequest_rules_with_optional_revisions_enabled" file="/app/tests/Unit/Http/Requests/Lead/UpdateRequestTest.php" line="29" class="Tests\Unit\Playground\Lead\Resource\Http\Requests\Lead\UpdateRequestTest" classname="Tests.Unit.Playground.Lead.Resource.Http.Requests.Lead.UpdateRequestTest" assertions="4" time="0.044618"/>
      </testsuite>
      <testsuite name="Tests\Unit\Playground\Lead\Resource\Http\Requests\Opportunity\CreateRequestTest" file="/app/tests/Unit/Http/Requests/Opportunity/CreateRequestTest.php" tests="1" assertions="1" errors="0" failures="0" skipped="0" time="0.067545">
        <testcase name="test_request_instance" file="/app/vendor/gammamatrix/playground-test/src/Unit/Http/Requests/RequestCase.php" line="41" class="Tests\Unit\Playground\Lead\Resource\Http\Requests\Opportunity\CreateRequestTest" classname="Tests.Unit.Playground.Lead.Resource.Http.Requests.Opportunity.CreateRequestTest" assertions="1" time="0.067545"/>
      </testsuite>
      <testsuite name="Tests\Unit\Playground\Lead\Resource\Http\Requests\Opportunity\DestroyRequestTest" file="/app/tests/Unit/Http/Requests/Opportunity/DestroyRequestTest.php" tests="1" assertions="1" errors="0" failures="0" skipped="0" time="0.047997">
        <testcase name="test_request_instance" file="/app/vendor/gammamatrix/playground-test/src/Unit/Http/Requests/RequestCase.php" line="41" class="Tests\Unit\Playground\Lead\Resource\Http\Requests\Opportunity\DestroyRequestTest" classname="Tests.Unit.Playground.Lead.Resource.Http.Requests.Opportunity.DestroyRequestTest" assertions="1" time="0.047997"/>
      </testsuite>
      <testsuite name="Tests\Unit\Playground\Lead\Resource\Http\Requests\Opportunity\EditRequestTest" file="/app/tests/Unit/Http/Requests/Opportunity/EditRequestTest.php" tests="1" assertions="1" errors="0" failures="0" skipped="0" time="0.073670">
        <testcase name="test_request_instance" file="/app/vendor/gammamatrix/playground-test/src/Unit/Http/Requests/RequestCase.php" line="41" class="Tests\Unit\Playground\Lead\Resource\Http\Requests\Opportunity\EditRequestTest" classname="Tests.Unit.Playground.Lead.Resource.Http.Requests.Opportunity.EditRequestTest" assertions="1" time="0.073670"/>
      </testsuite>
      <testsuite name="Tests\Unit\Playground\Lead\Resource\Http\Requests\Opportunity\IndexRequestTest" file="/app/tests/Unit/Http/Requests/Opportunity/IndexRequestTest.php" tests="1" assertions="1" errors="0" failures="0" skipped="0" time="0.128812">
        <testcase name="test_request_instance" file="/app/vendor/gammamatrix/playground-test/src/Unit/Http/Requests/RequestCase.php" line="41" class="Tests\Unit\Playground\Lead\Resource\Http\Requests\Opportunity\IndexRequestTest" classname="Tests.Unit.Playground.Lead.Resource.Http.Requests.Opportunity.IndexRequestTest" assertions="1" time="0.128812"/>
      </testsuite>
      <testsuite name="Tests\Unit\Playground\Lead\Resource\Http\Requests\Opportunity\LockRequestTest" file="/app/tests/Unit/Http/Requests/Opportunity/LockRequestTest.php" tests="1" assertions="1" errors="0" failures="0" skipped="0" time="0.049207">
        <testcase name="test_request_instance" file="/app/vendor/gammamatrix/playground-test/src/Unit/Http/Requests/RequestCase.php" line="41" class="Tests\Unit\Playground\Lead\Resource\Http\Requests\Opportunity\LockRequestTest" classname="Tests.Unit.Playground.Lead.Resource.Http.Requests.Opportunity.LockRequestTest" assertions="1" time="0.049207"/>
      </testsuite>
      <testsuite name="Tests\Unit\Playground\Lead\Resource\Http\Requests\Opportunity\RestoreRequestTest" file="/app/tests/Unit/Http/Requests/Opportunity/RestoreRequestTest.php" tests="1" assertions="1" errors="0" failures="0" skipped="0" time="0.049357">
        <testcase name="test_request_instance" file="/app/vendor/gammamatrix/playground-test/src/Unit/Http/Requests/RequestCase.php" line="41" class="Tests\Unit\Playground\Lead\Resource\Http\Requests\Opportunity\RestoreRequestTest" classname="Tests.Unit.Playground.Lead.Resource.Http.Requests.Opportunity.RestoreRequestTest" assertions="1" time="0.049357"/>
      </testsuite>
      <testsuite name="Tests\Unit\Playground\Lead\Resource\Http\Requests\Opportunity\ShowRequestTest" file="/app/tests/Unit/Http/Requests/Opportunity/ShowRequestTest.php" tests="1" assertions="1" errors="0" failures="0" skipped="0" time="0.054656">
        <testcase name="test_request_instance" file="/app/vendor/gammamatrix/playground-test/src/Unit/Http/Requests/RequestCase.php" line="41" class="Tests\Unit\Playground\Lead\Resource\Http\Requests\Opportunity\ShowRequestTest" classname="Tests.Unit.Playground.Lead.Resource.Http.Requests.Opportunity.ShowRequestTest" assertions="1" time="0.054656"/>
      </testsuite>
      <testsuite name="Tests\Unit\Playground\Lead\Resource\Http\Requests\Opportunity\StoreRequestTest" file="/app/tests/Unit/Http/Requests/Opportunity/StoreRequestTest.php" tests="3" assertions="8" errors="0" failures="0" skipped="0" time="0.159175">
        <testcase name="test_request_instance" file="/app/vendor/gammamatrix/playground-test/src/Unit/Http/Requests/RequestCase.php" line="41" class="Tests\Unit\Playground\Lead\Resource\Http\Requests\Opportunity\StoreRequestTest" classname="Tests.Unit.Playground.Lead.Resource.Http.Requests.Opportunity.StoreRequestTest" assertions="1" time="0.070896"/>
        <testcase name="test_StoreRequest_rules_with_optional_revisions_disabled" file="/app/tests/Unit/Http/Requests/Opportunity/StoreRequestTest.php" line="19" class="Tests\Unit\Playground\Lead\Resource\Http\Requests\Opportunity\StoreRequestTest" classname="Tests.Unit.Playground.Lead.Resource.Http.Requests.Opportunity.StoreRequestTest" assertions="3" time="0.045179"/>
        <testcase name="test_StoreRequest_rules_with_optional_revisions_enabled" file="/app/tests/Unit/Http/Requests/Opportunity/StoreRequestTest.php" line="29" class="Tests\Unit\Playground\Lead\Resource\Http\Requests\Opportunity\StoreRequestTest" classname="Tests.Unit.Playground.Lead.Resource.Http.Requests.Opportunity.StoreRequestTest" assertions="4" time="0.043100"/>
      </testsuite>
      <testsuite name="Tests\Unit\Playground\Lead\Resource\Http\Requests\Opportunity\UnlockRequestTest" file="/app/tests/Unit/Http/Requests/Opportunity/UnlockRequestTest.php" tests="1" assertions="1" errors="0" failures="0" skipped="0" time="0.046385">
        <testcase name="test_request_instance" file="/app/vendor/gammamatrix/playground-test/src/Unit/Http/Requests/RequestCase.php" line="41" class="Tests\Unit\Playground\Lead\Resource\Http\Requests\Opportunity\UnlockRequestTest" classname="Tests.Unit.Playground.Lead.Resource.Http.Requests.Opportunity.UnlockRequestTest" assertions="1" time="0.046385"/>
      </testsuite>
      <testsuite name="Tests\Unit\Playground\Lead\Resource\Http\Requests\Opportunity\UpdateRequestTest" file="/app/tests/Unit/Http/Requests/Opportunity/UpdateRequestTest.php" tests="3" assertions="8" errors="0" failures="0" skipped="0" time="0.156353">
        <testcase name="test_request_instance" file="/app/vendor/gammamatrix/playground-test/src/Unit/Http/Requests/RequestCase.php" line="41" class="Tests\Unit\Playground\Lead\Resource\Http\Requests\Opportunity\UpdateRequestTest" classname="Tests.Unit.Playground.Lead.Resource.Http.Requests.Opportunity.UpdateRequestTest" assertions="1" time="0.068510"/>
        <testcase name="test_UpdateRequest_rules_with_optional_revisions_disabled" file="/app/tests/Unit/Http/Requests/Opportunity/UpdateRequestTest.php" line="19" class="Tests\Unit\Playground\Lead\Resource\Http\Requests\Opportunity\UpdateRequestTest" classname="Tests.Unit.Playground.Lead.Resource.Http.Requests.Opportunity.UpdateRequestTest" assertions="3" time="0.043734"/>
        <testcase name="test_UpdateRequest_rules_with_optional_revisions_enabled" file="/app/tests/Unit/Http/Requests/Opportunity/UpdateRequestTest.php" line="29" class="Tests\Unit\Playground\Lead\Resource\Http\Requests\Opportunity\UpdateRequestTest" classname="Tests.Unit.Playground.Lead.Resource.Http.Requests.Opportunity.UpdateRequestTest" assertions="4" time="0.044109"/>
      </testsuite>
      <testsuite name="Tests\Unit\Playground\Lead\Resource\Http\Requests\Plan\CreateRequestTest" file="/app/tests/Unit/Http/Requests/Plan/CreateRequestTest.php" tests="1" assertions="1" errors="0" failures="0" skipped="0" time="0.067386">
        <testcase name="test_request_instance" file="/app/vendor/gammamatrix/playground-test/src/Unit/Http/Requests/RequestCase.php" line="41" class="Tests\Unit\Playground\Lead\Resource\Http\Requests\Plan\CreateRequestTest" classname="Tests.Unit.Playground.Lead.Resource.Http.Requests.Plan.CreateRequestTest" assertions="1" time="0.067386"/>
      </testsuite>
      <testsuite name="Tests\Unit\Playground\Lead\Resource\Http\Requests\Plan\DestroyRequestTest" file="/app/tests/Unit/Http/Requests/Plan/DestroyRequestTest.php" tests="1" assertions="1" errors="0" failures="0" skipped="0" time="0.047706">
        <testcase name="test_request_instance" file="/app/vendor/gammamatrix/playground-test/src/Unit/Http/Requests/RequestCase.php" line="41" class="Tests\Unit\Playground\Lead\Resource\Http\Requests\Plan\DestroyRequestTest" classname="Tests.Unit.Playground.Lead.Resource.Http.Requests.Plan.DestroyRequestTest" assertions="1" time="0.047706"/>
      </testsuite>
      <testsuite name="Tests\Unit\Playground\Lead\Resource\Http\Requests\Plan\EditRequestTest" file="/app/tests/Unit/Http/Requests/Plan/EditRequestTest.php" tests="1" assertions="1" errors="0" failures="0" skipped="0" time="0.073474">
        <testcase name="test_request_instance" file="/app/vendor/gammamatrix/playground-test/src/Unit/Http/Requests/RequestCase.php" line="41" class="Tests\Unit\Playground\Lead\Resource\Http\Requests\Plan\EditRequestTest" classname="Tests.Unit.Playground.Lead.Resource.Http.Requests.Plan.EditRequestTest" assertions="1" time="0.073474"/>
      </testsuite>
      <testsuite name="Tests\Unit\Playground\Lead\Resource\Http\Requests\Plan\IndexRequestTest" file="/app/tests/Unit/Http/Requests/Plan/IndexRequestTest.php" tests="1" assertions="1" errors="0" failures="0" skipped="0" time="0.130991">
        <testcase name="test_request_instance" file="/app/vendor/gammamatrix/playground-test/src/Unit/Http/Requests/RequestCase.php" line="41" class="Tests\Unit\Playground\Lead\Resource\Http\Requests\Plan\IndexRequestTest" classname="Tests.Unit.Playground.Lead.Resource.Http.Requests.Plan.IndexRequestTest" assertions="1" time="0.130991"/>
      </testsuite>
      <testsuite name="Tests\Unit\Playground\Lead\Resource\Http\Requests\Plan\LockRequestTest" file="/app/tests/Unit/Http/Requests/Plan/LockRequestTest.php" tests="1" assertions="1" errors="0" failures="0" skipped="0" time="0.047776">
        <testcase name="test_request_instance" file="/app/vendor/gammamatrix/playground-test/src/Unit/Http/Requests/RequestCase.php" line="41" class="Tests\Unit\Playground\Lead\Resource\Http\Requests\Plan\LockRequestTest" classname="Tests.Unit.Playground.Lead.Resource.Http.Requests.Plan.LockRequestTest" assertions="1" time="0.047776"/>
      </testsuite>
      <testsuite name="Tests\Unit\Playground\Lead\Resource\Http\Requests\Plan\RestoreRequestTest" file="/app/tests/Unit/Http/Requests/Plan/RestoreRequestTest.php" tests="1" assertions="1" errors="0" failures="0" skipped="0" time="0.047008">
        <testcase name="test_request_instance" file="/app/vendor/gammamatrix/playground-test/src/Unit/Http/Requests/RequestCase.php" line="41" class="Tests\Unit\Playground\Lead\Resource\Http\Requests\Plan\RestoreRequestTest" classname="Tests.Unit.Playground.Lead.Resource.Http.Requests.Plan.RestoreRequestTest" assertions="1" time="0.047008"/>
      </testsuite>
      <testsuite name="Tests\Unit\Playground\Lead\Resource\Http\Requests\Plan\ShowRequestTest" file="/app/tests/Unit/Http/Requests/Plan/ShowRequestTest.php" tests="1" assertions="1" errors="0" failures="0" skipped="0" time="0.045861">
        <testcase name="test_request_instance" file="/app/vendor/gammamatrix/playground-test/src/Unit/Http/Requests/RequestCase.php" line="41" class="Tests\Unit\Playground\Lead\Resource\Http\Requests\Plan\ShowRequestTest" classname="Tests.Unit.Playground.Lead.Resource.Http.Requests.Plan.ShowRequestTest" assertions="1" time="0.045861"/>
      </testsuite>
      <testsuite name="Tests\Unit\Playground\Lead\Resource\Http\Requests\Plan\StoreRequestTest" file="/app/tests/Unit/Http/Requests/Plan/StoreRequestTest.php" tests="3" assertions="8" errors="0" failures="0" skipped="0" time="0.158572">
        <testcase name="test_request_instance" file="/app/vendor/gammamatrix/playground-test/src/Unit/Http/Requests/RequestCase.php" line="41" class="Tests\Unit\Playground\Lead\Resource\Http\Requests\Plan\StoreRequestTest" classname="Tests.Unit.Playground.Lead.Resource.Http.Requests.Plan.StoreRequestTest" assertions="1" time="0.070219"/>
        <testcase name="test_StoreRequest_rules_with_optional_revisions_disabled" file="/app/tests/Unit/Http/Requests/Plan/StoreRequestTest.php" line="19" class="Tests\Unit\Playground\Lead\Resource\Http\Requests\Plan\StoreRequestTest" classname="Tests.Unit.Playground.Lead.Resource.Http.Requests.Plan.StoreRequestTest" assertions="3" time="0.044108"/>
        <testcase name="test_StoreRequest_rules_with_optional_revisions_enabled" file="/app/tests/Unit/Http/Requests/Plan/StoreRequestTest.php" line="29" class="Tests\Unit\Playground\Lead\Resource\Http\Requests\Plan\StoreRequestTest" classname="Tests.Unit.Playground.Lead.Resource.Http.Requests.Plan.StoreRequestTest" assertions="4" time="0.044246"/>
      </testsuite>
      <testsuite name="Tests\Unit\Playground\Lead\Resource\Http\Requests\Plan\UnlockRequestTest" file="/app/tests/Unit/Http/Requests/Plan/UnlockRequestTest.php" tests="1" assertions="1" errors="0" failures="0" skipped="0" time="0.046172">
        <testcase name="test_request_instance" file="/app/vendor/gammamatrix/playground-test/src/Unit/Http/Requests/RequestCase.php" line="41" class="Tests\Unit\Playground\Lead\Resource\Http\Requests\Plan\UnlockRequestTest" classname="Tests.Unit.Playground.Lead.Resource.Http.Requests.Plan.UnlockRequestTest" assertions="1" time="0.046172"/>
      </testsuite>
      <testsuite name="Tests\Unit\Playground\Lead\Resource\Http\Requests\Plan\UpdateRequestTest" file="/app/tests/Unit/Http/Requests/Plan/UpdateRequestTest.php" tests="3" assertions="8" errors="0" failures="0" skipped="0" time="0.156458">
        <testcase name="test_request_instance" file="/app/vendor/gammamatrix/playground-test/src/Unit/Http/Requests/RequestCase.php" line="41" class="Tests\Unit\Playground\Lead\Resource\Http\Requests\Plan\UpdateRequestTest" classname="Tests.Unit.Playground.Lead.Resource.Http.Requests.Plan.UpdateRequestTest" assertions="1" time="0.071003"/>
        <testcase name="test_UpdateRequest_rules_with_optional_revisions_disabled" file="/app/tests/Unit/Http/Requests/Plan/UpdateRequestTest.php" line="19" class="Tests\Unit\Playground\Lead\Resource\Http\Requests\Plan\UpdateRequestTest" classname="Tests.Unit.Playground.Lead.Resource.Http.Requests.Plan.UpdateRequestTest" assertions="3" time="0.043375"/>
        <testcase name="test_UpdateRequest_rules_with_optional_revisions_enabled" file="/app/tests/Unit/Http/Requests/Plan/UpdateRequestTest.php" line="29" class="Tests\Unit\Playground\Lead\Resource\Http\Requests\Plan\UpdateRequestTest" classname="Tests.Unit.Playground.Lead.Resource.Http.Requests.Plan.UpdateRequestTest" assertions="4" time="0.042080"/>
      </testsuite>
      <testsuite name="Tests\Unit\Playground\Lead\Resource\Http\Requests\Region\CreateRequestTest" file="/app/tests/Unit/Http/Requests/Region/CreateRequestTest.php" tests="1" assertions="1" errors="0" failures="0" skipped="0" time="0.065305">
        <testcase name="test_request_instance" file="/app/vendor/gammamatrix/playground-test/src/Unit/Http/Requests/RequestCase.php" line="41" class="Tests\Unit\Playground\Lead\Resource\Http\Requests\Region\CreateRequestTest" classname="Tests.Unit.Playground.Lead.Resource.Http.Requests.Region.CreateRequestTest" assertions="1" time="0.065305"/>
      </testsuite>
      <testsuite name="Tests\Unit\Playground\Lead\Resource\Http\Requests\Region\DestroyRequestTest" file="/app/tests/Unit/Http/Requests/Region/DestroyRequestTest.php" tests="1" assertions="1" errors="0" failures="0" skipped="0" time="0.045660">
        <testcase name="test_request_instance" file="/app/vendor/gammamatrix/playground-test/src/Unit/Http/Requests/RequestCase.php" line="41" class="Tests\Unit\Playground\Lead\Resource\Http\Requests\Region\DestroyRequestTest" classname="Tests.Unit.Playground.Lead.Resource.Http.Requests.Region.DestroyRequestTest" assertions="1" time="0.045660"/>
      </testsuite>
      <testsuite name="Tests\Unit\Playground\Lead\Resource\Http\Requests\Region\EditRequestTest" file="/app/tests/Unit/Http/Requests/Region/EditRequestTest.php" tests="1" assertions="1" errors="0" failures="0" skipped="0" time="0.072245">
        <testcase name="test_request_instance" file="/app/vendor/gammamatrix/playground-test/src/Unit/Http/Requests/RequestCase.php" line="41" class="Tests\Unit\Playground\Lead\Resource\Http\Requests\Region\EditRequestTest" classname="Tests.Unit.Playground.Lead.Resource.Http.Requests.Region.EditRequestTest" assertions="1" time="0.072245"/>
      </testsuite>
      <testsuite name="Tests\Unit\Playground\Lead\Resource\Http\Requests\Region\IndexRequestTest" file="/app/tests/Unit/Http/Requests/Region/IndexRequestTest.php" tests="1" assertions="1" errors="0" failures="0" skipped="0" time="0.134318">
        <testcase name="test_request_instance" file="/app/vendor/gammamatrix/playground-test/src/Unit/Http/Requests/RequestCase.php" line="41" class="Tests\Unit\Playground\Lead\Resource\Http\Requests\Region\IndexRequestTest" classname="Tests.Unit.Playground.Lead.Resource.Http.Requests.Region.IndexRequestTest" assertions="1" time="0.134318"/>
      </testsuite>
      <testsuite name="Tests\Unit\Playground\Lead\Resource\Http\Requests\Region\LockRequestTest" file="/app/tests/Unit/Http/Requests/Region/LockRequestTest.php" tests="1" assertions="1" errors="0" failures="0" skipped="0" time="0.048505">
        <testcase name="test_request_instance" file="/app/vendor/gammamatrix/playground-test/src/Unit/Http/Requests/RequestCase.php" line="41" class="Tests\Unit\Playground\Lead\Resource\Http\Requests\Region\LockRequestTest" classname="Tests.Unit.Playground.Lead.Resource.Http.Requests.Region.LockRequestTest" assertions="1" time="0.048505"/>
      </testsuite>
      <testsuite name="Tests\Unit\Playground\Lead\Resource\Http\Requests\Region\RestoreRequestTest" file="/app/tests/Unit/Http/Requests/Region/RestoreRequestTest.php" tests="1" assertions="1" errors="0" failures="0" skipped="0" time="0.046726">
        <testcase name="test_request_instance" file="/app/vendor/gammamatrix/playground-test/src/Unit/Http/Requests/RequestCase.php" line="41" class="Tests\Unit\Playground\Lead\Resource\Http\Requests\Region\RestoreRequestTest" classname="Tests.Unit.Playground.Lead.Resource.Http.Requests.Region.RestoreRequestTest" assertions="1" time="0.046726"/>
      </testsuite>
      <testsuite name="Tests\Unit\Playground\Lead\Resource\Http\Requests\Region\ShowRequestTest" file="/app/tests/Unit/Http/Requests/Region/ShowRequestTest.php" tests="1" assertions="1" errors="0" failures="0" skipped="0" time="0.045924">
        <testcase name="test_request_instance" file="/app/vendor/gammamatrix/playground-test/src/Unit/Http/Requests/RequestCase.php" line="41" class="Tests\Unit\Playground\Lead\Resource\Http\Requests\Region\ShowRequestTest" classname="Tests.Unit.Playground.Lead.Resource.Http.Requests.Region.ShowRequestTest" assertions="1" time="0.045924"/>
      </testsuite>
      <testsuite name="Tests\Unit\Playground\Lead\Resource\Http\Requests\Region\StoreRequestTest" file="/app/tests/Unit/Http/Requests/Region/StoreRequestTest.php" tests="3" assertions="8" errors="0" failures="0" skipped="0" time="0.161215">
        <testcase name="test_request_instance" file="/app/vendor/gammamatrix/playground-test/src/Unit/Http/Requests/RequestCase.php" line="41" class="Tests\Unit\Playground\Lead\Resource\Http\Requests\Region\StoreRequestTest" classname="Tests.Unit.Playground.Lead.Resource.Http.Requests.Region.StoreRequestTest" assertions="1" time="0.070595"/>
        <testcase name="test_StoreRequest_rules_with_optional_revisions_disabled" file="/app/tests/Unit/Http/Requests/Region/StoreRequestTest.php" line="19" class="Tests\Unit\Playground\Lead\Resource\Http\Requests\Region\StoreRequestTest" classname="Tests.Unit.Playground.Lead.Resource.Http.Requests.Region.StoreRequestTest" assertions="3" time="0.045687"/>
        <testcase name="test_StoreRequest_rules_with_optional_revisions_enabled" file="/app/tests/Unit/Http/Requests/Region/StoreRequestTest.php" line="29" class="Tests\Unit\Playground\Lead\Resource\Http\Requests\Region\StoreRequestTest" classname="Tests.Unit.Playground.Lead.Resource.Http.Requests.Region.StoreRequestTest" assertions="4" time="0.044933"/>
      </testsuite>
      <testsuite name="Tests\Unit\Playground\Lead\Resource\Http\Requests\Region\UnlockRequestTest" file="/app/tests/Unit/Http/Requests/Region/UnlockRequestTest.php" tests="1" assertions="1" errors="0" failures="0" skipped="0" time="0.046036">
        <testcase name="test_request_instance" file="/app/vendor/gammamatrix/playground-test/src/Unit/Http/Requests/RequestCase.php" line="41" class="Tests\Unit\Playground\Lead\Resource\Http\Requests\Region\UnlockRequestTest" classname="Tests.Unit.Playground.Lead.Resource.Http.Requests.Region.UnlockRequestTest" assertions="1" time="0.046036"/>
      </testsuite>
      <testsuite name="Tests\Unit\Playground\Lead\Resource\Http\Requests\Region\UpdateRequestTest" file="/app/tests/Unit/Http/Requests/Region/UpdateRequestTest.php" tests="3" assertions="8" errors="0" failures="0" skipped="0" time="0.159076">
        <testcase name="test_request_instance" file="/app/vendor/gammamatrix/playground-test/src/Unit/Http/Requests/RequestCase.php" line="41" class="Tests\Unit\Playground\Lead\Resource\Http\Requests\Region\UpdateRequestTest" classname="Tests.Unit.Playground.Lead.Resource.Http.Requests.Region.UpdateRequestTest" assertions="1" time="0.070042"/>
        <testcase name="test_UpdateRequest_rules_with_optional_revisions_disabled" file="/app/tests/Unit/Http/Requests/Region/UpdateRequestTest.php" line="19" class="Tests\Unit\Playground\Lead\Resource\Http\Requests\Region\UpdateRequestTest" classname="Tests.Unit.Playground.Lead.Resource.Http.Requests.Region.UpdateRequestTest" assertions="3" time="0.044300"/>
        <testcase name="test_UpdateRequest_rules_with_optional_revisions_enabled" file="/app/tests/Unit/Http/Requests/Region/UpdateRequestTest.php" line="29" class="Tests\Unit\Playground\Lead\Resource\Http\Requests\Region\UpdateRequestTest" classname="Tests.Unit.Playground.Lead.Resource.Http.Requests.Region.UpdateRequestTest" assertions="4" time="0.044735"/>
      </testsuite>
      <testsuite name="Tests\Unit\Playground\Lead\Resource\Http\Requests\Report\CreateRequestTest" file="/app/tests/Unit/Http/Requests/Report/CreateRequestTest.php" tests="1" assertions="1" errors="0" failures="0" skipped="0" time="0.065960">
        <testcase name="test_request_instance" file="/app/vendor/gammamatrix/playground-test/src/Unit/Http/Requests/RequestCase.php" line="41" class="Tests\Unit\Playground\Lead\Resource\Http\Requests\Report\CreateRequestTest" classname="Tests.Unit.Playground.Lead.Resource.Http.Requests.Report.CreateRequestTest" assertions="1" time="0.065960"/>
      </testsuite>
      <testsuite name="Tests\Unit\Playground\Lead\Resource\Http\Requests\Report\DestroyRequestTest" file="/app/tests/Unit/Http/Requests/Report/DestroyRequestTest.php" tests="1" assertions="1" errors="0" failures="0" skipped="0" time="0.045555">
        <testcase name="test_request_instance" file="/app/vendor/gammamatrix/playground-test/src/Unit/Http/Requests/RequestCase.php" line="41" class="Tests\Unit\Playground\Lead\Resource\Http\Requests\Report\DestroyRequestTest" classname="Tests.Unit.Playground.Lead.Resource.Http.Requests.Report.DestroyRequestTest" assertions="1" time="0.045555"/>
      </testsuite>
      <testsuite name="Tests\Unit\Playground\Lead\Resource\Http\Requests\Report\EditRequestTest" file="/app/tests/Unit/Http/Requests/Report/EditRequestTest.php" tests="1" assertions="1" errors="0" failures="0" skipped="0" time="0.071990">
        <testcase name="test_request_instance" file="/app/vendor/gammamatrix/playground-test/src/Unit/Http/Requests/RequestCase.php" line="41" class="Tests\Unit\Playground\Lead\Resource\Http\Requests\Report\EditRequestTest" classname="Tests.Unit.Playground.Lead.Resource.Http.Requests.Report.EditRequestTest" assertions="1" time="0.071990"/>
      </testsuite>
      <testsuite name="Tests\Unit\Playground\Lead\Resource\Http\Requests\Report\IndexRequestTest" file="/app/tests/Unit/Http/Requests/Report/IndexRequestTest.php" tests="1" assertions="1" errors="0" failures="0" skipped="0" time="0.132101">
        <testcase name="test_request_instance" file="/app/vendor/gammamatrix/playground-test/src/Unit/Http/Requests/RequestCase.php" line="41" class="Tests\Unit\Playground\Lead\Resource\Http\Requests\Report\IndexRequestTest" classname="Tests.Unit.Playground.Lead.Resource.Http.Requests.Report.IndexRequestTest" assertions="1" time="0.132101"/>
      </testsuite>
      <testsuite name="Tests\Unit\Playground\Lead\Resource\Http\Requests\Report\LockRequestTest" file="/app/tests/Unit/Http/Requests/Report/LockRequestTest.php" tests="1" assertions="1" errors="0" failures="0" skipped="0" time="0.047540">
        <testcase name="test_request_instance" file="/app/vendor/gammamatrix/playground-test/src/Unit/Http/Requests/RequestCase.php" line="41" class="Tests\Unit\Playground\Lead\Resource\Http\Requests\Report\LockRequestTest" classname="Tests.Unit.Playground.Lead.Resource.Http.Requests.Report.LockRequestTest" assertions="1" time="0.047540"/>
      </testsuite>
      <testsuite name="Tests\Unit\Playground\Lead\Resource\Http\Requests\Report\RestoreRequestTest" file="/app/tests/Unit/Http/Requests/Report/RestoreRequestTest.php" tests="1" assertions="1" errors="0" failures="0" skipped="0" time="0.045679">
        <testcase name="test_request_instance" file="/app/vendor/gammamatrix/playground-test/src/Unit/Http/Requests/RequestCase.php" line="41" class="Tests\Unit\Playground\Lead\Resource\Http\Requests\Report\RestoreRequestTest" classname="Tests.Unit.Playground.Lead.Resource.Http.Requests.Report.RestoreRequestTest" assertions="1" time="0.045679"/>
      </testsuite>
      <testsuite name="Tests\Unit\Playground\Lead\Resource\Http\Requests\Report\ShowRequestTest" file="/app/tests/Unit/Http/Requests/Report/ShowRequestTest.php" tests="1" assertions="1" errors="0" failures="0" skipped="0" time="0.046195">
        <testcase name="test_request_instance" file="/app/vendor/gammamatrix/playground-test/src/Unit/Http/Requests/RequestCase.php" line="41" class="Tests\Unit\Playground\Lead\Resource\Http\Requests\Report\ShowRequestTest" classname="Tests.Unit.Playground.Lead.Resource.Http.Requests.Report.ShowRequestTest" assertions="1" time="0.046195"/>
      </testsuite>
      <testsuite name="Tests\Unit\Playground\Lead\Resource\Http\Requests\Report\StoreRequestTest" file="/app/tests/Unit/Http/Requests/Report/StoreRequestTest.php" tests="3" assertions="8" errors="0" failures="0" skipped="0" time="0.156846">
        <testcase name="test_request_instance" file="/app/vendor/gammamatrix/playground-test/src/Unit/Http/Requests/RequestCase.php" line="41" class="Tests\Unit\Playground\Lead\Resource\Http\Requests\Report\StoreRequestTest" classname="Tests.Unit.Playground.Lead.Resource.Http.Requests.Report.StoreRequestTest" assertions="1" time="0.071200"/>
        <testcase name="test_StoreRequest_rules_with_optional_revisions_disabled" file="/app/tests/Unit/Http/Requests/Report/StoreRequestTest.php" line="19" class="Tests\Unit\Playground\Lead\Resource\Http\Requests\Report\StoreRequestTest" classname="Tests.Unit.Playground.Lead.Resource.Http.Requests.Report.StoreRequestTest" assertions="3" time="0.042925"/>
        <testcase name="test_StoreRequest_rules_with_optional_revisions_enabled" file="/app/tests/Unit/Http/Requests/Report/StoreRequestTest.php" line="29" class="Tests\Unit\Playground\Lead\Resource\Http\Requests\Report\StoreRequestTest" classname="Tests.Unit.Playground.Lead.Resource.Http.Requests.Report.StoreRequestTest" assertions="4" time="0.042721"/>
      </testsuite>
      <testsuite name="Tests\Unit\Playground\Lead\Resource\Http\Requests\Report\UnlockRequestTest" file="/app/tests/Unit/Http/Requests/Report/UnlockRequestTest.php" tests="1" assertions="1" errors="0" failures="0" skipped="0" time="0.045095">
        <testcase name="test_request_instance" file="/app/vendor/gammamatrix/playground-test/src/Unit/Http/Requests/RequestCase.php" line="41" class="Tests\Unit\Playground\Lead\Resource\Http\Requests\Report\UnlockRequestTest" classname="Tests.Unit.Playground.Lead.Resource.Http.Requests.Report.UnlockRequestTest" assertions="1" time="0.045095"/>
      </testsuite>
      <testsuite name="Tests\Unit\Playground\Lead\Resource\Http\Requests\Report\UpdateRequestTest" file="/app/tests/Unit/Http/Requests/Report/UpdateRequestTest.php" tests="3" assertions="8" errors="0" failures="0" skipped="0" time="0.159336">
        <testcase name="test_request_instance" file="/app/vendor/gammamatrix/playground-test/src/Unit/Http/Requests/RequestCase.php" line="41" class="Tests\Unit\Playground\Lead\Resource\Http\Requests\Report\UpdateRequestTest" classname="Tests.Unit.Playground.Lead.Resource.Http.Requests.Report.UpdateRequestTest" assertions="1" time="0.072039"/>
        <testcase name="test_UpdateRequest_rules_with_optional_revisions_disabled" file="/app/tests/Unit/Http/Requests/Report/UpdateRequestTest.php" line="19" class="Tests\Unit\Playground\Lead\Resource\Http\Requests\Report\UpdateRequestTest" classname="Tests.Unit.Playground.Lead.Resource.Http.Requests.Report.UpdateRequestTest" assertions="3" time="0.043196"/>
        <testcase name="test_UpdateRequest_rules_with_optional_revisions_enabled" file="/app/tests/Unit/Http/Requests/Report/UpdateRequestTest.php" line="29" class="Tests\Unit\Playground\Lead\Resource\Http\Requests\Report\UpdateRequestTest" classname="Tests.Unit.Playground.Lead.Resource.Http.Requests.Report.UpdateRequestTest" assertions="4" time="0.044101"/>
      </testsuite>
      <testsuite name="Tests\Unit\Playground\Lead\Resource\Http\Requests\Source\CreateRequestTest" file="/app/tests/Unit/Http/Requests/Source/CreateRequestTest.php" tests="1" assertions="1" errors="0" failures="0" skipped="0" time="0.064513">
        <testcase name="test_request_instance" file="/app/vendor/gammamatrix/playground-test/src/Unit/Http/Requests/RequestCase.php" line="41" class="Tests\Unit\Playground\Lead\Resource\Http\Requests\Source\CreateRequestTest" classname="Tests.Unit.Playground.Lead.Resource.Http.Requests.Source.CreateRequestTest" assertions="1" time="0.064513"/>
      </testsuite>
      <testsuite name="Tests\Unit\Playground\Lead\Resource\Http\Requests\Source\DestroyRequestTest" file="/app/tests/Unit/Http/Requests/Source/DestroyRequestTest.php" tests="1" assertions="1" errors="0" failures="0" skipped="0" time="0.045346">
        <testcase name="test_request_instance" file="/app/vendor/gammamatrix/playground-test/src/Unit/Http/Requests/RequestCase.php" line="41" class="Tests\Unit\Playground\Lead\Resource\Http\Requests\Source\DestroyRequestTest" classname="Tests.Unit.Playground.Lead.Resource.Http.Requests.Source.DestroyRequestTest" assertions="1" time="0.045346"/>
      </testsuite>
      <testsuite name="Tests\Unit\Playground\Lead\Resource\Http\Requests\Source\EditRequestTest" file="/app/tests/Unit/Http/Requests/Source/EditRequestTest.php" tests="1" assertions="1" errors="0" failures="0" skipped="0" time="0.074531">
        <testcase name="test_request_instance" file="/app/vendor/gammamatrix/playground-test/src/Unit/Http/Requests/RequestCase.php" line="41" class="Tests\Unit\Playground\Lead\Resource\Http\Requests\Source\EditRequestTest" classname="Tests.Unit.Playground.Lead.Resource.Http.Requests.Source.EditRequestTest" assertions="1" time="0.074531"/>
      </testsuite>
      <testsuite name="Tests\Unit\Playground\Lead\Resource\Http\Requests\Source\IndexRequestTest" file="/app/tests/Unit/Http/Requests/Source/IndexRequestTest.php" tests="1" assertions="1" errors="0" failures="0" skipped="0" time="0.128164">
        <testcase name="test_request_instance" file="/app/vendor/gammamatrix/playground-test/src/Unit/Http/Requests/RequestCase.php" line="41" class="Tests\Unit\Playground\Lead\Resource\Http\Requests\Source\IndexRequestTest" classname="Tests.Unit.Playground.Lead.Resource.Http.Requests.Source.IndexRequestTest" assertions="1" time="0.128164"/>
      </testsuite>
      <testsuite name="Tests\Unit\Playground\Lead\Resource\Http\Requests\Source\LockRequestTest" file="/app/tests/Unit/Http/Requests/Source/LockRequestTest.php" tests="1" assertions="1" errors="0" failures="0" skipped="0" time="0.045375">
        <testcase name="test_request_instance" file="/app/vendor/gammamatrix/playground-test/src/Unit/Http/Requests/RequestCase.php" line="41" class="Tests\Unit\Playground\Lead\Resource\Http\Requests\Source\LockRequestTest" classname="Tests.Unit.Playground.Lead.Resource.Http.Requests.Source.LockRequestTest" assertions="1" time="0.045375"/>
      </testsuite>
      <testsuite name="Tests\Unit\Playground\Lead\Resource\Http\Requests\Source\RestoreRequestTest" file="/app/tests/Unit/Http/Requests/Source/RestoreRequestTest.php" tests="1" assertions="1" errors="0" failures="0" skipped="0" time="0.044266">
        <testcase name="test_request_instance" file="/app/vendor/gammamatrix/playground-test/src/Unit/Http/Requests/RequestCase.php" line="41" class="Tests\Unit\Playground\Lead\Resource\Http\Requests\Source\RestoreRequestTest" classname="Tests.Unit.Playground.Lead.Resource.Http.Requests.Source.RestoreRequestTest" assertions="1" time="0.044266"/>
      </testsuite>
      <testsuite name="Tests\Unit\Playground\Lead\Resource\Http\Requests\Source\ShowRequestTest" file="/app/tests/Unit/Http/Requests/Source/ShowRequestTest.php" tests="1" assertions="1" errors="0" failures="0" skipped="0" time="0.045830">
        <testcase name="test_request_instance" file="/app/vendor/gammamatrix/playground-test/src/Unit/Http/Requests/RequestCase.php" line="41" class="Tests\Unit\Playground\Lead\Resource\Http\Requests\Source\ShowRequestTest" classname="Tests.Unit.Playground.Lead.Resource.Http.Requests.Source.ShowRequestTest" assertions="1" time="0.045830"/>
      </testsuite>
      <testsuite name="Tests\Unit\Playground\Lead\Resource\Http\Requests\Source\StoreRequestTest" file="/app/tests/Unit/Http/Requests/Source/StoreRequestTest.php" tests="3" assertions="8" errors="0" failures="0" skipped="0" time="0.162724">
        <testcase name="test_request_instance" file="/app/vendor/gammamatrix/playground-test/src/Unit/Http/Requests/RequestCase.php" line="41" class="Tests\Unit\Playground\Lead\Resource\Http\Requests\Source\StoreRequestTest" classname="Tests.Unit.Playground.Lead.Resource.Http.Requests.Source.StoreRequestTest" assertions="1" time="0.071455"/>
        <testcase name="test_StoreRequest_rules_with_optional_revisions_disabled" file="/app/tests/Unit/Http/Requests/Source/StoreRequestTest.php" line="19" class="Tests\Unit\Playground\Lead\Resource\Http\Requests\Source\StoreRequestTest" classname="Tests.Unit.Playground.Lead.Resource.Http.Requests.Source.StoreRequestTest" assertions="3" time="0.046776"/>
        <testcase name="test_StoreRequest_rules_with_optional_revisions_enabled" file="/app/tests/Unit/Http/Requests/Source/StoreRequestTest.php" line="29" class="Tests\Unit\Playground\Lead\Resource\Http\Requests\Source\StoreRequestTest" classname="Tests.Unit.Playground.Lead.Resource.Http.Requests.Source.StoreRequestTest" assertions="4" time="0.044492"/>
      </testsuite>
      <testsuite name="Tests\Unit\Playground\Lead\Resource\Http\Requests\Source\UnlockRequestTest" file="/app/tests/Unit/Http/Requests/Source/UnlockRequestTest.php" tests="1" assertions="1" errors="0" failures="0" skipped="0" time="0.044559">
        <testcase name="test_request_instance" file="/app/vendor/gammamatrix/playground-test/src/Unit/Http/Requests/RequestCase.php" line="41" class="Tests\Unit\Playground\Lead\Resource\Http\Requests\Source\UnlockRequestTest" classname="Tests.Unit.Playground.Lead.Resource.Http.Requests.Source.UnlockRequestTest" assertions="1" time="0.044559"/>
      </testsuite>
      <testsuite name="Tests\Unit\Playground\Lead\Resource\Http\Requests\Source\UpdateRequestTest" file="/app/tests/Unit/Http/Requests/Source/UpdateRequestTest.php" tests="3" assertions="8" errors="0" failures="0" skipped="0" time="0.161065">
        <testcase name="test_request_instance" file="/app/vendor/gammamatrix/playground-test/src/Unit/Http/Requests/RequestCase.php" line="41" class="Tests\Unit\Playground\Lead\Resource\Http\Requests\Source\UpdateRequestTest" classname="Tests.Unit.Playground.Lead.Resource.Http.Requests.Source.UpdateRequestTest" assertions="1" time="0.071130"/>
        <testcase name="test_UpdateRequest_rules_with_optional_revisions_disabled" file="/app/tests/Unit/Http/Requests/Source/UpdateRequestTest.php" line="19" class="Tests\Unit\Playground\Lead\Resource\Http\Requests\Source\UpdateRequestTest" classname="Tests.Unit.Playground.Lead.Resource.Http.Requests.Source.UpdateRequestTest" assertions="3" time="0.045111"/>
        <testcase name="test_UpdateRequest_rules_with_optional_revisions_enabled" file="/app/tests/Unit/Http/Requests/Source/UpdateRequestTest.php" line="29" class="Tests\Unit\Playground\Lead\Resource\Http\Requests\Source\UpdateRequestTest" classname="Tests.Unit.Playground.Lead.Resource.Http.Requests.Source.UpdateRequestTest" assertions="4" time="0.044824"/>
      </testsuite>
      <testsuite name="Tests\Unit\Playground\Lead\Resource\Http\Requests\Task\CreateRequestTest" file="/app/tests/Unit/Http/Requests/Task/CreateRequestTest.php" tests="1" assertions="1" errors="0" failures="0" skipped="0" time="0.066208">
        <testcase name="test_request_instance" file="/app/vendor/gammamatrix/playground-test/src/Unit/Http/Requests/RequestCase.php" line="41" class="Tests\Unit\Playground\Lead\Resource\Http\Requests\Task\CreateRequestTest" classname="Tests.Unit.Playground.Lead.Resource.Http.Requests.Task.CreateRequestTest" assertions="1" time="0.066208"/>
      </testsuite>
      <testsuite name="Tests\Unit\Playground\Lead\Resource\Http\Requests\Task\DestroyRequestTest" file="/app/tests/Unit/Http/Requests/Task/DestroyRequestTest.php" tests="1" assertions="1" errors="0" failures="0" skipped="0" time="0.047479">
        <testcase name="test_request_instance" file="/app/vendor/gammamatrix/playground-test/src/Unit/Http/Requests/RequestCase.php" line="41" class="Tests\Unit\Playground\Lead\Resource\Http\Requests\Task\DestroyRequestTest" classname="Tests.Unit.Playground.Lead.Resource.Http.Requests.Task.DestroyRequestTest" assertions="1" time="0.047479"/>
      </testsuite>
      <testsuite name="Tests\Unit\Playground\Lead\Resource\Http\Requests\Task\EditRequestTest" file="/app/tests/Unit/Http/Requests/Task/EditRequestTest.php" tests="1" assertions="1" errors="0" failures="0" skipped="0" time="0.073412">
        <testcase name="test_request_instance" file="/app/vendor/gammamatrix/playground-test/src/Unit/Http/Requests/RequestCase.php" line="41" class="Tests\Unit\Playground\Lead\Resource\Http\Requests\Task\EditRequestTest" classname="Tests.Unit.Playground.Lead.Resource.Http.Requests.Task.EditRequestTest" assertions="1" time="0.073412"/>
      </testsuite>
      <testsuite name="Tests\Unit\Playground\Lead\Resource\Http\Requests\Task\IndexRequestTest" file="/app/tests/Unit/Http/Requests/Task/IndexRequestTest.php" tests="1" assertions="1" errors="0" failures="0" skipped="0" time="0.133358">
        <testcase name="test_request_instance" file="/app/vendor/gammamatrix/playground-test/src/Unit/Http/Requests/RequestCase.php" line="41" class="Tests\Unit\Playground\Lead\Resource\Http\Requests\Task\IndexRequestTest" classname="Tests.Unit.Playground.Lead.Resource.Http.Requests.Task.IndexRequestTest" assertions="1" time="0.133358"/>
      </testsuite>
      <testsuite name="Tests\Unit\Playground\Lead\Resource\Http\Requests\Task\LockRequestTest" file="/app/tests/Unit/Http/Requests/Task/LockRequestTest.php" tests="1" assertions="1" errors="0" failures="0" skipped="0" time="0.044827">
        <testcase name="test_request_instance" file="/app/vendor/gammamatrix/playground-test/src/Unit/Http/Requests/RequestCase.php" line="41" class="Tests\Unit\Playground\Lead\Resource\Http\Requests\Task\LockRequestTest" classname="Tests.Unit.Playground.Lead.Resource.Http.Requests.Task.LockRequestTest" assertions="1" time="0.044827"/>
      </testsuite>
      <testsuite name="Tests\Unit\Playground\Lead\Resource\Http\Requests\Task\RestoreRequestTest" file="/app/tests/Unit/Http/Requests/Task/RestoreRequestTest.php" tests="1" assertions="1" errors="0" failures="0" skipped="0" time="0.046529">
        <testcase name="test_request_instance" file="/app/vendor/gammamatrix/playground-test/src/Unit/Http/Requests/RequestCase.php" line="41" class="Tests\Unit\Playground\Lead\Resource\Http\Requests\Task\RestoreRequestTest" classname="Tests.Unit.Playground.Lead.Resource.Http.Requests.Task.RestoreRequestTest" assertions="1" time="0.046529"/>
      </testsuite>
      <testsuite name="Tests\Unit\Playground\Lead\Resource\Http\Requests\Task\ShowRequestTest" file="/app/tests/Unit/Http/Requests/Task/ShowRequestTest.php" tests="1" assertions="1" errors="0" failures="0" skipped="0" time="0.049872">
        <testcase name="test_request_instance" file="/app/vendor/gammamatrix/playground-test/src/Unit/Http/Requests/RequestCase.php" line="41" class="Tests\Unit\Playground\Lead\Resource\Http\Requests\Task\ShowRequestTest" classname="Tests.Unit.Playground.Lead.Resource.Http.Requests.Task.ShowRequestTest" assertions="1" time="0.049872"/>
      </testsuite>
      <testsuite name="Tests\Unit\Playground\Lead\Resource\Http\Requests\Task\StoreRequestTest" file="/app/tests/Unit/Http/Requests/Task/StoreRequestTest.php" tests="3" assertions="8" errors="0" failures="0" skipped="0" time="0.160559">
        <testcase name="test_request_instance" file="/app/vendor/gammamatrix/playground-test/src/Unit/Http/Requests/RequestCase.php" line="41" class="Tests\Unit\Playground\Lead\Resource\Http\Requests\Task\StoreRequestTest" classname="Tests.Unit.Playground.Lead.Resource.Http.Requests.Task.StoreRequestTest" assertions="1" time="0.070643"/>
        <testcase name="test_StoreRequest_rules_with_optional_revisions_disabled" file="/app/tests/Unit/Http/Requests/Task/StoreRequestTest.php" line="19" class="Tests\Unit\Playground\Lead\Resource\Http\Requests\Task\StoreRequestTest" classname="Tests.Unit.Playground.Lead.Resource.Http.Requests.Task.StoreRequestTest" assertions="3" time="0.044844"/>
        <testcase name="test_StoreRequest_rules_with_optional_revisions_enabled" file="/app/tests/Unit/Http/Requests/Task/StoreRequestTest.php" line="29" class="Tests\Unit\Playground\Lead\Resource\Http\Requests\Task\StoreRequestTest" classname="Tests.Unit.Playground.Lead.Resource.Http.Requests.Task.StoreRequestTest" assertions="4" time="0.045072"/>
      </testsuite>
      <testsuite name="Tests\Unit\Playground\Lead\Resource\Http\Requests\Task\UnlockRequestTest" file="/app/tests/Unit/Http/Requests/Task/UnlockRequestTest.php" tests="1" assertions="1" errors="0" failures="0" skipped="0" time="0.045958">
        <testcase name="test_request_instance" file="/app/vendor/gammamatrix/playground-test/src/Unit/Http/Requests/RequestCase.php" line="41" class="Tests\Unit\Playground\Lead\Resource\Http\Requests\Task\UnlockRequestTest" classname="Tests.Unit.Playground.Lead.Resource.Http.Requests.Task.UnlockRequestTest" assertions="1" time="0.045958"/>
      </testsuite>
      <testsuite name="Tests\Unit\Playground\Lead\Resource\Http\Requests\Task\UpdateRequestTest" file="/app/tests/Unit/Http/Requests/Task/UpdateRequestTest.php" tests="3" assertions="8" errors="0" failures="0" skipped="0" time="0.162422">
        <testcase name="test_request_instance" file="/app/vendor/gammamatrix/playground-test/src/Unit/Http/Requests/RequestCase.php" line="41" class="Tests\Unit\Playground\Lead\Resource\Http\Requests\Task\UpdateRequestTest" classname="Tests.Unit.Playground.Lead.Resource.Http.Requests.Task.UpdateRequestTest" assertions="1" time="0.071845"/>
        <testcase name="test_UpdateRequest_rules_with_optional_revisions_disabled" file="/app/tests/Unit/Http/Requests/Task/UpdateRequestTest.php" line="19" class="Tests\Unit\Playground\Lead\Resource\Http\Requests\Task\UpdateRequestTest" classname="Tests.Unit.Playground.Lead.Resource.Http.Requests.Task.UpdateRequestTest" assertions="3" time="0.045308"/>
        <testcase name="test_UpdateRequest_rules_with_optional_revisions_enabled" file="/app/tests/Unit/Http/Requests/Task/UpdateRequestTest.php" line="29" class="Tests\Unit\Playground\Lead\Resource\Http\Requests\Task\UpdateRequestTest" classname="Tests.Unit.Playground.Lead.Resource.Http.Requests.Task.UpdateRequestTest" assertions="4" time="0.045269"/>
      </testsuite>
      <testsuite name="Tests\Unit\Playground\Lead\Resource\Http\Requests\Team\CreateRequestTest" file="/app/tests/Unit/Http/Requests/Team/CreateRequestTest.php" tests="1" assertions="1" errors="0" failures="0" skipped="0" time="0.068029">
        <testcase name="test_request_instance" file="/app/vendor/gammamatrix/playground-test/src/Unit/Http/Requests/RequestCase.php" line="41" class="Tests\Unit\Playground\Lead\Resource\Http\Requests\Team\CreateRequestTest" classname="Tests.Unit.Playground.Lead.Resource.Http.Requests.Team.CreateRequestTest" assertions="1" time="0.068029"/>
      </testsuite>
      <testsuite name="Tests\Unit\Playground\Lead\Resource\Http\Requests\Team\DestroyRequestTest" file="/app/tests/Unit/Http/Requests/Team/DestroyRequestTest.php" tests="1" assertions="1" errors="0" failures="0" skipped="0" time="0.046011">
        <testcase name="test_request_instance" file="/app/vendor/gammamatrix/playground-test/src/Unit/Http/Requests/RequestCase.php" line="41" class="Tests\Unit\Playground\Lead\Resource\Http\Requests\Team\DestroyRequestTest" classname="Tests.Unit.Playground.Lead.Resource.Http.Requests.Team.DestroyRequestTest" assertions="1" time="0.046011"/>
      </testsuite>
      <testsuite name="Tests\Unit\Playground\Lead\Resource\Http\Requests\Team\EditRequestTest" file="/app/tests/Unit/Http/Requests/Team/EditRequestTest.php" tests="1" assertions="1" errors="0" failures="0" skipped="0" time="0.073760">
        <testcase name="test_request_instance" file="/app/vendor/gammamatrix/playground-test/src/Unit/Http/Requests/RequestCase.php" line="41" class="Tests\Unit\Playground\Lead\Resource\Http\Requests\Team\EditRequestTest" classname="Tests.Unit.Playground.Lead.Resource.Http.Requests.Team.EditRequestTest" assertions="1" time="0.073760"/>
      </testsuite>
      <testsuite name="Tests\Unit\Playground\Lead\Resource\Http\Requests\Team\IndexRequestTest" file="/app/tests/Unit/Http/Requests/Team/IndexRequestTest.php" tests="1" assertions="1" errors="0" failures="0" skipped="0" time="0.126363">
        <testcase name="test_request_instance" file="/app/vendor/gammamatrix/playground-test/src/Unit/Http/Requests/RequestCase.php" line="41" class="Tests\Unit\Playground\Lead\Resource\Http\Requests\Team\IndexRequestTest" classname="Tests.Unit.Playground.Lead.Resource.Http.Requests.Team.IndexRequestTest" assertions="1" time="0.126363"/>
      </testsuite>
      <testsuite name="Tests\Unit\Playground\Lead\Resource\Http\Requests\Team\LockRequestTest" file="/app/tests/Unit/Http/Requests/Team/LockRequestTest.php" tests="1" assertions="1" errors="0" failures="0" skipped="0" time="0.045656">
        <testcase name="test_request_instance" file="/app/vendor/gammamatrix/playground-test/src/Unit/Http/Requests/RequestCase.php" line="41" class="Tests\Unit\Playground\Lead\Resource\Http\Requests\Team\LockRequestTest" classname="Tests.Unit.Playground.Lead.Resource.Http.Requests.Team.LockRequestTest" assertions="1" time="0.045656"/>
      </testsuite>
      <testsuite name="Tests\Unit\Playground\Lead\Resource\Http\Requests\Team\RestoreRequestTest" file="/app/tests/Unit/Http/Requests/Team/RestoreRequestTest.php" tests="1" assertions="1" errors="0" failures="0" skipped="0" time="0.043724">
        <testcase name="test_request_instance" file="/app/vendor/gammamatrix/playground-test/src/Unit/Http/Requests/RequestCase.php" line="41" class="Tests\Unit\Playground\Lead\Resource\Http\Requests\Team\RestoreRequestTest" classname="Tests.Unit.Playground.Lead.Resource.Http.Requests.Team.RestoreRequestTest" assertions="1" time="0.043724"/>
      </testsuite>
      <testsuite name="Tests\Unit\Playground\Lead\Resource\Http\Requests\Team\ShowRequestTest" file="/app/tests/Unit/Http/Requests/Team/ShowRequestTest.php" tests="1" assertions="1" errors="0" failures="0" skipped="0" time="0.043103">
        <testcase name="test_request_instance" file="/app/vendor/gammamatrix/playground-test/src/Unit/Http/Requests/RequestCase.php" line="41" class="Tests\Unit\Playground\Lead\Resource\Http\Requests\Team\ShowRequestTest" classname="Tests.Unit.Playground.Lead.Resource.Http.Requests.Team.ShowRequestTest" assertions="1" time="0.043103"/>
      </testsuite>
      <testsuite name="Tests\Unit\Playground\Lead\Resource\Http\Requests\Team\StoreRequestTest" file="/app/tests/Unit/Http/Requests/Team/StoreRequestTest.php" tests="3" assertions="8" errors="0" failures="0" skipped="0" time="0.161640">
        <testcase name="test_request_instance" file="/app/vendor/gammamatrix/playground-test/src/Unit/Http/Requests/RequestCase.php" line="41" class="Tests\Unit\Playground\Lead\Resource\Http\Requests\Team\StoreRequestTest" classname="Tests.Unit.Playground.Lead.Resource.Http.Requests.Team.StoreRequestTest" assertions="1" time="0.070946"/>
        <testcase name="test_StoreRequest_rules_with_optional_revisions_disabled" file="/app/tests/Unit/Http/Requests/Team/StoreRequestTest.php" line="19" class="Tests\Unit\Playground\Lead\Resource\Http\Requests\Team\StoreRequestTest" classname="Tests.Unit.Playground.Lead.Resource.Http.Requests.Team.StoreRequestTest" assertions="3" time="0.047479"/>
        <testcase name="test_StoreRequest_rules_with_optional_revisions_enabled" file="/app/tests/Unit/Http/Requests/Team/StoreRequestTest.php" line="29" class="Tests\Unit\Playground\Lead\Resource\Http\Requests\Team\StoreRequestTest" classname="Tests.Unit.Playground.Lead.Resource.Http.Requests.Team.StoreRequestTest" assertions="4" time="0.043215"/>
      </testsuite>
      <testsuite name="Tests\Unit\Playground\Lead\Resource\Http\Requests\Team\UnlockRequestTest" file="/app/tests/Unit/Http/Requests/Team/UnlockRequestTest.php" tests="1" assertions="1" errors="0" failures="0" skipped="0" time="0.046520">
        <testcase name="test_request_instance" file="/app/vendor/gammamatrix/playground-test/src/Unit/Http/Requests/RequestCase.php" line="41" class="Tests\Unit\Playground\Lead\Resource\Http\Requests\Team\UnlockRequestTest" classname="Tests.Unit.Playground.Lead.Resource.Http.Requests.Team.UnlockRequestTest" assertions="1" time="0.046520"/>
      </testsuite>
      <testsuite name="Tests\Unit\Playground\Lead\Resource\Http\Requests\Team\UpdateRequestTest" file="/app/tests/Unit/Http/Requests/Team/UpdateRequestTest.php" tests="3" assertions="8" errors="0" failures="0" skipped="0" time="0.161075">
        <testcase name="test_request_instance" file="/app/vendor/gammamatrix/playground-test/src/Unit/Http/Requests/RequestCase.php" line="41" class="Tests\Unit\Playground\Lead\Resource\Http\Requests\Team\UpdateRequestTest" classname="Tests.Unit.Playground.Lead.Resource.Http.Requests.Team.UpdateRequestTest" assertions="1" time="0.071363"/>
        <testcase name="test_UpdateRequest_rules_with_optional_revisions_disabled" file="/app/tests/Unit/Http/Requests/Team/UpdateRequestTest.php" line="19" class="Tests\Unit\Playground\Lead\Resource\Http\Requests\Team\UpdateRequestTest" classname="Tests.Unit.Playground.Lead.Resource.Http.Requests.Team.UpdateRequestTest" assertions="3" time="0.044098"/>
        <testcase name="test_UpdateRequest_rules_with_optional_revisions_enabled" file="/app/tests/Unit/Http/Requests/Team/UpdateRequestTest.php" line="29" class="Tests\Unit\Playground\Lead\Resource\Http\Requests\Team\UpdateRequestTest" classname="Tests.Unit.Playground.Lead.Resource.Http.Requests.Team.UpdateRequestTest" assertions="4" time="0.045615"/>
      </testsuite>
      <testsuite name="Tests\Unit\Playground\Lead\Resource\Http\Requests\Teammate\CreateRequestTest" file="/app/tests/Unit/Http/Requests/Teammate/CreateRequestTest.php" tests="1" assertions="1" errors="0" failures="0" skipped="0" time="0.070818">
        <testcase name="test_request_instance" file="/app/vendor/gammamatrix/playground-test/src/Unit/Http/Requests/RequestCase.php" line="41" class="Tests\Unit\Playground\Lead\Resource\Http\Requests\Teammate\CreateRequestTest" classname="Tests.Unit.Playground.Lead.Resource.Http.Requests.Teammate.CreateRequestTest" assertions="1" time="0.070818"/>
      </testsuite>
      <testsuite name="Tests\Unit\Playground\Lead\Resource\Http\Requests\Teammate\DestroyRequestTest" file="/app/tests/Unit/Http/Requests/Teammate/DestroyRequestTest.php" tests="1" assertions="1" errors="0" failures="0" skipped="0" time="0.048126">
        <testcase name="test_request_instance" file="/app/vendor/gammamatrix/playground-test/src/Unit/Http/Requests/RequestCase.php" line="41" class="Tests\Unit\Playground\Lead\Resource\Http\Requests\Teammate\DestroyRequestTest" classname="Tests.Unit.Playground.Lead.Resource.Http.Requests.Teammate.DestroyRequestTest" assertions="1" time="0.048126"/>
      </testsuite>
      <testsuite name="Tests\Unit\Playground\Lead\Resource\Http\Requests\Teammate\EditRequestTest" file="/app/tests/Unit/Http/Requests/Teammate/EditRequestTest.php" tests="1" assertions="1" errors="0" failures="0" skipped="0" time="0.072423">
        <testcase name="test_request_instance" file="/app/vendor/gammamatrix/playground-test/src/Unit/Http/Requests/RequestCase.php" line="41" class="Tests\Unit\Playground\Lead\Resource\Http\Requests\Teammate\EditRequestTest" classname="Tests.Unit.Playground.Lead.Resource.Http.Requests.Teammate.EditRequestTest" assertions="1" time="0.072423"/>
      </testsuite>
      <testsuite name="Tests\Unit\Playground\Lead\Resource\Http\Requests\Teammate\IndexRequestTest" file="/app/tests/Unit/Http/Requests/Teammate/IndexRequestTest.php" tests="1" assertions="1" errors="0" failures="0" skipped="0" time="0.132488">
        <testcase name="test_request_instance" file="/app/vendor/gammamatrix/playground-test/src/Unit/Http/Requests/RequestCase.php" line="41" class="Tests\Unit\Playground\Lead\Resource\Http\Requests\Teammate\IndexRequestTest" classname="Tests.Unit.Playground.Lead.Resource.Http.Requests.Teammate.IndexRequestTest" assertions="1" time="0.132488"/>
      </testsuite>
      <testsuite name="Tests\Unit\Playground\Lead\Resource\Http\Requests\Teammate\LockRequestTest" file="/app/tests/Unit/Http/Requests/Teammate/LockRequestTest.php" tests="1" assertions="1" errors="0" failures="0" skipped="0" time="0.046873">
        <testcase name="test_request_instance" file="/app/vendor/gammamatrix/playground-test/src/Unit/Http/Requests/RequestCase.php" line="41" class="Tests\Unit\Playground\Lead\Resource\Http\Requests\Teammate\LockRequestTest" classname="Tests.Unit.Playground.Lead.Resource.Http.Requests.Teammate.LockRequestTest" assertions="1" time="0.046873"/>
      </testsuite>
      <testsuite name="Tests\Unit\Playground\Lead\Resource\Http\Requests\Teammate\RestoreRequestTest" file="/app/tests/Unit/Http/Requests/Teammate/RestoreRequestTest.php" tests="1" assertions="1" errors="0" failures="0" skipped="0" time="0.043632">
        <testcase name="test_request_instance" file="/app/vendor/gammamatrix/playground-test/src/Unit/Http/Requests/RequestCase.php" line="41" class="Tests\Unit\Playground\Lead\Resource\Http\Requests\Teammate\RestoreRequestTest" classname="Tests.Unit.Playground.Lead.Resource.Http.Requests.Teammate.RestoreRequestTest" assertions="1" time="0.043632"/>
      </testsuite>
      <testsuite name="Tests\Unit\Playground\Lead\Resource\Http\Requests\Teammate\ShowRequestTest" file="/app/tests/Unit/Http/Requests/Teammate/ShowRequestTest.php" tests="1" assertions="1" errors="0" failures="0" skipped="0" time="0.045632">
        <testcase name="test_request_instance" file="/app/vendor/gammamatrix/playground-test/src/Unit/Http/Requests/RequestCase.php" line="41" class="Tests\Unit\Playground\Lead\Resource\Http\Requests\Teammate\ShowRequestTest" classname="Tests.Unit.Playground.Lead.Resource.Http.Requests.Teammate.ShowRequestTest" assertions="1" time="0.045632"/>
      </testsuite>
      <testsuite name="Tests\Unit\Playground\Lead\Resource\Http\Requests\Teammate\StoreRequestTest" file="/app/tests/Unit/Http/Requests/Teammate/StoreRequestTest.php" tests="3" assertions="8" errors="0" failures="0" skipped="0" time="0.163944">
        <testcase name="test_request_instance" file="/app/vendor/gammamatrix/playground-test/src/Unit/Http/Requests/RequestCase.php" line="41" class="Tests\Unit\Playground\Lead\Resource\Http\Requests\Teammate\StoreRequestTest" classname="Tests.Unit.Playground.Lead.Resource.Http.Requests.Teammate.StoreRequestTest" assertions="1" time="0.071807"/>
        <testcase name="test_StoreRequest_rules_with_optional_revisions_disabled" file="/app/tests/Unit/Http/Requests/Teammate/StoreRequestTest.php" line="19" class="Tests\Unit\Playground\Lead\Resource\Http\Requests\Teammate\StoreRequestTest" classname="Tests.Unit.Playground.Lead.Resource.Http.Requests.Teammate.StoreRequestTest" assertions="3" time="0.044828"/>
        <testcase name="test_StoreRequest_rules_with_optional_revisions_enabled" file="/app/tests/Unit/Http/Requests/Teammate/StoreRequestTest.php" line="29" class="Tests\Unit\Playground\Lead\Resource\Http\Requests\Teammate\StoreRequestTest" classname="Tests.Unit.Playground.Lead.Resource.Http.Requests.Teammate.StoreRequestTest" assertions="4" time="0.047309"/>
      </testsuite>
      <testsuite name="Tests\Unit\Playground\Lead\Resource\Http\Requests\Teammate\UnlockRequestTest" file="/app/tests/Unit/Http/Requests/Teammate/UnlockRequestTest.php" tests="1" assertions="1" errors="0" failures="0" skipped="0" time="0.043535">
        <testcase name="test_request_instance" file="/app/vendor/gammamatrix/playground-test/src/Unit/Http/Requests/RequestCase.php" line="41" class="Tests\Unit\Playground\Lead\Resource\Http\Requests\Teammate\UnlockRequestTest" classname="Tests.Unit.Playground.Lead.Resource.Http.Requests.Teammate.UnlockRequestTest" assertions="1" time="0.043535"/>
      </testsuite>
      <testsuite name="Tests\Unit\Playground\Lead\Resource\Http\Requests\Teammate\UpdateRequestTest" file="/app/tests/Unit/Http/Requests/Teammate/UpdateRequestTest.php" tests="3" assertions="8" errors="0" failures="0" skipped="0" time="0.161335">
        <testcase name="test_request_instance" file="/app/vendor/gammamatrix/playground-test/src/Unit/Http/Requests/RequestCase.php" line="41" class="Tests\Unit\Playground\Lead\Resource\Http\Requests\Teammate\UpdateRequestTest" classname="Tests.Unit.Playground.Lead.Resource.Http.Requests.Teammate.UpdateRequestTest" assertions="1" time="0.071060"/>
        <testcase name="test_UpdateRequest_rules_with_optional_revisions_disabled" file="/app/tests/Unit/Http/Requests/Teammate/UpdateRequestTest.php" line="19" class="Tests\Unit\Playground\Lead\Resource\Http\Requests\Teammate\UpdateRequestTest" classname="Tests.Unit.Playground.Lead.Resource.Http.Requests.Teammate.UpdateRequestTest" assertions="3" time="0.045079"/>
        <testcase name="test_UpdateRequest_rules_with_optional_revisions_enabled" file="/app/tests/Unit/Http/Requests/Teammate/UpdateRequestTest.php" line="29" class="Tests\Unit\Playground\Lead\Resource\Http\Requests\Teammate\UpdateRequestTest" classname="Tests.Unit.Playground.Lead.Resource.Http.Requests.Teammate.UpdateRequestTest" assertions="4" time="0.045196"/>
      </testsuite>
      <testsuite name="Tests\Unit\Playground\Lead\Resource\Policies\CampaignPolicy\PolicyTest" file="/app/tests/Unit/Policies/CampaignPolicy/PolicyTest.php" tests="1" assertions="1" errors="0" failures="0" skipped="0" time="0.045798">
        <testcase name="test_policy_instance" file="/app/tests/Unit/Policies/CampaignPolicy/PolicyTest.php" line="19" class="Tests\Unit\Playground\Lead\Resource\Policies\CampaignPolicy\PolicyTest" classname="Tests.Unit.Playground.Lead.Resource.Policies.CampaignPolicy.PolicyTest" assertions="1" time="0.045798"/>
      </testsuite>
      <testsuite name="Tests\Unit\Playground\Lead\Resource\Policies\GoalPolicy\PolicyTest" file="/app/tests/Unit/Policies/GoalPolicy/PolicyTest.php" tests="1" assertions="1" errors="0" failures="0" skipped="0" time="0.044254">
        <testcase name="test_policy_instance" file="/app/tests/Unit/Policies/GoalPolicy/PolicyTest.php" line="19" class="Tests\Unit\Playground\Lead\Resource\Policies\GoalPolicy\PolicyTest" classname="Tests.Unit.Playground.Lead.Resource.Policies.GoalPolicy.PolicyTest" assertions="1" time="0.044254"/>
      </testsuite>
      <testsuite name="Tests\Unit\Playground\Lead\Resource\Policies\LeadPolicy\PolicyTest" file="/app/tests/Unit/Policies/LeadPolicy/PolicyTest.php" tests="1" assertions="1" errors="0" failures="0" skipped="0" time="0.044994">
        <testcase name="test_policy_instance" file="/app/tests/Unit/Policies/LeadPolicy/PolicyTest.php" line="19" class="Tests\Unit\Playground\Lead\Resource\Policies\LeadPolicy\PolicyTest" classname="Tests.Unit.Playground.Lead.Resource.Policies.LeadPolicy.PolicyTest" assertions="1" time="0.044994"/>
      </testsuite>
      <testsuite name="Tests\Unit\Playground\Lead\Resource\Policies\OpportunityPolicy\PolicyTest" file="/app/tests/Unit/Policies/OpportunityPolicy/PolicyTest.php" tests="1" assertions="1" errors="0" failures="0" skipped="0" time="0.044073">
        <testcase name="test_policy_instance" file="/app/tests/Unit/Policies/OpportunityPolicy/PolicyTest.php" line="19" class="Tests\Unit\Playground\Lead\Resource\Policies\OpportunityPolicy\PolicyTest" classname="Tests.Unit.Playground.Lead.Resource.Policies.OpportunityPolicy.PolicyTest" assertions="1" time="0.044073"/>
      </testsuite>
      <testsuite name="Tests\Unit\Playground\Lead\Resource\Policies\PlanPolicy\PolicyTest" file="/app/tests/Unit/Policies/PlanPolicy/PolicyTest.php" tests="1" assertions="1" errors="0" failures="0" skipped="0" time="0.044506">
        <testcase name="test_policy_instance" file="/app/tests/Unit/Policies/PlanPolicy/PolicyTest.php" line="19" class="Tests\Unit\Playground\Lead\Resource\Policies\PlanPolicy\PolicyTest" classname="Tests.Unit.Playground.Lead.Resource.Policies.PlanPolicy.PolicyTest" assertions="1" time="0.044506"/>
      </testsuite>
      <testsuite name="Tests\Unit\Playground\Lead\Resource\Policies\RegionPolicy\PolicyTest" file="/app/tests/Unit/Policies/RegionPolicy/PolicyTest.php" tests="1" assertions="1" errors="0" failures="0" skipped="0" time="0.044350">
        <testcase name="test_policy_instance" file="/app/tests/Unit/Policies/RegionPolicy/PolicyTest.php" line="19" class="Tests\Unit\Playground\Lead\Resource\Policies\RegionPolicy\PolicyTest" classname="Tests.Unit.Playground.Lead.Resource.Policies.RegionPolicy.PolicyTest" assertions="1" time="0.044350"/>
      </testsuite>
      <testsuite name="Tests\Unit\Playground\Lead\Resource\Policies\ReportPolicy\PolicyTest" file="/app/tests/Unit/Policies/ReportPolicy/PolicyTest.php" tests="1" assertions="1" errors="0" failures="0" skipped="0" time="0.049425">
        <testcase name="test_policy_instance" file="/app/tests/Unit/Policies/ReportPolicy/PolicyTest.php" line="19" class="Tests\Unit\Playground\Lead\Resource\Policies\ReportPolicy\PolicyTest" classname="Tests.Unit.Playground.Lead.Resource.Policies.ReportPolicy.PolicyTest" assertions="1" time="0.049425"/>
      </testsuite>
      <testsuite name="Tests\Unit\Playground\Lead\Resource\Policies\SourcePolicy\PolicyTest" file="/app/tests/Unit/Policies/SourcePolicy/PolicyTest.php" tests="1" assertions="1" errors="0" failures="0" skipped="0" time="0.044814">
        <testcase name="test_policy_instance" file="/app/tests/Unit/Policies/SourcePolicy/PolicyTest.php" line="19" class="Tests\Unit\Playground\Lead\Resource\Policies\SourcePolicy\PolicyTest" classname="Tests.Unit.Playground.Lead.Resource.Policies.SourcePolicy.PolicyTest" assertions="1" time="0.044814"/>
      </testsuite>
      <testsuite name="Tests\Unit\Playground\Lead\Resource\Policies\TaskPolicy\PolicyTest" file="/app/tests/Unit/Policies/TaskPolicy/PolicyTest.php" tests="1" assertions="1" errors="0" failures="0" skipped="0" time="0.043874">
        <testcase name="test_policy_instance" file="/app/tests/Unit/Policies/TaskPolicy/PolicyTest.php" line="19" class="Tests\Unit\Playground\Lead\Resource\Policies\TaskPolicy\PolicyTest" classname="Tests.Unit.Playground.Lead.Resource.Policies.TaskPolicy.PolicyTest" assertions="1" time="0.043874"/>
      </testsuite>
      <testsuite name="Tests\Unit\Playground\Lead\Resource\Policies\TeamPolicy\PolicyTest" file="/app/tests/Unit/Policies/TeamPolicy/PolicyTest.php" tests="1" assertions="1" errors="0" failures="0" skipped="0" time="0.041872">
        <testcase name="test_policy_instance" file="/app/tests/Unit/Policies/TeamPolicy/PolicyTest.php" line="19" class="Tests\Unit\Playground\Lead\Resource\Policies\TeamPolicy\PolicyTest" classname="Tests.Unit.Playground.Lead.Resource.Policies.TeamPolicy.PolicyTest" assertions="1" time="0.041872"/>
      </testsuite>
      <testsuite name="Tests\Unit\Playground\Lead\Resource\Policies\TeammatePolicy\PolicyTest" file="/app/tests/Unit/Policies/TeammatePolicy/PolicyTest.php" tests="1" assertions="1" errors="0" failures="0" skipped="0" time="0.041977">
        <testcase name="test_policy_instance" file="/app/tests/Unit/Policies/TeammatePolicy/PolicyTest.php" line="19" class="Tests\Unit\Playground\Lead\Resource\Policies\TeammatePolicy\PolicyTest" classname="Tests.Unit.Playground.Lead.Resource.Policies.TeammatePolicy.PolicyTest" assertions="1" time="0.041977"/>
      </testsuite>
      <testsuite name="Tests\Unit\Playground\Lead\Resource\ServiceProvider\InstanceTest" file="/app/tests/Unit/ServiceProvider/InstanceTest.php" tests="4" assertions="8" errors="0" failures="0" skipped="0" time="0.173587">
        <testcase name="test_version_matches" file="/app/tests/Unit/ServiceProvider/InstanceTest.php" line="20" class="Tests\Unit\Playground\Lead\Resource\ServiceProvider\InstanceTest" classname="Tests.Unit.Playground.Lead.Resource.ServiceProvider.InstanceTest" assertions="3" time="0.043484"/>
        <testcase name="test_setPolicies_with_empty_array" file="/app/tests/Unit/ServiceProvider/InstanceTest.php" line="29" class="Tests\Unit\Playground\Lead\Resource\ServiceProvider\InstanceTest" classname="Tests.Unit.Playground.Lead.Resource.ServiceProvider.InstanceTest" assertions="1" time="0.043535"/>
        <testcase name="test_setPolicies_with_invalid_model" file="/app/tests/Unit/ServiceProvider/InstanceTest.php" line="43" class="Tests\Unit\Playground\Lead\Resource\ServiceProvider\InstanceTest" classname="Tests.Unit.Playground.Lead.Resource.ServiceProvider.InstanceTest" assertions="2" time="0.043546"/>
        <testcase name="test_setPolicies_with_invalid_policy" file="/app/tests/Unit/ServiceProvider/InstanceTest.php" line="72" class="Tests\Unit\Playground\Lead\Resource\ServiceProvider\InstanceTest" classname="Tests.Unit.Playground.Lead.Resource.ServiceProvider.InstanceTest" assertions="2" time="0.043022"/>
      </testsuite>
    </testsuite>
    <testsuite name="Feature" tests="807" assertions="14691" errors="0" failures="0" skipped="0" time="317.013853">
      <testsuite name="Tests\Feature\Playground\Lead\Resource\Console\Commands\About\CommandTest" file="/app/tests/Feature/Console/Commands/About/CommandTest.php" tests="1" assertions="2" errors="0" failures="0" skipped="0" time="0.653150">
        <testcase name="test_command_about_displays_package_information_and_succeed" file="/app/tests/Feature/Console/Commands/About/CommandTest.php" line="20" class="Tests\Feature\Playground\Lead\Resource\Console\Commands\About\CommandTest" classname="Tests.Feature.Playground.Lead.Resource.Console.Commands.About.CommandTest" assertions="2" time="0.653150"/>
      </testsuite>
      <testsuite name="Tests\Feature\Playground\Lead\Resource\Http\Controllers\Playground\CampaignRouteTest" file="/app/tests/Feature/Http/Controllers/Playground/CampaignRouteTest.php" tests="73" assertions="1335" errors="0" failures="0" skipped="0" time="27.665745">
        <testcase name="test_json_guest_cannot_get_create_info" file="/app/vendor/gammamatrix/playground-test/src/Feature/Http/Controllers/Resource/Playground/CreateJsonTrait.php" line="38" class="Tests\Feature\Playground\Lead\Resource\Http\Controllers\Playground\CampaignRouteTest" classname="Tests.Feature.Playground.Lead.Resource.Http.Controllers.Playground.CampaignRouteTest" assertions="1" time="0.434009"/>
        <testcase name="test_json_admin_can_get_create_info" file="/app/vendor/gammamatrix/playground-test/src/Feature/Http/Controllers/Resource/Playground/CreateJsonTrait.php" line="53" class="Tests\Feature\Playground\Lead\Resource\Http\Controllers\Playground\CampaignRouteTest" classname="Tests.Feature.Playground.Lead.Resource.Http.Controllers.Playground.CampaignRouteTest" assertions="123" time="0.390686"/>
        <testcase name="test_json_get_create_info_as_admin_with_invalid_parameter_and_fail_validation" file="/app/vendor/gammamatrix/playground-test/src/Feature/Http/Controllers/Resource/Playground/CreateJsonTrait.php" line="73" class="Tests\Feature\Playground\Lead\Resource\Http\Controllers\Playground\CampaignRouteTest" classname="Tests.Feature.Playground.Lead.Resource.Http.Controllers.Playground.CampaignRouteTest" assertions="4" time="0.345132"/>
        <testcase name="test_guest_cannot_render_create_view" file="/app/vendor/gammamatrix/playground-test/src/Feature/Http/Controllers/Resource/Playground/CreateTrait.php" line="33" class="Tests\Feature\Playground\Lead\Resource\Http\Controllers\Playground\CampaignRouteTest" classname="Tests.Feature.Playground.Lead.Resource.Http.Controllers.Playground.CampaignRouteTest" assertions="1" time="0.344252"/>
        <testcase name="test_admin_can_render_create_view" file="/app/vendor/gammamatrix/playground-test/src/Feature/Http/Controllers/Resource/Playground/CreateTrait.php" line="47" class="Tests\Feature\Playground\Lead\Resource\Http\Controllers\Playground\CampaignRouteTest" classname="Tests.Feature.Playground.Lead.Resource.Http.Controllers.Playground.CampaignRouteTest" assertions="2" time="0.471032"/>
        <testcase name="test_admin_can_render_create_view_with_return_url" file="/app/vendor/gammamatrix/playground-test/src/Feature/Http/Controllers/Resource/Playground/CreateTrait.php" line="65" class="Tests\Feature\Playground\Lead\Resource\Http\Controllers\Playground\CampaignRouteTest" classname="Tests.Feature.Playground.Lead.Resource.Http.Controllers.Playground.CampaignRouteTest" assertions="3" time="0.369319"/>
        <testcase name="test_create_view_as_admin_with_invalid_parameter_and_fail_validation_and_redirect" file="/app/vendor/gammamatrix/playground-test/src/Feature/Http/Controllers/Resource/Playground/CreateTrait.php" line="92" class="Tests\Feature\Playground\Lead\Resource\Http\Controllers\Playground\CampaignRouteTest" classname="Tests.Feature.Playground.Lead.Resource.Http.Controllers.Playground.CampaignRouteTest" assertions="5" time="0.347418"/>
        <testcase name="test_json_guest_cannot_destroy" file="/app/vendor/gammamatrix/playground-test/src/Feature/Http/Controllers/Resource/Playground/DestroyJsonTrait.php" line="31" class="Tests\Feature\Playground\Lead\Resource\Http\Controllers\Playground\CampaignRouteTest" classname="Tests.Feature.Playground.Lead.Resource.Http.Controllers.Playground.CampaignRouteTest" assertions="3" time="0.345845"/>
        <testcase name="test_json_destroy_as_admin_and_succeed" file="/app/vendor/gammamatrix/playground-test/src/Feature/Http/Controllers/Resource/Playground/DestroyJsonTrait.php" line="61" class="Tests\Feature\Playground\Lead\Resource\Http\Controllers\Playground\CampaignRouteTest" classname="Tests.Feature.Playground.Lead.Resource.Http.Controllers.Playground.CampaignRouteTest" assertions="5" time="0.361449"/>
        <testcase name="test_json_destroy_as_admin_and_succeed_with_force_delete" file="/app/vendor/gammamatrix/playground-test/src/Feature/Http/Controllers/Resource/Playground/DestroyJsonTrait.php" line="100" class="Tests\Feature\Playground\Lead\Resource\Http\Controllers\Playground\CampaignRouteTest" classname="Tests.Feature.Playground.Lead.Resource.Http.Controllers.Playground.CampaignRouteTest" assertions="4" time="0.354477"/>
        <testcase name="test_json_destroy_as_admin_and_succeed_with_no_content" file="/app/vendor/gammamatrix/playground-test/src/Feature/Http/Controllers/Resource/Playground/DestroyJsonTrait.php" line="132" class="Tests\Feature\Playground\Lead\Resource\Http\Controllers\Playground\CampaignRouteTest" classname="Tests.Feature.Playground.Lead.Resource.Http.Controllers.Playground.CampaignRouteTest" assertions="5" time="0.352705"/>
        <testcase name="test_json_destroy_as_admin_and_succeed_and_ignore_redirect" file="/app/vendor/gammamatrix/playground-test/src/Feature/Http/Controllers/Resource/Playground/DestroyJsonTrait.php" line="167" class="Tests\Feature\Playground\Lead\Resource\Http\Controllers\Playground\CampaignRouteTest" classname="Tests.Feature.Playground.Lead.Resource.Http.Controllers.Playground.CampaignRouteTest" assertions="5" time="0.373708"/>
        <testcase name="test_json_destroy_as_user_and_get_denied_and_no_force_delete_allowed" file="/app/vendor/gammamatrix/playground-test/src/Feature/Http/Controllers/Resource/Playground/DestroyJsonTrait.php" line="209" class="Tests\Feature\Playground\Lead\Resource\Http\Controllers\Playground\CampaignRouteTest" classname="Tests.Feature.Playground.Lead.Resource.Http.Controllers.Playground.CampaignRouteTest" assertions="3" time="0.362356"/>
        <testcase name="test_guest_cannot_destroy" file="/app/vendor/gammamatrix/playground-test/src/Feature/Http/Controllers/Resource/Playground/DestroyTrait.php" line="31" class="Tests\Feature\Playground\Lead\Resource\Http\Controllers\Playground\CampaignRouteTest" classname="Tests.Feature.Playground.Lead.Resource.Http.Controllers.Playground.CampaignRouteTest" assertions="3" time="0.340279"/>
        <testcase name="test_destroy_as_admin_and_succeed" file="/app/vendor/gammamatrix/playground-test/src/Feature/Http/Controllers/Resource/Playground/DestroyTrait.php" line="61" class="Tests\Feature\Playground\Lead\Resource\Http\Controllers\Playground\CampaignRouteTest" classname="Tests.Feature.Playground.Lead.Resource.Http.Controllers.Playground.CampaignRouteTest" assertions="5" time="0.357355"/>
        <testcase name="test_destroy_as_admin_and_succeed_with_force_delete" file="/app/vendor/gammamatrix/playground-test/src/Feature/Http/Controllers/Resource/Playground/DestroyTrait.php" line="97" class="Tests\Feature\Playground\Lead\Resource\Http\Controllers\Playground\CampaignRouteTest" classname="Tests.Feature.Playground.Lead.Resource.Http.Controllers.Playground.CampaignRouteTest" assertions="4" time="0.363993"/>
        <testcase name="test_destroy_as_admin_and_succeed_with_redirect_to_index_with_trash" file="/app/vendor/gammamatrix/playground-test/src/Feature/Http/Controllers/Resource/Playground/DestroyTrait.php" line="129" class="Tests\Feature\Playground\Lead\Resource\Http\Controllers\Playground\CampaignRouteTest" classname="Tests.Feature.Playground.Lead.Resource.Http.Controllers.Playground.CampaignRouteTest" assertions="5" time="0.354784"/>
        <testcase name="test_destroy_as_user_and_get_denied_and_no_force_delete_allowed" file="/app/vendor/gammamatrix/playground-test/src/Feature/Http/Controllers/Resource/Playground/DestroyTrait.php" line="171" class="Tests\Feature\Playground\Lead\Resource\Http\Controllers\Playground\CampaignRouteTest" classname="Tests.Feature.Playground.Lead.Resource.Http.Controllers.Playground.CampaignRouteTest" assertions="3" time="0.374365"/>
        <testcase name="test_json_guest_cannot_get_edit_info" file="/app/vendor/gammamatrix/playground-test/src/Feature/Http/Controllers/Resource/Playground/EditJsonTrait.php" line="38" class="Tests\Feature\Playground\Lead\Resource\Http\Controllers\Playground\CampaignRouteTest" classname="Tests.Feature.Playground.Lead.Resource.Http.Controllers.Playground.CampaignRouteTest" assertions="1" time="0.354684"/>
        <testcase name="test_json_admin_can_get_edit_info" file="/app/vendor/gammamatrix/playground-test/src/Feature/Http/Controllers/Resource/Playground/EditJsonTrait.php" line="58" class="Tests\Feature\Playground\Lead\Resource\Http\Controllers\Playground\CampaignRouteTest" classname="Tests.Feature.Playground.Lead.Resource.Http.Controllers.Playground.CampaignRouteTest" assertions="4" time="0.387480"/>
        <testcase name="test_json_edit_as_admin_and_fail_validation_with_invalid_parameter" file="/app/vendor/gammamatrix/playground-test/src/Feature/Http/Controllers/Resource/Playground/EditJsonTrait.php" line="87" class="Tests\Feature\Playground\Lead\Resource\Http\Controllers\Playground\CampaignRouteTest" classname="Tests.Feature.Playground.Lead.Resource.Http.Controllers.Playground.CampaignRouteTest" assertions="4" time="0.370536"/>
        <testcase name="test_guest_cannot_render_edit_view" file="/app/vendor/gammamatrix/playground-test/src/Feature/Http/Controllers/Resource/Playground/EditTrait.php" line="33" class="Tests\Feature\Playground\Lead\Resource\Http\Controllers\Playground\CampaignRouteTest" classname="Tests.Feature.Playground.Lead.Resource.Http.Controllers.Playground.CampaignRouteTest" assertions="1" time="0.350024"/>
        <testcase name="test_admin_can_render_edit_view" file="/app/vendor/gammamatrix/playground-test/src/Feature/Http/Controllers/Resource/Playground/EditTrait.php" line="53" class="Tests\Feature\Playground\Lead\Resource\Http\Controllers\Playground\CampaignRouteTest" classname="Tests.Feature.Playground.Lead.Resource.Http.Controllers.Playground.CampaignRouteTest" assertions="2" time="0.391505"/>
        <testcase name="test_admin_can_render_edit_view_with_return_url" file="/app/vendor/gammamatrix/playground-test/src/Feature/Http/Controllers/Resource/Playground/EditTrait.php" line="77" class="Tests\Feature\Playground\Lead\Resource\Http\Controllers\Playground\CampaignRouteTest" classname="Tests.Feature.Playground.Lead.Resource.Http.Controllers.Playground.CampaignRouteTest" assertions="3" time="0.403652"/>
        <testcase name="test_edit_view_as_admin_with_invalid_parameter_and_fail_validation_and_redirect" file="/app/vendor/gammamatrix/playground-test/src/Feature/Http/Controllers/Resource/Playground/EditTrait.php" line="109" class="Tests\Feature\Playground\Lead\Resource\Http\Controllers\Playground\CampaignRouteTest" classname="Tests.Feature.Playground.Lead.Resource.Http.Controllers.Playground.CampaignRouteTest" assertions="4" time="0.372331"/>
        <testcase name="test_json_guest_cannot_get_index" file="/app/vendor/gammamatrix/playground-test/src/Feature/Http/Controllers/Resource/Playground/IndexJsonTrait.php" line="34" class="Tests\Feature\Playground\Lead\Resource\Http\Controllers\Playground\CampaignRouteTest" classname="Tests.Feature.Playground.Lead.Resource.Http.Controllers.Playground.CampaignRouteTest" assertions="1" time="0.356693"/>
        <testcase name="test_json_admin_can_get_index" file="/app/vendor/gammamatrix/playground-test/src/Feature/Http/Controllers/Resource/Playground/IndexJsonTrait.php" line="49" class="Tests\Feature\Playground\Lead\Resource\Http\Controllers\Playground\CampaignRouteTest" classname="Tests.Feature.Playground.Lead.Resource.Http.Controllers.Playground.CampaignRouteTest" assertions="130" time="0.385959"/>
        <testcase name="test_json_admin_can_get_index_with_filters" file="/app/vendor/gammamatrix/playground-test/src/Feature/Http/Controllers/Resource/Playground/IndexJsonTrait.php" line="85" class="Tests\Feature\Playground\Lead\Resource\Http\Controllers\Playground\CampaignRouteTest" classname="Tests.Feature.Playground.Lead.Resource.Http.Controllers.Playground.CampaignRouteTest" assertions="3" time="0.384745"/>
        <testcase name="test_guest_cannot_render_index_view" file="/app/vendor/gammamatrix/playground-test/src/Feature/Http/Controllers/Resource/Playground/IndexTrait.php" line="29" class="Tests\Feature\Playground\Lead\Resource\Http\Controllers\Playground\CampaignRouteTest" classname="Tests.Feature.Playground.Lead.Resource.Http.Controllers.Playground.CampaignRouteTest" assertions="1" time="0.355250"/>
        <testcase name="test_admin_can_render_index_view" file="/app/vendor/gammamatrix/playground-test/src/Feature/Http/Controllers/Resource/Playground/IndexTrait.php" line="44" class="Tests\Feature\Playground\Lead\Resource\Http\Controllers\Playground\CampaignRouteTest" classname="Tests.Feature.Playground.Lead.Resource.Http.Controllers.Playground.CampaignRouteTest" assertions="2" time="0.496228"/>
        <testcase name="test_admin_can_render_index_view_with_filters" file="/app/vendor/gammamatrix/playground-test/src/Feature/Http/Controllers/Resource/Playground/IndexTrait.php" line="77" class="Tests\Feature\Playground\Lead\Resource\Http\Controllers\Playground\CampaignRouteTest" classname="Tests.Feature.Playground.Lead.Resource.Http.Controllers.Playground.CampaignRouteTest" assertions="3" time="0.409134"/>
        <testcase name="test_json_guest_cannot_lock" file="/app/vendor/gammamatrix/playground-test/src/Feature/Http/Controllers/Resource/Playground/LockJsonTrait.php" line="36" class="Tests\Feature\Playground\Lead\Resource\Http\Controllers\Playground\CampaignRouteTest" classname="Tests.Feature.Playground.Lead.Resource.Http.Controllers.Playground.CampaignRouteTest" assertions="3" time="0.360191"/>
        <testcase name="test_json_lock_as_admin_and_succeed" file="/app/vendor/gammamatrix/playground-test/src/Feature/Http/Controllers/Resource/Playground/LockJsonTrait.php" line="66" class="Tests\Feature\Playground\Lead\Resource\Http\Controllers\Playground\CampaignRouteTest" classname="Tests.Feature.Playground.Lead.Resource.Http.Controllers.Playground.CampaignRouteTest" assertions="3" time="0.376267"/>
        <testcase name="test_json_lock_as_admin_and_succeed_with_no_redirect" file="/app/vendor/gammamatrix/playground-test/src/Feature/Http/Controllers/Resource/Playground/LockJsonTrait.php" line="98" class="Tests\Feature\Playground\Lead\Resource\Http\Controllers\Playground\CampaignRouteTest" classname="Tests.Feature.Playground.Lead.Resource.Http.Controllers.Playground.CampaignRouteTest" assertions="125" time="0.378639"/>
        <testcase name="test_json_lock_as_user_and_get_denied" file="/app/vendor/gammamatrix/playground-test/src/Feature/Http/Controllers/Resource/Playground/LockJsonTrait.php" line="143" class="Tests\Feature\Playground\Lead\Resource\Http\Controllers\Playground\CampaignRouteTest" classname="Tests.Feature.Playground.Lead.Resource.Http.Controllers.Playground.CampaignRouteTest" assertions="3" time="0.361300"/>
        <testcase name="test_guest_cannot_lock" file="/app/vendor/gammamatrix/playground-test/src/Feature/Http/Controllers/Resource/Playground/LockTrait.php" line="31" class="Tests\Feature\Playground\Lead\Resource\Http\Controllers\Playground\CampaignRouteTest" classname="Tests.Feature.Playground.Lead.Resource.Http.Controllers.Playground.CampaignRouteTest" assertions="3" time="0.375486"/>
        <testcase name="test_lock_as_admin_and_succeed" file="/app/vendor/gammamatrix/playground-test/src/Feature/Http/Controllers/Resource/Playground/LockTrait.php" line="61" class="Tests\Feature\Playground\Lead\Resource\Http\Controllers\Playground\CampaignRouteTest" classname="Tests.Feature.Playground.Lead.Resource.Http.Controllers.Playground.CampaignRouteTest" assertions="4" time="0.380024"/>
        <testcase name="test_lock_as_admin_and_succeed_with_redirect_to_index_with_sorted_by_locked_desc" file="/app/vendor/gammamatrix/playground-test/src/Feature/Http/Controllers/Resource/Playground/LockTrait.php" line="95" class="Tests\Feature\Playground\Lead\Resource\Http\Controllers\Playground\CampaignRouteTest" classname="Tests.Feature.Playground.Lead.Resource.Http.Controllers.Playground.CampaignRouteTest" assertions="4" time="0.370007"/>
        <testcase name="test_lock_as_user_and_get_denied" file="/app/vendor/gammamatrix/playground-test/src/Feature/Http/Controllers/Resource/Playground/LockTrait.php" line="132" class="Tests\Feature\Playground\Lead\Resource\Http\Controllers\Playground\CampaignRouteTest" classname="Tests.Feature.Playground.Lead.Resource.Http.Controllers.Playground.CampaignRouteTest" assertions="3" time="0.372231"/>
        <testcase name="test_json_guest_cannot_restore" file="/app/vendor/gammamatrix/playground-test/src/Feature/Http/Controllers/Resource/Playground/RestoreJsonTrait.php" line="32" class="Tests\Feature\Playground\Lead\Resource\Http\Controllers\Playground\CampaignRouteTest" classname="Tests.Feature.Playground.Lead.Resource.Http.Controllers.Playground.CampaignRouteTest" assertions="3" time="0.360832"/>
        <testcase name="test_json_restore_as_admin_and_succeed" file="/app/vendor/gammamatrix/playground-test/src/Feature/Http/Controllers/Resource/Playground/RestoreJsonTrait.php" line="64" class="Tests\Feature\Playground\Lead\Resource\Http\Controllers\Playground\CampaignRouteTest" classname="Tests.Feature.Playground.Lead.Resource.Http.Controllers.Playground.CampaignRouteTest" assertions="125" time="0.372128"/>
        <testcase name="test_json_restore_as_admin_and_succeed_with_no_redirect" file="/app/vendor/gammamatrix/playground-test/src/Feature/Http/Controllers/Resource/Playground/RestoreJsonTrait.php" line="100" class="Tests\Feature\Playground\Lead\Resource\Http\Controllers\Playground\CampaignRouteTest" classname="Tests.Feature.Playground.Lead.Resource.Http.Controllers.Playground.CampaignRouteTest" assertions="125" time="0.377978"/>
        <testcase name="test_json_restore_as_user_and_get_denied" file="/app/vendor/gammamatrix/playground-test/src/Feature/Http/Controllers/Resource/Playground/RestoreJsonTrait.php" line="143" class="Tests\Feature\Playground\Lead\Resource\Http\Controllers\Playground\CampaignRouteTest" classname="Tests.Feature.Playground.Lead.Resource.Http.Controllers.Playground.CampaignRouteTest" assertions="3" time="0.375702"/>
        <testcase name="test_guest_cannot_restore" file="/app/vendor/gammamatrix/playground-test/src/Feature/Http/Controllers/Resource/Playground/RestoreTrait.php" line="32" class="Tests\Feature\Playground\Lead\Resource\Http\Controllers\Playground\CampaignRouteTest" classname="Tests.Feature.Playground.Lead.Resource.Http.Controllers.Playground.CampaignRouteTest" assertions="3" time="0.361733"/>
        <testcase name="test_restore_as_admin_and_succeed" file="/app/vendor/gammamatrix/playground-test/src/Feature/Http/Controllers/Resource/Playground/RestoreTrait.php" line="64" class="Tests\Feature\Playground\Lead\Resource\Http\Controllers\Playground\CampaignRouteTest" classname="Tests.Feature.Playground.Lead.Resource.Http.Controllers.Playground.CampaignRouteTest" assertions="4" time="0.370765"/>
        <testcase name="test_restore_as_admin_and_succeed_with_redirect_to_index_with_only_trash" file="/app/vendor/gammamatrix/playground-test/src/Feature/Http/Controllers/Resource/Playground/RestoreTrait.php" line="100" class="Tests\Feature\Playground\Lead\Resource\Http\Controllers\Playground\CampaignRouteTest" classname="Tests.Feature.Playground.Lead.Resource.Http.Controllers.Playground.CampaignRouteTest" assertions="4" time="0.364071"/>
        <testcase name="test_restore_as_user_and_get_denied" file="/app/vendor/gammamatrix/playground-test/src/Feature/Http/Controllers/Resource/Playground/RestoreTrait.php" line="146" class="Tests\Feature\Playground\Lead\Resource\Http\Controllers\Playground\CampaignRouteTest" classname="Tests.Feature.Playground.Lead.Resource.Http.Controllers.Playground.CampaignRouteTest" assertions="3" time="0.375347"/>
        <testcase name="test_json_guest_cannot_see_info" file="/app/vendor/gammamatrix/playground-test/src/Feature/Http/Controllers/Resource/Playground/ShowJsonTrait.php" line="29" class="Tests\Feature\Playground\Lead\Resource\Http\Controllers\Playground\CampaignRouteTest" classname="Tests.Feature.Playground.Lead.Resource.Http.Controllers.Playground.CampaignRouteTest" assertions="1" time="0.359408"/>
        <testcase name="test_json_show_info_for_admin" file="/app/vendor/gammamatrix/playground-test/src/Feature/Http/Controllers/Resource/Playground/ShowJsonTrait.php" line="49" class="Tests\Feature\Playground\Lead\Resource\Http\Controllers\Playground\CampaignRouteTest" classname="Tests.Feature.Playground.Lead.Resource.Http.Controllers.Playground.CampaignRouteTest" assertions="124" time="0.376061"/>
        <testcase name="test_guest_cannot_render_show_view" file="/app/vendor/gammamatrix/playground-test/src/Feature/Http/Controllers/Resource/Playground/ShowTrait.php" line="29" class="Tests\Feature\Playground\Lead\Resource\Http\Controllers\Playground\CampaignRouteTest" classname="Tests.Feature.Playground.Lead.Resource.Http.Controllers.Playground.CampaignRouteTest" assertions="1" time="0.363094"/>
        <testcase name="test_show_view_rendered_by_admin" file="/app/vendor/gammamatrix/playground-test/src/Feature/Http/Controllers/Resource/Playground/ShowTrait.php" line="49" class="Tests\Feature\Playground\Lead\Resource\Http\Controllers\Playground\CampaignRouteTest" classname="Tests.Feature.Playground.Lead.Resource.Http.Controllers.Playground.CampaignRouteTest" assertions="2" time="0.394233"/>
        <testcase name="test_json_guest_cannot_store" file="/app/vendor/gammamatrix/playground-test/src/Feature/Http/Controllers/Resource/Playground/StoreJsonTrait.php" line="43" class="Tests\Feature\Playground\Lead\Resource\Http\Controllers\Playground\CampaignRouteTest" classname="Tests.Feature.Playground.Lead.Resource.Http.Controllers.Playground.CampaignRouteTest" assertions="3" time="0.356280"/>
        <testcase name="test_json_store_as_admin_without_payload_and_fail_validation" file="/app/vendor/gammamatrix/playground-test/src/Feature/Http/Controllers/Resource/Playground/StoreJsonTrait.php" line="66" class="Tests\Feature\Playground\Lead\Resource\Http\Controllers\Playground\CampaignRouteTest" classname="Tests.Feature.Playground.Lead.Resource.Http.Controllers.Playground.CampaignRouteTest" assertions="5" time="0.375271"/>
        <testcase name="test_json_store_as_admin_and_succeed" file="/app/vendor/gammamatrix/playground-test/src/Feature/Http/Controllers/Resource/Playground/StoreJsonTrait.php" line="92" class="Tests\Feature\Playground\Lead\Resource\Http\Controllers\Playground\CampaignRouteTest" classname="Tests.Feature.Playground.Lead.Resource.Http.Controllers.Playground.CampaignRouteTest" assertions="3" time="0.420298"/>
        <testcase name="test_guest_cannot_store" file="/app/vendor/gammamatrix/playground-test/src/Feature/Http/Controllers/Resource/Playground/StoreTrait.php" line="38" class="Tests\Feature\Playground\Lead\Resource\Http\Controllers\Playground\CampaignRouteTest" classname="Tests.Feature.Playground.Lead.Resource.Http.Controllers.Playground.CampaignRouteTest" assertions="3" time="0.362844"/>
        <testcase name="test_store_as_admin_without_payload_and_fail_validation" file="/app/vendor/gammamatrix/playground-test/src/Feature/Http/Controllers/Resource/Playground/StoreTrait.php" line="61" class="Tests\Feature\Playground\Lead\Resource\Http\Controllers\Playground\CampaignRouteTest" classname="Tests.Feature.Playground.Lead.Resource.Http.Controllers.Playground.CampaignRouteTest" assertions="5" time="0.380955"/>
        <testcase name="test_store_as_admin_and_succeed" file="/app/vendor/gammamatrix/playground-test/src/Feature/Http/Controllers/Resource/Playground/StoreTrait.php" line="90" class="Tests\Feature\Playground\Lead\Resource\Http\Controllers\Playground\CampaignRouteTest" classname="Tests.Feature.Playground.Lead.Resource.Http.Controllers.Playground.CampaignRouteTest" assertions="4" time="0.448963"/>
        <testcase name="test_store_as_admin_and_succeed_with_return_url" file="/app/vendor/gammamatrix/playground-test/src/Feature/Http/Controllers/Resource/Playground/StoreTrait.php" line="135" class="Tests\Feature\Playground\Lead\Resource\Http\Controllers\Playground\CampaignRouteTest" classname="Tests.Feature.Playground.Lead.Resource.Http.Controllers.Playground.CampaignRouteTest" assertions="4" time="0.410582"/>
        <testcase name="test_json_guest_cannot_unlock" file="/app/vendor/gammamatrix/playground-test/src/Feature/Http/Controllers/Resource/Playground/UnlockJsonTrait.php" line="36" class="Tests\Feature\Playground\Lead\Resource\Http\Controllers\Playground\CampaignRouteTest" classname="Tests.Feature.Playground.Lead.Resource.Http.Controllers.Playground.CampaignRouteTest" assertions="3" time="0.357791"/>
        <testcase name="test_json_unlock_as_admin_and_succeed" file="/app/vendor/gammamatrix/playground-test/src/Feature/Http/Controllers/Resource/Playground/UnlockJsonTrait.php" line="68" class="Tests\Feature\Playground\Lead\Resource\Http\Controllers\Playground\CampaignRouteTest" classname="Tests.Feature.Playground.Lead.Resource.Http.Controllers.Playground.CampaignRouteTest" assertions="125" time="0.396539"/>
        <testcase name="test_json_unlock_as_admin_and_succeed_with_no_redirect" file="/app/vendor/gammamatrix/playground-test/src/Feature/Http/Controllers/Resource/Playground/UnlockJsonTrait.php" line="104" class="Tests\Feature\Playground\Lead\Resource\Http\Controllers\Playground\CampaignRouteTest" classname="Tests.Feature.Playground.Lead.Resource.Http.Controllers.Playground.CampaignRouteTest" assertions="125" time="0.384326"/>
        <testcase name="test_json_unlock_as_user_and_get_denied" file="/app/vendor/gammamatrix/playground-test/src/Feature/Http/Controllers/Resource/Playground/UnlockJsonTrait.php" line="145" class="Tests\Feature\Playground\Lead\Resource\Http\Controllers\Playground\CampaignRouteTest" classname="Tests.Feature.Playground.Lead.Resource.Http.Controllers.Playground.CampaignRouteTest" assertions="3" time="0.365520"/>
        <testcase name="test_guest_cannot_unlock" file="/app/vendor/gammamatrix/playground-test/src/Feature/Http/Controllers/Resource/Playground/UnlockTrait.php" line="36" class="Tests\Feature\Playground\Lead\Resource\Http\Controllers\Playground\CampaignRouteTest" classname="Tests.Feature.Playground.Lead.Resource.Http.Controllers.Playground.CampaignRouteTest" assertions="3" time="0.388730"/>
        <testcase name="test_unlock_as_admin_and_succeed" file="/app/vendor/gammamatrix/playground-test/src/Feature/Http/Controllers/Resource/Playground/UnlockTrait.php" line="68" class="Tests\Feature\Playground\Lead\Resource\Http\Controllers\Playground\CampaignRouteTest" classname="Tests.Feature.Playground.Lead.Resource.Http.Controllers.Playground.CampaignRouteTest" assertions="4" time="0.388974"/>
        <testcase name="test_unlock_as_admin_and_succeed_with_redirect_to_index_with_sorted_by_unlocked_desc" file="/app/vendor/gammamatrix/playground-test/src/Feature/Http/Controllers/Resource/Playground/UnlockTrait.php" line="109" class="Tests\Feature\Playground\Lead\Resource\Http\Controllers\Playground\CampaignRouteTest" classname="Tests.Feature.Playground.Lead.Resource.Http.Controllers.Playground.CampaignRouteTest" assertions="4" time="0.378009"/>
        <testcase name="test_unlock_as_user_and_get_denied" file="/app/vendor/gammamatrix/playground-test/src/Feature/Http/Controllers/Resource/Playground/UnlockTrait.php" line="148" class="Tests\Feature\Playground\Lead\Resource\Http\Controllers\Playground\CampaignRouteTest" classname="Tests.Feature.Playground.Lead.Resource.Http.Controllers.Playground.CampaignRouteTest" assertions="3" time="0.376057"/>
        <testcase name="test_json_guest_cannot_update" file="/app/vendor/gammamatrix/playground-test/src/Feature/Http/Controllers/Resource/Playground/UpdateJsonTrait.php" line="45" class="Tests\Feature\Playground\Lead\Resource\Http\Controllers\Playground\CampaignRouteTest" classname="Tests.Feature.Playground.Lead.Resource.Http.Controllers.Playground.CampaignRouteTest" assertions="1" time="0.353449"/>
        <testcase name="test_json_update_as_admin_without_payload_and_fail_validation" file="/app/vendor/gammamatrix/playground-test/src/Feature/Http/Controllers/Resource/Playground/UpdateJsonTrait.php" line="65" class="Tests\Feature\Playground\Lead\Resource\Http\Controllers\Playground\CampaignRouteTest" classname="Tests.Feature.Playground.Lead.Resource.Http.Controllers.Playground.CampaignRouteTest" assertions="4" time="0.394702"/>
        <testcase name="test_json_admin_can_update" file="/app/vendor/gammamatrix/playground-test/src/Feature/Http/Controllers/Resource/Playground/UpdateJsonTrait.php" line="90" class="Tests\Feature\Playground\Lead\Resource\Http\Controllers\Playground\CampaignRouteTest" classname="Tests.Feature.Playground.Lead.Resource.Http.Controllers.Playground.CampaignRouteTest" assertions="127" time="0.422280"/>
        <testcase name="test_guest_cannot_update" file="/app/vendor/gammamatrix/playground-test/src/Feature/Http/Controllers/Resource/Playground/UpdateTrait.php" line="45" class="Tests\Feature\Playground\Lead\Resource\Http\Controllers\Playground\CampaignRouteTest" classname="Tests.Feature.Playground.Lead.Resource.Http.Controllers.Playground.CampaignRouteTest" assertions="1" time="0.369063"/>
        <testcase name="test_update_as_admin_without_payload_and_fail_validation" file="/app/vendor/gammamatrix/playground-test/src/Feature/Http/Controllers/Resource/Playground/UpdateTrait.php" line="65" class="Tests\Feature\Playground\Lead\Resource\Http\Controllers\Playground\CampaignRouteTest" classname="Tests.Feature.Playground.Lead.Resource.Http.Controllers.Playground.CampaignRouteTest" assertions="4" time="0.394081"/>
        <testcase name="test_admin_can_update" file="/app/vendor/gammamatrix/playground-test/src/Feature/Http/Controllers/Resource/Playground/UpdateTrait.php" line="90" class="Tests\Feature\Playground\Lead\Resource\Http\Controllers\Playground\CampaignRouteTest" classname="Tests.Feature.Playground.Lead.Resource.Http.Controllers.Playground.CampaignRouteTest" assertions="6" time="0.419398"/>
        <testcase name="test_admin_can_update_view_with_return_url" file="/app/vendor/gammamatrix/playground-test/src/Feature/Http/Controllers/Resource/Playground/UpdateTrait.php" line="133" class="Tests\Feature\Playground\Lead\Resource\Http\Controllers\Playground\CampaignRouteTest" classname="Tests.Feature.Playground.Lead.Resource.Http.Controllers.Playground.CampaignRouteTest" assertions="6" time="0.434749"/>
      </testsuite>
      <testsuite name="Tests\Feature\Playground\Lead\Resource\Http\Controllers\Playground\GoalRouteTest" file="/app/tests/Feature/Http/Controllers/Playground/GoalRouteTest.php" tests="73" assertions="1335" errors="0" failures="0" skipped="0" time="27.649488">
        <testcase name="test_json_guest_cannot_get_create_info" file="/app/vendor/gammamatrix/playground-test/src/Feature/Http/Controllers/Resource/Playground/CreateJsonTrait.php" line="38" class="Tests\Feature\Playground\Lead\Resource\Http\Controllers\Playground\GoalRouteTest" classname="Tests.Feature.Playground.Lead.Resource.Http.Controllers.Playground.GoalRouteTest" assertions="1" time="0.399155"/>
        <testcase name="test_json_admin_can_get_create_info" file="/app/vendor/gammamatrix/playground-test/src/Feature/Http/Controllers/Resource/Playground/CreateJsonTrait.php" line="53" class="Tests\Feature\Playground\Lead\Resource\Http\Controllers\Playground\GoalRouteTest" classname="Tests.Feature.Playground.Lead.Resource.Http.Controllers.Playground.GoalRouteTest" assertions="123" time="0.362524"/>
        <testcase name="test_json_get_create_info_as_admin_with_invalid_parameter_and_fail_validation" file="/app/vendor/gammamatrix/playground-test/src/Feature/Http/Controllers/Resource/Playground/CreateJsonTrait.php" line="73" class="Tests\Feature\Playground\Lead\Resource\Http\Controllers\Playground\GoalRouteTest" classname="Tests.Feature.Playground.Lead.Resource.Http.Controllers.Playground.GoalRouteTest" assertions="4" time="0.366066"/>
        <testcase name="test_guest_cannot_render_create_view" file="/app/vendor/gammamatrix/playground-test/src/Feature/Http/Controllers/Resource/Playground/CreateTrait.php" line="33" class="Tests\Feature\Playground\Lead\Resource\Http\Controllers\Playground\GoalRouteTest" classname="Tests.Feature.Playground.Lead.Resource.Http.Controllers.Playground.GoalRouteTest" assertions="1" time="0.335877"/>
        <testcase name="test_admin_can_render_create_view" file="/app/vendor/gammamatrix/playground-test/src/Feature/Http/Controllers/Resource/Playground/CreateTrait.php" line="47" class="Tests\Feature\Playground\Lead\Resource\Http\Controllers\Playground\GoalRouteTest" classname="Tests.Feature.Playground.Lead.Resource.Http.Controllers.Playground.GoalRouteTest" assertions="2" time="0.398813"/>
        <testcase name="test_admin_can_render_create_view_with_return_url" file="/app/vendor/gammamatrix/playground-test/src/Feature/Http/Controllers/Resource/Playground/CreateTrait.php" line="65" class="Tests\Feature\Playground\Lead\Resource\Http\Controllers\Playground\GoalRouteTest" classname="Tests.Feature.Playground.Lead.Resource.Http.Controllers.Playground.GoalRouteTest" assertions="3" time="0.391872"/>
        <testcase name="test_create_view_as_admin_with_invalid_parameter_and_fail_validation_and_redirect" file="/app/vendor/gammamatrix/playground-test/src/Feature/Http/Controllers/Resource/Playground/CreateTrait.php" line="92" class="Tests\Feature\Playground\Lead\Resource\Http\Controllers\Playground\GoalRouteTest" classname="Tests.Feature.Playground.Lead.Resource.Http.Controllers.Playground.GoalRouteTest" assertions="5" time="0.360504"/>
        <testcase name="test_json_guest_cannot_destroy" file="/app/vendor/gammamatrix/playground-test/src/Feature/Http/Controllers/Resource/Playground/DestroyJsonTrait.php" line="31" class="Tests\Feature\Playground\Lead\Resource\Http\Controllers\Playground\GoalRouteTest" classname="Tests.Feature.Playground.Lead.Resource.Http.Controllers.Playground.GoalRouteTest" assertions="3" time="0.364111"/>
        <testcase name="test_json_destroy_as_admin_and_succeed" file="/app/vendor/gammamatrix/playground-test/src/Feature/Http/Controllers/Resource/Playground/DestroyJsonTrait.php" line="61" class="Tests\Feature\Playground\Lead\Resource\Http\Controllers\Playground\GoalRouteTest" classname="Tests.Feature.Playground.Lead.Resource.Http.Controllers.Playground.GoalRouteTest" assertions="5" time="0.358701"/>
        <testcase name="test_json_destroy_as_admin_and_succeed_with_force_delete" file="/app/vendor/gammamatrix/playground-test/src/Feature/Http/Controllers/Resource/Playground/DestroyJsonTrait.php" line="100" class="Tests\Feature\Playground\Lead\Resource\Http\Controllers\Playground\GoalRouteTest" classname="Tests.Feature.Playground.Lead.Resource.Http.Controllers.Playground.GoalRouteTest" assertions="4" time="0.358828"/>
        <testcase name="test_json_destroy_as_admin_and_succeed_with_no_content" file="/app/vendor/gammamatrix/playground-test/src/Feature/Http/Controllers/Resource/Playground/DestroyJsonTrait.php" line="132" class="Tests\Feature\Playground\Lead\Resource\Http\Controllers\Playground\GoalRouteTest" classname="Tests.Feature.Playground.Lead.Resource.Http.Controllers.Playground.GoalRouteTest" assertions="5" time="0.390028"/>
        <testcase name="test_json_destroy_as_admin_and_succeed_and_ignore_redirect" file="/app/vendor/gammamatrix/playground-test/src/Feature/Http/Controllers/Resource/Playground/DestroyJsonTrait.php" line="167" class="Tests\Feature\Playground\Lead\Resource\Http\Controllers\Playground\GoalRouteTest" classname="Tests.Feature.Playground.Lead.Resource.Http.Controllers.Playground.GoalRouteTest" assertions="5" time="0.351295"/>
        <testcase name="test_json_destroy_as_user_and_get_denied_and_no_force_delete_allowed" file="/app/vendor/gammamatrix/playground-test/src/Feature/Http/Controllers/Resource/Playground/DestroyJsonTrait.php" line="209" class="Tests\Feature\Playground\Lead\Resource\Http\Controllers\Playground\GoalRouteTest" classname="Tests.Feature.Playground.Lead.Resource.Http.Controllers.Playground.GoalRouteTest" assertions="3" time="0.354104"/>
        <testcase name="test_guest_cannot_destroy" file="/app/vendor/gammamatrix/playground-test/src/Feature/Http/Controllers/Resource/Playground/DestroyTrait.php" line="31" class="Tests\Feature\Playground\Lead\Resource\Http\Controllers\Playground\GoalRouteTest" classname="Tests.Feature.Playground.Lead.Resource.Http.Controllers.Playground.GoalRouteTest" assertions="3" time="0.362778"/>
        <testcase name="test_destroy_as_admin_and_succeed" file="/app/vendor/gammamatrix/playground-test/src/Feature/Http/Controllers/Resource/Playground/DestroyTrait.php" line="61" class="Tests\Feature\Playground\Lead\Resource\Http\Controllers\Playground\GoalRouteTest" classname="Tests.Feature.Playground.Lead.Resource.Http.Controllers.Playground.GoalRouteTest" assertions="5" time="0.351782"/>
        <testcase name="test_destroy_as_admin_and_succeed_with_force_delete" file="/app/vendor/gammamatrix/playground-test/src/Feature/Http/Controllers/Resource/Playground/DestroyTrait.php" line="97" class="Tests\Feature\Playground\Lead\Resource\Http\Controllers\Playground\GoalRouteTest" classname="Tests.Feature.Playground.Lead.Resource.Http.Controllers.Playground.GoalRouteTest" assertions="4" time="0.354048"/>
        <testcase name="test_destroy_as_admin_and_succeed_with_redirect_to_index_with_trash" file="/app/vendor/gammamatrix/playground-test/src/Feature/Http/Controllers/Resource/Playground/DestroyTrait.php" line="129" class="Tests\Feature\Playground\Lead\Resource\Http\Controllers\Playground\GoalRouteTest" classname="Tests.Feature.Playground.Lead.Resource.Http.Controllers.Playground.GoalRouteTest" assertions="5" time="0.372398"/>
        <testcase name="test_destroy_as_user_and_get_denied_and_no_force_delete_allowed" file="/app/vendor/gammamatrix/playground-test/src/Feature/Http/Controllers/Resource/Playground/DestroyTrait.php" line="171" class="Tests\Feature\Playground\Lead\Resource\Http\Controllers\Playground\GoalRouteTest" classname="Tests.Feature.Playground.Lead.Resource.Http.Controllers.Playground.GoalRouteTest" assertions="3" time="0.356002"/>
        <testcase name="test_json_guest_cannot_get_edit_info" file="/app/vendor/gammamatrix/playground-test/src/Feature/Http/Controllers/Resource/Playground/EditJsonTrait.php" line="38" class="Tests\Feature\Playground\Lead\Resource\Http\Controllers\Playground\GoalRouteTest" classname="Tests.Feature.Playground.Lead.Resource.Http.Controllers.Playground.GoalRouteTest" assertions="1" time="0.351622"/>
        <testcase name="test_json_admin_can_get_edit_info" file="/app/vendor/gammamatrix/playground-test/src/Feature/Http/Controllers/Resource/Playground/EditJsonTrait.php" line="58" class="Tests\Feature\Playground\Lead\Resource\Http\Controllers\Playground\GoalRouteTest" classname="Tests.Feature.Playground.Lead.Resource.Http.Controllers.Playground.GoalRouteTest" assertions="4" time="0.391932"/>
        <testcase name="test_json_edit_as_admin_and_fail_validation_with_invalid_parameter" file="/app/vendor/gammamatrix/playground-test/src/Feature/Http/Controllers/Resource/Playground/EditJsonTrait.php" line="87" class="Tests\Feature\Playground\Lead\Resource\Http\Controllers\Playground\GoalRouteTest" classname="Tests.Feature.Playground.Lead.Resource.Http.Controllers.Playground.GoalRouteTest" assertions="4" time="0.365808"/>
        <testcase name="test_guest_cannot_render_edit_view" file="/app/vendor/gammamatrix/playground-test/src/Feature/Http/Controllers/Resource/Playground/EditTrait.php" line="33" class="Tests\Feature\Playground\Lead\Resource\Http\Controllers\Playground\GoalRouteTest" classname="Tests.Feature.Playground.Lead.Resource.Http.Controllers.Playground.GoalRouteTest" assertions="1" time="0.375700"/>
        <testcase name="test_admin_can_render_edit_view" file="/app/vendor/gammamatrix/playground-test/src/Feature/Http/Controllers/Resource/Playground/EditTrait.php" line="53" class="Tests\Feature\Playground\Lead\Resource\Http\Controllers\Playground\GoalRouteTest" classname="Tests.Feature.Playground.Lead.Resource.Http.Controllers.Playground.GoalRouteTest" assertions="2" time="0.399229"/>
        <testcase name="test_admin_can_render_edit_view_with_return_url" file="/app/vendor/gammamatrix/playground-test/src/Feature/Http/Controllers/Resource/Playground/EditTrait.php" line="77" class="Tests\Feature\Playground\Lead\Resource\Http\Controllers\Playground\GoalRouteTest" classname="Tests.Feature.Playground.Lead.Resource.Http.Controllers.Playground.GoalRouteTest" assertions="3" time="0.394455"/>
        <testcase name="test_edit_view_as_admin_with_invalid_parameter_and_fail_validation_and_redirect" file="/app/vendor/gammamatrix/playground-test/src/Feature/Http/Controllers/Resource/Playground/EditTrait.php" line="109" class="Tests\Feature\Playground\Lead\Resource\Http\Controllers\Playground\GoalRouteTest" classname="Tests.Feature.Playground.Lead.Resource.Http.Controllers.Playground.GoalRouteTest" assertions="4" time="0.386841"/>
        <testcase name="test_json_guest_cannot_get_index" file="/app/vendor/gammamatrix/playground-test/src/Feature/Http/Controllers/Resource/Playground/IndexJsonTrait.php" line="34" class="Tests\Feature\Playground\Lead\Resource\Http\Controllers\Playground\GoalRouteTest" classname="Tests.Feature.Playground.Lead.Resource.Http.Controllers.Playground.GoalRouteTest" assertions="1" time="0.363300"/>
        <testcase name="test_json_admin_can_get_index" file="/app/vendor/gammamatrix/playground-test/src/Feature/Http/Controllers/Resource/Playground/IndexJsonTrait.php" line="49" class="Tests\Feature\Playground\Lead\Resource\Http\Controllers\Playground\GoalRouteTest" classname="Tests.Feature.Playground.Lead.Resource.Http.Controllers.Playground.GoalRouteTest" assertions="130" time="0.387048"/>
        <testcase name="test_json_admin_can_get_index_with_filters" file="/app/vendor/gammamatrix/playground-test/src/Feature/Http/Controllers/Resource/Playground/IndexJsonTrait.php" line="85" class="Tests\Feature\Playground\Lead\Resource\Http\Controllers\Playground\GoalRouteTest" classname="Tests.Feature.Playground.Lead.Resource.Http.Controllers.Playground.GoalRouteTest" assertions="3" time="0.381100"/>
        <testcase name="test_guest_cannot_render_index_view" file="/app/vendor/gammamatrix/playground-test/src/Feature/Http/Controllers/Resource/Playground/IndexTrait.php" line="29" class="Tests\Feature\Playground\Lead\Resource\Http\Controllers\Playground\GoalRouteTest" classname="Tests.Feature.Playground.Lead.Resource.Http.Controllers.Playground.GoalRouteTest" assertions="1" time="0.352255"/>
        <testcase name="test_admin_can_render_index_view" file="/app/vendor/gammamatrix/playground-test/src/Feature/Http/Controllers/Resource/Playground/IndexTrait.php" line="44" class="Tests\Feature\Playground\Lead\Resource\Http\Controllers\Playground\GoalRouteTest" classname="Tests.Feature.Playground.Lead.Resource.Http.Controllers.Playground.GoalRouteTest" assertions="2" time="0.435487"/>
        <testcase name="test_admin_can_render_index_view_with_filters" file="/app/vendor/gammamatrix/playground-test/src/Feature/Http/Controllers/Resource/Playground/IndexTrait.php" line="77" class="Tests\Feature\Playground\Lead\Resource\Http\Controllers\Playground\GoalRouteTest" classname="Tests.Feature.Playground.Lead.Resource.Http.Controllers.Playground.GoalRouteTest" assertions="3" time="0.397512"/>
        <testcase name="test_json_guest_cannot_lock" file="/app/vendor/gammamatrix/playground-test/src/Feature/Http/Controllers/Resource/Playground/LockJsonTrait.php" line="36" class="Tests\Feature\Playground\Lead\Resource\Http\Controllers\Playground\GoalRouteTest" classname="Tests.Feature.Playground.Lead.Resource.Http.Controllers.Playground.GoalRouteTest" assertions="3" time="0.353644"/>
        <testcase name="test_json_lock_as_admin_and_succeed" file="/app/vendor/gammamatrix/playground-test/src/Feature/Http/Controllers/Resource/Playground/LockJsonTrait.php" line="66" class="Tests\Feature\Playground\Lead\Resource\Http\Controllers\Playground\GoalRouteTest" classname="Tests.Feature.Playground.Lead.Resource.Http.Controllers.Playground.GoalRouteTest" assertions="3" time="0.382524"/>
        <testcase name="test_json_lock_as_admin_and_succeed_with_no_redirect" file="/app/vendor/gammamatrix/playground-test/src/Feature/Http/Controllers/Resource/Playground/LockJsonTrait.php" line="98" class="Tests\Feature\Playground\Lead\Resource\Http\Controllers\Playground\GoalRouteTest" classname="Tests.Feature.Playground.Lead.Resource.Http.Controllers.Playground.GoalRouteTest" assertions="125" time="0.379178"/>
        <testcase name="test_json_lock_as_user_and_get_denied" file="/app/vendor/gammamatrix/playground-test/src/Feature/Http/Controllers/Resource/Playground/LockJsonTrait.php" line="143" class="Tests\Feature\Playground\Lead\Resource\Http\Controllers\Playground\GoalRouteTest" classname="Tests.Feature.Playground.Lead.Resource.Http.Controllers.Playground.GoalRouteTest" assertions="3" time="0.369862"/>
        <testcase name="test_guest_cannot_lock" file="/app/vendor/gammamatrix/playground-test/src/Feature/Http/Controllers/Resource/Playground/LockTrait.php" line="31" class="Tests\Feature\Playground\Lead\Resource\Http\Controllers\Playground\GoalRouteTest" classname="Tests.Feature.Playground.Lead.Resource.Http.Controllers.Playground.GoalRouteTest" assertions="3" time="0.359355"/>
        <testcase name="test_lock_as_admin_and_succeed" file="/app/vendor/gammamatrix/playground-test/src/Feature/Http/Controllers/Resource/Playground/LockTrait.php" line="61" class="Tests\Feature\Playground\Lead\Resource\Http\Controllers\Playground\GoalRouteTest" classname="Tests.Feature.Playground.Lead.Resource.Http.Controllers.Playground.GoalRouteTest" assertions="4" time="0.372375"/>
        <testcase name="test_lock_as_admin_and_succeed_with_redirect_to_index_with_sorted_by_locked_desc" file="/app/vendor/gammamatrix/playground-test/src/Feature/Http/Controllers/Resource/Playground/LockTrait.php" line="95" class="Tests\Feature\Playground\Lead\Resource\Http\Controllers\Playground\GoalRouteTest" classname="Tests.Feature.Playground.Lead.Resource.Http.Controllers.Playground.GoalRouteTest" assertions="4" time="0.387058"/>
        <testcase name="test_lock_as_user_and_get_denied" file="/app/vendor/gammamatrix/playground-test/src/Feature/Http/Controllers/Resource/Playground/LockTrait.php" line="132" class="Tests\Feature\Playground\Lead\Resource\Http\Controllers\Playground\GoalRouteTest" classname="Tests.Feature.Playground.Lead.Resource.Http.Controllers.Playground.GoalRouteTest" assertions="3" time="0.355614"/>
        <testcase name="test_json_guest_cannot_restore" file="/app/vendor/gammamatrix/playground-test/src/Feature/Http/Controllers/Resource/Playground/RestoreJsonTrait.php" line="32" class="Tests\Feature\Playground\Lead\Resource\Http\Controllers\Playground\GoalRouteTest" classname="Tests.Feature.Playground.Lead.Resource.Http.Controllers.Playground.GoalRouteTest" assertions="3" time="0.357235"/>
        <testcase name="test_json_restore_as_admin_and_succeed" file="/app/vendor/gammamatrix/playground-test/src/Feature/Http/Controllers/Resource/Playground/RestoreJsonTrait.php" line="64" class="Tests\Feature\Playground\Lead\Resource\Http\Controllers\Playground\GoalRouteTest" classname="Tests.Feature.Playground.Lead.Resource.Http.Controllers.Playground.GoalRouteTest" assertions="125" time="0.400322"/>
        <testcase name="test_json_restore_as_admin_and_succeed_with_no_redirect" file="/app/vendor/gammamatrix/playground-test/src/Feature/Http/Controllers/Resource/Playground/RestoreJsonTrait.php" line="100" class="Tests\Feature\Playground\Lead\Resource\Http\Controllers\Playground\GoalRouteTest" classname="Tests.Feature.Playground.Lead.Resource.Http.Controllers.Playground.GoalRouteTest" assertions="125" time="0.381208"/>
        <testcase name="test_json_restore_as_user_and_get_denied" file="/app/vendor/gammamatrix/playground-test/src/Feature/Http/Controllers/Resource/Playground/RestoreJsonTrait.php" line="143" class="Tests\Feature\Playground\Lead\Resource\Http\Controllers\Playground\GoalRouteTest" classname="Tests.Feature.Playground.Lead.Resource.Http.Controllers.Playground.GoalRouteTest" assertions="3" time="0.368351"/>
        <testcase name="test_guest_cannot_restore" file="/app/vendor/gammamatrix/playground-test/src/Feature/Http/Controllers/Resource/Playground/RestoreTrait.php" line="32" class="Tests\Feature\Playground\Lead\Resource\Http\Controllers\Playground\GoalRouteTest" classname="Tests.Feature.Playground.Lead.Resource.Http.Controllers.Playground.GoalRouteTest" assertions="3" time="0.365226"/>
        <testcase name="test_restore_as_admin_and_succeed" file="/app/vendor/gammamatrix/playground-test/src/Feature/Http/Controllers/Resource/Playground/RestoreTrait.php" line="64" class="Tests\Feature\Playground\Lead\Resource\Http\Controllers\Playground\GoalRouteTest" classname="Tests.Feature.Playground.Lead.Resource.Http.Controllers.Playground.GoalRouteTest" assertions="4" time="0.374652"/>
        <testcase name="test_restore_as_admin_and_succeed_with_redirect_to_index_with_only_trash" file="/app/vendor/gammamatrix/playground-test/src/Feature/Http/Controllers/Resource/Playground/RestoreTrait.php" line="100" class="Tests\Feature\Playground\Lead\Resource\Http\Controllers\Playground\GoalRouteTest" classname="Tests.Feature.Playground.Lead.Resource.Http.Controllers.Playground.GoalRouteTest" assertions="4" time="0.386542"/>
        <testcase name="test_restore_as_user_and_get_denied" file="/app/vendor/gammamatrix/playground-test/src/Feature/Http/Controllers/Resource/Playground/RestoreTrait.php" line="146" class="Tests\Feature\Playground\Lead\Resource\Http\Controllers\Playground\GoalRouteTest" classname="Tests.Feature.Playground.Lead.Resource.Http.Controllers.Playground.GoalRouteTest" assertions="3" time="0.362479"/>
        <testcase name="test_json_guest_cannot_see_info" file="/app/vendor/gammamatrix/playground-test/src/Feature/Http/Controllers/Resource/Playground/ShowJsonTrait.php" line="29" class="Tests\Feature\Playground\Lead\Resource\Http\Controllers\Playground\GoalRouteTest" classname="Tests.Feature.Playground.Lead.Resource.Http.Controllers.Playground.GoalRouteTest" assertions="1" time="0.356262"/>
        <testcase name="test_json_show_info_for_admin" file="/app/vendor/gammamatrix/playground-test/src/Feature/Http/Controllers/Resource/Playground/ShowJsonTrait.php" line="49" class="Tests\Feature\Playground\Lead\Resource\Http\Controllers\Playground\GoalRouteTest" classname="Tests.Feature.Playground.Lead.Resource.Http.Controllers.Playground.GoalRouteTest" assertions="124" time="0.386465"/>
        <testcase name="test_guest_cannot_render_show_view" file="/app/vendor/gammamatrix/playground-test/src/Feature/Http/Controllers/Resource/Playground/ShowTrait.php" line="29" class="Tests\Feature\Playground\Lead\Resource\Http\Controllers\Playground\GoalRouteTest" classname="Tests.Feature.Playground.Lead.Resource.Http.Controllers.Playground.GoalRouteTest" assertions="1" time="0.352087"/>
        <testcase name="test_show_view_rendered_by_admin" file="/app/vendor/gammamatrix/playground-test/src/Feature/Http/Controllers/Resource/Playground/ShowTrait.php" line="49" class="Tests\Feature\Playground\Lead\Resource\Http\Controllers\Playground\GoalRouteTest" classname="Tests.Feature.Playground.Lead.Resource.Http.Controllers.Playground.GoalRouteTest" assertions="2" time="0.373486"/>
        <testcase name="test_json_guest_cannot_store" file="/app/vendor/gammamatrix/playground-test/src/Feature/Http/Controllers/Resource/Playground/StoreJsonTrait.php" line="43" class="Tests\Feature\Playground\Lead\Resource\Http\Controllers\Playground\GoalRouteTest" classname="Tests.Feature.Playground.Lead.Resource.Http.Controllers.Playground.GoalRouteTest" assertions="3" time="0.360891"/>
        <testcase name="test_json_store_as_admin_without_payload_and_fail_validation" file="/app/vendor/gammamatrix/playground-test/src/Feature/Http/Controllers/Resource/Playground/StoreJsonTrait.php" line="66" class="Tests\Feature\Playground\Lead\Resource\Http\Controllers\Playground\GoalRouteTest" classname="Tests.Feature.Playground.Lead.Resource.Http.Controllers.Playground.GoalRouteTest" assertions="5" time="0.361137"/>
        <testcase name="test_json_store_as_admin_and_succeed" file="/app/vendor/gammamatrix/playground-test/src/Feature/Http/Controllers/Resource/Playground/StoreJsonTrait.php" line="92" class="Tests\Feature\Playground\Lead\Resource\Http\Controllers\Playground\GoalRouteTest" classname="Tests.Feature.Playground.Lead.Resource.Http.Controllers.Playground.GoalRouteTest" assertions="3" time="0.413054"/>
        <testcase name="test_guest_cannot_store" file="/app/vendor/gammamatrix/playground-test/src/Feature/Http/Controllers/Resource/Playground/StoreTrait.php" line="38" class="Tests\Feature\Playground\Lead\Resource\Http\Controllers\Playground\GoalRouteTest" classname="Tests.Feature.Playground.Lead.Resource.Http.Controllers.Playground.GoalRouteTest" assertions="3" time="0.372661"/>
        <testcase name="test_store_as_admin_without_payload_and_fail_validation" file="/app/vendor/gammamatrix/playground-test/src/Feature/Http/Controllers/Resource/Playground/StoreTrait.php" line="61" class="Tests\Feature\Playground\Lead\Resource\Http\Controllers\Playground\GoalRouteTest" classname="Tests.Feature.Playground.Lead.Resource.Http.Controllers.Playground.GoalRouteTest" assertions="5" time="0.376021"/>
        <testcase name="test_store_as_admin_and_succeed" file="/app/vendor/gammamatrix/playground-test/src/Feature/Http/Controllers/Resource/Playground/StoreTrait.php" line="90" class="Tests\Feature\Playground\Lead\Resource\Http\Controllers\Playground\GoalRouteTest" classname="Tests.Feature.Playground.Lead.Resource.Http.Controllers.Playground.GoalRouteTest" assertions="4" time="0.417787"/>
        <testcase name="test_store_as_admin_and_succeed_with_return_url" file="/app/vendor/gammamatrix/playground-test/src/Feature/Http/Controllers/Resource/Playground/StoreTrait.php" line="135" class="Tests\Feature\Playground\Lead\Resource\Http\Controllers\Playground\GoalRouteTest" classname="Tests.Feature.Playground.Lead.Resource.Http.Controllers.Playground.GoalRouteTest" assertions="4" time="0.400595"/>
        <testcase name="test_json_guest_cannot_unlock" file="/app/vendor/gammamatrix/playground-test/src/Feature/Http/Controllers/Resource/Playground/UnlockJsonTrait.php" line="36" class="Tests\Feature\Playground\Lead\Resource\Http\Controllers\Playground\GoalRouteTest" classname="Tests.Feature.Playground.Lead.Resource.Http.Controllers.Playground.GoalRouteTest" assertions="3" time="0.356411"/>
        <testcase name="test_json_unlock_as_admin_and_succeed" file="/app/vendor/gammamatrix/playground-test/src/Feature/Http/Controllers/Resource/Playground/UnlockJsonTrait.php" line="68" class="Tests\Feature\Playground\Lead\Resource\Http\Controllers\Playground\GoalRouteTest" classname="Tests.Feature.Playground.Lead.Resource.Http.Controllers.Playground.GoalRouteTest" assertions="125" time="0.406741"/>
        <testcase name="test_json_unlock_as_admin_and_succeed_with_no_redirect" file="/app/vendor/gammamatrix/playground-test/src/Feature/Http/Controllers/Resource/Playground/UnlockJsonTrait.php" line="104" class="Tests\Feature\Playground\Lead\Resource\Http\Controllers\Playground\GoalRouteTest" classname="Tests.Feature.Playground.Lead.Resource.Http.Controllers.Playground.GoalRouteTest" assertions="125" time="0.390519"/>
        <testcase name="test_json_unlock_as_user_and_get_denied" file="/app/vendor/gammamatrix/playground-test/src/Feature/Http/Controllers/Resource/Playground/UnlockJsonTrait.php" line="145" class="Tests\Feature\Playground\Lead\Resource\Http\Controllers\Playground\GoalRouteTest" classname="Tests.Feature.Playground.Lead.Resource.Http.Controllers.Playground.GoalRouteTest" assertions="3" time="0.371745"/>
        <testcase name="test_guest_cannot_unlock" file="/app/vendor/gammamatrix/playground-test/src/Feature/Http/Controllers/Resource/Playground/UnlockTrait.php" line="36" class="Tests\Feature\Playground\Lead\Resource\Http\Controllers\Playground\GoalRouteTest" classname="Tests.Feature.Playground.Lead.Resource.Http.Controllers.Playground.GoalRouteTest" assertions="3" time="0.376250"/>
        <testcase name="test_unlock_as_admin_and_succeed" file="/app/vendor/gammamatrix/playground-test/src/Feature/Http/Controllers/Resource/Playground/UnlockTrait.php" line="68" class="Tests\Feature\Playground\Lead\Resource\Http\Controllers\Playground\GoalRouteTest" classname="Tests.Feature.Playground.Lead.Resource.Http.Controllers.Playground.GoalRouteTest" assertions="4" time="0.385944"/>
        <testcase name="test_unlock_as_admin_and_succeed_with_redirect_to_index_with_sorted_by_unlocked_desc" file="/app/vendor/gammamatrix/playground-test/src/Feature/Http/Controllers/Resource/Playground/UnlockTrait.php" line="109" class="Tests\Feature\Playground\Lead\Resource\Http\Controllers\Playground\GoalRouteTest" classname="Tests.Feature.Playground.Lead.Resource.Http.Controllers.Playground.GoalRouteTest" assertions="4" time="0.402152"/>
        <testcase name="test_unlock_as_user_and_get_denied" file="/app/vendor/gammamatrix/playground-test/src/Feature/Http/Controllers/Resource/Playground/UnlockTrait.php" line="148" class="Tests\Feature\Playground\Lead\Resource\Http\Controllers\Playground\GoalRouteTest" classname="Tests.Feature.Playground.Lead.Resource.Http.Controllers.Playground.GoalRouteTest" assertions="3" time="0.374568"/>
        <testcase name="test_json_guest_cannot_update" file="/app/vendor/gammamatrix/playground-test/src/Feature/Http/Controllers/Resource/Playground/UpdateJsonTrait.php" line="45" class="Tests\Feature\Playground\Lead\Resource\Http\Controllers\Playground\GoalRouteTest" classname="Tests.Feature.Playground.Lead.Resource.Http.Controllers.Playground.GoalRouteTest" assertions="1" time="0.374707"/>
        <testcase name="test_json_update_as_admin_without_payload_and_fail_validation" file="/app/vendor/gammamatrix/playground-test/src/Feature/Http/Controllers/Resource/Playground/UpdateJsonTrait.php" line="65" class="Tests\Feature\Playground\Lead\Resource\Http\Controllers\Playground\GoalRouteTest" classname="Tests.Feature.Playground.Lead.Resource.Http.Controllers.Playground.GoalRouteTest" assertions="4" time="0.408216"/>
        <testcase name="test_json_admin_can_update" file="/app/vendor/gammamatrix/playground-test/src/Feature/Http/Controllers/Resource/Playground/UpdateJsonTrait.php" line="90" class="Tests\Feature\Playground\Lead\Resource\Http\Controllers\Playground\GoalRouteTest" classname="Tests.Feature.Playground.Lead.Resource.Http.Controllers.Playground.GoalRouteTest" assertions="127" time="0.434157"/>
        <testcase name="test_guest_cannot_update" file="/app/vendor/gammamatrix/playground-test/src/Feature/Http/Controllers/Resource/Playground/UpdateTrait.php" line="45" class="Tests\Feature\Playground\Lead\Resource\Http\Controllers\Playground\GoalRouteTest" classname="Tests.Feature.Playground.Lead.Resource.Http.Controllers.Playground.GoalRouteTest" assertions="1" time="0.384196"/>
        <testcase name="test_update_as_admin_without_payload_and_fail_validation" file="/app/vendor/gammamatrix/playground-test/src/Feature/Http/Controllers/Resource/Playground/UpdateTrait.php" line="65" class="Tests\Feature\Playground\Lead\Resource\Http\Controllers\Playground\GoalRouteTest" classname="Tests.Feature.Playground.Lead.Resource.Http.Controllers.Playground.GoalRouteTest" assertions="4" time="0.400447"/>
        <testcase name="test_admin_can_update" file="/app/vendor/gammamatrix/playground-test/src/Feature/Http/Controllers/Resource/Playground/UpdateTrait.php" line="90" class="Tests\Feature\Playground\Lead\Resource\Http\Controllers\Playground\GoalRouteTest" classname="Tests.Feature.Playground.Lead.Resource.Http.Controllers.Playground.GoalRouteTest" assertions="6" time="0.433107"/>
        <testcase name="test_admin_can_update_view_with_return_url" file="/app/vendor/gammamatrix/playground-test/src/Feature/Http/Controllers/Resource/Playground/UpdateTrait.php" line="133" class="Tests\Feature\Playground\Lead\Resource\Http\Controllers\Playground\GoalRouteTest" classname="Tests.Feature.Playground.Lead.Resource.Http.Controllers.Playground.GoalRouteTest" assertions="6" time="0.453081"/>
      </testsuite>
      <testsuite name="Tests\Feature\Playground\Lead\Resource\Http\Controllers\Playground\IndexRouteTest" file="/app/tests/Feature/Http/Controllers/Playground/IndexRouteTest.php" tests="2" assertions="3" errors="0" failures="0" skipped="0" time="0.715136">
        <testcase name="test_guest_cannot_render_index_view" file="/app/tests/Feature/Http/Controllers/Playground/IndexRouteTest.php" line="19" class="Tests\Feature\Playground\Lead\Resource\Http\Controllers\Playground\IndexRouteTest" classname="Tests.Feature.Playground.Lead.Resource.Http.Controllers.Playground.IndexRouteTest" assertions="1" time="0.346784"/>
        <testcase name="test_admin_can_render_index_view" file="/app/tests/Feature/Http/Controllers/Playground/IndexRouteTest.php" line="28" class="Tests\Feature\Playground\Lead\Resource\Http\Controllers\Playground\IndexRouteTest" classname="Tests.Feature.Playground.Lead.Resource.Http.Controllers.Playground.IndexRouteTest" assertions="2" time="0.368352"/>
      </testsuite>
      <testsuite name="Tests\Feature\Playground\Lead\Resource\Http\Controllers\Playground\LeadRouteTest" file="/app/tests/Feature/Http/Controllers/Playground/LeadRouteTest.php" tests="73" assertions="1335" errors="0" failures="0" skipped="0" time="28.025665">
        <testcase name="test_json_guest_cannot_get_create_info" file="/app/vendor/gammamatrix/playground-test/src/Feature/Http/Controllers/Resource/Playground/CreateJsonTrait.php" line="38" class="Tests\Feature\Playground\Lead\Resource\Http\Controllers\Playground\LeadRouteTest" classname="Tests.Feature.Playground.Lead.Resource.Http.Controllers.Playground.LeadRouteTest" assertions="1" time="0.398980"/>
        <testcase name="test_json_admin_can_get_create_info" file="/app/vendor/gammamatrix/playground-test/src/Feature/Http/Controllers/Resource/Playground/CreateJsonTrait.php" line="53" class="Tests\Feature\Playground\Lead\Resource\Http\Controllers\Playground\LeadRouteTest" classname="Tests.Feature.Playground.Lead.Resource.Http.Controllers.Playground.LeadRouteTest" assertions="123" time="0.368751"/>
        <testcase name="test_json_get_create_info_as_admin_with_invalid_parameter_and_fail_validation" file="/app/vendor/gammamatrix/playground-test/src/Feature/Http/Controllers/Resource/Playground/CreateJsonTrait.php" line="73" class="Tests\Feature\Playground\Lead\Resource\Http\Controllers\Playground\LeadRouteTest" classname="Tests.Feature.Playground.Lead.Resource.Http.Controllers.Playground.LeadRouteTest" assertions="4" time="0.359824"/>
        <testcase name="test_guest_cannot_render_create_view" file="/app/vendor/gammamatrix/playground-test/src/Feature/Http/Controllers/Resource/Playground/CreateTrait.php" line="33" class="Tests\Feature\Playground\Lead\Resource\Http\Controllers\Playground\LeadRouteTest" classname="Tests.Feature.Playground.Lead.Resource.Http.Controllers.Playground.LeadRouteTest" assertions="1" time="0.338148"/>
        <testcase name="test_admin_can_render_create_view" file="/app/vendor/gammamatrix/playground-test/src/Feature/Http/Controllers/Resource/Playground/CreateTrait.php" line="47" class="Tests\Feature\Playground\Lead\Resource\Http\Controllers\Playground\LeadRouteTest" classname="Tests.Feature.Playground.Lead.Resource.Http.Controllers.Playground.LeadRouteTest" assertions="2" time="0.429186"/>
        <testcase name="test_admin_can_render_create_view_with_return_url" file="/app/vendor/gammamatrix/playground-test/src/Feature/Http/Controllers/Resource/Playground/CreateTrait.php" line="65" class="Tests\Feature\Playground\Lead\Resource\Http\Controllers\Playground\LeadRouteTest" classname="Tests.Feature.Playground.Lead.Resource.Http.Controllers.Playground.LeadRouteTest" assertions="3" time="0.406228"/>
        <testcase name="test_create_view_as_admin_with_invalid_parameter_and_fail_validation_and_redirect" file="/app/vendor/gammamatrix/playground-test/src/Feature/Http/Controllers/Resource/Playground/CreateTrait.php" line="92" class="Tests\Feature\Playground\Lead\Resource\Http\Controllers\Playground\LeadRouteTest" classname="Tests.Feature.Playground.Lead.Resource.Http.Controllers.Playground.LeadRouteTest" assertions="5" time="0.357712"/>
        <testcase name="test_json_guest_cannot_destroy" file="/app/vendor/gammamatrix/playground-test/src/Feature/Http/Controllers/Resource/Playground/DestroyJsonTrait.php" line="31" class="Tests\Feature\Playground\Lead\Resource\Http\Controllers\Playground\LeadRouteTest" classname="Tests.Feature.Playground.Lead.Resource.Http.Controllers.Playground.LeadRouteTest" assertions="3" time="0.345205"/>
        <testcase name="test_json_destroy_as_admin_and_succeed" file="/app/vendor/gammamatrix/playground-test/src/Feature/Http/Controllers/Resource/Playground/DestroyJsonTrait.php" line="61" class="Tests\Feature\Playground\Lead\Resource\Http\Controllers\Playground\LeadRouteTest" classname="Tests.Feature.Playground.Lead.Resource.Http.Controllers.Playground.LeadRouteTest" assertions="5" time="0.384965"/>
        <testcase name="test_json_destroy_as_admin_and_succeed_with_force_delete" file="/app/vendor/gammamatrix/playground-test/src/Feature/Http/Controllers/Resource/Playground/DestroyJsonTrait.php" line="100" class="Tests\Feature\Playground\Lead\Resource\Http\Controllers\Playground\LeadRouteTest" classname="Tests.Feature.Playground.Lead.Resource.Http.Controllers.Playground.LeadRouteTest" assertions="4" time="0.359339"/>
        <testcase name="test_json_destroy_as_admin_and_succeed_with_no_content" file="/app/vendor/gammamatrix/playground-test/src/Feature/Http/Controllers/Resource/Playground/DestroyJsonTrait.php" line="132" class="Tests\Feature\Playground\Lead\Resource\Http\Controllers\Playground\LeadRouteTest" classname="Tests.Feature.Playground.Lead.Resource.Http.Controllers.Playground.LeadRouteTest" assertions="5" time="0.387434"/>
        <testcase name="test_json_destroy_as_admin_and_succeed_and_ignore_redirect" file="/app/vendor/gammamatrix/playground-test/src/Feature/Http/Controllers/Resource/Playground/DestroyJsonTrait.php" line="167" class="Tests\Feature\Playground\Lead\Resource\Http\Controllers\Playground\LeadRouteTest" classname="Tests.Feature.Playground.Lead.Resource.Http.Controllers.Playground.LeadRouteTest" assertions="5" time="0.375089"/>
        <testcase name="test_json_destroy_as_user_and_get_denied_and_no_force_delete_allowed" file="/app/vendor/gammamatrix/playground-test/src/Feature/Http/Controllers/Resource/Playground/DestroyJsonTrait.php" line="209" class="Tests\Feature\Playground\Lead\Resource\Http\Controllers\Playground\LeadRouteTest" classname="Tests.Feature.Playground.Lead.Resource.Http.Controllers.Playground.LeadRouteTest" assertions="3" time="0.366251"/>
        <testcase name="test_guest_cannot_destroy" file="/app/vendor/gammamatrix/playground-test/src/Feature/Http/Controllers/Resource/Playground/DestroyTrait.php" line="31" class="Tests\Feature\Playground\Lead\Resource\Http\Controllers\Playground\LeadRouteTest" classname="Tests.Feature.Playground.Lead.Resource.Http.Controllers.Playground.LeadRouteTest" assertions="3" time="0.374471"/>
        <testcase name="test_destroy_as_admin_and_succeed" file="/app/vendor/gammamatrix/playground-test/src/Feature/Http/Controllers/Resource/Playground/DestroyTrait.php" line="61" class="Tests\Feature\Playground\Lead\Resource\Http\Controllers\Playground\LeadRouteTest" classname="Tests.Feature.Playground.Lead.Resource.Http.Controllers.Playground.LeadRouteTest" assertions="5" time="0.363902"/>
        <testcase name="test_destroy_as_admin_and_succeed_with_force_delete" file="/app/vendor/gammamatrix/playground-test/src/Feature/Http/Controllers/Resource/Playground/DestroyTrait.php" line="97" class="Tests\Feature\Playground\Lead\Resource\Http\Controllers\Playground\LeadRouteTest" classname="Tests.Feature.Playground.Lead.Resource.Http.Controllers.Playground.LeadRouteTest" assertions="4" time="0.371866"/>
        <testcase name="test_destroy_as_admin_and_succeed_with_redirect_to_index_with_trash" file="/app/vendor/gammamatrix/playground-test/src/Feature/Http/Controllers/Resource/Playground/DestroyTrait.php" line="129" class="Tests\Feature\Playground\Lead\Resource\Http\Controllers\Playground\LeadRouteTest" classname="Tests.Feature.Playground.Lead.Resource.Http.Controllers.Playground.LeadRouteTest" assertions="5" time="0.382945"/>
        <testcase name="test_destroy_as_user_and_get_denied_and_no_force_delete_allowed" file="/app/vendor/gammamatrix/playground-test/src/Feature/Http/Controllers/Resource/Playground/DestroyTrait.php" line="171" class="Tests\Feature\Playground\Lead\Resource\Http\Controllers\Playground\LeadRouteTest" classname="Tests.Feature.Playground.Lead.Resource.Http.Controllers.Playground.LeadRouteTest" assertions="3" time="0.371375"/>
        <testcase name="test_json_guest_cannot_get_edit_info" file="/app/vendor/gammamatrix/playground-test/src/Feature/Http/Controllers/Resource/Playground/EditJsonTrait.php" line="38" class="Tests\Feature\Playground\Lead\Resource\Http\Controllers\Playground\LeadRouteTest" classname="Tests.Feature.Playground.Lead.Resource.Http.Controllers.Playground.LeadRouteTest" assertions="1" time="0.353104"/>
        <testcase name="test_json_admin_can_get_edit_info" file="/app/vendor/gammamatrix/playground-test/src/Feature/Http/Controllers/Resource/Playground/EditJsonTrait.php" line="58" class="Tests\Feature\Playground\Lead\Resource\Http\Controllers\Playground\LeadRouteTest" classname="Tests.Feature.Playground.Lead.Resource.Http.Controllers.Playground.LeadRouteTest" assertions="4" time="0.401490"/>
        <testcase name="test_json_edit_as_admin_and_fail_validation_with_invalid_parameter" file="/app/vendor/gammamatrix/playground-test/src/Feature/Http/Controllers/Resource/Playground/EditJsonTrait.php" line="87" class="Tests\Feature\Playground\Lead\Resource\Http\Controllers\Playground\LeadRouteTest" classname="Tests.Feature.Playground.Lead.Resource.Http.Controllers.Playground.LeadRouteTest" assertions="4" time="0.377391"/>
        <testcase name="test_guest_cannot_render_edit_view" file="/app/vendor/gammamatrix/playground-test/src/Feature/Http/Controllers/Resource/Playground/EditTrait.php" line="33" class="Tests\Feature\Playground\Lead\Resource\Http\Controllers\Playground\LeadRouteTest" classname="Tests.Feature.Playground.Lead.Resource.Http.Controllers.Playground.LeadRouteTest" assertions="1" time="0.376264"/>
        <testcase name="test_admin_can_render_edit_view" file="/app/vendor/gammamatrix/playground-test/src/Feature/Http/Controllers/Resource/Playground/EditTrait.php" line="53" class="Tests\Feature\Playground\Lead\Resource\Http\Controllers\Playground\LeadRouteTest" classname="Tests.Feature.Playground.Lead.Resource.Http.Controllers.Playground.LeadRouteTest" assertions="2" time="0.394672"/>
        <testcase name="test_admin_can_render_edit_view_with_return_url" file="/app/vendor/gammamatrix/playground-test/src/Feature/Http/Controllers/Resource/Playground/EditTrait.php" line="77" class="Tests\Feature\Playground\Lead\Resource\Http\Controllers\Playground\LeadRouteTest" classname="Tests.Feature.Playground.Lead.Resource.Http.Controllers.Playground.LeadRouteTest" assertions="3" time="0.407049"/>
        <testcase name="test_edit_view_as_admin_with_invalid_parameter_and_fail_validation_and_redirect" file="/app/vendor/gammamatrix/playground-test/src/Feature/Http/Controllers/Resource/Playground/EditTrait.php" line="109" class="Tests\Feature\Playground\Lead\Resource\Http\Controllers\Playground\LeadRouteTest" classname="Tests.Feature.Playground.Lead.Resource.Http.Controllers.Playground.LeadRouteTest" assertions="4" time="0.396563"/>
        <testcase name="test_json_guest_cannot_get_index" file="/app/vendor/gammamatrix/playground-test/src/Feature/Http/Controllers/Resource/Playground/IndexJsonTrait.php" line="34" class="Tests\Feature\Playground\Lead\Resource\Http\Controllers\Playground\LeadRouteTest" classname="Tests.Feature.Playground.Lead.Resource.Http.Controllers.Playground.LeadRouteTest" assertions="1" time="0.352854"/>
        <testcase name="test_json_admin_can_get_index" file="/app/vendor/gammamatrix/playground-test/src/Feature/Http/Controllers/Resource/Playground/IndexJsonTrait.php" line="49" class="Tests\Feature\Playground\Lead\Resource\Http\Controllers\Playground\LeadRouteTest" classname="Tests.Feature.Playground.Lead.Resource.Http.Controllers.Playground.LeadRouteTest" assertions="130" time="0.384498"/>
        <testcase name="test_json_admin_can_get_index_with_filters" file="/app/vendor/gammamatrix/playground-test/src/Feature/Http/Controllers/Resource/Playground/IndexJsonTrait.php" line="85" class="Tests\Feature\Playground\Lead\Resource\Http\Controllers\Playground\LeadRouteTest" classname="Tests.Feature.Playground.Lead.Resource.Http.Controllers.Playground.LeadRouteTest" assertions="3" time="0.398754"/>
        <testcase name="test_guest_cannot_render_index_view" file="/app/vendor/gammamatrix/playground-test/src/Feature/Http/Controllers/Resource/Playground/IndexTrait.php" line="29" class="Tests\Feature\Playground\Lead\Resource\Http\Controllers\Playground\LeadRouteTest" classname="Tests.Feature.Playground.Lead.Resource.Http.Controllers.Playground.LeadRouteTest" assertions="1" time="0.354165"/>
        <testcase name="test_admin_can_render_index_view" file="/app/vendor/gammamatrix/playground-test/src/Feature/Http/Controllers/Resource/Playground/IndexTrait.php" line="44" class="Tests\Feature\Playground\Lead\Resource\Http\Controllers\Playground\LeadRouteTest" classname="Tests.Feature.Playground.Lead.Resource.Http.Controllers.Playground.LeadRouteTest" assertions="2" time="0.450296"/>
        <testcase name="test_admin_can_render_index_view_with_filters" file="/app/vendor/gammamatrix/playground-test/src/Feature/Http/Controllers/Resource/Playground/IndexTrait.php" line="77" class="Tests\Feature\Playground\Lead\Resource\Http\Controllers\Playground\LeadRouteTest" classname="Tests.Feature.Playground.Lead.Resource.Http.Controllers.Playground.LeadRouteTest" assertions="3" time="0.410986"/>
        <testcase name="test_json_guest_cannot_lock" file="/app/vendor/gammamatrix/playground-test/src/Feature/Http/Controllers/Resource/Playground/LockJsonTrait.php" line="36" class="Tests\Feature\Playground\Lead\Resource\Http\Controllers\Playground\LeadRouteTest" classname="Tests.Feature.Playground.Lead.Resource.Http.Controllers.Playground.LeadRouteTest" assertions="3" time="0.361678"/>
        <testcase name="test_json_lock_as_admin_and_succeed" file="/app/vendor/gammamatrix/playground-test/src/Feature/Http/Controllers/Resource/Playground/LockJsonTrait.php" line="66" class="Tests\Feature\Playground\Lead\Resource\Http\Controllers\Playground\LeadRouteTest" classname="Tests.Feature.Playground.Lead.Resource.Http.Controllers.Playground.LeadRouteTest" assertions="3" time="0.393452"/>
        <testcase name="test_json_lock_as_admin_and_succeed_with_no_redirect" file="/app/vendor/gammamatrix/playground-test/src/Feature/Http/Controllers/Resource/Playground/LockJsonTrait.php" line="98" class="Tests\Feature\Playground\Lead\Resource\Http\Controllers\Playground\LeadRouteTest" classname="Tests.Feature.Playground.Lead.Resource.Http.Controllers.Playground.LeadRouteTest" assertions="125" time="0.374683"/>
        <testcase name="test_json_lock_as_user_and_get_denied" file="/app/vendor/gammamatrix/playground-test/src/Feature/Http/Controllers/Resource/Playground/LockJsonTrait.php" line="143" class="Tests\Feature\Playground\Lead\Resource\Http\Controllers\Playground\LeadRouteTest" classname="Tests.Feature.Playground.Lead.Resource.Http.Controllers.Playground.LeadRouteTest" assertions="3" time="0.379237"/>
        <testcase name="test_guest_cannot_lock" file="/app/vendor/gammamatrix/playground-test/src/Feature/Http/Controllers/Resource/Playground/LockTrait.php" line="31" class="Tests\Feature\Playground\Lead\Resource\Http\Controllers\Playground\LeadRouteTest" classname="Tests.Feature.Playground.Lead.Resource.Http.Controllers.Playground.LeadRouteTest" assertions="3" time="0.368800"/>
        <testcase name="test_lock_as_admin_and_succeed" file="/app/vendor/gammamatrix/playground-test/src/Feature/Http/Controllers/Resource/Playground/LockTrait.php" line="61" class="Tests\Feature\Playground\Lead\Resource\Http\Controllers\Playground\LeadRouteTest" classname="Tests.Feature.Playground.Lead.Resource.Http.Controllers.Playground.LeadRouteTest" assertions="4" time="0.369716"/>
        <testcase name="test_lock_as_admin_and_succeed_with_redirect_to_index_with_sorted_by_locked_desc" file="/app/vendor/gammamatrix/playground-test/src/Feature/Http/Controllers/Resource/Playground/LockTrait.php" line="95" class="Tests\Feature\Playground\Lead\Resource\Http\Controllers\Playground\LeadRouteTest" classname="Tests.Feature.Playground.Lead.Resource.Http.Controllers.Playground.LeadRouteTest" assertions="4" time="0.386448"/>
        <testcase name="test_lock_as_user_and_get_denied" file="/app/vendor/gammamatrix/playground-test/src/Feature/Http/Controllers/Resource/Playground/LockTrait.php" line="132" class="Tests\Feature\Playground\Lead\Resource\Http\Controllers\Playground\LeadRouteTest" classname="Tests.Feature.Playground.Lead.Resource.Http.Controllers.Playground.LeadRouteTest" assertions="3" time="0.354153"/>
        <testcase name="test_json_guest_cannot_restore" file="/app/vendor/gammamatrix/playground-test/src/Feature/Http/Controllers/Resource/Playground/RestoreJsonTrait.php" line="32" class="Tests\Feature\Playground\Lead\Resource\Http\Controllers\Playground\LeadRouteTest" classname="Tests.Feature.Playground.Lead.Resource.Http.Controllers.Playground.LeadRouteTest" assertions="3" time="0.356688"/>
        <testcase name="test_json_restore_as_admin_and_succeed" file="/app/vendor/gammamatrix/playground-test/src/Feature/Http/Controllers/Resource/Playground/RestoreJsonTrait.php" line="64" class="Tests\Feature\Playground\Lead\Resource\Http\Controllers\Playground\LeadRouteTest" classname="Tests.Feature.Playground.Lead.Resource.Http.Controllers.Playground.LeadRouteTest" assertions="125" time="0.400565"/>
        <testcase name="test_json_restore_as_admin_and_succeed_with_no_redirect" file="/app/vendor/gammamatrix/playground-test/src/Feature/Http/Controllers/Resource/Playground/RestoreJsonTrait.php" line="100" class="Tests\Feature\Playground\Lead\Resource\Http\Controllers\Playground\LeadRouteTest" classname="Tests.Feature.Playground.Lead.Resource.Http.Controllers.Playground.LeadRouteTest" assertions="125" time="0.378157"/>
        <testcase name="test_json_restore_as_user_and_get_denied" file="/app/vendor/gammamatrix/playground-test/src/Feature/Http/Controllers/Resource/Playground/RestoreJsonTrait.php" line="143" class="Tests\Feature\Playground\Lead\Resource\Http\Controllers\Playground\LeadRouteTest" classname="Tests.Feature.Playground.Lead.Resource.Http.Controllers.Playground.LeadRouteTest" assertions="3" time="0.363893"/>
        <testcase name="test_guest_cannot_restore" file="/app/vendor/gammamatrix/playground-test/src/Feature/Http/Controllers/Resource/Playground/RestoreTrait.php" line="32" class="Tests\Feature\Playground\Lead\Resource\Http\Controllers\Playground\LeadRouteTest" classname="Tests.Feature.Playground.Lead.Resource.Http.Controllers.Playground.LeadRouteTest" assertions="3" time="0.381691"/>
        <testcase name="test_restore_as_admin_and_succeed" file="/app/vendor/gammamatrix/playground-test/src/Feature/Http/Controllers/Resource/Playground/RestoreTrait.php" line="64" class="Tests\Feature\Playground\Lead\Resource\Http\Controllers\Playground\LeadRouteTest" classname="Tests.Feature.Playground.Lead.Resource.Http.Controllers.Playground.LeadRouteTest" assertions="4" time="0.364216"/>
        <testcase name="test_restore_as_admin_and_succeed_with_redirect_to_index_with_only_trash" file="/app/vendor/gammamatrix/playground-test/src/Feature/Http/Controllers/Resource/Playground/RestoreTrait.php" line="100" class="Tests\Feature\Playground\Lead\Resource\Http\Controllers\Playground\LeadRouteTest" classname="Tests.Feature.Playground.Lead.Resource.Http.Controllers.Playground.LeadRouteTest" assertions="4" time="0.394995"/>
        <testcase name="test_restore_as_user_and_get_denied" file="/app/vendor/gammamatrix/playground-test/src/Feature/Http/Controllers/Resource/Playground/RestoreTrait.php" line="146" class="Tests\Feature\Playground\Lead\Resource\Http\Controllers\Playground\LeadRouteTest" classname="Tests.Feature.Playground.Lead.Resource.Http.Controllers.Playground.LeadRouteTest" assertions="3" time="0.372451"/>
        <testcase name="test_json_guest_cannot_see_info" file="/app/vendor/gammamatrix/playground-test/src/Feature/Http/Controllers/Resource/Playground/ShowJsonTrait.php" line="29" class="Tests\Feature\Playground\Lead\Resource\Http\Controllers\Playground\LeadRouteTest" classname="Tests.Feature.Playground.Lead.Resource.Http.Controllers.Playground.LeadRouteTest" assertions="1" time="0.363469"/>
        <testcase name="test_json_show_info_for_admin" file="/app/vendor/gammamatrix/playground-test/src/Feature/Http/Controllers/Resource/Playground/ShowJsonTrait.php" line="49" class="Tests\Feature\Playground\Lead\Resource\Http\Controllers\Playground\LeadRouteTest" classname="Tests.Feature.Playground.Lead.Resource.Http.Controllers.Playground.LeadRouteTest" assertions="124" time="0.394297"/>
        <testcase name="test_guest_cannot_render_show_view" file="/app/vendor/gammamatrix/playground-test/src/Feature/Http/Controllers/Resource/Playground/ShowTrait.php" line="29" class="Tests\Feature\Playground\Lead\Resource\Http\Controllers\Playground\LeadRouteTest" classname="Tests.Feature.Playground.Lead.Resource.Http.Controllers.Playground.LeadRouteTest" assertions="1" time="0.360639"/>
        <testcase name="test_show_view_rendered_by_admin" file="/app/vendor/gammamatrix/playground-test/src/Feature/Http/Controllers/Resource/Playground/ShowTrait.php" line="49" class="Tests\Feature\Playground\Lead\Resource\Http\Controllers\Playground\LeadRouteTest" classname="Tests.Feature.Playground.Lead.Resource.Http.Controllers.Playground.LeadRouteTest" assertions="2" time="0.384400"/>
        <testcase name="test_json_guest_cannot_store" file="/app/vendor/gammamatrix/playground-test/src/Feature/Http/Controllers/Resource/Playground/StoreJsonTrait.php" line="43" class="Tests\Feature\Playground\Lead\Resource\Http\Controllers\Playground\LeadRouteTest" classname="Tests.Feature.Playground.Lead.Resource.Http.Controllers.Playground.LeadRouteTest" assertions="3" time="0.376155"/>
        <testcase name="test_json_store_as_admin_without_payload_and_fail_validation" file="/app/vendor/gammamatrix/playground-test/src/Feature/Http/Controllers/Resource/Playground/StoreJsonTrait.php" line="66" class="Tests\Feature\Playground\Lead\Resource\Http\Controllers\Playground\LeadRouteTest" classname="Tests.Feature.Playground.Lead.Resource.Http.Controllers.Playground.LeadRouteTest" assertions="5" time="0.371940"/>
        <testcase name="test_json_store_as_admin_and_succeed" file="/app/vendor/gammamatrix/playground-test/src/Feature/Http/Controllers/Resource/Playground/StoreJsonTrait.php" line="92" class="Tests\Feature\Playground\Lead\Resource\Http\Controllers\Playground\LeadRouteTest" classname="Tests.Feature.Playground.Lead.Resource.Http.Controllers.Playground.LeadRouteTest" assertions="3" time="0.456830"/>
        <testcase name="test_guest_cannot_store" file="/app/vendor/gammamatrix/playground-test/src/Feature/Http/Controllers/Resource/Playground/StoreTrait.php" line="38" class="Tests\Feature\Playground\Lead\Resource\Http\Controllers\Playground\LeadRouteTest" classname="Tests.Feature.Playground.Lead.Resource.Http.Controllers.Playground.LeadRouteTest" assertions="3" time="0.355480"/>
        <testcase name="test_store_as_admin_without_payload_and_fail_validation" file="/app/vendor/gammamatrix/playground-test/src/Feature/Http/Controllers/Resource/Playground/StoreTrait.php" line="61" class="Tests\Feature\Playground\Lead\Resource\Http\Controllers\Playground\LeadRouteTest" classname="Tests.Feature.Playground.Lead.Resource.Http.Controllers.Playground.LeadRouteTest" assertions="5" time="0.361530"/>
        <testcase name="test_store_as_admin_and_succeed" file="/app/vendor/gammamatrix/playground-test/src/Feature/Http/Controllers/Resource/Playground/StoreTrait.php" line="90" class="Tests\Feature\Playground\Lead\Resource\Http\Controllers\Playground\LeadRouteTest" classname="Tests.Feature.Playground.Lead.Resource.Http.Controllers.Playground.LeadRouteTest" assertions="4" time="0.419952"/>
        <testcase name="test_store_as_admin_and_succeed_with_return_url" file="/app/vendor/gammamatrix/playground-test/src/Feature/Http/Controllers/Resource/Playground/StoreTrait.php" line="135" class="Tests\Feature\Playground\Lead\Resource\Http\Controllers\Playground\LeadRouteTest" classname="Tests.Feature.Playground.Lead.Resource.Http.Controllers.Playground.LeadRouteTest" assertions="4" time="0.427102"/>
        <testcase name="test_json_guest_cannot_unlock" file="/app/vendor/gammamatrix/playground-test/src/Feature/Http/Controllers/Resource/Playground/UnlockJsonTrait.php" line="36" class="Tests\Feature\Playground\Lead\Resource\Http\Controllers\Playground\LeadRouteTest" classname="Tests.Feature.Playground.Lead.Resource.Http.Controllers.Playground.LeadRouteTest" assertions="3" time="0.364959"/>
        <testcase name="test_json_unlock_as_admin_and_succeed" file="/app/vendor/gammamatrix/playground-test/src/Feature/Http/Controllers/Resource/Playground/UnlockJsonTrait.php" line="68" class="Tests\Feature\Playground\Lead\Resource\Http\Controllers\Playground\LeadRouteTest" classname="Tests.Feature.Playground.Lead.Resource.Http.Controllers.Playground.LeadRouteTest" assertions="125" time="0.401782"/>
        <testcase name="test_json_unlock_as_admin_and_succeed_with_no_redirect" file="/app/vendor/gammamatrix/playground-test/src/Feature/Http/Controllers/Resource/Playground/UnlockJsonTrait.php" line="104" class="Tests\Feature\Playground\Lead\Resource\Http\Controllers\Playground\LeadRouteTest" classname="Tests.Feature.Playground.Lead.Resource.Http.Controllers.Playground.LeadRouteTest" assertions="125" time="0.379842"/>
        <testcase name="test_json_unlock_as_user_and_get_denied" file="/app/vendor/gammamatrix/playground-test/src/Feature/Http/Controllers/Resource/Playground/UnlockJsonTrait.php" line="145" class="Tests\Feature\Playground\Lead\Resource\Http\Controllers\Playground\LeadRouteTest" classname="Tests.Feature.Playground.Lead.Resource.Http.Controllers.Playground.LeadRouteTest" assertions="3" time="0.395663"/>
        <testcase name="test_guest_cannot_unlock" file="/app/vendor/gammamatrix/playground-test/src/Feature/Http/Controllers/Resource/Playground/UnlockTrait.php" line="36" class="Tests\Feature\Playground\Lead\Resource\Http\Controllers\Playground\LeadRouteTest" classname="Tests.Feature.Playground.Lead.Resource.Http.Controllers.Playground.LeadRouteTest" assertions="3" time="0.360846"/>
        <testcase name="test_unlock_as_admin_and_succeed" file="/app/vendor/gammamatrix/playground-test/src/Feature/Http/Controllers/Resource/Playground/UnlockTrait.php" line="68" class="Tests\Feature\Playground\Lead\Resource\Http\Controllers\Playground\LeadRouteTest" classname="Tests.Feature.Playground.Lead.Resource.Http.Controllers.Playground.LeadRouteTest" assertions="4" time="0.375028"/>
        <testcase name="test_unlock_as_admin_and_succeed_with_redirect_to_index_with_sorted_by_unlocked_desc" file="/app/vendor/gammamatrix/playground-test/src/Feature/Http/Controllers/Resource/Playground/UnlockTrait.php" line="109" class="Tests\Feature\Playground\Lead\Resource\Http\Controllers\Playground\LeadRouteTest" classname="Tests.Feature.Playground.Lead.Resource.Http.Controllers.Playground.LeadRouteTest" assertions="4" time="0.407333"/>
        <testcase name="test_unlock_as_user_and_get_denied" file="/app/vendor/gammamatrix/playground-test/src/Feature/Http/Controllers/Resource/Playground/UnlockTrait.php" line="148" class="Tests\Feature\Playground\Lead\Resource\Http\Controllers\Playground\LeadRouteTest" classname="Tests.Feature.Playground.Lead.Resource.Http.Controllers.Playground.LeadRouteTest" assertions="3" time="0.369761"/>
        <testcase name="test_json_guest_cannot_update" file="/app/vendor/gammamatrix/playground-test/src/Feature/Http/Controllers/Resource/Playground/UpdateJsonTrait.php" line="45" class="Tests\Feature\Playground\Lead\Resource\Http\Controllers\Playground\LeadRouteTest" classname="Tests.Feature.Playground.Lead.Resource.Http.Controllers.Playground.LeadRouteTest" assertions="1" time="0.367449"/>
        <testcase name="test_json_update_as_admin_without_payload_and_fail_validation" file="/app/vendor/gammamatrix/playground-test/src/Feature/Http/Controllers/Resource/Playground/UpdateJsonTrait.php" line="65" class="Tests\Feature\Playground\Lead\Resource\Http\Controllers\Playground\LeadRouteTest" classname="Tests.Feature.Playground.Lead.Resource.Http.Controllers.Playground.LeadRouteTest" assertions="4" time="0.409707"/>
        <testcase name="test_json_admin_can_update" file="/app/vendor/gammamatrix/playground-test/src/Feature/Http/Controllers/Resource/Playground/UpdateJsonTrait.php" line="90" class="Tests\Feature\Playground\Lead\Resource\Http\Controllers\Playground\LeadRouteTest" classname="Tests.Feature.Playground.Lead.Resource.Http.Controllers.Playground.LeadRouteTest" assertions="127" time="0.439781"/>
        <testcase name="test_guest_cannot_update" file="/app/vendor/gammamatrix/playground-test/src/Feature/Http/Controllers/Resource/Playground/UpdateTrait.php" line="45" class="Tests\Feature\Playground\Lead\Resource\Http\Controllers\Playground\LeadRouteTest" classname="Tests.Feature.Playground.Lead.Resource.Http.Controllers.Playground.LeadRouteTest" assertions="1" time="0.391294"/>
        <testcase name="test_update_as_admin_without_payload_and_fail_validation" file="/app/vendor/gammamatrix/playground-test/src/Feature/Http/Controllers/Resource/Playground/UpdateTrait.php" line="65" class="Tests\Feature\Playground\Lead\Resource\Http\Controllers\Playground\LeadRouteTest" classname="Tests.Feature.Playground.Lead.Resource.Http.Controllers.Playground.LeadRouteTest" assertions="4" time="0.383414"/>
        <testcase name="test_admin_can_update" file="/app/vendor/gammamatrix/playground-test/src/Feature/Http/Controllers/Resource/Playground/UpdateTrait.php" line="90" class="Tests\Feature\Playground\Lead\Resource\Http\Controllers\Playground\LeadRouteTest" classname="Tests.Feature.Playground.Lead.Resource.Http.Controllers.Playground.LeadRouteTest" assertions="6" time="0.430978"/>
        <testcase name="test_admin_can_update_view_with_return_url" file="/app/vendor/gammamatrix/playground-test/src/Feature/Http/Controllers/Resource/Playground/UpdateTrait.php" line="133" class="Tests\Feature\Playground\Lead\Resource\Http\Controllers\Playground\LeadRouteTest" classname="Tests.Feature.Playground.Lead.Resource.Http.Controllers.Playground.LeadRouteTest" assertions="6" time="0.475459"/>
      </testsuite>
      <testsuite name="Tests\Feature\Playground\Lead\Resource\Http\Controllers\Playground\OpportunityRouteTest" file="/app/tests/Feature/Http/Controllers/Playground/OpportunityRouteTest.php" tests="73" assertions="1335" errors="0" failures="0" skipped="0" time="28.252435">
        <testcase name="test_json_guest_cannot_get_create_info" file="/app/vendor/gammamatrix/playground-test/src/Feature/Http/Controllers/Resource/Playground/CreateJsonTrait.php" line="38" class="Tests\Feature\Playground\Lead\Resource\Http\Controllers\Playground\OpportunityRouteTest" classname="Tests.Feature.Playground.Lead.Resource.Http.Controllers.Playground.OpportunityRouteTest" assertions="1" time="0.400605"/>
        <testcase name="test_json_admin_can_get_create_info" file="/app/vendor/gammamatrix/playground-test/src/Feature/Http/Controllers/Resource/Playground/CreateJsonTrait.php" line="53" class="Tests\Feature\Playground\Lead\Resource\Http\Controllers\Playground\OpportunityRouteTest" classname="Tests.Feature.Playground.Lead.Resource.Http.Controllers.Playground.OpportunityRouteTest" assertions="123" time="0.399017"/>
        <testcase name="test_json_get_create_info_as_admin_with_invalid_parameter_and_fail_validation" file="/app/vendor/gammamatrix/playground-test/src/Feature/Http/Controllers/Resource/Playground/CreateJsonTrait.php" line="73" class="Tests\Feature\Playground\Lead\Resource\Http\Controllers\Playground\OpportunityRouteTest" classname="Tests.Feature.Playground.Lead.Resource.Http.Controllers.Playground.OpportunityRouteTest" assertions="4" time="0.362052"/>
        <testcase name="test_guest_cannot_render_create_view" file="/app/vendor/gammamatrix/playground-test/src/Feature/Http/Controllers/Resource/Playground/CreateTrait.php" line="33" class="Tests\Feature\Playground\Lead\Resource\Http\Controllers\Playground\OpportunityRouteTest" classname="Tests.Feature.Playground.Lead.Resource.Http.Controllers.Playground.OpportunityRouteTest" assertions="1" time="0.338718"/>
        <testcase name="test_admin_can_render_create_view" file="/app/vendor/gammamatrix/playground-test/src/Feature/Http/Controllers/Resource/Playground/CreateTrait.php" line="47" class="Tests\Feature\Playground\Lead\Resource\Http\Controllers\Playground\OpportunityRouteTest" classname="Tests.Feature.Playground.Lead.Resource.Http.Controllers.Playground.OpportunityRouteTest" assertions="2" time="0.424941"/>
        <testcase name="test_admin_can_render_create_view_with_return_url" file="/app/vendor/gammamatrix/playground-test/src/Feature/Http/Controllers/Resource/Playground/CreateTrait.php" line="65" class="Tests\Feature\Playground\Lead\Resource\Http\Controllers\Playground\OpportunityRouteTest" classname="Tests.Feature.Playground.Lead.Resource.Http.Controllers.Playground.OpportunityRouteTest" assertions="3" time="0.397981"/>
        <testcase name="test_create_view_as_admin_with_invalid_parameter_and_fail_validation_and_redirect" file="/app/vendor/gammamatrix/playground-test/src/Feature/Http/Controllers/Resource/Playground/CreateTrait.php" line="92" class="Tests\Feature\Playground\Lead\Resource\Http\Controllers\Playground\OpportunityRouteTest" classname="Tests.Feature.Playground.Lead.Resource.Http.Controllers.Playground.OpportunityRouteTest" assertions="5" time="0.360396"/>
        <testcase name="test_json_guest_cannot_destroy" file="/app/vendor/gammamatrix/playground-test/src/Feature/Http/Controllers/Resource/Playground/DestroyJsonTrait.php" line="31" class="Tests\Feature\Playground\Lead\Resource\Http\Controllers\Playground\OpportunityRouteTest" classname="Tests.Feature.Playground.Lead.Resource.Http.Controllers.Playground.OpportunityRouteTest" assertions="3" time="0.360335"/>
        <testcase name="test_json_destroy_as_admin_and_succeed" file="/app/vendor/gammamatrix/playground-test/src/Feature/Http/Controllers/Resource/Playground/DestroyJsonTrait.php" line="61" class="Tests\Feature\Playground\Lead\Resource\Http\Controllers\Playground\OpportunityRouteTest" classname="Tests.Feature.Playground.Lead.Resource.Http.Controllers.Playground.OpportunityRouteTest" assertions="5" time="0.352179"/>
        <testcase name="test_json_destroy_as_admin_and_succeed_with_force_delete" file="/app/vendor/gammamatrix/playground-test/src/Feature/Http/Controllers/Resource/Playground/DestroyJsonTrait.php" line="100" class="Tests\Feature\Playground\Lead\Resource\Http\Controllers\Playground\OpportunityRouteTest" classname="Tests.Feature.Playground.Lead.Resource.Http.Controllers.Playground.OpportunityRouteTest" assertions="4" time="0.392018"/>
        <testcase name="test_json_destroy_as_admin_and_succeed_with_no_content" file="/app/vendor/gammamatrix/playground-test/src/Feature/Http/Controllers/Resource/Playground/DestroyJsonTrait.php" line="132" class="Tests\Feature\Playground\Lead\Resource\Http\Controllers\Playground\OpportunityRouteTest" classname="Tests.Feature.Playground.Lead.Resource.Http.Controllers.Playground.OpportunityRouteTest" assertions="5" time="0.361577"/>
        <testcase name="test_json_destroy_as_admin_and_succeed_and_ignore_redirect" file="/app/vendor/gammamatrix/playground-test/src/Feature/Http/Controllers/Resource/Playground/DestroyJsonTrait.php" line="167" class="Tests\Feature\Playground\Lead\Resource\Http\Controllers\Playground\OpportunityRouteTest" classname="Tests.Feature.Playground.Lead.Resource.Http.Controllers.Playground.OpportunityRouteTest" assertions="5" time="0.369107"/>
        <testcase name="test_json_destroy_as_user_and_get_denied_and_no_force_delete_allowed" file="/app/vendor/gammamatrix/playground-test/src/Feature/Http/Controllers/Resource/Playground/DestroyJsonTrait.php" line="209" class="Tests\Feature\Playground\Lead\Resource\Http\Controllers\Playground\OpportunityRouteTest" classname="Tests.Feature.Playground.Lead.Resource.Http.Controllers.Playground.OpportunityRouteTest" assertions="3" time="0.400736"/>
        <testcase name="test_guest_cannot_destroy" file="/app/vendor/gammamatrix/playground-test/src/Feature/Http/Controllers/Resource/Playground/DestroyTrait.php" line="31" class="Tests\Feature\Playground\Lead\Resource\Http\Controllers\Playground\OpportunityRouteTest" classname="Tests.Feature.Playground.Lead.Resource.Http.Controllers.Playground.OpportunityRouteTest" assertions="3" time="0.356849"/>
        <testcase name="test_destroy_as_admin_and_succeed" file="/app/vendor/gammamatrix/playground-test/src/Feature/Http/Controllers/Resource/Playground/DestroyTrait.php" line="61" class="Tests\Feature\Playground\Lead\Resource\Http\Controllers\Playground\OpportunityRouteTest" classname="Tests.Feature.Playground.Lead.Resource.Http.Controllers.Playground.OpportunityRouteTest" assertions="5" time="0.363362"/>
        <testcase name="test_destroy_as_admin_and_succeed_with_force_delete" file="/app/vendor/gammamatrix/playground-test/src/Feature/Http/Controllers/Resource/Playground/DestroyTrait.php" line="97" class="Tests\Feature\Playground\Lead\Resource\Http\Controllers\Playground\OpportunityRouteTest" classname="Tests.Feature.Playground.Lead.Resource.Http.Controllers.Playground.OpportunityRouteTest" assertions="4" time="0.387443"/>
        <testcase name="test_destroy_as_admin_and_succeed_with_redirect_to_index_with_trash" file="/app/vendor/gammamatrix/playground-test/src/Feature/Http/Controllers/Resource/Playground/DestroyTrait.php" line="129" class="Tests\Feature\Playground\Lead\Resource\Http\Controllers\Playground\OpportunityRouteTest" classname="Tests.Feature.Playground.Lead.Resource.Http.Controllers.Playground.OpportunityRouteTest" assertions="5" time="0.368386"/>
        <testcase name="test_destroy_as_user_and_get_denied_and_no_force_delete_allowed" file="/app/vendor/gammamatrix/playground-test/src/Feature/Http/Controllers/Resource/Playground/DestroyTrait.php" line="171" class="Tests\Feature\Playground\Lead\Resource\Http\Controllers\Playground\OpportunityRouteTest" classname="Tests.Feature.Playground.Lead.Resource.Http.Controllers.Playground.OpportunityRouteTest" assertions="3" time="0.375494"/>
        <testcase name="test_json_guest_cannot_get_edit_info" file="/app/vendor/gammamatrix/playground-test/src/Feature/Http/Controllers/Resource/Playground/EditJsonTrait.php" line="38" class="Tests\Feature\Playground\Lead\Resource\Http\Controllers\Playground\OpportunityRouteTest" classname="Tests.Feature.Playground.Lead.Resource.Http.Controllers.Playground.OpportunityRouteTest" assertions="1" time="0.379036"/>
        <testcase name="test_json_admin_can_get_edit_info" file="/app/vendor/gammamatrix/playground-test/src/Feature/Http/Controllers/Resource/Playground/EditJsonTrait.php" line="58" class="Tests\Feature\Playground\Lead\Resource\Http\Controllers\Playground\OpportunityRouteTest" classname="Tests.Feature.Playground.Lead.Resource.Http.Controllers.Playground.OpportunityRouteTest" assertions="4" time="0.375888"/>
        <testcase name="test_json_edit_as_admin_and_fail_validation_with_invalid_parameter" file="/app/vendor/gammamatrix/playground-test/src/Feature/Http/Controllers/Resource/Playground/EditJsonTrait.php" line="87" class="Tests\Feature\Playground\Lead\Resource\Http\Controllers\Playground\OpportunityRouteTest" classname="Tests.Feature.Playground.Lead.Resource.Http.Controllers.Playground.OpportunityRouteTest" assertions="4" time="0.395988"/>
        <testcase name="test_guest_cannot_render_edit_view" file="/app/vendor/gammamatrix/playground-test/src/Feature/Http/Controllers/Resource/Playground/EditTrait.php" line="33" class="Tests\Feature\Playground\Lead\Resource\Http\Controllers\Playground\OpportunityRouteTest" classname="Tests.Feature.Playground.Lead.Resource.Http.Controllers.Playground.OpportunityRouteTest" assertions="1" time="0.345964"/>
        <testcase name="test_admin_can_render_edit_view" file="/app/vendor/gammamatrix/playground-test/src/Feature/Http/Controllers/Resource/Playground/EditTrait.php" line="53" class="Tests\Feature\Playground\Lead\Resource\Http\Controllers\Playground\OpportunityRouteTest" classname="Tests.Feature.Playground.Lead.Resource.Http.Controllers.Playground.OpportunityRouteTest" assertions="2" time="0.385968"/>
        <testcase name="test_admin_can_render_edit_view_with_return_url" file="/app/vendor/gammamatrix/playground-test/src/Feature/Http/Controllers/Resource/Playground/EditTrait.php" line="77" class="Tests\Feature\Playground\Lead\Resource\Http\Controllers\Playground\OpportunityRouteTest" classname="Tests.Feature.Playground.Lead.Resource.Http.Controllers.Playground.OpportunityRouteTest" assertions="3" time="0.429448"/>
        <testcase name="test_edit_view_as_admin_with_invalid_parameter_and_fail_validation_and_redirect" file="/app/vendor/gammamatrix/playground-test/src/Feature/Http/Controllers/Resource/Playground/EditTrait.php" line="109" class="Tests\Feature\Playground\Lead\Resource\Http\Controllers\Playground\OpportunityRouteTest" classname="Tests.Feature.Playground.Lead.Resource.Http.Controllers.Playground.OpportunityRouteTest" assertions="4" time="0.376654"/>
        <testcase name="test_json_guest_cannot_get_index" file="/app/vendor/gammamatrix/playground-test/src/Feature/Http/Controllers/Resource/Playground/IndexJsonTrait.php" line="34" class="Tests\Feature\Playground\Lead\Resource\Http\Controllers\Playground\OpportunityRouteTest" classname="Tests.Feature.Playground.Lead.Resource.Http.Controllers.Playground.OpportunityRouteTest" assertions="1" time="0.356746"/>
        <testcase name="test_json_admin_can_get_index" file="/app/vendor/gammamatrix/playground-test/src/Feature/Http/Controllers/Resource/Playground/IndexJsonTrait.php" line="49" class="Tests\Feature\Playground\Lead\Resource\Http\Controllers\Playground\OpportunityRouteTest" classname="Tests.Feature.Playground.Lead.Resource.Http.Controllers.Playground.OpportunityRouteTest" assertions="130" time="0.412538"/>
        <testcase name="test_json_admin_can_get_index_with_filters" file="/app/vendor/gammamatrix/playground-test/src/Feature/Http/Controllers/Resource/Playground/IndexJsonTrait.php" line="85" class="Tests\Feature\Playground\Lead\Resource\Http\Controllers\Playground\OpportunityRouteTest" classname="Tests.Feature.Playground.Lead.Resource.Http.Controllers.Playground.OpportunityRouteTest" assertions="3" time="0.384348"/>
        <testcase name="test_guest_cannot_render_index_view" file="/app/vendor/gammamatrix/playground-test/src/Feature/Http/Controllers/Resource/Playground/IndexTrait.php" line="29" class="Tests\Feature\Playground\Lead\Resource\Http\Controllers\Playground\OpportunityRouteTest" classname="Tests.Feature.Playground.Lead.Resource.Http.Controllers.Playground.OpportunityRouteTest" assertions="1" time="0.388244"/>
        <testcase name="test_admin_can_render_index_view" file="/app/vendor/gammamatrix/playground-test/src/Feature/Http/Controllers/Resource/Playground/IndexTrait.php" line="44" class="Tests\Feature\Playground\Lead\Resource\Http\Controllers\Playground\OpportunityRouteTest" classname="Tests.Feature.Playground.Lead.Resource.Http.Controllers.Playground.OpportunityRouteTest" assertions="2" time="0.426075"/>
        <testcase name="test_admin_can_render_index_view_with_filters" file="/app/vendor/gammamatrix/playground-test/src/Feature/Http/Controllers/Resource/Playground/IndexTrait.php" line="77" class="Tests\Feature\Playground\Lead\Resource\Http\Controllers\Playground\OpportunityRouteTest" classname="Tests.Feature.Playground.Lead.Resource.Http.Controllers.Playground.OpportunityRouteTest" assertions="3" time="0.397585"/>
        <testcase name="test_json_guest_cannot_lock" file="/app/vendor/gammamatrix/playground-test/src/Feature/Http/Controllers/Resource/Playground/LockJsonTrait.php" line="36" class="Tests\Feature\Playground\Lead\Resource\Http\Controllers\Playground\OpportunityRouteTest" classname="Tests.Feature.Playground.Lead.Resource.Http.Controllers.Playground.OpportunityRouteTest" assertions="3" time="0.380756"/>
        <testcase name="test_json_lock_as_admin_and_succeed" file="/app/vendor/gammamatrix/playground-test/src/Feature/Http/Controllers/Resource/Playground/LockJsonTrait.php" line="66" class="Tests\Feature\Playground\Lead\Resource\Http\Controllers\Playground\OpportunityRouteTest" classname="Tests.Feature.Playground.Lead.Resource.Http.Controllers.Playground.OpportunityRouteTest" assertions="3" time="0.379988"/>
        <testcase name="test_json_lock_as_admin_and_succeed_with_no_redirect" file="/app/vendor/gammamatrix/playground-test/src/Feature/Http/Controllers/Resource/Playground/LockJsonTrait.php" line="98" class="Tests\Feature\Playground\Lead\Resource\Http\Controllers\Playground\OpportunityRouteTest" classname="Tests.Feature.Playground.Lead.Resource.Http.Controllers.Playground.OpportunityRouteTest" assertions="125" time="0.375515"/>
        <testcase name="test_json_lock_as_user_and_get_denied" file="/app/vendor/gammamatrix/playground-test/src/Feature/Http/Controllers/Resource/Playground/LockJsonTrait.php" line="143" class="Tests\Feature\Playground\Lead\Resource\Http\Controllers\Playground\OpportunityRouteTest" classname="Tests.Feature.Playground.Lead.Resource.Http.Controllers.Playground.OpportunityRouteTest" assertions="3" time="0.394460"/>
        <testcase name="test_guest_cannot_lock" file="/app/vendor/gammamatrix/playground-test/src/Feature/Http/Controllers/Resource/Playground/LockTrait.php" line="31" class="Tests\Feature\Playground\Lead\Resource\Http\Controllers\Playground\OpportunityRouteTest" classname="Tests.Feature.Playground.Lead.Resource.Http.Controllers.Playground.OpportunityRouteTest" assertions="3" time="0.373892"/>
        <testcase name="test_lock_as_admin_and_succeed" file="/app/vendor/gammamatrix/playground-test/src/Feature/Http/Controllers/Resource/Playground/LockTrait.php" line="61" class="Tests\Feature\Playground\Lead\Resource\Http\Controllers\Playground\OpportunityRouteTest" classname="Tests.Feature.Playground.Lead.Resource.Http.Controllers.Playground.OpportunityRouteTest" assertions="4" time="0.409391"/>
        <testcase name="test_lock_as_admin_and_succeed_with_redirect_to_index_with_sorted_by_locked_desc" file="/app/vendor/gammamatrix/playground-test/src/Feature/Http/Controllers/Resource/Playground/LockTrait.php" line="95" class="Tests\Feature\Playground\Lead\Resource\Http\Controllers\Playground\OpportunityRouteTest" classname="Tests.Feature.Playground.Lead.Resource.Http.Controllers.Playground.OpportunityRouteTest" assertions="4" time="0.376261"/>
        <testcase name="test_lock_as_user_and_get_denied" file="/app/vendor/gammamatrix/playground-test/src/Feature/Http/Controllers/Resource/Playground/LockTrait.php" line="132" class="Tests\Feature\Playground\Lead\Resource\Http\Controllers\Playground\OpportunityRouteTest" classname="Tests.Feature.Playground.Lead.Resource.Http.Controllers.Playground.OpportunityRouteTest" assertions="3" time="0.368609"/>
        <testcase name="test_json_guest_cannot_restore" file="/app/vendor/gammamatrix/playground-test/src/Feature/Http/Controllers/Resource/Playground/RestoreJsonTrait.php" line="32" class="Tests\Feature\Playground\Lead\Resource\Http\Controllers\Playground\OpportunityRouteTest" classname="Tests.Feature.Playground.Lead.Resource.Http.Controllers.Playground.OpportunityRouteTest" assertions="3" time="0.395205"/>
        <testcase name="test_json_restore_as_admin_and_succeed" file="/app/vendor/gammamatrix/playground-test/src/Feature/Http/Controllers/Resource/Playground/RestoreJsonTrait.php" line="64" class="Tests\Feature\Playground\Lead\Resource\Http\Controllers\Playground\OpportunityRouteTest" classname="Tests.Feature.Playground.Lead.Resource.Http.Controllers.Playground.OpportunityRouteTest" assertions="125" time="0.383576"/>
        <testcase name="test_json_restore_as_admin_and_succeed_with_no_redirect" file="/app/vendor/gammamatrix/playground-test/src/Feature/Http/Controllers/Resource/Playground/RestoreJsonTrait.php" line="100" class="Tests\Feature\Playground\Lead\Resource\Http\Controllers\Playground\OpportunityRouteTest" classname="Tests.Feature.Playground.Lead.Resource.Http.Controllers.Playground.OpportunityRouteTest" assertions="125" time="0.389695"/>
        <testcase name="test_json_restore_as_user_and_get_denied" file="/app/vendor/gammamatrix/playground-test/src/Feature/Http/Controllers/Resource/Playground/RestoreJsonTrait.php" line="143" class="Tests\Feature\Playground\Lead\Resource\Http\Controllers\Playground\OpportunityRouteTest" classname="Tests.Feature.Playground.Lead.Resource.Http.Controllers.Playground.OpportunityRouteTest" assertions="3" time="0.394517"/>
        <testcase name="test_guest_cannot_restore" file="/app/vendor/gammamatrix/playground-test/src/Feature/Http/Controllers/Resource/Playground/RestoreTrait.php" line="32" class="Tests\Feature\Playground\Lead\Resource\Http\Controllers\Playground\OpportunityRouteTest" classname="Tests.Feature.Playground.Lead.Resource.Http.Controllers.Playground.OpportunityRouteTest" assertions="3" time="0.360020"/>
        <testcase name="test_restore_as_admin_and_succeed" file="/app/vendor/gammamatrix/playground-test/src/Feature/Http/Controllers/Resource/Playground/RestoreTrait.php" line="64" class="Tests\Feature\Playground\Lead\Resource\Http\Controllers\Playground\OpportunityRouteTest" classname="Tests.Feature.Playground.Lead.Resource.Http.Controllers.Playground.OpportunityRouteTest" assertions="4" time="0.403504"/>
        <testcase name="test_restore_as_admin_and_succeed_with_redirect_to_index_with_only_trash" file="/app/vendor/gammamatrix/playground-test/src/Feature/Http/Controllers/Resource/Playground/RestoreTrait.php" line="100" class="Tests\Feature\Playground\Lead\Resource\Http\Controllers\Playground\OpportunityRouteTest" classname="Tests.Feature.Playground.Lead.Resource.Http.Controllers.Playground.OpportunityRouteTest" assertions="4" time="0.372058"/>
        <testcase name="test_restore_as_user_and_get_denied" file="/app/vendor/gammamatrix/playground-test/src/Feature/Http/Controllers/Resource/Playground/RestoreTrait.php" line="146" class="Tests\Feature\Playground\Lead\Resource\Http\Controllers\Playground\OpportunityRouteTest" classname="Tests.Feature.Playground.Lead.Resource.Http.Controllers.Playground.OpportunityRouteTest" assertions="3" time="0.366978"/>
        <testcase name="test_json_guest_cannot_see_info" file="/app/vendor/gammamatrix/playground-test/src/Feature/Http/Controllers/Resource/Playground/ShowJsonTrait.php" line="29" class="Tests\Feature\Playground\Lead\Resource\Http\Controllers\Playground\OpportunityRouteTest" classname="Tests.Feature.Playground.Lead.Resource.Http.Controllers.Playground.OpportunityRouteTest" assertions="1" time="0.402819"/>
        <testcase name="test_json_show_info_for_admin" file="/app/vendor/gammamatrix/playground-test/src/Feature/Http/Controllers/Resource/Playground/ShowJsonTrait.php" line="49" class="Tests\Feature\Playground\Lead\Resource\Http\Controllers\Playground\OpportunityRouteTest" classname="Tests.Feature.Playground.Lead.Resource.Http.Controllers.Playground.OpportunityRouteTest" assertions="124" time="0.372116"/>
        <testcase name="test_guest_cannot_render_show_view" file="/app/vendor/gammamatrix/playground-test/src/Feature/Http/Controllers/Resource/Playground/ShowTrait.php" line="29" class="Tests\Feature\Playground\Lead\Resource\Http\Controllers\Playground\OpportunityRouteTest" classname="Tests.Feature.Playground.Lead.Resource.Http.Controllers.Playground.OpportunityRouteTest" assertions="1" time="0.352254"/>
        <testcase name="test_show_view_rendered_by_admin" file="/app/vendor/gammamatrix/playground-test/src/Feature/Http/Controllers/Resource/Playground/ShowTrait.php" line="49" class="Tests\Feature\Playground\Lead\Resource\Http\Controllers\Playground\OpportunityRouteTest" classname="Tests.Feature.Playground.Lead.Resource.Http.Controllers.Playground.OpportunityRouteTest" assertions="2" time="0.424173"/>
        <testcase name="test_json_guest_cannot_store" file="/app/vendor/gammamatrix/playground-test/src/Feature/Http/Controllers/Resource/Playground/StoreJsonTrait.php" line="43" class="Tests\Feature\Playground\Lead\Resource\Http\Controllers\Playground\OpportunityRouteTest" classname="Tests.Feature.Playground.Lead.Resource.Http.Controllers.Playground.OpportunityRouteTest" assertions="3" time="0.361531"/>
        <testcase name="test_json_store_as_admin_without_payload_and_fail_validation" file="/app/vendor/gammamatrix/playground-test/src/Feature/Http/Controllers/Resource/Playground/StoreJsonTrait.php" line="66" class="Tests\Feature\Playground\Lead\Resource\Http\Controllers\Playground\OpportunityRouteTest" classname="Tests.Feature.Playground.Lead.Resource.Http.Controllers.Playground.OpportunityRouteTest" assertions="5" time="0.368453"/>
        <testcase name="test_json_store_as_admin_and_succeed" file="/app/vendor/gammamatrix/playground-test/src/Feature/Http/Controllers/Resource/Playground/StoreJsonTrait.php" line="92" class="Tests\Feature\Playground\Lead\Resource\Http\Controllers\Playground\OpportunityRouteTest" classname="Tests.Feature.Playground.Lead.Resource.Http.Controllers.Playground.OpportunityRouteTest" assertions="3" time="0.434238"/>
        <testcase name="test_guest_cannot_store" file="/app/vendor/gammamatrix/playground-test/src/Feature/Http/Controllers/Resource/Playground/StoreTrait.php" line="38" class="Tests\Feature\Playground\Lead\Resource\Http\Controllers\Playground\OpportunityRouteTest" classname="Tests.Feature.Playground.Lead.Resource.Http.Controllers.Playground.OpportunityRouteTest" assertions="3" time="0.361411"/>
        <testcase name="test_store_as_admin_without_payload_and_fail_validation" file="/app/vendor/gammamatrix/playground-test/src/Feature/Http/Controllers/Resource/Playground/StoreTrait.php" line="61" class="Tests\Feature\Playground\Lead\Resource\Http\Controllers\Playground\OpportunityRouteTest" classname="Tests.Feature.Playground.Lead.Resource.Http.Controllers.Playground.OpportunityRouteTest" assertions="5" time="0.404116"/>
        <testcase name="test_store_as_admin_and_succeed" file="/app/vendor/gammamatrix/playground-test/src/Feature/Http/Controllers/Resource/Playground/StoreTrait.php" line="90" class="Tests\Feature\Playground\Lead\Resource\Http\Controllers\Playground\OpportunityRouteTest" classname="Tests.Feature.Playground.Lead.Resource.Http.Controllers.Playground.OpportunityRouteTest" assertions="4" time="0.399387"/>
        <testcase name="test_store_as_admin_and_succeed_with_return_url" file="/app/vendor/gammamatrix/playground-test/src/Feature/Http/Controllers/Resource/Playground/StoreTrait.php" line="135" class="Tests\Feature\Playground\Lead\Resource\Http\Controllers\Playground\OpportunityRouteTest" classname="Tests.Feature.Playground.Lead.Resource.Http.Controllers.Playground.OpportunityRouteTest" assertions="4" time="0.400421"/>
        <testcase name="test_json_guest_cannot_unlock" file="/app/vendor/gammamatrix/playground-test/src/Feature/Http/Controllers/Resource/Playground/UnlockJsonTrait.php" line="36" class="Tests\Feature\Playground\Lead\Resource\Http\Controllers\Playground\OpportunityRouteTest" classname="Tests.Feature.Playground.Lead.Resource.Http.Controllers.Playground.OpportunityRouteTest" assertions="3" time="0.399966"/>
        <testcase name="test_json_unlock_as_admin_and_succeed" file="/app/vendor/gammamatrix/playground-test/src/Feature/Http/Controllers/Resource/Playground/UnlockJsonTrait.php" line="68" class="Tests\Feature\Playground\Lead\Resource\Http\Controllers\Playground\OpportunityRouteTest" classname="Tests.Feature.Playground.Lead.Resource.Http.Controllers.Playground.OpportunityRouteTest" assertions="125" time="0.390548"/>
        <testcase name="test_json_unlock_as_admin_and_succeed_with_no_redirect" file="/app/vendor/gammamatrix/playground-test/src/Feature/Http/Controllers/Resource/Playground/UnlockJsonTrait.php" line="104" class="Tests\Feature\Playground\Lead\Resource\Http\Controllers\Playground\OpportunityRouteTest" classname="Tests.Feature.Playground.Lead.Resource.Http.Controllers.Playground.OpportunityRouteTest" assertions="125" time="0.426745"/>
        <testcase name="test_json_unlock_as_user_and_get_denied" file="/app/vendor/gammamatrix/playground-test/src/Feature/Http/Controllers/Resource/Playground/UnlockJsonTrait.php" line="145" class="Tests\Feature\Playground\Lead\Resource\Http\Controllers\Playground\OpportunityRouteTest" classname="Tests.Feature.Playground.Lead.Resource.Http.Controllers.Playground.OpportunityRouteTest" assertions="3" time="0.371422"/>
        <testcase name="test_guest_cannot_unlock" file="/app/vendor/gammamatrix/playground-test/src/Feature/Http/Controllers/Resource/Playground/UnlockTrait.php" line="36" class="Tests\Feature\Playground\Lead\Resource\Http\Controllers\Playground\OpportunityRouteTest" classname="Tests.Feature.Playground.Lead.Resource.Http.Controllers.Playground.OpportunityRouteTest" assertions="3" time="0.367741"/>
        <testcase name="test_unlock_as_admin_and_succeed" file="/app/vendor/gammamatrix/playground-test/src/Feature/Http/Controllers/Resource/Playground/UnlockTrait.php" line="68" class="Tests\Feature\Playground\Lead\Resource\Http\Controllers\Playground\OpportunityRouteTest" classname="Tests.Feature.Playground.Lead.Resource.Http.Controllers.Playground.OpportunityRouteTest" assertions="4" time="0.417932"/>
        <testcase name="test_unlock_as_admin_and_succeed_with_redirect_to_index_with_sorted_by_unlocked_desc" file="/app/vendor/gammamatrix/playground-test/src/Feature/Http/Controllers/Resource/Playground/UnlockTrait.php" line="109" class="Tests\Feature\Playground\Lead\Resource\Http\Controllers\Playground\OpportunityRouteTest" classname="Tests.Feature.Playground.Lead.Resource.Http.Controllers.Playground.OpportunityRouteTest" assertions="4" time="0.374604"/>
        <testcase name="test_unlock_as_user_and_get_denied" file="/app/vendor/gammamatrix/playground-test/src/Feature/Http/Controllers/Resource/Playground/UnlockTrait.php" line="148" class="Tests\Feature\Playground\Lead\Resource\Http\Controllers\Playground\OpportunityRouteTest" classname="Tests.Feature.Playground.Lead.Resource.Http.Controllers.Playground.OpportunityRouteTest" assertions="3" time="0.372256"/>
        <testcase name="test_json_guest_cannot_update" file="/app/vendor/gammamatrix/playground-test/src/Feature/Http/Controllers/Resource/Playground/UpdateJsonTrait.php" line="45" class="Tests\Feature\Playground\Lead\Resource\Http\Controllers\Playground\OpportunityRouteTest" classname="Tests.Feature.Playground.Lead.Resource.Http.Controllers.Playground.OpportunityRouteTest" assertions="1" time="0.409662"/>
        <testcase name="test_json_update_as_admin_without_payload_and_fail_validation" file="/app/vendor/gammamatrix/playground-test/src/Feature/Http/Controllers/Resource/Playground/UpdateJsonTrait.php" line="65" class="Tests\Feature\Playground\Lead\Resource\Http\Controllers\Playground\OpportunityRouteTest" classname="Tests.Feature.Playground.Lead.Resource.Http.Controllers.Playground.OpportunityRouteTest" assertions="4" time="0.379919"/>
        <testcase name="test_json_admin_can_update" file="/app/vendor/gammamatrix/playground-test/src/Feature/Http/Controllers/Resource/Playground/UpdateJsonTrait.php" line="90" class="Tests\Feature\Playground\Lead\Resource\Http\Controllers\Playground\OpportunityRouteTest" classname="Tests.Feature.Playground.Lead.Resource.Http.Controllers.Playground.OpportunityRouteTest" assertions="127" time="0.462313"/>
        <testcase name="test_guest_cannot_update" file="/app/vendor/gammamatrix/playground-test/src/Feature/Http/Controllers/Resource/Playground/UpdateTrait.php" line="45" class="Tests\Feature\Playground\Lead\Resource\Http\Controllers\Playground\OpportunityRouteTest" classname="Tests.Feature.Playground.Lead.Resource.Http.Controllers.Playground.OpportunityRouteTest" assertions="1" time="0.367921"/>
        <testcase name="test_update_as_admin_without_payload_and_fail_validation" file="/app/vendor/gammamatrix/playground-test/src/Feature/Http/Controllers/Resource/Playground/UpdateTrait.php" line="65" class="Tests\Feature\Playground\Lead\Resource\Http\Controllers\Playground\OpportunityRouteTest" classname="Tests.Feature.Playground.Lead.Resource.Http.Controllers.Playground.OpportunityRouteTest" assertions="4" time="0.386694"/>
        <testcase name="test_admin_can_update" file="/app/vendor/gammamatrix/playground-test/src/Feature/Http/Controllers/Resource/Playground/UpdateTrait.php" line="90" class="Tests\Feature\Playground\Lead\Resource\Http\Controllers\Playground\OpportunityRouteTest" classname="Tests.Feature.Playground.Lead.Resource.Http.Controllers.Playground.OpportunityRouteTest" assertions="6" time="0.460257"/>
        <testcase name="test_admin_can_update_view_with_return_url" file="/app/vendor/gammamatrix/playground-test/src/Feature/Http/Controllers/Resource/Playground/UpdateTrait.php" line="133" class="Tests\Feature\Playground\Lead\Resource\Http\Controllers\Playground\OpportunityRouteTest" classname="Tests.Feature.Playground.Lead.Resource.Http.Controllers.Playground.OpportunityRouteTest" assertions="6" time="0.433432"/>
      </testsuite>
      <testsuite name="Tests\Feature\Playground\Lead\Resource\Http\Controllers\Playground\PlanRouteTest" file="/app/tests/Feature/Http/Controllers/Playground/PlanRouteTest.php" tests="73" assertions="1335" errors="0" failures="0" skipped="0" time="28.597805">
        <testcase name="test_json_guest_cannot_get_create_info" file="/app/vendor/gammamatrix/playground-test/src/Feature/Http/Controllers/Resource/Playground/CreateJsonTrait.php" line="38" class="Tests\Feature\Playground\Lead\Resource\Http\Controllers\Playground\PlanRouteTest" classname="Tests.Feature.Playground.Lead.Resource.Http.Controllers.Playground.PlanRouteTest" assertions="1" time="0.442415"/>
        <testcase name="test_json_admin_can_get_create_info" file="/app/vendor/gammamatrix/playground-test/src/Feature/Http/Controllers/Resource/Playground/CreateJsonTrait.php" line="53" class="Tests\Feature\Playground\Lead\Resource\Http\Controllers\Playground\PlanRouteTest" classname="Tests.Feature.Playground.Lead.Resource.Http.Controllers.Playground.PlanRouteTest" assertions="123" time="0.364573"/>
        <testcase name="test_json_get_create_info_as_admin_with_invalid_parameter_and_fail_validation" file="/app/vendor/gammamatrix/playground-test/src/Feature/Http/Controllers/Resource/Playground/CreateJsonTrait.php" line="73" class="Tests\Feature\Playground\Lead\Resource\Http\Controllers\Playground\PlanRouteTest" classname="Tests.Feature.Playground.Lead.Resource.Http.Controllers.Playground.PlanRouteTest" assertions="4" time="0.359634"/>
        <testcase name="test_guest_cannot_render_create_view" file="/app/vendor/gammamatrix/playground-test/src/Feature/Http/Controllers/Resource/Playground/CreateTrait.php" line="33" class="Tests\Feature\Playground\Lead\Resource\Http\Controllers\Playground\PlanRouteTest" classname="Tests.Feature.Playground.Lead.Resource.Http.Controllers.Playground.PlanRouteTest" assertions="1" time="0.380579"/>
        <testcase name="test_admin_can_render_create_view" file="/app/vendor/gammamatrix/playground-test/src/Feature/Http/Controllers/Resource/Playground/CreateTrait.php" line="47" class="Tests\Feature\Playground\Lead\Resource\Http\Controllers\Playground\PlanRouteTest" classname="Tests.Feature.Playground.Lead.Resource.Http.Controllers.Playground.PlanRouteTest" assertions="2" time="0.407973"/>
        <testcase name="test_admin_can_render_create_view_with_return_url" file="/app/vendor/gammamatrix/playground-test/src/Feature/Http/Controllers/Resource/Playground/CreateTrait.php" line="65" class="Tests\Feature\Playground\Lead\Resource\Http\Controllers\Playground\PlanRouteTest" classname="Tests.Feature.Playground.Lead.Resource.Http.Controllers.Playground.PlanRouteTest" assertions="3" time="0.378646"/>
        <testcase name="test_create_view_as_admin_with_invalid_parameter_and_fail_validation_and_redirect" file="/app/vendor/gammamatrix/playground-test/src/Feature/Http/Controllers/Resource/Playground/CreateTrait.php" line="92" class="Tests\Feature\Playground\Lead\Resource\Http\Controllers\Playground\PlanRouteTest" classname="Tests.Feature.Playground.Lead.Resource.Http.Controllers.Playground.PlanRouteTest" assertions="5" time="0.379089"/>
        <testcase name="test_json_guest_cannot_destroy" file="/app/vendor/gammamatrix/playground-test/src/Feature/Http/Controllers/Resource/Playground/DestroyJsonTrait.php" line="31" class="Tests\Feature\Playground\Lead\Resource\Http\Controllers\Playground\PlanRouteTest" classname="Tests.Feature.Playground.Lead.Resource.Http.Controllers.Playground.PlanRouteTest" assertions="3" time="0.347396"/>
        <testcase name="test_json_destroy_as_admin_and_succeed" file="/app/vendor/gammamatrix/playground-test/src/Feature/Http/Controllers/Resource/Playground/DestroyJsonTrait.php" line="61" class="Tests\Feature\Playground\Lead\Resource\Http\Controllers\Playground\PlanRouteTest" classname="Tests.Feature.Playground.Lead.Resource.Http.Controllers.Playground.PlanRouteTest" assertions="5" time="0.381489"/>
        <testcase name="test_json_destroy_as_admin_and_succeed_with_force_delete" file="/app/vendor/gammamatrix/playground-test/src/Feature/Http/Controllers/Resource/Playground/DestroyJsonTrait.php" line="100" class="Tests\Feature\Playground\Lead\Resource\Http\Controllers\Playground\PlanRouteTest" classname="Tests.Feature.Playground.Lead.Resource.Http.Controllers.Playground.PlanRouteTest" assertions="4" time="0.354575"/>
        <testcase name="test_json_destroy_as_admin_and_succeed_with_no_content" file="/app/vendor/gammamatrix/playground-test/src/Feature/Http/Controllers/Resource/Playground/DestroyJsonTrait.php" line="132" class="Tests\Feature\Playground\Lead\Resource\Http\Controllers\Playground\PlanRouteTest" classname="Tests.Feature.Playground.Lead.Resource.Http.Controllers.Playground.PlanRouteTest" assertions="5" time="0.378314"/>
        <testcase name="test_json_destroy_as_admin_and_succeed_and_ignore_redirect" file="/app/vendor/gammamatrix/playground-test/src/Feature/Http/Controllers/Resource/Playground/DestroyJsonTrait.php" line="167" class="Tests\Feature\Playground\Lead\Resource\Http\Controllers\Playground\PlanRouteTest" classname="Tests.Feature.Playground.Lead.Resource.Http.Controllers.Playground.PlanRouteTest" assertions="5" time="0.398756"/>
        <testcase name="test_json_destroy_as_user_and_get_denied_and_no_force_delete_allowed" file="/app/vendor/gammamatrix/playground-test/src/Feature/Http/Controllers/Resource/Playground/DestroyJsonTrait.php" line="209" class="Tests\Feature\Playground\Lead\Resource\Http\Controllers\Playground\PlanRouteTest" classname="Tests.Feature.Playground.Lead.Resource.Http.Controllers.Playground.PlanRouteTest" assertions="3" time="0.355335"/>
        <testcase name="test_guest_cannot_destroy" file="/app/vendor/gammamatrix/playground-test/src/Feature/Http/Controllers/Resource/Playground/DestroyTrait.php" line="31" class="Tests\Feature\Playground\Lead\Resource\Http\Controllers\Playground\PlanRouteTest" classname="Tests.Feature.Playground.Lead.Resource.Http.Controllers.Playground.PlanRouteTest" assertions="3" time="0.341365"/>
        <testcase name="test_destroy_as_admin_and_succeed" file="/app/vendor/gammamatrix/playground-test/src/Feature/Http/Controllers/Resource/Playground/DestroyTrait.php" line="61" class="Tests\Feature\Playground\Lead\Resource\Http\Controllers\Playground\PlanRouteTest" classname="Tests.Feature.Playground.Lead.Resource.Http.Controllers.Playground.PlanRouteTest" assertions="5" time="0.399412"/>
        <testcase name="test_destroy_as_admin_and_succeed_with_force_delete" file="/app/vendor/gammamatrix/playground-test/src/Feature/Http/Controllers/Resource/Playground/DestroyTrait.php" line="97" class="Tests\Feature\Playground\Lead\Resource\Http\Controllers\Playground\PlanRouteTest" classname="Tests.Feature.Playground.Lead.Resource.Http.Controllers.Playground.PlanRouteTest" assertions="4" time="0.359296"/>
        <testcase name="test_destroy_as_admin_and_succeed_with_redirect_to_index_with_trash" file="/app/vendor/gammamatrix/playground-test/src/Feature/Http/Controllers/Resource/Playground/DestroyTrait.php" line="129" class="Tests\Feature\Playground\Lead\Resource\Http\Controllers\Playground\PlanRouteTest" classname="Tests.Feature.Playground.Lead.Resource.Http.Controllers.Playground.PlanRouteTest" assertions="5" time="0.363281"/>
        <testcase name="test_destroy_as_user_and_get_denied_and_no_force_delete_allowed" file="/app/vendor/gammamatrix/playground-test/src/Feature/Http/Controllers/Resource/Playground/DestroyTrait.php" line="171" class="Tests\Feature\Playground\Lead\Resource\Http\Controllers\Playground\PlanRouteTest" classname="Tests.Feature.Playground.Lead.Resource.Http.Controllers.Playground.PlanRouteTest" assertions="3" time="0.389903"/>
        <testcase name="test_json_guest_cannot_get_edit_info" file="/app/vendor/gammamatrix/playground-test/src/Feature/Http/Controllers/Resource/Playground/EditJsonTrait.php" line="38" class="Tests\Feature\Playground\Lead\Resource\Http\Controllers\Playground\PlanRouteTest" classname="Tests.Feature.Playground.Lead.Resource.Http.Controllers.Playground.PlanRouteTest" assertions="1" time="0.357754"/>
        <testcase name="test_json_admin_can_get_edit_info" file="/app/vendor/gammamatrix/playground-test/src/Feature/Http/Controllers/Resource/Playground/EditJsonTrait.php" line="58" class="Tests\Feature\Playground\Lead\Resource\Http\Controllers\Playground\PlanRouteTest" classname="Tests.Feature.Playground.Lead.Resource.Http.Controllers.Playground.PlanRouteTest" assertions="4" time="0.377915"/>
        <testcase name="test_json_edit_as_admin_and_fail_validation_with_invalid_parameter" file="/app/vendor/gammamatrix/playground-test/src/Feature/Http/Controllers/Resource/Playground/EditJsonTrait.php" line="87" class="Tests\Feature\Playground\Lead\Resource\Http\Controllers\Playground\PlanRouteTest" classname="Tests.Feature.Playground.Lead.Resource.Http.Controllers.Playground.PlanRouteTest" assertions="4" time="0.411096"/>
        <testcase name="test_guest_cannot_render_edit_view" file="/app/vendor/gammamatrix/playground-test/src/Feature/Http/Controllers/Resource/Playground/EditTrait.php" line="33" class="Tests\Feature\Playground\Lead\Resource\Http\Controllers\Playground\PlanRouteTest" classname="Tests.Feature.Playground.Lead.Resource.Http.Controllers.Playground.PlanRouteTest" assertions="1" time="0.355826"/>
        <testcase name="test_admin_can_render_edit_view" file="/app/vendor/gammamatrix/playground-test/src/Feature/Http/Controllers/Resource/Playground/EditTrait.php" line="53" class="Tests\Feature\Playground\Lead\Resource\Http\Controllers\Playground\PlanRouteTest" classname="Tests.Feature.Playground.Lead.Resource.Http.Controllers.Playground.PlanRouteTest" assertions="2" time="0.426667"/>
        <testcase name="test_admin_can_render_edit_view_with_return_url" file="/app/vendor/gammamatrix/playground-test/src/Feature/Http/Controllers/Resource/Playground/EditTrait.php" line="77" class="Tests\Feature\Playground\Lead\Resource\Http\Controllers\Playground\PlanRouteTest" classname="Tests.Feature.Playground.Lead.Resource.Http.Controllers.Playground.PlanRouteTest" assertions="3" time="0.404239"/>
        <testcase name="test_edit_view_as_admin_with_invalid_parameter_and_fail_validation_and_redirect" file="/app/vendor/gammamatrix/playground-test/src/Feature/Http/Controllers/Resource/Playground/EditTrait.php" line="109" class="Tests\Feature\Playground\Lead\Resource\Http\Controllers\Playground\PlanRouteTest" classname="Tests.Feature.Playground.Lead.Resource.Http.Controllers.Playground.PlanRouteTest" assertions="4" time="0.374351"/>
        <testcase name="test_json_guest_cannot_get_index" file="/app/vendor/gammamatrix/playground-test/src/Feature/Http/Controllers/Resource/Playground/IndexJsonTrait.php" line="34" class="Tests\Feature\Playground\Lead\Resource\Http\Controllers\Playground\PlanRouteTest" classname="Tests.Feature.Playground.Lead.Resource.Http.Controllers.Playground.PlanRouteTest" assertions="1" time="0.397540"/>
        <testcase name="test_json_admin_can_get_index" file="/app/vendor/gammamatrix/playground-test/src/Feature/Http/Controllers/Resource/Playground/IndexJsonTrait.php" line="49" class="Tests\Feature\Playground\Lead\Resource\Http\Controllers\Playground\PlanRouteTest" classname="Tests.Feature.Playground.Lead.Resource.Http.Controllers.Playground.PlanRouteTest" assertions="130" time="0.391240"/>
        <testcase name="test_json_admin_can_get_index_with_filters" file="/app/vendor/gammamatrix/playground-test/src/Feature/Http/Controllers/Resource/Playground/IndexJsonTrait.php" line="85" class="Tests\Feature\Playground\Lead\Resource\Http\Controllers\Playground\PlanRouteTest" classname="Tests.Feature.Playground.Lead.Resource.Http.Controllers.Playground.PlanRouteTest" assertions="3" time="0.382565"/>
        <testcase name="test_guest_cannot_render_index_view" file="/app/vendor/gammamatrix/playground-test/src/Feature/Http/Controllers/Resource/Playground/IndexTrait.php" line="29" class="Tests\Feature\Playground\Lead\Resource\Http\Controllers\Playground\PlanRouteTest" classname="Tests.Feature.Playground.Lead.Resource.Http.Controllers.Playground.PlanRouteTest" assertions="1" time="0.394940"/>
        <testcase name="test_admin_can_render_index_view" file="/app/vendor/gammamatrix/playground-test/src/Feature/Http/Controllers/Resource/Playground/IndexTrait.php" line="44" class="Tests\Feature\Playground\Lead\Resource\Http\Controllers\Playground\PlanRouteTest" classname="Tests.Feature.Playground.Lead.Resource.Http.Controllers.Playground.PlanRouteTest" assertions="2" time="0.437778"/>
        <testcase name="test_admin_can_render_index_view_with_filters" file="/app/vendor/gammamatrix/playground-test/src/Feature/Http/Controllers/Resource/Playground/IndexTrait.php" line="77" class="Tests\Feature\Playground\Lead\Resource\Http\Controllers\Playground\PlanRouteTest" classname="Tests.Feature.Playground.Lead.Resource.Http.Controllers.Playground.PlanRouteTest" assertions="3" time="0.440987"/>
        <testcase name="test_json_guest_cannot_lock" file="/app/vendor/gammamatrix/playground-test/src/Feature/Http/Controllers/Resource/Playground/LockJsonTrait.php" line="36" class="Tests\Feature\Playground\Lead\Resource\Http\Controllers\Playground\PlanRouteTest" classname="Tests.Feature.Playground.Lead.Resource.Http.Controllers.Playground.PlanRouteTest" assertions="3" time="0.357556"/>
        <testcase name="test_json_lock_as_admin_and_succeed" file="/app/vendor/gammamatrix/playground-test/src/Feature/Http/Controllers/Resource/Playground/LockJsonTrait.php" line="66" class="Tests\Feature\Playground\Lead\Resource\Http\Controllers\Playground\PlanRouteTest" classname="Tests.Feature.Playground.Lead.Resource.Http.Controllers.Playground.PlanRouteTest" assertions="3" time="0.376073"/>
        <testcase name="test_json_lock_as_admin_and_succeed_with_no_redirect" file="/app/vendor/gammamatrix/playground-test/src/Feature/Http/Controllers/Resource/Playground/LockJsonTrait.php" line="98" class="Tests\Feature\Playground\Lead\Resource\Http\Controllers\Playground\PlanRouteTest" classname="Tests.Feature.Playground.Lead.Resource.Http.Controllers.Playground.PlanRouteTest" assertions="125" time="0.416936"/>
        <testcase name="test_json_lock_as_user_and_get_denied" file="/app/vendor/gammamatrix/playground-test/src/Feature/Http/Controllers/Resource/Playground/LockJsonTrait.php" line="143" class="Tests\Feature\Playground\Lead\Resource\Http\Controllers\Playground\PlanRouteTest" classname="Tests.Feature.Playground.Lead.Resource.Http.Controllers.Playground.PlanRouteTest" assertions="3" time="0.409800"/>
        <testcase name="test_guest_cannot_lock" file="/app/vendor/gammamatrix/playground-test/src/Feature/Http/Controllers/Resource/Playground/LockTrait.php" line="31" class="Tests\Feature\Playground\Lead\Resource\Http\Controllers\Playground\PlanRouteTest" classname="Tests.Feature.Playground.Lead.Resource.Http.Controllers.Playground.PlanRouteTest" assertions="3" time="0.387150"/>
        <testcase name="test_lock_as_admin_and_succeed" file="/app/vendor/gammamatrix/playground-test/src/Feature/Http/Controllers/Resource/Playground/LockTrait.php" line="61" class="Tests\Feature\Playground\Lead\Resource\Http\Controllers\Playground\PlanRouteTest" classname="Tests.Feature.Playground.Lead.Resource.Http.Controllers.Playground.PlanRouteTest" assertions="4" time="0.372969"/>
        <testcase name="test_lock_as_admin_and_succeed_with_redirect_to_index_with_sorted_by_locked_desc" file="/app/vendor/gammamatrix/playground-test/src/Feature/Http/Controllers/Resource/Playground/LockTrait.php" line="95" class="Tests\Feature\Playground\Lead\Resource\Http\Controllers\Playground\PlanRouteTest" classname="Tests.Feature.Playground.Lead.Resource.Http.Controllers.Playground.PlanRouteTest" assertions="4" time="0.374238"/>
        <testcase name="test_lock_as_user_and_get_denied" file="/app/vendor/gammamatrix/playground-test/src/Feature/Http/Controllers/Resource/Playground/LockTrait.php" line="132" class="Tests\Feature\Playground\Lead\Resource\Http\Controllers\Playground\PlanRouteTest" classname="Tests.Feature.Playground.Lead.Resource.Http.Controllers.Playground.PlanRouteTest" assertions="3" time="0.406609"/>
        <testcase name="test_json_guest_cannot_restore" file="/app/vendor/gammamatrix/playground-test/src/Feature/Http/Controllers/Resource/Playground/RestoreJsonTrait.php" line="32" class="Tests\Feature\Playground\Lead\Resource\Http\Controllers\Playground\PlanRouteTest" classname="Tests.Feature.Playground.Lead.Resource.Http.Controllers.Playground.PlanRouteTest" assertions="3" time="0.361106"/>
        <testcase name="test_json_restore_as_admin_and_succeed" file="/app/vendor/gammamatrix/playground-test/src/Feature/Http/Controllers/Resource/Playground/RestoreJsonTrait.php" line="64" class="Tests\Feature\Playground\Lead\Resource\Http\Controllers\Playground\PlanRouteTest" classname="Tests.Feature.Playground.Lead.Resource.Http.Controllers.Playground.PlanRouteTest" assertions="125" time="0.386278"/>
        <testcase name="test_json_restore_as_admin_and_succeed_with_no_redirect" file="/app/vendor/gammamatrix/playground-test/src/Feature/Http/Controllers/Resource/Playground/RestoreJsonTrait.php" line="100" class="Tests\Feature\Playground\Lead\Resource\Http\Controllers\Playground\PlanRouteTest" classname="Tests.Feature.Playground.Lead.Resource.Http.Controllers.Playground.PlanRouteTest" assertions="125" time="0.427091"/>
        <testcase name="test_json_restore_as_user_and_get_denied" file="/app/vendor/gammamatrix/playground-test/src/Feature/Http/Controllers/Resource/Playground/RestoreJsonTrait.php" line="143" class="Tests\Feature\Playground\Lead\Resource\Http\Controllers\Playground\PlanRouteTest" classname="Tests.Feature.Playground.Lead.Resource.Http.Controllers.Playground.PlanRouteTest" assertions="3" time="0.369442"/>
        <testcase name="test_guest_cannot_restore" file="/app/vendor/gammamatrix/playground-test/src/Feature/Http/Controllers/Resource/Playground/RestoreTrait.php" line="32" class="Tests\Feature\Playground\Lead\Resource\Http\Controllers\Playground\PlanRouteTest" classname="Tests.Feature.Playground.Lead.Resource.Http.Controllers.Playground.PlanRouteTest" assertions="3" time="0.394595"/>
        <testcase name="test_restore_as_admin_and_succeed" file="/app/vendor/gammamatrix/playground-test/src/Feature/Http/Controllers/Resource/Playground/RestoreTrait.php" line="64" class="Tests\Feature\Playground\Lead\Resource\Http\Controllers\Playground\PlanRouteTest" classname="Tests.Feature.Playground.Lead.Resource.Http.Controllers.Playground.PlanRouteTest" assertions="4" time="0.375891"/>
        <testcase name="test_restore_as_admin_and_succeed_with_redirect_to_index_with_only_trash" file="/app/vendor/gammamatrix/playground-test/src/Feature/Http/Controllers/Resource/Playground/RestoreTrait.php" line="100" class="Tests\Feature\Playground\Lead\Resource\Http\Controllers\Playground\PlanRouteTest" classname="Tests.Feature.Playground.Lead.Resource.Http.Controllers.Playground.PlanRouteTest" assertions="4" time="0.379154"/>
        <testcase name="test_restore_as_user_and_get_denied" file="/app/vendor/gammamatrix/playground-test/src/Feature/Http/Controllers/Resource/Playground/RestoreTrait.php" line="146" class="Tests\Feature\Playground\Lead\Resource\Http\Controllers\Playground\PlanRouteTest" classname="Tests.Feature.Playground.Lead.Resource.Http.Controllers.Playground.PlanRouteTest" assertions="3" time="0.408852"/>
        <testcase name="test_json_guest_cannot_see_info" file="/app/vendor/gammamatrix/playground-test/src/Feature/Http/Controllers/Resource/Playground/ShowJsonTrait.php" line="29" class="Tests\Feature\Playground\Lead\Resource\Http\Controllers\Playground\PlanRouteTest" classname="Tests.Feature.Playground.Lead.Resource.Http.Controllers.Playground.PlanRouteTest" assertions="1" time="0.369899"/>
        <testcase name="test_json_show_info_for_admin" file="/app/vendor/gammamatrix/playground-test/src/Feature/Http/Controllers/Resource/Playground/ShowJsonTrait.php" line="49" class="Tests\Feature\Playground\Lead\Resource\Http\Controllers\Playground\PlanRouteTest" classname="Tests.Feature.Playground.Lead.Resource.Http.Controllers.Playground.PlanRouteTest" assertions="124" time="0.382157"/>
        <testcase name="test_guest_cannot_render_show_view" file="/app/vendor/gammamatrix/playground-test/src/Feature/Http/Controllers/Resource/Playground/ShowTrait.php" line="29" class="Tests\Feature\Playground\Lead\Resource\Http\Controllers\Playground\PlanRouteTest" classname="Tests.Feature.Playground.Lead.Resource.Http.Controllers.Playground.PlanRouteTest" assertions="1" time="0.410498"/>
        <testcase name="test_show_view_rendered_by_admin" file="/app/vendor/gammamatrix/playground-test/src/Feature/Http/Controllers/Resource/Playground/ShowTrait.php" line="49" class="Tests\Feature\Playground\Lead\Resource\Http\Controllers\Playground\PlanRouteTest" classname="Tests.Feature.Playground.Lead.Resource.Http.Controllers.Playground.PlanRouteTest" assertions="2" time="0.383556"/>
        <testcase name="test_json_guest_cannot_store" file="/app/vendor/gammamatrix/playground-test/src/Feature/Http/Controllers/Resource/Playground/StoreJsonTrait.php" line="43" class="Tests\Feature\Playground\Lead\Resource\Http\Controllers\Playground\PlanRouteTest" classname="Tests.Feature.Playground.Lead.Resource.Http.Controllers.Playground.PlanRouteTest" assertions="3" time="0.356653"/>
        <testcase name="test_json_store_as_admin_without_payload_and_fail_validation" file="/app/vendor/gammamatrix/playground-test/src/Feature/Http/Controllers/Resource/Playground/StoreJsonTrait.php" line="66" class="Tests\Feature\Playground\Lead\Resource\Http\Controllers\Playground\PlanRouteTest" classname="Tests.Feature.Playground.Lead.Resource.Http.Controllers.Playground.PlanRouteTest" assertions="5" time="0.415458"/>
        <testcase name="test_json_store_as_admin_and_succeed" file="/app/vendor/gammamatrix/playground-test/src/Feature/Http/Controllers/Resource/Playground/StoreJsonTrait.php" line="92" class="Tests\Feature\Playground\Lead\Resource\Http\Controllers\Playground\PlanRouteTest" classname="Tests.Feature.Playground.Lead.Resource.Http.Controllers.Playground.PlanRouteTest" assertions="3" time="0.417332"/>
        <testcase name="test_guest_cannot_store" file="/app/vendor/gammamatrix/playground-test/src/Feature/Http/Controllers/Resource/Playground/StoreTrait.php" line="38" class="Tests\Feature\Playground\Lead\Resource\Http\Controllers\Playground\PlanRouteTest" classname="Tests.Feature.Playground.Lead.Resource.Http.Controllers.Playground.PlanRouteTest" assertions="3" time="0.404224"/>
        <testcase name="test_store_as_admin_without_payload_and_fail_validation" file="/app/vendor/gammamatrix/playground-test/src/Feature/Http/Controllers/Resource/Playground/StoreTrait.php" line="61" class="Tests\Feature\Playground\Lead\Resource\Http\Controllers\Playground\PlanRouteTest" classname="Tests.Feature.Playground.Lead.Resource.Http.Controllers.Playground.PlanRouteTest" assertions="5" time="0.373843"/>
        <testcase name="test_store_as_admin_and_succeed" file="/app/vendor/gammamatrix/playground-test/src/Feature/Http/Controllers/Resource/Playground/StoreTrait.php" line="90" class="Tests\Feature\Playground\Lead\Resource\Http\Controllers\Playground\PlanRouteTest" classname="Tests.Feature.Playground.Lead.Resource.Http.Controllers.Playground.PlanRouteTest" assertions="4" time="0.425856"/>
        <testcase name="test_store_as_admin_and_succeed_with_return_url" file="/app/vendor/gammamatrix/playground-test/src/Feature/Http/Controllers/Resource/Playground/StoreTrait.php" line="135" class="Tests\Feature\Playground\Lead\Resource\Http\Controllers\Playground\PlanRouteTest" classname="Tests.Feature.Playground.Lead.Resource.Http.Controllers.Playground.PlanRouteTest" assertions="4" time="0.439601"/>
        <testcase name="test_json_guest_cannot_unlock" file="/app/vendor/gammamatrix/playground-test/src/Feature/Http/Controllers/Resource/Playground/UnlockJsonTrait.php" line="36" class="Tests\Feature\Playground\Lead\Resource\Http\Controllers\Playground\PlanRouteTest" classname="Tests.Feature.Playground.Lead.Resource.Http.Controllers.Playground.PlanRouteTest" assertions="3" time="0.364053"/>
        <testcase name="test_json_unlock_as_admin_and_succeed" file="/app/vendor/gammamatrix/playground-test/src/Feature/Http/Controllers/Resource/Playground/UnlockJsonTrait.php" line="68" class="Tests\Feature\Playground\Lead\Resource\Http\Controllers\Playground\PlanRouteTest" classname="Tests.Feature.Playground.Lead.Resource.Http.Controllers.Playground.PlanRouteTest" assertions="125" time="0.433722"/>
        <testcase name="test_json_unlock_as_admin_and_succeed_with_no_redirect" file="/app/vendor/gammamatrix/playground-test/src/Feature/Http/Controllers/Resource/Playground/UnlockJsonTrait.php" line="104" class="Tests\Feature\Playground\Lead\Resource\Http\Controllers\Playground\PlanRouteTest" classname="Tests.Feature.Playground.Lead.Resource.Http.Controllers.Playground.PlanRouteTest" assertions="125" time="0.390750"/>
        <testcase name="test_json_unlock_as_user_and_get_denied" file="/app/vendor/gammamatrix/playground-test/src/Feature/Http/Controllers/Resource/Playground/UnlockJsonTrait.php" line="145" class="Tests\Feature\Playground\Lead\Resource\Http\Controllers\Playground\PlanRouteTest" classname="Tests.Feature.Playground.Lead.Resource.Http.Controllers.Playground.PlanRouteTest" assertions="3" time="0.372780"/>
        <testcase name="test_guest_cannot_unlock" file="/app/vendor/gammamatrix/playground-test/src/Feature/Http/Controllers/Resource/Playground/UnlockTrait.php" line="36" class="Tests\Feature\Playground\Lead\Resource\Http\Controllers\Playground\PlanRouteTest" classname="Tests.Feature.Playground.Lead.Resource.Http.Controllers.Playground.PlanRouteTest" assertions="3" time="0.402891"/>
        <testcase name="test_unlock_as_admin_and_succeed" file="/app/vendor/gammamatrix/playground-test/src/Feature/Http/Controllers/Resource/Playground/UnlockTrait.php" line="68" class="Tests\Feature\Playground\Lead\Resource\Http\Controllers\Playground\PlanRouteTest" classname="Tests.Feature.Playground.Lead.Resource.Http.Controllers.Playground.PlanRouteTest" assertions="4" time="0.385233"/>
        <testcase name="test_unlock_as_admin_and_succeed_with_redirect_to_index_with_sorted_by_unlocked_desc" file="/app/vendor/gammamatrix/playground-test/src/Feature/Http/Controllers/Resource/Playground/UnlockTrait.php" line="109" class="Tests\Feature\Playground\Lead\Resource\Http\Controllers\Playground\PlanRouteTest" classname="Tests.Feature.Playground.Lead.Resource.Http.Controllers.Playground.PlanRouteTest" assertions="4" time="0.385224"/>
        <testcase name="test_unlock_as_user_and_get_denied" file="/app/vendor/gammamatrix/playground-test/src/Feature/Http/Controllers/Resource/Playground/UnlockTrait.php" line="148" class="Tests\Feature\Playground\Lead\Resource\Http\Controllers\Playground\PlanRouteTest" classname="Tests.Feature.Playground.Lead.Resource.Http.Controllers.Playground.PlanRouteTest" assertions="3" time="0.414691"/>
        <testcase name="test_json_guest_cannot_update" file="/app/vendor/gammamatrix/playground-test/src/Feature/Http/Controllers/Resource/Playground/UpdateJsonTrait.php" line="45" class="Tests\Feature\Playground\Lead\Resource\Http\Controllers\Playground\PlanRouteTest" classname="Tests.Feature.Playground.Lead.Resource.Http.Controllers.Playground.PlanRouteTest" assertions="1" time="0.360737"/>
        <testcase name="test_json_update_as_admin_without_payload_and_fail_validation" file="/app/vendor/gammamatrix/playground-test/src/Feature/Http/Controllers/Resource/Playground/UpdateJsonTrait.php" line="65" class="Tests\Feature\Playground\Lead\Resource\Http\Controllers\Playground\PlanRouteTest" classname="Tests.Feature.Playground.Lead.Resource.Http.Controllers.Playground.PlanRouteTest" assertions="4" time="0.432458"/>
        <testcase name="test_json_admin_can_update" file="/app/vendor/gammamatrix/playground-test/src/Feature/Http/Controllers/Resource/Playground/UpdateJsonTrait.php" line="90" class="Tests\Feature\Playground\Lead\Resource\Http\Controllers\Playground\PlanRouteTest" classname="Tests.Feature.Playground.Lead.Resource.Http.Controllers.Playground.PlanRouteTest" assertions="127" time="0.434967"/>
        <testcase name="test_guest_cannot_update" file="/app/vendor/gammamatrix/playground-test/src/Feature/Http/Controllers/Resource/Playground/UpdateTrait.php" line="45" class="Tests\Feature\Playground\Lead\Resource\Http\Controllers\Playground\PlanRouteTest" classname="Tests.Feature.Playground.Lead.Resource.Http.Controllers.Playground.PlanRouteTest" assertions="1" time="0.366605"/>
        <testcase name="test_update_as_admin_without_payload_and_fail_validation" file="/app/vendor/gammamatrix/playground-test/src/Feature/Http/Controllers/Resource/Playground/UpdateTrait.php" line="65" class="Tests\Feature\Playground\Lead\Resource\Http\Controllers\Playground\PlanRouteTest" classname="Tests.Feature.Playground.Lead.Resource.Http.Controllers.Playground.PlanRouteTest" assertions="4" time="0.420748"/>
        <testcase name="test_admin_can_update" file="/app/vendor/gammamatrix/playground-test/src/Feature/Http/Controllers/Resource/Playground/UpdateTrait.php" line="90" class="Tests\Feature\Playground\Lead\Resource\Http\Controllers\Playground\PlanRouteTest" classname="Tests.Feature.Playground.Lead.Resource.Http.Controllers.Playground.PlanRouteTest" assertions="6" time="0.441719"/>
        <testcase name="test_admin_can_update_view_with_return_url" file="/app/vendor/gammamatrix/playground-test/src/Feature/Http/Controllers/Resource/Playground/UpdateTrait.php" line="133" class="Tests\Feature\Playground\Lead\Resource\Http\Controllers\Playground\PlanRouteTest" classname="Tests.Feature.Playground.Lead.Resource.Http.Controllers.Playground.PlanRouteTest" assertions="6" time="0.473481"/>
      </testsuite>
      <testsuite name="Tests\Feature\Playground\Lead\Resource\Http\Controllers\Playground\RegionRouteTest" file="/app/tests/Feature/Http/Controllers/Playground/RegionRouteTest.php" tests="73" assertions="1335" errors="0" failures="0" skipped="0" time="28.738505">
        <testcase name="test_json_guest_cannot_get_create_info" file="/app/vendor/gammamatrix/playground-test/src/Feature/Http/Controllers/Resource/Playground/CreateJsonTrait.php" line="38" class="Tests\Feature\Playground\Lead\Resource\Http\Controllers\Playground\RegionRouteTest" classname="Tests.Feature.Playground.Lead.Resource.Http.Controllers.Playground.RegionRouteTest" assertions="1" time="0.403827"/>
        <testcase name="test_json_admin_can_get_create_info" file="/app/vendor/gammamatrix/playground-test/src/Feature/Http/Controllers/Resource/Playground/CreateJsonTrait.php" line="53" class="Tests\Feature\Playground\Lead\Resource\Http\Controllers\Playground\RegionRouteTest" classname="Tests.Feature.Playground.Lead.Resource.Http.Controllers.Playground.RegionRouteTest" assertions="123" time="0.376768"/>
        <testcase name="test_json_get_create_info_as_admin_with_invalid_parameter_and_fail_validation" file="/app/vendor/gammamatrix/playground-test/src/Feature/Http/Controllers/Resource/Playground/CreateJsonTrait.php" line="73" class="Tests\Feature\Playground\Lead\Resource\Http\Controllers\Playground\RegionRouteTest" classname="Tests.Feature.Playground.Lead.Resource.Http.Controllers.Playground.RegionRouteTest" assertions="4" time="0.401373"/>
        <testcase name="test_guest_cannot_render_create_view" file="/app/vendor/gammamatrix/playground-test/src/Feature/Http/Controllers/Resource/Playground/CreateTrait.php" line="33" class="Tests\Feature\Playground\Lead\Resource\Http\Controllers\Playground\RegionRouteTest" classname="Tests.Feature.Playground.Lead.Resource.Http.Controllers.Playground.RegionRouteTest" assertions="1" time="0.342799"/>
        <testcase name="test_admin_can_render_create_view" file="/app/vendor/gammamatrix/playground-test/src/Feature/Http/Controllers/Resource/Playground/CreateTrait.php" line="47" class="Tests\Feature\Playground\Lead\Resource\Http\Controllers\Playground\RegionRouteTest" classname="Tests.Feature.Playground.Lead.Resource.Http.Controllers.Playground.RegionRouteTest" assertions="2" time="0.458065"/>
        <testcase name="test_admin_can_render_create_view_with_return_url" file="/app/vendor/gammamatrix/playground-test/src/Feature/Http/Controllers/Resource/Playground/CreateTrait.php" line="65" class="Tests\Feature\Playground\Lead\Resource\Http\Controllers\Playground\RegionRouteTest" classname="Tests.Feature.Playground.Lead.Resource.Http.Controllers.Playground.RegionRouteTest" assertions="3" time="0.386711"/>
        <testcase name="test_create_view_as_admin_with_invalid_parameter_and_fail_validation_and_redirect" file="/app/vendor/gammamatrix/playground-test/src/Feature/Http/Controllers/Resource/Playground/CreateTrait.php" line="92" class="Tests\Feature\Playground\Lead\Resource\Http\Controllers\Playground\RegionRouteTest" classname="Tests.Feature.Playground.Lead.Resource.Http.Controllers.Playground.RegionRouteTest" assertions="5" time="0.356904"/>
        <testcase name="test_json_guest_cannot_destroy" file="/app/vendor/gammamatrix/playground-test/src/Feature/Http/Controllers/Resource/Playground/DestroyJsonTrait.php" line="31" class="Tests\Feature\Playground\Lead\Resource\Http\Controllers\Playground\RegionRouteTest" classname="Tests.Feature.Playground.Lead.Resource.Http.Controllers.Playground.RegionRouteTest" assertions="3" time="0.397876"/>
        <testcase name="test_json_destroy_as_admin_and_succeed" file="/app/vendor/gammamatrix/playground-test/src/Feature/Http/Controllers/Resource/Playground/DestroyJsonTrait.php" line="61" class="Tests\Feature\Playground\Lead\Resource\Http\Controllers\Playground\RegionRouteTest" classname="Tests.Feature.Playground.Lead.Resource.Http.Controllers.Playground.RegionRouteTest" assertions="5" time="0.367769"/>
        <testcase name="test_json_destroy_as_admin_and_succeed_with_force_delete" file="/app/vendor/gammamatrix/playground-test/src/Feature/Http/Controllers/Resource/Playground/DestroyJsonTrait.php" line="100" class="Tests\Feature\Playground\Lead\Resource\Http\Controllers\Playground\RegionRouteTest" classname="Tests.Feature.Playground.Lead.Resource.Http.Controllers.Playground.RegionRouteTest" assertions="4" time="0.360971"/>
        <testcase name="test_json_destroy_as_admin_and_succeed_with_no_content" file="/app/vendor/gammamatrix/playground-test/src/Feature/Http/Controllers/Resource/Playground/DestroyJsonTrait.php" line="132" class="Tests\Feature\Playground\Lead\Resource\Http\Controllers\Playground\RegionRouteTest" classname="Tests.Feature.Playground.Lead.Resource.Http.Controllers.Playground.RegionRouteTest" assertions="5" time="0.408938"/>
        <testcase name="test_json_destroy_as_admin_and_succeed_and_ignore_redirect" file="/app/vendor/gammamatrix/playground-test/src/Feature/Http/Controllers/Resource/Playground/DestroyJsonTrait.php" line="167" class="Tests\Feature\Playground\Lead\Resource\Http\Controllers\Playground\RegionRouteTest" classname="Tests.Feature.Playground.Lead.Resource.Http.Controllers.Playground.RegionRouteTest" assertions="5" time="0.367531"/>
        <testcase name="test_json_destroy_as_user_and_get_denied_and_no_force_delete_allowed" file="/app/vendor/gammamatrix/playground-test/src/Feature/Http/Controllers/Resource/Playground/DestroyJsonTrait.php" line="209" class="Tests\Feature\Playground\Lead\Resource\Http\Controllers\Playground\RegionRouteTest" classname="Tests.Feature.Playground.Lead.Resource.Http.Controllers.Playground.RegionRouteTest" assertions="3" time="0.365537"/>
        <testcase name="test_guest_cannot_destroy" file="/app/vendor/gammamatrix/playground-test/src/Feature/Http/Controllers/Resource/Playground/DestroyTrait.php" line="31" class="Tests\Feature\Playground\Lead\Resource\Http\Controllers\Playground\RegionRouteTest" classname="Tests.Feature.Playground.Lead.Resource.Http.Controllers.Playground.RegionRouteTest" assertions="3" time="0.392734"/>
        <testcase name="test_destroy_as_admin_and_succeed" file="/app/vendor/gammamatrix/playground-test/src/Feature/Http/Controllers/Resource/Playground/DestroyTrait.php" line="61" class="Tests\Feature\Playground\Lead\Resource\Http\Controllers\Playground\RegionRouteTest" classname="Tests.Feature.Playground.Lead.Resource.Http.Controllers.Playground.RegionRouteTest" assertions="5" time="0.363921"/>
        <testcase name="test_destroy_as_admin_and_succeed_with_force_delete" file="/app/vendor/gammamatrix/playground-test/src/Feature/Http/Controllers/Resource/Playground/DestroyTrait.php" line="97" class="Tests\Feature\Playground\Lead\Resource\Http\Controllers\Playground\RegionRouteTest" classname="Tests.Feature.Playground.Lead.Resource.Http.Controllers.Playground.RegionRouteTest" assertions="4" time="0.416383"/>
        <testcase name="test_destroy_as_admin_and_succeed_with_redirect_to_index_with_trash" file="/app/vendor/gammamatrix/playground-test/src/Feature/Http/Controllers/Resource/Playground/DestroyTrait.php" line="129" class="Tests\Feature\Playground\Lead\Resource\Http\Controllers\Playground\RegionRouteTest" classname="Tests.Feature.Playground.Lead.Resource.Http.Controllers.Playground.RegionRouteTest" assertions="5" time="0.364894"/>
        <testcase name="test_destroy_as_user_and_get_denied_and_no_force_delete_allowed" file="/app/vendor/gammamatrix/playground-test/src/Feature/Http/Controllers/Resource/Playground/DestroyTrait.php" line="171" class="Tests\Feature\Playground\Lead\Resource\Http\Controllers\Playground\RegionRouteTest" classname="Tests.Feature.Playground.Lead.Resource.Http.Controllers.Playground.RegionRouteTest" assertions="3" time="0.371811"/>
        <testcase name="test_json_guest_cannot_get_edit_info" file="/app/vendor/gammamatrix/playground-test/src/Feature/Http/Controllers/Resource/Playground/EditJsonTrait.php" line="38" class="Tests\Feature\Playground\Lead\Resource\Http\Controllers\Playground\RegionRouteTest" classname="Tests.Feature.Playground.Lead.Resource.Http.Controllers.Playground.RegionRouteTest" assertions="1" time="0.405631"/>
        <testcase name="test_json_admin_can_get_edit_info" file="/app/vendor/gammamatrix/playground-test/src/Feature/Http/Controllers/Resource/Playground/EditJsonTrait.php" line="58" class="Tests\Feature\Playground\Lead\Resource\Http\Controllers\Playground\RegionRouteTest" classname="Tests.Feature.Playground.Lead.Resource.Http.Controllers.Playground.RegionRouteTest" assertions="4" time="0.387138"/>
        <testcase name="test_json_edit_as_admin_and_fail_validation_with_invalid_parameter" file="/app/vendor/gammamatrix/playground-test/src/Feature/Http/Controllers/Resource/Playground/EditJsonTrait.php" line="87" class="Tests\Feature\Playground\Lead\Resource\Http\Controllers\Playground\RegionRouteTest" classname="Tests.Feature.Playground.Lead.Resource.Http.Controllers.Playground.RegionRouteTest" assertions="4" time="0.375225"/>
        <testcase name="test_guest_cannot_render_edit_view" file="/app/vendor/gammamatrix/playground-test/src/Feature/Http/Controllers/Resource/Playground/EditTrait.php" line="33" class="Tests\Feature\Playground\Lead\Resource\Http\Controllers\Playground\RegionRouteTest" classname="Tests.Feature.Playground.Lead.Resource.Http.Controllers.Playground.RegionRouteTest" assertions="1" time="0.392200"/>
        <testcase name="test_admin_can_render_edit_view" file="/app/vendor/gammamatrix/playground-test/src/Feature/Http/Controllers/Resource/Playground/EditTrait.php" line="53" class="Tests\Feature\Playground\Lead\Resource\Http\Controllers\Playground\RegionRouteTest" classname="Tests.Feature.Playground.Lead.Resource.Http.Controllers.Playground.RegionRouteTest" assertions="2" time="0.399501"/>
        <testcase name="test_admin_can_render_edit_view_with_return_url" file="/app/vendor/gammamatrix/playground-test/src/Feature/Http/Controllers/Resource/Playground/EditTrait.php" line="77" class="Tests\Feature\Playground\Lead\Resource\Http\Controllers\Playground\RegionRouteTest" classname="Tests.Feature.Playground.Lead.Resource.Http.Controllers.Playground.RegionRouteTest" assertions="3" time="0.441156"/>
        <testcase name="test_edit_view_as_admin_with_invalid_parameter_and_fail_validation_and_redirect" file="/app/vendor/gammamatrix/playground-test/src/Feature/Http/Controllers/Resource/Playground/EditTrait.php" line="109" class="Tests\Feature\Playground\Lead\Resource\Http\Controllers\Playground\RegionRouteTest" classname="Tests.Feature.Playground.Lead.Resource.Http.Controllers.Playground.RegionRouteTest" assertions="4" time="0.364953"/>
        <testcase name="test_json_guest_cannot_get_index" file="/app/vendor/gammamatrix/playground-test/src/Feature/Http/Controllers/Resource/Playground/IndexJsonTrait.php" line="34" class="Tests\Feature\Playground\Lead\Resource\Http\Controllers\Playground\RegionRouteTest" classname="Tests.Feature.Playground.Lead.Resource.Http.Controllers.Playground.RegionRouteTest" assertions="1" time="0.351003"/>
        <testcase name="test_json_admin_can_get_index" file="/app/vendor/gammamatrix/playground-test/src/Feature/Http/Controllers/Resource/Playground/IndexJsonTrait.php" line="49" class="Tests\Feature\Playground\Lead\Resource\Http\Controllers\Playground\RegionRouteTest" classname="Tests.Feature.Playground.Lead.Resource.Http.Controllers.Playground.RegionRouteTest" assertions="130" time="0.426928"/>
        <testcase name="test_json_admin_can_get_index_with_filters" file="/app/vendor/gammamatrix/playground-test/src/Feature/Http/Controllers/Resource/Playground/IndexJsonTrait.php" line="85" class="Tests\Feature\Playground\Lead\Resource\Http\Controllers\Playground\RegionRouteTest" classname="Tests.Feature.Playground.Lead.Resource.Http.Controllers.Playground.RegionRouteTest" assertions="3" time="0.388699"/>
        <testcase name="test_guest_cannot_render_index_view" file="/app/vendor/gammamatrix/playground-test/src/Feature/Http/Controllers/Resource/Playground/IndexTrait.php" line="29" class="Tests\Feature\Playground\Lead\Resource\Http\Controllers\Playground\RegionRouteTest" classname="Tests.Feature.Playground.Lead.Resource.Http.Controllers.Playground.RegionRouteTest" assertions="1" time="0.365902"/>
        <testcase name="test_admin_can_render_index_view" file="/app/vendor/gammamatrix/playground-test/src/Feature/Http/Controllers/Resource/Playground/IndexTrait.php" line="44" class="Tests\Feature\Playground\Lead\Resource\Http\Controllers\Playground\RegionRouteTest" classname="Tests.Feature.Playground.Lead.Resource.Http.Controllers.Playground.RegionRouteTest" assertions="2" time="0.474571"/>
        <testcase name="test_admin_can_render_index_view_with_filters" file="/app/vendor/gammamatrix/playground-test/src/Feature/Http/Controllers/Resource/Playground/IndexTrait.php" line="77" class="Tests\Feature\Playground\Lead\Resource\Http\Controllers\Playground\RegionRouteTest" classname="Tests.Feature.Playground.Lead.Resource.Http.Controllers.Playground.RegionRouteTest" assertions="3" time="0.400489"/>
        <testcase name="test_json_guest_cannot_lock" file="/app/vendor/gammamatrix/playground-test/src/Feature/Http/Controllers/Resource/Playground/LockJsonTrait.php" line="36" class="Tests\Feature\Playground\Lead\Resource\Http\Controllers\Playground\RegionRouteTest" classname="Tests.Feature.Playground.Lead.Resource.Http.Controllers.Playground.RegionRouteTest" assertions="3" time="0.402956"/>
        <testcase name="test_json_lock_as_admin_and_succeed" file="/app/vendor/gammamatrix/playground-test/src/Feature/Http/Controllers/Resource/Playground/LockJsonTrait.php" line="66" class="Tests\Feature\Playground\Lead\Resource\Http\Controllers\Playground\RegionRouteTest" classname="Tests.Feature.Playground.Lead.Resource.Http.Controllers.Playground.RegionRouteTest" assertions="3" time="0.375872"/>
        <testcase name="test_json_lock_as_admin_and_succeed_with_no_redirect" file="/app/vendor/gammamatrix/playground-test/src/Feature/Http/Controllers/Resource/Playground/LockJsonTrait.php" line="98" class="Tests\Feature\Playground\Lead\Resource\Http\Controllers\Playground\RegionRouteTest" classname="Tests.Feature.Playground.Lead.Resource.Http.Controllers.Playground.RegionRouteTest" assertions="125" time="0.379190"/>
        <testcase name="test_json_lock_as_user_and_get_denied" file="/app/vendor/gammamatrix/playground-test/src/Feature/Http/Controllers/Resource/Playground/LockJsonTrait.php" line="143" class="Tests\Feature\Playground\Lead\Resource\Http\Controllers\Playground\RegionRouteTest" classname="Tests.Feature.Playground.Lead.Resource.Http.Controllers.Playground.RegionRouteTest" assertions="3" time="0.419154"/>
        <testcase name="test_guest_cannot_lock" file="/app/vendor/gammamatrix/playground-test/src/Feature/Http/Controllers/Resource/Playground/LockTrait.php" line="31" class="Tests\Feature\Playground\Lead\Resource\Http\Controllers\Playground\RegionRouteTest" classname="Tests.Feature.Playground.Lead.Resource.Http.Controllers.Playground.RegionRouteTest" assertions="3" time="0.363645"/>
        <testcase name="test_lock_as_admin_and_succeed" file="/app/vendor/gammamatrix/playground-test/src/Feature/Http/Controllers/Resource/Playground/LockTrait.php" line="61" class="Tests\Feature\Playground\Lead\Resource\Http\Controllers\Playground\RegionRouteTest" classname="Tests.Feature.Playground.Lead.Resource.Http.Controllers.Playground.RegionRouteTest" assertions="4" time="0.372665"/>
        <testcase name="test_lock_as_admin_and_succeed_with_redirect_to_index_with_sorted_by_locked_desc" file="/app/vendor/gammamatrix/playground-test/src/Feature/Http/Controllers/Resource/Playground/LockTrait.php" line="95" class="Tests\Feature\Playground\Lead\Resource\Http\Controllers\Playground\RegionRouteTest" classname="Tests.Feature.Playground.Lead.Resource.Http.Controllers.Playground.RegionRouteTest" assertions="4" time="0.413137"/>
        <testcase name="test_lock_as_user_and_get_denied" file="/app/vendor/gammamatrix/playground-test/src/Feature/Http/Controllers/Resource/Playground/LockTrait.php" line="132" class="Tests\Feature\Playground\Lead\Resource\Http\Controllers\Playground\RegionRouteTest" classname="Tests.Feature.Playground.Lead.Resource.Http.Controllers.Playground.RegionRouteTest" assertions="3" time="0.369089"/>
        <testcase name="test_json_guest_cannot_restore" file="/app/vendor/gammamatrix/playground-test/src/Feature/Http/Controllers/Resource/Playground/RestoreJsonTrait.php" line="32" class="Tests\Feature\Playground\Lead\Resource\Http\Controllers\Playground\RegionRouteTest" classname="Tests.Feature.Playground.Lead.Resource.Http.Controllers.Playground.RegionRouteTest" assertions="3" time="0.403060"/>
        <testcase name="test_json_restore_as_admin_and_succeed" file="/app/vendor/gammamatrix/playground-test/src/Feature/Http/Controllers/Resource/Playground/RestoreJsonTrait.php" line="64" class="Tests\Feature\Playground\Lead\Resource\Http\Controllers\Playground\RegionRouteTest" classname="Tests.Feature.Playground.Lead.Resource.Http.Controllers.Playground.RegionRouteTest" assertions="125" time="0.388662"/>
        <testcase name="test_json_restore_as_admin_and_succeed_with_no_redirect" file="/app/vendor/gammamatrix/playground-test/src/Feature/Http/Controllers/Resource/Playground/RestoreJsonTrait.php" line="100" class="Tests\Feature\Playground\Lead\Resource\Http\Controllers\Playground\RegionRouteTest" classname="Tests.Feature.Playground.Lead.Resource.Http.Controllers.Playground.RegionRouteTest" assertions="125" time="0.380642"/>
        <testcase name="test_json_restore_as_user_and_get_denied" file="/app/vendor/gammamatrix/playground-test/src/Feature/Http/Controllers/Resource/Playground/RestoreJsonTrait.php" line="143" class="Tests\Feature\Playground\Lead\Resource\Http\Controllers\Playground\RegionRouteTest" classname="Tests.Feature.Playground.Lead.Resource.Http.Controllers.Playground.RegionRouteTest" assertions="3" time="0.411761"/>
        <testcase name="test_guest_cannot_restore" file="/app/vendor/gammamatrix/playground-test/src/Feature/Http/Controllers/Resource/Playground/RestoreTrait.php" line="32" class="Tests\Feature\Playground\Lead\Resource\Http\Controllers\Playground\RegionRouteTest" classname="Tests.Feature.Playground.Lead.Resource.Http.Controllers.Playground.RegionRouteTest" assertions="3" time="0.363547"/>
        <testcase name="test_restore_as_admin_and_succeed" file="/app/vendor/gammamatrix/playground-test/src/Feature/Http/Controllers/Resource/Playground/RestoreTrait.php" line="64" class="Tests\Feature\Playground\Lead\Resource\Http\Controllers\Playground\RegionRouteTest" classname="Tests.Feature.Playground.Lead.Resource.Http.Controllers.Playground.RegionRouteTest" assertions="4" time="0.373677"/>
        <testcase name="test_restore_as_admin_and_succeed_with_redirect_to_index_with_only_trash" file="/app/vendor/gammamatrix/playground-test/src/Feature/Http/Controllers/Resource/Playground/RestoreTrait.php" line="100" class="Tests\Feature\Playground\Lead\Resource\Http\Controllers\Playground\RegionRouteTest" classname="Tests.Feature.Playground.Lead.Resource.Http.Controllers.Playground.RegionRouteTest" assertions="4" time="0.420415"/>
        <testcase name="test_restore_as_user_and_get_denied" file="/app/vendor/gammamatrix/playground-test/src/Feature/Http/Controllers/Resource/Playground/RestoreTrait.php" line="146" class="Tests\Feature\Playground\Lead\Resource\Http\Controllers\Playground\RegionRouteTest" classname="Tests.Feature.Playground.Lead.Resource.Http.Controllers.Playground.RegionRouteTest" assertions="3" time="0.387977"/>
        <testcase name="test_json_guest_cannot_see_info" file="/app/vendor/gammamatrix/playground-test/src/Feature/Http/Controllers/Resource/Playground/ShowJsonTrait.php" line="29" class="Tests\Feature\Playground\Lead\Resource\Http\Controllers\Playground\RegionRouteTest" classname="Tests.Feature.Playground.Lead.Resource.Http.Controllers.Playground.RegionRouteTest" assertions="1" time="0.403085"/>
        <testcase name="test_json_show_info_for_admin" file="/app/vendor/gammamatrix/playground-test/src/Feature/Http/Controllers/Resource/Playground/ShowJsonTrait.php" line="49" class="Tests\Feature\Playground\Lead\Resource\Http\Controllers\Playground\RegionRouteTest" classname="Tests.Feature.Playground.Lead.Resource.Http.Controllers.Playground.RegionRouteTest" assertions="124" time="0.379528"/>
        <testcase name="test_guest_cannot_render_show_view" file="/app/vendor/gammamatrix/playground-test/src/Feature/Http/Controllers/Resource/Playground/ShowTrait.php" line="29" class="Tests\Feature\Playground\Lead\Resource\Http\Controllers\Playground\RegionRouteTest" classname="Tests.Feature.Playground.Lead.Resource.Http.Controllers.Playground.RegionRouteTest" assertions="1" time="0.362664"/>
        <testcase name="test_show_view_rendered_by_admin" file="/app/vendor/gammamatrix/playground-test/src/Feature/Http/Controllers/Resource/Playground/ShowTrait.php" line="49" class="Tests\Feature\Playground\Lead\Resource\Http\Controllers\Playground\RegionRouteTest" classname="Tests.Feature.Playground.Lead.Resource.Http.Controllers.Playground.RegionRouteTest" assertions="2" time="0.421054"/>
        <testcase name="test_json_guest_cannot_store" file="/app/vendor/gammamatrix/playground-test/src/Feature/Http/Controllers/Resource/Playground/StoreJsonTrait.php" line="43" class="Tests\Feature\Playground\Lead\Resource\Http\Controllers\Playground\RegionRouteTest" classname="Tests.Feature.Playground.Lead.Resource.Http.Controllers.Playground.RegionRouteTest" assertions="3" time="0.343201"/>
        <testcase name="test_json_store_as_admin_without_payload_and_fail_validation" file="/app/vendor/gammamatrix/playground-test/src/Feature/Http/Controllers/Resource/Playground/StoreJsonTrait.php" line="66" class="Tests\Feature\Playground\Lead\Resource\Http\Controllers\Playground\RegionRouteTest" classname="Tests.Feature.Playground.Lead.Resource.Http.Controllers.Playground.RegionRouteTest" assertions="5" time="0.363677"/>
        <testcase name="test_json_store_as_admin_and_succeed" file="/app/vendor/gammamatrix/playground-test/src/Feature/Http/Controllers/Resource/Playground/StoreJsonTrait.php" line="92" class="Tests\Feature\Playground\Lead\Resource\Http\Controllers\Playground\RegionRouteTest" classname="Tests.Feature.Playground.Lead.Resource.Http.Controllers.Playground.RegionRouteTest" assertions="3" time="0.444568"/>
        <testcase name="test_guest_cannot_store" file="/app/vendor/gammamatrix/playground-test/src/Feature/Http/Controllers/Resource/Playground/StoreTrait.php" line="38" class="Tests\Feature\Playground\Lead\Resource\Http\Controllers\Playground\RegionRouteTest" classname="Tests.Feature.Playground.Lead.Resource.Http.Controllers.Playground.RegionRouteTest" assertions="3" time="0.356119"/>
        <testcase name="test_store_as_admin_without_payload_and_fail_validation" file="/app/vendor/gammamatrix/playground-test/src/Feature/Http/Controllers/Resource/Playground/StoreTrait.php" line="61" class="Tests\Feature\Playground\Lead\Resource\Http\Controllers\Playground\RegionRouteTest" classname="Tests.Feature.Playground.Lead.Resource.Http.Controllers.Playground.RegionRouteTest" assertions="5" time="0.372457"/>
        <testcase name="test_store_as_admin_and_succeed" file="/app/vendor/gammamatrix/playground-test/src/Feature/Http/Controllers/Resource/Playground/StoreTrait.php" line="90" class="Tests\Feature\Playground\Lead\Resource\Http\Controllers\Playground\RegionRouteTest" classname="Tests.Feature.Playground.Lead.Resource.Http.Controllers.Playground.RegionRouteTest" assertions="4" time="0.438844"/>
        <testcase name="test_store_as_admin_and_succeed_with_return_url" file="/app/vendor/gammamatrix/playground-test/src/Feature/Http/Controllers/Resource/Playground/StoreTrait.php" line="135" class="Tests\Feature\Playground\Lead\Resource\Http\Controllers\Playground\RegionRouteTest" classname="Tests.Feature.Playground.Lead.Resource.Http.Controllers.Playground.RegionRouteTest" assertions="4" time="0.419029"/>
        <testcase name="test_json_guest_cannot_unlock" file="/app/vendor/gammamatrix/playground-test/src/Feature/Http/Controllers/Resource/Playground/UnlockJsonTrait.php" line="36" class="Tests\Feature\Playground\Lead\Resource\Http\Controllers\Playground\RegionRouteTest" classname="Tests.Feature.Playground.Lead.Resource.Http.Controllers.Playground.RegionRouteTest" assertions="3" time="0.416504"/>
        <testcase name="test_json_unlock_as_admin_and_succeed" file="/app/vendor/gammamatrix/playground-test/src/Feature/Http/Controllers/Resource/Playground/UnlockJsonTrait.php" line="68" class="Tests\Feature\Playground\Lead\Resource\Http\Controllers\Playground\RegionRouteTest" classname="Tests.Feature.Playground.Lead.Resource.Http.Controllers.Playground.RegionRouteTest" assertions="125" time="0.385671"/>
        <testcase name="test_json_unlock_as_admin_and_succeed_with_no_redirect" file="/app/vendor/gammamatrix/playground-test/src/Feature/Http/Controllers/Resource/Playground/UnlockJsonTrait.php" line="104" class="Tests\Feature\Playground\Lead\Resource\Http\Controllers\Playground\RegionRouteTest" classname="Tests.Feature.Playground.Lead.Resource.Http.Controllers.Playground.RegionRouteTest" assertions="125" time="0.384966"/>
        <testcase name="test_json_unlock_as_user_and_get_denied" file="/app/vendor/gammamatrix/playground-test/src/Feature/Http/Controllers/Resource/Playground/UnlockJsonTrait.php" line="145" class="Tests\Feature\Playground\Lead\Resource\Http\Controllers\Playground\RegionRouteTest" classname="Tests.Feature.Playground.Lead.Resource.Http.Controllers.Playground.RegionRouteTest" assertions="3" time="0.428996"/>
        <testcase name="test_guest_cannot_unlock" file="/app/vendor/gammamatrix/playground-test/src/Feature/Http/Controllers/Resource/Playground/UnlockTrait.php" line="36" class="Tests\Feature\Playground\Lead\Resource\Http\Controllers\Playground\RegionRouteTest" classname="Tests.Feature.Playground.Lead.Resource.Http.Controllers.Playground.RegionRouteTest" assertions="3" time="0.360560"/>
        <testcase name="test_unlock_as_admin_and_succeed" file="/app/vendor/gammamatrix/playground-test/src/Feature/Http/Controllers/Resource/Playground/UnlockTrait.php" line="68" class="Tests\Feature\Playground\Lead\Resource\Http\Controllers\Playground\RegionRouteTest" classname="Tests.Feature.Playground.Lead.Resource.Http.Controllers.Playground.RegionRouteTest" assertions="4" time="0.408808"/>
        <testcase name="test_unlock_as_admin_and_succeed_with_redirect_to_index_with_sorted_by_unlocked_desc" file="/app/vendor/gammamatrix/playground-test/src/Feature/Http/Controllers/Resource/Playground/UnlockTrait.php" line="109" class="Tests\Feature\Playground\Lead\Resource\Http\Controllers\Playground\RegionRouteTest" classname="Tests.Feature.Playground.Lead.Resource.Http.Controllers.Playground.RegionRouteTest" assertions="4" time="0.385002"/>
        <testcase name="test_unlock_as_user_and_get_denied" file="/app/vendor/gammamatrix/playground-test/src/Feature/Http/Controllers/Resource/Playground/UnlockTrait.php" line="148" class="Tests\Feature\Playground\Lead\Resource\Http\Controllers\Playground\RegionRouteTest" classname="Tests.Feature.Playground.Lead.Resource.Http.Controllers.Playground.RegionRouteTest" assertions="3" time="0.373722"/>
        <testcase name="test_json_guest_cannot_update" file="/app/vendor/gammamatrix/playground-test/src/Feature/Http/Controllers/Resource/Playground/UpdateJsonTrait.php" line="45" class="Tests\Feature\Playground\Lead\Resource\Http\Controllers\Playground\RegionRouteTest" classname="Tests.Feature.Playground.Lead.Resource.Http.Controllers.Playground.RegionRouteTest" assertions="1" time="0.417078"/>
        <testcase name="test_json_update_as_admin_without_payload_and_fail_validation" file="/app/vendor/gammamatrix/playground-test/src/Feature/Http/Controllers/Resource/Playground/UpdateJsonTrait.php" line="65" class="Tests\Feature\Playground\Lead\Resource\Http\Controllers\Playground\RegionRouteTest" classname="Tests.Feature.Playground.Lead.Resource.Http.Controllers.Playground.RegionRouteTest" assertions="4" time="0.384269"/>
        <testcase name="test_json_admin_can_update" file="/app/vendor/gammamatrix/playground-test/src/Feature/Http/Controllers/Resource/Playground/UpdateJsonTrait.php" line="90" class="Tests\Feature\Playground\Lead\Resource\Http\Controllers\Playground\RegionRouteTest" classname="Tests.Feature.Playground.Lead.Resource.Http.Controllers.Playground.RegionRouteTest" assertions="127" time="0.481090"/>
        <testcase name="test_guest_cannot_update" file="/app/vendor/gammamatrix/playground-test/src/Feature/Http/Controllers/Resource/Playground/UpdateTrait.php" line="45" class="Tests\Feature\Playground\Lead\Resource\Http\Controllers\Playground\RegionRouteTest" classname="Tests.Feature.Playground.Lead.Resource.Http.Controllers.Playground.RegionRouteTest" assertions="1" time="0.398997"/>
        <testcase name="test_update_as_admin_without_payload_and_fail_validation" file="/app/vendor/gammamatrix/playground-test/src/Feature/Http/Controllers/Resource/Playground/UpdateTrait.php" line="65" class="Tests\Feature\Playground\Lead\Resource\Http\Controllers\Playground\RegionRouteTest" classname="Tests.Feature.Playground.Lead.Resource.Http.Controllers.Playground.RegionRouteTest" assertions="4" time="0.392922"/>
        <testcase name="test_admin_can_update" file="/app/vendor/gammamatrix/playground-test/src/Feature/Http/Controllers/Resource/Playground/UpdateTrait.php" line="90" class="Tests\Feature\Playground\Lead\Resource\Http\Controllers\Playground\RegionRouteTest" classname="Tests.Feature.Playground.Lead.Resource.Http.Controllers.Playground.RegionRouteTest" assertions="6" time="0.476978"/>
        <testcase name="test_admin_can_update_view_with_return_url" file="/app/vendor/gammamatrix/playground-test/src/Feature/Http/Controllers/Resource/Playground/UpdateTrait.php" line="133" class="Tests\Feature\Playground\Lead\Resource\Http\Controllers\Playground\RegionRouteTest" classname="Tests.Feature.Playground.Lead.Resource.Http.Controllers.Playground.RegionRouteTest" assertions="6" time="0.435058"/>
      </testsuite>
      <testsuite name="Tests\Feature\Playground\Lead\Resource\Http\Controllers\Playground\ReportRouteTest" file="/app/tests/Feature/Http/Controllers/Playground/ReportRouteTest.php" tests="73" assertions="1335" errors="0" failures="0" skipped="0" time="28.621641">
        <testcase name="test_json_guest_cannot_get_create_info" file="/app/vendor/gammamatrix/playground-test/src/Feature/Http/Controllers/Resource/Playground/CreateJsonTrait.php" line="38" class="Tests\Feature\Playground\Lead\Resource\Http\Controllers\Playground\ReportRouteTest" classname="Tests.Feature.Playground.Lead.Resource.Http.Controllers.Playground.ReportRouteTest" assertions="1" time="0.401221"/>
        <testcase name="test_json_admin_can_get_create_info" file="/app/vendor/gammamatrix/playground-test/src/Feature/Http/Controllers/Resource/Playground/CreateJsonTrait.php" line="53" class="Tests\Feature\Playground\Lead\Resource\Http\Controllers\Playground\ReportRouteTest" classname="Tests.Feature.Playground.Lead.Resource.Http.Controllers.Playground.ReportRouteTest" assertions="123" time="0.403282"/>
        <testcase name="test_json_get_create_info_as_admin_with_invalid_parameter_and_fail_validation" file="/app/vendor/gammamatrix/playground-test/src/Feature/Http/Controllers/Resource/Playground/CreateJsonTrait.php" line="73" class="Tests\Feature\Playground\Lead\Resource\Http\Controllers\Playground\ReportRouteTest" classname="Tests.Feature.Playground.Lead.Resource.Http.Controllers.Playground.ReportRouteTest" assertions="4" time="0.365574"/>
        <testcase name="test_guest_cannot_render_create_view" file="/app/vendor/gammamatrix/playground-test/src/Feature/Http/Controllers/Resource/Playground/CreateTrait.php" line="33" class="Tests\Feature\Playground\Lead\Resource\Http\Controllers\Playground\ReportRouteTest" classname="Tests.Feature.Playground.Lead.Resource.Http.Controllers.Playground.ReportRouteTest" assertions="1" time="0.387077"/>
        <testcase name="test_admin_can_render_create_view" file="/app/vendor/gammamatrix/playground-test/src/Feature/Http/Controllers/Resource/Playground/CreateTrait.php" line="47" class="Tests\Feature\Playground\Lead\Resource\Http\Controllers\Playground\ReportRouteTest" classname="Tests.Feature.Playground.Lead.Resource.Http.Controllers.Playground.ReportRouteTest" assertions="2" time="0.413814"/>
        <testcase name="test_admin_can_render_create_view_with_return_url" file="/app/vendor/gammamatrix/playground-test/src/Feature/Http/Controllers/Resource/Playground/CreateTrait.php" line="65" class="Tests\Feature\Playground\Lead\Resource\Http\Controllers\Playground\ReportRouteTest" classname="Tests.Feature.Playground.Lead.Resource.Http.Controllers.Playground.ReportRouteTest" assertions="3" time="0.385137"/>
        <testcase name="test_create_view_as_admin_with_invalid_parameter_and_fail_validation_and_redirect" file="/app/vendor/gammamatrix/playground-test/src/Feature/Http/Controllers/Resource/Playground/CreateTrait.php" line="92" class="Tests\Feature\Playground\Lead\Resource\Http\Controllers\Playground\ReportRouteTest" classname="Tests.Feature.Playground.Lead.Resource.Http.Controllers.Playground.ReportRouteTest" assertions="5" time="0.413174"/>
        <testcase name="test_json_guest_cannot_destroy" file="/app/vendor/gammamatrix/playground-test/src/Feature/Http/Controllers/Resource/Playground/DestroyJsonTrait.php" line="31" class="Tests\Feature\Playground\Lead\Resource\Http\Controllers\Playground\ReportRouteTest" classname="Tests.Feature.Playground.Lead.Resource.Http.Controllers.Playground.ReportRouteTest" assertions="3" time="0.349856"/>
        <testcase name="test_json_destroy_as_admin_and_succeed" file="/app/vendor/gammamatrix/playground-test/src/Feature/Http/Controllers/Resource/Playground/DestroyJsonTrait.php" line="61" class="Tests\Feature\Playground\Lead\Resource\Http\Controllers\Playground\ReportRouteTest" classname="Tests.Feature.Playground.Lead.Resource.Http.Controllers.Playground.ReportRouteTest" assertions="5" time="0.358903"/>
        <testcase name="test_json_destroy_as_admin_and_succeed_with_force_delete" file="/app/vendor/gammamatrix/playground-test/src/Feature/Http/Controllers/Resource/Playground/DestroyJsonTrait.php" line="100" class="Tests\Feature\Playground\Lead\Resource\Http\Controllers\Playground\ReportRouteTest" classname="Tests.Feature.Playground.Lead.Resource.Http.Controllers.Playground.ReportRouteTest" assertions="4" time="0.406726"/>
        <testcase name="test_json_destroy_as_admin_and_succeed_with_no_content" file="/app/vendor/gammamatrix/playground-test/src/Feature/Http/Controllers/Resource/Playground/DestroyJsonTrait.php" line="132" class="Tests\Feature\Playground\Lead\Resource\Http\Controllers\Playground\ReportRouteTest" classname="Tests.Feature.Playground.Lead.Resource.Http.Controllers.Playground.ReportRouteTest" assertions="5" time="0.369181"/>
        <testcase name="test_json_destroy_as_admin_and_succeed_and_ignore_redirect" file="/app/vendor/gammamatrix/playground-test/src/Feature/Http/Controllers/Resource/Playground/DestroyJsonTrait.php" line="167" class="Tests\Feature\Playground\Lead\Resource\Http\Controllers\Playground\ReportRouteTest" classname="Tests.Feature.Playground.Lead.Resource.Http.Controllers.Playground.ReportRouteTest" assertions="5" time="0.414168"/>
        <testcase name="test_json_destroy_as_user_and_get_denied_and_no_force_delete_allowed" file="/app/vendor/gammamatrix/playground-test/src/Feature/Http/Controllers/Resource/Playground/DestroyJsonTrait.php" line="209" class="Tests\Feature\Playground\Lead\Resource\Http\Controllers\Playground\ReportRouteTest" classname="Tests.Feature.Playground.Lead.Resource.Http.Controllers.Playground.ReportRouteTest" assertions="3" time="0.370694"/>
        <testcase name="test_guest_cannot_destroy" file="/app/vendor/gammamatrix/playground-test/src/Feature/Http/Controllers/Resource/Playground/DestroyTrait.php" line="31" class="Tests\Feature\Playground\Lead\Resource\Http\Controllers\Playground\ReportRouteTest" classname="Tests.Feature.Playground.Lead.Resource.Http.Controllers.Playground.ReportRouteTest" assertions="3" time="0.355282"/>
        <testcase name="test_destroy_as_admin_and_succeed" file="/app/vendor/gammamatrix/playground-test/src/Feature/Http/Controllers/Resource/Playground/DestroyTrait.php" line="61" class="Tests\Feature\Playground\Lead\Resource\Http\Controllers\Playground\ReportRouteTest" classname="Tests.Feature.Playground.Lead.Resource.Http.Controllers.Playground.ReportRouteTest" assertions="5" time="0.419006"/>
        <testcase name="test_destroy_as_admin_and_succeed_with_force_delete" file="/app/vendor/gammamatrix/playground-test/src/Feature/Http/Controllers/Resource/Playground/DestroyTrait.php" line="97" class="Tests\Feature\Playground\Lead\Resource\Http\Controllers\Playground\ReportRouteTest" classname="Tests.Feature.Playground.Lead.Resource.Http.Controllers.Playground.ReportRouteTest" assertions="4" time="0.362067"/>
        <testcase name="test_destroy_as_admin_and_succeed_with_redirect_to_index_with_trash" file="/app/vendor/gammamatrix/playground-test/src/Feature/Http/Controllers/Resource/Playground/DestroyTrait.php" line="129" class="Tests\Feature\Playground\Lead\Resource\Http\Controllers\Playground\ReportRouteTest" classname="Tests.Feature.Playground.Lead.Resource.Http.Controllers.Playground.ReportRouteTest" assertions="5" time="0.380660"/>
        <testcase name="test_destroy_as_user_and_get_denied_and_no_force_delete_allowed" file="/app/vendor/gammamatrix/playground-test/src/Feature/Http/Controllers/Resource/Playground/DestroyTrait.php" line="171" class="Tests\Feature\Playground\Lead\Resource\Http\Controllers\Playground\ReportRouteTest" classname="Tests.Feature.Playground.Lead.Resource.Http.Controllers.Playground.ReportRouteTest" assertions="3" time="0.412358"/>
        <testcase name="test_json_guest_cannot_get_edit_info" file="/app/vendor/gammamatrix/playground-test/src/Feature/Http/Controllers/Resource/Playground/EditJsonTrait.php" line="38" class="Tests\Feature\Playground\Lead\Resource\Http\Controllers\Playground\ReportRouteTest" classname="Tests.Feature.Playground.Lead.Resource.Http.Controllers.Playground.ReportRouteTest" assertions="1" time="0.350521"/>
        <testcase name="test_json_admin_can_get_edit_info" file="/app/vendor/gammamatrix/playground-test/src/Feature/Http/Controllers/Resource/Playground/EditJsonTrait.php" line="58" class="Tests\Feature\Playground\Lead\Resource\Http\Controllers\Playground\ReportRouteTest" classname="Tests.Feature.Playground.Lead.Resource.Http.Controllers.Playground.ReportRouteTest" assertions="4" time="0.378155"/>
        <testcase name="test_json_edit_as_admin_and_fail_validation_with_invalid_parameter" file="/app/vendor/gammamatrix/playground-test/src/Feature/Http/Controllers/Resource/Playground/EditJsonTrait.php" line="87" class="Tests\Feature\Playground\Lead\Resource\Http\Controllers\Playground\ReportRouteTest" classname="Tests.Feature.Playground.Lead.Resource.Http.Controllers.Playground.ReportRouteTest" assertions="4" time="0.426208"/>
        <testcase name="test_guest_cannot_render_edit_view" file="/app/vendor/gammamatrix/playground-test/src/Feature/Http/Controllers/Resource/Playground/EditTrait.php" line="33" class="Tests\Feature\Playground\Lead\Resource\Http\Controllers\Playground\ReportRouteTest" classname="Tests.Feature.Playground.Lead.Resource.Http.Controllers.Playground.ReportRouteTest" assertions="1" time="0.358729"/>
        <testcase name="test_admin_can_render_edit_view" file="/app/vendor/gammamatrix/playground-test/src/Feature/Http/Controllers/Resource/Playground/EditTrait.php" line="53" class="Tests\Feature\Playground\Lead\Resource\Http\Controllers\Playground\ReportRouteTest" classname="Tests.Feature.Playground.Lead.Resource.Http.Controllers.Playground.ReportRouteTest" assertions="2" time="0.448257"/>
        <testcase name="test_admin_can_render_edit_view_with_return_url" file="/app/vendor/gammamatrix/playground-test/src/Feature/Http/Controllers/Resource/Playground/EditTrait.php" line="77" class="Tests\Feature\Playground\Lead\Resource\Http\Controllers\Playground\ReportRouteTest" classname="Tests.Feature.Playground.Lead.Resource.Http.Controllers.Playground.ReportRouteTest" assertions="3" time="0.387127"/>
        <testcase name="test_edit_view_as_admin_with_invalid_parameter_and_fail_validation_and_redirect" file="/app/vendor/gammamatrix/playground-test/src/Feature/Http/Controllers/Resource/Playground/EditTrait.php" line="109" class="Tests\Feature\Playground\Lead\Resource\Http\Controllers\Playground\ReportRouteTest" classname="Tests.Feature.Playground.Lead.Resource.Http.Controllers.Playground.ReportRouteTest" assertions="4" time="0.373585"/>
        <testcase name="test_json_guest_cannot_get_index" file="/app/vendor/gammamatrix/playground-test/src/Feature/Http/Controllers/Resource/Playground/IndexJsonTrait.php" line="34" class="Tests\Feature\Playground\Lead\Resource\Http\Controllers\Playground\ReportRouteTest" classname="Tests.Feature.Playground.Lead.Resource.Http.Controllers.Playground.ReportRouteTest" assertions="1" time="0.397084"/>
        <testcase name="test_json_admin_can_get_index" file="/app/vendor/gammamatrix/playground-test/src/Feature/Http/Controllers/Resource/Playground/IndexJsonTrait.php" line="49" class="Tests\Feature\Playground\Lead\Resource\Http\Controllers\Playground\ReportRouteTest" classname="Tests.Feature.Playground.Lead.Resource.Http.Controllers.Playground.ReportRouteTest" assertions="130" time="0.382995"/>
        <testcase name="test_json_admin_can_get_index_with_filters" file="/app/vendor/gammamatrix/playground-test/src/Feature/Http/Controllers/Resource/Playground/IndexJsonTrait.php" line="85" class="Tests\Feature\Playground\Lead\Resource\Http\Controllers\Playground\ReportRouteTest" classname="Tests.Feature.Playground.Lead.Resource.Http.Controllers.Playground.ReportRouteTest" assertions="3" time="0.387246"/>
        <testcase name="test_guest_cannot_render_index_view" file="/app/vendor/gammamatrix/playground-test/src/Feature/Http/Controllers/Resource/Playground/IndexTrait.php" line="29" class="Tests\Feature\Playground\Lead\Resource\Http\Controllers\Playground\ReportRouteTest" classname="Tests.Feature.Playground.Lead.Resource.Http.Controllers.Playground.ReportRouteTest" assertions="1" time="0.394428"/>
        <testcase name="test_admin_can_render_index_view" file="/app/vendor/gammamatrix/playground-test/src/Feature/Http/Controllers/Resource/Playground/IndexTrait.php" line="44" class="Tests\Feature\Playground\Lead\Resource\Http\Controllers\Playground\ReportRouteTest" classname="Tests.Feature.Playground.Lead.Resource.Http.Controllers.Playground.ReportRouteTest" assertions="2" time="0.412865"/>
        <testcase name="test_admin_can_render_index_view_with_filters" file="/app/vendor/gammamatrix/playground-test/src/Feature/Http/Controllers/Resource/Playground/IndexTrait.php" line="77" class="Tests\Feature\Playground\Lead\Resource\Http\Controllers\Playground\ReportRouteTest" classname="Tests.Feature.Playground.Lead.Resource.Http.Controllers.Playground.ReportRouteTest" assertions="3" time="0.432072"/>
        <testcase name="test_json_guest_cannot_lock" file="/app/vendor/gammamatrix/playground-test/src/Feature/Http/Controllers/Resource/Playground/LockJsonTrait.php" line="36" class="Tests\Feature\Playground\Lead\Resource\Http\Controllers\Playground\ReportRouteTest" classname="Tests.Feature.Playground.Lead.Resource.Http.Controllers.Playground.ReportRouteTest" assertions="3" time="0.350783"/>
        <testcase name="test_json_lock_as_admin_and_succeed" file="/app/vendor/gammamatrix/playground-test/src/Feature/Http/Controllers/Resource/Playground/LockJsonTrait.php" line="66" class="Tests\Feature\Playground\Lead\Resource\Http\Controllers\Playground\ReportRouteTest" classname="Tests.Feature.Playground.Lead.Resource.Http.Controllers.Playground.ReportRouteTest" assertions="3" time="0.379541"/>
        <testcase name="test_json_lock_as_admin_and_succeed_with_no_redirect" file="/app/vendor/gammamatrix/playground-test/src/Feature/Http/Controllers/Resource/Playground/LockJsonTrait.php" line="98" class="Tests\Feature\Playground\Lead\Resource\Http\Controllers\Playground\ReportRouteTest" classname="Tests.Feature.Playground.Lead.Resource.Http.Controllers.Playground.ReportRouteTest" assertions="125" time="0.452671"/>
        <testcase name="test_json_lock_as_user_and_get_denied" file="/app/vendor/gammamatrix/playground-test/src/Feature/Http/Controllers/Resource/Playground/LockJsonTrait.php" line="143" class="Tests\Feature\Playground\Lead\Resource\Http\Controllers\Playground\ReportRouteTest" classname="Tests.Feature.Playground.Lead.Resource.Http.Controllers.Playground.ReportRouteTest" assertions="3" time="0.365487"/>
        <testcase name="test_guest_cannot_lock" file="/app/vendor/gammamatrix/playground-test/src/Feature/Http/Controllers/Resource/Playground/LockTrait.php" line="31" class="Tests\Feature\Playground\Lead\Resource\Http\Controllers\Playground\ReportRouteTest" classname="Tests.Feature.Playground.Lead.Resource.Http.Controllers.Playground.ReportRouteTest" assertions="3" time="0.343710"/>
        <testcase name="test_lock_as_admin_and_succeed" file="/app/vendor/gammamatrix/playground-test/src/Feature/Http/Controllers/Resource/Playground/LockTrait.php" line="61" class="Tests\Feature\Playground\Lead\Resource\Http\Controllers\Playground\ReportRouteTest" classname="Tests.Feature.Playground.Lead.Resource.Http.Controllers.Playground.ReportRouteTest" assertions="4" time="0.412643"/>
        <testcase name="test_lock_as_admin_and_succeed_with_redirect_to_index_with_sorted_by_locked_desc" file="/app/vendor/gammamatrix/playground-test/src/Feature/Http/Controllers/Resource/Playground/LockTrait.php" line="95" class="Tests\Feature\Playground\Lead\Resource\Http\Controllers\Playground\ReportRouteTest" classname="Tests.Feature.Playground.Lead.Resource.Http.Controllers.Playground.ReportRouteTest" assertions="4" time="0.365349"/>
        <testcase name="test_lock_as_user_and_get_denied" file="/app/vendor/gammamatrix/playground-test/src/Feature/Http/Controllers/Resource/Playground/LockTrait.php" line="132" class="Tests\Feature\Playground\Lead\Resource\Http\Controllers\Playground\ReportRouteTest" classname="Tests.Feature.Playground.Lead.Resource.Http.Controllers.Playground.ReportRouteTest" assertions="3" time="0.374094"/>
        <testcase name="test_json_guest_cannot_restore" file="/app/vendor/gammamatrix/playground-test/src/Feature/Http/Controllers/Resource/Playground/RestoreJsonTrait.php" line="32" class="Tests\Feature\Playground\Lead\Resource\Http\Controllers\Playground\ReportRouteTest" classname="Tests.Feature.Playground.Lead.Resource.Http.Controllers.Playground.ReportRouteTest" assertions="3" time="0.424949"/>
        <testcase name="test_json_restore_as_admin_and_succeed" file="/app/vendor/gammamatrix/playground-test/src/Feature/Http/Controllers/Resource/Playground/RestoreJsonTrait.php" line="64" class="Tests\Feature\Playground\Lead\Resource\Http\Controllers\Playground\ReportRouteTest" classname="Tests.Feature.Playground.Lead.Resource.Http.Controllers.Playground.ReportRouteTest" assertions="125" time="0.373019"/>
        <testcase name="test_json_restore_as_admin_and_succeed_with_no_redirect" file="/app/vendor/gammamatrix/playground-test/src/Feature/Http/Controllers/Resource/Playground/RestoreJsonTrait.php" line="100" class="Tests\Feature\Playground\Lead\Resource\Http\Controllers\Playground\ReportRouteTest" classname="Tests.Feature.Playground.Lead.Resource.Http.Controllers.Playground.ReportRouteTest" assertions="125" time="0.421373"/>
        <testcase name="test_json_restore_as_user_and_get_denied" file="/app/vendor/gammamatrix/playground-test/src/Feature/Http/Controllers/Resource/Playground/RestoreJsonTrait.php" line="143" class="Tests\Feature\Playground\Lead\Resource\Http\Controllers\Playground\ReportRouteTest" classname="Tests.Feature.Playground.Lead.Resource.Http.Controllers.Playground.ReportRouteTest" assertions="3" time="0.371538"/>
        <testcase name="test_guest_cannot_restore" file="/app/vendor/gammamatrix/playground-test/src/Feature/Http/Controllers/Resource/Playground/RestoreTrait.php" line="32" class="Tests\Feature\Playground\Lead\Resource\Http\Controllers\Playground\ReportRouteTest" classname="Tests.Feature.Playground.Lead.Resource.Http.Controllers.Playground.ReportRouteTest" assertions="3" time="0.362167"/>
        <testcase name="test_restore_as_admin_and_succeed" file="/app/vendor/gammamatrix/playground-test/src/Feature/Http/Controllers/Resource/Playground/RestoreTrait.php" line="64" class="Tests\Feature\Playground\Lead\Resource\Http\Controllers\Playground\ReportRouteTest" classname="Tests.Feature.Playground.Lead.Resource.Http.Controllers.Playground.ReportRouteTest" assertions="4" time="0.419293"/>
        <testcase name="test_restore_as_admin_and_succeed_with_redirect_to_index_with_only_trash" file="/app/vendor/gammamatrix/playground-test/src/Feature/Http/Controllers/Resource/Playground/RestoreTrait.php" line="100" class="Tests\Feature\Playground\Lead\Resource\Http\Controllers\Playground\ReportRouteTest" classname="Tests.Feature.Playground.Lead.Resource.Http.Controllers.Playground.ReportRouteTest" assertions="4" time="0.372939"/>
        <testcase name="test_restore_as_user_and_get_denied" file="/app/vendor/gammamatrix/playground-test/src/Feature/Http/Controllers/Resource/Playground/RestoreTrait.php" line="146" class="Tests\Feature\Playground\Lead\Resource\Http\Controllers\Playground\ReportRouteTest" classname="Tests.Feature.Playground.Lead.Resource.Http.Controllers.Playground.ReportRouteTest" assertions="3" time="0.359723"/>
        <testcase name="test_json_guest_cannot_see_info" file="/app/vendor/gammamatrix/playground-test/src/Feature/Http/Controllers/Resource/Playground/ShowJsonTrait.php" line="29" class="Tests\Feature\Playground\Lead\Resource\Http\Controllers\Playground\ReportRouteTest" classname="Tests.Feature.Playground.Lead.Resource.Http.Controllers.Playground.ReportRouteTest" assertions="1" time="0.412559"/>
        <testcase name="test_json_show_info_for_admin" file="/app/vendor/gammamatrix/playground-test/src/Feature/Http/Controllers/Resource/Playground/ShowJsonTrait.php" line="49" class="Tests\Feature\Playground\Lead\Resource\Http\Controllers\Playground\ReportRouteTest" classname="Tests.Feature.Playground.Lead.Resource.Http.Controllers.Playground.ReportRouteTest" assertions="124" time="0.367167"/>
        <testcase name="test_guest_cannot_render_show_view" file="/app/vendor/gammamatrix/playground-test/src/Feature/Http/Controllers/Resource/Playground/ShowTrait.php" line="29" class="Tests\Feature\Playground\Lead\Resource\Http\Controllers\Playground\ReportRouteTest" classname="Tests.Feature.Playground.Lead.Resource.Http.Controllers.Playground.ReportRouteTest" assertions="1" time="0.358763"/>
        <testcase name="test_show_view_rendered_by_admin" file="/app/vendor/gammamatrix/playground-test/src/Feature/Http/Controllers/Resource/Playground/ShowTrait.php" line="49" class="Tests\Feature\Playground\Lead\Resource\Http\Controllers\Playground\ReportRouteTest" classname="Tests.Feature.Playground.Lead.Resource.Http.Controllers.Playground.ReportRouteTest" assertions="2" time="0.432385"/>
        <testcase name="test_json_guest_cannot_store" file="/app/vendor/gammamatrix/playground-test/src/Feature/Http/Controllers/Resource/Playground/StoreJsonTrait.php" line="43" class="Tests\Feature\Playground\Lead\Resource\Http\Controllers\Playground\ReportRouteTest" classname="Tests.Feature.Playground.Lead.Resource.Http.Controllers.Playground.ReportRouteTest" assertions="3" time="0.353349"/>
        <testcase name="test_json_store_as_admin_without_payload_and_fail_validation" file="/app/vendor/gammamatrix/playground-test/src/Feature/Http/Controllers/Resource/Playground/StoreJsonTrait.php" line="66" class="Tests\Feature\Playground\Lead\Resource\Http\Controllers\Playground\ReportRouteTest" classname="Tests.Feature.Playground.Lead.Resource.Http.Controllers.Playground.ReportRouteTest" assertions="5" time="0.425584"/>
        <testcase name="test_json_store_as_admin_and_succeed" file="/app/vendor/gammamatrix/playground-test/src/Feature/Http/Controllers/Resource/Playground/StoreJsonTrait.php" line="92" class="Tests\Feature\Playground\Lead\Resource\Http\Controllers\Playground\ReportRouteTest" classname="Tests.Feature.Playground.Lead.Resource.Http.Controllers.Playground.ReportRouteTest" assertions="3" time="0.406092"/>
        <testcase name="test_guest_cannot_store" file="/app/vendor/gammamatrix/playground-test/src/Feature/Http/Controllers/Resource/Playground/StoreTrait.php" line="38" class="Tests\Feature\Playground\Lead\Resource\Http\Controllers\Playground\ReportRouteTest" classname="Tests.Feature.Playground.Lead.Resource.Http.Controllers.Playground.ReportRouteTest" assertions="3" time="0.355681"/>
        <testcase name="test_store_as_admin_without_payload_and_fail_validation" file="/app/vendor/gammamatrix/playground-test/src/Feature/Http/Controllers/Resource/Playground/StoreTrait.php" line="61" class="Tests\Feature\Playground\Lead\Resource\Http\Controllers\Playground\ReportRouteTest" classname="Tests.Feature.Playground.Lead.Resource.Http.Controllers.Playground.ReportRouteTest" assertions="5" time="0.418066"/>
        <testcase name="test_store_as_admin_and_succeed" file="/app/vendor/gammamatrix/playground-test/src/Feature/Http/Controllers/Resource/Playground/StoreTrait.php" line="90" class="Tests\Feature\Playground\Lead\Resource\Http\Controllers\Playground\ReportRouteTest" classname="Tests.Feature.Playground.Lead.Resource.Http.Controllers.Playground.ReportRouteTest" assertions="4" time="0.385522"/>
        <testcase name="test_store_as_admin_and_succeed_with_return_url" file="/app/vendor/gammamatrix/playground-test/src/Feature/Http/Controllers/Resource/Playground/StoreTrait.php" line="135" class="Tests\Feature\Playground\Lead\Resource\Http\Controllers\Playground\ReportRouteTest" classname="Tests.Feature.Playground.Lead.Resource.Http.Controllers.Playground.ReportRouteTest" assertions="4" time="0.456678"/>
        <testcase name="test_json_guest_cannot_unlock" file="/app/vendor/gammamatrix/playground-test/src/Feature/Http/Controllers/Resource/Playground/UnlockJsonTrait.php" line="36" class="Tests\Feature\Playground\Lead\Resource\Http\Controllers\Playground\ReportRouteTest" classname="Tests.Feature.Playground.Lead.Resource.Http.Controllers.Playground.ReportRouteTest" assertions="3" time="0.368141"/>
        <testcase name="test_json_unlock_as_admin_and_succeed" file="/app/vendor/gammamatrix/playground-test/src/Feature/Http/Controllers/Resource/Playground/UnlockJsonTrait.php" line="68" class="Tests\Feature\Playground\Lead\Resource\Http\Controllers\Playground\ReportRouteTest" classname="Tests.Feature.Playground.Lead.Resource.Http.Controllers.Playground.ReportRouteTest" assertions="125" time="0.369696"/>
        <testcase name="test_json_unlock_as_admin_and_succeed_with_no_redirect" file="/app/vendor/gammamatrix/playground-test/src/Feature/Http/Controllers/Resource/Playground/UnlockJsonTrait.php" line="104" class="Tests\Feature\Playground\Lead\Resource\Http\Controllers\Playground\ReportRouteTest" classname="Tests.Feature.Playground.Lead.Resource.Http.Controllers.Playground.ReportRouteTest" assertions="125" time="0.423329"/>
        <testcase name="test_json_unlock_as_user_and_get_denied" file="/app/vendor/gammamatrix/playground-test/src/Feature/Http/Controllers/Resource/Playground/UnlockJsonTrait.php" line="145" class="Tests\Feature\Playground\Lead\Resource\Http\Controllers\Playground\ReportRouteTest" classname="Tests.Feature.Playground.Lead.Resource.Http.Controllers.Playground.ReportRouteTest" assertions="3" time="0.369572"/>
        <testcase name="test_guest_cannot_unlock" file="/app/vendor/gammamatrix/playground-test/src/Feature/Http/Controllers/Resource/Playground/UnlockTrait.php" line="36" class="Tests\Feature\Playground\Lead\Resource\Http\Controllers\Playground\ReportRouteTest" classname="Tests.Feature.Playground.Lead.Resource.Http.Controllers.Playground.ReportRouteTest" assertions="3" time="0.367634"/>
        <testcase name="test_unlock_as_admin_and_succeed" file="/app/vendor/gammamatrix/playground-test/src/Feature/Http/Controllers/Resource/Playground/UnlockTrait.php" line="68" class="Tests\Feature\Playground\Lead\Resource\Http\Controllers\Playground\ReportRouteTest" classname="Tests.Feature.Playground.Lead.Resource.Http.Controllers.Playground.ReportRouteTest" assertions="4" time="0.432842"/>
        <testcase name="test_unlock_as_admin_and_succeed_with_redirect_to_index_with_sorted_by_unlocked_desc" file="/app/vendor/gammamatrix/playground-test/src/Feature/Http/Controllers/Resource/Playground/UnlockTrait.php" line="109" class="Tests\Feature\Playground\Lead\Resource\Http\Controllers\Playground\ReportRouteTest" classname="Tests.Feature.Playground.Lead.Resource.Http.Controllers.Playground.ReportRouteTest" assertions="4" time="0.374567"/>
        <testcase name="test_unlock_as_user_and_get_denied" file="/app/vendor/gammamatrix/playground-test/src/Feature/Http/Controllers/Resource/Playground/UnlockTrait.php" line="148" class="Tests\Feature\Playground\Lead\Resource\Http\Controllers\Playground\ReportRouteTest" classname="Tests.Feature.Playground.Lead.Resource.Http.Controllers.Playground.ReportRouteTest" assertions="3" time="0.379248"/>
        <testcase name="test_json_guest_cannot_update" file="/app/vendor/gammamatrix/playground-test/src/Feature/Http/Controllers/Resource/Playground/UpdateJsonTrait.php" line="45" class="Tests\Feature\Playground\Lead\Resource\Http\Controllers\Playground\ReportRouteTest" classname="Tests.Feature.Playground.Lead.Resource.Http.Controllers.Playground.ReportRouteTest" assertions="1" time="0.408396"/>
        <testcase name="test_json_update_as_admin_without_payload_and_fail_validation" file="/app/vendor/gammamatrix/playground-test/src/Feature/Http/Controllers/Resource/Playground/UpdateJsonTrait.php" line="65" class="Tests\Feature\Playground\Lead\Resource\Http\Controllers\Playground\ReportRouteTest" classname="Tests.Feature.Playground.Lead.Resource.Http.Controllers.Playground.ReportRouteTest" assertions="4" time="0.385583"/>
        <testcase name="test_json_admin_can_update" file="/app/vendor/gammamatrix/playground-test/src/Feature/Http/Controllers/Resource/Playground/UpdateJsonTrait.php" line="90" class="Tests\Feature\Playground\Lead\Resource\Http\Controllers\Playground\ReportRouteTest" classname="Tests.Feature.Playground.Lead.Resource.Http.Controllers.Playground.ReportRouteTest" assertions="127" time="0.482703"/>
        <testcase name="test_guest_cannot_update" file="/app/vendor/gammamatrix/playground-test/src/Feature/Http/Controllers/Resource/Playground/UpdateTrait.php" line="45" class="Tests\Feature\Playground\Lead\Resource\Http\Controllers\Playground\ReportRouteTest" classname="Tests.Feature.Playground.Lead.Resource.Http.Controllers.Playground.ReportRouteTest" assertions="1" time="0.373753"/>
        <testcase name="test_update_as_admin_without_payload_and_fail_validation" file="/app/vendor/gammamatrix/playground-test/src/Feature/Http/Controllers/Resource/Playground/UpdateTrait.php" line="65" class="Tests\Feature\Playground\Lead\Resource\Http\Controllers\Playground\ReportRouteTest" classname="Tests.Feature.Playground.Lead.Resource.Http.Controllers.Playground.ReportRouteTest" assertions="4" time="0.376049"/>
        <testcase name="test_admin_can_update" file="/app/vendor/gammamatrix/playground-test/src/Feature/Http/Controllers/Resource/Playground/UpdateTrait.php" line="90" class="Tests\Feature\Playground\Lead\Resource\Http\Controllers\Playground\ReportRouteTest" classname="Tests.Feature.Playground.Lead.Resource.Http.Controllers.Playground.ReportRouteTest" assertions="6" time="0.464394"/>
        <testcase name="test_admin_can_update_view_with_return_url" file="/app/vendor/gammamatrix/playground-test/src/Feature/Http/Controllers/Resource/Playground/UpdateTrait.php" line="133" class="Tests\Feature\Playground\Lead\Resource\Http\Controllers\Playground\ReportRouteTest" classname="Tests.Feature.Playground.Lead.Resource.Http.Controllers.Playground.ReportRouteTest" assertions="6" time="0.427159"/>
      </testsuite>
      <testsuite name="Tests\Feature\Playground\Lead\Resource\Http\Controllers\Playground\SourceRouteTest" file="/app/tests/Feature/Http/Controllers/Playground/SourceRouteTest.php" tests="73" assertions="1335" errors="0" failures="0" skipped="0" time="28.688644">
        <testcase name="test_json_guest_cannot_get_create_info" file="/app/vendor/gammamatrix/playground-test/src/Feature/Http/Controllers/Resource/Playground/CreateJsonTrait.php" line="38" class="Tests\Feature\Playground\Lead\Resource\Http\Controllers\Playground\SourceRouteTest" classname="Tests.Feature.Playground.Lead.Resource.Http.Controllers.Playground.SourceRouteTest" assertions="1" time="0.449825"/>
        <testcase name="test_json_admin_can_get_create_info" file="/app/vendor/gammamatrix/playground-test/src/Feature/Http/Controllers/Resource/Playground/CreateJsonTrait.php" line="53" class="Tests\Feature\Playground\Lead\Resource\Http\Controllers\Playground\SourceRouteTest" classname="Tests.Feature.Playground.Lead.Resource.Http.Controllers.Playground.SourceRouteTest" assertions="123" time="0.363417"/>
        <testcase name="test_json_get_create_info_as_admin_with_invalid_parameter_and_fail_validation" file="/app/vendor/gammamatrix/playground-test/src/Feature/Http/Controllers/Resource/Playground/CreateJsonTrait.php" line="73" class="Tests\Feature\Playground\Lead\Resource\Http\Controllers\Playground\SourceRouteTest" classname="Tests.Feature.Playground.Lead.Resource.Http.Controllers.Playground.SourceRouteTest" assertions="4" time="0.358439"/>
        <testcase name="test_guest_cannot_render_create_view" file="/app/vendor/gammamatrix/playground-test/src/Feature/Http/Controllers/Resource/Playground/CreateTrait.php" line="33" class="Tests\Feature\Playground\Lead\Resource\Http\Controllers\Playground\SourceRouteTest" classname="Tests.Feature.Playground.Lead.Resource.Http.Controllers.Playground.SourceRouteTest" assertions="1" time="0.395081"/>
        <testcase name="test_admin_can_render_create_view" file="/app/vendor/gammamatrix/playground-test/src/Feature/Http/Controllers/Resource/Playground/CreateTrait.php" line="47" class="Tests\Feature\Playground\Lead\Resource\Http\Controllers\Playground\SourceRouteTest" classname="Tests.Feature.Playground.Lead.Resource.Http.Controllers.Playground.SourceRouteTest" assertions="2" time="0.413254"/>
        <testcase name="test_admin_can_render_create_view_with_return_url" file="/app/vendor/gammamatrix/playground-test/src/Feature/Http/Controllers/Resource/Playground/CreateTrait.php" line="65" class="Tests\Feature\Playground\Lead\Resource\Http\Controllers\Playground\SourceRouteTest" classname="Tests.Feature.Playground.Lead.Resource.Http.Controllers.Playground.SourceRouteTest" assertions="3" time="0.377385"/>
        <testcase name="test_create_view_as_admin_with_invalid_parameter_and_fail_validation_and_redirect" file="/app/vendor/gammamatrix/playground-test/src/Feature/Http/Controllers/Resource/Playground/CreateTrait.php" line="92" class="Tests\Feature\Playground\Lead\Resource\Http\Controllers\Playground\SourceRouteTest" classname="Tests.Feature.Playground.Lead.Resource.Http.Controllers.Playground.SourceRouteTest" assertions="5" time="0.426523"/>
        <testcase name="test_json_guest_cannot_destroy" file="/app/vendor/gammamatrix/playground-test/src/Feature/Http/Controllers/Resource/Playground/DestroyJsonTrait.php" line="31" class="Tests\Feature\Playground\Lead\Resource\Http\Controllers\Playground\SourceRouteTest" classname="Tests.Feature.Playground.Lead.Resource.Http.Controllers.Playground.SourceRouteTest" assertions="3" time="0.348078"/>
        <testcase name="test_json_destroy_as_admin_and_succeed" file="/app/vendor/gammamatrix/playground-test/src/Feature/Http/Controllers/Resource/Playground/DestroyJsonTrait.php" line="61" class="Tests\Feature\Playground\Lead\Resource\Http\Controllers\Playground\SourceRouteTest" classname="Tests.Feature.Playground.Lead.Resource.Http.Controllers.Playground.SourceRouteTest" assertions="5" time="0.348836"/>
        <testcase name="test_json_destroy_as_admin_and_succeed_with_force_delete" file="/app/vendor/gammamatrix/playground-test/src/Feature/Http/Controllers/Resource/Playground/DestroyJsonTrait.php" line="100" class="Tests\Feature\Playground\Lead\Resource\Http\Controllers\Playground\SourceRouteTest" classname="Tests.Feature.Playground.Lead.Resource.Http.Controllers.Playground.SourceRouteTest" assertions="4" time="0.386506"/>
        <testcase name="test_json_destroy_as_admin_and_succeed_with_no_content" file="/app/vendor/gammamatrix/playground-test/src/Feature/Http/Controllers/Resource/Playground/DestroyJsonTrait.php" line="132" class="Tests\Feature\Playground\Lead\Resource\Http\Controllers\Playground\SourceRouteTest" classname="Tests.Feature.Playground.Lead.Resource.Http.Controllers.Playground.SourceRouteTest" assertions="5" time="0.374573"/>
        <testcase name="test_json_destroy_as_admin_and_succeed_and_ignore_redirect" file="/app/vendor/gammamatrix/playground-test/src/Feature/Http/Controllers/Resource/Playground/DestroyJsonTrait.php" line="167" class="Tests\Feature\Playground\Lead\Resource\Http\Controllers\Playground\SourceRouteTest" classname="Tests.Feature.Playground.Lead.Resource.Http.Controllers.Playground.SourceRouteTest" assertions="5" time="0.415527"/>
        <testcase name="test_json_destroy_as_user_and_get_denied_and_no_force_delete_allowed" file="/app/vendor/gammamatrix/playground-test/src/Feature/Http/Controllers/Resource/Playground/DestroyJsonTrait.php" line="209" class="Tests\Feature\Playground\Lead\Resource\Http\Controllers\Playground\SourceRouteTest" classname="Tests.Feature.Playground.Lead.Resource.Http.Controllers.Playground.SourceRouteTest" assertions="3" time="0.361893"/>
        <testcase name="test_guest_cannot_destroy" file="/app/vendor/gammamatrix/playground-test/src/Feature/Http/Controllers/Resource/Playground/DestroyTrait.php" line="31" class="Tests\Feature\Playground\Lead\Resource\Http\Controllers\Playground\SourceRouteTest" classname="Tests.Feature.Playground.Lead.Resource.Http.Controllers.Playground.SourceRouteTest" assertions="3" time="0.360119"/>
        <testcase name="test_destroy_as_admin_and_succeed" file="/app/vendor/gammamatrix/playground-test/src/Feature/Http/Controllers/Resource/Playground/DestroyTrait.php" line="61" class="Tests\Feature\Playground\Lead\Resource\Http\Controllers\Playground\SourceRouteTest" classname="Tests.Feature.Playground.Lead.Resource.Http.Controllers.Playground.SourceRouteTest" assertions="5" time="0.418871"/>
        <testcase name="test_destroy_as_admin_and_succeed_with_force_delete" file="/app/vendor/gammamatrix/playground-test/src/Feature/Http/Controllers/Resource/Playground/DestroyTrait.php" line="97" class="Tests\Feature\Playground\Lead\Resource\Http\Controllers\Playground\SourceRouteTest" classname="Tests.Feature.Playground.Lead.Resource.Http.Controllers.Playground.SourceRouteTest" assertions="4" time="0.363823"/>
        <testcase name="test_destroy_as_admin_and_succeed_with_redirect_to_index_with_trash" file="/app/vendor/gammamatrix/playground-test/src/Feature/Http/Controllers/Resource/Playground/DestroyTrait.php" line="129" class="Tests\Feature\Playground\Lead\Resource\Http\Controllers\Playground\SourceRouteTest" classname="Tests.Feature.Playground.Lead.Resource.Http.Controllers.Playground.SourceRouteTest" assertions="5" time="0.372619"/>
        <testcase name="test_destroy_as_user_and_get_denied_and_no_force_delete_allowed" file="/app/vendor/gammamatrix/playground-test/src/Feature/Http/Controllers/Resource/Playground/DestroyTrait.php" line="171" class="Tests\Feature\Playground\Lead\Resource\Http\Controllers\Playground\SourceRouteTest" classname="Tests.Feature.Playground.Lead.Resource.Http.Controllers.Playground.SourceRouteTest" assertions="3" time="0.415068"/>
        <testcase name="test_json_guest_cannot_get_edit_info" file="/app/vendor/gammamatrix/playground-test/src/Feature/Http/Controllers/Resource/Playground/EditJsonTrait.php" line="38" class="Tests\Feature\Playground\Lead\Resource\Http\Controllers\Playground\SourceRouteTest" classname="Tests.Feature.Playground.Lead.Resource.Http.Controllers.Playground.SourceRouteTest" assertions="1" time="0.355952"/>
        <testcase name="test_json_admin_can_get_edit_info" file="/app/vendor/gammamatrix/playground-test/src/Feature/Http/Controllers/Resource/Playground/EditJsonTrait.php" line="58" class="Tests\Feature\Playground\Lead\Resource\Http\Controllers\Playground\SourceRouteTest" classname="Tests.Feature.Playground.Lead.Resource.Http.Controllers.Playground.SourceRouteTest" assertions="4" time="0.367253"/>
        <testcase name="test_json_edit_as_admin_and_fail_validation_with_invalid_parameter" file="/app/vendor/gammamatrix/playground-test/src/Feature/Http/Controllers/Resource/Playground/EditJsonTrait.php" line="87" class="Tests\Feature\Playground\Lead\Resource\Http\Controllers\Playground\SourceRouteTest" classname="Tests.Feature.Playground.Lead.Resource.Http.Controllers.Playground.SourceRouteTest" assertions="4" time="0.421515"/>
        <testcase name="test_guest_cannot_render_edit_view" file="/app/vendor/gammamatrix/playground-test/src/Feature/Http/Controllers/Resource/Playground/EditTrait.php" line="33" class="Tests\Feature\Playground\Lead\Resource\Http\Controllers\Playground\SourceRouteTest" classname="Tests.Feature.Playground.Lead.Resource.Http.Controllers.Playground.SourceRouteTest" assertions="1" time="0.344301"/>
        <testcase name="test_admin_can_render_edit_view" file="/app/vendor/gammamatrix/playground-test/src/Feature/Http/Controllers/Resource/Playground/EditTrait.php" line="53" class="Tests\Feature\Playground\Lead\Resource\Http\Controllers\Playground\SourceRouteTest" classname="Tests.Feature.Playground.Lead.Resource.Http.Controllers.Playground.SourceRouteTest" assertions="2" time="0.446191"/>
        <testcase name="test_admin_can_render_edit_view_with_return_url" file="/app/vendor/gammamatrix/playground-test/src/Feature/Http/Controllers/Resource/Playground/EditTrait.php" line="77" class="Tests\Feature\Playground\Lead\Resource\Http\Controllers\Playground\SourceRouteTest" classname="Tests.Feature.Playground.Lead.Resource.Http.Controllers.Playground.SourceRouteTest" assertions="3" time="0.391157"/>
        <testcase name="test_edit_view_as_admin_with_invalid_parameter_and_fail_validation_and_redirect" file="/app/vendor/gammamatrix/playground-test/src/Feature/Http/Controllers/Resource/Playground/EditTrait.php" line="109" class="Tests\Feature\Playground\Lead\Resource\Http\Controllers\Playground\SourceRouteTest" classname="Tests.Feature.Playground.Lead.Resource.Http.Controllers.Playground.SourceRouteTest" assertions="4" time="0.373416"/>
        <testcase name="test_json_guest_cannot_get_index" file="/app/vendor/gammamatrix/playground-test/src/Feature/Http/Controllers/Resource/Playground/IndexJsonTrait.php" line="34" class="Tests\Feature\Playground\Lead\Resource\Http\Controllers\Playground\SourceRouteTest" classname="Tests.Feature.Playground.Lead.Resource.Http.Controllers.Playground.SourceRouteTest" assertions="1" time="0.414695"/>
        <testcase name="test_json_admin_can_get_index" file="/app/vendor/gammamatrix/playground-test/src/Feature/Http/Controllers/Resource/Playground/IndexJsonTrait.php" line="49" class="Tests\Feature\Playground\Lead\Resource\Http\Controllers\Playground\SourceRouteTest" classname="Tests.Feature.Playground.Lead.Resource.Http.Controllers.Playground.SourceRouteTest" assertions="130" time="0.385793"/>
        <testcase name="test_json_admin_can_get_index_with_filters" file="/app/vendor/gammamatrix/playground-test/src/Feature/Http/Controllers/Resource/Playground/IndexJsonTrait.php" line="85" class="Tests\Feature\Playground\Lead\Resource\Http\Controllers\Playground\SourceRouteTest" classname="Tests.Feature.Playground.Lead.Resource.Http.Controllers.Playground.SourceRouteTest" assertions="3" time="0.372927"/>
        <testcase name="test_guest_cannot_render_index_view" file="/app/vendor/gammamatrix/playground-test/src/Feature/Http/Controllers/Resource/Playground/IndexTrait.php" line="29" class="Tests\Feature\Playground\Lead\Resource\Http\Controllers\Playground\SourceRouteTest" classname="Tests.Feature.Playground.Lead.Resource.Http.Controllers.Playground.SourceRouteTest" assertions="1" time="0.416953"/>
        <testcase name="test_admin_can_render_index_view" file="/app/vendor/gammamatrix/playground-test/src/Feature/Http/Controllers/Resource/Playground/IndexTrait.php" line="44" class="Tests\Feature\Playground\Lead\Resource\Http\Controllers\Playground\SourceRouteTest" classname="Tests.Feature.Playground.Lead.Resource.Http.Controllers.Playground.SourceRouteTest" assertions="2" time="0.417512"/>
        <testcase name="test_admin_can_render_index_view_with_filters" file="/app/vendor/gammamatrix/playground-test/src/Feature/Http/Controllers/Resource/Playground/IndexTrait.php" line="77" class="Tests\Feature\Playground\Lead\Resource\Http\Controllers\Playground\SourceRouteTest" classname="Tests.Feature.Playground.Lead.Resource.Http.Controllers.Playground.SourceRouteTest" assertions="3" time="0.437118"/>
        <testcase name="test_json_guest_cannot_lock" file="/app/vendor/gammamatrix/playground-test/src/Feature/Http/Controllers/Resource/Playground/LockJsonTrait.php" line="36" class="Tests\Feature\Playground\Lead\Resource\Http\Controllers\Playground\SourceRouteTest" classname="Tests.Feature.Playground.Lead.Resource.Http.Controllers.Playground.SourceRouteTest" assertions="3" time="0.341663"/>
        <testcase name="test_json_lock_as_admin_and_succeed" file="/app/vendor/gammamatrix/playground-test/src/Feature/Http/Controllers/Resource/Playground/LockJsonTrait.php" line="66" class="Tests\Feature\Playground\Lead\Resource\Http\Controllers\Playground\SourceRouteTest" classname="Tests.Feature.Playground.Lead.Resource.Http.Controllers.Playground.SourceRouteTest" assertions="3" time="0.380809"/>
        <testcase name="test_json_lock_as_admin_and_succeed_with_no_redirect" file="/app/vendor/gammamatrix/playground-test/src/Feature/Http/Controllers/Resource/Playground/LockJsonTrait.php" line="98" class="Tests\Feature\Playground\Lead\Resource\Http\Controllers\Playground\SourceRouteTest" classname="Tests.Feature.Playground.Lead.Resource.Http.Controllers.Playground.SourceRouteTest" assertions="125" time="0.442580"/>
        <testcase name="test_json_lock_as_user_and_get_denied" file="/app/vendor/gammamatrix/playground-test/src/Feature/Http/Controllers/Resource/Playground/LockJsonTrait.php" line="143" class="Tests\Feature\Playground\Lead\Resource\Http\Controllers\Playground\SourceRouteTest" classname="Tests.Feature.Playground.Lead.Resource.Http.Controllers.Playground.SourceRouteTest" assertions="3" time="0.347384"/>
        <testcase name="test_guest_cannot_lock" file="/app/vendor/gammamatrix/playground-test/src/Feature/Http/Controllers/Resource/Playground/LockTrait.php" line="31" class="Tests\Feature\Playground\Lead\Resource\Http\Controllers\Playground\SourceRouteTest" classname="Tests.Feature.Playground.Lead.Resource.Http.Controllers.Playground.SourceRouteTest" assertions="3" time="0.341734"/>
        <testcase name="test_lock_as_admin_and_succeed" file="/app/vendor/gammamatrix/playground-test/src/Feature/Http/Controllers/Resource/Playground/LockTrait.php" line="61" class="Tests\Feature\Playground\Lead\Resource\Http\Controllers\Playground\SourceRouteTest" classname="Tests.Feature.Playground.Lead.Resource.Http.Controllers.Playground.SourceRouteTest" assertions="4" time="0.417592"/>
        <testcase name="test_lock_as_admin_and_succeed_with_redirect_to_index_with_sorted_by_locked_desc" file="/app/vendor/gammamatrix/playground-test/src/Feature/Http/Controllers/Resource/Playground/LockTrait.php" line="95" class="Tests\Feature\Playground\Lead\Resource\Http\Controllers\Playground\SourceRouteTest" classname="Tests.Feature.Playground.Lead.Resource.Http.Controllers.Playground.SourceRouteTest" assertions="4" time="0.362387"/>
        <testcase name="test_lock_as_user_and_get_denied" file="/app/vendor/gammamatrix/playground-test/src/Feature/Http/Controllers/Resource/Playground/LockTrait.php" line="132" class="Tests\Feature\Playground\Lead\Resource\Http\Controllers\Playground\SourceRouteTest" classname="Tests.Feature.Playground.Lead.Resource.Http.Controllers.Playground.SourceRouteTest" assertions="3" time="0.359981"/>
        <testcase name="test_json_guest_cannot_restore" file="/app/vendor/gammamatrix/playground-test/src/Feature/Http/Controllers/Resource/Playground/RestoreJsonTrait.php" line="32" class="Tests\Feature\Playground\Lead\Resource\Http\Controllers\Playground\SourceRouteTest" classname="Tests.Feature.Playground.Lead.Resource.Http.Controllers.Playground.SourceRouteTest" assertions="3" time="0.421395"/>
        <testcase name="test_json_restore_as_admin_and_succeed" file="/app/vendor/gammamatrix/playground-test/src/Feature/Http/Controllers/Resource/Playground/RestoreJsonTrait.php" line="64" class="Tests\Feature\Playground\Lead\Resource\Http\Controllers\Playground\SourceRouteTest" classname="Tests.Feature.Playground.Lead.Resource.Http.Controllers.Playground.SourceRouteTest" assertions="125" time="0.390070"/>
        <testcase name="test_json_restore_as_admin_and_succeed_with_no_redirect" file="/app/vendor/gammamatrix/playground-test/src/Feature/Http/Controllers/Resource/Playground/RestoreJsonTrait.php" line="100" class="Tests\Feature\Playground\Lead\Resource\Http\Controllers\Playground\SourceRouteTest" classname="Tests.Feature.Playground.Lead.Resource.Http.Controllers.Playground.SourceRouteTest" assertions="125" time="0.435505"/>
        <testcase name="test_json_restore_as_user_and_get_denied" file="/app/vendor/gammamatrix/playground-test/src/Feature/Http/Controllers/Resource/Playground/RestoreJsonTrait.php" line="143" class="Tests\Feature\Playground\Lead\Resource\Http\Controllers\Playground\SourceRouteTest" classname="Tests.Feature.Playground.Lead.Resource.Http.Controllers.Playground.SourceRouteTest" assertions="3" time="0.369343"/>
        <testcase name="test_guest_cannot_restore" file="/app/vendor/gammamatrix/playground-test/src/Feature/Http/Controllers/Resource/Playground/RestoreTrait.php" line="32" class="Tests\Feature\Playground\Lead\Resource\Http\Controllers\Playground\SourceRouteTest" classname="Tests.Feature.Playground.Lead.Resource.Http.Controllers.Playground.SourceRouteTest" assertions="3" time="0.364819"/>
        <testcase name="test_restore_as_admin_and_succeed" file="/app/vendor/gammamatrix/playground-test/src/Feature/Http/Controllers/Resource/Playground/RestoreTrait.php" line="64" class="Tests\Feature\Playground\Lead\Resource\Http\Controllers\Playground\SourceRouteTest" classname="Tests.Feature.Playground.Lead.Resource.Http.Controllers.Playground.SourceRouteTest" assertions="4" time="0.430099"/>
        <testcase name="test_restore_as_admin_and_succeed_with_redirect_to_index_with_only_trash" file="/app/vendor/gammamatrix/playground-test/src/Feature/Http/Controllers/Resource/Playground/RestoreTrait.php" line="100" class="Tests\Feature\Playground\Lead\Resource\Http\Controllers\Playground\SourceRouteTest" classname="Tests.Feature.Playground.Lead.Resource.Http.Controllers.Playground.SourceRouteTest" assertions="4" time="0.386596"/>
        <testcase name="test_restore_as_user_and_get_denied" file="/app/vendor/gammamatrix/playground-test/src/Feature/Http/Controllers/Resource/Playground/RestoreTrait.php" line="146" class="Tests\Feature\Playground\Lead\Resource\Http\Controllers\Playground\SourceRouteTest" classname="Tests.Feature.Playground.Lead.Resource.Http.Controllers.Playground.SourceRouteTest" assertions="3" time="0.372228"/>
        <testcase name="test_json_guest_cannot_see_info" file="/app/vendor/gammamatrix/playground-test/src/Feature/Http/Controllers/Resource/Playground/ShowJsonTrait.php" line="29" class="Tests\Feature\Playground\Lead\Resource\Http\Controllers\Playground\SourceRouteTest" classname="Tests.Feature.Playground.Lead.Resource.Http.Controllers.Playground.SourceRouteTest" assertions="1" time="0.430719"/>
        <testcase name="test_json_show_info_for_admin" file="/app/vendor/gammamatrix/playground-test/src/Feature/Http/Controllers/Resource/Playground/ShowJsonTrait.php" line="49" class="Tests\Feature\Playground\Lead\Resource\Http\Controllers\Playground\SourceRouteTest" classname="Tests.Feature.Playground.Lead.Resource.Http.Controllers.Playground.SourceRouteTest" assertions="124" time="0.379297"/>
        <testcase name="test_guest_cannot_render_show_view" file="/app/vendor/gammamatrix/playground-test/src/Feature/Http/Controllers/Resource/Playground/ShowTrait.php" line="29" class="Tests\Feature\Playground\Lead\Resource\Http\Controllers\Playground\SourceRouteTest" classname="Tests.Feature.Playground.Lead.Resource.Http.Controllers.Playground.SourceRouteTest" assertions="1" time="0.356830"/>
        <testcase name="test_show_view_rendered_by_admin" file="/app/vendor/gammamatrix/playground-test/src/Feature/Http/Controllers/Resource/Playground/ShowTrait.php" line="49" class="Tests\Feature\Playground\Lead\Resource\Http\Controllers\Playground\SourceRouteTest" classname="Tests.Feature.Playground.Lead.Resource.Http.Controllers.Playground.SourceRouteTest" assertions="2" time="0.424712"/>
        <testcase name="test_json_guest_cannot_store" file="/app/vendor/gammamatrix/playground-test/src/Feature/Http/Controllers/Resource/Playground/StoreJsonTrait.php" line="43" class="Tests\Feature\Playground\Lead\Resource\Http\Controllers\Playground\SourceRouteTest" classname="Tests.Feature.Playground.Lead.Resource.Http.Controllers.Playground.SourceRouteTest" assertions="3" time="0.350952"/>
        <testcase name="test_json_store_as_admin_without_payload_and_fail_validation" file="/app/vendor/gammamatrix/playground-test/src/Feature/Http/Controllers/Resource/Playground/StoreJsonTrait.php" line="66" class="Tests\Feature\Playground\Lead\Resource\Http\Controllers\Playground\SourceRouteTest" classname="Tests.Feature.Playground.Lead.Resource.Http.Controllers.Playground.SourceRouteTest" assertions="5" time="0.418811"/>
        <testcase name="test_json_store_as_admin_and_succeed" file="/app/vendor/gammamatrix/playground-test/src/Feature/Http/Controllers/Resource/Playground/StoreJsonTrait.php" line="92" class="Tests\Feature\Playground\Lead\Resource\Http\Controllers\Playground\SourceRouteTest" classname="Tests.Feature.Playground.Lead.Resource.Http.Controllers.Playground.SourceRouteTest" assertions="3" time="0.406003"/>
        <testcase name="test_guest_cannot_store" file="/app/vendor/gammamatrix/playground-test/src/Feature/Http/Controllers/Resource/Playground/StoreTrait.php" line="38" class="Tests\Feature\Playground\Lead\Resource\Http\Controllers\Playground\SourceRouteTest" classname="Tests.Feature.Playground.Lead.Resource.Http.Controllers.Playground.SourceRouteTest" assertions="3" time="0.349047"/>
        <testcase name="test_store_as_admin_without_payload_and_fail_validation" file="/app/vendor/gammamatrix/playground-test/src/Feature/Http/Controllers/Resource/Playground/StoreTrait.php" line="61" class="Tests\Feature\Playground\Lead\Resource\Http\Controllers\Playground\SourceRouteTest" classname="Tests.Feature.Playground.Lead.Resource.Http.Controllers.Playground.SourceRouteTest" assertions="5" time="0.450111"/>
        <testcase name="test_store_as_admin_and_succeed" file="/app/vendor/gammamatrix/playground-test/src/Feature/Http/Controllers/Resource/Playground/StoreTrait.php" line="90" class="Tests\Feature\Playground\Lead\Resource\Http\Controllers\Playground\SourceRouteTest" classname="Tests.Feature.Playground.Lead.Resource.Http.Controllers.Playground.SourceRouteTest" assertions="4" time="0.403473"/>
        <testcase name="test_store_as_admin_and_succeed_with_return_url" file="/app/vendor/gammamatrix/playground-test/src/Feature/Http/Controllers/Resource/Playground/StoreTrait.php" line="135" class="Tests\Feature\Playground\Lead\Resource\Http\Controllers\Playground\SourceRouteTest" classname="Tests.Feature.Playground.Lead.Resource.Http.Controllers.Playground.SourceRouteTest" assertions="4" time="0.395529"/>
        <testcase name="test_json_guest_cannot_unlock" file="/app/vendor/gammamatrix/playground-test/src/Feature/Http/Controllers/Resource/Playground/UnlockJsonTrait.php" line="36" class="Tests\Feature\Playground\Lead\Resource\Http\Controllers\Playground\SourceRouteTest" classname="Tests.Feature.Playground.Lead.Resource.Http.Controllers.Playground.SourceRouteTest" assertions="3" time="0.400284"/>
        <testcase name="test_json_unlock_as_admin_and_succeed" file="/app/vendor/gammamatrix/playground-test/src/Feature/Http/Controllers/Resource/Playground/UnlockJsonTrait.php" line="68" class="Tests\Feature\Playground\Lead\Resource\Http\Controllers\Playground\SourceRouteTest" classname="Tests.Feature.Playground.Lead.Resource.Http.Controllers.Playground.SourceRouteTest" assertions="125" time="0.379256"/>
        <testcase name="test_json_unlock_as_admin_and_succeed_with_no_redirect" file="/app/vendor/gammamatrix/playground-test/src/Feature/Http/Controllers/Resource/Playground/UnlockJsonTrait.php" line="104" class="Tests\Feature\Playground\Lead\Resource\Http\Controllers\Playground\SourceRouteTest" classname="Tests.Feature.Playground.Lead.Resource.Http.Controllers.Playground.SourceRouteTest" assertions="125" time="0.429681"/>
        <testcase name="test_json_unlock_as_user_and_get_denied" file="/app/vendor/gammamatrix/playground-test/src/Feature/Http/Controllers/Resource/Playground/UnlockJsonTrait.php" line="145" class="Tests\Feature\Playground\Lead\Resource\Http\Controllers\Playground\SourceRouteTest" classname="Tests.Feature.Playground.Lead.Resource.Http.Controllers.Playground.SourceRouteTest" assertions="3" time="0.369068"/>
        <testcase name="test_guest_cannot_unlock" file="/app/vendor/gammamatrix/playground-test/src/Feature/Http/Controllers/Resource/Playground/UnlockTrait.php" line="36" class="Tests\Feature\Playground\Lead\Resource\Http\Controllers\Playground\SourceRouteTest" classname="Tests.Feature.Playground.Lead.Resource.Http.Controllers.Playground.SourceRouteTest" assertions="3" time="0.357506"/>
        <testcase name="test_unlock_as_admin_and_succeed" file="/app/vendor/gammamatrix/playground-test/src/Feature/Http/Controllers/Resource/Playground/UnlockTrait.php" line="68" class="Tests\Feature\Playground\Lead\Resource\Http\Controllers\Playground\SourceRouteTest" classname="Tests.Feature.Playground.Lead.Resource.Http.Controllers.Playground.SourceRouteTest" assertions="4" time="0.442281"/>
        <testcase name="test_unlock_as_admin_and_succeed_with_redirect_to_index_with_sorted_by_unlocked_desc" file="/app/vendor/gammamatrix/playground-test/src/Feature/Http/Controllers/Resource/Playground/UnlockTrait.php" line="109" class="Tests\Feature\Playground\Lead\Resource\Http\Controllers\Playground\SourceRouteTest" classname="Tests.Feature.Playground.Lead.Resource.Http.Controllers.Playground.SourceRouteTest" assertions="4" time="0.376703"/>
        <testcase name="test_unlock_as_user_and_get_denied" file="/app/vendor/gammamatrix/playground-test/src/Feature/Http/Controllers/Resource/Playground/UnlockTrait.php" line="148" class="Tests\Feature\Playground\Lead\Resource\Http\Controllers\Playground\SourceRouteTest" classname="Tests.Feature.Playground.Lead.Resource.Http.Controllers.Playground.SourceRouteTest" assertions="3" time="0.364189"/>
        <testcase name="test_json_guest_cannot_update" file="/app/vendor/gammamatrix/playground-test/src/Feature/Http/Controllers/Resource/Playground/UpdateJsonTrait.php" line="45" class="Tests\Feature\Playground\Lead\Resource\Http\Controllers\Playground\SourceRouteTest" classname="Tests.Feature.Playground.Lead.Resource.Http.Controllers.Playground.SourceRouteTest" assertions="1" time="0.424544"/>
        <testcase name="test_json_update_as_admin_without_payload_and_fail_validation" file="/app/vendor/gammamatrix/playground-test/src/Feature/Http/Controllers/Resource/Playground/UpdateJsonTrait.php" line="65" class="Tests\Feature\Playground\Lead\Resource\Http\Controllers\Playground\SourceRouteTest" classname="Tests.Feature.Playground.Lead.Resource.Http.Controllers.Playground.SourceRouteTest" assertions="4" time="0.371705"/>
        <testcase name="test_json_admin_can_update" file="/app/vendor/gammamatrix/playground-test/src/Feature/Http/Controllers/Resource/Playground/UpdateJsonTrait.php" line="90" class="Tests\Feature\Playground\Lead\Resource\Http\Controllers\Playground\SourceRouteTest" classname="Tests.Feature.Playground.Lead.Resource.Http.Controllers.Playground.SourceRouteTest" assertions="127" time="0.490465"/>
        <testcase name="test_guest_cannot_update" file="/app/vendor/gammamatrix/playground-test/src/Feature/Http/Controllers/Resource/Playground/UpdateTrait.php" line="45" class="Tests\Feature\Playground\Lead\Resource\Http\Controllers\Playground\SourceRouteTest" classname="Tests.Feature.Playground.Lead.Resource.Http.Controllers.Playground.SourceRouteTest" assertions="1" time="0.363942"/>
        <testcase name="test_update_as_admin_without_payload_and_fail_validation" file="/app/vendor/gammamatrix/playground-test/src/Feature/Http/Controllers/Resource/Playground/UpdateTrait.php" line="65" class="Tests\Feature\Playground\Lead\Resource\Http\Controllers\Playground\SourceRouteTest" classname="Tests.Feature.Playground.Lead.Resource.Http.Controllers.Playground.SourceRouteTest" assertions="4" time="0.388125"/>
        <testcase name="test_admin_can_update" file="/app/vendor/gammamatrix/playground-test/src/Feature/Http/Controllers/Resource/Playground/UpdateTrait.php" line="90" class="Tests\Feature\Playground\Lead\Resource\Http\Controllers\Playground\SourceRouteTest" classname="Tests.Feature.Playground.Lead.Resource.Http.Controllers.Playground.SourceRouteTest" assertions="6" time="0.492002"/>
        <testcase name="test_admin_can_update_view_with_return_url" file="/app/vendor/gammamatrix/playground-test/src/Feature/Http/Controllers/Resource/Playground/UpdateTrait.php" line="133" class="Tests\Feature\Playground\Lead\Resource\Http\Controllers\Playground\SourceRouteTest" classname="Tests.Feature.Playground.Lead.Resource.Http.Controllers.Playground.SourceRouteTest" assertions="6" time="0.414600"/>
      </testsuite>
      <testsuite name="Tests\Feature\Playground\Lead\Resource\Http\Controllers\Playground\TaskRouteTest" file="/app/tests/Feature/Http/Controllers/Playground/TaskRouteTest.php" tests="73" assertions="1335" errors="0" failures="0" skipped="0" time="29.421049">
        <testcase name="test_json_guest_cannot_get_create_info" file="/app/vendor/gammamatrix/playground-test/src/Feature/Http/Controllers/Resource/Playground/CreateJsonTrait.php" line="38" class="Tests\Feature\Playground\Lead\Resource\Http\Controllers\Playground\TaskRouteTest" classname="Tests.Feature.Playground.Lead.Resource.Http.Controllers.Playground.TaskRouteTest" assertions="1" time="0.394420"/>
        <testcase name="test_json_admin_can_get_create_info" file="/app/vendor/gammamatrix/playground-test/src/Feature/Http/Controllers/Resource/Playground/CreateJsonTrait.php" line="53" class="Tests\Feature\Playground\Lead\Resource\Http\Controllers\Playground\TaskRouteTest" classname="Tests.Feature.Playground.Lead.Resource.Http.Controllers.Playground.TaskRouteTest" assertions="123" time="0.379595"/>
        <testcase name="test_json_get_create_info_as_admin_with_invalid_parameter_and_fail_validation" file="/app/vendor/gammamatrix/playground-test/src/Feature/Http/Controllers/Resource/Playground/CreateJsonTrait.php" line="73" class="Tests\Feature\Playground\Lead\Resource\Http\Controllers\Playground\TaskRouteTest" classname="Tests.Feature.Playground.Lead.Resource.Http.Controllers.Playground.TaskRouteTest" assertions="4" time="0.355369"/>
        <testcase name="test_guest_cannot_render_create_view" file="/app/vendor/gammamatrix/playground-test/src/Feature/Http/Controllers/Resource/Playground/CreateTrait.php" line="33" class="Tests\Feature\Playground\Lead\Resource\Http\Controllers\Playground\TaskRouteTest" classname="Tests.Feature.Playground.Lead.Resource.Http.Controllers.Playground.TaskRouteTest" assertions="1" time="0.396169"/>
        <testcase name="test_admin_can_render_create_view" file="/app/vendor/gammamatrix/playground-test/src/Feature/Http/Controllers/Resource/Playground/CreateTrait.php" line="47" class="Tests\Feature\Playground\Lead\Resource\Http\Controllers\Playground\TaskRouteTest" classname="Tests.Feature.Playground.Lead.Resource.Http.Controllers.Playground.TaskRouteTest" assertions="2" time="0.402976"/>
        <testcase name="test_admin_can_render_create_view_with_return_url" file="/app/vendor/gammamatrix/playground-test/src/Feature/Http/Controllers/Resource/Playground/CreateTrait.php" line="65" class="Tests\Feature\Playground\Lead\Resource\Http\Controllers\Playground\TaskRouteTest" classname="Tests.Feature.Playground.Lead.Resource.Http.Controllers.Playground.TaskRouteTest" assertions="3" time="0.383519"/>
        <testcase name="test_create_view_as_admin_with_invalid_parameter_and_fail_validation_and_redirect" file="/app/vendor/gammamatrix/playground-test/src/Feature/Http/Controllers/Resource/Playground/CreateTrait.php" line="92" class="Tests\Feature\Playground\Lead\Resource\Http\Controllers\Playground\TaskRouteTest" classname="Tests.Feature.Playground.Lead.Resource.Http.Controllers.Playground.TaskRouteTest" assertions="5" time="0.420918"/>
        <testcase name="test_json_guest_cannot_destroy" file="/app/vendor/gammamatrix/playground-test/src/Feature/Http/Controllers/Resource/Playground/DestroyJsonTrait.php" line="31" class="Tests\Feature\Playground\Lead\Resource\Http\Controllers\Playground\TaskRouteTest" classname="Tests.Feature.Playground.Lead.Resource.Http.Controllers.Playground.TaskRouteTest" assertions="3" time="0.350331"/>
        <testcase name="test_json_destroy_as_admin_and_succeed" file="/app/vendor/gammamatrix/playground-test/src/Feature/Http/Controllers/Resource/Playground/DestroyJsonTrait.php" line="61" class="Tests\Feature\Playground\Lead\Resource\Http\Controllers\Playground\TaskRouteTest" classname="Tests.Feature.Playground.Lead.Resource.Http.Controllers.Playground.TaskRouteTest" assertions="5" time="0.365845"/>
        <testcase name="test_json_destroy_as_admin_and_succeed_with_force_delete" file="/app/vendor/gammamatrix/playground-test/src/Feature/Http/Controllers/Resource/Playground/DestroyJsonTrait.php" line="100" class="Tests\Feature\Playground\Lead\Resource\Http\Controllers\Playground\TaskRouteTest" classname="Tests.Feature.Playground.Lead.Resource.Http.Controllers.Playground.TaskRouteTest" assertions="4" time="0.411275"/>
        <testcase name="test_json_destroy_as_admin_and_succeed_with_no_content" file="/app/vendor/gammamatrix/playground-test/src/Feature/Http/Controllers/Resource/Playground/DestroyJsonTrait.php" line="132" class="Tests\Feature\Playground\Lead\Resource\Http\Controllers\Playground\TaskRouteTest" classname="Tests.Feature.Playground.Lead.Resource.Http.Controllers.Playground.TaskRouteTest" assertions="5" time="0.363898"/>
        <testcase name="test_json_destroy_as_admin_and_succeed_and_ignore_redirect" file="/app/vendor/gammamatrix/playground-test/src/Feature/Http/Controllers/Resource/Playground/DestroyJsonTrait.php" line="167" class="Tests\Feature\Playground\Lead\Resource\Http\Controllers\Playground\TaskRouteTest" classname="Tests.Feature.Playground.Lead.Resource.Http.Controllers.Playground.TaskRouteTest" assertions="5" time="0.350332"/>
        <testcase name="test_json_destroy_as_user_and_get_denied_and_no_force_delete_allowed" file="/app/vendor/gammamatrix/playground-test/src/Feature/Http/Controllers/Resource/Playground/DestroyJsonTrait.php" line="209" class="Tests\Feature\Playground\Lead\Resource\Http\Controllers\Playground\TaskRouteTest" classname="Tests.Feature.Playground.Lead.Resource.Http.Controllers.Playground.TaskRouteTest" assertions="3" time="0.434476"/>
        <testcase name="test_guest_cannot_destroy" file="/app/vendor/gammamatrix/playground-test/src/Feature/Http/Controllers/Resource/Playground/DestroyTrait.php" line="31" class="Tests\Feature\Playground\Lead\Resource\Http\Controllers\Playground\TaskRouteTest" classname="Tests.Feature.Playground.Lead.Resource.Http.Controllers.Playground.TaskRouteTest" assertions="3" time="0.356655"/>
        <testcase name="test_destroy_as_admin_and_succeed" file="/app/vendor/gammamatrix/playground-test/src/Feature/Http/Controllers/Resource/Playground/DestroyTrait.php" line="61" class="Tests\Feature\Playground\Lead\Resource\Http\Controllers\Playground\TaskRouteTest" classname="Tests.Feature.Playground.Lead.Resource.Http.Controllers.Playground.TaskRouteTest" assertions="5" time="0.436399"/>
        <testcase name="test_destroy_as_admin_and_succeed_with_force_delete" file="/app/vendor/gammamatrix/playground-test/src/Feature/Http/Controllers/Resource/Playground/DestroyTrait.php" line="97" class="Tests\Feature\Playground\Lead\Resource\Http\Controllers\Playground\TaskRouteTest" classname="Tests.Feature.Playground.Lead.Resource.Http.Controllers.Playground.TaskRouteTest" assertions="4" time="0.370386"/>
        <testcase name="test_destroy_as_admin_and_succeed_with_redirect_to_index_with_trash" file="/app/vendor/gammamatrix/playground-test/src/Feature/Http/Controllers/Resource/Playground/DestroyTrait.php" line="129" class="Tests\Feature\Playground\Lead\Resource\Http\Controllers\Playground\TaskRouteTest" classname="Tests.Feature.Playground.Lead.Resource.Http.Controllers.Playground.TaskRouteTest" assertions="5" time="0.375016"/>
        <testcase name="test_destroy_as_user_and_get_denied_and_no_force_delete_allowed" file="/app/vendor/gammamatrix/playground-test/src/Feature/Http/Controllers/Resource/Playground/DestroyTrait.php" line="171" class="Tests\Feature\Playground\Lead\Resource\Http\Controllers\Playground\TaskRouteTest" classname="Tests.Feature.Playground.Lead.Resource.Http.Controllers.Playground.TaskRouteTest" assertions="3" time="0.424965"/>
        <testcase name="test_json_guest_cannot_get_edit_info" file="/app/vendor/gammamatrix/playground-test/src/Feature/Http/Controllers/Resource/Playground/EditJsonTrait.php" line="38" class="Tests\Feature\Playground\Lead\Resource\Http\Controllers\Playground\TaskRouteTest" classname="Tests.Feature.Playground.Lead.Resource.Http.Controllers.Playground.TaskRouteTest" assertions="1" time="0.364640"/>
        <testcase name="test_json_admin_can_get_edit_info" file="/app/vendor/gammamatrix/playground-test/src/Feature/Http/Controllers/Resource/Playground/EditJsonTrait.php" line="58" class="Tests\Feature\Playground\Lead\Resource\Http\Controllers\Playground\TaskRouteTest" classname="Tests.Feature.Playground.Lead.Resource.Http.Controllers.Playground.TaskRouteTest" assertions="4" time="0.383718"/>
        <testcase name="test_json_edit_as_admin_and_fail_validation_with_invalid_parameter" file="/app/vendor/gammamatrix/playground-test/src/Feature/Http/Controllers/Resource/Playground/EditJsonTrait.php" line="87" class="Tests\Feature\Playground\Lead\Resource\Http\Controllers\Playground\TaskRouteTest" classname="Tests.Feature.Playground.Lead.Resource.Http.Controllers.Playground.TaskRouteTest" assertions="4" time="0.434205"/>
        <testcase name="test_guest_cannot_render_edit_view" file="/app/vendor/gammamatrix/playground-test/src/Feature/Http/Controllers/Resource/Playground/EditTrait.php" line="33" class="Tests\Feature\Playground\Lead\Resource\Http\Controllers\Playground\TaskRouteTest" classname="Tests.Feature.Playground.Lead.Resource.Http.Controllers.Playground.TaskRouteTest" assertions="1" time="0.366043"/>
        <testcase name="test_admin_can_render_edit_view" file="/app/vendor/gammamatrix/playground-test/src/Feature/Http/Controllers/Resource/Playground/EditTrait.php" line="53" class="Tests\Feature\Playground\Lead\Resource\Http\Controllers\Playground\TaskRouteTest" classname="Tests.Feature.Playground.Lead.Resource.Http.Controllers.Playground.TaskRouteTest" assertions="2" time="0.482143"/>
        <testcase name="test_admin_can_render_edit_view_with_return_url" file="/app/vendor/gammamatrix/playground-test/src/Feature/Http/Controllers/Resource/Playground/EditTrait.php" line="77" class="Tests\Feature\Playground\Lead\Resource\Http\Controllers\Playground\TaskRouteTest" classname="Tests.Feature.Playground.Lead.Resource.Http.Controllers.Playground.TaskRouteTest" assertions="3" time="0.403541"/>
        <testcase name="test_edit_view_as_admin_with_invalid_parameter_and_fail_validation_and_redirect" file="/app/vendor/gammamatrix/playground-test/src/Feature/Http/Controllers/Resource/Playground/EditTrait.php" line="109" class="Tests\Feature\Playground\Lead\Resource\Http\Controllers\Playground\TaskRouteTest" classname="Tests.Feature.Playground.Lead.Resource.Http.Controllers.Playground.TaskRouteTest" assertions="4" time="0.376701"/>
        <testcase name="test_json_guest_cannot_get_index" file="/app/vendor/gammamatrix/playground-test/src/Feature/Http/Controllers/Resource/Playground/IndexJsonTrait.php" line="34" class="Tests\Feature\Playground\Lead\Resource\Http\Controllers\Playground\TaskRouteTest" classname="Tests.Feature.Playground.Lead.Resource.Http.Controllers.Playground.TaskRouteTest" assertions="1" time="0.419373"/>
        <testcase name="test_json_admin_can_get_index" file="/app/vendor/gammamatrix/playground-test/src/Feature/Http/Controllers/Resource/Playground/IndexJsonTrait.php" line="49" class="Tests\Feature\Playground\Lead\Resource\Http\Controllers\Playground\TaskRouteTest" classname="Tests.Feature.Playground.Lead.Resource.Http.Controllers.Playground.TaskRouteTest" assertions="130" time="0.391058"/>
        <testcase name="test_json_admin_can_get_index_with_filters" file="/app/vendor/gammamatrix/playground-test/src/Feature/Http/Controllers/Resource/Playground/IndexJsonTrait.php" line="85" class="Tests\Feature\Playground\Lead\Resource\Http\Controllers\Playground\TaskRouteTest" classname="Tests.Feature.Playground.Lead.Resource.Http.Controllers.Playground.TaskRouteTest" assertions="3" time="0.396143"/>
        <testcase name="test_guest_cannot_render_index_view" file="/app/vendor/gammamatrix/playground-test/src/Feature/Http/Controllers/Resource/Playground/IndexTrait.php" line="29" class="Tests\Feature\Playground\Lead\Resource\Http\Controllers\Playground\TaskRouteTest" classname="Tests.Feature.Playground.Lead.Resource.Http.Controllers.Playground.TaskRouteTest" assertions="1" time="0.433493"/>
        <testcase name="test_admin_can_render_index_view" file="/app/vendor/gammamatrix/playground-test/src/Feature/Http/Controllers/Resource/Playground/IndexTrait.php" line="44" class="Tests\Feature\Playground\Lead\Resource\Http\Controllers\Playground\TaskRouteTest" classname="Tests.Feature.Playground.Lead.Resource.Http.Controllers.Playground.TaskRouteTest" assertions="2" time="0.418050"/>
        <testcase name="test_admin_can_render_index_view_with_filters" file="/app/vendor/gammamatrix/playground-test/src/Feature/Http/Controllers/Resource/Playground/IndexTrait.php" line="77" class="Tests\Feature\Playground\Lead\Resource\Http\Controllers\Playground\TaskRouteTest" classname="Tests.Feature.Playground.Lead.Resource.Http.Controllers.Playground.TaskRouteTest" assertions="3" time="0.460314"/>
        <testcase name="test_json_guest_cannot_lock" file="/app/vendor/gammamatrix/playground-test/src/Feature/Http/Controllers/Resource/Playground/LockJsonTrait.php" line="36" class="Tests\Feature\Playground\Lead\Resource\Http\Controllers\Playground\TaskRouteTest" classname="Tests.Feature.Playground.Lead.Resource.Http.Controllers.Playground.TaskRouteTest" assertions="3" time="0.359601"/>
        <testcase name="test_json_lock_as_admin_and_succeed" file="/app/vendor/gammamatrix/playground-test/src/Feature/Http/Controllers/Resource/Playground/LockJsonTrait.php" line="66" class="Tests\Feature\Playground\Lead\Resource\Http\Controllers\Playground\TaskRouteTest" classname="Tests.Feature.Playground.Lead.Resource.Http.Controllers.Playground.TaskRouteTest" assertions="3" time="0.386642"/>
        <testcase name="test_json_lock_as_admin_and_succeed_with_no_redirect" file="/app/vendor/gammamatrix/playground-test/src/Feature/Http/Controllers/Resource/Playground/LockJsonTrait.php" line="98" class="Tests\Feature\Playground\Lead\Resource\Http\Controllers\Playground\TaskRouteTest" classname="Tests.Feature.Playground.Lead.Resource.Http.Controllers.Playground.TaskRouteTest" assertions="125" time="0.451217"/>
        <testcase name="test_json_lock_as_user_and_get_denied" file="/app/vendor/gammamatrix/playground-test/src/Feature/Http/Controllers/Resource/Playground/LockJsonTrait.php" line="143" class="Tests\Feature\Playground\Lead\Resource\Http\Controllers\Playground\TaskRouteTest" classname="Tests.Feature.Playground.Lead.Resource.Http.Controllers.Playground.TaskRouteTest" assertions="3" time="0.369613"/>
        <testcase name="test_guest_cannot_lock" file="/app/vendor/gammamatrix/playground-test/src/Feature/Http/Controllers/Resource/Playground/LockTrait.php" line="31" class="Tests\Feature\Playground\Lead\Resource\Http\Controllers\Playground\TaskRouteTest" classname="Tests.Feature.Playground.Lead.Resource.Http.Controllers.Playground.TaskRouteTest" assertions="3" time="0.356726"/>
        <testcase name="test_lock_as_admin_and_succeed" file="/app/vendor/gammamatrix/playground-test/src/Feature/Http/Controllers/Resource/Playground/LockTrait.php" line="61" class="Tests\Feature\Playground\Lead\Resource\Http\Controllers\Playground\TaskRouteTest" classname="Tests.Feature.Playground.Lead.Resource.Http.Controllers.Playground.TaskRouteTest" assertions="4" time="0.420193"/>
        <testcase name="test_lock_as_admin_and_succeed_with_redirect_to_index_with_sorted_by_locked_desc" file="/app/vendor/gammamatrix/playground-test/src/Feature/Http/Controllers/Resource/Playground/LockTrait.php" line="95" class="Tests\Feature\Playground\Lead\Resource\Http\Controllers\Playground\TaskRouteTest" classname="Tests.Feature.Playground.Lead.Resource.Http.Controllers.Playground.TaskRouteTest" assertions="4" time="0.371375"/>
        <testcase name="test_lock_as_user_and_get_denied" file="/app/vendor/gammamatrix/playground-test/src/Feature/Http/Controllers/Resource/Playground/LockTrait.php" line="132" class="Tests\Feature\Playground\Lead\Resource\Http\Controllers\Playground\TaskRouteTest" classname="Tests.Feature.Playground.Lead.Resource.Http.Controllers.Playground.TaskRouteTest" assertions="3" time="0.446721"/>
        <testcase name="test_json_guest_cannot_restore" file="/app/vendor/gammamatrix/playground-test/src/Feature/Http/Controllers/Resource/Playground/RestoreJsonTrait.php" line="32" class="Tests\Feature\Playground\Lead\Resource\Http\Controllers\Playground\TaskRouteTest" classname="Tests.Feature.Playground.Lead.Resource.Http.Controllers.Playground.TaskRouteTest" assertions="3" time="0.359462"/>
        <testcase name="test_json_restore_as_admin_and_succeed" file="/app/vendor/gammamatrix/playground-test/src/Feature/Http/Controllers/Resource/Playground/RestoreJsonTrait.php" line="64" class="Tests\Feature\Playground\Lead\Resource\Http\Controllers\Playground\TaskRouteTest" classname="Tests.Feature.Playground.Lead.Resource.Http.Controllers.Playground.TaskRouteTest" assertions="125" time="0.382134"/>
        <testcase name="test_json_restore_as_admin_and_succeed_with_no_redirect" file="/app/vendor/gammamatrix/playground-test/src/Feature/Http/Controllers/Resource/Playground/RestoreJsonTrait.php" line="100" class="Tests\Feature\Playground\Lead\Resource\Http\Controllers\Playground\TaskRouteTest" classname="Tests.Feature.Playground.Lead.Resource.Http.Controllers.Playground.TaskRouteTest" assertions="125" time="0.450196"/>
        <testcase name="test_json_restore_as_user_and_get_denied" file="/app/vendor/gammamatrix/playground-test/src/Feature/Http/Controllers/Resource/Playground/RestoreJsonTrait.php" line="143" class="Tests\Feature\Playground\Lead\Resource\Http\Controllers\Playground\TaskRouteTest" classname="Tests.Feature.Playground.Lead.Resource.Http.Controllers.Playground.TaskRouteTest" assertions="3" time="0.376087"/>
        <testcase name="test_guest_cannot_restore" file="/app/vendor/gammamatrix/playground-test/src/Feature/Http/Controllers/Resource/Playground/RestoreTrait.php" line="32" class="Tests\Feature\Playground\Lead\Resource\Http\Controllers\Playground\TaskRouteTest" classname="Tests.Feature.Playground.Lead.Resource.Http.Controllers.Playground.TaskRouteTest" assertions="3" time="0.363115"/>
        <testcase name="test_restore_as_admin_and_succeed" file="/app/vendor/gammamatrix/playground-test/src/Feature/Http/Controllers/Resource/Playground/RestoreTrait.php" line="64" class="Tests\Feature\Playground\Lead\Resource\Http\Controllers\Playground\TaskRouteTest" classname="Tests.Feature.Playground.Lead.Resource.Http.Controllers.Playground.TaskRouteTest" assertions="4" time="0.441817"/>
        <testcase name="test_restore_as_admin_and_succeed_with_redirect_to_index_with_only_trash" file="/app/vendor/gammamatrix/playground-test/src/Feature/Http/Controllers/Resource/Playground/RestoreTrait.php" line="100" class="Tests\Feature\Playground\Lead\Resource\Http\Controllers\Playground\TaskRouteTest" classname="Tests.Feature.Playground.Lead.Resource.Http.Controllers.Playground.TaskRouteTest" assertions="4" time="0.387415"/>
        <testcase name="test_restore_as_user_and_get_denied" file="/app/vendor/gammamatrix/playground-test/src/Feature/Http/Controllers/Resource/Playground/RestoreTrait.php" line="146" class="Tests\Feature\Playground\Lead\Resource\Http\Controllers\Playground\TaskRouteTest" classname="Tests.Feature.Playground.Lead.Resource.Http.Controllers.Playground.TaskRouteTest" assertions="3" time="0.439918"/>
        <testcase name="test_json_guest_cannot_see_info" file="/app/vendor/gammamatrix/playground-test/src/Feature/Http/Controllers/Resource/Playground/ShowJsonTrait.php" line="29" class="Tests\Feature\Playground\Lead\Resource\Http\Controllers\Playground\TaskRouteTest" classname="Tests.Feature.Playground.Lead.Resource.Http.Controllers.Playground.TaskRouteTest" assertions="1" time="0.363901"/>
        <testcase name="test_json_show_info_for_admin" file="/app/vendor/gammamatrix/playground-test/src/Feature/Http/Controllers/Resource/Playground/ShowJsonTrait.php" line="49" class="Tests\Feature\Playground\Lead\Resource\Http\Controllers\Playground\TaskRouteTest" classname="Tests.Feature.Playground.Lead.Resource.Http.Controllers.Playground.TaskRouteTest" assertions="124" time="0.377791"/>
        <testcase name="test_guest_cannot_render_show_view" file="/app/vendor/gammamatrix/playground-test/src/Feature/Http/Controllers/Resource/Playground/ShowTrait.php" line="29" class="Tests\Feature\Playground\Lead\Resource\Http\Controllers\Playground\TaskRouteTest" classname="Tests.Feature.Playground.Lead.Resource.Http.Controllers.Playground.TaskRouteTest" assertions="1" time="0.430332"/>
        <testcase name="test_show_view_rendered_by_admin" file="/app/vendor/gammamatrix/playground-test/src/Feature/Http/Controllers/Resource/Playground/ShowTrait.php" line="49" class="Tests\Feature\Playground\Lead\Resource\Http\Controllers\Playground\TaskRouteTest" classname="Tests.Feature.Playground.Lead.Resource.Http.Controllers.Playground.TaskRouteTest" assertions="2" time="0.395683"/>
        <testcase name="test_json_guest_cannot_store" file="/app/vendor/gammamatrix/playground-test/src/Feature/Http/Controllers/Resource/Playground/StoreJsonTrait.php" line="43" class="Tests\Feature\Playground\Lead\Resource\Http\Controllers\Playground\TaskRouteTest" classname="Tests.Feature.Playground.Lead.Resource.Http.Controllers.Playground.TaskRouteTest" assertions="3" time="0.349987"/>
        <testcase name="test_json_store_as_admin_without_payload_and_fail_validation" file="/app/vendor/gammamatrix/playground-test/src/Feature/Http/Controllers/Resource/Playground/StoreJsonTrait.php" line="66" class="Tests\Feature\Playground\Lead\Resource\Http\Controllers\Playground\TaskRouteTest" classname="Tests.Feature.Playground.Lead.Resource.Http.Controllers.Playground.TaskRouteTest" assertions="5" time="0.436636"/>
        <testcase name="test_json_store_as_admin_and_succeed" file="/app/vendor/gammamatrix/playground-test/src/Feature/Http/Controllers/Resource/Playground/StoreJsonTrait.php" line="92" class="Tests\Feature\Playground\Lead\Resource\Http\Controllers\Playground\TaskRouteTest" classname="Tests.Feature.Playground.Lead.Resource.Http.Controllers.Playground.TaskRouteTest" assertions="3" time="0.417447"/>
        <testcase name="test_guest_cannot_store" file="/app/vendor/gammamatrix/playground-test/src/Feature/Http/Controllers/Resource/Playground/StoreTrait.php" line="38" class="Tests\Feature\Playground\Lead\Resource\Http\Controllers\Playground\TaskRouteTest" classname="Tests.Feature.Playground.Lead.Resource.Http.Controllers.Playground.TaskRouteTest" assertions="3" time="0.423833"/>
        <testcase name="test_store_as_admin_without_payload_and_fail_validation" file="/app/vendor/gammamatrix/playground-test/src/Feature/Http/Controllers/Resource/Playground/StoreTrait.php" line="61" class="Tests\Feature\Playground\Lead\Resource\Http\Controllers\Playground\TaskRouteTest" classname="Tests.Feature.Playground.Lead.Resource.Http.Controllers.Playground.TaskRouteTest" assertions="5" time="0.374538"/>
        <testcase name="test_store_as_admin_and_succeed" file="/app/vendor/gammamatrix/playground-test/src/Feature/Http/Controllers/Resource/Playground/StoreTrait.php" line="90" class="Tests\Feature\Playground\Lead\Resource\Http\Controllers\Playground\TaskRouteTest" classname="Tests.Feature.Playground.Lead.Resource.Http.Controllers.Playground.TaskRouteTest" assertions="4" time="0.408845"/>
        <testcase name="test_store_as_admin_and_succeed_with_return_url" file="/app/vendor/gammamatrix/playground-test/src/Feature/Http/Controllers/Resource/Playground/StoreTrait.php" line="135" class="Tests\Feature\Playground\Lead\Resource\Http\Controllers\Playground\TaskRouteTest" classname="Tests.Feature.Playground.Lead.Resource.Http.Controllers.Playground.TaskRouteTest" assertions="4" time="0.485194"/>
        <testcase name="test_json_guest_cannot_unlock" file="/app/vendor/gammamatrix/playground-test/src/Feature/Http/Controllers/Resource/Playground/UnlockJsonTrait.php" line="36" class="Tests\Feature\Playground\Lead\Resource\Http\Controllers\Playground\TaskRouteTest" classname="Tests.Feature.Playground.Lead.Resource.Http.Controllers.Playground.TaskRouteTest" assertions="3" time="0.367358"/>
        <testcase name="test_json_unlock_as_admin_and_succeed" file="/app/vendor/gammamatrix/playground-test/src/Feature/Http/Controllers/Resource/Playground/UnlockJsonTrait.php" line="68" class="Tests\Feature\Playground\Lead\Resource\Http\Controllers\Playground\TaskRouteTest" classname="Tests.Feature.Playground.Lead.Resource.Http.Controllers.Playground.TaskRouteTest" assertions="125" time="0.383307"/>
        <testcase name="test_json_unlock_as_admin_and_succeed_with_no_redirect" file="/app/vendor/gammamatrix/playground-test/src/Feature/Http/Controllers/Resource/Playground/UnlockJsonTrait.php" line="104" class="Tests\Feature\Playground\Lead\Resource\Http\Controllers\Playground\TaskRouteTest" classname="Tests.Feature.Playground.Lead.Resource.Http.Controllers.Playground.TaskRouteTest" assertions="125" time="0.452915"/>
        <testcase name="test_json_unlock_as_user_and_get_denied" file="/app/vendor/gammamatrix/playground-test/src/Feature/Http/Controllers/Resource/Playground/UnlockJsonTrait.php" line="145" class="Tests\Feature\Playground\Lead\Resource\Http\Controllers\Playground\TaskRouteTest" classname="Tests.Feature.Playground.Lead.Resource.Http.Controllers.Playground.TaskRouteTest" assertions="3" time="0.375863"/>
        <testcase name="test_guest_cannot_unlock" file="/app/vendor/gammamatrix/playground-test/src/Feature/Http/Controllers/Resource/Playground/UnlockTrait.php" line="36" class="Tests\Feature\Playground\Lead\Resource\Http\Controllers\Playground\TaskRouteTest" classname="Tests.Feature.Playground.Lead.Resource.Http.Controllers.Playground.TaskRouteTest" assertions="3" time="0.441552"/>
        <testcase name="test_unlock_as_admin_and_succeed" file="/app/vendor/gammamatrix/playground-test/src/Feature/Http/Controllers/Resource/Playground/UnlockTrait.php" line="68" class="Tests\Feature\Playground\Lead\Resource\Http\Controllers\Playground\TaskRouteTest" classname="Tests.Feature.Playground.Lead.Resource.Http.Controllers.Playground.TaskRouteTest" assertions="4" time="0.381104"/>
        <testcase name="test_unlock_as_admin_and_succeed_with_redirect_to_index_with_sorted_by_unlocked_desc" file="/app/vendor/gammamatrix/playground-test/src/Feature/Http/Controllers/Resource/Playground/UnlockTrait.php" line="109" class="Tests\Feature\Playground\Lead\Resource\Http\Controllers\Playground\TaskRouteTest" classname="Tests.Feature.Playground.Lead.Resource.Http.Controllers.Playground.TaskRouteTest" assertions="4" time="0.395196"/>
        <testcase name="test_unlock_as_user_and_get_denied" file="/app/vendor/gammamatrix/playground-test/src/Feature/Http/Controllers/Resource/Playground/UnlockTrait.php" line="148" class="Tests\Feature\Playground\Lead\Resource\Http\Controllers\Playground\TaskRouteTest" classname="Tests.Feature.Playground.Lead.Resource.Http.Controllers.Playground.TaskRouteTest" assertions="3" time="0.451344"/>
        <testcase name="test_json_guest_cannot_update" file="/app/vendor/gammamatrix/playground-test/src/Feature/Http/Controllers/Resource/Playground/UpdateJsonTrait.php" line="45" class="Tests\Feature\Playground\Lead\Resource\Http\Controllers\Playground\TaskRouteTest" classname="Tests.Feature.Playground.Lead.Resource.Http.Controllers.Playground.TaskRouteTest" assertions="1" time="0.365786"/>
        <testcase name="test_json_update_as_admin_without_payload_and_fail_validation" file="/app/vendor/gammamatrix/playground-test/src/Feature/Http/Controllers/Resource/Playground/UpdateJsonTrait.php" line="65" class="Tests\Feature\Playground\Lead\Resource\Http\Controllers\Playground\TaskRouteTest" classname="Tests.Feature.Playground.Lead.Resource.Http.Controllers.Playground.TaskRouteTest" assertions="4" time="0.383177"/>
        <testcase name="test_json_admin_can_update" file="/app/vendor/gammamatrix/playground-test/src/Feature/Http/Controllers/Resource/Playground/UpdateJsonTrait.php" line="90" class="Tests\Feature\Playground\Lead\Resource\Http\Controllers\Playground\TaskRouteTest" classname="Tests.Feature.Playground.Lead.Resource.Http.Controllers.Playground.TaskRouteTest" assertions="127" time="0.521349"/>
        <testcase name="test_guest_cannot_update" file="/app/vendor/gammamatrix/playground-test/src/Feature/Http/Controllers/Resource/Playground/UpdateTrait.php" line="45" class="Tests\Feature\Playground\Lead\Resource\Http\Controllers\Playground\TaskRouteTest" classname="Tests.Feature.Playground.Lead.Resource.Http.Controllers.Playground.TaskRouteTest" assertions="1" time="0.364727"/>
        <testcase name="test_update_as_admin_without_payload_and_fail_validation" file="/app/vendor/gammamatrix/playground-test/src/Feature/Http/Controllers/Resource/Playground/UpdateTrait.php" line="65" class="Tests\Feature\Playground\Lead\Resource\Http\Controllers\Playground\TaskRouteTest" classname="Tests.Feature.Playground.Lead.Resource.Http.Controllers.Playground.TaskRouteTest" assertions="4" time="0.442867"/>
        <testcase name="test_admin_can_update" file="/app/vendor/gammamatrix/playground-test/src/Feature/Http/Controllers/Resource/Playground/UpdateTrait.php" line="90" class="Tests\Feature\Playground\Lead\Resource\Http\Controllers\Playground\TaskRouteTest" classname="Tests.Feature.Playground.Lead.Resource.Http.Controllers.Playground.TaskRouteTest" assertions="6" time="0.446733"/>
        <testcase name="test_admin_can_update_view_with_return_url" file="/app/vendor/gammamatrix/playground-test/src/Feature/Http/Controllers/Resource/Playground/UpdateTrait.php" line="133" class="Tests\Feature\Playground\Lead\Resource\Http\Controllers\Playground\TaskRouteTest" classname="Tests.Feature.Playground.Lead.Resource.Http.Controllers.Playground.TaskRouteTest" assertions="6" time="0.519385"/>
      </testsuite>
      <testsuite name="Tests\Feature\Playground\Lead\Resource\Http\Controllers\Playground\TeamRouteTest" file="/app/tests/Feature/Http/Controllers/Playground/TeamRouteTest.php" tests="73" assertions="1335" errors="0" failures="0" skipped="0" time="29.755642">
        <testcase name="test_json_guest_cannot_get_create_info" file="/app/vendor/gammamatrix/playground-test/src/Feature/Http/Controllers/Resource/Playground/CreateJsonTrait.php" line="38" class="Tests\Feature\Playground\Lead\Resource\Http\Controllers\Playground\TeamRouteTest" classname="Tests.Feature.Playground.Lead.Resource.Http.Controllers.Playground.TeamRouteTest" assertions="1" time="0.403356"/>
        <testcase name="test_json_admin_can_get_create_info" file="/app/vendor/gammamatrix/playground-test/src/Feature/Http/Controllers/Resource/Playground/CreateJsonTrait.php" line="53" class="Tests\Feature\Playground\Lead\Resource\Http\Controllers\Playground\TeamRouteTest" classname="Tests.Feature.Playground.Lead.Resource.Http.Controllers.Playground.TeamRouteTest" assertions="123" time="0.374298"/>
        <testcase name="test_json_get_create_info_as_admin_with_invalid_parameter_and_fail_validation" file="/app/vendor/gammamatrix/playground-test/src/Feature/Http/Controllers/Resource/Playground/CreateJsonTrait.php" line="73" class="Tests\Feature\Playground\Lead\Resource\Http\Controllers\Playground\TeamRouteTest" classname="Tests.Feature.Playground.Lead.Resource.Http.Controllers.Playground.TeamRouteTest" assertions="4" time="0.421919"/>
        <testcase name="test_guest_cannot_render_create_view" file="/app/vendor/gammamatrix/playground-test/src/Feature/Http/Controllers/Resource/Playground/CreateTrait.php" line="33" class="Tests\Feature\Playground\Lead\Resource\Http\Controllers\Playground\TeamRouteTest" classname="Tests.Feature.Playground.Lead.Resource.Http.Controllers.Playground.TeamRouteTest" assertions="1" time="0.354209"/>
        <testcase name="test_admin_can_render_create_view" file="/app/vendor/gammamatrix/playground-test/src/Feature/Http/Controllers/Resource/Playground/CreateTrait.php" line="47" class="Tests\Feature\Playground\Lead\Resource\Http\Controllers\Playground\TeamRouteTest" classname="Tests.Feature.Playground.Lead.Resource.Http.Controllers.Playground.TeamRouteTest" assertions="2" time="0.406707"/>
        <testcase name="test_admin_can_render_create_view_with_return_url" file="/app/vendor/gammamatrix/playground-test/src/Feature/Http/Controllers/Resource/Playground/CreateTrait.php" line="65" class="Tests\Feature\Playground\Lead\Resource\Http\Controllers\Playground\TeamRouteTest" classname="Tests.Feature.Playground.Lead.Resource.Http.Controllers.Playground.TeamRouteTest" assertions="3" time="0.458685"/>
        <testcase name="test_create_view_as_admin_with_invalid_parameter_and_fail_validation_and_redirect" file="/app/vendor/gammamatrix/playground-test/src/Feature/Http/Controllers/Resource/Playground/CreateTrait.php" line="92" class="Tests\Feature\Playground\Lead\Resource\Http\Controllers\Playground\TeamRouteTest" classname="Tests.Feature.Playground.Lead.Resource.Http.Controllers.Playground.TeamRouteTest" assertions="5" time="0.362493"/>
        <testcase name="test_json_guest_cannot_destroy" file="/app/vendor/gammamatrix/playground-test/src/Feature/Http/Controllers/Resource/Playground/DestroyJsonTrait.php" line="31" class="Tests\Feature\Playground\Lead\Resource\Http\Controllers\Playground\TeamRouteTest" classname="Tests.Feature.Playground.Lead.Resource.Http.Controllers.Playground.TeamRouteTest" assertions="3" time="0.414076"/>
        <testcase name="test_json_destroy_as_admin_and_succeed" file="/app/vendor/gammamatrix/playground-test/src/Feature/Http/Controllers/Resource/Playground/DestroyJsonTrait.php" line="61" class="Tests\Feature\Playground\Lead\Resource\Http\Controllers\Playground\TeamRouteTest" classname="Tests.Feature.Playground.Lead.Resource.Http.Controllers.Playground.TeamRouteTest" assertions="5" time="0.373603"/>
        <testcase name="test_json_destroy_as_admin_and_succeed_with_force_delete" file="/app/vendor/gammamatrix/playground-test/src/Feature/Http/Controllers/Resource/Playground/DestroyJsonTrait.php" line="100" class="Tests\Feature\Playground\Lead\Resource\Http\Controllers\Playground\TeamRouteTest" classname="Tests.Feature.Playground.Lead.Resource.Http.Controllers.Playground.TeamRouteTest" assertions="4" time="0.378428"/>
        <testcase name="test_json_destroy_as_admin_and_succeed_with_no_content" file="/app/vendor/gammamatrix/playground-test/src/Feature/Http/Controllers/Resource/Playground/DestroyJsonTrait.php" line="132" class="Tests\Feature\Playground\Lead\Resource\Http\Controllers\Playground\TeamRouteTest" classname="Tests.Feature.Playground.Lead.Resource.Http.Controllers.Playground.TeamRouteTest" assertions="5" time="0.427612"/>
        <testcase name="test_json_destroy_as_admin_and_succeed_and_ignore_redirect" file="/app/vendor/gammamatrix/playground-test/src/Feature/Http/Controllers/Resource/Playground/DestroyJsonTrait.php" line="167" class="Tests\Feature\Playground\Lead\Resource\Http\Controllers\Playground\TeamRouteTest" classname="Tests.Feature.Playground.Lead.Resource.Http.Controllers.Playground.TeamRouteTest" assertions="5" time="0.365672"/>
        <testcase name="test_json_destroy_as_user_and_get_denied_and_no_force_delete_allowed" file="/app/vendor/gammamatrix/playground-test/src/Feature/Http/Controllers/Resource/Playground/DestroyJsonTrait.php" line="209" class="Tests\Feature\Playground\Lead\Resource\Http\Controllers\Playground\TeamRouteTest" classname="Tests.Feature.Playground.Lead.Resource.Http.Controllers.Playground.TeamRouteTest" assertions="3" time="0.368000"/>
        <testcase name="test_guest_cannot_destroy" file="/app/vendor/gammamatrix/playground-test/src/Feature/Http/Controllers/Resource/Playground/DestroyTrait.php" line="31" class="Tests\Feature\Playground\Lead\Resource\Http\Controllers\Playground\TeamRouteTest" classname="Tests.Feature.Playground.Lead.Resource.Http.Controllers.Playground.TeamRouteTest" assertions="3" time="0.415873"/>
        <testcase name="test_destroy_as_admin_and_succeed" file="/app/vendor/gammamatrix/playground-test/src/Feature/Http/Controllers/Resource/Playground/DestroyTrait.php" line="61" class="Tests\Feature\Playground\Lead\Resource\Http\Controllers\Playground\TeamRouteTest" classname="Tests.Feature.Playground.Lead.Resource.Http.Controllers.Playground.TeamRouteTest" assertions="5" time="0.369130"/>
        <testcase name="test_destroy_as_admin_and_succeed_with_force_delete" file="/app/vendor/gammamatrix/playground-test/src/Feature/Http/Controllers/Resource/Playground/DestroyTrait.php" line="97" class="Tests\Feature\Playground\Lead\Resource\Http\Controllers\Playground\TeamRouteTest" classname="Tests.Feature.Playground.Lead.Resource.Http.Controllers.Playground.TeamRouteTest" assertions="4" time="0.377219"/>
        <testcase name="test_destroy_as_admin_and_succeed_with_redirect_to_index_with_trash" file="/app/vendor/gammamatrix/playground-test/src/Feature/Http/Controllers/Resource/Playground/DestroyTrait.php" line="129" class="Tests\Feature\Playground\Lead\Resource\Http\Controllers\Playground\TeamRouteTest" classname="Tests.Feature.Playground.Lead.Resource.Http.Controllers.Playground.TeamRouteTest" assertions="5" time="0.452495"/>
        <testcase name="test_destroy_as_user_and_get_denied_and_no_force_delete_allowed" file="/app/vendor/gammamatrix/playground-test/src/Feature/Http/Controllers/Resource/Playground/DestroyTrait.php" line="171" class="Tests\Feature\Playground\Lead\Resource\Http\Controllers\Playground\TeamRouteTest" classname="Tests.Feature.Playground.Lead.Resource.Http.Controllers.Playground.TeamRouteTest" assertions="3" time="0.362050"/>
        <testcase name="test_json_guest_cannot_get_edit_info" file="/app/vendor/gammamatrix/playground-test/src/Feature/Http/Controllers/Resource/Playground/EditJsonTrait.php" line="38" class="Tests\Feature\Playground\Lead\Resource\Http\Controllers\Playground\TeamRouteTest" classname="Tests.Feature.Playground.Lead.Resource.Http.Controllers.Playground.TeamRouteTest" assertions="1" time="0.451883"/>
        <testcase name="test_json_admin_can_get_edit_info" file="/app/vendor/gammamatrix/playground-test/src/Feature/Http/Controllers/Resource/Playground/EditJsonTrait.php" line="58" class="Tests\Feature\Playground\Lead\Resource\Http\Controllers\Playground\TeamRouteTest" classname="Tests.Feature.Playground.Lead.Resource.Http.Controllers.Playground.TeamRouteTest" assertions="4" time="0.383851"/>
        <testcase name="test_json_edit_as_admin_and_fail_validation_with_invalid_parameter" file="/app/vendor/gammamatrix/playground-test/src/Feature/Http/Controllers/Resource/Playground/EditJsonTrait.php" line="87" class="Tests\Feature\Playground\Lead\Resource\Http\Controllers\Playground\TeamRouteTest" classname="Tests.Feature.Playground.Lead.Resource.Http.Controllers.Playground.TeamRouteTest" assertions="4" time="0.387059"/>
        <testcase name="test_guest_cannot_render_edit_view" file="/app/vendor/gammamatrix/playground-test/src/Feature/Http/Controllers/Resource/Playground/EditTrait.php" line="33" class="Tests\Feature\Playground\Lead\Resource\Http\Controllers\Playground\TeamRouteTest" classname="Tests.Feature.Playground.Lead.Resource.Http.Controllers.Playground.TeamRouteTest" assertions="1" time="0.430807"/>
        <testcase name="test_admin_can_render_edit_view" file="/app/vendor/gammamatrix/playground-test/src/Feature/Http/Controllers/Resource/Playground/EditTrait.php" line="53" class="Tests\Feature\Playground\Lead\Resource\Http\Controllers\Playground\TeamRouteTest" classname="Tests.Feature.Playground.Lead.Resource.Http.Controllers.Playground.TeamRouteTest" assertions="2" time="0.398592"/>
        <testcase name="test_admin_can_render_edit_view_with_return_url" file="/app/vendor/gammamatrix/playground-test/src/Feature/Http/Controllers/Resource/Playground/EditTrait.php" line="77" class="Tests\Feature\Playground\Lead\Resource\Http\Controllers\Playground\TeamRouteTest" classname="Tests.Feature.Playground.Lead.Resource.Http.Controllers.Playground.TeamRouteTest" assertions="3" time="0.411345"/>
        <testcase name="test_edit_view_as_admin_with_invalid_parameter_and_fail_validation_and_redirect" file="/app/vendor/gammamatrix/playground-test/src/Feature/Http/Controllers/Resource/Playground/EditTrait.php" line="109" class="Tests\Feature\Playground\Lead\Resource\Http\Controllers\Playground\TeamRouteTest" classname="Tests.Feature.Playground.Lead.Resource.Http.Controllers.Playground.TeamRouteTest" assertions="4" time="0.438958"/>
        <testcase name="test_json_guest_cannot_get_index" file="/app/vendor/gammamatrix/playground-test/src/Feature/Http/Controllers/Resource/Playground/IndexJsonTrait.php" line="34" class="Tests\Feature\Playground\Lead\Resource\Http\Controllers\Playground\TeamRouteTest" classname="Tests.Feature.Playground.Lead.Resource.Http.Controllers.Playground.TeamRouteTest" assertions="1" time="0.354765"/>
        <testcase name="test_json_admin_can_get_index" file="/app/vendor/gammamatrix/playground-test/src/Feature/Http/Controllers/Resource/Playground/IndexJsonTrait.php" line="49" class="Tests\Feature\Playground\Lead\Resource\Http\Controllers\Playground\TeamRouteTest" classname="Tests.Feature.Playground.Lead.Resource.Http.Controllers.Playground.TeamRouteTest" assertions="130" time="0.474554"/>
        <testcase name="test_json_admin_can_get_index_with_filters" file="/app/vendor/gammamatrix/playground-test/src/Feature/Http/Controllers/Resource/Playground/IndexJsonTrait.php" line="85" class="Tests\Feature\Playground\Lead\Resource\Http\Controllers\Playground\TeamRouteTest" classname="Tests.Feature.Playground.Lead.Resource.Http.Controllers.Playground.TeamRouteTest" assertions="3" time="0.400729"/>
        <testcase name="test_guest_cannot_render_index_view" file="/app/vendor/gammamatrix/playground-test/src/Feature/Http/Controllers/Resource/Playground/IndexTrait.php" line="29" class="Tests\Feature\Playground\Lead\Resource\Http\Controllers\Playground\TeamRouteTest" classname="Tests.Feature.Playground.Lead.Resource.Http.Controllers.Playground.TeamRouteTest" assertions="1" time="0.362488"/>
        <testcase name="test_admin_can_render_index_view" file="/app/vendor/gammamatrix/playground-test/src/Feature/Http/Controllers/Resource/Playground/IndexTrait.php" line="44" class="Tests\Feature\Playground\Lead\Resource\Http\Controllers\Playground\TeamRouteTest" classname="Tests.Feature.Playground.Lead.Resource.Http.Controllers.Playground.TeamRouteTest" assertions="2" time="0.491483"/>
        <testcase name="test_admin_can_render_index_view_with_filters" file="/app/vendor/gammamatrix/playground-test/src/Feature/Http/Controllers/Resource/Playground/IndexTrait.php" line="77" class="Tests\Feature\Playground\Lead\Resource\Http\Controllers\Playground\TeamRouteTest" classname="Tests.Feature.Playground.Lead.Resource.Http.Controllers.Playground.TeamRouteTest" assertions="3" time="0.402540"/>
        <testcase name="test_json_guest_cannot_lock" file="/app/vendor/gammamatrix/playground-test/src/Feature/Http/Controllers/Resource/Playground/LockJsonTrait.php" line="36" class="Tests\Feature\Playground\Lead\Resource\Http\Controllers\Playground\TeamRouteTest" classname="Tests.Feature.Playground.Lead.Resource.Http.Controllers.Playground.TeamRouteTest" assertions="3" time="0.443400"/>
        <testcase name="test_json_lock_as_admin_and_succeed" file="/app/vendor/gammamatrix/playground-test/src/Feature/Http/Controllers/Resource/Playground/LockJsonTrait.php" line="66" class="Tests\Feature\Playground\Lead\Resource\Http\Controllers\Playground\TeamRouteTest" classname="Tests.Feature.Playground.Lead.Resource.Http.Controllers.Playground.TeamRouteTest" assertions="3" time="0.377936"/>
        <testcase name="test_json_lock_as_admin_and_succeed_with_no_redirect" file="/app/vendor/gammamatrix/playground-test/src/Feature/Http/Controllers/Resource/Playground/LockJsonTrait.php" line="98" class="Tests\Feature\Playground\Lead\Resource\Http\Controllers\Playground\TeamRouteTest" classname="Tests.Feature.Playground.Lead.Resource.Http.Controllers.Playground.TeamRouteTest" assertions="125" time="0.376620"/>
        <testcase name="test_json_lock_as_user_and_get_denied" file="/app/vendor/gammamatrix/playground-test/src/Feature/Http/Controllers/Resource/Playground/LockJsonTrait.php" line="143" class="Tests\Feature\Playground\Lead\Resource\Http\Controllers\Playground\TeamRouteTest" classname="Tests.Feature.Playground.Lead.Resource.Http.Controllers.Playground.TeamRouteTest" assertions="3" time="0.436811"/>
        <testcase name="test_guest_cannot_lock" file="/app/vendor/gammamatrix/playground-test/src/Feature/Http/Controllers/Resource/Playground/LockTrait.php" line="31" class="Tests\Feature\Playground\Lead\Resource\Http\Controllers\Playground\TeamRouteTest" classname="Tests.Feature.Playground.Lead.Resource.Http.Controllers.Playground.TeamRouteTest" assertions="3" time="0.362036"/>
        <testcase name="test_lock_as_admin_and_succeed" file="/app/vendor/gammamatrix/playground-test/src/Feature/Http/Controllers/Resource/Playground/LockTrait.php" line="61" class="Tests\Feature\Playground\Lead\Resource\Http\Controllers\Playground\TeamRouteTest" classname="Tests.Feature.Playground.Lead.Resource.Http.Controllers.Playground.TeamRouteTest" assertions="4" time="0.379942"/>
        <testcase name="test_lock_as_admin_and_succeed_with_redirect_to_index_with_sorted_by_locked_desc" file="/app/vendor/gammamatrix/playground-test/src/Feature/Http/Controllers/Resource/Playground/LockTrait.php" line="95" class="Tests\Feature\Playground\Lead\Resource\Http\Controllers\Playground\TeamRouteTest" classname="Tests.Feature.Playground.Lead.Resource.Http.Controllers.Playground.TeamRouteTest" assertions="4" time="0.455354"/>
        <testcase name="test_lock_as_user_and_get_denied" file="/app/vendor/gammamatrix/playground-test/src/Feature/Http/Controllers/Resource/Playground/LockTrait.php" line="132" class="Tests\Feature\Playground\Lead\Resource\Http\Controllers\Playground\TeamRouteTest" classname="Tests.Feature.Playground.Lead.Resource.Http.Controllers.Playground.TeamRouteTest" assertions="3" time="0.368265"/>
        <testcase name="test_json_guest_cannot_restore" file="/app/vendor/gammamatrix/playground-test/src/Feature/Http/Controllers/Resource/Playground/RestoreJsonTrait.php" line="32" class="Tests\Feature\Playground\Lead\Resource\Http\Controllers\Playground\TeamRouteTest" classname="Tests.Feature.Playground.Lead.Resource.Http.Controllers.Playground.TeamRouteTest" assertions="3" time="0.362369"/>
        <testcase name="test_json_restore_as_admin_and_succeed" file="/app/vendor/gammamatrix/playground-test/src/Feature/Http/Controllers/Resource/Playground/RestoreJsonTrait.php" line="64" class="Tests\Feature\Playground\Lead\Resource\Http\Controllers\Playground\TeamRouteTest" classname="Tests.Feature.Playground.Lead.Resource.Http.Controllers.Playground.TeamRouteTest" assertions="125" time="0.434741"/>
        <testcase name="test_json_restore_as_admin_and_succeed_with_no_redirect" file="/app/vendor/gammamatrix/playground-test/src/Feature/Http/Controllers/Resource/Playground/RestoreJsonTrait.php" line="100" class="Tests\Feature\Playground\Lead\Resource\Http\Controllers\Playground\TeamRouteTest" classname="Tests.Feature.Playground.Lead.Resource.Http.Controllers.Playground.TeamRouteTest" assertions="125" time="0.383495"/>
        <testcase name="test_json_restore_as_user_and_get_denied" file="/app/vendor/gammamatrix/playground-test/src/Feature/Http/Controllers/Resource/Playground/RestoreJsonTrait.php" line="143" class="Tests\Feature\Playground\Lead\Resource\Http\Controllers\Playground\TeamRouteTest" classname="Tests.Feature.Playground.Lead.Resource.Http.Controllers.Playground.TeamRouteTest" assertions="3" time="0.448831"/>
        <testcase name="test_guest_cannot_restore" file="/app/vendor/gammamatrix/playground-test/src/Feature/Http/Controllers/Resource/Playground/RestoreTrait.php" line="32" class="Tests\Feature\Playground\Lead\Resource\Http\Controllers\Playground\TeamRouteTest" classname="Tests.Feature.Playground.Lead.Resource.Http.Controllers.Playground.TeamRouteTest" assertions="3" time="0.379983"/>
        <testcase name="test_restore_as_admin_and_succeed" file="/app/vendor/gammamatrix/playground-test/src/Feature/Http/Controllers/Resource/Playground/RestoreTrait.php" line="64" class="Tests\Feature\Playground\Lead\Resource\Http\Controllers\Playground\TeamRouteTest" classname="Tests.Feature.Playground.Lead.Resource.Http.Controllers.Playground.TeamRouteTest" assertions="4" time="0.374865"/>
        <testcase name="test_restore_as_admin_and_succeed_with_redirect_to_index_with_only_trash" file="/app/vendor/gammamatrix/playground-test/src/Feature/Http/Controllers/Resource/Playground/RestoreTrait.php" line="100" class="Tests\Feature\Playground\Lead\Resource\Http\Controllers\Playground\TeamRouteTest" classname="Tests.Feature.Playground.Lead.Resource.Http.Controllers.Playground.TeamRouteTest" assertions="4" time="0.444834"/>
        <testcase name="test_restore_as_user_and_get_denied" file="/app/vendor/gammamatrix/playground-test/src/Feature/Http/Controllers/Resource/Playground/RestoreTrait.php" line="146" class="Tests\Feature\Playground\Lead\Resource\Http\Controllers\Playground\TeamRouteTest" classname="Tests.Feature.Playground.Lead.Resource.Http.Controllers.Playground.TeamRouteTest" assertions="3" time="0.385168"/>
        <testcase name="test_json_guest_cannot_see_info" file="/app/vendor/gammamatrix/playground-test/src/Feature/Http/Controllers/Resource/Playground/ShowJsonTrait.php" line="29" class="Tests\Feature\Playground\Lead\Resource\Http\Controllers\Playground\TeamRouteTest" classname="Tests.Feature.Playground.Lead.Resource.Http.Controllers.Playground.TeamRouteTest" assertions="1" time="0.361838"/>
        <testcase name="test_json_show_info_for_admin" file="/app/vendor/gammamatrix/playground-test/src/Feature/Http/Controllers/Resource/Playground/ShowJsonTrait.php" line="49" class="Tests\Feature\Playground\Lead\Resource\Http\Controllers\Playground\TeamRouteTest" classname="Tests.Feature.Playground.Lead.Resource.Http.Controllers.Playground.TeamRouteTest" assertions="124" time="0.463309"/>
        <testcase name="test_guest_cannot_render_show_view" file="/app/vendor/gammamatrix/playground-test/src/Feature/Http/Controllers/Resource/Playground/ShowTrait.php" line="29" class="Tests\Feature\Playground\Lead\Resource\Http\Controllers\Playground\TeamRouteTest" classname="Tests.Feature.Playground.Lead.Resource.Http.Controllers.Playground.TeamRouteTest" assertions="1" time="0.368675"/>
        <testcase name="test_show_view_rendered_by_admin" file="/app/vendor/gammamatrix/playground-test/src/Feature/Http/Controllers/Resource/Playground/ShowTrait.php" line="49" class="Tests\Feature\Playground\Lead\Resource\Http\Controllers\Playground\TeamRouteTest" classname="Tests.Feature.Playground.Lead.Resource.Http.Controllers.Playground.TeamRouteTest" assertions="2" time="0.450801"/>
        <testcase name="test_json_guest_cannot_store" file="/app/vendor/gammamatrix/playground-test/src/Feature/Http/Controllers/Resource/Playground/StoreJsonTrait.php" line="43" class="Tests\Feature\Playground\Lead\Resource\Http\Controllers\Playground\TeamRouteTest" classname="Tests.Feature.Playground.Lead.Resource.Http.Controllers.Playground.TeamRouteTest" assertions="3" time="0.359251"/>
        <testcase name="test_json_store_as_admin_without_payload_and_fail_validation" file="/app/vendor/gammamatrix/playground-test/src/Feature/Http/Controllers/Resource/Playground/StoreJsonTrait.php" line="66" class="Tests\Feature\Playground\Lead\Resource\Http\Controllers\Playground\TeamRouteTest" classname="Tests.Feature.Playground.Lead.Resource.Http.Controllers.Playground.TeamRouteTest" assertions="5" time="0.371881"/>
        <testcase name="test_json_store_as_admin_and_succeed" file="/app/vendor/gammamatrix/playground-test/src/Feature/Http/Controllers/Resource/Playground/StoreJsonTrait.php" line="92" class="Tests\Feature\Playground\Lead\Resource\Http\Controllers\Playground\TeamRouteTest" classname="Tests.Feature.Playground.Lead.Resource.Http.Controllers.Playground.TeamRouteTest" assertions="3" time="0.475631"/>
        <testcase name="test_guest_cannot_store" file="/app/vendor/gammamatrix/playground-test/src/Feature/Http/Controllers/Resource/Playground/StoreTrait.php" line="38" class="Tests\Feature\Playground\Lead\Resource\Http\Controllers\Playground\TeamRouteTest" classname="Tests.Feature.Playground.Lead.Resource.Http.Controllers.Playground.TeamRouteTest" assertions="3" time="0.364320"/>
        <testcase name="test_store_as_admin_without_payload_and_fail_validation" file="/app/vendor/gammamatrix/playground-test/src/Feature/Http/Controllers/Resource/Playground/StoreTrait.php" line="61" class="Tests\Feature\Playground\Lead\Resource\Http\Controllers\Playground\TeamRouteTest" classname="Tests.Feature.Playground.Lead.Resource.Http.Controllers.Playground.TeamRouteTest" assertions="5" time="0.385960"/>
        <testcase name="test_store_as_admin_and_succeed" file="/app/vendor/gammamatrix/playground-test/src/Feature/Http/Controllers/Resource/Playground/StoreTrait.php" line="90" class="Tests\Feature\Playground\Lead\Resource\Http\Controllers\Playground\TeamRouteTest" classname="Tests.Feature.Playground.Lead.Resource.Http.Controllers.Playground.TeamRouteTest" assertions="4" time="0.482305"/>
        <testcase name="test_store_as_admin_and_succeed_with_return_url" file="/app/vendor/gammamatrix/playground-test/src/Feature/Http/Controllers/Resource/Playground/StoreTrait.php" line="135" class="Tests\Feature\Playground\Lead\Resource\Http\Controllers\Playground\TeamRouteTest" classname="Tests.Feature.Playground.Lead.Resource.Http.Controllers.Playground.TeamRouteTest" assertions="4" time="0.403731"/>
        <testcase name="test_json_guest_cannot_unlock" file="/app/vendor/gammamatrix/playground-test/src/Feature/Http/Controllers/Resource/Playground/UnlockJsonTrait.php" line="36" class="Tests\Feature\Playground\Lead\Resource\Http\Controllers\Playground\TeamRouteTest" classname="Tests.Feature.Playground.Lead.Resource.Http.Controllers.Playground.TeamRouteTest" assertions="3" time="0.438611"/>
        <testcase name="test_json_unlock_as_admin_and_succeed" file="/app/vendor/gammamatrix/playground-test/src/Feature/Http/Controllers/Resource/Playground/UnlockJsonTrait.php" line="68" class="Tests\Feature\Playground\Lead\Resource\Http\Controllers\Playground\TeamRouteTest" classname="Tests.Feature.Playground.Lead.Resource.Http.Controllers.Playground.TeamRouteTest" assertions="125" time="0.383089"/>
        <testcase name="test_json_unlock_as_admin_and_succeed_with_no_redirect" file="/app/vendor/gammamatrix/playground-test/src/Feature/Http/Controllers/Resource/Playground/UnlockJsonTrait.php" line="104" class="Tests\Feature\Playground\Lead\Resource\Http\Controllers\Playground\TeamRouteTest" classname="Tests.Feature.Playground.Lead.Resource.Http.Controllers.Playground.TeamRouteTest" assertions="125" time="0.384283"/>
        <testcase name="test_json_unlock_as_user_and_get_denied" file="/app/vendor/gammamatrix/playground-test/src/Feature/Http/Controllers/Resource/Playground/UnlockJsonTrait.php" line="145" class="Tests\Feature\Playground\Lead\Resource\Http\Controllers\Playground\TeamRouteTest" classname="Tests.Feature.Playground.Lead.Resource.Http.Controllers.Playground.TeamRouteTest" assertions="3" time="0.470313"/>
        <testcase name="test_guest_cannot_unlock" file="/app/vendor/gammamatrix/playground-test/src/Feature/Http/Controllers/Resource/Playground/UnlockTrait.php" line="36" class="Tests\Feature\Playground\Lead\Resource\Http\Controllers\Playground\TeamRouteTest" classname="Tests.Feature.Playground.Lead.Resource.Http.Controllers.Playground.TeamRouteTest" assertions="3" time="0.362736"/>
        <testcase name="test_unlock_as_admin_and_succeed" file="/app/vendor/gammamatrix/playground-test/src/Feature/Http/Controllers/Resource/Playground/UnlockTrait.php" line="68" class="Tests\Feature\Playground\Lead\Resource\Http\Controllers\Playground\TeamRouteTest" classname="Tests.Feature.Playground.Lead.Resource.Http.Controllers.Playground.TeamRouteTest" assertions="4" time="0.453296"/>
        <testcase name="test_unlock_as_admin_and_succeed_with_redirect_to_index_with_sorted_by_unlocked_desc" file="/app/vendor/gammamatrix/playground-test/src/Feature/Http/Controllers/Resource/Playground/UnlockTrait.php" line="109" class="Tests\Feature\Playground\Lead\Resource\Http\Controllers\Playground\TeamRouteTest" classname="Tests.Feature.Playground.Lead.Resource.Http.Controllers.Playground.TeamRouteTest" assertions="4" time="0.383410"/>
        <testcase name="test_unlock_as_user_and_get_denied" file="/app/vendor/gammamatrix/playground-test/src/Feature/Http/Controllers/Resource/Playground/UnlockTrait.php" line="148" class="Tests\Feature\Playground\Lead\Resource\Http\Controllers\Playground\TeamRouteTest" classname="Tests.Feature.Playground.Lead.Resource.Http.Controllers.Playground.TeamRouteTest" assertions="3" time="0.382504"/>
        <testcase name="test_json_guest_cannot_update" file="/app/vendor/gammamatrix/playground-test/src/Feature/Http/Controllers/Resource/Playground/UpdateJsonTrait.php" line="45" class="Tests\Feature\Playground\Lead\Resource\Http\Controllers\Playground\TeamRouteTest" classname="Tests.Feature.Playground.Lead.Resource.Http.Controllers.Playground.TeamRouteTest" assertions="1" time="0.452138"/>
        <testcase name="test_json_update_as_admin_without_payload_and_fail_validation" file="/app/vendor/gammamatrix/playground-test/src/Feature/Http/Controllers/Resource/Playground/UpdateJsonTrait.php" line="65" class="Tests\Feature\Playground\Lead\Resource\Http\Controllers\Playground\TeamRouteTest" classname="Tests.Feature.Playground.Lead.Resource.Http.Controllers.Playground.TeamRouteTest" assertions="4" time="0.391303"/>
        <testcase name="test_json_admin_can_update" file="/app/vendor/gammamatrix/playground-test/src/Feature/Http/Controllers/Resource/Playground/UpdateJsonTrait.php" line="90" class="Tests\Feature\Playground\Lead\Resource\Http\Controllers\Playground\TeamRouteTest" classname="Tests.Feature.Playground.Lead.Resource.Http.Controllers.Playground.TeamRouteTest" assertions="127" time="0.549143"/>
        <testcase name="test_guest_cannot_update" file="/app/vendor/gammamatrix/playground-test/src/Feature/Http/Controllers/Resource/Playground/UpdateTrait.php" line="45" class="Tests\Feature\Playground\Lead\Resource\Http\Controllers\Playground\TeamRouteTest" classname="Tests.Feature.Playground.Lead.Resource.Http.Controllers.Playground.TeamRouteTest" assertions="1" time="0.368206"/>
        <testcase name="test_update_as_admin_without_payload_and_fail_validation" file="/app/vendor/gammamatrix/playground-test/src/Feature/Http/Controllers/Resource/Playground/UpdateTrait.php" line="65" class="Tests\Feature\Playground\Lead\Resource\Http\Controllers\Playground\TeamRouteTest" classname="Tests.Feature.Playground.Lead.Resource.Http.Controllers.Playground.TeamRouteTest" assertions="4" time="0.383925"/>
        <testcase name="test_admin_can_update" file="/app/vendor/gammamatrix/playground-test/src/Feature/Http/Controllers/Resource/Playground/UpdateTrait.php" line="90" class="Tests\Feature\Playground\Lead\Resource\Http\Controllers\Playground\TeamRouteTest" classname="Tests.Feature.Playground.Lead.Resource.Http.Controllers.Playground.TeamRouteTest" assertions="6" time="0.491967"/>
        <testcase name="test_admin_can_update_view_with_return_url" file="/app/vendor/gammamatrix/playground-test/src/Feature/Http/Controllers/Resource/Playground/UpdateTrait.php" line="133" class="Tests\Feature\Playground\Lead\Resource\Http\Controllers\Playground\TeamRouteTest" classname="Tests.Feature.Playground.Lead.Resource.Http.Controllers.Playground.TeamRouteTest" assertions="6" time="0.483489"/>
      </testsuite>
      <testsuite name="Tests\Feature\Playground\Lead\Resource\Http\Controllers\Playground\TeammateRouteTest" file="/app/tests/Feature/Http/Controllers/Playground/TeammateRouteTest.php" tests="73" assertions="1335" errors="0" failures="0" skipped="0" time="29.883607">
        <testcase name="test_json_guest_cannot_get_create_info" file="/app/vendor/gammamatrix/playground-test/src/Feature/Http/Controllers/Resource/Playground/CreateJsonTrait.php" line="38" class="Tests\Feature\Playground\Lead\Resource\Http\Controllers\Playground\TeammateRouteTest" classname="Tests.Feature.Playground.Lead.Resource.Http.Controllers.Playground.TeammateRouteTest" assertions="1" time="0.459823"/>
        <testcase name="test_json_admin_can_get_create_info" file="/app/vendor/gammamatrix/playground-test/src/Feature/Http/Controllers/Resource/Playground/CreateJsonTrait.php" line="53" class="Tests\Feature\Playground\Lead\Resource\Http\Controllers\Playground\TeammateRouteTest" classname="Tests.Feature.Playground.Lead.Resource.Http.Controllers.Playground.TeammateRouteTest" assertions="123" time="0.367771"/>
        <testcase name="test_json_get_create_info_as_admin_with_invalid_parameter_and_fail_validation" file="/app/vendor/gammamatrix/playground-test/src/Feature/Http/Controllers/Resource/Playground/CreateJsonTrait.php" line="73" class="Tests\Feature\Playground\Lead\Resource\Http\Controllers\Playground\TeammateRouteTest" classname="Tests.Feature.Playground.Lead.Resource.Http.Controllers.Playground.TeammateRouteTest" assertions="4" time="0.366283"/>
        <testcase name="test_guest_cannot_render_create_view" file="/app/vendor/gammamatrix/playground-test/src/Feature/Http/Controllers/Resource/Playground/CreateTrait.php" line="33" class="Tests\Feature\Playground\Lead\Resource\Http\Controllers\Playground\TeammateRouteTest" classname="Tests.Feature.Playground.Lead.Resource.Http.Controllers.Playground.TeammateRouteTest" assertions="1" time="0.412016"/>
        <testcase name="test_admin_can_render_create_view" file="/app/vendor/gammamatrix/playground-test/src/Feature/Http/Controllers/Resource/Playground/CreateTrait.php" line="47" class="Tests\Feature\Playground\Lead\Resource\Http\Controllers\Playground\TeammateRouteTest" classname="Tests.Feature.Playground.Lead.Resource.Http.Controllers.Playground.TeammateRouteTest" assertions="2" time="0.409111"/>
        <testcase name="test_admin_can_render_create_view_with_return_url" file="/app/vendor/gammamatrix/playground-test/src/Feature/Http/Controllers/Resource/Playground/CreateTrait.php" line="65" class="Tests\Feature\Playground\Lead\Resource\Http\Controllers\Playground\TeammateRouteTest" classname="Tests.Feature.Playground.Lead.Resource.Http.Controllers.Playground.TeammateRouteTest" assertions="3" time="0.376081"/>
        <testcase name="test_create_view_as_admin_with_invalid_parameter_and_fail_validation_and_redirect" file="/app/vendor/gammamatrix/playground-test/src/Feature/Http/Controllers/Resource/Playground/CreateTrait.php" line="92" class="Tests\Feature\Playground\Lead\Resource\Http\Controllers\Playground\TeammateRouteTest" classname="Tests.Feature.Playground.Lead.Resource.Http.Controllers.Playground.TeammateRouteTest" assertions="5" time="0.438988"/>
        <testcase name="test_json_guest_cannot_destroy" file="/app/vendor/gammamatrix/playground-test/src/Feature/Http/Controllers/Resource/Playground/DestroyJsonTrait.php" line="31" class="Tests\Feature\Playground\Lead\Resource\Http\Controllers\Playground\TeammateRouteTest" classname="Tests.Feature.Playground.Lead.Resource.Http.Controllers.Playground.TeammateRouteTest" assertions="3" time="0.353983"/>
        <testcase name="test_json_destroy_as_admin_and_succeed" file="/app/vendor/gammamatrix/playground-test/src/Feature/Http/Controllers/Resource/Playground/DestroyJsonTrait.php" line="61" class="Tests\Feature\Playground\Lead\Resource\Http\Controllers\Playground\TeammateRouteTest" classname="Tests.Feature.Playground.Lead.Resource.Http.Controllers.Playground.TeammateRouteTest" assertions="5" time="0.370246"/>
        <testcase name="test_json_destroy_as_admin_and_succeed_with_force_delete" file="/app/vendor/gammamatrix/playground-test/src/Feature/Http/Controllers/Resource/Playground/DestroyJsonTrait.php" line="100" class="Tests\Feature\Playground\Lead\Resource\Http\Controllers\Playground\TeammateRouteTest" classname="Tests.Feature.Playground.Lead.Resource.Http.Controllers.Playground.TeammateRouteTest" assertions="4" time="0.445140"/>
        <testcase name="test_json_destroy_as_admin_and_succeed_with_no_content" file="/app/vendor/gammamatrix/playground-test/src/Feature/Http/Controllers/Resource/Playground/DestroyJsonTrait.php" line="132" class="Tests\Feature\Playground\Lead\Resource\Http\Controllers\Playground\TeammateRouteTest" classname="Tests.Feature.Playground.Lead.Resource.Http.Controllers.Playground.TeammateRouteTest" assertions="5" time="0.365539"/>
        <testcase name="test_json_destroy_as_admin_and_succeed_and_ignore_redirect" file="/app/vendor/gammamatrix/playground-test/src/Feature/Http/Controllers/Resource/Playground/DestroyJsonTrait.php" line="167" class="Tests\Feature\Playground\Lead\Resource\Http\Controllers\Playground\TeammateRouteTest" classname="Tests.Feature.Playground.Lead.Resource.Http.Controllers.Playground.TeammateRouteTest" assertions="5" time="0.428357"/>
        <testcase name="test_json_destroy_as_user_and_get_denied_and_no_force_delete_allowed" file="/app/vendor/gammamatrix/playground-test/src/Feature/Http/Controllers/Resource/Playground/DestroyJsonTrait.php" line="209" class="Tests\Feature\Playground\Lead\Resource\Http\Controllers\Playground\TeammateRouteTest" classname="Tests.Feature.Playground.Lead.Resource.Http.Controllers.Playground.TeammateRouteTest" assertions="3" time="0.365695"/>
        <testcase name="test_guest_cannot_destroy" file="/app/vendor/gammamatrix/playground-test/src/Feature/Http/Controllers/Resource/Playground/DestroyTrait.php" line="31" class="Tests\Feature\Playground\Lead\Resource\Http\Controllers\Playground\TeammateRouteTest" classname="Tests.Feature.Playground.Lead.Resource.Http.Controllers.Playground.TeammateRouteTest" assertions="3" time="0.361510"/>
        <testcase name="test_destroy_as_admin_and_succeed" file="/app/vendor/gammamatrix/playground-test/src/Feature/Http/Controllers/Resource/Playground/DestroyTrait.php" line="61" class="Tests\Feature\Playground\Lead\Resource\Http\Controllers\Playground\TeammateRouteTest" classname="Tests.Feature.Playground.Lead.Resource.Http.Controllers.Playground.TeammateRouteTest" assertions="5" time="0.447549"/>
        <testcase name="test_destroy_as_admin_and_succeed_with_force_delete" file="/app/vendor/gammamatrix/playground-test/src/Feature/Http/Controllers/Resource/Playground/DestroyTrait.php" line="97" class="Tests\Feature\Playground\Lead\Resource\Http\Controllers\Playground\TeammateRouteTest" classname="Tests.Feature.Playground.Lead.Resource.Http.Controllers.Playground.TeammateRouteTest" assertions="4" time="0.366268"/>
        <testcase name="test_destroy_as_admin_and_succeed_with_redirect_to_index_with_trash" file="/app/vendor/gammamatrix/playground-test/src/Feature/Http/Controllers/Resource/Playground/DestroyTrait.php" line="129" class="Tests\Feature\Playground\Lead\Resource\Http\Controllers\Playground\TeammateRouteTest" classname="Tests.Feature.Playground.Lead.Resource.Http.Controllers.Playground.TeammateRouteTest" assertions="5" time="0.369690"/>
        <testcase name="test_destroy_as_user_and_get_denied_and_no_force_delete_allowed" file="/app/vendor/gammamatrix/playground-test/src/Feature/Http/Controllers/Resource/Playground/DestroyTrait.php" line="171" class="Tests\Feature\Playground\Lead\Resource\Http\Controllers\Playground\TeammateRouteTest" classname="Tests.Feature.Playground.Lead.Resource.Http.Controllers.Playground.TeammateRouteTest" assertions="3" time="0.446777"/>
        <testcase name="test_json_guest_cannot_get_edit_info" file="/app/vendor/gammamatrix/playground-test/src/Feature/Http/Controllers/Resource/Playground/EditJsonTrait.php" line="38" class="Tests\Feature\Playground\Lead\Resource\Http\Controllers\Playground\TeammateRouteTest" classname="Tests.Feature.Playground.Lead.Resource.Http.Controllers.Playground.TeammateRouteTest" assertions="1" time="0.354432"/>
        <testcase name="test_json_admin_can_get_edit_info" file="/app/vendor/gammamatrix/playground-test/src/Feature/Http/Controllers/Resource/Playground/EditJsonTrait.php" line="58" class="Tests\Feature\Playground\Lead\Resource\Http\Controllers\Playground\TeammateRouteTest" classname="Tests.Feature.Playground.Lead.Resource.Http.Controllers.Playground.TeammateRouteTest" assertions="4" time="0.381009"/>
        <testcase name="test_json_edit_as_admin_and_fail_validation_with_invalid_parameter" file="/app/vendor/gammamatrix/playground-test/src/Feature/Http/Controllers/Resource/Playground/EditJsonTrait.php" line="87" class="Tests\Feature\Playground\Lead\Resource\Http\Controllers\Playground\TeammateRouteTest" classname="Tests.Feature.Playground.Lead.Resource.Http.Controllers.Playground.TeammateRouteTest" assertions="4" time="0.464053"/>
        <testcase name="test_guest_cannot_render_edit_view" file="/app/vendor/gammamatrix/playground-test/src/Feature/Http/Controllers/Resource/Playground/EditTrait.php" line="33" class="Tests\Feature\Playground\Lead\Resource\Http\Controllers\Playground\TeammateRouteTest" classname="Tests.Feature.Playground.Lead.Resource.Http.Controllers.Playground.TeammateRouteTest" assertions="1" time="0.362397"/>
        <testcase name="test_admin_can_render_edit_view" file="/app/vendor/gammamatrix/playground-test/src/Feature/Http/Controllers/Resource/Playground/EditTrait.php" line="53" class="Tests\Feature\Playground\Lead\Resource\Http\Controllers\Playground\TeammateRouteTest" classname="Tests.Feature.Playground.Lead.Resource.Http.Controllers.Playground.TeammateRouteTest" assertions="2" time="0.487504"/>
        <testcase name="test_admin_can_render_edit_view_with_return_url" file="/app/vendor/gammamatrix/playground-test/src/Feature/Http/Controllers/Resource/Playground/EditTrait.php" line="77" class="Tests\Feature\Playground\Lead\Resource\Http\Controllers\Playground\TeammateRouteTest" classname="Tests.Feature.Playground.Lead.Resource.Http.Controllers.Playground.TeammateRouteTest" assertions="3" time="0.392100"/>
        <testcase name="test_edit_view_as_admin_with_invalid_parameter_and_fail_validation_and_redirect" file="/app/vendor/gammamatrix/playground-test/src/Feature/Http/Controllers/Resource/Playground/EditTrait.php" line="109" class="Tests\Feature\Playground\Lead\Resource\Http\Controllers\Playground\TeammateRouteTest" classname="Tests.Feature.Playground.Lead.Resource.Http.Controllers.Playground.TeammateRouteTest" assertions="4" time="0.387581"/>
        <testcase name="test_json_guest_cannot_get_index" file="/app/vendor/gammamatrix/playground-test/src/Feature/Http/Controllers/Resource/Playground/IndexJsonTrait.php" line="34" class="Tests\Feature\Playground\Lead\Resource\Http\Controllers\Playground\TeammateRouteTest" classname="Tests.Feature.Playground.Lead.Resource.Http.Controllers.Playground.TeammateRouteTest" assertions="1" time="0.441847"/>
        <testcase name="test_json_admin_can_get_index" file="/app/vendor/gammamatrix/playground-test/src/Feature/Http/Controllers/Resource/Playground/IndexJsonTrait.php" line="49" class="Tests\Feature\Playground\Lead\Resource\Http\Controllers\Playground\TeammateRouteTest" classname="Tests.Feature.Playground.Lead.Resource.Http.Controllers.Playground.TeammateRouteTest" assertions="130" time="0.387330"/>
        <testcase name="test_json_admin_can_get_index_with_filters" file="/app/vendor/gammamatrix/playground-test/src/Feature/Http/Controllers/Resource/Playground/IndexJsonTrait.php" line="85" class="Tests\Feature\Playground\Lead\Resource\Http\Controllers\Playground\TeammateRouteTest" classname="Tests.Feature.Playground.Lead.Resource.Http.Controllers.Playground.TeammateRouteTest" assertions="3" time="0.463936"/>
        <testcase name="test_guest_cannot_render_index_view" file="/app/vendor/gammamatrix/playground-test/src/Feature/Http/Controllers/Resource/Playground/IndexTrait.php" line="29" class="Tests\Feature\Playground\Lead\Resource\Http\Controllers\Playground\TeammateRouteTest" classname="Tests.Feature.Playground.Lead.Resource.Http.Controllers.Playground.TeammateRouteTest" assertions="1" time="0.360837"/>
        <testcase name="test_admin_can_render_index_view" file="/app/vendor/gammamatrix/playground-test/src/Feature/Http/Controllers/Resource/Playground/IndexTrait.php" line="44" class="Tests\Feature\Playground\Lead\Resource\Http\Controllers\Playground\TeammateRouteTest" classname="Tests.Feature.Playground.Lead.Resource.Http.Controllers.Playground.TeammateRouteTest" assertions="2" time="0.438918"/>
        <testcase name="test_admin_can_render_index_view_with_filters" file="/app/vendor/gammamatrix/playground-test/src/Feature/Http/Controllers/Resource/Playground/IndexTrait.php" line="77" class="Tests\Feature\Playground\Lead\Resource\Http\Controllers\Playground\TeammateRouteTest" classname="Tests.Feature.Playground.Lead.Resource.Http.Controllers.Playground.TeammateRouteTest" assertions="3" time="0.473893"/>
        <testcase name="test_json_guest_cannot_lock" file="/app/vendor/gammamatrix/playground-test/src/Feature/Http/Controllers/Resource/Playground/LockJsonTrait.php" line="36" class="Tests\Feature\Playground\Lead\Resource\Http\Controllers\Playground\TeammateRouteTest" classname="Tests.Feature.Playground.Lead.Resource.Http.Controllers.Playground.TeammateRouteTest" assertions="3" time="0.351882"/>
        <testcase name="test_json_lock_as_admin_and_succeed" file="/app/vendor/gammamatrix/playground-test/src/Feature/Http/Controllers/Resource/Playground/LockJsonTrait.php" line="66" class="Tests\Feature\Playground\Lead\Resource\Http\Controllers\Playground\TeammateRouteTest" classname="Tests.Feature.Playground.Lead.Resource.Http.Controllers.Playground.TeammateRouteTest" assertions="3" time="0.396957"/>
        <testcase name="test_json_lock_as_admin_and_succeed_with_no_redirect" file="/app/vendor/gammamatrix/playground-test/src/Feature/Http/Controllers/Resource/Playground/LockJsonTrait.php" line="98" class="Tests\Feature\Playground\Lead\Resource\Http\Controllers\Playground\TeammateRouteTest" classname="Tests.Feature.Playground.Lead.Resource.Http.Controllers.Playground.TeammateRouteTest" assertions="125" time="0.463653"/>
        <testcase name="test_json_lock_as_user_and_get_denied" file="/app/vendor/gammamatrix/playground-test/src/Feature/Http/Controllers/Resource/Playground/LockJsonTrait.php" line="143" class="Tests\Feature\Playground\Lead\Resource\Http\Controllers\Playground\TeammateRouteTest" classname="Tests.Feature.Playground.Lead.Resource.Http.Controllers.Playground.TeammateRouteTest" assertions="3" time="0.367036"/>
        <testcase name="test_guest_cannot_lock" file="/app/vendor/gammamatrix/playground-test/src/Feature/Http/Controllers/Resource/Playground/LockTrait.php" line="31" class="Tests\Feature\Playground\Lead\Resource\Http\Controllers\Playground\TeammateRouteTest" classname="Tests.Feature.Playground.Lead.Resource.Http.Controllers.Playground.TeammateRouteTest" assertions="3" time="0.434640"/>
        <testcase name="test_lock_as_admin_and_succeed" file="/app/vendor/gammamatrix/playground-test/src/Feature/Http/Controllers/Resource/Playground/LockTrait.php" line="61" class="Tests\Feature\Playground\Lead\Resource\Http\Controllers\Playground\TeammateRouteTest" classname="Tests.Feature.Playground.Lead.Resource.Http.Controllers.Playground.TeammateRouteTest" assertions="4" time="0.384514"/>
        <testcase name="test_lock_as_admin_and_succeed_with_redirect_to_index_with_sorted_by_locked_desc" file="/app/vendor/gammamatrix/playground-test/src/Feature/Http/Controllers/Resource/Playground/LockTrait.php" line="95" class="Tests\Feature\Playground\Lead\Resource\Http\Controllers\Playground\TeammateRouteTest" classname="Tests.Feature.Playground.Lead.Resource.Http.Controllers.Playground.TeammateRouteTest" assertions="4" time="0.368107"/>
        <testcase name="test_lock_as_user_and_get_denied" file="/app/vendor/gammamatrix/playground-test/src/Feature/Http/Controllers/Resource/Playground/LockTrait.php" line="132" class="Tests\Feature\Playground\Lead\Resource\Http\Controllers\Playground\TeammateRouteTest" classname="Tests.Feature.Playground.Lead.Resource.Http.Controllers.Playground.TeammateRouteTest" assertions="3" time="0.440676"/>
        <testcase name="test_json_guest_cannot_restore" file="/app/vendor/gammamatrix/playground-test/src/Feature/Http/Controllers/Resource/Playground/RestoreJsonTrait.php" line="32" class="Tests\Feature\Playground\Lead\Resource\Http\Controllers\Playground\TeammateRouteTest" classname="Tests.Feature.Playground.Lead.Resource.Http.Controllers.Playground.TeammateRouteTest" assertions="3" time="0.360701"/>
        <testcase name="test_json_restore_as_admin_and_succeed" file="/app/vendor/gammamatrix/playground-test/src/Feature/Http/Controllers/Resource/Playground/RestoreJsonTrait.php" line="64" class="Tests\Feature\Playground\Lead\Resource\Http\Controllers\Playground\TeammateRouteTest" classname="Tests.Feature.Playground.Lead.Resource.Http.Controllers.Playground.TeammateRouteTest" assertions="125" time="0.384513"/>
        <testcase name="test_json_restore_as_admin_and_succeed_with_no_redirect" file="/app/vendor/gammamatrix/playground-test/src/Feature/Http/Controllers/Resource/Playground/RestoreJsonTrait.php" line="100" class="Tests\Feature\Playground\Lead\Resource\Http\Controllers\Playground\TeammateRouteTest" classname="Tests.Feature.Playground.Lead.Resource.Http.Controllers.Playground.TeammateRouteTest" assertions="125" time="0.480197"/>
        <testcase name="test_json_restore_as_user_and_get_denied" file="/app/vendor/gammamatrix/playground-test/src/Feature/Http/Controllers/Resource/Playground/RestoreJsonTrait.php" line="143" class="Tests\Feature\Playground\Lead\Resource\Http\Controllers\Playground\TeammateRouteTest" classname="Tests.Feature.Playground.Lead.Resource.Http.Controllers.Playground.TeammateRouteTest" assertions="3" time="0.372150"/>
        <testcase name="test_guest_cannot_restore" file="/app/vendor/gammamatrix/playground-test/src/Feature/Http/Controllers/Resource/Playground/RestoreTrait.php" line="32" class="Tests\Feature\Playground\Lead\Resource\Http\Controllers\Playground\TeammateRouteTest" classname="Tests.Feature.Playground.Lead.Resource.Http.Controllers.Playground.TeammateRouteTest" assertions="3" time="0.454128"/>
        <testcase name="test_restore_as_admin_and_succeed" file="/app/vendor/gammamatrix/playground-test/src/Feature/Http/Controllers/Resource/Playground/RestoreTrait.php" line="64" class="Tests\Feature\Playground\Lead\Resource\Http\Controllers\Playground\TeammateRouteTest" classname="Tests.Feature.Playground.Lead.Resource.Http.Controllers.Playground.TeammateRouteTest" assertions="4" time="0.384139"/>
        <testcase name="test_restore_as_admin_and_succeed_with_redirect_to_index_with_only_trash" file="/app/vendor/gammamatrix/playground-test/src/Feature/Http/Controllers/Resource/Playground/RestoreTrait.php" line="100" class="Tests\Feature\Playground\Lead\Resource\Http\Controllers\Playground\TeammateRouteTest" classname="Tests.Feature.Playground.Lead.Resource.Http.Controllers.Playground.TeammateRouteTest" assertions="4" time="0.374266"/>
        <testcase name="test_restore_as_user_and_get_denied" file="/app/vendor/gammamatrix/playground-test/src/Feature/Http/Controllers/Resource/Playground/RestoreTrait.php" line="146" class="Tests\Feature\Playground\Lead\Resource\Http\Controllers\Playground\TeammateRouteTest" classname="Tests.Feature.Playground.Lead.Resource.Http.Controllers.Playground.TeammateRouteTest" assertions="3" time="0.454668"/>
        <testcase name="test_json_guest_cannot_see_info" file="/app/vendor/gammamatrix/playground-test/src/Feature/Http/Controllers/Resource/Playground/ShowJsonTrait.php" line="29" class="Tests\Feature\Playground\Lead\Resource\Http\Controllers\Playground\TeammateRouteTest" classname="Tests.Feature.Playground.Lead.Resource.Http.Controllers.Playground.TeammateRouteTest" assertions="1" time="0.385412"/>
        <testcase name="test_json_show_info_for_admin" file="/app/vendor/gammamatrix/playground-test/src/Feature/Http/Controllers/Resource/Playground/ShowJsonTrait.php" line="49" class="Tests\Feature\Playground\Lead\Resource\Http\Controllers\Playground\TeammateRouteTest" classname="Tests.Feature.Playground.Lead.Resource.Http.Controllers.Playground.TeammateRouteTest" assertions="124" time="0.373627"/>
        <testcase name="test_guest_cannot_render_show_view" file="/app/vendor/gammamatrix/playground-test/src/Feature/Http/Controllers/Resource/Playground/ShowTrait.php" line="29" class="Tests\Feature\Playground\Lead\Resource\Http\Controllers\Playground\TeammateRouteTest" classname="Tests.Feature.Playground.Lead.Resource.Http.Controllers.Playground.TeammateRouteTest" assertions="1" time="0.441870"/>
        <testcase name="test_show_view_rendered_by_admin" file="/app/vendor/gammamatrix/playground-test/src/Feature/Http/Controllers/Resource/Playground/ShowTrait.php" line="49" class="Tests\Feature\Playground\Lead\Resource\Http\Controllers\Playground\TeammateRouteTest" classname="Tests.Feature.Playground.Lead.Resource.Http.Controllers.Playground.TeammateRouteTest" assertions="2" time="0.384972"/>
        <testcase name="test_json_guest_cannot_store" file="/app/vendor/gammamatrix/playground-test/src/Feature/Http/Controllers/Resource/Playground/StoreJsonTrait.php" line="43" class="Tests\Feature\Playground\Lead\Resource\Http\Controllers\Playground\TeammateRouteTest" classname="Tests.Feature.Playground.Lead.Resource.Http.Controllers.Playground.TeammateRouteTest" assertions="3" time="0.446337"/>
        <testcase name="test_json_store_as_admin_without_payload_and_fail_validation" file="/app/vendor/gammamatrix/playground-test/src/Feature/Http/Controllers/Resource/Playground/StoreJsonTrait.php" line="66" class="Tests\Feature\Playground\Lead\Resource\Http\Controllers\Playground\TeammateRouteTest" classname="Tests.Feature.Playground.Lead.Resource.Http.Controllers.Playground.TeammateRouteTest" assertions="5" time="0.382083"/>
        <testcase name="test_json_store_as_admin_and_succeed" file="/app/vendor/gammamatrix/playground-test/src/Feature/Http/Controllers/Resource/Playground/StoreJsonTrait.php" line="92" class="Tests\Feature\Playground\Lead\Resource\Http\Controllers\Playground\TeammateRouteTest" classname="Tests.Feature.Playground.Lead.Resource.Http.Controllers.Playground.TeammateRouteTest" assertions="3" time="0.408936"/>
        <testcase name="test_guest_cannot_store" file="/app/vendor/gammamatrix/playground-test/src/Feature/Http/Controllers/Resource/Playground/StoreTrait.php" line="38" class="Tests\Feature\Playground\Lead\Resource\Http\Controllers\Playground\TeammateRouteTest" classname="Tests.Feature.Playground.Lead.Resource.Http.Controllers.Playground.TeammateRouteTest" assertions="3" time="0.434454"/>
        <testcase name="test_store_as_admin_without_payload_and_fail_validation" file="/app/vendor/gammamatrix/playground-test/src/Feature/Http/Controllers/Resource/Playground/StoreTrait.php" line="61" class="Tests\Feature\Playground\Lead\Resource\Http\Controllers\Playground\TeammateRouteTest" classname="Tests.Feature.Playground.Lead.Resource.Http.Controllers.Playground.TeammateRouteTest" assertions="5" time="0.379890"/>
        <testcase name="test_store_as_admin_and_succeed" file="/app/vendor/gammamatrix/playground-test/src/Feature/Http/Controllers/Resource/Playground/StoreTrait.php" line="90" class="Tests\Feature\Playground\Lead\Resource\Http\Controllers\Playground\TeammateRouteTest" classname="Tests.Feature.Playground.Lead.Resource.Http.Controllers.Playground.TeammateRouteTest" assertions="4" time="0.404820"/>
        <testcase name="test_store_as_admin_and_succeed_with_return_url" file="/app/vendor/gammamatrix/playground-test/src/Feature/Http/Controllers/Resource/Playground/StoreTrait.php" line="135" class="Tests\Feature\Playground\Lead\Resource\Http\Controllers\Playground\TeammateRouteTest" classname="Tests.Feature.Playground.Lead.Resource.Http.Controllers.Playground.TeammateRouteTest" assertions="4" time="0.479713"/>
        <testcase name="test_json_guest_cannot_unlock" file="/app/vendor/gammamatrix/playground-test/src/Feature/Http/Controllers/Resource/Playground/UnlockJsonTrait.php" line="36" class="Tests\Feature\Playground\Lead\Resource\Http\Controllers\Playground\TeammateRouteTest" classname="Tests.Feature.Playground.Lead.Resource.Http.Controllers.Playground.TeammateRouteTest" assertions="3" time="0.378560"/>
        <testcase name="test_json_unlock_as_admin_and_succeed" file="/app/vendor/gammamatrix/playground-test/src/Feature/Http/Controllers/Resource/Playground/UnlockJsonTrait.php" line="68" class="Tests\Feature\Playground\Lead\Resource\Http\Controllers\Playground\TeammateRouteTest" classname="Tests.Feature.Playground.Lead.Resource.Http.Controllers.Playground.TeammateRouteTest" assertions="125" time="0.485909"/>
        <testcase name="test_json_unlock_as_admin_and_succeed_with_no_redirect" file="/app/vendor/gammamatrix/playground-test/src/Feature/Http/Controllers/Resource/Playground/UnlockJsonTrait.php" line="104" class="Tests\Feature\Playground\Lead\Resource\Http\Controllers\Playground\TeammateRouteTest" classname="Tests.Feature.Playground.Lead.Resource.Http.Controllers.Playground.TeammateRouteTest" assertions="125" time="0.388660"/>
        <testcase name="test_json_unlock_as_user_and_get_denied" file="/app/vendor/gammamatrix/playground-test/src/Feature/Http/Controllers/Resource/Playground/UnlockJsonTrait.php" line="145" class="Tests\Feature\Playground\Lead\Resource\Http\Controllers\Playground\TeammateRouteTest" classname="Tests.Feature.Playground.Lead.Resource.Http.Controllers.Playground.TeammateRouteTest" assertions="3" time="0.377940"/>
        <testcase name="test_guest_cannot_unlock" file="/app/vendor/gammamatrix/playground-test/src/Feature/Http/Controllers/Resource/Playground/UnlockTrait.php" line="36" class="Tests\Feature\Playground\Lead\Resource\Http\Controllers\Playground\TeammateRouteTest" classname="Tests.Feature.Playground.Lead.Resource.Http.Controllers.Playground.TeammateRouteTest" assertions="3" time="0.454951"/>
        <testcase name="test_unlock_as_admin_and_succeed" file="/app/vendor/gammamatrix/playground-test/src/Feature/Http/Controllers/Resource/Playground/UnlockTrait.php" line="68" class="Tests\Feature\Playground\Lead\Resource\Http\Controllers\Playground\TeammateRouteTest" classname="Tests.Feature.Playground.Lead.Resource.Http.Controllers.Playground.TeammateRouteTest" assertions="4" time="0.386011"/>
        <testcase name="test_unlock_as_admin_and_succeed_with_redirect_to_index_with_sorted_by_unlocked_desc" file="/app/vendor/gammamatrix/playground-test/src/Feature/Http/Controllers/Resource/Playground/UnlockTrait.php" line="109" class="Tests\Feature\Playground\Lead\Resource\Http\Controllers\Playground\TeammateRouteTest" classname="Tests.Feature.Playground.Lead.Resource.Http.Controllers.Playground.TeammateRouteTest" assertions="4" time="0.378312"/>
        <testcase name="test_unlock_as_user_and_get_denied" file="/app/vendor/gammamatrix/playground-test/src/Feature/Http/Controllers/Resource/Playground/UnlockTrait.php" line="148" class="Tests\Feature\Playground\Lead\Resource\Http\Controllers\Playground\TeammateRouteTest" classname="Tests.Feature.Playground.Lead.Resource.Http.Controllers.Playground.TeammateRouteTest" assertions="3" time="0.440607"/>
        <testcase name="test_json_guest_cannot_update" file="/app/vendor/gammamatrix/playground-test/src/Feature/Http/Controllers/Resource/Playground/UpdateJsonTrait.php" line="45" class="Tests\Feature\Playground\Lead\Resource\Http\Controllers\Playground\TeammateRouteTest" classname="Tests.Feature.Playground.Lead.Resource.Http.Controllers.Playground.TeammateRouteTest" assertions="1" time="0.374441"/>
        <testcase name="test_json_update_as_admin_without_payload_and_fail_validation" file="/app/vendor/gammamatrix/playground-test/src/Feature/Http/Controllers/Resource/Playground/UpdateJsonTrait.php" line="65" class="Tests\Feature\Playground\Lead\Resource\Http\Controllers\Playground\TeammateRouteTest" classname="Tests.Feature.Playground.Lead.Resource.Http.Controllers.Playground.TeammateRouteTest" assertions="4" time="0.460953"/>
        <testcase name="test_json_admin_can_update" file="/app/vendor/gammamatrix/playground-test/src/Feature/Http/Controllers/Resource/Playground/UpdateJsonTrait.php" line="90" class="Tests\Feature\Playground\Lead\Resource\Http\Controllers\Playground\TeammateRouteTest" classname="Tests.Feature.Playground.Lead.Resource.Http.Controllers.Playground.TeammateRouteTest" assertions="127" time="0.436099"/>
        <testcase name="test_guest_cannot_update" file="/app/vendor/gammamatrix/playground-test/src/Feature/Http/Controllers/Resource/Playground/UpdateTrait.php" line="45" class="Tests\Feature\Playground\Lead\Resource\Http\Controllers\Playground\TeammateRouteTest" classname="Tests.Feature.Playground.Lead.Resource.Http.Controllers.Playground.TeammateRouteTest" assertions="1" time="0.366209"/>
        <testcase name="test_update_as_admin_without_payload_and_fail_validation" file="/app/vendor/gammamatrix/playground-test/src/Feature/Http/Controllers/Resource/Playground/UpdateTrait.php" line="65" class="Tests\Feature\Playground\Lead\Resource\Http\Controllers\Playground\TeammateRouteTest" classname="Tests.Feature.Playground.Lead.Resource.Http.Controllers.Playground.TeammateRouteTest" assertions="4" time="0.477346"/>
        <testcase name="test_admin_can_update" file="/app/vendor/gammamatrix/playground-test/src/Feature/Http/Controllers/Resource/Playground/UpdateTrait.php" line="90" class="Tests\Feature\Playground\Lead\Resource\Http\Controllers\Playground\TeammateRouteTest" classname="Tests.Feature.Playground.Lead.Resource.Http.Controllers.Playground.TeammateRouteTest" assertions="6" time="0.429795"/>
        <testcase name="test_admin_can_update_view_with_return_url" file="/app/vendor/gammamatrix/playground-test/src/Feature/Http/Controllers/Resource/Playground/UpdateTrait.php" line="133" class="Tests\Feature\Playground\Lead\Resource\Http\Controllers\Playground\TeammateRouteTest" classname="Tests.Feature.Playground.Lead.Resource.Http.Controllers.Playground.TeammateRouteTest" assertions="6" time="0.506810"/>
      </testsuite>
      <testsuite name="Tests\Feature\Playground\Lead\Resource\Http\Requests\FormRequest\InstanceTest" file="/app/tests/Feature/Http/Requests/FormRequest/InstanceTest.php" tests="1" assertions="1" errors="0" failures="0" skipped="0" time="0.345341">
        <testcase name="test_FormRequest_authorize_with_admin" file="/app/tests/Feature/Http/Requests/FormRequest/InstanceTest.php" line="21" class="Tests\Feature\Playground\Lead\Resource\Http\Requests\FormRequest\InstanceTest" classname="Tests.Feature.Playground.Lead.Resource.Http.Requests.FormRequest.InstanceTest" assertions="1" time="0.345341"/>
      </testsuite>
    </testsuite>
  </testsuite>
</testsuites>
