<?xml version="1.0" encoding="UTF-8"?>
<testsuites>
  <testsuite name="/app/phpunit.xml.dist" tests="399" assertions="11845" errors="0" failures="0" skipped="0" time="136.365902">
    <testsuite name="Unit" tests="13" assertions="18" errors="0" failures="0" skipped="0" time="0.866432">
      <testsuite name="Tests\Unit\Playground\Lead\Resource\Http\Requests\Campaign\CreateRequestTest" file="/app/tests/Unit/Http/Requests/Campaign/CreateRequestTest.php" tests="1" assertions="1" errors="0" failures="0" skipped="0" time="0.332672">
        <testcase name="test_request_instance" file="/app/vendor/gammamatrix/playground-test/src/Unit/Http/Requests/RequestCase.php" line="41" class="Tests\Unit\Playground\Lead\Resource\Http\Requests\Campaign\CreateRequestTest" classname="Tests.Unit.Playground.Lead.Resource.Http.Requests.Campaign.CreateRequestTest" assertions="1" time="0.332672"/>
      </testsuite>
      <testsuite name="Tests\Unit\Playground\Lead\Resource\Http\Requests\Campaign\StoreRequestTest" file="/app/tests/Unit/Http/Requests/Campaign/StoreRequestTest.php" tests="1" assertions="1" errors="0" failures="0" skipped="0" time="0.075411">
        <testcase name="test_request_instance" file="/app/vendor/gammamatrix/playground-test/src/Unit/Http/Requests/RequestCase.php" line="41" class="Tests\Unit\Playground\Lead\Resource\Http\Requests\Campaign\StoreRequestTest" classname="Tests.Unit.Playground.Lead.Resource.Http.Requests.Campaign.StoreRequestTest" assertions="1" time="0.075411"/>
      </testsuite>
      <testsuite name="Tests\Unit\Playground\Lead\Resource\Http\Requests\Campaign\UpdateRequestTest" file="/app/tests/Unit/Http/Requests/Campaign/UpdateRequestTest.php" tests="1" assertions="1" errors="0" failures="0" skipped="0" time="0.040721">
        <testcase name="test_request_instance" file="/app/vendor/gammamatrix/playground-test/src/Unit/Http/Requests/RequestCase.php" line="41" class="Tests\Unit\Playground\Lead\Resource\Http\Requests\Campaign\UpdateRequestTest" classname="Tests.Unit.Playground.Lead.Resource.Http.Requests.Campaign.UpdateRequestTest" assertions="1" time="0.040721"/>
      </testsuite>
      <testsuite name="Tests\Unit\Playground\Lead\Resource\Http\Requests\FormRequest\InstanceTest" file="/app/tests/Unit/Http/Requests/FormRequest/InstanceTest.php" tests="5" assertions="6" errors="0" failures="0" skipped="0" time="0.230888">
        <testcase name="test_FormRequest_authorize_without_user" file="/app/tests/Unit/Http/Requests/FormRequest/InstanceTest.php" line="21" class="Tests\Unit\Playground\Lead\Resource\Http\Requests\FormRequest\InstanceTest" classname="Tests.Unit.Playground.Lead.Resource.Http.Requests.FormRequest.InstanceTest" assertions="1" time="0.037700"/>
        <testcase name="test_RULES_is_empty_by_default" file="/app/tests/Unit/Http/Requests/FormRequest/InstanceTest.php" line="28" class="Tests\Unit\Playground\Lead\Resource\Http\Requests\FormRequest\InstanceTest" classname="Tests.Unit.Playground.Lead.Resource.Http.Requests.FormRequest.InstanceTest" assertions="2" time="0.037640"/>
        <testcase name="test_userHasAdminPrivileges_without_user" file="/app/tests/Unit/Http/Requests/FormRequest/InstanceTest.php" line="36" class="Tests\Unit\Playground\Lead\Resource\Http\Requests\FormRequest\InstanceTest" classname="Tests.Unit.Playground.Lead.Resource.Http.Requests.FormRequest.InstanceTest" assertions="1" time="0.039669"/>
        <testcase name="test_userHasAdminPrivileges_with_admin" file="/app/tests/Unit/Http/Requests/FormRequest/InstanceTest.php" line="43" class="Tests\Unit\Playground\Lead\Resource\Http\Requests\FormRequest\InstanceTest" classname="Tests.Unit.Playground.Lead.Resource.Http.Requests.FormRequest.InstanceTest" assertions="1" time="0.074264"/>
        <testcase name="test_userHasAdminPrivileges_with_default_laravel_user" file="/app/tests/Unit/Http/Requests/FormRequest/InstanceTest.php" line="55" class="Tests\Unit\Playground\Lead\Resource\Http\Requests\FormRequest\InstanceTest" classname="Tests.Unit.Playground.Lead.Resource.Http.Requests.FormRequest.InstanceTest" assertions="1" time="0.041616"/>
      </testsuite>
      <testsuite name="Tests\Unit\Playground\Lead\Resource\Policies\CampaignPolicy\PolicyTest" file="/app/tests/Unit/Policies/CampaignPolicy/PolicyTest.php" tests="1" assertions="1" errors="0" failures="0" skipped="0" time="0.036212">
        <testcase name="test_policy_instance" file="/app/tests/Unit/Policies/CampaignPolicy/PolicyTest.php" line="18" class="Tests\Unit\Playground\Lead\Resource\Policies\CampaignPolicy\PolicyTest" classname="Tests.Unit.Playground.Lead.Resource.Policies.CampaignPolicy.PolicyTest" assertions="1" time="0.036212"/>
      </testsuite>
      <testsuite name="Tests\Unit\Playground\Lead\Resource\ServiceProvider\InstanceTest" file="/app/tests/Unit/ServiceProvider/InstanceTest.php" tests="4" assertions="8" errors="0" failures="0" skipped="0" time="0.150528">
        <testcase name="test_version_matches" file="/app/tests/Unit/ServiceProvider/InstanceTest.php" line="20" class="Tests\Unit\Playground\Lead\Resource\ServiceProvider\InstanceTest" classname="Tests.Unit.Playground.Lead.Resource.ServiceProvider.InstanceTest" assertions="3" time="0.036252"/>
        <testcase name="test_setPolicies_with_empty_array" file="/app/tests/Unit/ServiceProvider/InstanceTest.php" line="29" class="Tests\Unit\Playground\Lead\Resource\ServiceProvider\InstanceTest" classname="Tests.Unit.Playground.Lead.Resource.ServiceProvider.InstanceTest" assertions="1" time="0.036260"/>
        <testcase name="test_setPolicies_with_invalid_model" file="/app/tests/Unit/ServiceProvider/InstanceTest.php" line="43" class="Tests\Unit\Playground\Lead\Resource\ServiceProvider\InstanceTest" classname="Tests.Unit.Playground.Lead.Resource.ServiceProvider.InstanceTest" assertions="2" time="0.038130"/>
        <testcase name="test_setPolicies_with_invalid_policy" file="/app/tests/Unit/ServiceProvider/InstanceTest.php" line="72" class="Tests\Unit\Playground\Lead\Resource\ServiceProvider\InstanceTest" classname="Tests.Unit.Playground.Lead.Resource.ServiceProvider.InstanceTest" assertions="2" time="0.039887"/>
      </testsuite>
    </testsuite>
    <testsuite name="Feature" tests="386" assertions="11827" errors="0" failures="0" skipped="0" time="135.499469">
      <testsuite name="Tests\Feature\Playground\Lead\Resource\Console\Commands\About\CommandTest" file="/app/tests/Feature/Console/Commands/About/CommandTest.php" tests="1" assertions="2" errors="0" failures="0" skipped="0" time="0.230928">
        <testcase name="test_command_about_displays_package_information_and_succeed_with_code_0" file="/app/tests/Feature/Console/Commands/About/CommandTest.php" line="19" class="Tests\Feature\Playground\Lead\Resource\Console\Commands\About\CommandTest" classname="Tests.Feature.Playground.Lead.Resource.Console.Commands.About.CommandTest" assertions="2" time="0.230928"/>
      </testsuite>
      <testsuite name="Tests\Feature\Playground\Lead\Resource\Http\Controllers\Playground\CampaignRouteTest" file="/app/tests/Feature/Http/Controllers/Playground/CampaignRouteTest.php" tests="35" assertions="1075" errors="0" failures="0" skipped="0" time="12.108429">
        <testcase name="test_json_guest_cannot_get_create_info" file="/app/vendor/gammamatrix/playground-test/src/Feature/Http/Controllers/Resource/Playground/CreateJsonTrait.php" line="38" class="Tests\Feature\Playground\Lead\Resource\Http\Controllers\Playground\CampaignRouteTest" classname="Tests.Feature.Playground.Lead.Resource.Http.Controllers.Playground.CampaignRouteTest" assertions="1" time="0.413578"/>
        <testcase name="test_json_admin_can_get_create_info" file="/app/vendor/gammamatrix/playground-test/src/Feature/Http/Controllers/Resource/Playground/CreateJsonTrait.php" line="53" class="Tests\Feature\Playground\Lead\Resource\Http\Controllers\Playground\CampaignRouteTest" classname="Tests.Feature.Playground.Lead.Resource.Http.Controllers.Playground.CampaignRouteTest" assertions="108" time="0.359617"/>
        <testcase name="test_json_get_create_info_as_admin_with_invalid_parameter_and_fail_validation" file="/app/vendor/gammamatrix/playground-test/src/Feature/Http/Controllers/Resource/Playground/CreateJsonTrait.php" line="73" class="Tests\Feature\Playground\Lead\Resource\Http\Controllers\Playground\CampaignRouteTest" classname="Tests.Feature.Playground.Lead.Resource.Http.Controllers.Playground.CampaignRouteTest" assertions="4" time="0.340048"/>
        <testcase name="test_json_guest_cannot_destroy" file="/app/vendor/gammamatrix/playground-test/src/Feature/Http/Controllers/Resource/Playground/DestroyJsonTrait.php" line="31" class="Tests\Feature\Playground\Lead\Resource\Http\Controllers\Playground\CampaignRouteTest" classname="Tests.Feature.Playground.Lead.Resource.Http.Controllers.Playground.CampaignRouteTest" assertions="3" time="0.330376"/>
        <testcase name="test_json_destroy_as_admin_and_succeed" file="/app/vendor/gammamatrix/playground-test/src/Feature/Http/Controllers/Resource/Playground/DestroyJsonTrait.php" line="61" class="Tests\Feature\Playground\Lead\Resource\Http\Controllers\Playground\CampaignRouteTest" classname="Tests.Feature.Playground.Lead.Resource.Http.Controllers.Playground.CampaignRouteTest" assertions="5" time="0.335689"/>
        <testcase name="test_json_destroy_as_admin_and_succeed_with_force_delete" file="/app/vendor/gammamatrix/playground-test/src/Feature/Http/Controllers/Resource/Playground/DestroyJsonTrait.php" line="100" class="Tests\Feature\Playground\Lead\Resource\Http\Controllers\Playground\CampaignRouteTest" classname="Tests.Feature.Playground.Lead.Resource.Http.Controllers.Playground.CampaignRouteTest" assertions="4" time="0.338852"/>
        <testcase name="test_json_destroy_as_admin_and_succeed_with_no_content" file="/app/vendor/gammamatrix/playground-test/src/Feature/Http/Controllers/Resource/Playground/DestroyJsonTrait.php" line="132" class="Tests\Feature\Playground\Lead\Resource\Http\Controllers\Playground\CampaignRouteTest" classname="Tests.Feature.Playground.Lead.Resource.Http.Controllers.Playground.CampaignRouteTest" assertions="5" time="0.330439"/>
        <testcase name="test_json_destroy_as_admin_and_succeed_and_ignore_redirect" file="/app/vendor/gammamatrix/playground-test/src/Feature/Http/Controllers/Resource/Playground/DestroyJsonTrait.php" line="167" class="Tests\Feature\Playground\Lead\Resource\Http\Controllers\Playground\CampaignRouteTest" classname="Tests.Feature.Playground.Lead.Resource.Http.Controllers.Playground.CampaignRouteTest" assertions="5" time="0.346633"/>
        <testcase name="test_json_destroy_as_user_and_get_denied_and_no_force_delete_allowed" file="/app/vendor/gammamatrix/playground-test/src/Feature/Http/Controllers/Resource/Playground/DestroyJsonTrait.php" line="209" class="Tests\Feature\Playground\Lead\Resource\Http\Controllers\Playground\CampaignRouteTest" classname="Tests.Feature.Playground.Lead.Resource.Http.Controllers.Playground.CampaignRouteTest" assertions="3" time="0.334449"/>
        <testcase name="test_json_guest_cannot_get_edit_info" file="/app/vendor/gammamatrix/playground-test/src/Feature/Http/Controllers/Resource/Playground/EditJsonTrait.php" line="38" class="Tests\Feature\Playground\Lead\Resource\Http\Controllers\Playground\CampaignRouteTest" classname="Tests.Feature.Playground.Lead.Resource.Http.Controllers.Playground.CampaignRouteTest" assertions="1" time="0.325028"/>
        <testcase name="test_json_admin_can_get_edit_info" file="/app/vendor/gammamatrix/playground-test/src/Feature/Http/Controllers/Resource/Playground/EditJsonTrait.php" line="58" class="Tests\Feature\Playground\Lead\Resource\Http\Controllers\Playground\CampaignRouteTest" classname="Tests.Feature.Playground.Lead.Resource.Http.Controllers.Playground.CampaignRouteTest" assertions="4" time="0.343253"/>
        <testcase name="test_json_edit_as_admin_and_fail_validation_with_invalid_parameter" file="/app/vendor/gammamatrix/playground-test/src/Feature/Http/Controllers/Resource/Playground/EditJsonTrait.php" line="87" class="Tests\Feature\Playground\Lead\Resource\Http\Controllers\Playground\CampaignRouteTest" classname="Tests.Feature.Playground.Lead.Resource.Http.Controllers.Playground.CampaignRouteTest" assertions="4" time="0.350311"/>
        <testcase name="test_json_guest_cannot_get_index" file="/app/vendor/gammamatrix/playground-test/src/Feature/Http/Controllers/Resource/Playground/IndexJsonTrait.php" line="34" class="Tests\Feature\Playground\Lead\Resource\Http\Controllers\Playground\CampaignRouteTest" classname="Tests.Feature.Playground.Lead.Resource.Http.Controllers.Playground.CampaignRouteTest" assertions="1" time="0.390148"/>
        <testcase name="test_json_admin_can_get_index" file="/app/vendor/gammamatrix/playground-test/src/Feature/Http/Controllers/Resource/Playground/IndexJsonTrait.php" line="49" class="Tests\Feature\Playground\Lead\Resource\Http\Controllers\Playground\CampaignRouteTest" classname="Tests.Feature.Playground.Lead.Resource.Http.Controllers.Playground.CampaignRouteTest" assertions="115" time="0.348297"/>
        <testcase name="test_json_admin_can_get_index_with_filters" file="/app/vendor/gammamatrix/playground-test/src/Feature/Http/Controllers/Resource/Playground/IndexJsonTrait.php" line="85" class="Tests\Feature\Playground\Lead\Resource\Http\Controllers\Playground\CampaignRouteTest" classname="Tests.Feature.Playground.Lead.Resource.Http.Controllers.Playground.CampaignRouteTest" assertions="3" time="0.347648"/>
        <testcase name="test_json_guest_cannot_lock" file="/app/vendor/gammamatrix/playground-test/src/Feature/Http/Controllers/Resource/Playground/LockJsonTrait.php" line="36" class="Tests\Feature\Playground\Lead\Resource\Http\Controllers\Playground\CampaignRouteTest" classname="Tests.Feature.Playground.Lead.Resource.Http.Controllers.Playground.CampaignRouteTest" assertions="3" time="0.323000"/>
        <testcase name="test_json_lock_as_admin_and_succeed" file="/app/vendor/gammamatrix/playground-test/src/Feature/Http/Controllers/Resource/Playground/LockJsonTrait.php" line="66" class="Tests\Feature\Playground\Lead\Resource\Http\Controllers\Playground\CampaignRouteTest" classname="Tests.Feature.Playground.Lead.Resource.Http.Controllers.Playground.CampaignRouteTest" assertions="3" time="0.346594"/>
        <testcase name="test_json_lock_as_admin_and_succeed_with_no_redirect" file="/app/vendor/gammamatrix/playground-test/src/Feature/Http/Controllers/Resource/Playground/LockJsonTrait.php" line="98" class="Tests\Feature\Playground\Lead\Resource\Http\Controllers\Playground\CampaignRouteTest" classname="Tests.Feature.Playground.Lead.Resource.Http.Controllers.Playground.CampaignRouteTest" assertions="110" time="0.347318"/>
        <testcase name="test_json_lock_as_user_and_get_denied" file="/app/vendor/gammamatrix/playground-test/src/Feature/Http/Controllers/Resource/Playground/LockJsonTrait.php" line="143" class="Tests\Feature\Playground\Lead\Resource\Http\Controllers\Playground\CampaignRouteTest" classname="Tests.Feature.Playground.Lead.Resource.Http.Controllers.Playground.CampaignRouteTest" assertions="3" time="0.333025"/>
        <testcase name="test_json_guest_cannot_restore" file="/app/vendor/gammamatrix/playground-test/src/Feature/Http/Controllers/Resource/Playground/RestoreJsonTrait.php" line="32" class="Tests\Feature\Playground\Lead\Resource\Http\Controllers\Playground\CampaignRouteTest" classname="Tests.Feature.Playground.Lead.Resource.Http.Controllers.Playground.CampaignRouteTest" assertions="3" time="0.325131"/>
        <testcase name="test_json_restore_as_admin_and_succeed" file="/app/vendor/gammamatrix/playground-test/src/Feature/Http/Controllers/Resource/Playground/RestoreJsonTrait.php" line="64" class="Tests\Feature\Playground\Lead\Resource\Http\Controllers\Playground\CampaignRouteTest" classname="Tests.Feature.Playground.Lead.Resource.Http.Controllers.Playground.CampaignRouteTest" assertions="110" time="0.356437"/>
        <testcase name="test_json_restore_as_admin_and_succeed_with_no_redirect" file="/app/vendor/gammamatrix/playground-test/src/Feature/Http/Controllers/Resource/Playground/RestoreJsonTrait.php" line="100" class="Tests\Feature\Playground\Lead\Resource\Http\Controllers\Playground\CampaignRouteTest" classname="Tests.Feature.Playground.Lead.Resource.Http.Controllers.Playground.CampaignRouteTest" assertions="110" time="0.343724"/>
        <testcase name="test_json_restore_as_user_and_get_denied" file="/app/vendor/gammamatrix/playground-test/src/Feature/Http/Controllers/Resource/Playground/RestoreJsonTrait.php" line="143" class="Tests\Feature\Playground\Lead\Resource\Http\Controllers\Playground\CampaignRouteTest" classname="Tests.Feature.Playground.Lead.Resource.Http.Controllers.Playground.CampaignRouteTest" assertions="3" time="0.329731"/>
        <testcase name="test_json_guest_cannot_see_info" file="/app/vendor/gammamatrix/playground-test/src/Feature/Http/Controllers/Resource/Playground/ShowJsonTrait.php" line="29" class="Tests\Feature\Playground\Lead\Resource\Http\Controllers\Playground\CampaignRouteTest" classname="Tests.Feature.Playground.Lead.Resource.Http.Controllers.Playground.CampaignRouteTest" assertions="1" time="0.328903"/>
        <testcase name="test_json_show_info_for_admin" file="/app/vendor/gammamatrix/playground-test/src/Feature/Http/Controllers/Resource/Playground/ShowJsonTrait.php" line="49" class="Tests\Feature\Playground\Lead\Resource\Http\Controllers\Playground\CampaignRouteTest" classname="Tests.Feature.Playground.Lead.Resource.Http.Controllers.Playground.CampaignRouteTest" assertions="109" time="0.344988"/>
        <testcase name="test_json_guest_cannot_store" file="/app/vendor/gammamatrix/playground-test/src/Feature/Http/Controllers/Resource/Playground/StoreJsonTrait.php" line="43" class="Tests\Feature\Playground\Lead\Resource\Http\Controllers\Playground\CampaignRouteTest" classname="Tests.Feature.Playground.Lead.Resource.Http.Controllers.Playground.CampaignRouteTest" assertions="3" time="0.321322"/>
        <testcase name="test_json_store_as_admin_without_payload_and_fail_validation" file="/app/vendor/gammamatrix/playground-test/src/Feature/Http/Controllers/Resource/Playground/StoreJsonTrait.php" line="66" class="Tests\Feature\Playground\Lead\Resource\Http\Controllers\Playground\CampaignRouteTest" classname="Tests.Feature.Playground.Lead.Resource.Http.Controllers.Playground.CampaignRouteTest" assertions="5" time="0.339453"/>
        <testcase name="test_json_store_as_admin_and_succeed" file="/app/vendor/gammamatrix/playground-test/src/Feature/Http/Controllers/Resource/Playground/StoreJsonTrait.php" line="92" class="Tests\Feature\Playground\Lead\Resource\Http\Controllers\Playground\CampaignRouteTest" classname="Tests.Feature.Playground.Lead.Resource.Http.Controllers.Playground.CampaignRouteTest" assertions="3" time="0.402949"/>
        <testcase name="test_json_guest_cannot_unlock" file="/app/vendor/gammamatrix/playground-test/src/Feature/Http/Controllers/Resource/Playground/UnlockJsonTrait.php" line="36" class="Tests\Feature\Playground\Lead\Resource\Http\Controllers\Playground\CampaignRouteTest" classname="Tests.Feature.Playground.Lead.Resource.Http.Controllers.Playground.CampaignRouteTest" assertions="3" time="0.327837"/>
        <testcase name="test_json_unlock_as_admin_and_succeed" file="/app/vendor/gammamatrix/playground-test/src/Feature/Http/Controllers/Resource/Playground/UnlockJsonTrait.php" line="68" class="Tests\Feature\Playground\Lead\Resource\Http\Controllers\Playground\CampaignRouteTest" classname="Tests.Feature.Playground.Lead.Resource.Http.Controllers.Playground.CampaignRouteTest" assertions="110" time="0.355696"/>
        <testcase name="test_json_unlock_as_admin_and_succeed_with_no_redirect" file="/app/vendor/gammamatrix/playground-test/src/Feature/Http/Controllers/Resource/Playground/UnlockJsonTrait.php" line="104" class="Tests\Feature\Playground\Lead\Resource\Http\Controllers\Playground\CampaignRouteTest" classname="Tests.Feature.Playground.Lead.Resource.Http.Controllers.Playground.CampaignRouteTest" assertions="110" time="0.345641"/>
        <testcase name="test_json_unlock_as_user_and_get_denied" file="/app/vendor/gammamatrix/playground-test/src/Feature/Http/Controllers/Resource/Playground/UnlockJsonTrait.php" line="145" class="Tests\Feature\Playground\Lead\Resource\Http\Controllers\Playground\CampaignRouteTest" classname="Tests.Feature.Playground.Lead.Resource.Http.Controllers.Playground.CampaignRouteTest" assertions="3" time="0.343796"/>
        <testcase name="test_json_guest_cannot_update" file="/app/vendor/gammamatrix/playground-test/src/Feature/Http/Controllers/Resource/Playground/UpdateJsonTrait.php" line="45" class="Tests\Feature\Playground\Lead\Resource\Http\Controllers\Playground\CampaignRouteTest" classname="Tests.Feature.Playground.Lead.Resource.Http.Controllers.Playground.CampaignRouteTest" assertions="1" time="0.326673"/>
        <testcase name="test_json_update_as_admin_without_payload_and_fail_validation" file="/app/vendor/gammamatrix/playground-test/src/Feature/Http/Controllers/Resource/Playground/UpdateJsonTrait.php" line="65" class="Tests\Feature\Playground\Lead\Resource\Http\Controllers\Playground\CampaignRouteTest" classname="Tests.Feature.Playground.Lead.Resource.Http.Controllers.Playground.CampaignRouteTest" assertions="4" time="0.344340"/>
        <testcase name="test_json_admin_can_update" file="/app/vendor/gammamatrix/playground-test/src/Feature/Http/Controllers/Resource/Playground/UpdateJsonTrait.php" line="90" class="Tests\Feature\Playground\Lead\Resource\Http\Controllers\Playground\CampaignRouteTest" classname="Tests.Feature.Playground.Lead.Resource.Http.Controllers.Playground.CampaignRouteTest" assertions="112" time="0.387505"/>
      </testsuite>
      <testsuite name="Tests\Feature\Playground\Lead\Resource\Http\Controllers\Playground\GoalRouteTest" file="/app/tests/Feature/Http/Controllers/Playground/GoalRouteTest.php" tests="35" assertions="1075" errors="0" failures="0" skipped="0" time="11.955610">
        <testcase name="test_json_guest_cannot_get_create_info" file="/app/vendor/gammamatrix/playground-test/src/Feature/Http/Controllers/Resource/Playground/CreateJsonTrait.php" line="38" class="Tests\Feature\Playground\Lead\Resource\Http\Controllers\Playground\GoalRouteTest" classname="Tests.Feature.Playground.Lead.Resource.Http.Controllers.Playground.GoalRouteTest" assertions="1" time="0.363364"/>
        <testcase name="test_json_admin_can_get_create_info" file="/app/vendor/gammamatrix/playground-test/src/Feature/Http/Controllers/Resource/Playground/CreateJsonTrait.php" line="53" class="Tests\Feature\Playground\Lead\Resource\Http\Controllers\Playground\GoalRouteTest" classname="Tests.Feature.Playground.Lead.Resource.Http.Controllers.Playground.GoalRouteTest" assertions="108" time="0.342501"/>
        <testcase name="test_json_get_create_info_as_admin_with_invalid_parameter_and_fail_validation" file="/app/vendor/gammamatrix/playground-test/src/Feature/Http/Controllers/Resource/Playground/CreateJsonTrait.php" line="73" class="Tests\Feature\Playground\Lead\Resource\Http\Controllers\Playground\GoalRouteTest" classname="Tests.Feature.Playground.Lead.Resource.Http.Controllers.Playground.GoalRouteTest" assertions="4" time="0.331649"/>
        <testcase name="test_json_guest_cannot_destroy" file="/app/vendor/gammamatrix/playground-test/src/Feature/Http/Controllers/Resource/Playground/DestroyJsonTrait.php" line="31" class="Tests\Feature\Playground\Lead\Resource\Http\Controllers\Playground\GoalRouteTest" classname="Tests.Feature.Playground.Lead.Resource.Http.Controllers.Playground.GoalRouteTest" assertions="3" time="0.326757"/>
        <testcase name="test_json_destroy_as_admin_and_succeed" file="/app/vendor/gammamatrix/playground-test/src/Feature/Http/Controllers/Resource/Playground/DestroyJsonTrait.php" line="61" class="Tests\Feature\Playground\Lead\Resource\Http\Controllers\Playground\GoalRouteTest" classname="Tests.Feature.Playground.Lead.Resource.Http.Controllers.Playground.GoalRouteTest" assertions="5" time="0.332879"/>
        <testcase name="test_json_destroy_as_admin_and_succeed_with_force_delete" file="/app/vendor/gammamatrix/playground-test/src/Feature/Http/Controllers/Resource/Playground/DestroyJsonTrait.php" line="100" class="Tests\Feature\Playground\Lead\Resource\Http\Controllers\Playground\GoalRouteTest" classname="Tests.Feature.Playground.Lead.Resource.Http.Controllers.Playground.GoalRouteTest" assertions="4" time="0.338426"/>
        <testcase name="test_json_destroy_as_admin_and_succeed_with_no_content" file="/app/vendor/gammamatrix/playground-test/src/Feature/Http/Controllers/Resource/Playground/DestroyJsonTrait.php" line="132" class="Tests\Feature\Playground\Lead\Resource\Http\Controllers\Playground\GoalRouteTest" classname="Tests.Feature.Playground.Lead.Resource.Http.Controllers.Playground.GoalRouteTest" assertions="5" time="0.334095"/>
        <testcase name="test_json_destroy_as_admin_and_succeed_and_ignore_redirect" file="/app/vendor/gammamatrix/playground-test/src/Feature/Http/Controllers/Resource/Playground/DestroyJsonTrait.php" line="167" class="Tests\Feature\Playground\Lead\Resource\Http\Controllers\Playground\GoalRouteTest" classname="Tests.Feature.Playground.Lead.Resource.Http.Controllers.Playground.GoalRouteTest" assertions="5" time="0.333304"/>
        <testcase name="test_json_destroy_as_user_and_get_denied_and_no_force_delete_allowed" file="/app/vendor/gammamatrix/playground-test/src/Feature/Http/Controllers/Resource/Playground/DestroyJsonTrait.php" line="209" class="Tests\Feature\Playground\Lead\Resource\Http\Controllers\Playground\GoalRouteTest" classname="Tests.Feature.Playground.Lead.Resource.Http.Controllers.Playground.GoalRouteTest" assertions="3" time="0.331006"/>
        <testcase name="test_json_guest_cannot_get_edit_info" file="/app/vendor/gammamatrix/playground-test/src/Feature/Http/Controllers/Resource/Playground/EditJsonTrait.php" line="38" class="Tests\Feature\Playground\Lead\Resource\Http\Controllers\Playground\GoalRouteTest" classname="Tests.Feature.Playground.Lead.Resource.Http.Controllers.Playground.GoalRouteTest" assertions="1" time="0.321594"/>
        <testcase name="test_json_admin_can_get_edit_info" file="/app/vendor/gammamatrix/playground-test/src/Feature/Http/Controllers/Resource/Playground/EditJsonTrait.php" line="58" class="Tests\Feature\Playground\Lead\Resource\Http\Controllers\Playground\GoalRouteTest" classname="Tests.Feature.Playground.Lead.Resource.Http.Controllers.Playground.GoalRouteTest" assertions="4" time="0.347183"/>
        <testcase name="test_json_edit_as_admin_and_fail_validation_with_invalid_parameter" file="/app/vendor/gammamatrix/playground-test/src/Feature/Http/Controllers/Resource/Playground/EditJsonTrait.php" line="87" class="Tests\Feature\Playground\Lead\Resource\Http\Controllers\Playground\GoalRouteTest" classname="Tests.Feature.Playground.Lead.Resource.Http.Controllers.Playground.GoalRouteTest" assertions="4" time="0.347413"/>
        <testcase name="test_json_guest_cannot_get_index" file="/app/vendor/gammamatrix/playground-test/src/Feature/Http/Controllers/Resource/Playground/IndexJsonTrait.php" line="34" class="Tests\Feature\Playground\Lead\Resource\Http\Controllers\Playground\GoalRouteTest" classname="Tests.Feature.Playground.Lead.Resource.Http.Controllers.Playground.GoalRouteTest" assertions="1" time="0.322919"/>
        <testcase name="test_json_admin_can_get_index" file="/app/vendor/gammamatrix/playground-test/src/Feature/Http/Controllers/Resource/Playground/IndexJsonTrait.php" line="49" class="Tests\Feature\Playground\Lead\Resource\Http\Controllers\Playground\GoalRouteTest" classname="Tests.Feature.Playground.Lead.Resource.Http.Controllers.Playground.GoalRouteTest" assertions="115" time="0.351779"/>
        <testcase name="test_json_admin_can_get_index_with_filters" file="/app/vendor/gammamatrix/playground-test/src/Feature/Http/Controllers/Resource/Playground/IndexJsonTrait.php" line="85" class="Tests\Feature\Playground\Lead\Resource\Http\Controllers\Playground\GoalRouteTest" classname="Tests.Feature.Playground.Lead.Resource.Http.Controllers.Playground.GoalRouteTest" assertions="3" time="0.363176"/>
        <testcase name="test_json_guest_cannot_lock" file="/app/vendor/gammamatrix/playground-test/src/Feature/Http/Controllers/Resource/Playground/LockJsonTrait.php" line="36" class="Tests\Feature\Playground\Lead\Resource\Http\Controllers\Playground\GoalRouteTest" classname="Tests.Feature.Playground.Lead.Resource.Http.Controllers.Playground.GoalRouteTest" assertions="3" time="0.328126"/>
        <testcase name="test_json_lock_as_admin_and_succeed" file="/app/vendor/gammamatrix/playground-test/src/Feature/Http/Controllers/Resource/Playground/LockJsonTrait.php" line="66" class="Tests\Feature\Playground\Lead\Resource\Http\Controllers\Playground\GoalRouteTest" classname="Tests.Feature.Playground.Lead.Resource.Http.Controllers.Playground.GoalRouteTest" assertions="3" time="0.343457"/>
        <testcase name="test_json_lock_as_admin_and_succeed_with_no_redirect" file="/app/vendor/gammamatrix/playground-test/src/Feature/Http/Controllers/Resource/Playground/LockJsonTrait.php" line="98" class="Tests\Feature\Playground\Lead\Resource\Http\Controllers\Playground\GoalRouteTest" classname="Tests.Feature.Playground.Lead.Resource.Http.Controllers.Playground.GoalRouteTest" assertions="110" time="0.349222"/>
        <testcase name="test_json_lock_as_user_and_get_denied" file="/app/vendor/gammamatrix/playground-test/src/Feature/Http/Controllers/Resource/Playground/LockJsonTrait.php" line="143" class="Tests\Feature\Playground\Lead\Resource\Http\Controllers\Playground\GoalRouteTest" classname="Tests.Feature.Playground.Lead.Resource.Http.Controllers.Playground.GoalRouteTest" assertions="3" time="0.345253"/>
        <testcase name="test_json_guest_cannot_restore" file="/app/vendor/gammamatrix/playground-test/src/Feature/Http/Controllers/Resource/Playground/RestoreJsonTrait.php" line="32" class="Tests\Feature\Playground\Lead\Resource\Http\Controllers\Playground\GoalRouteTest" classname="Tests.Feature.Playground.Lead.Resource.Http.Controllers.Playground.GoalRouteTest" assertions="3" time="0.327736"/>
        <testcase name="test_json_restore_as_admin_and_succeed" file="/app/vendor/gammamatrix/playground-test/src/Feature/Http/Controllers/Resource/Playground/RestoreJsonTrait.php" line="64" class="Tests\Feature\Playground\Lead\Resource\Http\Controllers\Playground\GoalRouteTest" classname="Tests.Feature.Playground.Lead.Resource.Http.Controllers.Playground.GoalRouteTest" assertions="110" time="0.355896"/>
        <testcase name="test_json_restore_as_admin_and_succeed_with_no_redirect" file="/app/vendor/gammamatrix/playground-test/src/Feature/Http/Controllers/Resource/Playground/RestoreJsonTrait.php" line="100" class="Tests\Feature\Playground\Lead\Resource\Http\Controllers\Playground\GoalRouteTest" classname="Tests.Feature.Playground.Lead.Resource.Http.Controllers.Playground.GoalRouteTest" assertions="110" time="0.344905"/>
        <testcase name="test_json_restore_as_user_and_get_denied" file="/app/vendor/gammamatrix/playground-test/src/Feature/Http/Controllers/Resource/Playground/RestoreJsonTrait.php" line="143" class="Tests\Feature\Playground\Lead\Resource\Http\Controllers\Playground\GoalRouteTest" classname="Tests.Feature.Playground.Lead.Resource.Http.Controllers.Playground.GoalRouteTest" assertions="3" time="0.335197"/>
        <testcase name="test_json_guest_cannot_see_info" file="/app/vendor/gammamatrix/playground-test/src/Feature/Http/Controllers/Resource/Playground/ShowJsonTrait.php" line="29" class="Tests\Feature\Playground\Lead\Resource\Http\Controllers\Playground\GoalRouteTest" classname="Tests.Feature.Playground.Lead.Resource.Http.Controllers.Playground.GoalRouteTest" assertions="1" time="0.330361"/>
        <testcase name="test_json_show_info_for_admin" file="/app/vendor/gammamatrix/playground-test/src/Feature/Http/Controllers/Resource/Playground/ShowJsonTrait.php" line="49" class="Tests\Feature\Playground\Lead\Resource\Http\Controllers\Playground\GoalRouteTest" classname="Tests.Feature.Playground.Lead.Resource.Http.Controllers.Playground.GoalRouteTest" assertions="109" time="0.337579"/>
        <testcase name="test_json_guest_cannot_store" file="/app/vendor/gammamatrix/playground-test/src/Feature/Http/Controllers/Resource/Playground/StoreJsonTrait.php" line="43" class="Tests\Feature\Playground\Lead\Resource\Http\Controllers\Playground\GoalRouteTest" classname="Tests.Feature.Playground.Lead.Resource.Http.Controllers.Playground.GoalRouteTest" assertions="3" time="0.321350"/>
        <testcase name="test_json_store_as_admin_without_payload_and_fail_validation" file="/app/vendor/gammamatrix/playground-test/src/Feature/Http/Controllers/Resource/Playground/StoreJsonTrait.php" line="66" class="Tests\Feature\Playground\Lead\Resource\Http\Controllers\Playground\GoalRouteTest" classname="Tests.Feature.Playground.Lead.Resource.Http.Controllers.Playground.GoalRouteTest" assertions="5" time="0.338792"/>
        <testcase name="test_json_store_as_admin_and_succeed" file="/app/vendor/gammamatrix/playground-test/src/Feature/Http/Controllers/Resource/Playground/StoreJsonTrait.php" line="92" class="Tests\Feature\Playground\Lead\Resource\Http\Controllers\Playground\GoalRouteTest" classname="Tests.Feature.Playground.Lead.Resource.Http.Controllers.Playground.GoalRouteTest" assertions="3" time="0.371161"/>
        <testcase name="test_json_guest_cannot_unlock" file="/app/vendor/gammamatrix/playground-test/src/Feature/Http/Controllers/Resource/Playground/UnlockJsonTrait.php" line="36" class="Tests\Feature\Playground\Lead\Resource\Http\Controllers\Playground\GoalRouteTest" classname="Tests.Feature.Playground.Lead.Resource.Http.Controllers.Playground.GoalRouteTest" assertions="3" time="0.324834"/>
        <testcase name="test_json_unlock_as_admin_and_succeed" file="/app/vendor/gammamatrix/playground-test/src/Feature/Http/Controllers/Resource/Playground/UnlockJsonTrait.php" line="68" class="Tests\Feature\Playground\Lead\Resource\Http\Controllers\Playground\GoalRouteTest" classname="Tests.Feature.Playground.Lead.Resource.Http.Controllers.Playground.GoalRouteTest" assertions="110" time="0.366702"/>
        <testcase name="test_json_unlock_as_admin_and_succeed_with_no_redirect" file="/app/vendor/gammamatrix/playground-test/src/Feature/Http/Controllers/Resource/Playground/UnlockJsonTrait.php" line="104" class="Tests\Feature\Playground\Lead\Resource\Http\Controllers\Playground\GoalRouteTest" classname="Tests.Feature.Playground.Lead.Resource.Http.Controllers.Playground.GoalRouteTest" assertions="110" time="0.345594"/>
        <testcase name="test_json_unlock_as_user_and_get_denied" file="/app/vendor/gammamatrix/playground-test/src/Feature/Http/Controllers/Resource/Playground/UnlockJsonTrait.php" line="145" class="Tests\Feature\Playground\Lead\Resource\Http\Controllers\Playground\GoalRouteTest" classname="Tests.Feature.Playground.Lead.Resource.Http.Controllers.Playground.GoalRouteTest" assertions="3" time="0.331405"/>
        <testcase name="test_json_guest_cannot_update" file="/app/vendor/gammamatrix/playground-test/src/Feature/Http/Controllers/Resource/Playground/UpdateJsonTrait.php" line="45" class="Tests\Feature\Playground\Lead\Resource\Http\Controllers\Playground\GoalRouteTest" classname="Tests.Feature.Playground.Lead.Resource.Http.Controllers.Playground.GoalRouteTest" assertions="1" time="0.335431"/>
        <testcase name="test_json_update_as_admin_without_payload_and_fail_validation" file="/app/vendor/gammamatrix/playground-test/src/Feature/Http/Controllers/Resource/Playground/UpdateJsonTrait.php" line="65" class="Tests\Feature\Playground\Lead\Resource\Http\Controllers\Playground\GoalRouteTest" classname="Tests.Feature.Playground.Lead.Resource.Http.Controllers.Playground.GoalRouteTest" assertions="4" time="0.343588"/>
        <testcase name="test_json_admin_can_update" file="/app/vendor/gammamatrix/playground-test/src/Feature/Http/Controllers/Resource/Playground/UpdateJsonTrait.php" line="90" class="Tests\Feature\Playground\Lead\Resource\Http\Controllers\Playground\GoalRouteTest" classname="Tests.Feature.Playground.Lead.Resource.Http.Controllers.Playground.GoalRouteTest" assertions="112" time="0.390977"/>
      </testsuite>
      <testsuite name="Tests\Feature\Playground\Lead\Resource\Http\Controllers\Playground\LeadRouteTest" file="/app/tests/Feature/Http/Controllers/Playground/LeadRouteTest.php" tests="35" assertions="1075" errors="0" failures="0" skipped="0" time="12.006281">
        <testcase name="test_json_guest_cannot_get_create_info" file="/app/vendor/gammamatrix/playground-test/src/Feature/Http/Controllers/Resource/Playground/CreateJsonTrait.php" line="38" class="Tests\Feature\Playground\Lead\Resource\Http\Controllers\Playground\LeadRouteTest" classname="Tests.Feature.Playground.Lead.Resource.Http.Controllers.Playground.LeadRouteTest" assertions="1" time="0.374613"/>
        <testcase name="test_json_admin_can_get_create_info" file="/app/vendor/gammamatrix/playground-test/src/Feature/Http/Controllers/Resource/Playground/CreateJsonTrait.php" line="53" class="Tests\Feature\Playground\Lead\Resource\Http\Controllers\Playground\LeadRouteTest" classname="Tests.Feature.Playground.Lead.Resource.Http.Controllers.Playground.LeadRouteTest" assertions="108" time="0.339506"/>
        <testcase name="test_json_get_create_info_as_admin_with_invalid_parameter_and_fail_validation" file="/app/vendor/gammamatrix/playground-test/src/Feature/Http/Controllers/Resource/Playground/CreateJsonTrait.php" line="73" class="Tests\Feature\Playground\Lead\Resource\Http\Controllers\Playground\LeadRouteTest" classname="Tests.Feature.Playground.Lead.Resource.Http.Controllers.Playground.LeadRouteTest" assertions="4" time="0.326897"/>
        <testcase name="test_json_guest_cannot_destroy" file="/app/vendor/gammamatrix/playground-test/src/Feature/Http/Controllers/Resource/Playground/DestroyJsonTrait.php" line="31" class="Tests\Feature\Playground\Lead\Resource\Http\Controllers\Playground\LeadRouteTest" classname="Tests.Feature.Playground.Lead.Resource.Http.Controllers.Playground.LeadRouteTest" assertions="3" time="0.337561"/>
        <testcase name="test_json_destroy_as_admin_and_succeed" file="/app/vendor/gammamatrix/playground-test/src/Feature/Http/Controllers/Resource/Playground/DestroyJsonTrait.php" line="61" class="Tests\Feature\Playground\Lead\Resource\Http\Controllers\Playground\LeadRouteTest" classname="Tests.Feature.Playground.Lead.Resource.Http.Controllers.Playground.LeadRouteTest" assertions="5" time="0.331417"/>
        <testcase name="test_json_destroy_as_admin_and_succeed_with_force_delete" file="/app/vendor/gammamatrix/playground-test/src/Feature/Http/Controllers/Resource/Playground/DestroyJsonTrait.php" line="100" class="Tests\Feature\Playground\Lead\Resource\Http\Controllers\Playground\LeadRouteTest" classname="Tests.Feature.Playground.Lead.Resource.Http.Controllers.Playground.LeadRouteTest" assertions="4" time="0.329367"/>
        <testcase name="test_json_destroy_as_admin_and_succeed_with_no_content" file="/app/vendor/gammamatrix/playground-test/src/Feature/Http/Controllers/Resource/Playground/DestroyJsonTrait.php" line="132" class="Tests\Feature\Playground\Lead\Resource\Http\Controllers\Playground\LeadRouteTest" classname="Tests.Feature.Playground.Lead.Resource.Http.Controllers.Playground.LeadRouteTest" assertions="5" time="0.341282"/>
        <testcase name="test_json_destroy_as_admin_and_succeed_and_ignore_redirect" file="/app/vendor/gammamatrix/playground-test/src/Feature/Http/Controllers/Resource/Playground/DestroyJsonTrait.php" line="167" class="Tests\Feature\Playground\Lead\Resource\Http\Controllers\Playground\LeadRouteTest" classname="Tests.Feature.Playground.Lead.Resource.Http.Controllers.Playground.LeadRouteTest" assertions="5" time="0.338083"/>
        <testcase name="test_json_destroy_as_user_and_get_denied_and_no_force_delete_allowed" file="/app/vendor/gammamatrix/playground-test/src/Feature/Http/Controllers/Resource/Playground/DestroyJsonTrait.php" line="209" class="Tests\Feature\Playground\Lead\Resource\Http\Controllers\Playground\LeadRouteTest" classname="Tests.Feature.Playground.Lead.Resource.Http.Controllers.Playground.LeadRouteTest" assertions="3" time="0.334213"/>
        <testcase name="test_json_guest_cannot_get_edit_info" file="/app/vendor/gammamatrix/playground-test/src/Feature/Http/Controllers/Resource/Playground/EditJsonTrait.php" line="38" class="Tests\Feature\Playground\Lead\Resource\Http\Controllers\Playground\LeadRouteTest" classname="Tests.Feature.Playground.Lead.Resource.Http.Controllers.Playground.LeadRouteTest" assertions="1" time="0.332682"/>
        <testcase name="test_json_admin_can_get_edit_info" file="/app/vendor/gammamatrix/playground-test/src/Feature/Http/Controllers/Resource/Playground/EditJsonTrait.php" line="58" class="Tests\Feature\Playground\Lead\Resource\Http\Controllers\Playground\LeadRouteTest" classname="Tests.Feature.Playground.Lead.Resource.Http.Controllers.Playground.LeadRouteTest" assertions="4" time="0.347542"/>
        <testcase name="test_json_edit_as_admin_and_fail_validation_with_invalid_parameter" file="/app/vendor/gammamatrix/playground-test/src/Feature/Http/Controllers/Resource/Playground/EditJsonTrait.php" line="87" class="Tests\Feature\Playground\Lead\Resource\Http\Controllers\Playground\LeadRouteTest" classname="Tests.Feature.Playground.Lead.Resource.Http.Controllers.Playground.LeadRouteTest" assertions="4" time="0.341671"/>
        <testcase name="test_json_guest_cannot_get_index" file="/app/vendor/gammamatrix/playground-test/src/Feature/Http/Controllers/Resource/Playground/IndexJsonTrait.php" line="34" class="Tests\Feature\Playground\Lead\Resource\Http\Controllers\Playground\LeadRouteTest" classname="Tests.Feature.Playground.Lead.Resource.Http.Controllers.Playground.LeadRouteTest" assertions="1" time="0.326789"/>
        <testcase name="test_json_admin_can_get_index" file="/app/vendor/gammamatrix/playground-test/src/Feature/Http/Controllers/Resource/Playground/IndexJsonTrait.php" line="49" class="Tests\Feature\Playground\Lead\Resource\Http\Controllers\Playground\LeadRouteTest" classname="Tests.Feature.Playground.Lead.Resource.Http.Controllers.Playground.LeadRouteTest" assertions="115" time="0.344694"/>
        <testcase name="test_json_admin_can_get_index_with_filters" file="/app/vendor/gammamatrix/playground-test/src/Feature/Http/Controllers/Resource/Playground/IndexJsonTrait.php" line="85" class="Tests\Feature\Playground\Lead\Resource\Http\Controllers\Playground\LeadRouteTest" classname="Tests.Feature.Playground.Lead.Resource.Http.Controllers.Playground.LeadRouteTest" assertions="3" time="0.348179"/>
        <testcase name="test_json_guest_cannot_lock" file="/app/vendor/gammamatrix/playground-test/src/Feature/Http/Controllers/Resource/Playground/LockJsonTrait.php" line="36" class="Tests\Feature\Playground\Lead\Resource\Http\Controllers\Playground\LeadRouteTest" classname="Tests.Feature.Playground.Lead.Resource.Http.Controllers.Playground.LeadRouteTest" assertions="3" time="0.331450"/>
        <testcase name="test_json_lock_as_admin_and_succeed" file="/app/vendor/gammamatrix/playground-test/src/Feature/Http/Controllers/Resource/Playground/LockJsonTrait.php" line="66" class="Tests\Feature\Playground\Lead\Resource\Http\Controllers\Playground\LeadRouteTest" classname="Tests.Feature.Playground.Lead.Resource.Http.Controllers.Playground.LeadRouteTest" assertions="3" time="0.342663"/>
        <testcase name="test_json_lock_as_admin_and_succeed_with_no_redirect" file="/app/vendor/gammamatrix/playground-test/src/Feature/Http/Controllers/Resource/Playground/LockJsonTrait.php" line="98" class="Tests\Feature\Playground\Lead\Resource\Http\Controllers\Playground\LeadRouteTest" classname="Tests.Feature.Playground.Lead.Resource.Http.Controllers.Playground.LeadRouteTest" assertions="110" time="0.350064"/>
        <testcase name="test_json_lock_as_user_and_get_denied" file="/app/vendor/gammamatrix/playground-test/src/Feature/Http/Controllers/Resource/Playground/LockJsonTrait.php" line="143" class="Tests\Feature\Playground\Lead\Resource\Http\Controllers\Playground\LeadRouteTest" classname="Tests.Feature.Playground.Lead.Resource.Http.Controllers.Playground.LeadRouteTest" assertions="3" time="0.350435"/>
        <testcase name="test_json_guest_cannot_restore" file="/app/vendor/gammamatrix/playground-test/src/Feature/Http/Controllers/Resource/Playground/RestoreJsonTrait.php" line="32" class="Tests\Feature\Playground\Lead\Resource\Http\Controllers\Playground\LeadRouteTest" classname="Tests.Feature.Playground.Lead.Resource.Http.Controllers.Playground.LeadRouteTest" assertions="3" time="0.328272"/>
        <testcase name="test_json_restore_as_admin_and_succeed" file="/app/vendor/gammamatrix/playground-test/src/Feature/Http/Controllers/Resource/Playground/RestoreJsonTrait.php" line="64" class="Tests\Feature\Playground\Lead\Resource\Http\Controllers\Playground\LeadRouteTest" classname="Tests.Feature.Playground.Lead.Resource.Http.Controllers.Playground.LeadRouteTest" assertions="110" time="0.344525"/>
        <testcase name="test_json_restore_as_admin_and_succeed_with_no_redirect" file="/app/vendor/gammamatrix/playground-test/src/Feature/Http/Controllers/Resource/Playground/RestoreJsonTrait.php" line="100" class="Tests\Feature\Playground\Lead\Resource\Http\Controllers\Playground\LeadRouteTest" classname="Tests.Feature.Playground.Lead.Resource.Http.Controllers.Playground.LeadRouteTest" assertions="110" time="0.344014"/>
        <testcase name="test_json_restore_as_user_and_get_denied" file="/app/vendor/gammamatrix/playground-test/src/Feature/Http/Controllers/Resource/Playground/RestoreJsonTrait.php" line="143" class="Tests\Feature\Playground\Lead\Resource\Http\Controllers\Playground\LeadRouteTest" classname="Tests.Feature.Playground.Lead.Resource.Http.Controllers.Playground.LeadRouteTest" assertions="3" time="0.339310"/>
        <testcase name="test_json_guest_cannot_see_info" file="/app/vendor/gammamatrix/playground-test/src/Feature/Http/Controllers/Resource/Playground/ShowJsonTrait.php" line="29" class="Tests\Feature\Playground\Lead\Resource\Http\Controllers\Playground\LeadRouteTest" classname="Tests.Feature.Playground.Lead.Resource.Http.Controllers.Playground.LeadRouteTest" assertions="1" time="0.341472"/>
        <testcase name="test_json_show_info_for_admin" file="/app/vendor/gammamatrix/playground-test/src/Feature/Http/Controllers/Resource/Playground/ShowJsonTrait.php" line="49" class="Tests\Feature\Playground\Lead\Resource\Http\Controllers\Playground\LeadRouteTest" classname="Tests.Feature.Playground.Lead.Resource.Http.Controllers.Playground.LeadRouteTest" assertions="109" time="0.341890"/>
        <testcase name="test_json_guest_cannot_store" file="/app/vendor/gammamatrix/playground-test/src/Feature/Http/Controllers/Resource/Playground/StoreJsonTrait.php" line="43" class="Tests\Feature\Playground\Lead\Resource\Http\Controllers\Playground\LeadRouteTest" classname="Tests.Feature.Playground.Lead.Resource.Http.Controllers.Playground.LeadRouteTest" assertions="3" time="0.323435"/>
        <testcase name="test_json_store_as_admin_without_payload_and_fail_validation" file="/app/vendor/gammamatrix/playground-test/src/Feature/Http/Controllers/Resource/Playground/StoreJsonTrait.php" line="66" class="Tests\Feature\Playground\Lead\Resource\Http\Controllers\Playground\LeadRouteTest" classname="Tests.Feature.Playground.Lead.Resource.Http.Controllers.Playground.LeadRouteTest" assertions="5" time="0.345995"/>
        <testcase name="test_json_store_as_admin_and_succeed" file="/app/vendor/gammamatrix/playground-test/src/Feature/Http/Controllers/Resource/Playground/StoreJsonTrait.php" line="92" class="Tests\Feature\Playground\Lead\Resource\Http\Controllers\Playground\LeadRouteTest" classname="Tests.Feature.Playground.Lead.Resource.Http.Controllers.Playground.LeadRouteTest" assertions="3" time="0.368041"/>
        <testcase name="test_json_guest_cannot_unlock" file="/app/vendor/gammamatrix/playground-test/src/Feature/Http/Controllers/Resource/Playground/UnlockJsonTrait.php" line="36" class="Tests\Feature\Playground\Lead\Resource\Http\Controllers\Playground\LeadRouteTest" classname="Tests.Feature.Playground.Lead.Resource.Http.Controllers.Playground.LeadRouteTest" assertions="3" time="0.330437"/>
        <testcase name="test_json_unlock_as_admin_and_succeed" file="/app/vendor/gammamatrix/playground-test/src/Feature/Http/Controllers/Resource/Playground/UnlockJsonTrait.php" line="68" class="Tests\Feature\Playground\Lead\Resource\Http\Controllers\Playground\LeadRouteTest" classname="Tests.Feature.Playground.Lead.Resource.Http.Controllers.Playground.LeadRouteTest" assertions="110" time="0.371260"/>
        <testcase name="test_json_unlock_as_admin_and_succeed_with_no_redirect" file="/app/vendor/gammamatrix/playground-test/src/Feature/Http/Controllers/Resource/Playground/UnlockJsonTrait.php" line="104" class="Tests\Feature\Playground\Lead\Resource\Http\Controllers\Playground\LeadRouteTest" classname="Tests.Feature.Playground.Lead.Resource.Http.Controllers.Playground.LeadRouteTest" assertions="110" time="0.348041"/>
        <testcase name="test_json_unlock_as_user_and_get_denied" file="/app/vendor/gammamatrix/playground-test/src/Feature/Http/Controllers/Resource/Playground/UnlockJsonTrait.php" line="145" class="Tests\Feature\Playground\Lead\Resource\Http\Controllers\Playground\LeadRouteTest" classname="Tests.Feature.Playground.Lead.Resource.Http.Controllers.Playground.LeadRouteTest" assertions="3" time="0.336355"/>
        <testcase name="test_json_guest_cannot_update" file="/app/vendor/gammamatrix/playground-test/src/Feature/Http/Controllers/Resource/Playground/UpdateJsonTrait.php" line="45" class="Tests\Feature\Playground\Lead\Resource\Http\Controllers\Playground\LeadRouteTest" classname="Tests.Feature.Playground.Lead.Resource.Http.Controllers.Playground.LeadRouteTest" assertions="1" time="0.337075"/>
        <testcase name="test_json_update_as_admin_without_payload_and_fail_validation" file="/app/vendor/gammamatrix/playground-test/src/Feature/Http/Controllers/Resource/Playground/UpdateJsonTrait.php" line="65" class="Tests\Feature\Playground\Lead\Resource\Http\Controllers\Playground\LeadRouteTest" classname="Tests.Feature.Playground.Lead.Resource.Http.Controllers.Playground.LeadRouteTest" assertions="4" time="0.347951"/>
        <testcase name="test_json_admin_can_update" file="/app/vendor/gammamatrix/playground-test/src/Feature/Http/Controllers/Resource/Playground/UpdateJsonTrait.php" line="90" class="Tests\Feature\Playground\Lead\Resource\Http\Controllers\Playground\LeadRouteTest" classname="Tests.Feature.Playground.Lead.Resource.Http.Controllers.Playground.LeadRouteTest" assertions="112" time="0.389100"/>
      </testsuite>
      <testsuite name="Tests\Feature\Playground\Lead\Resource\Http\Controllers\Playground\OpportunityRouteTest" file="/app/tests/Feature/Http/Controllers/Playground/OpportunityRouteTest.php" tests="35" assertions="1075" errors="0" failures="0" skipped="0" time="12.055159">
        <testcase name="test_json_guest_cannot_get_create_info" file="/app/vendor/gammamatrix/playground-test/src/Feature/Http/Controllers/Resource/Playground/CreateJsonTrait.php" line="38" class="Tests\Feature\Playground\Lead\Resource\Http\Controllers\Playground\OpportunityRouteTest" classname="Tests.Feature.Playground.Lead.Resource.Http.Controllers.Playground.OpportunityRouteTest" assertions="1" time="0.378734"/>
        <testcase name="test_json_admin_can_get_create_info" file="/app/vendor/gammamatrix/playground-test/src/Feature/Http/Controllers/Resource/Playground/CreateJsonTrait.php" line="53" class="Tests\Feature\Playground\Lead\Resource\Http\Controllers\Playground\OpportunityRouteTest" classname="Tests.Feature.Playground.Lead.Resource.Http.Controllers.Playground.OpportunityRouteTest" assertions="108" time="0.341958"/>
        <testcase name="test_json_get_create_info_as_admin_with_invalid_parameter_and_fail_validation" file="/app/vendor/gammamatrix/playground-test/src/Feature/Http/Controllers/Resource/Playground/CreateJsonTrait.php" line="73" class="Tests\Feature\Playground\Lead\Resource\Http\Controllers\Playground\OpportunityRouteTest" classname="Tests.Feature.Playground.Lead.Resource.Http.Controllers.Playground.OpportunityRouteTest" assertions="4" time="0.327583"/>
        <testcase name="test_json_guest_cannot_destroy" file="/app/vendor/gammamatrix/playground-test/src/Feature/Http/Controllers/Resource/Playground/DestroyJsonTrait.php" line="31" class="Tests\Feature\Playground\Lead\Resource\Http\Controllers\Playground\OpportunityRouteTest" classname="Tests.Feature.Playground.Lead.Resource.Http.Controllers.Playground.OpportunityRouteTest" assertions="3" time="0.331237"/>
        <testcase name="test_json_destroy_as_admin_and_succeed" file="/app/vendor/gammamatrix/playground-test/src/Feature/Http/Controllers/Resource/Playground/DestroyJsonTrait.php" line="61" class="Tests\Feature\Playground\Lead\Resource\Http\Controllers\Playground\OpportunityRouteTest" classname="Tests.Feature.Playground.Lead.Resource.Http.Controllers.Playground.OpportunityRouteTest" assertions="5" time="0.330884"/>
        <testcase name="test_json_destroy_as_admin_and_succeed_with_force_delete" file="/app/vendor/gammamatrix/playground-test/src/Feature/Http/Controllers/Resource/Playground/DestroyJsonTrait.php" line="100" class="Tests\Feature\Playground\Lead\Resource\Http\Controllers\Playground\OpportunityRouteTest" classname="Tests.Feature.Playground.Lead.Resource.Http.Controllers.Playground.OpportunityRouteTest" assertions="4" time="0.332695"/>
        <testcase name="test_json_destroy_as_admin_and_succeed_with_no_content" file="/app/vendor/gammamatrix/playground-test/src/Feature/Http/Controllers/Resource/Playground/DestroyJsonTrait.php" line="132" class="Tests\Feature\Playground\Lead\Resource\Http\Controllers\Playground\OpportunityRouteTest" classname="Tests.Feature.Playground.Lead.Resource.Http.Controllers.Playground.OpportunityRouteTest" assertions="5" time="0.340689"/>
        <testcase name="test_json_destroy_as_admin_and_succeed_and_ignore_redirect" file="/app/vendor/gammamatrix/playground-test/src/Feature/Http/Controllers/Resource/Playground/DestroyJsonTrait.php" line="167" class="Tests\Feature\Playground\Lead\Resource\Http\Controllers\Playground\OpportunityRouteTest" classname="Tests.Feature.Playground.Lead.Resource.Http.Controllers.Playground.OpportunityRouteTest" assertions="5" time="0.336795"/>
        <testcase name="test_json_destroy_as_user_and_get_denied_and_no_force_delete_allowed" file="/app/vendor/gammamatrix/playground-test/src/Feature/Http/Controllers/Resource/Playground/DestroyJsonTrait.php" line="209" class="Tests\Feature\Playground\Lead\Resource\Http\Controllers\Playground\OpportunityRouteTest" classname="Tests.Feature.Playground.Lead.Resource.Http.Controllers.Playground.OpportunityRouteTest" assertions="3" time="0.332972"/>
        <testcase name="test_json_guest_cannot_get_edit_info" file="/app/vendor/gammamatrix/playground-test/src/Feature/Http/Controllers/Resource/Playground/EditJsonTrait.php" line="38" class="Tests\Feature\Playground\Lead\Resource\Http\Controllers\Playground\OpportunityRouteTest" classname="Tests.Feature.Playground.Lead.Resource.Http.Controllers.Playground.OpportunityRouteTest" assertions="1" time="0.336742"/>
        <testcase name="test_json_admin_can_get_edit_info" file="/app/vendor/gammamatrix/playground-test/src/Feature/Http/Controllers/Resource/Playground/EditJsonTrait.php" line="58" class="Tests\Feature\Playground\Lead\Resource\Http\Controllers\Playground\OpportunityRouteTest" classname="Tests.Feature.Playground.Lead.Resource.Http.Controllers.Playground.OpportunityRouteTest" assertions="4" time="0.342409"/>
        <testcase name="test_json_edit_as_admin_and_fail_validation_with_invalid_parameter" file="/app/vendor/gammamatrix/playground-test/src/Feature/Http/Controllers/Resource/Playground/EditJsonTrait.php" line="87" class="Tests\Feature\Playground\Lead\Resource\Http\Controllers\Playground\OpportunityRouteTest" classname="Tests.Feature.Playground.Lead.Resource.Http.Controllers.Playground.OpportunityRouteTest" assertions="4" time="0.342730"/>
        <testcase name="test_json_guest_cannot_get_index" file="/app/vendor/gammamatrix/playground-test/src/Feature/Http/Controllers/Resource/Playground/IndexJsonTrait.php" line="34" class="Tests\Feature\Playground\Lead\Resource\Http\Controllers\Playground\OpportunityRouteTest" classname="Tests.Feature.Playground.Lead.Resource.Http.Controllers.Playground.OpportunityRouteTest" assertions="1" time="0.340865"/>
        <testcase name="test_json_admin_can_get_index" file="/app/vendor/gammamatrix/playground-test/src/Feature/Http/Controllers/Resource/Playground/IndexJsonTrait.php" line="49" class="Tests\Feature\Playground\Lead\Resource\Http\Controllers\Playground\OpportunityRouteTest" classname="Tests.Feature.Playground.Lead.Resource.Http.Controllers.Playground.OpportunityRouteTest" assertions="115" time="0.348914"/>
        <testcase name="test_json_admin_can_get_index_with_filters" file="/app/vendor/gammamatrix/playground-test/src/Feature/Http/Controllers/Resource/Playground/IndexJsonTrait.php" line="85" class="Tests\Feature\Playground\Lead\Resource\Http\Controllers\Playground\OpportunityRouteTest" classname="Tests.Feature.Playground.Lead.Resource.Http.Controllers.Playground.OpportunityRouteTest" assertions="3" time="0.346884"/>
        <testcase name="test_json_guest_cannot_lock" file="/app/vendor/gammamatrix/playground-test/src/Feature/Http/Controllers/Resource/Playground/LockJsonTrait.php" line="36" class="Tests\Feature\Playground\Lead\Resource\Http\Controllers\Playground\OpportunityRouteTest" classname="Tests.Feature.Playground.Lead.Resource.Http.Controllers.Playground.OpportunityRouteTest" assertions="3" time="0.338025"/>
        <testcase name="test_json_lock_as_admin_and_succeed" file="/app/vendor/gammamatrix/playground-test/src/Feature/Http/Controllers/Resource/Playground/LockJsonTrait.php" line="66" class="Tests\Feature\Playground\Lead\Resource\Http\Controllers\Playground\OpportunityRouteTest" classname="Tests.Feature.Playground.Lead.Resource.Http.Controllers.Playground.OpportunityRouteTest" assertions="3" time="0.341791"/>
        <testcase name="test_json_lock_as_admin_and_succeed_with_no_redirect" file="/app/vendor/gammamatrix/playground-test/src/Feature/Http/Controllers/Resource/Playground/LockJsonTrait.php" line="98" class="Tests\Feature\Playground\Lead\Resource\Http\Controllers\Playground\OpportunityRouteTest" classname="Tests.Feature.Playground.Lead.Resource.Http.Controllers.Playground.OpportunityRouteTest" assertions="110" time="0.342205"/>
        <testcase name="test_json_lock_as_user_and_get_denied" file="/app/vendor/gammamatrix/playground-test/src/Feature/Http/Controllers/Resource/Playground/LockJsonTrait.php" line="143" class="Tests\Feature\Playground\Lead\Resource\Http\Controllers\Playground\OpportunityRouteTest" classname="Tests.Feature.Playground.Lead.Resource.Http.Controllers.Playground.OpportunityRouteTest" assertions="3" time="0.341492"/>
        <testcase name="test_json_guest_cannot_restore" file="/app/vendor/gammamatrix/playground-test/src/Feature/Http/Controllers/Resource/Playground/RestoreJsonTrait.php" line="32" class="Tests\Feature\Playground\Lead\Resource\Http\Controllers\Playground\OpportunityRouteTest" classname="Tests.Feature.Playground.Lead.Resource.Http.Controllers.Playground.OpportunityRouteTest" assertions="3" time="0.331014"/>
        <testcase name="test_json_restore_as_admin_and_succeed" file="/app/vendor/gammamatrix/playground-test/src/Feature/Http/Controllers/Resource/Playground/RestoreJsonTrait.php" line="64" class="Tests\Feature\Playground\Lead\Resource\Http\Controllers\Playground\OpportunityRouteTest" classname="Tests.Feature.Playground.Lead.Resource.Http.Controllers.Playground.OpportunityRouteTest" assertions="110" time="0.344430"/>
        <testcase name="test_json_restore_as_admin_and_succeed_with_no_redirect" file="/app/vendor/gammamatrix/playground-test/src/Feature/Http/Controllers/Resource/Playground/RestoreJsonTrait.php" line="100" class="Tests\Feature\Playground\Lead\Resource\Http\Controllers\Playground\OpportunityRouteTest" classname="Tests.Feature.Playground.Lead.Resource.Http.Controllers.Playground.OpportunityRouteTest" assertions="110" time="0.353528"/>
        <testcase name="test_json_restore_as_user_and_get_denied" file="/app/vendor/gammamatrix/playground-test/src/Feature/Http/Controllers/Resource/Playground/RestoreJsonTrait.php" line="143" class="Tests\Feature\Playground\Lead\Resource\Http\Controllers\Playground\OpportunityRouteTest" classname="Tests.Feature.Playground.Lead.Resource.Http.Controllers.Playground.OpportunityRouteTest" assertions="3" time="0.339572"/>
        <testcase name="test_json_guest_cannot_see_info" file="/app/vendor/gammamatrix/playground-test/src/Feature/Http/Controllers/Resource/Playground/ShowJsonTrait.php" line="29" class="Tests\Feature\Playground\Lead\Resource\Http\Controllers\Playground\OpportunityRouteTest" classname="Tests.Feature.Playground.Lead.Resource.Http.Controllers.Playground.OpportunityRouteTest" assertions="1" time="0.328596"/>
        <testcase name="test_json_show_info_for_admin" file="/app/vendor/gammamatrix/playground-test/src/Feature/Http/Controllers/Resource/Playground/ShowJsonTrait.php" line="49" class="Tests\Feature\Playground\Lead\Resource\Http\Controllers\Playground\OpportunityRouteTest" classname="Tests.Feature.Playground.Lead.Resource.Http.Controllers.Playground.OpportunityRouteTest" assertions="109" time="0.352324"/>
        <testcase name="test_json_guest_cannot_store" file="/app/vendor/gammamatrix/playground-test/src/Feature/Http/Controllers/Resource/Playground/StoreJsonTrait.php" line="43" class="Tests\Feature\Playground\Lead\Resource\Http\Controllers\Playground\OpportunityRouteTest" classname="Tests.Feature.Playground.Lead.Resource.Http.Controllers.Playground.OpportunityRouteTest" assertions="3" time="0.322649"/>
        <testcase name="test_json_store_as_admin_without_payload_and_fail_validation" file="/app/vendor/gammamatrix/playground-test/src/Feature/Http/Controllers/Resource/Playground/StoreJsonTrait.php" line="66" class="Tests\Feature\Playground\Lead\Resource\Http\Controllers\Playground\OpportunityRouteTest" classname="Tests.Feature.Playground.Lead.Resource.Http.Controllers.Playground.OpportunityRouteTest" assertions="5" time="0.344652"/>
        <testcase name="test_json_store_as_admin_and_succeed" file="/app/vendor/gammamatrix/playground-test/src/Feature/Http/Controllers/Resource/Playground/StoreJsonTrait.php" line="92" class="Tests\Feature\Playground\Lead\Resource\Http\Controllers\Playground\OpportunityRouteTest" classname="Tests.Feature.Playground.Lead.Resource.Http.Controllers.Playground.OpportunityRouteTest" assertions="3" time="0.387554"/>
        <testcase name="test_json_guest_cannot_unlock" file="/app/vendor/gammamatrix/playground-test/src/Feature/Http/Controllers/Resource/Playground/UnlockJsonTrait.php" line="36" class="Tests\Feature\Playground\Lead\Resource\Http\Controllers\Playground\OpportunityRouteTest" classname="Tests.Feature.Playground.Lead.Resource.Http.Controllers.Playground.OpportunityRouteTest" assertions="3" time="0.328694"/>
        <testcase name="test_json_unlock_as_admin_and_succeed" file="/app/vendor/gammamatrix/playground-test/src/Feature/Http/Controllers/Resource/Playground/UnlockJsonTrait.php" line="68" class="Tests\Feature\Playground\Lead\Resource\Http\Controllers\Playground\OpportunityRouteTest" classname="Tests.Feature.Playground.Lead.Resource.Http.Controllers.Playground.OpportunityRouteTest" assertions="110" time="0.355283"/>
        <testcase name="test_json_unlock_as_admin_and_succeed_with_no_redirect" file="/app/vendor/gammamatrix/playground-test/src/Feature/Http/Controllers/Resource/Playground/UnlockJsonTrait.php" line="104" class="Tests\Feature\Playground\Lead\Resource\Http\Controllers\Playground\OpportunityRouteTest" classname="Tests.Feature.Playground.Lead.Resource.Http.Controllers.Playground.OpportunityRouteTest" assertions="110" time="0.368772"/>
        <testcase name="test_json_unlock_as_user_and_get_denied" file="/app/vendor/gammamatrix/playground-test/src/Feature/Http/Controllers/Resource/Playground/UnlockJsonTrait.php" line="145" class="Tests\Feature\Playground\Lead\Resource\Http\Controllers\Playground\OpportunityRouteTest" classname="Tests.Feature.Playground.Lead.Resource.Http.Controllers.Playground.OpportunityRouteTest" assertions="3" time="0.337222"/>
        <testcase name="test_json_guest_cannot_update" file="/app/vendor/gammamatrix/playground-test/src/Feature/Http/Controllers/Resource/Playground/UpdateJsonTrait.php" line="45" class="Tests\Feature\Playground\Lead\Resource\Http\Controllers\Playground\OpportunityRouteTest" classname="Tests.Feature.Playground.Lead.Resource.Http.Controllers.Playground.OpportunityRouteTest" assertions="1" time="0.333125"/>
        <testcase name="test_json_update_as_admin_without_payload_and_fail_validation" file="/app/vendor/gammamatrix/playground-test/src/Feature/Http/Controllers/Resource/Playground/UpdateJsonTrait.php" line="65" class="Tests\Feature\Playground\Lead\Resource\Http\Controllers\Playground\OpportunityRouteTest" classname="Tests.Feature.Playground.Lead.Resource.Http.Controllers.Playground.OpportunityRouteTest" assertions="4" time="0.363491"/>
        <testcase name="test_json_admin_can_update" file="/app/vendor/gammamatrix/playground-test/src/Feature/Http/Controllers/Resource/Playground/UpdateJsonTrait.php" line="90" class="Tests\Feature\Playground\Lead\Resource\Http\Controllers\Playground\OpportunityRouteTest" classname="Tests.Feature.Playground.Lead.Resource.Http.Controllers.Playground.OpportunityRouteTest" assertions="112" time="0.388647"/>
      </testsuite>
      <testsuite name="Tests\Feature\Playground\Lead\Resource\Http\Controllers\Playground\PlanRouteTest" file="/app/tests/Feature/Http/Controllers/Playground/PlanRouteTest.php" tests="35" assertions="1075" errors="0" failures="0" skipped="0" time="12.160836">
        <testcase name="test_json_guest_cannot_get_create_info" file="/app/vendor/gammamatrix/playground-test/src/Feature/Http/Controllers/Resource/Playground/CreateJsonTrait.php" line="38" class="Tests\Feature\Playground\Lead\Resource\Http\Controllers\Playground\PlanRouteTest" classname="Tests.Feature.Playground.Lead.Resource.Http.Controllers.Playground.PlanRouteTest" assertions="1" time="0.377719"/>
        <testcase name="test_json_admin_can_get_create_info" file="/app/vendor/gammamatrix/playground-test/src/Feature/Http/Controllers/Resource/Playground/CreateJsonTrait.php" line="53" class="Tests\Feature\Playground\Lead\Resource\Http\Controllers\Playground\PlanRouteTest" classname="Tests.Feature.Playground.Lead.Resource.Http.Controllers.Playground.PlanRouteTest" assertions="108" time="0.337367"/>
        <testcase name="test_json_get_create_info_as_admin_with_invalid_parameter_and_fail_validation" file="/app/vendor/gammamatrix/playground-test/src/Feature/Http/Controllers/Resource/Playground/CreateJsonTrait.php" line="73" class="Tests\Feature\Playground\Lead\Resource\Http\Controllers\Playground\PlanRouteTest" classname="Tests.Feature.Playground.Lead.Resource.Http.Controllers.Playground.PlanRouteTest" assertions="4" time="0.325334"/>
        <testcase name="test_json_guest_cannot_destroy" file="/app/vendor/gammamatrix/playground-test/src/Feature/Http/Controllers/Resource/Playground/DestroyJsonTrait.php" line="31" class="Tests\Feature\Playground\Lead\Resource\Http\Controllers\Playground\PlanRouteTest" classname="Tests.Feature.Playground.Lead.Resource.Http.Controllers.Playground.PlanRouteTest" assertions="3" time="0.335914"/>
        <testcase name="test_json_destroy_as_admin_and_succeed" file="/app/vendor/gammamatrix/playground-test/src/Feature/Http/Controllers/Resource/Playground/DestroyJsonTrait.php" line="61" class="Tests\Feature\Playground\Lead\Resource\Http\Controllers\Playground\PlanRouteTest" classname="Tests.Feature.Playground.Lead.Resource.Http.Controllers.Playground.PlanRouteTest" assertions="5" time="0.332518"/>
        <testcase name="test_json_destroy_as_admin_and_succeed_with_force_delete" file="/app/vendor/gammamatrix/playground-test/src/Feature/Http/Controllers/Resource/Playground/DestroyJsonTrait.php" line="100" class="Tests\Feature\Playground\Lead\Resource\Http\Controllers\Playground\PlanRouteTest" classname="Tests.Feature.Playground.Lead.Resource.Http.Controllers.Playground.PlanRouteTest" assertions="4" time="0.331988"/>
        <testcase name="test_json_destroy_as_admin_and_succeed_with_no_content" file="/app/vendor/gammamatrix/playground-test/src/Feature/Http/Controllers/Resource/Playground/DestroyJsonTrait.php" line="132" class="Tests\Feature\Playground\Lead\Resource\Http\Controllers\Playground\PlanRouteTest" classname="Tests.Feature.Playground.Lead.Resource.Http.Controllers.Playground.PlanRouteTest" assertions="5" time="0.354458"/>
        <testcase name="test_json_destroy_as_admin_and_succeed_and_ignore_redirect" file="/app/vendor/gammamatrix/playground-test/src/Feature/Http/Controllers/Resource/Playground/DestroyJsonTrait.php" line="167" class="Tests\Feature\Playground\Lead\Resource\Http\Controllers\Playground\PlanRouteTest" classname="Tests.Feature.Playground.Lead.Resource.Http.Controllers.Playground.PlanRouteTest" assertions="5" time="0.343060"/>
        <testcase name="test_json_destroy_as_user_and_get_denied_and_no_force_delete_allowed" file="/app/vendor/gammamatrix/playground-test/src/Feature/Http/Controllers/Resource/Playground/DestroyJsonTrait.php" line="209" class="Tests\Feature\Playground\Lead\Resource\Http\Controllers\Playground\PlanRouteTest" classname="Tests.Feature.Playground.Lead.Resource.Http.Controllers.Playground.PlanRouteTest" assertions="3" time="0.332267"/>
        <testcase name="test_json_guest_cannot_get_edit_info" file="/app/vendor/gammamatrix/playground-test/src/Feature/Http/Controllers/Resource/Playground/EditJsonTrait.php" line="38" class="Tests\Feature\Playground\Lead\Resource\Http\Controllers\Playground\PlanRouteTest" classname="Tests.Feature.Playground.Lead.Resource.Http.Controllers.Playground.PlanRouteTest" assertions="1" time="0.340626"/>
        <testcase name="test_json_admin_can_get_edit_info" file="/app/vendor/gammamatrix/playground-test/src/Feature/Http/Controllers/Resource/Playground/EditJsonTrait.php" line="58" class="Tests\Feature\Playground\Lead\Resource\Http\Controllers\Playground\PlanRouteTest" classname="Tests.Feature.Playground.Lead.Resource.Http.Controllers.Playground.PlanRouteTest" assertions="4" time="0.341731"/>
        <testcase name="test_json_edit_as_admin_and_fail_validation_with_invalid_parameter" file="/app/vendor/gammamatrix/playground-test/src/Feature/Http/Controllers/Resource/Playground/EditJsonTrait.php" line="87" class="Tests\Feature\Playground\Lead\Resource\Http\Controllers\Playground\PlanRouteTest" classname="Tests.Feature.Playground.Lead.Resource.Http.Controllers.Playground.PlanRouteTest" assertions="4" time="0.345508"/>
        <testcase name="test_json_guest_cannot_get_index" file="/app/vendor/gammamatrix/playground-test/src/Feature/Http/Controllers/Resource/Playground/IndexJsonTrait.php" line="34" class="Tests\Feature\Playground\Lead\Resource\Http\Controllers\Playground\PlanRouteTest" classname="Tests.Feature.Playground.Lead.Resource.Http.Controllers.Playground.PlanRouteTest" assertions="1" time="0.347348"/>
        <testcase name="test_json_admin_can_get_index" file="/app/vendor/gammamatrix/playground-test/src/Feature/Http/Controllers/Resource/Playground/IndexJsonTrait.php" line="49" class="Tests\Feature\Playground\Lead\Resource\Http\Controllers\Playground\PlanRouteTest" classname="Tests.Feature.Playground.Lead.Resource.Http.Controllers.Playground.PlanRouteTest" assertions="115" time="0.352582"/>
        <testcase name="test_json_admin_can_get_index_with_filters" file="/app/vendor/gammamatrix/playground-test/src/Feature/Http/Controllers/Resource/Playground/IndexJsonTrait.php" line="85" class="Tests\Feature\Playground\Lead\Resource\Http\Controllers\Playground\PlanRouteTest" classname="Tests.Feature.Playground.Lead.Resource.Http.Controllers.Playground.PlanRouteTest" assertions="3" time="0.347538"/>
        <testcase name="test_json_guest_cannot_lock" file="/app/vendor/gammamatrix/playground-test/src/Feature/Http/Controllers/Resource/Playground/LockJsonTrait.php" line="36" class="Tests\Feature\Playground\Lead\Resource\Http\Controllers\Playground\PlanRouteTest" classname="Tests.Feature.Playground.Lead.Resource.Http.Controllers.Playground.PlanRouteTest" assertions="3" time="0.345887"/>
        <testcase name="test_json_lock_as_admin_and_succeed" file="/app/vendor/gammamatrix/playground-test/src/Feature/Http/Controllers/Resource/Playground/LockJsonTrait.php" line="66" class="Tests\Feature\Playground\Lead\Resource\Http\Controllers\Playground\PlanRouteTest" classname="Tests.Feature.Playground.Lead.Resource.Http.Controllers.Playground.PlanRouteTest" assertions="3" time="0.343952"/>
        <testcase name="test_json_lock_as_admin_and_succeed_with_no_redirect" file="/app/vendor/gammamatrix/playground-test/src/Feature/Http/Controllers/Resource/Playground/LockJsonTrait.php" line="98" class="Tests\Feature\Playground\Lead\Resource\Http\Controllers\Playground\PlanRouteTest" classname="Tests.Feature.Playground.Lead.Resource.Http.Controllers.Playground.PlanRouteTest" assertions="110" time="0.343528"/>
        <testcase name="test_json_lock_as_user_and_get_denied" file="/app/vendor/gammamatrix/playground-test/src/Feature/Http/Controllers/Resource/Playground/LockJsonTrait.php" line="143" class="Tests\Feature\Playground\Lead\Resource\Http\Controllers\Playground\PlanRouteTest" classname="Tests.Feature.Playground.Lead.Resource.Http.Controllers.Playground.PlanRouteTest" assertions="3" time="0.349468"/>
        <testcase name="test_json_guest_cannot_restore" file="/app/vendor/gammamatrix/playground-test/src/Feature/Http/Controllers/Resource/Playground/RestoreJsonTrait.php" line="32" class="Tests\Feature\Playground\Lead\Resource\Http\Controllers\Playground\PlanRouteTest" classname="Tests.Feature.Playground.Lead.Resource.Http.Controllers.Playground.PlanRouteTest" assertions="3" time="0.328988"/>
        <testcase name="test_json_restore_as_admin_and_succeed" file="/app/vendor/gammamatrix/playground-test/src/Feature/Http/Controllers/Resource/Playground/RestoreJsonTrait.php" line="64" class="Tests\Feature\Playground\Lead\Resource\Http\Controllers\Playground\PlanRouteTest" classname="Tests.Feature.Playground.Lead.Resource.Http.Controllers.Playground.PlanRouteTest" assertions="110" time="0.354085"/>
        <testcase name="test_json_restore_as_admin_and_succeed_with_no_redirect" file="/app/vendor/gammamatrix/playground-test/src/Feature/Http/Controllers/Resource/Playground/RestoreJsonTrait.php" line="100" class="Tests\Feature\Playground\Lead\Resource\Http\Controllers\Playground\PlanRouteTest" classname="Tests.Feature.Playground.Lead.Resource.Http.Controllers.Playground.PlanRouteTest" assertions="110" time="0.360987"/>
        <testcase name="test_json_restore_as_user_and_get_denied" file="/app/vendor/gammamatrix/playground-test/src/Feature/Http/Controllers/Resource/Playground/RestoreJsonTrait.php" line="143" class="Tests\Feature\Playground\Lead\Resource\Http\Controllers\Playground\PlanRouteTest" classname="Tests.Feature.Playground.Lead.Resource.Http.Controllers.Playground.PlanRouteTest" assertions="3" time="0.343281"/>
        <testcase name="test_json_guest_cannot_see_info" file="/app/vendor/gammamatrix/playground-test/src/Feature/Http/Controllers/Resource/Playground/ShowJsonTrait.php" line="29" class="Tests\Feature\Playground\Lead\Resource\Http\Controllers\Playground\PlanRouteTest" classname="Tests.Feature.Playground.Lead.Resource.Http.Controllers.Playground.PlanRouteTest" assertions="1" time="0.330694"/>
        <testcase name="test_json_show_info_for_admin" file="/app/vendor/gammamatrix/playground-test/src/Feature/Http/Controllers/Resource/Playground/ShowJsonTrait.php" line="49" class="Tests\Feature\Playground\Lead\Resource\Http\Controllers\Playground\PlanRouteTest" classname="Tests.Feature.Playground.Lead.Resource.Http.Controllers.Playground.PlanRouteTest" assertions="109" time="0.359679"/>
        <testcase name="test_json_guest_cannot_store" file="/app/vendor/gammamatrix/playground-test/src/Feature/Http/Controllers/Resource/Playground/StoreJsonTrait.php" line="43" class="Tests\Feature\Playground\Lead\Resource\Http\Controllers\Playground\PlanRouteTest" classname="Tests.Feature.Playground.Lead.Resource.Http.Controllers.Playground.PlanRouteTest" assertions="3" time="0.325859"/>
        <testcase name="test_json_store_as_admin_without_payload_and_fail_validation" file="/app/vendor/gammamatrix/playground-test/src/Feature/Http/Controllers/Resource/Playground/StoreJsonTrait.php" line="66" class="Tests\Feature\Playground\Lead\Resource\Http\Controllers\Playground\PlanRouteTest" classname="Tests.Feature.Playground.Lead.Resource.Http.Controllers.Playground.PlanRouteTest" assertions="5" time="0.347799"/>
        <testcase name="test_json_store_as_admin_and_succeed" file="/app/vendor/gammamatrix/playground-test/src/Feature/Http/Controllers/Resource/Playground/StoreJsonTrait.php" line="92" class="Tests\Feature\Playground\Lead\Resource\Http\Controllers\Playground\PlanRouteTest" classname="Tests.Feature.Playground.Lead.Resource.Http.Controllers.Playground.PlanRouteTest" assertions="3" time="0.396540"/>
        <testcase name="test_json_guest_cannot_unlock" file="/app/vendor/gammamatrix/playground-test/src/Feature/Http/Controllers/Resource/Playground/UnlockJsonTrait.php" line="36" class="Tests\Feature\Playground\Lead\Resource\Http\Controllers\Playground\PlanRouteTest" classname="Tests.Feature.Playground.Lead.Resource.Http.Controllers.Playground.PlanRouteTest" assertions="3" time="0.330701"/>
        <testcase name="test_json_unlock_as_admin_and_succeed" file="/app/vendor/gammamatrix/playground-test/src/Feature/Http/Controllers/Resource/Playground/UnlockJsonTrait.php" line="68" class="Tests\Feature\Playground\Lead\Resource\Http\Controllers\Playground\PlanRouteTest" classname="Tests.Feature.Playground.Lead.Resource.Http.Controllers.Playground.PlanRouteTest" assertions="110" time="0.352740"/>
        <testcase name="test_json_unlock_as_admin_and_succeed_with_no_redirect" file="/app/vendor/gammamatrix/playground-test/src/Feature/Http/Controllers/Resource/Playground/UnlockJsonTrait.php" line="104" class="Tests\Feature\Playground\Lead\Resource\Http\Controllers\Playground\PlanRouteTest" classname="Tests.Feature.Playground.Lead.Resource.Http.Controllers.Playground.PlanRouteTest" assertions="110" time="0.369328"/>
        <testcase name="test_json_unlock_as_user_and_get_denied" file="/app/vendor/gammamatrix/playground-test/src/Feature/Http/Controllers/Resource/Playground/UnlockJsonTrait.php" line="145" class="Tests\Feature\Playground\Lead\Resource\Http\Controllers\Playground\PlanRouteTest" classname="Tests.Feature.Playground.Lead.Resource.Http.Controllers.Playground.PlanRouteTest" assertions="3" time="0.336803"/>
        <testcase name="test_json_guest_cannot_update" file="/app/vendor/gammamatrix/playground-test/src/Feature/Http/Controllers/Resource/Playground/UpdateJsonTrait.php" line="45" class="Tests\Feature\Playground\Lead\Resource\Http\Controllers\Playground\PlanRouteTest" classname="Tests.Feature.Playground.Lead.Resource.Http.Controllers.Playground.PlanRouteTest" assertions="1" time="0.328978"/>
        <testcase name="test_json_update_as_admin_without_payload_and_fail_validation" file="/app/vendor/gammamatrix/playground-test/src/Feature/Http/Controllers/Resource/Playground/UpdateJsonTrait.php" line="65" class="Tests\Feature\Playground\Lead\Resource\Http\Controllers\Playground\PlanRouteTest" classname="Tests.Feature.Playground.Lead.Resource.Http.Controllers.Playground.PlanRouteTest" assertions="4" time="0.369712"/>
        <testcase name="test_json_admin_can_update" file="/app/vendor/gammamatrix/playground-test/src/Feature/Http/Controllers/Resource/Playground/UpdateJsonTrait.php" line="90" class="Tests\Feature\Playground\Lead\Resource\Http\Controllers\Playground\PlanRouteTest" classname="Tests.Feature.Playground.Lead.Resource.Http.Controllers.Playground.PlanRouteTest" assertions="112" time="0.395870"/>
      </testsuite>
      <testsuite name="Tests\Feature\Playground\Lead\Resource\Http\Controllers\Playground\RegionRouteTest" file="/app/tests/Feature/Http/Controllers/Playground/RegionRouteTest.php" tests="35" assertions="1075" errors="0" failures="0" skipped="0" time="12.296853">
        <testcase name="test_json_guest_cannot_get_create_info" file="/app/vendor/gammamatrix/playground-test/src/Feature/Http/Controllers/Resource/Playground/CreateJsonTrait.php" line="38" class="Tests\Feature\Playground\Lead\Resource\Http\Controllers\Playground\RegionRouteTest" classname="Tests.Feature.Playground.Lead.Resource.Http.Controllers.Playground.RegionRouteTest" assertions="1" time="0.366744"/>
        <testcase name="test_json_admin_can_get_create_info" file="/app/vendor/gammamatrix/playground-test/src/Feature/Http/Controllers/Resource/Playground/CreateJsonTrait.php" line="53" class="Tests\Feature\Playground\Lead\Resource\Http\Controllers\Playground\RegionRouteTest" classname="Tests.Feature.Playground.Lead.Resource.Http.Controllers.Playground.RegionRouteTest" assertions="108" time="0.347275"/>
        <testcase name="test_json_get_create_info_as_admin_with_invalid_parameter_and_fail_validation" file="/app/vendor/gammamatrix/playground-test/src/Feature/Http/Controllers/Resource/Playground/CreateJsonTrait.php" line="73" class="Tests\Feature\Playground\Lead\Resource\Http\Controllers\Playground\RegionRouteTest" classname="Tests.Feature.Playground.Lead.Resource.Http.Controllers.Playground.RegionRouteTest" assertions="4" time="0.330440"/>
        <testcase name="test_json_guest_cannot_destroy" file="/app/vendor/gammamatrix/playground-test/src/Feature/Http/Controllers/Resource/Playground/DestroyJsonTrait.php" line="31" class="Tests\Feature\Playground\Lead\Resource\Http\Controllers\Playground\RegionRouteTest" classname="Tests.Feature.Playground.Lead.Resource.Http.Controllers.Playground.RegionRouteTest" assertions="3" time="0.324254"/>
        <testcase name="test_json_destroy_as_admin_and_succeed" file="/app/vendor/gammamatrix/playground-test/src/Feature/Http/Controllers/Resource/Playground/DestroyJsonTrait.php" line="61" class="Tests\Feature\Playground\Lead\Resource\Http\Controllers\Playground\RegionRouteTest" classname="Tests.Feature.Playground.Lead.Resource.Http.Controllers.Playground.RegionRouteTest" assertions="5" time="0.358608"/>
        <testcase name="test_json_destroy_as_admin_and_succeed_with_force_delete" file="/app/vendor/gammamatrix/playground-test/src/Feature/Http/Controllers/Resource/Playground/DestroyJsonTrait.php" line="100" class="Tests\Feature\Playground\Lead\Resource\Http\Controllers\Playground\RegionRouteTest" classname="Tests.Feature.Playground.Lead.Resource.Http.Controllers.Playground.RegionRouteTest" assertions="4" time="0.334964"/>
        <testcase name="test_json_destroy_as_admin_and_succeed_with_no_content" file="/app/vendor/gammamatrix/playground-test/src/Feature/Http/Controllers/Resource/Playground/DestroyJsonTrait.php" line="132" class="Tests\Feature\Playground\Lead\Resource\Http\Controllers\Playground\RegionRouteTest" classname="Tests.Feature.Playground.Lead.Resource.Http.Controllers.Playground.RegionRouteTest" assertions="5" time="0.359364"/>
        <testcase name="test_json_destroy_as_admin_and_succeed_and_ignore_redirect" file="/app/vendor/gammamatrix/playground-test/src/Feature/Http/Controllers/Resource/Playground/DestroyJsonTrait.php" line="167" class="Tests\Feature\Playground\Lead\Resource\Http\Controllers\Playground\RegionRouteTest" classname="Tests.Feature.Playground.Lead.Resource.Http.Controllers.Playground.RegionRouteTest" assertions="5" time="0.342588"/>
        <testcase name="test_json_destroy_as_user_and_get_denied_and_no_force_delete_allowed" file="/app/vendor/gammamatrix/playground-test/src/Feature/Http/Controllers/Resource/Playground/DestroyJsonTrait.php" line="209" class="Tests\Feature\Playground\Lead\Resource\Http\Controllers\Playground\RegionRouteTest" classname="Tests.Feature.Playground.Lead.Resource.Http.Controllers.Playground.RegionRouteTest" assertions="3" time="0.336410"/>
        <testcase name="test_json_guest_cannot_get_edit_info" file="/app/vendor/gammamatrix/playground-test/src/Feature/Http/Controllers/Resource/Playground/EditJsonTrait.php" line="38" class="Tests\Feature\Playground\Lead\Resource\Http\Controllers\Playground\RegionRouteTest" classname="Tests.Feature.Playground.Lead.Resource.Http.Controllers.Playground.RegionRouteTest" assertions="1" time="0.353373"/>
        <testcase name="test_json_admin_can_get_edit_info" file="/app/vendor/gammamatrix/playground-test/src/Feature/Http/Controllers/Resource/Playground/EditJsonTrait.php" line="58" class="Tests\Feature\Playground\Lead\Resource\Http\Controllers\Playground\RegionRouteTest" classname="Tests.Feature.Playground.Lead.Resource.Http.Controllers.Playground.RegionRouteTest" assertions="4" time="0.345933"/>
        <testcase name="test_json_edit_as_admin_and_fail_validation_with_invalid_parameter" file="/app/vendor/gammamatrix/playground-test/src/Feature/Http/Controllers/Resource/Playground/EditJsonTrait.php" line="87" class="Tests\Feature\Playground\Lead\Resource\Http\Controllers\Playground\RegionRouteTest" classname="Tests.Feature.Playground.Lead.Resource.Http.Controllers.Playground.RegionRouteTest" assertions="4" time="0.350658"/>
        <testcase name="test_json_guest_cannot_get_index" file="/app/vendor/gammamatrix/playground-test/src/Feature/Http/Controllers/Resource/Playground/IndexJsonTrait.php" line="34" class="Tests\Feature\Playground\Lead\Resource\Http\Controllers\Playground\RegionRouteTest" classname="Tests.Feature.Playground.Lead.Resource.Http.Controllers.Playground.RegionRouteTest" assertions="1" time="0.349529"/>
        <testcase name="test_json_admin_can_get_index" file="/app/vendor/gammamatrix/playground-test/src/Feature/Http/Controllers/Resource/Playground/IndexJsonTrait.php" line="49" class="Tests\Feature\Playground\Lead\Resource\Http\Controllers\Playground\RegionRouteTest" classname="Tests.Feature.Playground.Lead.Resource.Http.Controllers.Playground.RegionRouteTest" assertions="115" time="0.353026"/>
        <testcase name="test_json_admin_can_get_index_with_filters" file="/app/vendor/gammamatrix/playground-test/src/Feature/Http/Controllers/Resource/Playground/IndexJsonTrait.php" line="85" class="Tests\Feature\Playground\Lead\Resource\Http\Controllers\Playground\RegionRouteTest" classname="Tests.Feature.Playground.Lead.Resource.Http.Controllers.Playground.RegionRouteTest" assertions="3" time="0.348317"/>
        <testcase name="test_json_guest_cannot_lock" file="/app/vendor/gammamatrix/playground-test/src/Feature/Http/Controllers/Resource/Playground/LockJsonTrait.php" line="36" class="Tests\Feature\Playground\Lead\Resource\Http\Controllers\Playground\RegionRouteTest" classname="Tests.Feature.Playground.Lead.Resource.Http.Controllers.Playground.RegionRouteTest" assertions="3" time="0.348687"/>
        <testcase name="test_json_lock_as_admin_and_succeed" file="/app/vendor/gammamatrix/playground-test/src/Feature/Http/Controllers/Resource/Playground/LockJsonTrait.php" line="66" class="Tests\Feature\Playground\Lead\Resource\Http\Controllers\Playground\RegionRouteTest" classname="Tests.Feature.Playground.Lead.Resource.Http.Controllers.Playground.RegionRouteTest" assertions="3" time="0.347016"/>
        <testcase name="test_json_lock_as_admin_and_succeed_with_no_redirect" file="/app/vendor/gammamatrix/playground-test/src/Feature/Http/Controllers/Resource/Playground/LockJsonTrait.php" line="98" class="Tests\Feature\Playground\Lead\Resource\Http\Controllers\Playground\RegionRouteTest" classname="Tests.Feature.Playground.Lead.Resource.Http.Controllers.Playground.RegionRouteTest" assertions="110" time="0.377971"/>
        <testcase name="test_json_lock_as_user_and_get_denied" file="/app/vendor/gammamatrix/playground-test/src/Feature/Http/Controllers/Resource/Playground/LockJsonTrait.php" line="143" class="Tests\Feature\Playground\Lead\Resource\Http\Controllers\Playground\RegionRouteTest" classname="Tests.Feature.Playground.Lead.Resource.Http.Controllers.Playground.RegionRouteTest" assertions="3" time="0.357032"/>
        <testcase name="test_json_guest_cannot_restore" file="/app/vendor/gammamatrix/playground-test/src/Feature/Http/Controllers/Resource/Playground/RestoreJsonTrait.php" line="32" class="Tests\Feature\Playground\Lead\Resource\Http\Controllers\Playground\RegionRouteTest" classname="Tests.Feature.Playground.Lead.Resource.Http.Controllers.Playground.RegionRouteTest" assertions="3" time="0.332038"/>
        <testcase name="test_json_restore_as_admin_and_succeed" file="/app/vendor/gammamatrix/playground-test/src/Feature/Http/Controllers/Resource/Playground/RestoreJsonTrait.php" line="64" class="Tests\Feature\Playground\Lead\Resource\Http\Controllers\Playground\RegionRouteTest" classname="Tests.Feature.Playground.Lead.Resource.Http.Controllers.Playground.RegionRouteTest" assertions="110" time="0.351853"/>
        <testcase name="test_json_restore_as_admin_and_succeed_with_no_redirect" file="/app/vendor/gammamatrix/playground-test/src/Feature/Http/Controllers/Resource/Playground/RestoreJsonTrait.php" line="100" class="Tests\Feature\Playground\Lead\Resource\Http\Controllers\Playground\RegionRouteTest" classname="Tests.Feature.Playground.Lead.Resource.Http.Controllers.Playground.RegionRouteTest" assertions="110" time="0.367187"/>
        <testcase name="test_json_restore_as_user_and_get_denied" file="/app/vendor/gammamatrix/playground-test/src/Feature/Http/Controllers/Resource/Playground/RestoreJsonTrait.php" line="143" class="Tests\Feature\Playground\Lead\Resource\Http\Controllers\Playground\RegionRouteTest" classname="Tests.Feature.Playground.Lead.Resource.Http.Controllers.Playground.RegionRouteTest" assertions="3" time="0.346452"/>
        <testcase name="test_json_guest_cannot_see_info" file="/app/vendor/gammamatrix/playground-test/src/Feature/Http/Controllers/Resource/Playground/ShowJsonTrait.php" line="29" class="Tests\Feature\Playground\Lead\Resource\Http\Controllers\Playground\RegionRouteTest" classname="Tests.Feature.Playground.Lead.Resource.Http.Controllers.Playground.RegionRouteTest" assertions="1" time="0.331744"/>
        <testcase name="test_json_show_info_for_admin" file="/app/vendor/gammamatrix/playground-test/src/Feature/Http/Controllers/Resource/Playground/ShowJsonTrait.php" line="49" class="Tests\Feature\Playground\Lead\Resource\Http\Controllers\Playground\RegionRouteTest" classname="Tests.Feature.Playground.Lead.Resource.Http.Controllers.Playground.RegionRouteTest" assertions="109" time="0.374778"/>
        <testcase name="test_json_guest_cannot_store" file="/app/vendor/gammamatrix/playground-test/src/Feature/Http/Controllers/Resource/Playground/StoreJsonTrait.php" line="43" class="Tests\Feature\Playground\Lead\Resource\Http\Controllers\Playground\RegionRouteTest" classname="Tests.Feature.Playground.Lead.Resource.Http.Controllers.Playground.RegionRouteTest" assertions="3" time="0.324152"/>
        <testcase name="test_json_store_as_admin_without_payload_and_fail_validation" file="/app/vendor/gammamatrix/playground-test/src/Feature/Http/Controllers/Resource/Playground/StoreJsonTrait.php" line="66" class="Tests\Feature\Playground\Lead\Resource\Http\Controllers\Playground\RegionRouteTest" classname="Tests.Feature.Playground.Lead.Resource.Http.Controllers.Playground.RegionRouteTest" assertions="5" time="0.340105"/>
        <testcase name="test_json_store_as_admin_and_succeed" file="/app/vendor/gammamatrix/playground-test/src/Feature/Http/Controllers/Resource/Playground/StoreJsonTrait.php" line="92" class="Tests\Feature\Playground\Lead\Resource\Http\Controllers\Playground\RegionRouteTest" classname="Tests.Feature.Playground.Lead.Resource.Http.Controllers.Playground.RegionRouteTest" assertions="3" time="0.404768"/>
        <testcase name="test_json_guest_cannot_unlock" file="/app/vendor/gammamatrix/playground-test/src/Feature/Http/Controllers/Resource/Playground/UnlockJsonTrait.php" line="36" class="Tests\Feature\Playground\Lead\Resource\Http\Controllers\Playground\RegionRouteTest" classname="Tests.Feature.Playground.Lead.Resource.Http.Controllers.Playground.RegionRouteTest" assertions="3" time="0.329088"/>
        <testcase name="test_json_unlock_as_admin_and_succeed" file="/app/vendor/gammamatrix/playground-test/src/Feature/Http/Controllers/Resource/Playground/UnlockJsonTrait.php" line="68" class="Tests\Feature\Playground\Lead\Resource\Http\Controllers\Playground\RegionRouteTest" classname="Tests.Feature.Playground.Lead.Resource.Http.Controllers.Playground.RegionRouteTest" assertions="110" time="0.350525"/>
        <testcase name="test_json_unlock_as_admin_and_succeed_with_no_redirect" file="/app/vendor/gammamatrix/playground-test/src/Feature/Http/Controllers/Resource/Playground/UnlockJsonTrait.php" line="104" class="Tests\Feature\Playground\Lead\Resource\Http\Controllers\Playground\RegionRouteTest" classname="Tests.Feature.Playground.Lead.Resource.Http.Controllers.Playground.RegionRouteTest" assertions="110" time="0.373846"/>
        <testcase name="test_json_unlock_as_user_and_get_denied" file="/app/vendor/gammamatrix/playground-test/src/Feature/Http/Controllers/Resource/Playground/UnlockJsonTrait.php" line="145" class="Tests\Feature\Playground\Lead\Resource\Http\Controllers\Playground\RegionRouteTest" classname="Tests.Feature.Playground.Lead.Resource.Http.Controllers.Playground.RegionRouteTest" assertions="3" time="0.337097"/>
        <testcase name="test_json_guest_cannot_update" file="/app/vendor/gammamatrix/playground-test/src/Feature/Http/Controllers/Resource/Playground/UpdateJsonTrait.php" line="45" class="Tests\Feature\Playground\Lead\Resource\Http\Controllers\Playground\RegionRouteTest" classname="Tests.Feature.Playground.Lead.Resource.Http.Controllers.Playground.RegionRouteTest" assertions="1" time="0.327650"/>
        <testcase name="test_json_update_as_admin_without_payload_and_fail_validation" file="/app/vendor/gammamatrix/playground-test/src/Feature/Http/Controllers/Resource/Playground/UpdateJsonTrait.php" line="65" class="Tests\Feature\Playground\Lead\Resource\Http\Controllers\Playground\RegionRouteTest" classname="Tests.Feature.Playground.Lead.Resource.Http.Controllers.Playground.RegionRouteTest" assertions="4" time="0.376940"/>
        <testcase name="test_json_admin_can_update" file="/app/vendor/gammamatrix/playground-test/src/Feature/Http/Controllers/Resource/Playground/UpdateJsonTrait.php" line="90" class="Tests\Feature\Playground\Lead\Resource\Http\Controllers\Playground\RegionRouteTest" classname="Tests.Feature.Playground.Lead.Resource.Http.Controllers.Playground.RegionRouteTest" assertions="112" time="0.396441"/>
      </testsuite>
      <testsuite name="Tests\Feature\Playground\Lead\Resource\Http\Controllers\Playground\ReportRouteTest" file="/app/tests/Feature/Http/Controllers/Playground/ReportRouteTest.php" tests="35" assertions="1075" errors="0" failures="0" skipped="0" time="12.386406">
        <testcase name="test_json_guest_cannot_get_create_info" file="/app/vendor/gammamatrix/playground-test/src/Feature/Http/Controllers/Resource/Playground/CreateJsonTrait.php" line="38" class="Tests\Feature\Playground\Lead\Resource\Http\Controllers\Playground\ReportRouteTest" classname="Tests.Feature.Playground.Lead.Resource.Http.Controllers.Playground.ReportRouteTest" assertions="1" time="0.374984"/>
        <testcase name="test_json_admin_can_get_create_info" file="/app/vendor/gammamatrix/playground-test/src/Feature/Http/Controllers/Resource/Playground/CreateJsonTrait.php" line="53" class="Tests\Feature\Playground\Lead\Resource\Http\Controllers\Playground\ReportRouteTest" classname="Tests.Feature.Playground.Lead.Resource.Http.Controllers.Playground.ReportRouteTest" assertions="108" time="0.344856"/>
        <testcase name="test_json_get_create_info_as_admin_with_invalid_parameter_and_fail_validation" file="/app/vendor/gammamatrix/playground-test/src/Feature/Http/Controllers/Resource/Playground/CreateJsonTrait.php" line="73" class="Tests\Feature\Playground\Lead\Resource\Http\Controllers\Playground\ReportRouteTest" classname="Tests.Feature.Playground.Lead.Resource.Http.Controllers.Playground.ReportRouteTest" assertions="4" time="0.330803"/>
        <testcase name="test_json_guest_cannot_destroy" file="/app/vendor/gammamatrix/playground-test/src/Feature/Http/Controllers/Resource/Playground/DestroyJsonTrait.php" line="31" class="Tests\Feature\Playground\Lead\Resource\Http\Controllers\Playground\ReportRouteTest" classname="Tests.Feature.Playground.Lead.Resource.Http.Controllers.Playground.ReportRouteTest" assertions="3" time="0.327428"/>
        <testcase name="test_json_destroy_as_admin_and_succeed" file="/app/vendor/gammamatrix/playground-test/src/Feature/Http/Controllers/Resource/Playground/DestroyJsonTrait.php" line="61" class="Tests\Feature\Playground\Lead\Resource\Http\Controllers\Playground\ReportRouteTest" classname="Tests.Feature.Playground.Lead.Resource.Http.Controllers.Playground.ReportRouteTest" assertions="5" time="0.345415"/>
        <testcase name="test_json_destroy_as_admin_and_succeed_with_force_delete" file="/app/vendor/gammamatrix/playground-test/src/Feature/Http/Controllers/Resource/Playground/DestroyJsonTrait.php" line="100" class="Tests\Feature\Playground\Lead\Resource\Http\Controllers\Playground\ReportRouteTest" classname="Tests.Feature.Playground.Lead.Resource.Http.Controllers.Playground.ReportRouteTest" assertions="4" time="0.337631"/>
        <testcase name="test_json_destroy_as_admin_and_succeed_with_no_content" file="/app/vendor/gammamatrix/playground-test/src/Feature/Http/Controllers/Resource/Playground/DestroyJsonTrait.php" line="132" class="Tests\Feature\Playground\Lead\Resource\Http\Controllers\Playground\ReportRouteTest" classname="Tests.Feature.Playground.Lead.Resource.Http.Controllers.Playground.ReportRouteTest" assertions="5" time="0.362355"/>
        <testcase name="test_json_destroy_as_admin_and_succeed_and_ignore_redirect" file="/app/vendor/gammamatrix/playground-test/src/Feature/Http/Controllers/Resource/Playground/DestroyJsonTrait.php" line="167" class="Tests\Feature\Playground\Lead\Resource\Http\Controllers\Playground\ReportRouteTest" classname="Tests.Feature.Playground.Lead.Resource.Http.Controllers.Playground.ReportRouteTest" assertions="5" time="0.339837"/>
        <testcase name="test_json_destroy_as_user_and_get_denied_and_no_force_delete_allowed" file="/app/vendor/gammamatrix/playground-test/src/Feature/Http/Controllers/Resource/Playground/DestroyJsonTrait.php" line="209" class="Tests\Feature\Playground\Lead\Resource\Http\Controllers\Playground\ReportRouteTest" classname="Tests.Feature.Playground.Lead.Resource.Http.Controllers.Playground.ReportRouteTest" assertions="3" time="0.333606"/>
        <testcase name="test_json_guest_cannot_get_edit_info" file="/app/vendor/gammamatrix/playground-test/src/Feature/Http/Controllers/Resource/Playground/EditJsonTrait.php" line="38" class="Tests\Feature\Playground\Lead\Resource\Http\Controllers\Playground\ReportRouteTest" classname="Tests.Feature.Playground.Lead.Resource.Http.Controllers.Playground.ReportRouteTest" assertions="1" time="0.353723"/>
        <testcase name="test_json_admin_can_get_edit_info" file="/app/vendor/gammamatrix/playground-test/src/Feature/Http/Controllers/Resource/Playground/EditJsonTrait.php" line="58" class="Tests\Feature\Playground\Lead\Resource\Http\Controllers\Playground\ReportRouteTest" classname="Tests.Feature.Playground.Lead.Resource.Http.Controllers.Playground.ReportRouteTest" assertions="4" time="0.345410"/>
        <testcase name="test_json_edit_as_admin_and_fail_validation_with_invalid_parameter" file="/app/vendor/gammamatrix/playground-test/src/Feature/Http/Controllers/Resource/Playground/EditJsonTrait.php" line="87" class="Tests\Feature\Playground\Lead\Resource\Http\Controllers\Playground\ReportRouteTest" classname="Tests.Feature.Playground.Lead.Resource.Http.Controllers.Playground.ReportRouteTest" assertions="4" time="0.352340"/>
        <testcase name="test_json_guest_cannot_get_index" file="/app/vendor/gammamatrix/playground-test/src/Feature/Http/Controllers/Resource/Playground/IndexJsonTrait.php" line="34" class="Tests\Feature\Playground\Lead\Resource\Http\Controllers\Playground\ReportRouteTest" classname="Tests.Feature.Playground.Lead.Resource.Http.Controllers.Playground.ReportRouteTest" assertions="1" time="0.360001"/>
        <testcase name="test_json_admin_can_get_index" file="/app/vendor/gammamatrix/playground-test/src/Feature/Http/Controllers/Resource/Playground/IndexJsonTrait.php" line="49" class="Tests\Feature\Playground\Lead\Resource\Http\Controllers\Playground\ReportRouteTest" classname="Tests.Feature.Playground.Lead.Resource.Http.Controllers.Playground.ReportRouteTest" assertions="115" time="0.354613"/>
        <testcase name="test_json_admin_can_get_index_with_filters" file="/app/vendor/gammamatrix/playground-test/src/Feature/Http/Controllers/Resource/Playground/IndexJsonTrait.php" line="85" class="Tests\Feature\Playground\Lead\Resource\Http\Controllers\Playground\ReportRouteTest" classname="Tests.Feature.Playground.Lead.Resource.Http.Controllers.Playground.ReportRouteTest" assertions="3" time="0.377672"/>
        <testcase name="test_json_guest_cannot_lock" file="/app/vendor/gammamatrix/playground-test/src/Feature/Http/Controllers/Resource/Playground/LockJsonTrait.php" line="36" class="Tests\Feature\Playground\Lead\Resource\Http\Controllers\Playground\ReportRouteTest" classname="Tests.Feature.Playground.Lead.Resource.Http.Controllers.Playground.ReportRouteTest" assertions="3" time="0.374893"/>
        <testcase name="test_json_lock_as_admin_and_succeed" file="/app/vendor/gammamatrix/playground-test/src/Feature/Http/Controllers/Resource/Playground/LockJsonTrait.php" line="66" class="Tests\Feature\Playground\Lead\Resource\Http\Controllers\Playground\ReportRouteTest" classname="Tests.Feature.Playground.Lead.Resource.Http.Controllers.Playground.ReportRouteTest" assertions="3" time="0.347570"/>
        <testcase name="test_json_lock_as_admin_and_succeed_with_no_redirect" file="/app/vendor/gammamatrix/playground-test/src/Feature/Http/Controllers/Resource/Playground/LockJsonTrait.php" line="98" class="Tests\Feature\Playground\Lead\Resource\Http\Controllers\Playground\ReportRouteTest" classname="Tests.Feature.Playground.Lead.Resource.Http.Controllers.Playground.ReportRouteTest" assertions="110" time="0.345367"/>
        <testcase name="test_json_lock_as_user_and_get_denied" file="/app/vendor/gammamatrix/playground-test/src/Feature/Http/Controllers/Resource/Playground/LockJsonTrait.php" line="143" class="Tests\Feature\Playground\Lead\Resource\Http\Controllers\Playground\ReportRouteTest" classname="Tests.Feature.Playground.Lead.Resource.Http.Controllers.Playground.ReportRouteTest" assertions="3" time="0.372038"/>
        <testcase name="test_json_guest_cannot_restore" file="/app/vendor/gammamatrix/playground-test/src/Feature/Http/Controllers/Resource/Playground/RestoreJsonTrait.php" line="32" class="Tests\Feature\Playground\Lead\Resource\Http\Controllers\Playground\ReportRouteTest" classname="Tests.Feature.Playground.Lead.Resource.Http.Controllers.Playground.ReportRouteTest" assertions="3" time="0.338801"/>
        <testcase name="test_json_restore_as_admin_and_succeed" file="/app/vendor/gammamatrix/playground-test/src/Feature/Http/Controllers/Resource/Playground/RestoreJsonTrait.php" line="64" class="Tests\Feature\Playground\Lead\Resource\Http\Controllers\Playground\ReportRouteTest" classname="Tests.Feature.Playground.Lead.Resource.Http.Controllers.Playground.ReportRouteTest" assertions="110" time="0.349449"/>
        <testcase name="test_json_restore_as_admin_and_succeed_with_no_redirect" file="/app/vendor/gammamatrix/playground-test/src/Feature/Http/Controllers/Resource/Playground/RestoreJsonTrait.php" line="100" class="Tests\Feature\Playground\Lead\Resource\Http\Controllers\Playground\ReportRouteTest" classname="Tests.Feature.Playground.Lead.Resource.Http.Controllers.Playground.ReportRouteTest" assertions="110" time="0.374692"/>
        <testcase name="test_json_restore_as_user_and_get_denied" file="/app/vendor/gammamatrix/playground-test/src/Feature/Http/Controllers/Resource/Playground/RestoreJsonTrait.php" line="143" class="Tests\Feature\Playground\Lead\Resource\Http\Controllers\Playground\ReportRouteTest" classname="Tests.Feature.Playground.Lead.Resource.Http.Controllers.Playground.ReportRouteTest" assertions="3" time="0.348482"/>
        <testcase name="test_json_guest_cannot_see_info" file="/app/vendor/gammamatrix/playground-test/src/Feature/Http/Controllers/Resource/Playground/ShowJsonTrait.php" line="29" class="Tests\Feature\Playground\Lead\Resource\Http\Controllers\Playground\ReportRouteTest" classname="Tests.Feature.Playground.Lead.Resource.Http.Controllers.Playground.ReportRouteTest" assertions="1" time="0.331800"/>
        <testcase name="test_json_show_info_for_admin" file="/app/vendor/gammamatrix/playground-test/src/Feature/Http/Controllers/Resource/Playground/ShowJsonTrait.php" line="49" class="Tests\Feature\Playground\Lead\Resource\Http\Controllers\Playground\ReportRouteTest" classname="Tests.Feature.Playground.Lead.Resource.Http.Controllers.Playground.ReportRouteTest" assertions="109" time="0.375717"/>
        <testcase name="test_json_guest_cannot_store" file="/app/vendor/gammamatrix/playground-test/src/Feature/Http/Controllers/Resource/Playground/StoreJsonTrait.php" line="43" class="Tests\Feature\Playground\Lead\Resource\Http\Controllers\Playground\ReportRouteTest" classname="Tests.Feature.Playground.Lead.Resource.Http.Controllers.Playground.ReportRouteTest" assertions="3" time="0.322683"/>
        <testcase name="test_json_store_as_admin_without_payload_and_fail_validation" file="/app/vendor/gammamatrix/playground-test/src/Feature/Http/Controllers/Resource/Playground/StoreJsonTrait.php" line="66" class="Tests\Feature\Playground\Lead\Resource\Http\Controllers\Playground\ReportRouteTest" classname="Tests.Feature.Playground.Lead.Resource.Http.Controllers.Playground.ReportRouteTest" assertions="5" time="0.346886"/>
        <testcase name="test_json_store_as_admin_and_succeed" file="/app/vendor/gammamatrix/playground-test/src/Feature/Http/Controllers/Resource/Playground/StoreJsonTrait.php" line="92" class="Tests\Feature\Playground\Lead\Resource\Http\Controllers\Playground\ReportRouteTest" classname="Tests.Feature.Playground.Lead.Resource.Http.Controllers.Playground.ReportRouteTest" assertions="3" time="0.405181"/>
        <testcase name="test_json_guest_cannot_unlock" file="/app/vendor/gammamatrix/playground-test/src/Feature/Http/Controllers/Resource/Playground/UnlockJsonTrait.php" line="36" class="Tests\Feature\Playground\Lead\Resource\Http\Controllers\Playground\ReportRouteTest" classname="Tests.Feature.Playground.Lead.Resource.Http.Controllers.Playground.ReportRouteTest" assertions="3" time="0.330161"/>
        <testcase name="test_json_unlock_as_admin_and_succeed" file="/app/vendor/gammamatrix/playground-test/src/Feature/Http/Controllers/Resource/Playground/UnlockJsonTrait.php" line="68" class="Tests\Feature\Playground\Lead\Resource\Http\Controllers\Playground\ReportRouteTest" classname="Tests.Feature.Playground.Lead.Resource.Http.Controllers.Playground.ReportRouteTest" assertions="110" time="0.348740"/>
        <testcase name="test_json_unlock_as_admin_and_succeed_with_no_redirect" file="/app/vendor/gammamatrix/playground-test/src/Feature/Http/Controllers/Resource/Playground/UnlockJsonTrait.php" line="104" class="Tests\Feature\Playground\Lead\Resource\Http\Controllers\Playground\ReportRouteTest" classname="Tests.Feature.Playground.Lead.Resource.Http.Controllers.Playground.ReportRouteTest" assertions="110" time="0.386976"/>
        <testcase name="test_json_unlock_as_user_and_get_denied" file="/app/vendor/gammamatrix/playground-test/src/Feature/Http/Controllers/Resource/Playground/UnlockJsonTrait.php" line="145" class="Tests\Feature\Playground\Lead\Resource\Http\Controllers\Playground\ReportRouteTest" classname="Tests.Feature.Playground.Lead.Resource.Http.Controllers.Playground.ReportRouteTest" assertions="3" time="0.341016"/>
        <testcase name="test_json_guest_cannot_update" file="/app/vendor/gammamatrix/playground-test/src/Feature/Http/Controllers/Resource/Playground/UpdateJsonTrait.php" line="45" class="Tests\Feature\Playground\Lead\Resource\Http\Controllers\Playground\ReportRouteTest" classname="Tests.Feature.Playground.Lead.Resource.Http.Controllers.Playground.ReportRouteTest" assertions="1" time="0.327087"/>
        <testcase name="test_json_update_as_admin_without_payload_and_fail_validation" file="/app/vendor/gammamatrix/playground-test/src/Feature/Http/Controllers/Resource/Playground/UpdateJsonTrait.php" line="65" class="Tests\Feature\Playground\Lead\Resource\Http\Controllers\Playground\ReportRouteTest" classname="Tests.Feature.Playground.Lead.Resource.Http.Controllers.Playground.ReportRouteTest" assertions="4" time="0.386953"/>
        <testcase name="test_json_admin_can_update" file="/app/vendor/gammamatrix/playground-test/src/Feature/Http/Controllers/Resource/Playground/UpdateJsonTrait.php" line="90" class="Tests\Feature\Playground\Lead\Resource\Http\Controllers\Playground\ReportRouteTest" classname="Tests.Feature.Playground.Lead.Resource.Http.Controllers.Playground.ReportRouteTest" assertions="112" time="0.391241"/>
      </testsuite>
      <testsuite name="Tests\Feature\Playground\Lead\Resource\Http\Controllers\Playground\SourceRouteTest" file="/app/tests/Feature/Http/Controllers/Playground/SourceRouteTest.php" tests="35" assertions="1075" errors="0" failures="0" skipped="0" time="12.468970">
        <testcase name="test_json_guest_cannot_get_create_info" file="/app/vendor/gammamatrix/playground-test/src/Feature/Http/Controllers/Resource/Playground/CreateJsonTrait.php" line="38" class="Tests\Feature\Playground\Lead\Resource\Http\Controllers\Playground\SourceRouteTest" classname="Tests.Feature.Playground.Lead.Resource.Http.Controllers.Playground.SourceRouteTest" assertions="1" time="0.369947"/>
        <testcase name="test_json_admin_can_get_create_info" file="/app/vendor/gammamatrix/playground-test/src/Feature/Http/Controllers/Resource/Playground/CreateJsonTrait.php" line="53" class="Tests\Feature\Playground\Lead\Resource\Http\Controllers\Playground\SourceRouteTest" classname="Tests.Feature.Playground.Lead.Resource.Http.Controllers.Playground.SourceRouteTest" assertions="108" time="0.343917"/>
        <testcase name="test_json_get_create_info_as_admin_with_invalid_parameter_and_fail_validation" file="/app/vendor/gammamatrix/playground-test/src/Feature/Http/Controllers/Resource/Playground/CreateJsonTrait.php" line="73" class="Tests\Feature\Playground\Lead\Resource\Http\Controllers\Playground\SourceRouteTest" classname="Tests.Feature.Playground.Lead.Resource.Http.Controllers.Playground.SourceRouteTest" assertions="4" time="0.333541"/>
        <testcase name="test_json_guest_cannot_destroy" file="/app/vendor/gammamatrix/playground-test/src/Feature/Http/Controllers/Resource/Playground/DestroyJsonTrait.php" line="31" class="Tests\Feature\Playground\Lead\Resource\Http\Controllers\Playground\SourceRouteTest" classname="Tests.Feature.Playground.Lead.Resource.Http.Controllers.Playground.SourceRouteTest" assertions="3" time="0.327302"/>
        <testcase name="test_json_destroy_as_admin_and_succeed" file="/app/vendor/gammamatrix/playground-test/src/Feature/Http/Controllers/Resource/Playground/DestroyJsonTrait.php" line="61" class="Tests\Feature\Playground\Lead\Resource\Http\Controllers\Playground\SourceRouteTest" classname="Tests.Feature.Playground.Lead.Resource.Http.Controllers.Playground.SourceRouteTest" assertions="5" time="0.354535"/>
        <testcase name="test_json_destroy_as_admin_and_succeed_with_force_delete" file="/app/vendor/gammamatrix/playground-test/src/Feature/Http/Controllers/Resource/Playground/DestroyJsonTrait.php" line="100" class="Tests\Feature\Playground\Lead\Resource\Http\Controllers\Playground\SourceRouteTest" classname="Tests.Feature.Playground.Lead.Resource.Http.Controllers.Playground.SourceRouteTest" assertions="4" time="0.334899"/>
        <testcase name="test_json_destroy_as_admin_and_succeed_with_no_content" file="/app/vendor/gammamatrix/playground-test/src/Feature/Http/Controllers/Resource/Playground/DestroyJsonTrait.php" line="132" class="Tests\Feature\Playground\Lead\Resource\Http\Controllers\Playground\SourceRouteTest" classname="Tests.Feature.Playground.Lead.Resource.Http.Controllers.Playground.SourceRouteTest" assertions="5" time="0.385261"/>
        <testcase name="test_json_destroy_as_admin_and_succeed_and_ignore_redirect" file="/app/vendor/gammamatrix/playground-test/src/Feature/Http/Controllers/Resource/Playground/DestroyJsonTrait.php" line="167" class="Tests\Feature\Playground\Lead\Resource\Http\Controllers\Playground\SourceRouteTest" classname="Tests.Feature.Playground.Lead.Resource.Http.Controllers.Playground.SourceRouteTest" assertions="5" time="0.341175"/>
        <testcase name="test_json_destroy_as_user_and_get_denied_and_no_force_delete_allowed" file="/app/vendor/gammamatrix/playground-test/src/Feature/Http/Controllers/Resource/Playground/DestroyJsonTrait.php" line="209" class="Tests\Feature\Playground\Lead\Resource\Http\Controllers\Playground\SourceRouteTest" classname="Tests.Feature.Playground.Lead.Resource.Http.Controllers.Playground.SourceRouteTest" assertions="3" time="0.335109"/>
        <testcase name="test_json_guest_cannot_get_edit_info" file="/app/vendor/gammamatrix/playground-test/src/Feature/Http/Controllers/Resource/Playground/EditJsonTrait.php" line="38" class="Tests\Feature\Playground\Lead\Resource\Http\Controllers\Playground\SourceRouteTest" classname="Tests.Feature.Playground.Lead.Resource.Http.Controllers.Playground.SourceRouteTest" assertions="1" time="0.365254"/>
        <testcase name="test_json_admin_can_get_edit_info" file="/app/vendor/gammamatrix/playground-test/src/Feature/Http/Controllers/Resource/Playground/EditJsonTrait.php" line="58" class="Tests\Feature\Playground\Lead\Resource\Http\Controllers\Playground\SourceRouteTest" classname="Tests.Feature.Playground.Lead.Resource.Http.Controllers.Playground.SourceRouteTest" assertions="4" time="0.344892"/>
        <testcase name="test_json_edit_as_admin_and_fail_validation_with_invalid_parameter" file="/app/vendor/gammamatrix/playground-test/src/Feature/Http/Controllers/Resource/Playground/EditJsonTrait.php" line="87" class="Tests\Feature\Playground\Lead\Resource\Http\Controllers\Playground\SourceRouteTest" classname="Tests.Feature.Playground.Lead.Resource.Http.Controllers.Playground.SourceRouteTest" assertions="4" time="0.352167"/>
        <testcase name="test_json_guest_cannot_get_index" file="/app/vendor/gammamatrix/playground-test/src/Feature/Http/Controllers/Resource/Playground/IndexJsonTrait.php" line="34" class="Tests\Feature\Playground\Lead\Resource\Http\Controllers\Playground\SourceRouteTest" classname="Tests.Feature.Playground.Lead.Resource.Http.Controllers.Playground.SourceRouteTest" assertions="1" time="0.368930"/>
        <testcase name="test_json_admin_can_get_index" file="/app/vendor/gammamatrix/playground-test/src/Feature/Http/Controllers/Resource/Playground/IndexJsonTrait.php" line="49" class="Tests\Feature\Playground\Lead\Resource\Http\Controllers\Playground\SourceRouteTest" classname="Tests.Feature.Playground.Lead.Resource.Http.Controllers.Playground.SourceRouteTest" assertions="115" time="0.351642"/>
        <testcase name="test_json_admin_can_get_index_with_filters" file="/app/vendor/gammamatrix/playground-test/src/Feature/Http/Controllers/Resource/Playground/IndexJsonTrait.php" line="85" class="Tests\Feature\Playground\Lead\Resource\Http\Controllers\Playground\SourceRouteTest" classname="Tests.Feature.Playground.Lead.Resource.Http.Controllers.Playground.SourceRouteTest" assertions="3" time="0.349024"/>
        <testcase name="test_json_guest_cannot_lock" file="/app/vendor/gammamatrix/playground-test/src/Feature/Http/Controllers/Resource/Playground/LockJsonTrait.php" line="36" class="Tests\Feature\Playground\Lead\Resource\Http\Controllers\Playground\SourceRouteTest" classname="Tests.Feature.Playground.Lead.Resource.Http.Controllers.Playground.SourceRouteTest" assertions="3" time="0.367488"/>
        <testcase name="test_json_lock_as_admin_and_succeed" file="/app/vendor/gammamatrix/playground-test/src/Feature/Http/Controllers/Resource/Playground/LockJsonTrait.php" line="66" class="Tests\Feature\Playground\Lead\Resource\Http\Controllers\Playground\SourceRouteTest" classname="Tests.Feature.Playground.Lead.Resource.Http.Controllers.Playground.SourceRouteTest" assertions="3" time="0.347501"/>
        <testcase name="test_json_lock_as_admin_and_succeed_with_no_redirect" file="/app/vendor/gammamatrix/playground-test/src/Feature/Http/Controllers/Resource/Playground/LockJsonTrait.php" line="98" class="Tests\Feature\Playground\Lead\Resource\Http\Controllers\Playground\SourceRouteTest" classname="Tests.Feature.Playground.Lead.Resource.Http.Controllers.Playground.SourceRouteTest" assertions="110" time="0.350801"/>
        <testcase name="test_json_lock_as_user_and_get_denied" file="/app/vendor/gammamatrix/playground-test/src/Feature/Http/Controllers/Resource/Playground/LockJsonTrait.php" line="143" class="Tests\Feature\Playground\Lead\Resource\Http\Controllers\Playground\SourceRouteTest" classname="Tests.Feature.Playground.Lead.Resource.Http.Controllers.Playground.SourceRouteTest" assertions="3" time="0.372120"/>
        <testcase name="test_json_guest_cannot_restore" file="/app/vendor/gammamatrix/playground-test/src/Feature/Http/Controllers/Resource/Playground/RestoreJsonTrait.php" line="32" class="Tests\Feature\Playground\Lead\Resource\Http\Controllers\Playground\SourceRouteTest" classname="Tests.Feature.Playground.Lead.Resource.Http.Controllers.Playground.SourceRouteTest" assertions="3" time="0.343585"/>
        <testcase name="test_json_restore_as_admin_and_succeed" file="/app/vendor/gammamatrix/playground-test/src/Feature/Http/Controllers/Resource/Playground/RestoreJsonTrait.php" line="64" class="Tests\Feature\Playground\Lead\Resource\Http\Controllers\Playground\SourceRouteTest" classname="Tests.Feature.Playground.Lead.Resource.Http.Controllers.Playground.SourceRouteTest" assertions="110" time="0.355263"/>
        <testcase name="test_json_restore_as_admin_and_succeed_with_no_redirect" file="/app/vendor/gammamatrix/playground-test/src/Feature/Http/Controllers/Resource/Playground/RestoreJsonTrait.php" line="100" class="Tests\Feature\Playground\Lead\Resource\Http\Controllers\Playground\SourceRouteTest" classname="Tests.Feature.Playground.Lead.Resource.Http.Controllers.Playground.SourceRouteTest" assertions="110" time="0.386481"/>
        <testcase name="test_json_restore_as_user_and_get_denied" file="/app/vendor/gammamatrix/playground-test/src/Feature/Http/Controllers/Resource/Playground/RestoreJsonTrait.php" line="143" class="Tests\Feature\Playground\Lead\Resource\Http\Controllers\Playground\SourceRouteTest" classname="Tests.Feature.Playground.Lead.Resource.Http.Controllers.Playground.SourceRouteTest" assertions="3" time="0.348064"/>
        <testcase name="test_json_guest_cannot_see_info" file="/app/vendor/gammamatrix/playground-test/src/Feature/Http/Controllers/Resource/Playground/ShowJsonTrait.php" line="29" class="Tests\Feature\Playground\Lead\Resource\Http\Controllers\Playground\SourceRouteTest" classname="Tests.Feature.Playground.Lead.Resource.Http.Controllers.Playground.SourceRouteTest" assertions="1" time="0.332959"/>
        <testcase name="test_json_show_info_for_admin" file="/app/vendor/gammamatrix/playground-test/src/Feature/Http/Controllers/Resource/Playground/ShowJsonTrait.php" line="49" class="Tests\Feature\Playground\Lead\Resource\Http\Controllers\Playground\SourceRouteTest" classname="Tests.Feature.Playground.Lead.Resource.Http.Controllers.Playground.SourceRouteTest" assertions="109" time="0.380229"/>
        <testcase name="test_json_guest_cannot_store" file="/app/vendor/gammamatrix/playground-test/src/Feature/Http/Controllers/Resource/Playground/StoreJsonTrait.php" line="43" class="Tests\Feature\Playground\Lead\Resource\Http\Controllers\Playground\SourceRouteTest" classname="Tests.Feature.Playground.Lead.Resource.Http.Controllers.Playground.SourceRouteTest" assertions="3" time="0.321205"/>
        <testcase name="test_json_store_as_admin_without_payload_and_fail_validation" file="/app/vendor/gammamatrix/playground-test/src/Feature/Http/Controllers/Resource/Playground/StoreJsonTrait.php" line="66" class="Tests\Feature\Playground\Lead\Resource\Http\Controllers\Playground\SourceRouteTest" classname="Tests.Feature.Playground.Lead.Resource.Http.Controllers.Playground.SourceRouteTest" assertions="5" time="0.349254"/>
        <testcase name="test_json_store_as_admin_and_succeed" file="/app/vendor/gammamatrix/playground-test/src/Feature/Http/Controllers/Resource/Playground/StoreJsonTrait.php" line="92" class="Tests\Feature\Playground\Lead\Resource\Http\Controllers\Playground\SourceRouteTest" classname="Tests.Feature.Playground.Lead.Resource.Http.Controllers.Playground.SourceRouteTest" assertions="3" time="0.404649"/>
        <testcase name="test_json_guest_cannot_unlock" file="/app/vendor/gammamatrix/playground-test/src/Feature/Http/Controllers/Resource/Playground/UnlockJsonTrait.php" line="36" class="Tests\Feature\Playground\Lead\Resource\Http\Controllers\Playground\SourceRouteTest" classname="Tests.Feature.Playground.Lead.Resource.Http.Controllers.Playground.SourceRouteTest" assertions="3" time="0.330565"/>
        <testcase name="test_json_unlock_as_admin_and_succeed" file="/app/vendor/gammamatrix/playground-test/src/Feature/Http/Controllers/Resource/Playground/UnlockJsonTrait.php" line="68" class="Tests\Feature\Playground\Lead\Resource\Http\Controllers\Playground\SourceRouteTest" classname="Tests.Feature.Playground.Lead.Resource.Http.Controllers.Playground.SourceRouteTest" assertions="110" time="0.360429"/>
        <testcase name="test_json_unlock_as_admin_and_succeed_with_no_redirect" file="/app/vendor/gammamatrix/playground-test/src/Feature/Http/Controllers/Resource/Playground/UnlockJsonTrait.php" line="104" class="Tests\Feature\Playground\Lead\Resource\Http\Controllers\Playground\SourceRouteTest" classname="Tests.Feature.Playground.Lead.Resource.Http.Controllers.Playground.SourceRouteTest" assertions="110" time="0.384013"/>
        <testcase name="test_json_unlock_as_user_and_get_denied" file="/app/vendor/gammamatrix/playground-test/src/Feature/Http/Controllers/Resource/Playground/UnlockJsonTrait.php" line="145" class="Tests\Feature\Playground\Lead\Resource\Http\Controllers\Playground\SourceRouteTest" classname="Tests.Feature.Playground.Lead.Resource.Http.Controllers.Playground.SourceRouteTest" assertions="3" time="0.340057"/>
        <testcase name="test_json_guest_cannot_update" file="/app/vendor/gammamatrix/playground-test/src/Feature/Http/Controllers/Resource/Playground/UpdateJsonTrait.php" line="45" class="Tests\Feature\Playground\Lead\Resource\Http\Controllers\Playground\SourceRouteTest" classname="Tests.Feature.Playground.Lead.Resource.Http.Controllers.Playground.SourceRouteTest" assertions="1" time="0.329984"/>
        <testcase name="test_json_update_as_admin_without_payload_and_fail_validation" file="/app/vendor/gammamatrix/playground-test/src/Feature/Http/Controllers/Resource/Playground/UpdateJsonTrait.php" line="65" class="Tests\Feature\Playground\Lead\Resource\Http\Controllers\Playground\SourceRouteTest" classname="Tests.Feature.Playground.Lead.Resource.Http.Controllers.Playground.SourceRouteTest" assertions="4" time="0.412819"/>
        <testcase name="test_json_admin_can_update" file="/app/vendor/gammamatrix/playground-test/src/Feature/Http/Controllers/Resource/Playground/UpdateJsonTrait.php" line="90" class="Tests\Feature\Playground\Lead\Resource\Http\Controllers\Playground\SourceRouteTest" classname="Tests.Feature.Playground.Lead.Resource.Http.Controllers.Playground.SourceRouteTest" assertions="112" time="0.393908"/>
      </testsuite>
      <testsuite name="Tests\Feature\Playground\Lead\Resource\Http\Controllers\Playground\TaskRouteTest" file="/app/tests/Feature/Http/Controllers/Playground/TaskRouteTest.php" tests="35" assertions="1075" errors="0" failures="0" skipped="0" time="12.500257">
        <testcase name="test_json_guest_cannot_get_create_info" file="/app/vendor/gammamatrix/playground-test/src/Feature/Http/Controllers/Resource/Playground/CreateJsonTrait.php" line="38" class="Tests\Feature\Playground\Lead\Resource\Http\Controllers\Playground\TaskRouteTest" classname="Tests.Feature.Playground.Lead.Resource.Http.Controllers.Playground.TaskRouteTest" assertions="1" time="0.406790"/>
        <testcase name="test_json_admin_can_get_create_info" file="/app/vendor/gammamatrix/playground-test/src/Feature/Http/Controllers/Resource/Playground/CreateJsonTrait.php" line="53" class="Tests\Feature\Playground\Lead\Resource\Http\Controllers\Playground\TaskRouteTest" classname="Tests.Feature.Playground.Lead.Resource.Http.Controllers.Playground.TaskRouteTest" assertions="108" time="0.344631"/>
        <testcase name="test_json_get_create_info_as_admin_with_invalid_parameter_and_fail_validation" file="/app/vendor/gammamatrix/playground-test/src/Feature/Http/Controllers/Resource/Playground/CreateJsonTrait.php" line="73" class="Tests\Feature\Playground\Lead\Resource\Http\Controllers\Playground\TaskRouteTest" classname="Tests.Feature.Playground.Lead.Resource.Http.Controllers.Playground.TaskRouteTest" assertions="4" time="0.332166"/>
        <testcase name="test_json_guest_cannot_destroy" file="/app/vendor/gammamatrix/playground-test/src/Feature/Http/Controllers/Resource/Playground/DestroyJsonTrait.php" line="31" class="Tests\Feature\Playground\Lead\Resource\Http\Controllers\Playground\TaskRouteTest" classname="Tests.Feature.Playground.Lead.Resource.Http.Controllers.Playground.TaskRouteTest" assertions="3" time="0.360266"/>
        <testcase name="test_json_destroy_as_admin_and_succeed" file="/app/vendor/gammamatrix/playground-test/src/Feature/Http/Controllers/Resource/Playground/DestroyJsonTrait.php" line="61" class="Tests\Feature\Playground\Lead\Resource\Http\Controllers\Playground\TaskRouteTest" classname="Tests.Feature.Playground.Lead.Resource.Http.Controllers.Playground.TaskRouteTest" assertions="5" time="0.341488"/>
        <testcase name="test_json_destroy_as_admin_and_succeed_with_force_delete" file="/app/vendor/gammamatrix/playground-test/src/Feature/Http/Controllers/Resource/Playground/DestroyJsonTrait.php" line="100" class="Tests\Feature\Playground\Lead\Resource\Http\Controllers\Playground\TaskRouteTest" classname="Tests.Feature.Playground.Lead.Resource.Http.Controllers.Playground.TaskRouteTest" assertions="4" time="0.337362"/>
        <testcase name="test_json_destroy_as_admin_and_succeed_with_no_content" file="/app/vendor/gammamatrix/playground-test/src/Feature/Http/Controllers/Resource/Playground/DestroyJsonTrait.php" line="132" class="Tests\Feature\Playground\Lead\Resource\Http\Controllers\Playground\TaskRouteTest" classname="Tests.Feature.Playground.Lead.Resource.Http.Controllers.Playground.TaskRouteTest" assertions="5" time="0.375223"/>
        <testcase name="test_json_destroy_as_admin_and_succeed_and_ignore_redirect" file="/app/vendor/gammamatrix/playground-test/src/Feature/Http/Controllers/Resource/Playground/DestroyJsonTrait.php" line="167" class="Tests\Feature\Playground\Lead\Resource\Http\Controllers\Playground\TaskRouteTest" classname="Tests.Feature.Playground.Lead.Resource.Http.Controllers.Playground.TaskRouteTest" assertions="5" time="0.334216"/>
        <testcase name="test_json_destroy_as_user_and_get_denied_and_no_force_delete_allowed" file="/app/vendor/gammamatrix/playground-test/src/Feature/Http/Controllers/Resource/Playground/DestroyJsonTrait.php" line="209" class="Tests\Feature\Playground\Lead\Resource\Http\Controllers\Playground\TaskRouteTest" classname="Tests.Feature.Playground.Lead.Resource.Http.Controllers.Playground.TaskRouteTest" assertions="3" time="0.332980"/>
        <testcase name="test_json_guest_cannot_get_edit_info" file="/app/vendor/gammamatrix/playground-test/src/Feature/Http/Controllers/Resource/Playground/EditJsonTrait.php" line="38" class="Tests\Feature\Playground\Lead\Resource\Http\Controllers\Playground\TaskRouteTest" classname="Tests.Feature.Playground.Lead.Resource.Http.Controllers.Playground.TaskRouteTest" assertions="1" time="0.365750"/>
        <testcase name="test_json_admin_can_get_edit_info" file="/app/vendor/gammamatrix/playground-test/src/Feature/Http/Controllers/Resource/Playground/EditJsonTrait.php" line="58" class="Tests\Feature\Playground\Lead\Resource\Http\Controllers\Playground\TaskRouteTest" classname="Tests.Feature.Playground.Lead.Resource.Http.Controllers.Playground.TaskRouteTest" assertions="4" time="0.348633"/>
        <testcase name="test_json_edit_as_admin_and_fail_validation_with_invalid_parameter" file="/app/vendor/gammamatrix/playground-test/src/Feature/Http/Controllers/Resource/Playground/EditJsonTrait.php" line="87" class="Tests\Feature\Playground\Lead\Resource\Http\Controllers\Playground\TaskRouteTest" classname="Tests.Feature.Playground.Lead.Resource.Http.Controllers.Playground.TaskRouteTest" assertions="4" time="0.357536"/>
        <testcase name="test_json_guest_cannot_get_index" file="/app/vendor/gammamatrix/playground-test/src/Feature/Http/Controllers/Resource/Playground/IndexJsonTrait.php" line="34" class="Tests\Feature\Playground\Lead\Resource\Http\Controllers\Playground\TaskRouteTest" classname="Tests.Feature.Playground.Lead.Resource.Http.Controllers.Playground.TaskRouteTest" assertions="1" time="0.372590"/>
        <testcase name="test_json_admin_can_get_index" file="/app/vendor/gammamatrix/playground-test/src/Feature/Http/Controllers/Resource/Playground/IndexJsonTrait.php" line="49" class="Tests\Feature\Playground\Lead\Resource\Http\Controllers\Playground\TaskRouteTest" classname="Tests.Feature.Playground.Lead.Resource.Http.Controllers.Playground.TaskRouteTest" assertions="115" time="0.354325"/>
        <testcase name="test_json_admin_can_get_index_with_filters" file="/app/vendor/gammamatrix/playground-test/src/Feature/Http/Controllers/Resource/Playground/IndexJsonTrait.php" line="85" class="Tests\Feature\Playground\Lead\Resource\Http\Controllers\Playground\TaskRouteTest" classname="Tests.Feature.Playground.Lead.Resource.Http.Controllers.Playground.TaskRouteTest" assertions="3" time="0.348670"/>
        <testcase name="test_json_guest_cannot_lock" file="/app/vendor/gammamatrix/playground-test/src/Feature/Http/Controllers/Resource/Playground/LockJsonTrait.php" line="36" class="Tests\Feature\Playground\Lead\Resource\Http\Controllers\Playground\TaskRouteTest" classname="Tests.Feature.Playground.Lead.Resource.Http.Controllers.Playground.TaskRouteTest" assertions="3" time="0.371284"/>
        <testcase name="test_json_lock_as_admin_and_succeed" file="/app/vendor/gammamatrix/playground-test/src/Feature/Http/Controllers/Resource/Playground/LockJsonTrait.php" line="66" class="Tests\Feature\Playground\Lead\Resource\Http\Controllers\Playground\TaskRouteTest" classname="Tests.Feature.Playground.Lead.Resource.Http.Controllers.Playground.TaskRouteTest" assertions="3" time="0.346598"/>
        <testcase name="test_json_lock_as_admin_and_succeed_with_no_redirect" file="/app/vendor/gammamatrix/playground-test/src/Feature/Http/Controllers/Resource/Playground/LockJsonTrait.php" line="98" class="Tests\Feature\Playground\Lead\Resource\Http\Controllers\Playground\TaskRouteTest" classname="Tests.Feature.Playground.Lead.Resource.Http.Controllers.Playground.TaskRouteTest" assertions="110" time="0.346520"/>
        <testcase name="test_json_lock_as_user_and_get_denied" file="/app/vendor/gammamatrix/playground-test/src/Feature/Http/Controllers/Resource/Playground/LockJsonTrait.php" line="143" class="Tests\Feature\Playground\Lead\Resource\Http\Controllers\Playground\TaskRouteTest" classname="Tests.Feature.Playground.Lead.Resource.Http.Controllers.Playground.TaskRouteTest" assertions="3" time="0.374217"/>
        <testcase name="test_json_guest_cannot_restore" file="/app/vendor/gammamatrix/playground-test/src/Feature/Http/Controllers/Resource/Playground/RestoreJsonTrait.php" line="32" class="Tests\Feature\Playground\Lead\Resource\Http\Controllers\Playground\TaskRouteTest" classname="Tests.Feature.Playground.Lead.Resource.Http.Controllers.Playground.TaskRouteTest" assertions="3" time="0.334607"/>
        <testcase name="test_json_restore_as_admin_and_succeed" file="/app/vendor/gammamatrix/playground-test/src/Feature/Http/Controllers/Resource/Playground/RestoreJsonTrait.php" line="64" class="Tests\Feature\Playground\Lead\Resource\Http\Controllers\Playground\TaskRouteTest" classname="Tests.Feature.Playground.Lead.Resource.Http.Controllers.Playground.TaskRouteTest" assertions="110" time="0.350101"/>
        <testcase name="test_json_restore_as_admin_and_succeed_with_no_redirect" file="/app/vendor/gammamatrix/playground-test/src/Feature/Http/Controllers/Resource/Playground/RestoreJsonTrait.php" line="100" class="Tests\Feature\Playground\Lead\Resource\Http\Controllers\Playground\TaskRouteTest" classname="Tests.Feature.Playground.Lead.Resource.Http.Controllers.Playground.TaskRouteTest" assertions="110" time="0.379264"/>
        <testcase name="test_json_restore_as_user_and_get_denied" file="/app/vendor/gammamatrix/playground-test/src/Feature/Http/Controllers/Resource/Playground/RestoreJsonTrait.php" line="143" class="Tests\Feature\Playground\Lead\Resource\Http\Controllers\Playground\TaskRouteTest" classname="Tests.Feature.Playground.Lead.Resource.Http.Controllers.Playground.TaskRouteTest" assertions="3" time="0.344442"/>
        <testcase name="test_json_guest_cannot_see_info" file="/app/vendor/gammamatrix/playground-test/src/Feature/Http/Controllers/Resource/Playground/ShowJsonTrait.php" line="29" class="Tests\Feature\Playground\Lead\Resource\Http\Controllers\Playground\TaskRouteTest" classname="Tests.Feature.Playground.Lead.Resource.Http.Controllers.Playground.TaskRouteTest" assertions="1" time="0.333991"/>
        <testcase name="test_json_show_info_for_admin" file="/app/vendor/gammamatrix/playground-test/src/Feature/Http/Controllers/Resource/Playground/ShowJsonTrait.php" line="49" class="Tests\Feature\Playground\Lead\Resource\Http\Controllers\Playground\TaskRouteTest" classname="Tests.Feature.Playground.Lead.Resource.Http.Controllers.Playground.TaskRouteTest" assertions="109" time="0.382165"/>
        <testcase name="test_json_guest_cannot_store" file="/app/vendor/gammamatrix/playground-test/src/Feature/Http/Controllers/Resource/Playground/StoreJsonTrait.php" line="43" class="Tests\Feature\Playground\Lead\Resource\Http\Controllers\Playground\TaskRouteTest" classname="Tests.Feature.Playground.Lead.Resource.Http.Controllers.Playground.TaskRouteTest" assertions="3" time="0.331212"/>
        <testcase name="test_json_store_as_admin_without_payload_and_fail_validation" file="/app/vendor/gammamatrix/playground-test/src/Feature/Http/Controllers/Resource/Playground/StoreJsonTrait.php" line="66" class="Tests\Feature\Playground\Lead\Resource\Http\Controllers\Playground\TaskRouteTest" classname="Tests.Feature.Playground.Lead.Resource.Http.Controllers.Playground.TaskRouteTest" assertions="5" time="0.340579"/>
        <testcase name="test_json_store_as_admin_and_succeed" file="/app/vendor/gammamatrix/playground-test/src/Feature/Http/Controllers/Resource/Playground/StoreJsonTrait.php" line="92" class="Tests\Feature\Playground\Lead\Resource\Http\Controllers\Playground\TaskRouteTest" classname="Tests.Feature.Playground.Lead.Resource.Http.Controllers.Playground.TaskRouteTest" assertions="3" time="0.413620"/>
        <testcase name="test_json_guest_cannot_unlock" file="/app/vendor/gammamatrix/playground-test/src/Feature/Http/Controllers/Resource/Playground/UnlockJsonTrait.php" line="36" class="Tests\Feature\Playground\Lead\Resource\Http\Controllers\Playground\TaskRouteTest" classname="Tests.Feature.Playground.Lead.Resource.Http.Controllers.Playground.TaskRouteTest" assertions="3" time="0.332553"/>
        <testcase name="test_json_unlock_as_admin_and_succeed" file="/app/vendor/gammamatrix/playground-test/src/Feature/Http/Controllers/Resource/Playground/UnlockJsonTrait.php" line="68" class="Tests\Feature\Playground\Lead\Resource\Http\Controllers\Playground\TaskRouteTest" classname="Tests.Feature.Playground.Lead.Resource.Http.Controllers.Playground.TaskRouteTest" assertions="110" time="0.353088"/>
        <testcase name="test_json_unlock_as_admin_and_succeed_with_no_redirect" file="/app/vendor/gammamatrix/playground-test/src/Feature/Http/Controllers/Resource/Playground/UnlockJsonTrait.php" line="104" class="Tests\Feature\Playground\Lead\Resource\Http\Controllers\Playground\TaskRouteTest" classname="Tests.Feature.Playground.Lead.Resource.Http.Controllers.Playground.TaskRouteTest" assertions="110" time="0.388118"/>
        <testcase name="test_json_unlock_as_user_and_get_denied" file="/app/vendor/gammamatrix/playground-test/src/Feature/Http/Controllers/Resource/Playground/UnlockJsonTrait.php" line="145" class="Tests\Feature\Playground\Lead\Resource\Http\Controllers\Playground\TaskRouteTest" classname="Tests.Feature.Playground.Lead.Resource.Http.Controllers.Playground.TaskRouteTest" assertions="3" time="0.340048"/>
        <testcase name="test_json_guest_cannot_update" file="/app/vendor/gammamatrix/playground-test/src/Feature/Http/Controllers/Resource/Playground/UpdateJsonTrait.php" line="45" class="Tests\Feature\Playground\Lead\Resource\Http\Controllers\Playground\TaskRouteTest" classname="Tests.Feature.Playground.Lead.Resource.Http.Controllers.Playground.TaskRouteTest" assertions="1" time="0.336278"/>
        <testcase name="test_json_update_as_admin_without_payload_and_fail_validation" file="/app/vendor/gammamatrix/playground-test/src/Feature/Http/Controllers/Resource/Playground/UpdateJsonTrait.php" line="65" class="Tests\Feature\Playground\Lead\Resource\Http\Controllers\Playground\TaskRouteTest" classname="Tests.Feature.Playground.Lead.Resource.Http.Controllers.Playground.TaskRouteTest" assertions="4" time="0.398461"/>
        <testcase name="test_json_admin_can_update" file="/app/vendor/gammamatrix/playground-test/src/Feature/Http/Controllers/Resource/Playground/UpdateJsonTrait.php" line="90" class="Tests\Feature\Playground\Lead\Resource\Http\Controllers\Playground\TaskRouteTest" classname="Tests.Feature.Playground.Lead.Resource.Http.Controllers.Playground.TaskRouteTest" assertions="112" time="0.390483"/>
      </testsuite>
      <testsuite name="Tests\Feature\Playground\Lead\Resource\Http\Controllers\Playground\TeamRouteTest" file="/app/tests/Feature/Http/Controllers/Playground/TeamRouteTest.php" tests="35" assertions="1075" errors="0" failures="0" skipped="0" time="12.611118">
        <testcase name="test_json_guest_cannot_get_create_info" file="/app/vendor/gammamatrix/playground-test/src/Feature/Http/Controllers/Resource/Playground/CreateJsonTrait.php" line="38" class="Tests\Feature\Playground\Lead\Resource\Http\Controllers\Playground\TeamRouteTest" classname="Tests.Feature.Playground.Lead.Resource.Http.Controllers.Playground.TeamRouteTest" assertions="1" time="0.410284"/>
        <testcase name="test_json_admin_can_get_create_info" file="/app/vendor/gammamatrix/playground-test/src/Feature/Http/Controllers/Resource/Playground/CreateJsonTrait.php" line="53" class="Tests\Feature\Playground\Lead\Resource\Http\Controllers\Playground\TeamRouteTest" classname="Tests.Feature.Playground.Lead.Resource.Http.Controllers.Playground.TeamRouteTest" assertions="108" time="0.345226"/>
        <testcase name="test_json_get_create_info_as_admin_with_invalid_parameter_and_fail_validation" file="/app/vendor/gammamatrix/playground-test/src/Feature/Http/Controllers/Resource/Playground/CreateJsonTrait.php" line="73" class="Tests\Feature\Playground\Lead\Resource\Http\Controllers\Playground\TeamRouteTest" classname="Tests.Feature.Playground.Lead.Resource.Http.Controllers.Playground.TeamRouteTest" assertions="4" time="0.335815"/>
        <testcase name="test_json_guest_cannot_destroy" file="/app/vendor/gammamatrix/playground-test/src/Feature/Http/Controllers/Resource/Playground/DestroyJsonTrait.php" line="31" class="Tests\Feature\Playground\Lead\Resource\Http\Controllers\Playground\TeamRouteTest" classname="Tests.Feature.Playground.Lead.Resource.Http.Controllers.Playground.TeamRouteTest" assertions="3" time="0.366035"/>
        <testcase name="test_json_destroy_as_admin_and_succeed" file="/app/vendor/gammamatrix/playground-test/src/Feature/Http/Controllers/Resource/Playground/DestroyJsonTrait.php" line="61" class="Tests\Feature\Playground\Lead\Resource\Http\Controllers\Playground\TeamRouteTest" classname="Tests.Feature.Playground.Lead.Resource.Http.Controllers.Playground.TeamRouteTest" assertions="5" time="0.346145"/>
        <testcase name="test_json_destroy_as_admin_and_succeed_with_force_delete" file="/app/vendor/gammamatrix/playground-test/src/Feature/Http/Controllers/Resource/Playground/DestroyJsonTrait.php" line="100" class="Tests\Feature\Playground\Lead\Resource\Http\Controllers\Playground\TeamRouteTest" classname="Tests.Feature.Playground.Lead.Resource.Http.Controllers.Playground.TeamRouteTest" assertions="4" time="0.355504"/>
        <testcase name="test_json_destroy_as_admin_and_succeed_with_no_content" file="/app/vendor/gammamatrix/playground-test/src/Feature/Http/Controllers/Resource/Playground/DestroyJsonTrait.php" line="132" class="Tests\Feature\Playground\Lead\Resource\Http\Controllers\Playground\TeamRouteTest" classname="Tests.Feature.Playground.Lead.Resource.Http.Controllers.Playground.TeamRouteTest" assertions="5" time="0.397191"/>
        <testcase name="test_json_destroy_as_admin_and_succeed_and_ignore_redirect" file="/app/vendor/gammamatrix/playground-test/src/Feature/Http/Controllers/Resource/Playground/DestroyJsonTrait.php" line="167" class="Tests\Feature\Playground\Lead\Resource\Http\Controllers\Playground\TeamRouteTest" classname="Tests.Feature.Playground.Lead.Resource.Http.Controllers.Playground.TeamRouteTest" assertions="5" time="0.334707"/>
        <testcase name="test_json_destroy_as_user_and_get_denied_and_no_force_delete_allowed" file="/app/vendor/gammamatrix/playground-test/src/Feature/Http/Controllers/Resource/Playground/DestroyJsonTrait.php" line="209" class="Tests\Feature\Playground\Lead\Resource\Http\Controllers\Playground\TeamRouteTest" classname="Tests.Feature.Playground.Lead.Resource.Http.Controllers.Playground.TeamRouteTest" assertions="3" time="0.337309"/>
        <testcase name="test_json_guest_cannot_get_edit_info" file="/app/vendor/gammamatrix/playground-test/src/Feature/Http/Controllers/Resource/Playground/EditJsonTrait.php" line="38" class="Tests\Feature\Playground\Lead\Resource\Http\Controllers\Playground\TeamRouteTest" classname="Tests.Feature.Playground.Lead.Resource.Http.Controllers.Playground.TeamRouteTest" assertions="1" time="0.366871"/>
        <testcase name="test_json_admin_can_get_edit_info" file="/app/vendor/gammamatrix/playground-test/src/Feature/Http/Controllers/Resource/Playground/EditJsonTrait.php" line="58" class="Tests\Feature\Playground\Lead\Resource\Http\Controllers\Playground\TeamRouteTest" classname="Tests.Feature.Playground.Lead.Resource.Http.Controllers.Playground.TeamRouteTest" assertions="4" time="0.348004"/>
        <testcase name="test_json_edit_as_admin_and_fail_validation_with_invalid_parameter" file="/app/vendor/gammamatrix/playground-test/src/Feature/Http/Controllers/Resource/Playground/EditJsonTrait.php" line="87" class="Tests\Feature\Playground\Lead\Resource\Http\Controllers\Playground\TeamRouteTest" classname="Tests.Feature.Playground.Lead.Resource.Http.Controllers.Playground.TeamRouteTest" assertions="4" time="0.351641"/>
        <testcase name="test_json_guest_cannot_get_index" file="/app/vendor/gammamatrix/playground-test/src/Feature/Http/Controllers/Resource/Playground/IndexJsonTrait.php" line="34" class="Tests\Feature\Playground\Lead\Resource\Http\Controllers\Playground\TeamRouteTest" classname="Tests.Feature.Playground.Lead.Resource.Http.Controllers.Playground.TeamRouteTest" assertions="1" time="0.368477"/>
        <testcase name="test_json_admin_can_get_index" file="/app/vendor/gammamatrix/playground-test/src/Feature/Http/Controllers/Resource/Playground/IndexJsonTrait.php" line="49" class="Tests\Feature\Playground\Lead\Resource\Http\Controllers\Playground\TeamRouteTest" classname="Tests.Feature.Playground.Lead.Resource.Http.Controllers.Playground.TeamRouteTest" assertions="115" time="0.353433"/>
        <testcase name="test_json_admin_can_get_index_with_filters" file="/app/vendor/gammamatrix/playground-test/src/Feature/Http/Controllers/Resource/Playground/IndexJsonTrait.php" line="85" class="Tests\Feature\Playground\Lead\Resource\Http\Controllers\Playground\TeamRouteTest" classname="Tests.Feature.Playground.Lead.Resource.Http.Controllers.Playground.TeamRouteTest" assertions="3" time="0.350253"/>
        <testcase name="test_json_guest_cannot_lock" file="/app/vendor/gammamatrix/playground-test/src/Feature/Http/Controllers/Resource/Playground/LockJsonTrait.php" line="36" class="Tests\Feature\Playground\Lead\Resource\Http\Controllers\Playground\TeamRouteTest" classname="Tests.Feature.Playground.Lead.Resource.Http.Controllers.Playground.TeamRouteTest" assertions="3" time="0.369885"/>
        <testcase name="test_json_lock_as_admin_and_succeed" file="/app/vendor/gammamatrix/playground-test/src/Feature/Http/Controllers/Resource/Playground/LockJsonTrait.php" line="66" class="Tests\Feature\Playground\Lead\Resource\Http\Controllers\Playground\TeamRouteTest" classname="Tests.Feature.Playground.Lead.Resource.Http.Controllers.Playground.TeamRouteTest" assertions="3" time="0.347670"/>
        <testcase name="test_json_lock_as_admin_and_succeed_with_no_redirect" file="/app/vendor/gammamatrix/playground-test/src/Feature/Http/Controllers/Resource/Playground/LockJsonTrait.php" line="98" class="Tests\Feature\Playground\Lead\Resource\Http\Controllers\Playground\TeamRouteTest" classname="Tests.Feature.Playground.Lead.Resource.Http.Controllers.Playground.TeamRouteTest" assertions="110" time="0.345242"/>
        <testcase name="test_json_lock_as_user_and_get_denied" file="/app/vendor/gammamatrix/playground-test/src/Feature/Http/Controllers/Resource/Playground/LockJsonTrait.php" line="143" class="Tests\Feature\Playground\Lead\Resource\Http\Controllers\Playground\TeamRouteTest" classname="Tests.Feature.Playground.Lead.Resource.Http.Controllers.Playground.TeamRouteTest" assertions="3" time="0.362674"/>
        <testcase name="test_json_guest_cannot_restore" file="/app/vendor/gammamatrix/playground-test/src/Feature/Http/Controllers/Resource/Playground/RestoreJsonTrait.php" line="32" class="Tests\Feature\Playground\Lead\Resource\Http\Controllers\Playground\TeamRouteTest" classname="Tests.Feature.Playground.Lead.Resource.Http.Controllers.Playground.TeamRouteTest" assertions="3" time="0.336923"/>
        <testcase name="test_json_restore_as_admin_and_succeed" file="/app/vendor/gammamatrix/playground-test/src/Feature/Http/Controllers/Resource/Playground/RestoreJsonTrait.php" line="64" class="Tests\Feature\Playground\Lead\Resource\Http\Controllers\Playground\TeamRouteTest" classname="Tests.Feature.Playground.Lead.Resource.Http.Controllers.Playground.TeamRouteTest" assertions="110" time="0.348233"/>
        <testcase name="test_json_restore_as_admin_and_succeed_with_no_redirect" file="/app/vendor/gammamatrix/playground-test/src/Feature/Http/Controllers/Resource/Playground/RestoreJsonTrait.php" line="100" class="Tests\Feature\Playground\Lead\Resource\Http\Controllers\Playground\TeamRouteTest" classname="Tests.Feature.Playground.Lead.Resource.Http.Controllers.Playground.TeamRouteTest" assertions="110" time="0.398158"/>
        <testcase name="test_json_restore_as_user_and_get_denied" file="/app/vendor/gammamatrix/playground-test/src/Feature/Http/Controllers/Resource/Playground/RestoreJsonTrait.php" line="143" class="Tests\Feature\Playground\Lead\Resource\Http\Controllers\Playground\TeamRouteTest" classname="Tests.Feature.Playground.Lead.Resource.Http.Controllers.Playground.TeamRouteTest" assertions="3" time="0.338768"/>
        <testcase name="test_json_guest_cannot_see_info" file="/app/vendor/gammamatrix/playground-test/src/Feature/Http/Controllers/Resource/Playground/ShowJsonTrait.php" line="29" class="Tests\Feature\Playground\Lead\Resource\Http\Controllers\Playground\TeamRouteTest" classname="Tests.Feature.Playground.Lead.Resource.Http.Controllers.Playground.TeamRouteTest" assertions="1" time="0.331985"/>
        <testcase name="test_json_show_info_for_admin" file="/app/vendor/gammamatrix/playground-test/src/Feature/Http/Controllers/Resource/Playground/ShowJsonTrait.php" line="49" class="Tests\Feature\Playground\Lead\Resource\Http\Controllers\Playground\TeamRouteTest" classname="Tests.Feature.Playground.Lead.Resource.Http.Controllers.Playground.TeamRouteTest" assertions="109" time="0.394686"/>
        <testcase name="test_json_guest_cannot_store" file="/app/vendor/gammamatrix/playground-test/src/Feature/Http/Controllers/Resource/Playground/StoreJsonTrait.php" line="43" class="Tests\Feature\Playground\Lead\Resource\Http\Controllers\Playground\TeamRouteTest" classname="Tests.Feature.Playground.Lead.Resource.Http.Controllers.Playground.TeamRouteTest" assertions="3" time="0.326152"/>
        <testcase name="test_json_store_as_admin_without_payload_and_fail_validation" file="/app/vendor/gammamatrix/playground-test/src/Feature/Http/Controllers/Resource/Playground/StoreJsonTrait.php" line="66" class="Tests\Feature\Playground\Lead\Resource\Http\Controllers\Playground\TeamRouteTest" classname="Tests.Feature.Playground.Lead.Resource.Http.Controllers.Playground.TeamRouteTest" assertions="5" time="0.342888"/>
        <testcase name="test_json_store_as_admin_and_succeed" file="/app/vendor/gammamatrix/playground-test/src/Feature/Http/Controllers/Resource/Playground/StoreJsonTrait.php" line="92" class="Tests\Feature\Playground\Lead\Resource\Http\Controllers\Playground\TeamRouteTest" classname="Tests.Feature.Playground.Lead.Resource.Http.Controllers.Playground.TeamRouteTest" assertions="3" time="0.425892"/>
        <testcase name="test_json_guest_cannot_unlock" file="/app/vendor/gammamatrix/playground-test/src/Feature/Http/Controllers/Resource/Playground/UnlockJsonTrait.php" line="36" class="Tests\Feature\Playground\Lead\Resource\Http\Controllers\Playground\TeamRouteTest" classname="Tests.Feature.Playground.Lead.Resource.Http.Controllers.Playground.TeamRouteTest" assertions="3" time="0.331544"/>
        <testcase name="test_json_unlock_as_admin_and_succeed" file="/app/vendor/gammamatrix/playground-test/src/Feature/Http/Controllers/Resource/Playground/UnlockJsonTrait.php" line="68" class="Tests\Feature\Playground\Lead\Resource\Http\Controllers\Playground\TeamRouteTest" classname="Tests.Feature.Playground.Lead.Resource.Http.Controllers.Playground.TeamRouteTest" assertions="110" time="0.429462"/>
        <testcase name="test_json_unlock_as_admin_and_succeed_with_no_redirect" file="/app/vendor/gammamatrix/playground-test/src/Feature/Http/Controllers/Resource/Playground/UnlockJsonTrait.php" line="104" class="Tests\Feature\Playground\Lead\Resource\Http\Controllers\Playground\TeamRouteTest" classname="Tests.Feature.Playground.Lead.Resource.Http.Controllers.Playground.TeamRouteTest" assertions="110" time="0.352638"/>
        <testcase name="test_json_unlock_as_user_and_get_denied" file="/app/vendor/gammamatrix/playground-test/src/Feature/Http/Controllers/Resource/Playground/UnlockJsonTrait.php" line="145" class="Tests\Feature\Playground\Lead\Resource\Http\Controllers\Playground\TeamRouteTest" classname="Tests.Feature.Playground.Lead.Resource.Http.Controllers.Playground.TeamRouteTest" assertions="3" time="0.345175"/>
        <testcase name="test_json_guest_cannot_update" file="/app/vendor/gammamatrix/playground-test/src/Feature/Http/Controllers/Resource/Playground/UpdateJsonTrait.php" line="45" class="Tests\Feature\Playground\Lead\Resource\Http\Controllers\Playground\TeamRouteTest" classname="Tests.Feature.Playground.Lead.Resource.Http.Controllers.Playground.TeamRouteTest" assertions="1" time="0.368119"/>
        <testcase name="test_json_update_as_admin_without_payload_and_fail_validation" file="/app/vendor/gammamatrix/playground-test/src/Feature/Http/Controllers/Resource/Playground/UpdateJsonTrait.php" line="65" class="Tests\Feature\Playground\Lead\Resource\Http\Controllers\Playground\TeamRouteTest" classname="Tests.Feature.Playground.Lead.Resource.Http.Controllers.Playground.TeamRouteTest" assertions="4" time="0.347302"/>
        <testcase name="test_json_admin_can_update" file="/app/vendor/gammamatrix/playground-test/src/Feature/Http/Controllers/Resource/Playground/UpdateJsonTrait.php" line="90" class="Tests\Feature\Playground\Lead\Resource\Http\Controllers\Playground\TeamRouteTest" classname="Tests.Feature.Playground.Lead.Resource.Http.Controllers.Playground.TeamRouteTest" assertions="112" time="0.400826"/>
      </testsuite>
      <testsuite name="Tests\Feature\Playground\Lead\Resource\Http\Controllers\Playground\TeammateRouteTest" file="/app/tests/Feature/Http/Controllers/Playground/TeammateRouteTest.php" tests="35" assertions="1075" errors="0" failures="0" skipped="0" time="12.718622">
        <testcase name="test_json_guest_cannot_get_create_info" file="/app/vendor/gammamatrix/playground-test/src/Feature/Http/Controllers/Resource/Playground/CreateJsonTrait.php" line="38" class="Tests\Feature\Playground\Lead\Resource\Http\Controllers\Playground\TeammateRouteTest" classname="Tests.Feature.Playground.Lead.Resource.Http.Controllers.Playground.TeammateRouteTest" assertions="1" time="0.404719"/>
        <testcase name="test_json_admin_can_get_create_info" file="/app/vendor/gammamatrix/playground-test/src/Feature/Http/Controllers/Resource/Playground/CreateJsonTrait.php" line="53" class="Tests\Feature\Playground\Lead\Resource\Http\Controllers\Playground\TeammateRouteTest" classname="Tests.Feature.Playground.Lead.Resource.Http.Controllers.Playground.TeammateRouteTest" assertions="108" time="0.342256"/>
        <testcase name="test_json_get_create_info_as_admin_with_invalid_parameter_and_fail_validation" file="/app/vendor/gammamatrix/playground-test/src/Feature/Http/Controllers/Resource/Playground/CreateJsonTrait.php" line="73" class="Tests\Feature\Playground\Lead\Resource\Http\Controllers\Playground\TeammateRouteTest" classname="Tests.Feature.Playground.Lead.Resource.Http.Controllers.Playground.TeammateRouteTest" assertions="4" time="0.334629"/>
        <testcase name="test_json_guest_cannot_destroy" file="/app/vendor/gammamatrix/playground-test/src/Feature/Http/Controllers/Resource/Playground/DestroyJsonTrait.php" line="31" class="Tests\Feature\Playground\Lead\Resource\Http\Controllers\Playground\TeammateRouteTest" classname="Tests.Feature.Playground.Lead.Resource.Http.Controllers.Playground.TeammateRouteTest" assertions="3" time="0.369840"/>
        <testcase name="test_json_destroy_as_admin_and_succeed" file="/app/vendor/gammamatrix/playground-test/src/Feature/Http/Controllers/Resource/Playground/DestroyJsonTrait.php" line="61" class="Tests\Feature\Playground\Lead\Resource\Http\Controllers\Playground\TeammateRouteTest" classname="Tests.Feature.Playground.Lead.Resource.Http.Controllers.Playground.TeammateRouteTest" assertions="5" time="0.334299"/>
        <testcase name="test_json_destroy_as_admin_and_succeed_with_force_delete" file="/app/vendor/gammamatrix/playground-test/src/Feature/Http/Controllers/Resource/Playground/DestroyJsonTrait.php" line="100" class="Tests\Feature\Playground\Lead\Resource\Http\Controllers\Playground\TeammateRouteTest" classname="Tests.Feature.Playground.Lead.Resource.Http.Controllers.Playground.TeammateRouteTest" assertions="4" time="0.345848"/>
        <testcase name="test_json_destroy_as_admin_and_succeed_with_no_content" file="/app/vendor/gammamatrix/playground-test/src/Feature/Http/Controllers/Resource/Playground/DestroyJsonTrait.php" line="132" class="Tests\Feature\Playground\Lead\Resource\Http\Controllers\Playground\TeammateRouteTest" classname="Tests.Feature.Playground.Lead.Resource.Http.Controllers.Playground.TeammateRouteTest" assertions="5" time="0.387469"/>
        <testcase name="test_json_destroy_as_admin_and_succeed_and_ignore_redirect" file="/app/vendor/gammamatrix/playground-test/src/Feature/Http/Controllers/Resource/Playground/DestroyJsonTrait.php" line="167" class="Tests\Feature\Playground\Lead\Resource\Http\Controllers\Playground\TeammateRouteTest" classname="Tests.Feature.Playground.Lead.Resource.Http.Controllers.Playground.TeammateRouteTest" assertions="5" time="0.335403"/>
        <testcase name="test_json_destroy_as_user_and_get_denied_and_no_force_delete_allowed" file="/app/vendor/gammamatrix/playground-test/src/Feature/Http/Controllers/Resource/Playground/DestroyJsonTrait.php" line="209" class="Tests\Feature\Playground\Lead\Resource\Http\Controllers\Playground\TeammateRouteTest" classname="Tests.Feature.Playground.Lead.Resource.Http.Controllers.Playground.TeammateRouteTest" assertions="3" time="0.343428"/>
        <testcase name="test_json_guest_cannot_get_edit_info" file="/app/vendor/gammamatrix/playground-test/src/Feature/Http/Controllers/Resource/Playground/EditJsonTrait.php" line="38" class="Tests\Feature\Playground\Lead\Resource\Http\Controllers\Playground\TeammateRouteTest" classname="Tests.Feature.Playground.Lead.Resource.Http.Controllers.Playground.TeammateRouteTest" assertions="1" time="0.368475"/>
        <testcase name="test_json_admin_can_get_edit_info" file="/app/vendor/gammamatrix/playground-test/src/Feature/Http/Controllers/Resource/Playground/EditJsonTrait.php" line="58" class="Tests\Feature\Playground\Lead\Resource\Http\Controllers\Playground\TeammateRouteTest" classname="Tests.Feature.Playground.Lead.Resource.Http.Controllers.Playground.TeammateRouteTest" assertions="4" time="0.352088"/>
        <testcase name="test_json_edit_as_admin_and_fail_validation_with_invalid_parameter" file="/app/vendor/gammamatrix/playground-test/src/Feature/Http/Controllers/Resource/Playground/EditJsonTrait.php" line="87" class="Tests\Feature\Playground\Lead\Resource\Http\Controllers\Playground\TeammateRouteTest" classname="Tests.Feature.Playground.Lead.Resource.Http.Controllers.Playground.TeammateRouteTest" assertions="4" time="0.353509"/>
        <testcase name="test_json_guest_cannot_get_index" file="/app/vendor/gammamatrix/playground-test/src/Feature/Http/Controllers/Resource/Playground/IndexJsonTrait.php" line="34" class="Tests\Feature\Playground\Lead\Resource\Http\Controllers\Playground\TeammateRouteTest" classname="Tests.Feature.Playground.Lead.Resource.Http.Controllers.Playground.TeammateRouteTest" assertions="1" time="0.383052"/>
        <testcase name="test_json_admin_can_get_index" file="/app/vendor/gammamatrix/playground-test/src/Feature/Http/Controllers/Resource/Playground/IndexJsonTrait.php" line="49" class="Tests\Feature\Playground\Lead\Resource\Http\Controllers\Playground\TeammateRouteTest" classname="Tests.Feature.Playground.Lead.Resource.Http.Controllers.Playground.TeammateRouteTest" assertions="115" time="0.354636"/>
        <testcase name="test_json_admin_can_get_index_with_filters" file="/app/vendor/gammamatrix/playground-test/src/Feature/Http/Controllers/Resource/Playground/IndexJsonTrait.php" line="85" class="Tests\Feature\Playground\Lead\Resource\Http\Controllers\Playground\TeammateRouteTest" classname="Tests.Feature.Playground.Lead.Resource.Http.Controllers.Playground.TeammateRouteTest" assertions="3" time="0.349663"/>
        <testcase name="test_json_guest_cannot_lock" file="/app/vendor/gammamatrix/playground-test/src/Feature/Http/Controllers/Resource/Playground/LockJsonTrait.php" line="36" class="Tests\Feature\Playground\Lead\Resource\Http\Controllers\Playground\TeammateRouteTest" classname="Tests.Feature.Playground.Lead.Resource.Http.Controllers.Playground.TeammateRouteTest" assertions="3" time="0.375457"/>
        <testcase name="test_json_lock_as_admin_and_succeed" file="/app/vendor/gammamatrix/playground-test/src/Feature/Http/Controllers/Resource/Playground/LockJsonTrait.php" line="66" class="Tests\Feature\Playground\Lead\Resource\Http\Controllers\Playground\TeammateRouteTest" classname="Tests.Feature.Playground.Lead.Resource.Http.Controllers.Playground.TeammateRouteTest" assertions="3" time="0.371395"/>
        <testcase name="test_json_lock_as_admin_and_succeed_with_no_redirect" file="/app/vendor/gammamatrix/playground-test/src/Feature/Http/Controllers/Resource/Playground/LockJsonTrait.php" line="98" class="Tests\Feature\Playground\Lead\Resource\Http\Controllers\Playground\TeammateRouteTest" classname="Tests.Feature.Playground.Lead.Resource.Http.Controllers.Playground.TeammateRouteTest" assertions="110" time="0.399647"/>
        <testcase name="test_json_lock_as_user_and_get_denied" file="/app/vendor/gammamatrix/playground-test/src/Feature/Http/Controllers/Resource/Playground/LockJsonTrait.php" line="143" class="Tests\Feature\Playground\Lead\Resource\Http\Controllers\Playground\TeammateRouteTest" classname="Tests.Feature.Playground.Lead.Resource.Http.Controllers.Playground.TeammateRouteTest" assertions="3" time="0.336571"/>
        <testcase name="test_json_guest_cannot_restore" file="/app/vendor/gammamatrix/playground-test/src/Feature/Http/Controllers/Resource/Playground/RestoreJsonTrait.php" line="32" class="Tests\Feature\Playground\Lead\Resource\Http\Controllers\Playground\TeammateRouteTest" classname="Tests.Feature.Playground.Lead.Resource.Http.Controllers.Playground.TeammateRouteTest" assertions="3" time="0.331403"/>
        <testcase name="test_json_restore_as_admin_and_succeed" file="/app/vendor/gammamatrix/playground-test/src/Feature/Http/Controllers/Resource/Playground/RestoreJsonTrait.php" line="64" class="Tests\Feature\Playground\Lead\Resource\Http\Controllers\Playground\TeammateRouteTest" classname="Tests.Feature.Playground.Lead.Resource.Http.Controllers.Playground.TeammateRouteTest" assertions="110" time="0.403851"/>
        <testcase name="test_json_restore_as_admin_and_succeed_with_no_redirect" file="/app/vendor/gammamatrix/playground-test/src/Feature/Http/Controllers/Resource/Playground/RestoreJsonTrait.php" line="100" class="Tests\Feature\Playground\Lead\Resource\Http\Controllers\Playground\TeammateRouteTest" classname="Tests.Feature.Playground.Lead.Resource.Http.Controllers.Playground.TeammateRouteTest" assertions="110" time="0.350353"/>
        <testcase name="test_json_restore_as_user_and_get_denied" file="/app/vendor/gammamatrix/playground-test/src/Feature/Http/Controllers/Resource/Playground/RestoreJsonTrait.php" line="143" class="Tests\Feature\Playground\Lead\Resource\Http\Controllers\Playground\TeammateRouteTest" classname="Tests.Feature.Playground.Lead.Resource.Http.Controllers.Playground.TeammateRouteTest" assertions="3" time="0.341332"/>
        <testcase name="test_json_guest_cannot_see_info" file="/app/vendor/gammamatrix/playground-test/src/Feature/Http/Controllers/Resource/Playground/ShowJsonTrait.php" line="29" class="Tests\Feature\Playground\Lead\Resource\Http\Controllers\Playground\TeammateRouteTest" classname="Tests.Feature.Playground.Lead.Resource.Http.Controllers.Playground.TeammateRouteTest" assertions="1" time="0.386208"/>
        <testcase name="test_json_show_info_for_admin" file="/app/vendor/gammamatrix/playground-test/src/Feature/Http/Controllers/Resource/Playground/ShowJsonTrait.php" line="49" class="Tests\Feature\Playground\Lead\Resource\Http\Controllers\Playground\TeammateRouteTest" classname="Tests.Feature.Playground.Lead.Resource.Http.Controllers.Playground.TeammateRouteTest" assertions="109" time="0.359217"/>
        <testcase name="test_json_guest_cannot_store" file="/app/vendor/gammamatrix/playground-test/src/Feature/Http/Controllers/Resource/Playground/StoreJsonTrait.php" line="43" class="Tests\Feature\Playground\Lead\Resource\Http\Controllers\Playground\TeammateRouteTest" classname="Tests.Feature.Playground.Lead.Resource.Http.Controllers.Playground.TeammateRouteTest" assertions="3" time="0.331233"/>
        <testcase name="test_json_store_as_admin_without_payload_and_fail_validation" file="/app/vendor/gammamatrix/playground-test/src/Feature/Http/Controllers/Resource/Playground/StoreJsonTrait.php" line="66" class="Tests\Feature\Playground\Lead\Resource\Http\Controllers\Playground\TeammateRouteTest" classname="Tests.Feature.Playground.Lead.Resource.Http.Controllers.Playground.TeammateRouteTest" assertions="5" time="0.395151"/>
        <testcase name="test_json_store_as_admin_and_succeed" file="/app/vendor/gammamatrix/playground-test/src/Feature/Http/Controllers/Resource/Playground/StoreJsonTrait.php" line="92" class="Tests\Feature\Playground\Lead\Resource\Http\Controllers\Playground\TeammateRouteTest" classname="Tests.Feature.Playground.Lead.Resource.Http.Controllers.Playground.TeammateRouteTest" assertions="3" time="0.398143"/>
        <testcase name="test_json_guest_cannot_unlock" file="/app/vendor/gammamatrix/playground-test/src/Feature/Http/Controllers/Resource/Playground/UnlockJsonTrait.php" line="36" class="Tests\Feature\Playground\Lead\Resource\Http\Controllers\Playground\TeammateRouteTest" classname="Tests.Feature.Playground.Lead.Resource.Http.Controllers.Playground.TeammateRouteTest" assertions="3" time="0.339097"/>
        <testcase name="test_json_unlock_as_admin_and_succeed" file="/app/vendor/gammamatrix/playground-test/src/Feature/Http/Controllers/Resource/Playground/UnlockJsonTrait.php" line="68" class="Tests\Feature\Playground\Lead\Resource\Http\Controllers\Playground\TeammateRouteTest" classname="Tests.Feature.Playground.Lead.Resource.Http.Controllers.Playground.TeammateRouteTest" assertions="110" time="0.405625"/>
        <testcase name="test_json_unlock_as_admin_and_succeed_with_no_redirect" file="/app/vendor/gammamatrix/playground-test/src/Feature/Http/Controllers/Resource/Playground/UnlockJsonTrait.php" line="104" class="Tests\Feature\Playground\Lead\Resource\Http\Controllers\Playground\TeammateRouteTest" classname="Tests.Feature.Playground.Lead.Resource.Http.Controllers.Playground.TeammateRouteTest" assertions="110" time="0.351455"/>
        <testcase name="test_json_unlock_as_user_and_get_denied" file="/app/vendor/gammamatrix/playground-test/src/Feature/Http/Controllers/Resource/Playground/UnlockJsonTrait.php" line="145" class="Tests\Feature\Playground\Lead\Resource\Http\Controllers\Playground\TeammateRouteTest" classname="Tests.Feature.Playground.Lead.Resource.Http.Controllers.Playground.TeammateRouteTest" assertions="3" time="0.351940"/>
        <testcase name="test_json_guest_cannot_update" file="/app/vendor/gammamatrix/playground-test/src/Feature/Http/Controllers/Resource/Playground/UpdateJsonTrait.php" line="45" class="Tests\Feature\Playground\Lead\Resource\Http\Controllers\Playground\TeammateRouteTest" classname="Tests.Feature.Playground.Lead.Resource.Http.Controllers.Playground.TeammateRouteTest" assertions="1" time="0.375539"/>
        <testcase name="test_json_update_as_admin_without_payload_and_fail_validation" file="/app/vendor/gammamatrix/playground-test/src/Feature/Http/Controllers/Resource/Playground/UpdateJsonTrait.php" line="65" class="Tests\Feature\Playground\Lead\Resource\Http\Controllers\Playground\TeammateRouteTest" classname="Tests.Feature.Playground.Lead.Resource.Http.Controllers.Playground.TeammateRouteTest" assertions="4" time="0.347301"/>
        <testcase name="test_json_admin_can_update" file="/app/vendor/gammamatrix/playground-test/src/Feature/Http/Controllers/Resource/Playground/UpdateJsonTrait.php" line="90" class="Tests\Feature\Playground\Lead\Resource\Http\Controllers\Playground\TeammateRouteTest" classname="Tests.Feature.Playground.Lead.Resource.Http.Controllers.Playground.TeammateRouteTest" assertions="112" time="0.408390"/>
      </testsuite>
    </testsuite>
  </testsuite>
</testsuites>
